timebound = 12, jump depth = 100, max expirations of random clocks = [{r: 1}, {r1: 0}, {r2: 0}], combine absorbing locations in unrolling = 47, integration bound(s) = 12, integration samples = 500000, model = WATERTANK, model case = CASE_A, LTI analysis = rectangular analysis, scheduler = goal: MAXIMIZING, scope: PROPHETIC, history: HISTORY_DEPENDENT, multithreaded = 1, disableBackwardsRefinement = 0
simulating 0 runs after 1000000 training runs with parameters:
learning rate                 0.1
discount factor               0.99
exploration rate              0.15
discretization method         UNIFORM_GRANULARITY
uniform granularity           0.25
adaptive compartments         5


[2025-09-05 11:35:44.095] [debug] not adding time variable 't' due to setting 'doNotAddTime == true'
[2025-09-05 11:35:44.095] [debug] using cli max expirations 0 for random clock r1
[2025-09-05 11:35:44.095] [debug] using cli max expirations 0 for random clock r2
[2025-09-05 11:35:44.095] [warning] no flow specified for variable c1 in location all_off - assuming flow of 0
[2025-09-05 11:35:44.095] [warning] no flow specified for variable c1 in location v2_on - assuming flow of 0
[2025-09-05 11:35:44.095] [warning] no flow specified for variable c1 in location v1_block - assuming flow of 0
[2025-09-05 11:35:44.095] [warning] no flow specified for variable c1 in location v2_block - assuming flow of 0
[2025-09-05 11:35:44.095] [warning] no flow specified for variable c1 in location v1_block_v2_on - assuming flow of 0
[2025-09-05 11:35:44.095] [warning] no flow specified for variable c1 in location block_safe - assuming flow of 0
[2025-09-05 11:35:44.095] [warning] no flow specified for variable c1 in location block_unsafe - assuming flow of 0
[2025-09-05 11:35:44.095] [warning] no flow specified for variable c2 in location all_off - assuming flow of 0
[2025-09-05 11:35:44.095] [warning] no flow specified for variable c2 in location v1_on - assuming flow of 0
[2025-09-05 11:35:44.095] [warning] no flow specified for variable c2 in location v1_block - assuming flow of 0
[2025-09-05 11:35:44.095] [warning] no flow specified for variable c2 in location v2_block - assuming flow of 0
[2025-09-05 11:35:44.095] [warning] no flow specified for variable c2 in location v2_block_v1_on - assuming flow of 0
[2025-09-05 11:35:44.095] [warning] no flow specified for variable c2 in location block_safe - assuming flow of 0
[2025-09-05 11:35:44.095] [warning] no flow specified for variable c2 in location block_unsafe - assuming flow of 0
[2025-09-05 11:35:44.095] [debug] Clock index for the created transition is: 3
[2025-09-05 11:35:44.095] [debug] Clock index for the created transition is: 3
[2025-09-05 11:35:44.095] [debug] Clock index for the created transition is: 3
[2025-09-05 11:35:44.095] [debug] Clock index for the created transition is: 3
[2025-09-05 11:35:44.095] [debug] Clock index for the created transition is: 4
[2025-09-05 11:35:44.095] [debug] Clock index for the created transition is: 4
[2025-09-05 11:35:44.095] [debug] Clock index for the created transition is: 4
[2025-09-05 11:35:44.095] [debug] Clock index for the created transition is: 4
[2025-09-05 11:35:44.095] [warning] no constraints specified for variable c1 in initial constraint number 0 - assuming [0,0]
[2025-09-05 11:35:44.095] [warning] no constraints specified for variable c2 in initial constraint number 0 - assuming [0,0]
[2025-09-05 11:35:44.095] [debug] Underlying Hybrid Automaton: initial states (1): 
all_off:  - x0 ≤ -4
x0 ≤ 4
 - x1 ≤ 0
x1 ≤ 0
 - 1·x2 ≤ 0
1·x2 ≤ 0

locations (9): 
all_off @0x55c2aefccb60 {
Flow.: 
x: [4, 4], c1: [0, 0], c2: [0, 0], 
Inv.:
x0 ≤ 16
Transitions: 
{ @0x55c2aefd3730 all_off (@0x55c2aefccb60) -->*v1_on (@0x55c2aefce010)
Guard:
 - x0 ≤ -16

Reset:
Identity
 }
{ @0x55c2aefd3b40 all_off (@0x55c2aefccb60) -->*v2_on (@0x55c2aefd0a30)
Guard:
 - x0 ≤ -16

Reset:
Identity
 }

}
v1_on @0x55c2aefce010 {
Flow.: 
x: [-2, -2], c1: [1, 1], c2: [0, 0], 
Inv.:
x1 ≤ 2
Transitions: 
{ @0x55c2aefd3eb0 v1_on (@0x55c2aefce010) --> v1_block (@0x55c2aefd1060)
Guard:
x0 ≤ 16
 - x1 ≤ -2

Reset:
Identity
]0, 0[, [0, 0], 
 }
{ @0x55c2aefd58a0 v1_on (@0x55c2aefce010) --> v1_block_v2_on (@0x55c2aefd1d50)
Guard:
 - x0 ≤ -16
 - x1 ≤ -2

Reset:
Identity
]0, 0[, [0, 0], 
 }

}
v2_on @0x55c2aefd0a30 {
Flow.: 
x: [0, 0], c1: [0, 0], c2: [1, 1], 
Inv.:
1·x2 ≤ 1
Transitions: 
{ @0x55c2aefd48f0 v2_on (@0x55c2aefd0a30) --> v2_block (@0x55c2aefd16b0)
Guard:
x0 ≤ 16
 - 1·x2 ≤ -1

Reset:
Identity
]0, 0[, ]0, 0[, [0, 0], 
 }
{ @0x55c2aefd5e30 v2_on (@0x55c2aefd0a30) --> v2_block_v1_on (@0x55c2aefd2410)
Guard:
 - x0 ≤ -16
 - 1·x2 ≤ -1

Reset:
Identity
]0, 0[, ]0, 0[, [0, 0], 
 }

}
v1_block @0x55c2aefd1060 {
Flow.: 
x: [4, 4], c1: [0, 0], c2: [0, 0], 
Inv.:
x0 ≤ 16
Transitions: 
{ @0x55c2aefd6c20 v1_block (@0x55c2aefd1060) --> v1_block_v2_on (@0x55c2aefd1d50)
Guard:
 - x0 ≤ -16

Reset:
Identity
 }
{ @0x55c2aefda0c0 v1_block (@0x55c2aefd1060) --> all_off (@0x55c2aefccb60)
Guard:

Reset:
Identity
 }

}
v2_block @0x55c2aefd16b0 {
Flow.: 
x: [4, 4], c1: [0, 0], c2: [0, 0], 
Inv.:
x0 ≤ 16
Transitions: 
{ @0x55c2aefd7000 v2_block (@0x55c2aefd16b0) --> v2_block_v1_on (@0x55c2aefd2410)
Guard:
 - x0 ≤ -16

Reset:
Identity
 }
{ @0x55c2aefda800 v2_block (@0x55c2aefd16b0) --> all_off (@0x55c2aefccb60)
Guard:

Reset:
Identity
 }

}
v1_block_v2_on @0x55c2aefd1d50 {
Flow.: 
x: [0, 0], c1: [0, 0], c2: [1, 1], 
Inv.:
1·x2 ≤ 1
Transitions: 
{ @0x55c2aefd73b0 v1_block_v2_on (@0x55c2aefd1d50) --> block_safe (@0x55c2aefd2b00)
Guard:
x0 ≤ 16
 - 1·x2 ≤ -1

Reset:
Identity
]0, 0[, ]0, 0[, [0, 0], 
 }
{ @0x55c2aefd88d0 v1_block_v2_on (@0x55c2aefd1d50) --> block_unsafe (@0x55c2aefd31f0)
Guard:
 - x0 ≤ -16
 - 1·x2 ≤ -1

Reset:
Identity
]0, 0[, ]0, 0[, [0, 0], 
 }
{ @0x55c2aefda260 v1_block_v2_on (@0x55c2aefd1d50) --> v2_on (@0x55c2aefd0a30)
Guard:

Reset:
Identity
 }

}
v2_block_v1_on @0x55c2aefd2410 {
Flow.: 
x: [-2, -2], c1: [1, 1], c2: [0, 0], 
Inv.:
x1 ≤ 2
Transitions: 
{ @0x55c2aefd8320 v2_block_v1_on (@0x55c2aefd2410) --> block_safe (@0x55c2aefd2b00)
Guard:
x0 ≤ 16
 - x1 ≤ -2

Reset:
Identity
]0, 0[, [0, 0], 
 }
{ @0x55c2aefd96c0 v2_block_v1_on (@0x55c2aefd2410) --> block_unsafe (@0x55c2aefd31f0)
Guard:
 - x0 ≤ -16
 - x1 ≤ -2

Reset:
Identity
]0, 0[, [0, 0], 
 }
{ @0x55c2aefda9e0 v2_block_v1_on (@0x55c2aefd2410) --> v1_on (@0x55c2aefce010)
Guard:

Reset:
Identity
 }

}
block_safe @0x55c2aefd2b00 {
Flow.: 
x: [4, 4], c1: [0, 0], c2: [0, 0], 
Inv.:
x0 ≤ 16
Transitions: 
{ @0x55c2aefd9c50 block_safe (@0x55c2aefd2b00) --> block_unsafe (@0x55c2aefd31f0)
Guard:
 - x0 ≤ -16

Reset:
Identity
 }
{ @0x55c2aefda440 block_safe (@0x55c2aefd2b00) --> v2_block (@0x55c2aefd16b0)
Guard:

Reset:
Identity
 }
{ @0x55c2aefdabc0 block_safe (@0x55c2aefd2b00) --> v1_block (@0x55c2aefd1060)
Guard:

Reset:
Identity
 }

}
block_unsafe @0x55c2aefd31f0 {
Flow.: 
x: [4, 4], c1: [0, 0], c2: [0, 0], 
Inv.:
Transitions: 
{ @0x55c2aefda620 block_unsafe (@0x55c2aefd31f0) --> v2_block_v1_on (@0x55c2aefd2410)
Guard:

Reset:
Identity
 }
{ @0x55c2aefdadd0 block_unsafe (@0x55c2aefd31f0) --> v1_block_v2_on (@0x55c2aefd1d50)
Guard:

Reset:
Identity
 }

}
local bad states (0): 

[2025-09-05 11:35:44.095] [debug] Stochasticity Cache:
[2025-09-05 11:35:44.095] [debug] v1_block -> all_off is stochastic transition with random event r3(STOCHASTIC) (index 3)
[2025-09-05 11:35:44.095] [debug] v1_block_v2_on -> v2_on is stochastic transition with random event r3(STOCHASTIC) (index 3)
[2025-09-05 11:35:44.095] [debug] block_safe -> v2_block is stochastic transition with random event r3(STOCHASTIC) (index 3)
[2025-09-05 11:35:44.095] [debug] block_unsafe -> v2_block_v1_on is stochastic transition with random event r3(STOCHASTIC) (index 3)
[2025-09-05 11:35:44.095] [debug] v2_block -> all_off is stochastic transition with random event r4(STOCHASTIC) (index 4)
[2025-09-05 11:35:44.095] [debug] v2_block_v1_on -> v1_on is stochastic transition with random event r4(STOCHASTIC) (index 4)
[2025-09-05 11:35:44.095] [debug] block_safe -> v1_block is stochastic transition with random event r4(STOCHASTIC) (index 4)
[2025-09-05 11:35:44.095] [debug] block_unsafe -> v1_block_v2_on is stochastic transition with random event r4(STOCHASTIC) (index 4)
[2025-09-05 11:35:44.095] [debug] Specification: ( goal location: block_unsafe, constraints:  - x0 ≤ -18
 )
[2025-09-05 11:35:44.095] [info] 1 Model creation: 0
[2025-09-05 11:35:44.095] [info] 2.0 Creating Unified Datastructure from SAC: 0
[2025-09-05 11:35:48.122] [info] runs 8604 | prob 0.846931659693166 | low 0.8369325224723889 | high 0.856930796913943
[2025-09-05 11:35:48.160] [debug] RESULT:
training_time, simulation_time, prob, low, high, runs, scheduler_variant, success_path_count, failure_path_count
3742, 29, 0.846931659693166, 0.8369325224723889, 0.856930796913943, 8604, 0
# timestamp 05.09.2025 11:35:44 (1757064944), datastructure sac
# timebound 12, expirations {"r": 1, "r1": 0, "r2": 0}
# alpha 0.1, gamma 0.99
# discretization method UNIFORM_GRANULARITY, adaptive compartments 5, uniform granularity 0.25
# scheduler goal: MAXIMIZING, scope: PROPHETIC, history: MEMORYLESS
# training runs 1000000

[2025-09-05 11:35:48.210] [info] 2.1 Simulating on SAC: 4114
[2025-09-05 11:35:48.210] [info] Analysis finished; the goal is not reachable.
[2025-09-05 11:35:48.210] [info] Probability: 0.0
[2025-09-05 11:35:48.210] [info] 2 Analysis: 4114
[2025-09-05 11:35:48.210] [info] 0 Computation Time Complete: 4115
[2025-09-05 11:35:48.210] [info] Counters and timers:
Counters:

Timers:
0 Computation Time Complete: 4115
1 Model creation: 0
2 Analysis: 4114
2.0 Creating Unified Datastructure from SAC: 0
2.1 Simulating on SAC: 4114

