timebound = 10, jump depth = 100, max expirations of random clocks = [{r1: 0}, {r2: 0}], combine absorbing locations in unrolling = 56, integration bound(s) = 10, integration samples = 500000, model = WATERTANK, model case = CASE_A, LTI analysis = rectangular analysis, scheduler = goal: MAXIMIZING, scope: SEMIPROPHETIC, history: HISTORY_DEPENDENT, multithreaded = 1, disableBackwardsRefinement = 0
simulating 0 runs after 5000 training runs with parameters:
learning rate                 0.1
discount factor               1
exploration rate              0.15
uniform granularity           1
adaptive compartments         5


[2025-10-02 22:55:48.783] [warning] no flow specified for variable c1 in location all_off - assuming flow of 0
[2025-10-02 22:55:48.783] [warning] no flow specified for variable c1 in location v2_on - assuming flow of 0
[2025-10-02 22:55:48.783] [warning] no flow specified for variable c1 in location v1_block - assuming flow of 0
[2025-10-02 22:55:48.783] [warning] no flow specified for variable c1 in location v2_block - assuming flow of 0
[2025-10-02 22:55:48.783] [warning] no flow specified for variable c1 in location v1_block_v2_on - assuming flow of 0
[2025-10-02 22:55:48.783] [warning] no flow specified for variable c1 in location block_safe - assuming flow of 0
[2025-10-02 22:55:48.783] [warning] no flow specified for variable c1 in location block_unsafe - assuming flow of 0
[2025-10-02 22:55:48.783] [warning] no flow specified for variable c2 in location all_off - assuming flow of 0
[2025-10-02 22:55:48.783] [warning] no flow specified for variable c2 in location v1_on - assuming flow of 0
[2025-10-02 22:55:48.783] [warning] no flow specified for variable c2 in location v1_block - assuming flow of 0
[2025-10-02 22:55:48.783] [warning] no flow specified for variable c2 in location v2_block - assuming flow of 0
[2025-10-02 22:55:48.783] [warning] no flow specified for variable c2 in location v2_block_v1_on - assuming flow of 0
[2025-10-02 22:55:48.783] [warning] no flow specified for variable c2 in location block_safe - assuming flow of 0
[2025-10-02 22:55:48.783] [warning] no flow specified for variable c2 in location block_unsafe - assuming flow of 0
[2025-10-02 22:55:48.783] [warning] no constraints specified for variable c1 in initial constraint number 0 - assuming [0,0]
[2025-10-02 22:55:48.783] [warning] no constraints specified for variable c2 in initial constraint number 0 - assuming [0,0]
[2025-10-02 22:55:48.783] [info] 1 Model creation: 0
[2025-10-02 22:55:48.783] [info] 2.0 Creating Unified Datastructure from SAC: 0
[2025-10-02 22:55:48.832] [info] runs 15218 | prob 0.6437771060586148 | low 0.6337772039938554 | high 0.6537770081233742
[2025-10-02 22:55:48.882] [info] runs 15212 | prob 0.6440967657112806 | low 0.6340968986419535 | high 0.6540966327806077
[2025-10-02 22:55:48.931] [info] runs 15065 | prob 0.6515765018254231 | low 0.6415765544182337 | high 0.6615764492326126
[2025-10-02 22:55:48.980] [info] runs 15211 | prob 0.6441391098547105 | low 0.6341391803068589 | high 0.654139039402562
[2025-10-02 22:55:49.030] [info] runs 15206 | prob 0.6444166776272524 | low 0.6344168516301731 | high 0.6544165036243317
[2025-10-02 22:55:49.079] [info] runs 15128 | prob 0.6484664198836594 | low 0.6384668284662727 | high 0.6584660113010461
[2025-10-02 22:55:49.129] [info] runs 15183 | prob 0.6456563261542515 | low 0.6356567841326071 | high 0.6556558681758959
[2025-10-02 22:55:49.178] [info] runs 15082 | prob 0.6507757591831322 | low 0.6407761214847361 | high 0.6607753968815284
[2025-10-02 22:55:49.227] [info] runs 16338 | prob 0.5616354510956053 | low 0.5516356495330237 | high 0.5716352526581869
[2025-10-02 22:55:49.276] [info] runs 15036 | prob 0.6530327214684757 | low 0.64303291876353 | high 0.6630325241734214
[2025-10-02 22:55:49.325] [info] runs 15137 | prob 0.6480147981766532 | low 0.6380152444619082 | high 0.6580143518913982
[2025-10-02 22:55:49.375] [info] runs 15202 | prob 0.6446520194711223 | low 0.634652362684764 | high 0.6546516762574806
[2025-10-02 22:55:49.423] [info] runs 16335 | prob 0.5620446893174166 | low 0.5520449975810774 | high 0.5720443810537558
[2025-10-02 22:55:49.471] [info] runs 16236 | prob 0.573109140182311 | low 0.5631095216471431 | high 0.5831087587174788
[2025-10-02 22:55:49.521] [info] runs 15318 | prob 0.6384645515080297 | low 0.6284648125255654 | high 0.648464290490494
[2025-10-02 22:55:49.571] [info] runs 15186 | prob 0.6454629263795602 | low 0.6354631418975631 | high 0.6554627108615572
[2025-10-02 22:55:49.620] [info] runs 15179 | prob 0.6458264707820014 | low 0.635826695314258 | high 0.6558262462497448
[2025-10-02 22:55:49.670] [info] runs 15223 | prob 0.6435656572291927 | low 0.6335660731513121 | high 0.6535652413070733
[2025-10-02 22:55:49.720] [info] runs 15307 | prob 0.639054027569086 | low 0.6290542415734435 | high 0.6490538135647286
[2025-10-02 22:55:49.769] [info] runs 15177 | prob 0.6459115767279436 | low 0.6359116851822684 | high 0.6559114682736189
[2025-10-02 22:55:49.818] [info] runs 16326 | prob 0.5631508024010781 | low 0.5531511687954872 | high 0.5731504360066689
[2025-10-02 22:55:49.868] [info] runs 15242 | prob 0.6425665923107203 | low 0.6325670177723001 | high 0.6525661668491406
[2025-10-02 22:55:49.916] [info] runs 16276 | prob 0.5687515360039321 | low 0.5587516030092412 | high 0.5787514689986231
[2025-10-02 22:55:49.965] [info] runs 15132 | prob 0.6482289188474756 | low 0.6382291039710685 | high 0.6582287337238827
[2025-10-02 22:55:50.014] [info] runs 16339 | prob 0.5614786706652793 | low 0.5514787831507101 | high 0.5714785581798486
[2025-10-02 22:55:50.014] [info] RESULT:
training_time, simulation_time, prob, low, high, runs
13, 35, 0.6437771060586148, 0.6337772039938554, 0.6537770081233742, 15218
13, 35, 0.6440967657112806, 0.6340968986419535, 0.6540966327806077, 15212
13, 35, 0.6515765018254231, 0.6415765544182337, 0.6615764492326126, 15065
13, 35, 0.6441391098547105, 0.6341391803068589, 0.654139039402562, 15211
13, 35, 0.6444166776272524, 0.6344168516301731, 0.6544165036243317, 15206
13, 35, 0.6484664198836594, 0.6384668284662727, 0.6584660113010461, 15128
13, 35, 0.6456563261542515, 0.6356567841326071, 0.6556558681758959, 15183
13, 35, 0.6507757591831322, 0.6407761214847361, 0.6607753968815284, 15082
13, 34, 0.5616354510956053, 0.5516356495330237, 0.5716352526581869, 16338
14, 35, 0.6530327214684757, 0.64303291876353, 0.6630325241734214, 15036
13, 35, 0.6480147981766532, 0.6380152444619082, 0.6580143518913982, 15137
13, 35, 0.6446520194711223, 0.634652362684764, 0.6546516762574806, 15202
13, 34, 0.5620446893174166, 0.5520449975810774, 0.5720443810537558, 16335
13, 34, 0.573109140182311, 0.5631095216471431, 0.5831087587174788, 16236
13, 35, 0.6384645515080297, 0.6284648125255654, 0.648464290490494, 15318
13, 35, 0.6454629263795602, 0.6354631418975631, 0.6554627108615572, 15186
13, 35, 0.6458264707820014, 0.635826695314258, 0.6558262462497448, 15179
13, 35, 0.6435656572291927, 0.6335660731513121, 0.6535652413070733, 15223
14, 35, 0.639054027569086, 0.6290542415734435, 0.6490538135647286, 15307
13, 35, 0.6459115767279436, 0.6359116851822684, 0.6559114682736189, 15177
13, 34, 0.5631508024010781, 0.5531511687954872, 0.5731504360066689, 16326
13, 35, 0.6425665923107203, 0.6325670177723001, 0.6525661668491406, 15242
13, 34, 0.5687515360039321, 0.5587516030092412, 0.5787514689986231, 16276
13, 35, 0.6482289188474756, 0.6382291039710685, 0.6582287337238827, 15132
13, 34, 0.5614786706652793, 0.5514787831507101, 0.5714785581798486, 16339
# timestamp 02.10.2025 22:55:48 (1759438548), datastructure SAC
# timebound 10, expirations {"r1": 0, "r2": 0}
# alpha 0.1, gamma 1
# fixed points 5, uniform granularity 1
# scheduler goal: MAXIMIZING, scope: NONPROPHETIC, history: DISCRETE_HISTORY
# training runs 5000

[2025-10-02 22:55:50.061] [info] runs 15229 | prob 0.6432464377175127 | low 0.6332468287022245 | high 0.6532460467328008
[2025-10-02 22:55:50.106] [info] runs 15218 | prob 0.6437771060586148 | low 0.6337772039938554 | high 0.6537770081233742
[2025-10-02 22:55:50.153] [info] runs 15374 | prob 0.6353583972941329 | low 0.6253585143622055 | high 0.6453582802260603
[2025-10-02 22:55:50.199] [info] runs 15223 | prob 0.6434999671549629 | low 0.6334999720678712 | high 0.6534999622420546
[2025-10-02 22:55:50.245] [info] runs 15305 | prob 0.6392028748774911 | low 0.6292033334106312 | high 0.6492024163443509
[2025-10-02 22:55:50.291] [info] runs 15228 | prob 0.6432886787496717 | low 0.6332890051280263 | high 0.653288352371317
[2025-10-02 22:55:50.337] [info] runs 15245 | prob 0.6423745490324697 | low 0.6323747673964328 | high 0.6523743306685066
[2025-10-02 22:55:50.383] [info] runs 15196 | prob 0.6449723611476704 | low 0.6349727560223776 | high 0.6549719662729633
[2025-10-02 22:55:50.429] [info] runs 15104 | prob 0.6496292372881356 | low 0.6396293160182368 | high 0.6596291585580344
[2025-10-02 22:55:50.475] [info] runs 15146 | prob 0.6474976891588539 | low 0.6374977587419538 | high 0.6574976195757539
[2025-10-02 22:55:50.521] [info] runs 15074 | prob 0.6511211357303968 | low 0.6411211396526457 | high 0.6611211318081478
[2025-10-02 22:55:50.567] [info] runs 15148 | prob 0.6474121996303143 | low 0.6374123771431015 | high 0.657412022117527
[2025-10-02 22:55:50.613] [info] runs 15308 | prob 0.6390122811601777 | low 0.6290125701789696 | high 0.6490119921413858
[2025-10-02 22:55:50.660] [info] runs 15216 | prob 0.6439274447949527 | low 0.6339278286928414 | high 0.653927060897064
[2025-10-02 22:55:50.705] [info] runs 15174 | prob 0.6461051799130091 | low 0.6361055360420813 | high 0.6561048237839369
[2025-10-02 22:55:50.751] [info] runs 15221 | prob 0.6436502200906642 | low 0.6336505085035736 | high 0.6536499316777548
[2025-10-02 22:55:50.797] [info] runs 15060 | prob 0.651859229747676 | low 0.6418595123803629 | high 0.661858947114989
[2025-10-02 22:55:50.842] [info] runs 15091 | prob 0.6503213836061229 | low 0.640321719687174 | high 0.6603210475250718
[2025-10-02 22:55:50.888] [info] runs 15189 | prob 0.6453354401211403 | low 0.6353358333399272 | high 0.6553350469023534
[2025-10-02 22:55:50.934] [info] runs 15157 | prob 0.6469617998284621 | low 0.6369620438370456 | high 0.6569615558198787
[2025-10-02 22:55:50.980] [info] runs 15127 | prob 0.6485092880280293 | low 0.6385096453324581 | high 0.6585089307236005
[2025-10-02 22:55:51.026] [info] runs 15242 | prob 0.6425009841228185 | low 0.6325010024523712 | high 0.6525009657932659
[2025-10-02 22:55:51.072] [info] runs 15116 | prob 0.6490473670283143 | low 0.6390476003742731 | high 0.6590471336823556
[2025-10-02 22:55:51.118] [info] runs 15261 | prob 0.6415044885656248 | low 0.6315045789773354 | high 0.6515043981539143
[2025-10-02 22:55:51.164] [info] runs 15230 | prob 0.643204202232436 | low 0.6332046579277971 | high 0.6532037465370749
[2025-10-02 22:55:51.164] [info] RESULT:
training_time, simulation_time, prob, low, high, runs
12, 33, 0.6432464377175127, 0.6332468287022245, 0.6532460467328008, 15229
12, 33, 0.6437771060586148, 0.6337772039938554, 0.6537770081233742, 15218
12, 33, 0.6353583972941329, 0.6253585143622055, 0.6453582802260603, 15374
12, 33, 0.6434999671549629, 0.6334999720678712, 0.6534999622420546, 15223
12, 33, 0.6392028748774911, 0.6292033334106312, 0.6492024163443509, 15305
12, 33, 0.6432886787496717, 0.6332890051280263, 0.653288352371317, 15228
12, 33, 0.6423745490324697, 0.6323747673964328, 0.6523743306685066, 15245
12, 33, 0.6449723611476704, 0.6349727560223776, 0.6549719662729633, 15196
12, 32, 0.6496292372881356, 0.6396293160182368, 0.6596291585580344, 15104
12, 33, 0.6474976891588539, 0.6374977587419538, 0.6574976195757539, 15146
12, 32, 0.6511211357303968, 0.6411211396526457, 0.6611211318081478, 15074
12, 33, 0.6474121996303143, 0.6374123771431015, 0.657412022117527, 15148
12, 34, 0.6390122811601777, 0.6290125701789696, 0.6490119921413858, 15308
12, 33, 0.6439274447949527, 0.6339278286928414, 0.653927060897064, 15216
12, 33, 0.6461051799130091, 0.6361055360420813, 0.6561048237839369, 15174
12, 33, 0.6436502200906642, 0.6336505085035736, 0.6536499316777548, 15221
12, 32, 0.651859229747676, 0.6418595123803629, 0.661858947114989, 15060
12, 33, 0.6503213836061229, 0.640321719687174, 0.6603210475250718, 15091
12, 33, 0.6453354401211403, 0.6353358333399272, 0.6553350469023534, 15189
12, 33, 0.6469617998284621, 0.6369620438370456, 0.6569615558198787, 15157
12, 32, 0.6485092880280293, 0.6385096453324581, 0.6585089307236005, 15127
12, 33, 0.6425009841228185, 0.6325010024523712, 0.6525009657932659, 15242
12, 33, 0.6490473670283143, 0.6390476003742731, 0.6590471336823556, 15116
12, 33, 0.6415044885656248, 0.6315045789773354, 0.6515043981539143, 15261
12, 33, 0.643204202232436, 0.6332046579277971, 0.6532037465370749, 15230
# timestamp 02.10.2025 22:55:48 (1759438548), datastructure SAC
# timebound 10, expirations {"r1": 0, "r2": 0}
# alpha 0.1, gamma 1
# fixed points 5, uniform granularity 1
# scheduler goal: MAXIMIZING, scope: NONPROPHETIC, history: MEMORYLESS
# training runs 5000

[2025-10-02 22:55:51.164] [info] 2.1 Simulating on SAC: 2381
[2025-10-02 22:55:51.164] [info] Analysis finished; the goal is not reachable.
[2025-10-02 22:55:51.164] [info] Probability: 0.0
[2025-10-02 22:55:51.164] [info] 2 Analysis: 2381
[2025-10-02 22:55:51.164] [info] 0 Computation Time Complete: 2381
[2025-10-02 22:55:51.164] [info] Counters and timers:
Counters:

Timers:
0 Computation Time Complete: 2381
1 Model creation: 0
2 Analysis: 2381
2.0 Creating Unified Datastructure from SAC: 0
2.1 Simulating on SAC: 2381

timebound = 10, jump depth = 100, max expirations of random clocks = [{r1: 0}, {r2: 0}], combine absorbing locations in unrolling = 245, integration bound(s) = 10, integration samples = 500000, model = WATERTANK, model case = CASE_A, LTI analysis = rectangular analysis, scheduler = goal: MAXIMIZING, scope: SEMIPROPHETIC, history: HISTORY_DEPENDENT, multithreaded = 1, disableBackwardsRefinement = 0
simulating 0 runs after 20000 training runs with parameters:
learning rate                 0.1
discount factor               1
exploration rate              0.15
uniform granularity           0.5
adaptive compartments         5


[2025-10-02 22:55:51.175] [warning] no flow specified for variable c1 in location all_off - assuming flow of 0
[2025-10-02 22:55:51.175] [warning] no flow specified for variable c1 in location v2_on - assuming flow of 0
[2025-10-02 22:55:51.175] [warning] no flow specified for variable c1 in location v1_block - assuming flow of 0
[2025-10-02 22:55:51.175] [warning] no flow specified for variable c1 in location v2_block - assuming flow of 0
[2025-10-02 22:55:51.175] [warning] no flow specified for variable c1 in location v1_block_v2_on - assuming flow of 0
[2025-10-02 22:55:51.175] [warning] no flow specified for variable c1 in location block_safe - assuming flow of 0
[2025-10-02 22:55:51.175] [warning] no flow specified for variable c1 in location block_unsafe - assuming flow of 0
[2025-10-02 22:55:51.175] [warning] no flow specified for variable c2 in location all_off - assuming flow of 0
[2025-10-02 22:55:51.175] [warning] no flow specified for variable c2 in location v1_on - assuming flow of 0
[2025-10-02 22:55:51.175] [warning] no flow specified for variable c2 in location v1_block - assuming flow of 0
[2025-10-02 22:55:51.175] [warning] no flow specified for variable c2 in location v2_block - assuming flow of 0
[2025-10-02 22:55:51.175] [warning] no flow specified for variable c2 in location v2_block_v1_on - assuming flow of 0
[2025-10-02 22:55:51.175] [warning] no flow specified for variable c2 in location block_safe - assuming flow of 0
[2025-10-02 22:55:51.175] [warning] no flow specified for variable c2 in location block_unsafe - assuming flow of 0
[2025-10-02 22:55:51.175] [warning] no constraints specified for variable c1 in initial constraint number 0 - assuming [0,0]
[2025-10-02 22:55:51.175] [warning] no constraints specified for variable c2 in initial constraint number 0 - assuming [0,0]
[2025-10-02 22:55:51.175] [info] 1 Model creation: 0
[2025-10-02 22:55:51.175] [info] 2.0 Creating Unified Datastructure from SAC: 0
[2025-10-02 22:55:51.282] [info] runs 15122 | prob 0.6487237137944716 | low 0.6387238163748383 | high 0.6587236112141048
[2025-10-02 22:55:51.387] [info] runs 14981 | prob 0.6556972164742007 | low 0.6456972764888985 | high 0.6656971564595028
[2025-10-02 22:55:51.491] [info] runs 15103 | prob 0.6496722505462491 | low 0.6396722810409832 | high 0.659672220051515
[2025-10-02 22:55:51.595] [info] runs 15111 | prob 0.6493283038845874 | low 0.6393287234103358 | high 0.659327884358839
[2025-10-02 22:55:51.700] [info] runs 15182 | prob 0.6456988539059413 | low 0.6356992533616367 | high 0.6556984544502459
[2025-10-02 22:55:51.804] [info] runs 14958 | prob 0.656839149618933 | low 0.6468394379672591 | high 0.6668388612706069
[2025-10-02 22:55:51.907] [info] runs 15052 | prob 0.6522721233058729 | low 0.6422725166429945 | high 0.6622717299687514
[2025-10-02 22:55:52.011] [info] runs 15061 | prob 0.6518159484761968 | low 0.6418162735289089 | high 0.6618156234234848
[2025-10-02 22:55:52.115] [info] runs 15030 | prob 0.6533599467731205 | low 0.6433603613829488 | high 0.6633595321632921
[2025-10-02 22:55:52.220] [info] runs 15102 | prob 0.6497814858959078 | low 0.6397819039739543 | high 0.6597810678178613
[2025-10-02 22:55:52.324] [info] runs 15165 | prob 0.6465545664358721 | low 0.6365548328283855 | high 0.6565543000433586
[2025-10-02 22:55:52.429] [info] runs 15163 | prob 0.6466398469959771 | low 0.6366400010408277 | high 0.6566396929511265
[2025-10-02 22:55:52.532] [info] runs 15001 | prob 0.6547563495766949 | low 0.6447566152336821 | high 0.6647560839197078
[2025-10-02 22:55:52.636] [info] runs 15097 | prob 0.6499966880837252 | low 0.6399968681440746 | high 0.6599965080233758
[2025-10-02 22:55:52.740] [info] runs 15129 | prob 0.6484235574063058 | low 0.6384240173780886 | high 0.6584230974345229
[2025-10-02 22:55:52.845] [info] runs 15103 | prob 0.6496722505462491 | low 0.6396722810409832 | high 0.659672220051515
[2025-10-02 22:55:52.950] [info] runs 15208 | prob 0.6443319305628616 | low 0.6343322282261171 | high 0.6543316328996062
[2025-10-02 22:55:53.054] [info] runs 15121 | prob 0.6487666159645527 | low 0.6387666679338966 | high 0.6587665639952087
[2025-10-02 22:55:53.158] [info] runs 15104 | prob 0.6496292372881356 | low 0.6396293160182368 | high 0.6596291585580344
[2025-10-02 22:55:53.262] [info] runs 15020 | prob 0.6537949400798935 | low 0.6437949774877032 | high 0.6637949026720837
[2025-10-02 22:55:53.366] [info] runs 15091 | prob 0.6503213836061229 | low 0.640321719687174 | high 0.6603210475250718
[2025-10-02 22:55:53.472] [info] runs 15209 | prob 0.6442895653889145 | low 0.6342899250408487 | high 0.6542892057369802
[2025-10-02 22:55:53.577] [info] runs 15119 | prob 0.6489185792711158 | low 0.6389189625730932 | high 0.6589181959691385
[2025-10-02 22:55:53.680] [info] runs 14923 | prob 0.658513703678885 | low 0.6485140067428904 | high 0.6685134006148795
[2025-10-02 22:55:53.784] [info] runs 15038 | prob 0.6529458704614975 | low 0.6429461463903947 | high 0.6629455945326004
[2025-10-02 22:55:53.786] [info] RESULT:
training_time, simulation_time, prob, low, high, runs
68, 38, 0.6487237137944716, 0.6387238163748383, 0.6587236112141048, 15122
65, 37, 0.6556972164742007, 0.6456972764888985, 0.6656971564595028, 14981
64, 38, 0.6496722505462491, 0.6396722810409832, 0.659672220051515, 15103
64, 37, 0.6493283038845874, 0.6393287234103358, 0.659327884358839, 15111
64, 38, 0.6456988539059413, 0.6356992533616367, 0.6556984544502459, 15182
64, 37, 0.656839149618933, 0.6468394379672591, 0.6668388612706069, 14958
64, 37, 0.6522721233058729, 0.6422725166429945, 0.6622717299687514, 15052
64, 37, 0.6518159484761968, 0.6418162735289089, 0.6618156234234848, 15061
64, 37, 0.6533599467731205, 0.6433603613829488, 0.6633595321632921, 15030
64, 37, 0.6497814858959078, 0.6397819039739543, 0.6597810678178613, 15102
64, 37, 0.6465545664358721, 0.6365548328283855, 0.6565543000433586, 15165
64, 38, 0.6466398469959771, 0.6366400010408277, 0.6566396929511265, 15163
64, 37, 0.6547563495766949, 0.6447566152336821, 0.6647560839197078, 15001
64, 37, 0.6499966880837252, 0.6399968681440746, 0.6599965080233758, 15097
64, 37, 0.6484235574063058, 0.6384240173780886, 0.6584230974345229, 15129
64, 38, 0.6496722505462491, 0.6396722810409832, 0.659672220051515, 15103
64, 38, 0.6443319305628616, 0.6343322282261171, 0.6543316328996062, 15208
64, 37, 0.6487666159645527, 0.6387666679338966, 0.6587665639952087, 15121
65, 38, 0.6496292372881356, 0.6396293160182368, 0.6596291585580344, 15104
65, 37, 0.6537949400798935, 0.6437949774877032, 0.6637949026720837, 15020
64, 37, 0.6503213836061229, 0.640321719687174, 0.6603210475250718, 15091
65, 38, 0.6442895653889145, 0.6342899250408487, 0.6542892057369802, 15209
64, 38, 0.6489185792711158, 0.6389189625730932, 0.6589181959691385, 15119
64, 37, 0.658513703678885, 0.6485140067428904, 0.6685134006148795, 14923
64, 37, 0.6529458704614975, 0.6429461463903947, 0.6629455945326004, 15038
# timestamp 02.10.2025 22:55:51 (1759438551), datastructure SAC
# timebound 10, expirations {"r1": 0, "r2": 0}
# alpha 0.1, gamma 1
# fixed points 5, uniform granularity 0.5
# scheduler goal: MAXIMIZING, scope: SEMIPROPHETIC, history: MEMORYLESS
# training runs 20000

[2025-10-02 22:55:53.786] [info] 2.1 Simulating on SAC: 2610
[2025-10-02 22:55:53.786] [info] Analysis finished; the goal is not reachable.
[2025-10-02 22:55:53.786] [info] Probability: 0.0
[2025-10-02 22:55:53.786] [info] 2 Analysis: 2611
[2025-10-02 22:55:53.786] [info] 0 Computation Time Complete: 2611
[2025-10-02 22:55:53.786] [info] Counters and timers:
Counters:

Timers:
0 Computation Time Complete: 2611
1 Model creation: 0
2 Analysis: 2611
2.0 Creating Unified Datastructure from SAC: 0
2.1 Simulating on SAC: 2610

timebound = 10, jump depth = 100, max expirations of random clocks = [{r1: 0}, {r2: 0}], combine absorbing locations in unrolling = 217, integration bound(s) = 10, integration samples = 500000, model = WATERTANK, model case = CASE_A, LTI analysis = rectangular analysis, scheduler = goal: MAXIMIZING, scope: SEMIPROPHETIC, history: HISTORY_DEPENDENT, multithreaded = 1, disableBackwardsRefinement = 0
simulating 0 runs after 1000000 training runs with parameters:
learning rate                 0.1
discount factor               1
exploration rate              0.15
uniform granularity           0.5
adaptive compartments         5


[2025-10-02 22:55:53.795] [warning] no flow specified for variable c1 in location all_off - assuming flow of 0
[2025-10-02 22:55:53.795] [warning] no flow specified for variable c1 in location v2_on - assuming flow of 0
[2025-10-02 22:55:53.795] [warning] no flow specified for variable c1 in location v1_block - assuming flow of 0
[2025-10-02 22:55:53.795] [warning] no flow specified for variable c1 in location v2_block - assuming flow of 0
[2025-10-02 22:55:53.795] [warning] no flow specified for variable c1 in location v1_block_v2_on - assuming flow of 0
[2025-10-02 22:55:53.795] [warning] no flow specified for variable c1 in location block_safe - assuming flow of 0
[2025-10-02 22:55:53.795] [warning] no flow specified for variable c1 in location block_unsafe - assuming flow of 0
[2025-10-02 22:55:53.795] [warning] no flow specified for variable c2 in location all_off - assuming flow of 0
[2025-10-02 22:55:53.795] [warning] no flow specified for variable c2 in location v1_on - assuming flow of 0
[2025-10-02 22:55:53.795] [warning] no flow specified for variable c2 in location v1_block - assuming flow of 0
[2025-10-02 22:55:53.795] [warning] no flow specified for variable c2 in location v2_block - assuming flow of 0
[2025-10-02 22:55:53.795] [warning] no flow specified for variable c2 in location v2_block_v1_on - assuming flow of 0
[2025-10-02 22:55:53.795] [warning] no flow specified for variable c2 in location block_safe - assuming flow of 0
[2025-10-02 22:55:53.795] [warning] no flow specified for variable c2 in location block_unsafe - assuming flow of 0
[2025-10-02 22:55:53.795] [warning] no constraints specified for variable c1 in initial constraint number 0 - assuming [0,0]
[2025-10-02 22:55:53.795] [warning] no constraints specified for variable c2 in initial constraint number 0 - assuming [0,0]
[2025-10-02 22:55:53.795] [info] 1 Model creation: 0
[2025-10-02 22:55:53.795] [info] 2.0 Creating Unified Datastructure from SAC: 0
[2025-10-02 22:55:57.574] [info] runs 14994 | prob 0.6551287181539283 | low 0.6451292030704583 | high 0.6651282332373982
[2025-10-02 22:56:01.451] [info] runs 15124 | prob 0.6486379264744776 | low 0.6386381306108585 | high 0.6586377223380967
[2025-10-02 22:56:05.277] [info] runs 15106 | prob 0.6495432278564809 | low 0.639543403394912 | high 0.6595430523180498
[2025-10-02 22:56:09.093] [info] runs 15031 | prob 0.6532499501031203 | low 0.6432499528657462 | high 0.6632499473404944
[2025-10-02 22:56:12.922] [info] runs 14965 | prob 0.6564650851987972 | low 0.646465113848544 | high 0.6664650565490504
[2025-10-02 22:56:16.765] [info] runs 15064 | prob 0.651619755708975 | low 0.64161976523665 | high 0.6616197461813
[2025-10-02 22:56:20.574] [info] runs 15056 | prob 0.6520324123273114 | low 0.642032526436232 | high 0.6620322982183907
[2025-10-02 22:56:24.399] [info] runs 15153 | prob 0.6471985745396951 | low 0.6371990237938878 | high 0.6571981252855024
[2025-10-02 22:56:28.224] [info] runs 15007 | prob 0.6544279336309722 | low 0.6444279532808088 | high 0.6644279139811355
[2025-10-02 22:56:32.062] [info] runs 15005 | prob 0.6545818060646451 | low 0.6445822106583307 | high 0.6645814014709596
[2025-10-02 22:56:35.912] [info] runs 15034 | prob 0.6531195955833444 | low 0.6431197147133733 | high 0.6631194764533156
[2025-10-02 22:56:39.737] [info] runs 15045 | prob 0.652575606513792 | low 0.6425757139402205 | high 0.6625754990873635
[2025-10-02 22:56:43.561] [info] runs 15188 | prob 0.6453779299446932 | low 0.6353782638228876 | high 0.6553775960664988
[2025-10-02 22:56:47.403] [info] runs 15064 | prob 0.651619755708975 | low 0.64161976523665 | high 0.6616197461813
[2025-10-02 22:56:51.225] [info] runs 15118 | prob 0.6489615028442915 | low 0.6389618360492636 | high 0.6589611696393195
[2025-10-02 22:56:55.048] [info] runs 14942 | prob 0.6576094231026637 | low 0.6476097360563642 | high 0.6676091101489632
[2025-10-02 22:56:58.870] [info] runs 15116 | prob 0.6490473670283143 | low 0.6390476003742731 | high 0.6590471336823556
[2025-10-02 22:57:02.694] [info] runs 15054 | prob 0.6521190381294009 | low 0.6421190686711093 | high 0.6621190075876924
[2025-10-02 22:57:06.511] [info] runs 14994 | prob 0.6550620248099239 | low 0.6450620519360756 | high 0.6650619976837723
[2025-10-02 22:57:10.333] [info] runs 15039 | prob 0.6529024536205865 | low 0.6429027690420542 | high 0.6629021381991188
[2025-10-02 22:57:14.169] [info] runs 15128 | prob 0.6484664198836594 | low 0.6384668284662727 | high 0.6584660113010461
[2025-10-02 22:57:17.999] [info] runs 15035 | prob 0.6530761556368474 | low 0.6430763137907554 | high 0.6630759974829394
[2025-10-02 22:57:21.847] [info] runs 15003 | prob 0.6546690661867627 | low 0.6446694010730885 | high 0.6646687313004369
[2025-10-02 22:57:25.689] [info] runs 15068 | prob 0.6514467746217149 | low 0.6414469571008597 | high 0.66144659214257
[2025-10-02 22:57:29.528] [info] runs 15069 | prob 0.6514035436989847 | low 0.6414037697036775 | high 0.6614033176942918
[2025-10-02 22:57:29.582] [info] RESULT:
training_time, simulation_time, prob, low, high, runs
3732, 45, 0.6551287181539283, 0.6451292030704583, 0.6651282332373982, 14994
3810, 47, 0.6486379264744776, 0.6386381306108585, 0.6586377223380967, 15124
3725, 46, 0.6495432278564809, 0.639543403394912, 0.6595430523180498, 15106
3715, 45, 0.6532499501031203, 0.6432499528657462, 0.6632499473404944, 15031
3731, 46, 0.6564650851987972, 0.646465113848544, 0.6664650565490504, 14965
3743, 46, 0.651619755708975, 0.64161976523665, 0.6616197461813, 15064
3711, 46, 0.6520324123273114, 0.642032526436232, 0.6620322982183907, 15056
3724, 46, 0.6471985745396951, 0.6371990237938878, 0.6571981252855024, 15153
3726, 45, 0.6544279336309722, 0.6444279532808088, 0.6644279139811355, 15007
3738, 45, 0.6545818060646451, 0.6445822106583307, 0.6645814014709596, 15005
3749, 47, 0.6531195955833444, 0.6431197147133733, 0.6631194764533156, 15034
3724, 46, 0.652575606513792, 0.6425757139402205, 0.6625754990873635, 15045
3725, 46, 0.6453779299446932, 0.6353782638228876, 0.6553775960664988, 15188
3743, 46, 0.651619755708975, 0.64161976523665, 0.6616197461813, 15064
3721, 45, 0.6489615028442915, 0.6389618360492636, 0.6589611696393195, 15118
3723, 46, 0.6576094231026637, 0.6476097360563642, 0.6676091101489632, 14942
3723, 46, 0.6490473670283143, 0.6390476003742731, 0.6590471336823556, 15116
3726, 45, 0.6521190381294009, 0.6421190686711093, 0.6621190075876924, 15054
3720, 45, 0.6550620248099239, 0.6450620519360756, 0.6650619976837723, 14994
3723, 46, 0.6529024536205865, 0.6429027690420542, 0.6629021381991188, 15039
3736, 46, 0.6484664198836594, 0.6384668284662727, 0.6584660113010461, 15128
3729, 45, 0.6530761556368474, 0.6430763137907554, 0.6630759974829394, 15035
3747, 46, 0.6546690661867627, 0.6446694010730885, 0.6646687313004369, 15003
3744, 46, 0.6514467746217149, 0.6414469571008597, 0.66144659214257, 15068
3739, 46, 0.6514035436989847, 0.6414037697036775, 0.6614033176942918, 15069
# timestamp 02.10.2025 22:55:53 (1759438553), datastructure SAC
# timebound 10, expirations {"r1": 0, "r2": 0}
# alpha 0.1, gamma 1
# fixed points 5, uniform granularity 0.5
# scheduler goal: MAXIMIZING, scope: SEMIPROPHETIC, history: HISTORY_DEPENDENT
# training runs 1000000

[2025-10-02 22:57:29.583] [info] 2.1 Simulating on SAC: 95787
[2025-10-02 22:57:29.583] [info] Analysis finished; the goal is not reachable.
[2025-10-02 22:57:29.583] [info] Probability: 0.0
[2025-10-02 22:57:29.583] [info] 2 Analysis: 95787
[2025-10-02 22:57:29.583] [info] 0 Computation Time Complete: 95787
[2025-10-02 22:57:29.583] [info] Counters and timers:
Counters:

Timers:
0 Computation Time Complete: 95787
1 Model creation: 0
2 Analysis: 95787
2.0 Creating Unified Datastructure from SAC: 0
2.1 Simulating on SAC: 95787

