timebound = 11, jump depth = 100, max expirations of random clocks = [{r1: 0}, {r2: 0}], combine absorbing locations in unrolling = 251, integration bound(s) = 11, integration samples = 500000, model = WATERTANK, model case = CASE_A, LTI analysis = rectangular analysis, scheduler = goal: MAXIMIZING, scope: PROPHETIC, history: HISTORY_DEPENDENT, multithreaded = 1, disableBackwardsRefinement = 0
simulating 0 runs after 5000 training runs with parameters:
learning rate                 0.1
discount factor               1
exploration rate              0.15
uniform granularity           1
adaptive compartments         5


[2025-09-21 00:15:50.671] [warning] no flow specified for variable c1 in location all_off - assuming flow of 0
[2025-09-21 00:15:50.671] [warning] no flow specified for variable c1 in location v2_on - assuming flow of 0
[2025-09-21 00:15:50.671] [warning] no flow specified for variable c1 in location v1_block - assuming flow of 0
[2025-09-21 00:15:50.671] [warning] no flow specified for variable c1 in location v2_block - assuming flow of 0
[2025-09-21 00:15:50.671] [warning] no flow specified for variable c1 in location v1_block_v2_on - assuming flow of 0
[2025-09-21 00:15:50.671] [warning] no flow specified for variable c1 in location block_safe - assuming flow of 0
[2025-09-21 00:15:50.671] [warning] no flow specified for variable c1 in location block_unsafe - assuming flow of 0
[2025-09-21 00:15:50.671] [warning] no flow specified for variable c2 in location all_off - assuming flow of 0
[2025-09-21 00:15:50.671] [warning] no flow specified for variable c2 in location v1_on - assuming flow of 0
[2025-09-21 00:15:50.671] [warning] no flow specified for variable c2 in location v1_block - assuming flow of 0
[2025-09-21 00:15:50.671] [warning] no flow specified for variable c2 in location v2_block - assuming flow of 0
[2025-09-21 00:15:50.671] [warning] no flow specified for variable c2 in location v2_block_v1_on - assuming flow of 0
[2025-09-21 00:15:50.671] [warning] no flow specified for variable c2 in location block_safe - assuming flow of 0
[2025-09-21 00:15:50.671] [warning] no flow specified for variable c2 in location block_unsafe - assuming flow of 0
[2025-09-21 00:15:50.671] [warning] no constraints specified for variable c1 in initial constraint number 0 - assuming [0,0]
[2025-09-21 00:15:50.671] [warning] no constraints specified for variable c2 in initial constraint number 0 - assuming [0,0]
[2025-09-21 00:15:50.671] [info] 1 Model creation: 0
[2025-09-21 00:15:50.671] [info] 

========== ConditionRepresentations ==========
rectangular: 1
0 1 0 0 <= 16
-1 0 0 0 <= 0
1 0 0 0 <= 11
x0 range(-0, 11), x1 below(16), 
========== +++++++++++++++++++ ==========
[2025-09-21 00:15:50.671] [info] 

========== ConditionRepresentations ==========
rectangular: 1
0 0 1 0 <= 2
-1 0 0 0 <= 0
1 0 0 0 <= 11
x0 range(-0, 11), x2 below(2), 
========== +++++++++++++++++++ ==========
[2025-09-21 00:15:50.671] [info] 

========== ConditionRepresentations ==========
rectangular: 1
0 0 0 1 <= 1
-1 0 0 0 <= 0
1 0 0 0 <= 11
x0 range(-0, 11), x3 below(1), 
========== +++++++++++++++++++ ==========
[2025-09-21 00:15:50.671] [info] 

========== ConditionRepresentations ==========
rectangular: 1
0 1 0 0 <= 16
-1 0 0 0 <= 0
1 0 0 0 <= 11
x0 range(-0, 11), x1 below(16), 
========== +++++++++++++++++++ ==========
[2025-09-21 00:15:50.671] [info] 

========== ConditionRepresentations ==========
rectangular: 1
0 1 0 0 <= 16
-1 0 0 0 <= 0
1 0 0 0 <= 11
x0 range(-0, 11), x1 below(16), 
========== +++++++++++++++++++ ==========
[2025-09-21 00:15:50.671] [info] 

========== ConditionRepresentations ==========
rectangular: 1
0 0 0 1 <= 1
-1 0 0 0 <= 0
1 0 0 0 <= 11
x0 range(-0, 11), x3 below(1), 
========== +++++++++++++++++++ ==========
[2025-09-21 00:15:50.671] [info] 

========== ConditionRepresentations ==========
rectangular: 1
0 0 1 0 <= 2
-1 0 0 0 <= 0
1 0 0 0 <= 11
x0 range(-0, 11), x2 below(2), 
========== +++++++++++++++++++ ==========
[2025-09-21 00:15:50.671] [info] 

========== ConditionRepresentations ==========
rectangular: 1
0 1 0 0 <= 16
-1 0 0 0 <= 0
1 0 0 0 <= 11
x0 range(-0, 11), x1 below(16), 
========== +++++++++++++++++++ ==========
[2025-09-21 00:15:50.671] [info] 

========== ConditionRepresentations ==========
rectangular: 1
-1 0 0 0 <= 0
1 0 0 0 <= 11
x0 range(-0, 11), 
========== +++++++++++++++++++ ==========
[2025-09-21 00:15:50.671] [info] 

========== ConditionRepresentations ==========
rectangular: 1
0 -1 0 0 <= -16
x1 above(16), 
========== +++++++++++++++++++ ==========
[2025-09-21 00:15:50.671] [info] 

========== ConditionRepresentations ==========
rectangular: 1
0 -1 0 0 <= -16
x1 above(16), 
========== +++++++++++++++++++ ==========
[2025-09-21 00:15:50.671] [info] 

========== ConditionRepresentations ==========
rectangular: 1
0 1 0 0 <= 16
0 0 -1 0 <= -2
x1 below(16), x2 above(2), 
========== +++++++++++++++++++ ==========
[2025-09-21 00:15:50.671] [info] 

========== ConditionRepresentations ==========
rectangular: 1
0 -1 0 0 <= -16
0 0 -1 0 <= -2
x1 above(16), x2 above(2), 
========== +++++++++++++++++++ ==========
[2025-09-21 00:15:50.671] [info] 

========== ConditionRepresentations ==========
rectangular: 1
0 1 0 0 <= 16
0 0 0 -1 <= -1
x1 below(16), x3 above(1), 
========== +++++++++++++++++++ ==========
[2025-09-21 00:15:50.671] [info] 

========== ConditionRepresentations ==========
rectangular: 1
0 -1 0 0 <= -16
0 0 0 -1 <= -1
x1 above(16), x3 above(1), 
========== +++++++++++++++++++ ==========
[2025-09-21 00:15:50.671] [info] 

========== ConditionRepresentations ==========
rectangular: 1
0 -1 0 0 <= -16
x1 above(16), 
========== +++++++++++++++++++ ==========
[2025-09-21 00:15:50.671] [info] 

========== ConditionRepresentations ==========
rectangular: 1

========== +++++++++++++++++++ ==========
[2025-09-21 00:15:50.671] [info] 

========== ConditionRepresentations ==========
rectangular: 1
0 -1 0 0 <= -16
x1 above(16), 
========== +++++++++++++++++++ ==========
[2025-09-21 00:15:50.671] [info] 

========== ConditionRepresentations ==========
rectangular: 1

========== +++++++++++++++++++ ==========
[2025-09-21 00:15:50.671] [info] 

========== ConditionRepresentations ==========
rectangular: 1
0 1 0 0 <= 16
0 0 0 -1 <= -1
x1 below(16), x3 above(1), 
========== +++++++++++++++++++ ==========
[2025-09-21 00:15:50.671] [info] 

========== ConditionRepresentations ==========
rectangular: 1
0 -1 0 0 <= -16
0 0 0 -1 <= -1
x1 above(16), x3 above(1), 
========== +++++++++++++++++++ ==========
[2025-09-21 00:15:50.671] [info] 

========== ConditionRepresentations ==========
rectangular: 1

========== +++++++++++++++++++ ==========
[2025-09-21 00:15:50.671] [info] 

========== ConditionRepresentations ==========
rectangular: 1
0 1 0 0 <= 16
0 0 -1 0 <= -2
x1 below(16), x2 above(2), 
========== +++++++++++++++++++ ==========
[2025-09-21 00:15:50.671] [info] 

========== ConditionRepresentations ==========
rectangular: 1
0 -1 0 0 <= -16
0 0 -1 0 <= -2
x1 above(16), x2 above(2), 
========== +++++++++++++++++++ ==========
[2025-09-21 00:15:50.671] [info] 

========== ConditionRepresentations ==========
rectangular: 1

========== +++++++++++++++++++ ==========
[2025-09-21 00:15:50.671] [info] 

========== ConditionRepresentations ==========
rectangular: 1
0 -1 0 0 <= -16
x1 above(16), 
========== +++++++++++++++++++ ==========
[2025-09-21 00:15:50.671] [info] 

========== ConditionRepresentations ==========
rectangular: 1

========== +++++++++++++++++++ ==========
[2025-09-21 00:15:50.671] [info] 

========== ConditionRepresentations ==========
rectangular: 1

========== +++++++++++++++++++ ==========
[2025-09-21 00:15:50.671] [info] 

========== ConditionRepresentations ==========
rectangular: 1

========== +++++++++++++++++++ ==========
[2025-09-21 00:15:50.671] [info] 

========== ConditionRepresentations ==========
rectangular: 1

========== +++++++++++++++++++ ==========
[2025-09-21 00:15:50.671] [info] 

========== ConditionRepresentations ==========
rectangular: 1
-1 0 0 0 <= 0
1 0 0 0 <= 0
0 -1 0 0 <= -4
0 1 0 0 <= 4
0 0 -1 0 <= 0
0 0 1 0 <= 0
0 0 0 -1 <= 0
0 0 0 1 <= 0
x0 point(-0), x1 point(4), x2 point(-0), x3 point(-0), 
========== +++++++++++++++++++ ==========
[2025-09-21 00:15:50.671] [info] 

========== ConditionRepresentations ==========
rectangular: 1
0 -1 0 0 <= -18
x1 above(18), 
========== +++++++++++++++++++ ==========
[2025-09-21 00:15:50.671] [info] 2.0 Creating Unified Datastructure from SAC: 0
[2025-09-21 00:15:50.719] [info] runs 12876 | prob 0.7365641503572538 | low 0.7265641940806512 | high 0.7465641066338563
[2025-09-21 00:15:50.767] [info] runs 12976 | prob 0.7333538840937115 | low 0.7233538870993639 | high 0.7433538810880591
[2025-09-21 00:15:50.818] [info] runs 12688 | prob 0.7425126103404792 | low 0.7325130898915492 | high 0.7525121307894093
[2025-09-21 00:15:50.867] [info] runs 12830 | prob 0.7380358534684334 | low 0.728036033330116 | high 0.7480356736067507
[2025-09-21 00:15:50.918] [info] runs 12729 | prob 0.7412208343153429 | low 0.7312211295340385 | high 0.7512205390966473
[2025-09-21 00:15:50.970] [info] runs 12746 | prob 0.740702965636278 | low 0.7307034326310936 | high 0.7507024986414624
[2025-09-21 00:15:51.020] [info] runs 12732 | prob 0.7411247251021049 | low 0.7311249903245308 | high 0.751124459879679
[2025-09-21 00:15:51.071] [info] runs 12765 | prob 0.7400705052878966 | low 0.7300705103881295 | high 0.7500705001876637
[2025-09-21 00:15:51.122] [info] runs 12946 | prob 0.7343581028889232 | low 0.7243585567289478 | high 0.7443576490488987
[2025-09-21 00:15:51.173] [info] runs 12835 | prob 0.7379041682898325 | low 0.7279046757426386 | high 0.7479036608370264
[2025-09-21 00:15:51.222] [info] runs 12796 | prob 0.7391372303844952 | low 0.7291377523074857 | high 0.7491367084615047
[2025-09-21 00:15:51.271] [info] runs 12987 | prob 0.733040733040733 | low 0.7230412397598915 | high 0.7430402263215745
[2025-09-21 00:15:51.319] [info] runs 12991 | prob 0.7328920021553383 | low 0.7228922783580249 | high 0.7428917259526517
[2025-09-21 00:15:51.368] [info] runs 12827 | prob 0.7381305059639822 | low 0.728130682268393 | high 0.7481303296595715
[2025-09-21 00:15:51.418] [info] runs 12672 | prob 0.7429766414141414 | low 0.7329767069506004 | high 0.7529765758776825
[2025-09-21 00:15:51.469] [info] runs 12930 | prob 0.7348801237432327 | low 0.724880676554816 | high 0.7448795709316495
[2025-09-21 00:15:51.519] [info] runs 13130 | prob 0.7283320639756283 | low 0.7183321237940579 | high 0.7383320041571988
[2025-09-21 00:15:51.571] [info] runs 12984 | prob 0.7331330868761553 | low 0.7231335386021901 | high 0.7431326351501205
[2025-09-21 00:15:51.623] [info] runs 12845 | prob 0.7375632541845076 | low 0.7275634668895145 | high 0.7475630414795008
[2025-09-21 00:15:51.675] [info] runs 12934 | prob 0.734730168548013 | low 0.7247304610311829 | high 0.7447298760648431
[2025-09-21 00:15:51.725] [info] runs 12962 | prob 0.7338373707761148 | low 0.7238377552692556 | high 0.7438369862829739
[2025-09-21 00:15:51.778] [info] runs 13050 | prob 0.7309578544061303 | low 0.7209579250882728 | high 0.7409577837239877
[2025-09-21 00:15:51.828] [info] runs 12956 | prob 0.7340228465575795 | low 0.7240231379522637 | high 0.7440225551628954
[2025-09-21 00:15:51.879] [info] runs 12972 | prob 0.7335029293863706 | low 0.7235031703543141 | high 0.7435026884184271
[2025-09-21 00:15:51.928] [info] runs 12965 | prob 0.7337446972618589 | low 0.723745129702749 | high 0.7437442648209688
[2025-09-21 00:15:51.928] [info] RESULT:
training_time, simulation_time, prob, low, high, runs
16, 30, 0.7365641503572538, 0.7265641940806512, 0.7465641066338563, 12876
16, 31, 0.7333538840937115, 0.7233538870993639, 0.7433538810880591, 12976
16, 34, 0.7425126103404792, 0.7325130898915492, 0.7525121307894093, 12688
16, 32, 0.7380358534684334, 0.728036033330116, 0.7480356736067507, 12830
16, 34, 0.7412208343153429, 0.7312211295340385, 0.7512205390966473, 12729
16, 35, 0.740702965636278, 0.7307034326310936, 0.7507024986414624, 12746
16, 33, 0.7411247251021049, 0.7311249903245308, 0.751124459879679, 12732
16, 33, 0.7400705052878966, 0.7300705103881295, 0.7500705001876637, 12765
16, 34, 0.7343581028889232, 0.7243585567289478, 0.7443576490488987, 12946
16, 34, 0.7379041682898325, 0.7279046757426386, 0.7479036608370264, 12835
16, 32, 0.7391372303844952, 0.7291377523074857, 0.7491367084615047, 12796
16, 31, 0.733040733040733, 0.7230412397598915, 0.7430402263215745, 12987
16, 32, 0.7328920021553383, 0.7228922783580249, 0.7428917259526517, 12991
16, 31, 0.7381305059639822, 0.728130682268393, 0.7481303296595715, 12827
16, 33, 0.7429766414141414, 0.7329767069506004, 0.7529765758776825, 12672
16, 34, 0.7348801237432327, 0.724880676554816, 0.7448795709316495, 12930
16, 33, 0.7283320639756283, 0.7183321237940579, 0.7383320041571988, 13130
16, 35, 0.7331330868761553, 0.7231335386021901, 0.7431326351501205, 12984
16, 34, 0.7375632541845076, 0.7275634668895145, 0.7475630414795008, 12845
16, 35, 0.734730168548013, 0.7247304610311829, 0.7447298760648431, 12934
16, 33, 0.7338373707761148, 0.7238377552692556, 0.7438369862829739, 12962
16, 36, 0.7309578544061303, 0.7209579250882728, 0.7409577837239877, 13050
16, 33, 0.7340228465575795, 0.7240231379522637, 0.7440225551628954, 12956
16, 35, 0.7335029293863706, 0.7235031703543141, 0.7435026884184271, 12972
16, 31, 0.7337446972618589, 0.723745129702749, 0.7437442648209688, 12965
# timestamp 21.09.2025 00:15:50 (1758406550), datastructure sac
# timebound 11, expirations {"r1": 0, "r2": 0}
# alpha 0.1, gamma 1
# fixed points 5, uniform granularity 1
# scheduler goal: MAXIMIZING, scope: NONPROPHETIC, history: DISCRETE_HISTORY
# training runs 5000

[2025-09-21 00:15:51.972] [info] runs 13013 | prob 0.7321908860370399 | low 0.7221913009666319 | high 0.7421904711074478
[2025-09-21 00:15:52.016] [info] runs 12897 | prob 0.735907575405133 | low 0.7259077799314396 | high 0.7459073708788263
[2025-09-21 00:15:52.062] [info] runs 12882 | prob 0.736376339077783 | low 0.7263764238723802 | high 0.7463762542831858
[2025-09-21 00:15:52.108] [info] runs 13029 | prob 0.7316754931307085 | low 0.7216759595992255 | high 0.7416750266621914
[2025-09-21 00:15:52.154] [info] runs 12709 | prob 0.7418364938232749 | low 0.7318366851372883 | high 0.7518363025092615
[2025-09-21 00:15:52.199] [info] runs 13053 | prob 0.7308664674787405 | low 0.7208666145226484 | high 0.7408663204348326
[2025-09-21 00:15:52.242] [info] runs 12715 | prob 0.7416437278804562 | low 0.731643846572562 | high 0.7516436091883504
[2025-09-21 00:15:52.286] [info] runs 12738 | prob 0.7409326424870466 | low 0.7309328509078378 | high 0.7509324340662554
[2025-09-21 00:15:52.332] [info] runs 12672 | prob 0.7429766414141414 | low 0.7329767069506004 | high 0.7529765758776825
[2025-09-21 00:15:52.377] [info] runs 12632 | prob 0.7442210259658011 | low 0.734221182804286 | high 0.7542208691273161
[2025-09-21 00:15:52.420] [info] runs 12950 | prob 0.7342084942084942 | low 0.7242086962448087 | high 0.7442082921721798
[2025-09-21 00:15:52.466] [info] runs 12570 | prob 0.7461416070007956 | low 0.7361419613120451 | high 0.756141252689546
[2025-09-21 00:15:52.508] [info] runs 12709 | prob 0.7418364938232749 | low 0.7318366851372883 | high 0.7518363025092615
[2025-09-21 00:15:52.551] [info] runs 12950 | prob 0.7342084942084942 | low 0.7242086962448087 | high 0.7442082921721798
[2025-09-21 00:15:52.597] [info] runs 12953 | prob 0.7341156488844283 | low 0.7241158951316129 | high 0.7441154026372436
[2025-09-21 00:15:52.641] [info] runs 12829 | prob 0.7380933821809962 | low 0.7280938807253028 | high 0.7480928836366896
[2025-09-21 00:15:52.684] [info] runs 12862 | prob 0.7370548903747474 | low 0.7270554873915074 | high 0.7470542933579873
[2025-09-21 00:15:52.727] [info] runs 12637 | prob 0.7440848302603466 | low 0.7340852192447885 | high 0.7540844412759046
[2025-09-21 00:15:52.771] [info] runs 12854 | prob 0.7372802240547689 | low 0.72728046844917 | high 0.7472799796603677
[2025-09-21 00:15:52.816] [info] runs 12894 | prob 0.7360012408872344 | low 0.7260014195249092 | high 0.7460010622495596
[2025-09-21 00:15:52.859] [info] runs 12868 | prob 0.7368666459434255 | low 0.7268672737760221 | high 0.746866018110829
[2025-09-21 00:15:52.906] [info] runs 12903 | prob 0.7357203751065644 | low 0.7257206343118838 | high 0.745720115901245
[2025-09-21 00:15:52.952] [info] runs 12931 | prob 0.7348232928621143 | low 0.7248235473699625 | high 0.7448230383542662
[2025-09-21 00:15:52.995] [info] runs 12803 | prob 0.7388893228149652 | low 0.728889507090328 | high 0.7488891385396025
[2025-09-21 00:15:53.039] [info] runs 12747 | prob 0.7406448576135561 | low 0.7306449887815702 | high 0.750644726445542
[2025-09-21 00:15:53.039] [info] RESULT:
training_time, simulation_time, prob, low, high, runs
14, 29, 0.7321908860370399, 0.7221913009666319, 0.7421904711074478, 13013
14, 28, 0.735907575405133, 0.7259077799314396, 0.7459073708788263, 12897
14, 31, 0.736376339077783, 0.7263764238723802, 0.7463762542831858, 12882
14, 31, 0.7316754931307085, 0.7216759595992255, 0.7416750266621914, 13029
14, 31, 0.7418364938232749, 0.7318366851372883, 0.7518363025092615, 12709
14, 29, 0.7308664674787405, 0.7208666145226484, 0.7408663204348326, 13053
14, 28, 0.7416437278804562, 0.731643846572562, 0.7516436091883504, 12715
14, 30, 0.7409326424870466, 0.7309328509078378, 0.7509324340662554, 12738
14, 30, 0.7429766414141414, 0.7329767069506004, 0.7529765758776825, 12672
14, 30, 0.7442210259658011, 0.734221182804286, 0.7542208691273161, 12632
14, 28, 0.7342084942084942, 0.7242086962448087, 0.7442082921721798, 12950
14, 30, 0.7461416070007956, 0.7361419613120451, 0.756141252689546, 12570
14, 27, 0.7418364938232749, 0.7318366851372883, 0.7518363025092615, 12709
14, 28, 0.7342084942084942, 0.7242086962448087, 0.7442082921721798, 12950
14, 31, 0.7341156488844283, 0.7241158951316129, 0.7441154026372436, 12953
14, 28, 0.7380933821809962, 0.7280938807253028, 0.7480928836366896, 12829
14, 28, 0.7370548903747474, 0.7270554873915074, 0.7470542933579873, 12862
14, 28, 0.7440848302603466, 0.7340852192447885, 0.7540844412759046, 12637
14, 28, 0.7372802240547689, 0.72728046844917, 0.7472799796603677, 12854
14, 31, 0.7360012408872344, 0.7260014195249092, 0.7460010622495596, 12894
14, 28, 0.7368666459434255, 0.7268672737760221, 0.746866018110829, 12868
14, 31, 0.7357203751065644, 0.7257206343118838, 0.745720115901245, 12903
14, 31, 0.7348232928621143, 0.7248235473699625, 0.7448230383542662, 12931
14, 28, 0.7388893228149652, 0.728889507090328, 0.7488891385396025, 12803
14, 29, 0.7406448576135561, 0.7306449887815702, 0.750644726445542, 12747
# timestamp 21.09.2025 00:15:50 (1758406550), datastructure sac
# timebound 11, expirations {"r1": 0, "r2": 0}
# alpha 0.1, gamma 1
# fixed points 5, uniform granularity 1
# scheduler goal: MAXIMIZING, scope: NONPROPHETIC, history: MEMORYLESS
# training runs 5000

[2025-09-21 00:15:53.039] [info] 2.1 Simulating on SAC: 2368
[2025-09-21 00:15:53.039] [info] Analysis finished; the goal is not reachable.
[2025-09-21 00:15:53.039] [info] Probability: 0.0
[2025-09-21 00:15:53.039] [info] 2 Analysis: 2368
[2025-09-21 00:15:53.039] [info] 0 Computation Time Complete: 2368
[2025-09-21 00:15:53.039] [info] Counters and timers:
Counters:

Timers:
0 Computation Time Complete: 2368
1 Model creation: 0
2 Analysis: 2368
2.0 Creating Unified Datastructure from SAC: 0
2.1 Simulating on SAC: 2368

timebound = 11, jump depth = 100, max expirations of random clocks = [{r1: 0}, {r2: 0}], combine absorbing locations in unrolling = 5, integration bound(s) = 11, integration samples = 500000, model = WATERTANK, model case = CASE_A, LTI analysis = rectangular analysis, scheduler = goal: MAXIMIZING, scope: PROPHETIC, history: HISTORY_DEPENDENT, multithreaded = 1, disableBackwardsRefinement = 0
simulating 0 runs after 20000 training runs with parameters:
learning rate                 0.1
discount factor               1
exploration rate              0.15
uniform granularity           1
adaptive compartments         5


[2025-09-21 00:15:53.049] [warning] no flow specified for variable c1 in location all_off - assuming flow of 0
[2025-09-21 00:15:53.049] [warning] no flow specified for variable c1 in location v2_on - assuming flow of 0
[2025-09-21 00:15:53.049] [warning] no flow specified for variable c1 in location v1_block - assuming flow of 0
[2025-09-21 00:15:53.049] [warning] no flow specified for variable c1 in location v2_block - assuming flow of 0
[2025-09-21 00:15:53.049] [warning] no flow specified for variable c1 in location v1_block_v2_on - assuming flow of 0
[2025-09-21 00:15:53.049] [warning] no flow specified for variable c1 in location block_safe - assuming flow of 0
[2025-09-21 00:15:53.049] [warning] no flow specified for variable c1 in location block_unsafe - assuming flow of 0
[2025-09-21 00:15:53.049] [warning] no flow specified for variable c2 in location all_off - assuming flow of 0
[2025-09-21 00:15:53.049] [warning] no flow specified for variable c2 in location v1_on - assuming flow of 0
[2025-09-21 00:15:53.049] [warning] no flow specified for variable c2 in location v1_block - assuming flow of 0
[2025-09-21 00:15:53.049] [warning] no flow specified for variable c2 in location v2_block - assuming flow of 0
[2025-09-21 00:15:53.049] [warning] no flow specified for variable c2 in location v2_block_v1_on - assuming flow of 0
[2025-09-21 00:15:53.049] [warning] no flow specified for variable c2 in location block_safe - assuming flow of 0
[2025-09-21 00:15:53.049] [warning] no flow specified for variable c2 in location block_unsafe - assuming flow of 0
[2025-09-21 00:15:53.049] [warning] no constraints specified for variable c1 in initial constraint number 0 - assuming [0,0]
[2025-09-21 00:15:53.049] [warning] no constraints specified for variable c2 in initial constraint number 0 - assuming [0,0]
[2025-09-21 00:15:53.049] [info] 1 Model creation: 0
[2025-09-21 00:15:53.049] [info] 

========== ConditionRepresentations ==========
rectangular: 1
0 1 0 0 <= 16
-1 0 0 0 <= 0
1 0 0 0 <= 11
x0 range(-0, 11), x1 below(16), 
========== +++++++++++++++++++ ==========
[2025-09-21 00:15:53.049] [info] 

========== ConditionRepresentations ==========
rectangular: 1
0 0 1 0 <= 2
-1 0 0 0 <= 0
1 0 0 0 <= 11
x0 range(-0, 11), x2 below(2), 
========== +++++++++++++++++++ ==========
[2025-09-21 00:15:53.049] [info] 

========== ConditionRepresentations ==========
rectangular: 1
0 0 0 1 <= 1
-1 0 0 0 <= 0
1 0 0 0 <= 11
x0 range(-0, 11), x3 below(1), 
========== +++++++++++++++++++ ==========
[2025-09-21 00:15:53.049] [info] 

========== ConditionRepresentations ==========
rectangular: 1
0 1 0 0 <= 16
-1 0 0 0 <= 0
1 0 0 0 <= 11
x0 range(-0, 11), x1 below(16), 
========== +++++++++++++++++++ ==========
[2025-09-21 00:15:53.049] [info] 

========== ConditionRepresentations ==========
rectangular: 1
0 1 0 0 <= 16
-1 0 0 0 <= 0
1 0 0 0 <= 11
x0 range(-0, 11), x1 below(16), 
========== +++++++++++++++++++ ==========
[2025-09-21 00:15:53.049] [info] 

========== ConditionRepresentations ==========
rectangular: 1
0 0 0 1 <= 1
-1 0 0 0 <= 0
1 0 0 0 <= 11
x0 range(-0, 11), x3 below(1), 
========== +++++++++++++++++++ ==========
[2025-09-21 00:15:53.049] [info] 

========== ConditionRepresentations ==========
rectangular: 1
0 0 1 0 <= 2
-1 0 0 0 <= 0
1 0 0 0 <= 11
x0 range(-0, 11), x2 below(2), 
========== +++++++++++++++++++ ==========
[2025-09-21 00:15:53.049] [info] 

========== ConditionRepresentations ==========
rectangular: 1
0 1 0 0 <= 16
-1 0 0 0 <= 0
1 0 0 0 <= 11
x0 range(-0, 11), x1 below(16), 
========== +++++++++++++++++++ ==========
[2025-09-21 00:15:53.049] [info] 

========== ConditionRepresentations ==========
rectangular: 1
-1 0 0 0 <= 0
1 0 0 0 <= 11
x0 range(-0, 11), 
========== +++++++++++++++++++ ==========
[2025-09-21 00:15:53.049] [info] 

========== ConditionRepresentations ==========
rectangular: 1
0 -1 0 0 <= -16
x1 above(16), 
========== +++++++++++++++++++ ==========
[2025-09-21 00:15:53.049] [info] 

========== ConditionRepresentations ==========
rectangular: 1
0 -1 0 0 <= -16
x1 above(16), 
========== +++++++++++++++++++ ==========
[2025-09-21 00:15:53.049] [info] 

========== ConditionRepresentations ==========
rectangular: 1
0 1 0 0 <= 16
0 0 -1 0 <= -2
x1 below(16), x2 above(2), 
========== +++++++++++++++++++ ==========
[2025-09-21 00:15:53.049] [info] 

========== ConditionRepresentations ==========
rectangular: 1
0 -1 0 0 <= -16
0 0 -1 0 <= -2
x1 above(16), x2 above(2), 
========== +++++++++++++++++++ ==========
[2025-09-21 00:15:53.049] [info] 

========== ConditionRepresentations ==========
rectangular: 1
0 1 0 0 <= 16
0 0 0 -1 <= -1
x1 below(16), x3 above(1), 
========== +++++++++++++++++++ ==========
[2025-09-21 00:15:53.049] [info] 

========== ConditionRepresentations ==========
rectangular: 1
0 -1 0 0 <= -16
0 0 0 -1 <= -1
x1 above(16), x3 above(1), 
========== +++++++++++++++++++ ==========
[2025-09-21 00:15:53.049] [info] 

========== ConditionRepresentations ==========
rectangular: 1
0 -1 0 0 <= -16
x1 above(16), 
========== +++++++++++++++++++ ==========
[2025-09-21 00:15:53.049] [info] 

========== ConditionRepresentations ==========
rectangular: 1

========== +++++++++++++++++++ ==========
[2025-09-21 00:15:53.049] [info] 

========== ConditionRepresentations ==========
rectangular: 1
0 -1 0 0 <= -16
x1 above(16), 
========== +++++++++++++++++++ ==========
[2025-09-21 00:15:53.049] [info] 

========== ConditionRepresentations ==========
rectangular: 1

========== +++++++++++++++++++ ==========
[2025-09-21 00:15:53.049] [info] 

========== ConditionRepresentations ==========
rectangular: 1
0 1 0 0 <= 16
0 0 0 -1 <= -1
x1 below(16), x3 above(1), 
========== +++++++++++++++++++ ==========
[2025-09-21 00:15:53.049] [info] 

========== ConditionRepresentations ==========
rectangular: 1
0 -1 0 0 <= -16
0 0 0 -1 <= -1
x1 above(16), x3 above(1), 
========== +++++++++++++++++++ ==========
[2025-09-21 00:15:53.049] [info] 

========== ConditionRepresentations ==========
rectangular: 1

========== +++++++++++++++++++ ==========
[2025-09-21 00:15:53.049] [info] 

========== ConditionRepresentations ==========
rectangular: 1
0 1 0 0 <= 16
0 0 -1 0 <= -2
x1 below(16), x2 above(2), 
========== +++++++++++++++++++ ==========
[2025-09-21 00:15:53.049] [info] 

========== ConditionRepresentations ==========
rectangular: 1
0 -1 0 0 <= -16
0 0 -1 0 <= -2
x1 above(16), x2 above(2), 
========== +++++++++++++++++++ ==========
[2025-09-21 00:15:53.049] [info] 

========== ConditionRepresentations ==========
rectangular: 1

========== +++++++++++++++++++ ==========
[2025-09-21 00:15:53.049] [info] 

========== ConditionRepresentations ==========
rectangular: 1
0 -1 0 0 <= -16
x1 above(16), 
========== +++++++++++++++++++ ==========
[2025-09-21 00:15:53.049] [info] 

========== ConditionRepresentations ==========
rectangular: 1

========== +++++++++++++++++++ ==========
[2025-09-21 00:15:53.049] [info] 

========== ConditionRepresentations ==========
rectangular: 1

========== +++++++++++++++++++ ==========
[2025-09-21 00:15:53.049] [info] 

========== ConditionRepresentations ==========
rectangular: 1

========== +++++++++++++++++++ ==========
[2025-09-21 00:15:53.049] [info] 

========== ConditionRepresentations ==========
rectangular: 1

========== +++++++++++++++++++ ==========
[2025-09-21 00:15:53.049] [info] 

========== ConditionRepresentations ==========
rectangular: 1
-1 0 0 0 <= 0
1 0 0 0 <= 0
0 -1 0 0 <= -4
0 1 0 0 <= 4
0 0 -1 0 <= 0
0 0 1 0 <= 0
0 0 0 -1 <= 0
0 0 0 1 <= 0
x0 point(-0), x1 point(4), x2 point(-0), x3 point(-0), 
========== +++++++++++++++++++ ==========
[2025-09-21 00:15:53.049] [info] 

========== ConditionRepresentations ==========
rectangular: 1
0 -1 0 0 <= -18
x1 above(18), 
========== +++++++++++++++++++ ==========
[2025-09-21 00:15:53.050] [info] 2.0 Creating Unified Datastructure from SAC: 0
[2025-09-21 00:15:53.158] [info] runs 13106 | prob 0.729131695406684 | low 0.7191318598024465 | high 0.7391315310109214
[2025-09-21 00:15:53.265] [info] runs 12884 | prob 0.7363396460726482 | low 0.7263400603407641 | high 0.7463392318045323
[2025-09-21 00:15:53.373] [info] runs 12776 | prob 0.7397463994990607 | low 0.7297466709610718 | high 0.7497461280370497
[2025-09-21 00:15:53.480] [info] runs 12814 | prob 0.7385671921336039 | low 0.7285676860597012 | high 0.7485666982075065
[2025-09-21 00:15:53.588] [info] runs 13227 | prob 0.7251077341800862 | low 0.7151077868829094 | high 0.735107681477263
[2025-09-21 00:15:53.695] [info] runs 12744 | prob 0.7407407407407407 | low 0.7307408966021702 | high 0.7507405848793112
[2025-09-21 00:15:53.803] [info] runs 13026 | prob 0.7317672347612467 | low 0.7217676327530567 | high 0.7417668367694368
[2025-09-21 00:15:53.911] [info] runs 12891 | prob 0.736094949965092 | low 0.7260951036836072 | high 0.7460947962465767
[2025-09-21 00:15:54.019] [info] runs 13043 | prob 0.7311968105497202 | low 0.7211970070857406 | high 0.7411966140136997
[2025-09-21 00:15:54.128] [info] runs 13171 | prob 0.7269759319717561 | low 0.7169760018109942 | high 0.7369758621325181
[2025-09-21 00:15:54.236] [info] runs 12814 | prob 0.7385671921336039 | low 0.7285676860597012 | high 0.7485666982075065
[2025-09-21 00:15:54.343] [info] runs 12872 | prob 0.7367153511497825 | low 0.7267156856695146 | high 0.7467150166300504
[2025-09-21 00:15:54.450] [info] runs 12998 | prob 0.7326511771041698 | low 0.722651284027146 | high 0.7426510701811937
[2025-09-21 00:15:54.557] [info] runs 12785 | prob 0.7394603050449746 | low 0.7294605381681003 | high 0.7494600719218489
[2025-09-21 00:15:54.665] [info] runs 12963 | prob 0.7337807606263982 | low 0.7237808532453248 | high 0.7437806680074716
[2025-09-21 00:15:54.773] [info] runs 13017 | prob 0.7320427133748175 | low 0.7220429113256679 | high 0.7420425154239672
[2025-09-21 00:15:54.880] [info] runs 12965 | prob 0.7337446972618589 | low 0.723745129702749 | high 0.7437442648209688
[2025-09-21 00:15:54.989] [info] runs 13157 | prob 0.7274454662917078 | low 0.7174455964472415 | high 0.7374453361361741
[2025-09-21 00:15:55.096] [info] runs 12966 | prob 0.7336881073577047 | low 0.7236882484974486 | high 0.7436879662179608
[2025-09-21 00:15:55.203] [info] runs 12729 | prob 0.7412208343153429 | low 0.7312211295340385 | high 0.7512205390966473
[2025-09-21 00:15:55.310] [info] runs 12753 | prob 0.7404532266917588 | low 0.7304533116363287 | high 0.750453141747189
[2025-09-21 00:15:55.417] [info] runs 12791 | prob 0.7392697990774764 | low 0.7292700118069245 | high 0.7492695863480282
[2025-09-21 00:15:55.526] [info] runs 13166 | prob 0.7271760595473189 | low 0.7171765210179134 | high 0.7371755980767244
[2025-09-21 00:15:55.634] [info] runs 12962 | prob 0.7338373707761148 | low 0.7238377552692556 | high 0.7438369862829739
[2025-09-21 00:15:55.744] [info] runs 13014 | prob 0.7321346242508068 | low 0.7221347573228678 | high 0.7421344911787457
[2025-09-21 00:15:55.744] [info] RESULT:
training_time, simulation_time, prob, low, high, runs
72, 35, 0.729131695406684, 0.7191318598024465, 0.7391315310109214, 13106
71, 35, 0.7363396460726482, 0.7263400603407641, 0.7463392318045323, 12884
71, 35, 0.7397463994990607, 0.7297466709610718, 0.7497461280370497, 12776
71, 35, 0.7385671921336039, 0.7285676860597012, 0.7485666982075065, 12814
71, 36, 0.7251077341800862, 0.7151077868829094, 0.735107681477263, 13227
72, 34, 0.7407407407407407, 0.7307408966021702, 0.7507405848793112, 12744
71, 35, 0.7317672347612467, 0.7217676327530567, 0.7417668367694368, 13026
71, 35, 0.736094949965092, 0.7260951036836072, 0.7460947962465767, 12891
71, 35, 0.7311968105497202, 0.7211970070857406, 0.7411966140136997, 13043
72, 36, 0.7269759319717561, 0.7169760018109942, 0.7369758621325181, 13171
72, 34, 0.7385671921336039, 0.7285676860597012, 0.7485666982075065, 12814
71, 35, 0.7367153511497825, 0.7267156856695146, 0.7467150166300504, 12872
71, 35, 0.7326511771041698, 0.722651284027146, 0.7426510701811937, 12998
71, 34, 0.7394603050449746, 0.7294605381681003, 0.7494600719218489, 12785
71, 36, 0.7337807606263982, 0.7237808532453248, 0.7437806680074716, 12963
71, 35, 0.7320427133748175, 0.7220429113256679, 0.7420425154239672, 13017
71, 35, 0.7337446972618589, 0.723745129702749, 0.7437442648209688, 12965
71, 36, 0.7274454662917078, 0.7174455964472415, 0.7374453361361741, 13157
71, 35, 0.7336881073577047, 0.7236882484974486, 0.7436879662179608, 12966
72, 34, 0.7412208343153429, 0.7312211295340385, 0.7512205390966473, 12729
71, 34, 0.7404532266917588, 0.7304533116363287, 0.750453141747189, 12753
72, 35, 0.7392697990774764, 0.7292700118069245, 0.7492695863480282, 12791
71, 36, 0.7271760595473189, 0.7171765210179134, 0.7371755980767244, 13166
72, 35, 0.7338373707761148, 0.7238377552692556, 0.7438369862829739, 12962
73, 36, 0.7321346242508068, 0.7221347573228678, 0.7421344911787457, 13014
# timestamp 21.09.2025 00:15:53 (1758406553), datastructure sac
# timebound 11, expirations {"r1": 0, "r2": 0}
# alpha 0.1, gamma 1
# fixed points 5, uniform granularity 1
# scheduler goal: MAXIMIZING, scope: PROPHETIC, history: MEMORYLESS
# training runs 20000

[2025-09-21 00:15:55.745] [info] 2.1 Simulating on SAC: 2695
[2025-09-21 00:15:55.745] [info] Analysis finished; the goal is not reachable.
[2025-09-21 00:15:55.745] [info] Probability: 0.0
[2025-09-21 00:15:55.745] [info] 2 Analysis: 2695
[2025-09-21 00:15:55.745] [info] 0 Computation Time Complete: 2695
[2025-09-21 00:15:55.745] [info] Counters and timers:
Counters:

Timers:
0 Computation Time Complete: 2695
1 Model creation: 0
2 Analysis: 2695
2.0 Creating Unified Datastructure from SAC: 0
2.1 Simulating on SAC: 2695

timebound = 11, jump depth = 100, max expirations of random clocks = [{r1: 0}, {r2: 0}], combine absorbing locations in unrolling = 85, integration bound(s) = 11, integration samples = 500000, model = WATERTANK, model case = CASE_A, LTI analysis = rectangular analysis, scheduler = goal: MAXIMIZING, scope: PROPHETIC, history: HISTORY_DEPENDENT, multithreaded = 1, disableBackwardsRefinement = 0
simulating 0 runs after 1000000 training runs with parameters:
learning rate                 0.1
discount factor               1
exploration rate              0.15
uniform granularity           1
adaptive compartments         5


[2025-09-21 00:15:55.754] [warning] no flow specified for variable c1 in location all_off - assuming flow of 0
[2025-09-21 00:15:55.754] [warning] no flow specified for variable c1 in location v2_on - assuming flow of 0
[2025-09-21 00:15:55.754] [warning] no flow specified for variable c1 in location v1_block - assuming flow of 0
[2025-09-21 00:15:55.754] [warning] no flow specified for variable c1 in location v2_block - assuming flow of 0
[2025-09-21 00:15:55.754] [warning] no flow specified for variable c1 in location v1_block_v2_on - assuming flow of 0
[2025-09-21 00:15:55.754] [warning] no flow specified for variable c1 in location block_safe - assuming flow of 0
[2025-09-21 00:15:55.754] [warning] no flow specified for variable c1 in location block_unsafe - assuming flow of 0
[2025-09-21 00:15:55.754] [warning] no flow specified for variable c2 in location all_off - assuming flow of 0
[2025-09-21 00:15:55.754] [warning] no flow specified for variable c2 in location v1_on - assuming flow of 0
[2025-09-21 00:15:55.754] [warning] no flow specified for variable c2 in location v1_block - assuming flow of 0
[2025-09-21 00:15:55.754] [warning] no flow specified for variable c2 in location v2_block - assuming flow of 0
[2025-09-21 00:15:55.754] [warning] no flow specified for variable c2 in location v2_block_v1_on - assuming flow of 0
[2025-09-21 00:15:55.754] [warning] no flow specified for variable c2 in location block_safe - assuming flow of 0
[2025-09-21 00:15:55.754] [warning] no flow specified for variable c2 in location block_unsafe - assuming flow of 0
[2025-09-21 00:15:55.754] [warning] no constraints specified for variable c1 in initial constraint number 0 - assuming [0,0]
[2025-09-21 00:15:55.754] [warning] no constraints specified for variable c2 in initial constraint number 0 - assuming [0,0]
[2025-09-21 00:15:55.754] [info] 1 Model creation: 0
[2025-09-21 00:15:55.754] [info] 

========== ConditionRepresentations ==========
rectangular: 1
0 1 0 0 <= 16
-1 0 0 0 <= 0
1 0 0 0 <= 11
x0 range(-0, 11), x1 below(16), 
========== +++++++++++++++++++ ==========
[2025-09-21 00:15:55.754] [info] 

========== ConditionRepresentations ==========
rectangular: 1
0 0 1 0 <= 2
-1 0 0 0 <= 0
1 0 0 0 <= 11
x0 range(-0, 11), x2 below(2), 
========== +++++++++++++++++++ ==========
[2025-09-21 00:15:55.754] [info] 

========== ConditionRepresentations ==========
rectangular: 1
0 0 0 1 <= 1
-1 0 0 0 <= 0
1 0 0 0 <= 11
x0 range(-0, 11), x3 below(1), 
========== +++++++++++++++++++ ==========
[2025-09-21 00:15:55.754] [info] 

========== ConditionRepresentations ==========
rectangular: 1
0 1 0 0 <= 16
-1 0 0 0 <= 0
1 0 0 0 <= 11
x0 range(-0, 11), x1 below(16), 
========== +++++++++++++++++++ ==========
[2025-09-21 00:15:55.754] [info] 

========== ConditionRepresentations ==========
rectangular: 1
0 1 0 0 <= 16
-1 0 0 0 <= 0
1 0 0 0 <= 11
x0 range(-0, 11), x1 below(16), 
========== +++++++++++++++++++ ==========
[2025-09-21 00:15:55.754] [info] 

========== ConditionRepresentations ==========
rectangular: 1
0 0 0 1 <= 1
-1 0 0 0 <= 0
1 0 0 0 <= 11
x0 range(-0, 11), x3 below(1), 
========== +++++++++++++++++++ ==========
[2025-09-21 00:15:55.754] [info] 

========== ConditionRepresentations ==========
rectangular: 1
0 0 1 0 <= 2
-1 0 0 0 <= 0
1 0 0 0 <= 11
x0 range(-0, 11), x2 below(2), 
========== +++++++++++++++++++ ==========
[2025-09-21 00:15:55.754] [info] 

========== ConditionRepresentations ==========
rectangular: 1
0 1 0 0 <= 16
-1 0 0 0 <= 0
1 0 0 0 <= 11
x0 range(-0, 11), x1 below(16), 
========== +++++++++++++++++++ ==========
[2025-09-21 00:15:55.754] [info] 

========== ConditionRepresentations ==========
rectangular: 1
-1 0 0 0 <= 0
1 0 0 0 <= 11
x0 range(-0, 11), 
========== +++++++++++++++++++ ==========
[2025-09-21 00:15:55.754] [info] 

========== ConditionRepresentations ==========
rectangular: 1
0 -1 0 0 <= -16
x1 above(16), 
========== +++++++++++++++++++ ==========
[2025-09-21 00:15:55.754] [info] 

========== ConditionRepresentations ==========
rectangular: 1
0 -1 0 0 <= -16
x1 above(16), 
========== +++++++++++++++++++ ==========
[2025-09-21 00:15:55.754] [info] 

========== ConditionRepresentations ==========
rectangular: 1
0 1 0 0 <= 16
0 0 -1 0 <= -2
x1 below(16), x2 above(2), 
========== +++++++++++++++++++ ==========
[2025-09-21 00:15:55.754] [info] 

========== ConditionRepresentations ==========
rectangular: 1
0 -1 0 0 <= -16
0 0 -1 0 <= -2
x1 above(16), x2 above(2), 
========== +++++++++++++++++++ ==========
[2025-09-21 00:15:55.754] [info] 

========== ConditionRepresentations ==========
rectangular: 1
0 1 0 0 <= 16
0 0 0 -1 <= -1
x1 below(16), x3 above(1), 
========== +++++++++++++++++++ ==========
[2025-09-21 00:15:55.754] [info] 

========== ConditionRepresentations ==========
rectangular: 1
0 -1 0 0 <= -16
0 0 0 -1 <= -1
x1 above(16), x3 above(1), 
========== +++++++++++++++++++ ==========
[2025-09-21 00:15:55.754] [info] 

========== ConditionRepresentations ==========
rectangular: 1
0 -1 0 0 <= -16
x1 above(16), 
========== +++++++++++++++++++ ==========
[2025-09-21 00:15:55.754] [info] 

========== ConditionRepresentations ==========
rectangular: 1

========== +++++++++++++++++++ ==========
[2025-09-21 00:15:55.754] [info] 

========== ConditionRepresentations ==========
rectangular: 1
0 -1 0 0 <= -16
x1 above(16), 
========== +++++++++++++++++++ ==========
[2025-09-21 00:15:55.754] [info] 

========== ConditionRepresentations ==========
rectangular: 1

========== +++++++++++++++++++ ==========
[2025-09-21 00:15:55.754] [info] 

========== ConditionRepresentations ==========
rectangular: 1
0 1 0 0 <= 16
0 0 0 -1 <= -1
x1 below(16), x3 above(1), 
========== +++++++++++++++++++ ==========
[2025-09-21 00:15:55.754] [info] 

========== ConditionRepresentations ==========
rectangular: 1
0 -1 0 0 <= -16
0 0 0 -1 <= -1
x1 above(16), x3 above(1), 
========== +++++++++++++++++++ ==========
[2025-09-21 00:15:55.754] [info] 

========== ConditionRepresentations ==========
rectangular: 1

========== +++++++++++++++++++ ==========
[2025-09-21 00:15:55.754] [info] 

========== ConditionRepresentations ==========
rectangular: 1
0 1 0 0 <= 16
0 0 -1 0 <= -2
x1 below(16), x2 above(2), 
========== +++++++++++++++++++ ==========
[2025-09-21 00:15:55.754] [info] 

========== ConditionRepresentations ==========
rectangular: 1
0 -1 0 0 <= -16
0 0 -1 0 <= -2
x1 above(16), x2 above(2), 
========== +++++++++++++++++++ ==========
[2025-09-21 00:15:55.754] [info] 

========== ConditionRepresentations ==========
rectangular: 1

========== +++++++++++++++++++ ==========
[2025-09-21 00:15:55.754] [info] 

========== ConditionRepresentations ==========
rectangular: 1
0 -1 0 0 <= -16
x1 above(16), 
========== +++++++++++++++++++ ==========
[2025-09-21 00:15:55.754] [info] 

========== ConditionRepresentations ==========
rectangular: 1

========== +++++++++++++++++++ ==========
[2025-09-21 00:15:55.754] [info] 

========== ConditionRepresentations ==========
rectangular: 1

========== +++++++++++++++++++ ==========
[2025-09-21 00:15:55.754] [info] 

========== ConditionRepresentations ==========
rectangular: 1

========== +++++++++++++++++++ ==========
[2025-09-21 00:15:55.754] [info] 

========== ConditionRepresentations ==========
rectangular: 1

========== +++++++++++++++++++ ==========
[2025-09-21 00:15:55.754] [info] 

========== ConditionRepresentations ==========
rectangular: 1
-1 0 0 0 <= 0
1 0 0 0 <= 0
0 -1 0 0 <= -4
0 1 0 0 <= 4
0 0 -1 0 <= 0
0 0 1 0 <= 0
0 0 0 -1 <= 0
0 0 0 1 <= 0
x0 point(-0), x1 point(4), x2 point(-0), x3 point(-0), 
========== +++++++++++++++++++ ==========
[2025-09-21 00:15:55.754] [info] 

========== ConditionRepresentations ==========
rectangular: 1
0 -1 0 0 <= -18
x1 above(18), 
========== +++++++++++++++++++ ==========
[2025-09-21 00:15:55.754] [info] 2.0 Creating Unified Datastructure from SAC: 0
[2025-09-21 00:15:59.877] [info] runs 11947 | prob 0.7645434000167406 | low 0.7545440232411017 | high 0.7745427767923795
[2025-09-21 00:16:04.092] [info] runs 11995 | prob 0.7631513130471029 | low 0.7531516227137742 | high 0.7731510033804316
[2025-09-21 00:16:08.246] [info] runs 12050 | prob 0.7615767634854772 | low 0.7515771441607199 | high 0.7715763828102346
[2025-09-21 00:16:12.388] [info] runs 11971 | prob 0.7638459610725921 | low 0.7538463933638754 | high 0.7738455287813087
[2025-09-21 00:16:16.544] [info] runs 11933 | prob 0.7649375680884941 | low 0.7549381288385208 | high 0.7749370073384674
[2025-09-21 00:16:20.688] [info] runs 12172 | prob 0.7580512651988169 | low 0.7480518211879899 | high 0.768050709209644
[2025-09-21 00:16:24.834] [info] runs 12148 | prob 0.7587257161672704 | low 0.7487259144919636 | high 0.7687255178425771
[2025-09-21 00:16:28.994] [info] runs 11945 | prob 0.7645876935956467 | low 0.7545881307420771 | high 0.7745872564492163
[2025-09-21 00:16:33.138] [info] runs 11779 | prob 0.7692503608116139 | low 0.7592504525136075 | high 0.7792502691096204
[2025-09-21 00:16:37.276] [info] runs 11631 | prob 0.7733642851001633 | low 0.7633644333418129 | high 0.7833641368585137
[2025-09-21 00:16:41.428] [info] runs 11740 | prob 0.7703577512776831 | low 0.7603581212021198 | high 0.7803573813532465
[2025-09-21 00:16:45.582] [info] runs 11936 | prob 0.7648290884718498 | low 0.7548293082891502 | high 0.7748288686545495
[2025-09-21 00:16:49.737] [info] runs 11806 | prob 0.7685075385397255 | low 0.7585078387544381 | high 0.778507238325013
[2025-09-21 00:16:53.918] [info] runs 12182 | prob 0.7577573469052701 | low 0.7477578777251601 | high 0.76775681608538
[2025-09-21 00:16:58.097] [info] runs 11978 | prob 0.7636500250459175 | low 0.7536505161800793 | high 0.7736495339117557
[2025-09-21 00:17:02.284] [info] runs 11955 | prob 0.7642827268925136 | low 0.7542828697702911 | high 0.7742825840147362
[2025-09-21 00:17:06.444] [info] runs 11868 | prob 0.766767778901247 | low 0.7567681636264924 | high 0.7767673941760017
[2025-09-21 00:17:10.597] [info] runs 11915 | prob 0.7654217373059169 | low 0.7554218958620627 | high 0.7754215787497711
[2025-09-21 00:17:14.772] [info] runs 11742 | prob 0.7703117015840573 | low 0.7603122195728556 | high 0.780311183595259
[2025-09-21 00:17:18.932] [info] runs 11938 | prob 0.7647847210588038 | low 0.7547851254455805 | high 0.7747843166720271
[2025-09-21 00:17:23.090] [info] runs 11790 | prob 0.7689567430025446 | low 0.7589570524645745 | high 0.7789564335405147
[2025-09-21 00:17:27.261] [info] runs 11806 | prob 0.7685075385397255 | low 0.7585078387544381 | high 0.778507238325013
[2025-09-21 00:17:31.417] [info] runs 12185 | prob 0.7576528518670497 | low 0.7476531470588212 | high 0.7676525566752781
[2025-09-21 00:17:35.596] [info] runs 11927 | prob 0.7650708476565775 | low 0.7550708584362116 | high 0.7750708368769434
[2025-09-21 00:17:39.766] [info] runs 11760 | prob 0.769812925170068 | low 0.7598134947178867 | high 0.7798123556222494
[2025-09-21 00:17:39.798] [info] RESULT:
training_time, simulation_time, prob, low, high, runs
4085, 36, 0.7645434000167406, 0.7545440232411017, 0.7745427767923795, 11947
4164, 36, 0.7631513130471029, 0.7531516227137742, 0.7731510033804316, 11995
4086, 36, 0.7615767634854772, 0.7515771441607199, 0.7715763828102346, 12050
4074, 37, 0.7638459610725921, 0.7538463933638754, 0.7738455287813087, 11971
4087, 36, 0.7649375680884941, 0.7549381288385208, 0.7749370073384674, 11933
4077, 36, 0.7580512651988169, 0.7480518211879899, 0.768050709209644, 12172
4078, 36, 0.7587257161672704, 0.7487259144919636, 0.7687255178425771, 12148
4094, 36, 0.7645876935956467, 0.7545881307420771, 0.7745872564492163, 11945
4079, 34, 0.7692503608116139, 0.7592504525136075, 0.7792502691096204, 11779
4073, 34, 0.7733642851001633, 0.7633644333418129, 0.7833641368585137, 11631
4088, 34, 0.7703577512776831, 0.7603581212021198, 0.7803573813532465, 11740
4087, 36, 0.7648290884718498, 0.7548293082891502, 0.7748288686545495, 11936
4089, 35, 0.7685075385397255, 0.7585078387544381, 0.778507238325013, 11806
4112, 36, 0.7577573469052701, 0.7477578777251601, 0.76775681608538, 12182
4113, 36, 0.7636500250459175, 0.7536505161800793, 0.7736495339117557, 11978
4118, 36, 0.7642827268925136, 0.7542828697702911, 0.7742825840147362, 11955
4094, 36, 0.766767778901247, 0.7567681636264924, 0.7767673941760017, 11868
4086, 36, 0.7654217373059169, 0.7554218958620627, 0.7754215787497711, 11915
4108, 35, 0.7703117015840573, 0.7603122195728556, 0.780311183595259, 11742
4092, 36, 0.7647847210588038, 0.7547851254455805, 0.7747843166720271, 11938
4090, 36, 0.7689567430025446, 0.7589570524645745, 0.7789564335405147, 11790
4103, 36, 0.7685075385397255, 0.7585078387544381, 0.778507238325013, 11806
4087, 37, 0.7576528518670497, 0.7476531470588212, 0.7676525566752781, 12185
4112, 36, 0.7650708476565775, 0.7550708584362116, 0.7750708368769434, 11927
4104, 35, 0.769812925170068, 0.7598134947178867, 0.7798123556222494, 11760
# timestamp 21.09.2025 00:15:55 (1758406555), datastructure sac
# timebound 11, expirations {"r1": 0, "r2": 0}
# alpha 0.1, gamma 1
# fixed points 5, uniform granularity 1
# scheduler goal: MAXIMIZING, scope: PROPHETIC, history: HISTORY_DEPENDENT
# training runs 1000000

[2025-09-21 00:17:39.798] [info] 2.1 Simulating on SAC: 104043
[2025-09-21 00:17:39.798] [info] Analysis finished; the goal is not reachable.
[2025-09-21 00:17:39.798] [info] Probability: 0.0
[2025-09-21 00:17:39.798] [info] 2 Analysis: 104043
[2025-09-21 00:17:39.798] [info] 0 Computation Time Complete: 104044
[2025-09-21 00:17:39.798] [info] Counters and timers:
Counters:

Timers:
0 Computation Time Complete: 104044
1 Model creation: 0
2 Analysis: 104043
2.0 Creating Unified Datastructure from SAC: 0
2.1 Simulating on SAC: 104043

timebound = 11, jump depth = 100, max expirations of random clocks = [{r1: 0}, {r2: 0}], combine absorbing locations in unrolling = 150, integration bound(s) = 11, integration samples = 500000, model = WATERTANK, model case = CASE_A, LTI analysis = rectangular analysis, scheduler = goal: MAXIMIZING, scope: PROPHETIC, history: HISTORY_DEPENDENT, multithreaded = 1, disableBackwardsRefinement = 0
simulating 0 runs after 5000 training runs with parameters:
learning rate                 0.1
discount factor               1
exploration rate              0.15
uniform granularity           1
adaptive compartments         5


[2025-09-21 20:16:41.684] [warning] no flow specified for variable c1 in location all_off - assuming flow of 0
[2025-09-21 20:16:41.684] [warning] no flow specified for variable c1 in location v2_on - assuming flow of 0
[2025-09-21 20:16:41.684] [warning] no flow specified for variable c1 in location v1_block - assuming flow of 0
[2025-09-21 20:16:41.684] [warning] no flow specified for variable c1 in location v2_block - assuming flow of 0
[2025-09-21 20:16:41.684] [warning] no flow specified for variable c1 in location v1_block_v2_on - assuming flow of 0
[2025-09-21 20:16:41.684] [warning] no flow specified for variable c1 in location block_safe - assuming flow of 0
[2025-09-21 20:16:41.684] [warning] no flow specified for variable c1 in location block_unsafe - assuming flow of 0
[2025-09-21 20:16:41.684] [warning] no flow specified for variable c2 in location all_off - assuming flow of 0
[2025-09-21 20:16:41.684] [warning] no flow specified for variable c2 in location v1_on - assuming flow of 0
[2025-09-21 20:16:41.684] [warning] no flow specified for variable c2 in location v1_block - assuming flow of 0
[2025-09-21 20:16:41.684] [warning] no flow specified for variable c2 in location v2_block - assuming flow of 0
[2025-09-21 20:16:41.684] [warning] no flow specified for variable c2 in location v2_block_v1_on - assuming flow of 0
[2025-09-21 20:16:41.684] [warning] no flow specified for variable c2 in location block_safe - assuming flow of 0
[2025-09-21 20:16:41.684] [warning] no flow specified for variable c2 in location block_unsafe - assuming flow of 0
[2025-09-21 20:16:41.684] [warning] no constraints specified for variable c1 in initial constraint number 0 - assuming [0,0]
[2025-09-21 20:16:41.684] [warning] no constraints specified for variable c2 in initial constraint number 0 - assuming [0,0]
[2025-09-21 20:16:41.684] [info] 1 Model creation: 0
[2025-09-21 20:16:41.684] [info] 

========== ConditionRepresentations ==========
rectangular: 1
0 1 0 0 <= 16
-1 0 0 0 <= 0
1 0 0 0 <= 11
x0 range(-0, 11), x1 below(16), 
========== +++++++++++++++++++ ==========
[2025-09-21 20:16:41.684] [info] 

========== ConditionRepresentations ==========
rectangular: 1
0 0 1 0 <= 2
-1 0 0 0 <= 0
1 0 0 0 <= 11
x0 range(-0, 11), x2 below(2), 
========== +++++++++++++++++++ ==========
[2025-09-21 20:16:41.684] [info] 

========== ConditionRepresentations ==========
rectangular: 1
0 0 0 1 <= 1
-1 0 0 0 <= 0
1 0 0 0 <= 11
x0 range(-0, 11), x3 below(1), 
========== +++++++++++++++++++ ==========
[2025-09-21 20:16:41.684] [info] 

========== ConditionRepresentations ==========
rectangular: 1
0 1 0 0 <= 16
-1 0 0 0 <= 0
1 0 0 0 <= 11
x0 range(-0, 11), x1 below(16), 
========== +++++++++++++++++++ ==========
[2025-09-21 20:16:41.684] [info] 

========== ConditionRepresentations ==========
rectangular: 1
0 1 0 0 <= 16
-1 0 0 0 <= 0
1 0 0 0 <= 11
x0 range(-0, 11), x1 below(16), 
========== +++++++++++++++++++ ==========
[2025-09-21 20:16:41.684] [info] 

========== ConditionRepresentations ==========
rectangular: 1
0 0 0 1 <= 1
-1 0 0 0 <= 0
1 0 0 0 <= 11
x0 range(-0, 11), x3 below(1), 
========== +++++++++++++++++++ ==========
[2025-09-21 20:16:41.684] [info] 

========== ConditionRepresentations ==========
rectangular: 1
0 0 1 0 <= 2
-1 0 0 0 <= 0
1 0 0 0 <= 11
x0 range(-0, 11), x2 below(2), 
========== +++++++++++++++++++ ==========
[2025-09-21 20:16:41.684] [info] 

========== ConditionRepresentations ==========
rectangular: 1
0 1 0 0 <= 16
-1 0 0 0 <= 0
1 0 0 0 <= 11
x0 range(-0, 11), x1 below(16), 
========== +++++++++++++++++++ ==========
[2025-09-21 20:16:41.684] [info] 

========== ConditionRepresentations ==========
rectangular: 1
-1 0 0 0 <= 0
1 0 0 0 <= 11
x0 range(-0, 11), 
========== +++++++++++++++++++ ==========
[2025-09-21 20:16:41.684] [info] 

========== ConditionRepresentations ==========
rectangular: 1
0 -1 0 0 <= -16
x1 above(16), 
========== +++++++++++++++++++ ==========
[2025-09-21 20:16:41.684] [info] 

========== ConditionRepresentations ==========
rectangular: 1
0 -1 0 0 <= -16
x1 above(16), 
========== +++++++++++++++++++ ==========
[2025-09-21 20:16:41.684] [info] 

========== ConditionRepresentations ==========
rectangular: 1
0 1 0 0 <= 16
0 0 -1 0 <= -2
x1 below(16), x2 above(2), 
========== +++++++++++++++++++ ==========
[2025-09-21 20:16:41.684] [info] 

========== ConditionRepresentations ==========
rectangular: 1
0 -1 0 0 <= -16
0 0 -1 0 <= -2
x1 above(16), x2 above(2), 
========== +++++++++++++++++++ ==========
[2025-09-21 20:16:41.684] [info] 

========== ConditionRepresentations ==========
rectangular: 1
0 1 0 0 <= 16
0 0 0 -1 <= -1
x1 below(16), x3 above(1), 
========== +++++++++++++++++++ ==========
[2025-09-21 20:16:41.684] [info] 

========== ConditionRepresentations ==========
rectangular: 1
0 -1 0 0 <= -16
0 0 0 -1 <= -1
x1 above(16), x3 above(1), 
========== +++++++++++++++++++ ==========
[2025-09-21 20:16:41.684] [info] 

========== ConditionRepresentations ==========
rectangular: 1
0 -1 0 0 <= -16
x1 above(16), 
========== +++++++++++++++++++ ==========
[2025-09-21 20:16:41.684] [info] 

========== ConditionRepresentations ==========
rectangular: 1

========== +++++++++++++++++++ ==========
[2025-09-21 20:16:41.684] [info] 

========== ConditionRepresentations ==========
rectangular: 1
0 -1 0 0 <= -16
x1 above(16), 
========== +++++++++++++++++++ ==========
[2025-09-21 20:16:41.684] [info] 

========== ConditionRepresentations ==========
rectangular: 1

========== +++++++++++++++++++ ==========
[2025-09-21 20:16:41.684] [info] 

========== ConditionRepresentations ==========
rectangular: 1
0 1 0 0 <= 16
0 0 0 -1 <= -1
x1 below(16), x3 above(1), 
========== +++++++++++++++++++ ==========
[2025-09-21 20:16:41.684] [info] 

========== ConditionRepresentations ==========
rectangular: 1
0 -1 0 0 <= -16
0 0 0 -1 <= -1
x1 above(16), x3 above(1), 
========== +++++++++++++++++++ ==========
[2025-09-21 20:16:41.684] [info] 

========== ConditionRepresentations ==========
rectangular: 1

========== +++++++++++++++++++ ==========
[2025-09-21 20:16:41.684] [info] 

========== ConditionRepresentations ==========
rectangular: 1
0 1 0 0 <= 16
0 0 -1 0 <= -2
x1 below(16), x2 above(2), 
========== +++++++++++++++++++ ==========
[2025-09-21 20:16:41.684] [info] 

========== ConditionRepresentations ==========
rectangular: 1
0 -1 0 0 <= -16
0 0 -1 0 <= -2
x1 above(16), x2 above(2), 
========== +++++++++++++++++++ ==========
[2025-09-21 20:16:41.684] [info] 

========== ConditionRepresentations ==========
rectangular: 1

========== +++++++++++++++++++ ==========
[2025-09-21 20:16:41.684] [info] 

========== ConditionRepresentations ==========
rectangular: 1
0 -1 0 0 <= -16
x1 above(16), 
========== +++++++++++++++++++ ==========
[2025-09-21 20:16:41.684] [info] 

========== ConditionRepresentations ==========
rectangular: 1

========== +++++++++++++++++++ ==========
[2025-09-21 20:16:41.684] [info] 

========== ConditionRepresentations ==========
rectangular: 1

========== +++++++++++++++++++ ==========
[2025-09-21 20:16:41.684] [info] 

========== ConditionRepresentations ==========
rectangular: 1

========== +++++++++++++++++++ ==========
[2025-09-21 20:16:41.684] [info] 

========== ConditionRepresentations ==========
rectangular: 1

========== +++++++++++++++++++ ==========
[2025-09-21 20:16:41.684] [info] 

========== ConditionRepresentations ==========
rectangular: 1
-1 0 0 0 <= 0
1 0 0 0 <= 0
0 -1 0 0 <= -4
0 1 0 0 <= 4
0 0 -1 0 <= 0
0 0 1 0 <= 0
0 0 0 -1 <= 0
0 0 0 1 <= 0
x0 point(-0), x1 point(4), x2 point(-0), x3 point(-0), 
========== +++++++++++++++++++ ==========
[2025-09-21 20:16:41.684] [info] 

========== ConditionRepresentations ==========
rectangular: 1
0 -1 0 0 <= -18
x1 above(18), 
========== +++++++++++++++++++ ==========
[2025-09-21 20:16:41.684] [info] 2.0 Creating Unified Datastructure from SAC: 0
[2025-09-21 20:16:41.730] [info] runs 12876 | prob 0.7365641503572538 | low 0.7265641940806512 | high 0.7465641066338563
[2025-09-21 20:16:41.776] [info] runs 12976 | prob 0.7333538840937115 | low 0.7233538870993639 | high 0.7433538810880591
[2025-09-21 20:16:41.825] [info] runs 12688 | prob 0.7425126103404792 | low 0.7325130898915492 | high 0.7525121307894093
[2025-09-21 20:16:41.872] [info] runs 12830 | prob 0.7380358534684334 | low 0.728036033330116 | high 0.7480356736067507
[2025-09-21 20:16:41.920] [info] runs 12729 | prob 0.7412208343153429 | low 0.7312211295340385 | high 0.7512205390966473
[2025-09-21 20:16:41.970] [info] runs 12746 | prob 0.740702965636278 | low 0.7307034326310936 | high 0.7507024986414624
[2025-09-21 20:16:42.019] [info] runs 12732 | prob 0.7411247251021049 | low 0.7311249903245308 | high 0.751124459879679
[2025-09-21 20:16:42.067] [info] runs 12765 | prob 0.7400705052878966 | low 0.7300705103881295 | high 0.7500705001876637
[2025-09-21 20:16:42.116] [info] runs 12946 | prob 0.7343581028889232 | low 0.7243585567289478 | high 0.7443576490488987
[2025-09-21 20:16:42.164] [info] runs 12835 | prob 0.7379041682898325 | low 0.7279046757426386 | high 0.7479036608370264
[2025-09-21 20:16:42.211] [info] runs 12796 | prob 0.7391372303844952 | low 0.7291377523074857 | high 0.7491367084615047
[2025-09-21 20:16:42.258] [info] runs 12987 | prob 0.733040733040733 | low 0.7230412397598915 | high 0.7430402263215745
[2025-09-21 20:16:42.305] [info] runs 12991 | prob 0.7328920021553383 | low 0.7228922783580249 | high 0.7428917259526517
[2025-09-21 20:16:42.351] [info] runs 12827 | prob 0.7381305059639822 | low 0.728130682268393 | high 0.7481303296595715
[2025-09-21 20:16:42.399] [info] runs 12672 | prob 0.7429766414141414 | low 0.7329767069506004 | high 0.7529765758776825
[2025-09-21 20:16:42.448] [info] runs 12930 | prob 0.7348801237432327 | low 0.724880676554816 | high 0.7448795709316495
[2025-09-21 20:16:42.495] [info] runs 13130 | prob 0.7283320639756283 | low 0.7183321237940579 | high 0.7383320041571988
[2025-09-21 20:16:42.545] [info] runs 12984 | prob 0.7331330868761553 | low 0.7231335386021901 | high 0.7431326351501205
[2025-09-21 20:16:42.594] [info] runs 12845 | prob 0.7375632541845076 | low 0.7275634668895145 | high 0.7475630414795008
[2025-09-21 20:16:42.644] [info] runs 12934 | prob 0.734730168548013 | low 0.7247304610311829 | high 0.7447298760648431
[2025-09-21 20:16:42.692] [info] runs 12962 | prob 0.7338373707761148 | low 0.7238377552692556 | high 0.7438369862829739
[2025-09-21 20:16:42.743] [info] runs 13050 | prob 0.7309578544061303 | low 0.7209579250882728 | high 0.7409577837239877
[2025-09-21 20:16:42.791] [info] runs 12956 | prob 0.7340228465575795 | low 0.7240231379522637 | high 0.7440225551628954
[2025-09-21 20:16:42.840] [info] runs 12972 | prob 0.7335029293863706 | low 0.7235031703543141 | high 0.7435026884184271
[2025-09-21 20:16:42.887] [info] runs 12965 | prob 0.7337446972618589 | low 0.723745129702749 | high 0.7437442648209688
[2025-09-21 20:16:42.887] [info] RESULT:
training_time, simulation_time, prob, low, high, runs
16, 29, 0.7365641503572538, 0.7265641940806512, 0.7465641066338563, 12876
15, 30, 0.7333538840937115, 0.7233538870993639, 0.7433538810880591, 12976
16, 32, 0.7425126103404792, 0.7325130898915492, 0.7525121307894093, 12688
16, 30, 0.7380358534684334, 0.728036033330116, 0.7480356736067507, 12830
15, 32, 0.7412208343153429, 0.7312211295340385, 0.7512205390966473, 12729
16, 33, 0.740702965636278, 0.7307034326310936, 0.7507024986414624, 12746
16, 32, 0.7411247251021049, 0.7311249903245308, 0.751124459879679, 12732
16, 31, 0.7400705052878966, 0.7300705103881295, 0.7500705001876637, 12765
15, 33, 0.7343581028889232, 0.7243585567289478, 0.7443576490488987, 12946
15, 32, 0.7379041682898325, 0.7279046757426386, 0.7479036608370264, 12835
15, 30, 0.7391372303844952, 0.7291377523074857, 0.7491367084615047, 12796
16, 30, 0.733040733040733, 0.7230412397598915, 0.7430402263215745, 12987
16, 30, 0.7328920021553383, 0.7228922783580249, 0.7428917259526517, 12991
16, 30, 0.7381305059639822, 0.728130682268393, 0.7481303296595715, 12827
15, 31, 0.7429766414141414, 0.7329767069506004, 0.7529765758776825, 12672
16, 32, 0.7348801237432327, 0.724880676554816, 0.7448795709316495, 12930
16, 31, 0.7283320639756283, 0.7183321237940579, 0.7383320041571988, 13130
16, 33, 0.7331330868761553, 0.7231335386021901, 0.7431326351501205, 12984
16, 33, 0.7375632541845076, 0.7275634668895145, 0.7475630414795008, 12845
16, 33, 0.734730168548013, 0.7247304610311829, 0.7447298760648431, 12934
16, 31, 0.7338373707761148, 0.7238377552692556, 0.7438369862829739, 12962
16, 34, 0.7309578544061303, 0.7209579250882728, 0.7409577837239877, 13050
16, 31, 0.7340228465575795, 0.7240231379522637, 0.7440225551628954, 12956
16, 33, 0.7335029293863706, 0.7235031703543141, 0.7435026884184271, 12972
16, 30, 0.7337446972618589, 0.723745129702749, 0.7437442648209688, 12965
# timestamp 21.09.2025 20:16:41 (1758478601), datastructure sac
# timebound 11, expirations {"r1": 0, "r2": 0}
# alpha 0.1, gamma 1
# fixed points 5, uniform granularity 1
# scheduler goal: MAXIMIZING, scope: NONPROPHETIC, history: DISCRETE_HISTORY
# training runs 5000

[2025-09-21 20:16:42.929] [info] runs 13013 | prob 0.7321908860370399 | low 0.7221913009666319 | high 0.7421904711074478
[2025-09-21 20:16:42.971] [info] runs 12897 | prob 0.735907575405133 | low 0.7259077799314396 | high 0.7459073708788263
[2025-09-21 20:16:43.015] [info] runs 12882 | prob 0.736376339077783 | low 0.7263764238723802 | high 0.7463762542831858
[2025-09-21 20:16:43.059] [info] runs 13029 | prob 0.7316754931307085 | low 0.7216759595992255 | high 0.7416750266621914
[2025-09-21 20:16:43.103] [info] runs 12709 | prob 0.7418364938232749 | low 0.7318366851372883 | high 0.7518363025092615
[2025-09-21 20:16:43.146] [info] runs 13053 | prob 0.7308664674787405 | low 0.7208666145226484 | high 0.7408663204348326
[2025-09-21 20:16:43.187] [info] runs 12715 | prob 0.7416437278804562 | low 0.731643846572562 | high 0.7516436091883504
[2025-09-21 20:16:43.230] [info] runs 12738 | prob 0.7409326424870466 | low 0.7309328509078378 | high 0.7509324340662554
[2025-09-21 20:16:43.274] [info] runs 12672 | prob 0.7429766414141414 | low 0.7329767069506004 | high 0.7529765758776825
[2025-09-21 20:16:43.318] [info] runs 12632 | prob 0.7442210259658011 | low 0.734221182804286 | high 0.7542208691273161
[2025-09-21 20:16:43.359] [info] runs 12950 | prob 0.7342084942084942 | low 0.7242086962448087 | high 0.7442082921721798
[2025-09-21 20:16:43.403] [info] runs 12570 | prob 0.7461416070007956 | low 0.7361419613120451 | high 0.756141252689546
[2025-09-21 20:16:43.443] [info] runs 12709 | prob 0.7418364938232749 | low 0.7318366851372883 | high 0.7518363025092615
[2025-09-21 20:16:43.485] [info] runs 12950 | prob 0.7342084942084942 | low 0.7242086962448087 | high 0.7442082921721798
[2025-09-21 20:16:43.529] [info] runs 12953 | prob 0.7341156488844283 | low 0.7241158951316129 | high 0.7441154026372436
[2025-09-21 20:16:43.570] [info] runs 12829 | prob 0.7380933821809962 | low 0.7280938807253028 | high 0.7480928836366896
[2025-09-21 20:16:43.612] [info] runs 12862 | prob 0.7370548903747474 | low 0.7270554873915074 | high 0.7470542933579873
[2025-09-21 20:16:43.653] [info] runs 12637 | prob 0.7440848302603466 | low 0.7340852192447885 | high 0.7540844412759046
[2025-09-21 20:16:43.694] [info] runs 12854 | prob 0.7372802240547689 | low 0.72728046844917 | high 0.7472799796603677
[2025-09-21 20:16:43.738] [info] runs 12894 | prob 0.7360012408872344 | low 0.7260014195249092 | high 0.7460010622495596
[2025-09-21 20:16:43.779] [info] runs 12868 | prob 0.7368666459434255 | low 0.7268672737760221 | high 0.746866018110829
[2025-09-21 20:16:43.823] [info] runs 12903 | prob 0.7357203751065644 | low 0.7257206343118838 | high 0.745720115901245
[2025-09-21 20:16:43.867] [info] runs 12931 | prob 0.7348232928621143 | low 0.7248235473699625 | high 0.7448230383542662
[2025-09-21 20:16:43.908] [info] runs 12803 | prob 0.7388893228149652 | low 0.728889507090328 | high 0.7488891385396025
[2025-09-21 20:16:43.950] [info] runs 12747 | prob 0.7406448576135561 | low 0.7306449887815702 | high 0.750644726445542
[2025-09-21 20:16:43.950] [info] RESULT:
training_time, simulation_time, prob, low, high, runs
13, 28, 0.7321908860370399, 0.7221913009666319, 0.7421904711074478, 13013
14, 27, 0.735907575405133, 0.7259077799314396, 0.7459073708788263, 12897
14, 29, 0.736376339077783, 0.7263764238723802, 0.7463762542831858, 12882
13, 30, 0.7316754931307085, 0.7216759595992255, 0.7416750266621914, 13029
14, 30, 0.7418364938232749, 0.7318366851372883, 0.7518363025092615, 12709
14, 28, 0.7308664674787405, 0.7208666145226484, 0.7408663204348326, 13053
13, 26, 0.7416437278804562, 0.731643846572562, 0.7516436091883504, 12715
14, 29, 0.7409326424870466, 0.7309328509078378, 0.7509324340662554, 12738
14, 29, 0.7429766414141414, 0.7329767069506004, 0.7529765758776825, 12672
14, 29, 0.7442210259658011, 0.734221182804286, 0.7542208691273161, 12632
14, 27, 0.7342084942084942, 0.7242086962448087, 0.7442082921721798, 12950
14, 29, 0.7461416070007956, 0.7361419613120451, 0.756141252689546, 12570
13, 26, 0.7418364938232749, 0.7318366851372883, 0.7518363025092615, 12709
13, 27, 0.7342084942084942, 0.7242086962448087, 0.7442082921721798, 12950
13, 30, 0.7341156488844283, 0.7241158951316129, 0.7441154026372436, 12953
14, 27, 0.7380933821809962, 0.7280938807253028, 0.7480928836366896, 12829
14, 27, 0.7370548903747474, 0.7270554873915074, 0.7470542933579873, 12862
13, 26, 0.7440848302603466, 0.7340852192447885, 0.7540844412759046, 12637
14, 27, 0.7372802240547689, 0.72728046844917, 0.7472799796603677, 12854
13, 29, 0.7360012408872344, 0.7260014195249092, 0.7460010622495596, 12894
13, 26, 0.7368666459434255, 0.7268672737760221, 0.746866018110829, 12868
14, 30, 0.7357203751065644, 0.7257206343118838, 0.745720115901245, 12903
13, 29, 0.7348232928621143, 0.7248235473699625, 0.7448230383542662, 12931
14, 27, 0.7388893228149652, 0.728889507090328, 0.7488891385396025, 12803
14, 27, 0.7406448576135561, 0.7306449887815702, 0.750644726445542, 12747
# timestamp 21.09.2025 20:16:41 (1758478601), datastructure sac
# timebound 11, expirations {"r1": 0, "r2": 0}
# alpha 0.1, gamma 1
# fixed points 5, uniform granularity 1
# scheduler goal: MAXIMIZING, scope: NONPROPHETIC, history: MEMORYLESS
# training runs 5000

[2025-09-21 20:16:43.950] [info] 2.1 Simulating on SAC: 2265
[2025-09-21 20:16:43.950] [info] Analysis finished; the goal is not reachable.
[2025-09-21 20:16:43.950] [info] Probability: 0.0
[2025-09-21 20:16:43.950] [info] 2 Analysis: 2265
[2025-09-21 20:16:43.950] [info] 0 Computation Time Complete: 2266
[2025-09-21 20:16:43.950] [info] Counters and timers:
Counters:

Timers:
0 Computation Time Complete: 2266
1 Model creation: 0
2 Analysis: 2265
2.0 Creating Unified Datastructure from SAC: 0
2.1 Simulating on SAC: 2265

timebound = 11, jump depth = 100, max expirations of random clocks = [{r1: 0}, {r2: 0}], combine absorbing locations in unrolling = 224, integration bound(s) = 11, integration samples = 500000, model = WATERTANK, model case = CASE_A, LTI analysis = rectangular analysis, scheduler = goal: MAXIMIZING, scope: PROPHETIC, history: HISTORY_DEPENDENT, multithreaded = 1, disableBackwardsRefinement = 0
simulating 0 runs after 20000 training runs with parameters:
learning rate                 0.1
discount factor               1
exploration rate              0.15
uniform granularity           0.5
adaptive compartments         5


[2025-09-21 20:16:43.961] [warning] no flow specified for variable c1 in location all_off - assuming flow of 0
[2025-09-21 20:16:43.961] [warning] no flow specified for variable c1 in location v2_on - assuming flow of 0
[2025-09-21 20:16:43.961] [warning] no flow specified for variable c1 in location v1_block - assuming flow of 0
[2025-09-21 20:16:43.961] [warning] no flow specified for variable c1 in location v2_block - assuming flow of 0
[2025-09-21 20:16:43.961] [warning] no flow specified for variable c1 in location v1_block_v2_on - assuming flow of 0
[2025-09-21 20:16:43.961] [warning] no flow specified for variable c1 in location block_safe - assuming flow of 0
[2025-09-21 20:16:43.961] [warning] no flow specified for variable c1 in location block_unsafe - assuming flow of 0
[2025-09-21 20:16:43.961] [warning] no flow specified for variable c2 in location all_off - assuming flow of 0
[2025-09-21 20:16:43.961] [warning] no flow specified for variable c2 in location v1_on - assuming flow of 0
[2025-09-21 20:16:43.961] [warning] no flow specified for variable c2 in location v1_block - assuming flow of 0
[2025-09-21 20:16:43.961] [warning] no flow specified for variable c2 in location v2_block - assuming flow of 0
[2025-09-21 20:16:43.961] [warning] no flow specified for variable c2 in location v2_block_v1_on - assuming flow of 0
[2025-09-21 20:16:43.961] [warning] no flow specified for variable c2 in location block_safe - assuming flow of 0
[2025-09-21 20:16:43.961] [warning] no flow specified for variable c2 in location block_unsafe - assuming flow of 0
[2025-09-21 20:16:43.961] [warning] no constraints specified for variable c1 in initial constraint number 0 - assuming [0,0]
[2025-09-21 20:16:43.961] [warning] no constraints specified for variable c2 in initial constraint number 0 - assuming [0,0]
[2025-09-21 20:16:43.962] [info] 1 Model creation: 0
[2025-09-21 20:16:43.962] [info] 

========== ConditionRepresentations ==========
rectangular: 1
0 1 0 0 <= 16
-1 0 0 0 <= 0
1 0 0 0 <= 11
x0 range(-0, 11), x1 below(16), 
========== +++++++++++++++++++ ==========
[2025-09-21 20:16:43.962] [info] 

========== ConditionRepresentations ==========
rectangular: 1
0 0 1 0 <= 2
-1 0 0 0 <= 0
1 0 0 0 <= 11
x0 range(-0, 11), x2 below(2), 
========== +++++++++++++++++++ ==========
[2025-09-21 20:16:43.962] [info] 

========== ConditionRepresentations ==========
rectangular: 1
0 0 0 1 <= 1
-1 0 0 0 <= 0
1 0 0 0 <= 11
x0 range(-0, 11), x3 below(1), 
========== +++++++++++++++++++ ==========
[2025-09-21 20:16:43.962] [info] 

========== ConditionRepresentations ==========
rectangular: 1
0 1 0 0 <= 16
-1 0 0 0 <= 0
1 0 0 0 <= 11
x0 range(-0, 11), x1 below(16), 
========== +++++++++++++++++++ ==========
[2025-09-21 20:16:43.962] [info] 

========== ConditionRepresentations ==========
rectangular: 1
0 1 0 0 <= 16
-1 0 0 0 <= 0
1 0 0 0 <= 11
x0 range(-0, 11), x1 below(16), 
========== +++++++++++++++++++ ==========
[2025-09-21 20:16:43.962] [info] 

========== ConditionRepresentations ==========
rectangular: 1
0 0 0 1 <= 1
-1 0 0 0 <= 0
1 0 0 0 <= 11
x0 range(-0, 11), x3 below(1), 
========== +++++++++++++++++++ ==========
[2025-09-21 20:16:43.962] [info] 

========== ConditionRepresentations ==========
rectangular: 1
0 0 1 0 <= 2
-1 0 0 0 <= 0
1 0 0 0 <= 11
x0 range(-0, 11), x2 below(2), 
========== +++++++++++++++++++ ==========
[2025-09-21 20:16:43.962] [info] 

========== ConditionRepresentations ==========
rectangular: 1
0 1 0 0 <= 16
-1 0 0 0 <= 0
1 0 0 0 <= 11
x0 range(-0, 11), x1 below(16), 
========== +++++++++++++++++++ ==========
[2025-09-21 20:16:43.962] [info] 

========== ConditionRepresentations ==========
rectangular: 1
-1 0 0 0 <= 0
1 0 0 0 <= 11
x0 range(-0, 11), 
========== +++++++++++++++++++ ==========
[2025-09-21 20:16:43.962] [info] 

========== ConditionRepresentations ==========
rectangular: 1
0 -1 0 0 <= -16
x1 above(16), 
========== +++++++++++++++++++ ==========
[2025-09-21 20:16:43.962] [info] 

========== ConditionRepresentations ==========
rectangular: 1
0 -1 0 0 <= -16
x1 above(16), 
========== +++++++++++++++++++ ==========
[2025-09-21 20:16:43.962] [info] 

========== ConditionRepresentations ==========
rectangular: 1
0 1 0 0 <= 16
0 0 -1 0 <= -2
x1 below(16), x2 above(2), 
========== +++++++++++++++++++ ==========
[2025-09-21 20:16:43.962] [info] 

========== ConditionRepresentations ==========
rectangular: 1
0 -1 0 0 <= -16
0 0 -1 0 <= -2
x1 above(16), x2 above(2), 
========== +++++++++++++++++++ ==========
[2025-09-21 20:16:43.962] [info] 

========== ConditionRepresentations ==========
rectangular: 1
0 1 0 0 <= 16
0 0 0 -1 <= -1
x1 below(16), x3 above(1), 
========== +++++++++++++++++++ ==========
[2025-09-21 20:16:43.962] [info] 

========== ConditionRepresentations ==========
rectangular: 1
0 -1 0 0 <= -16
0 0 0 -1 <= -1
x1 above(16), x3 above(1), 
========== +++++++++++++++++++ ==========
[2025-09-21 20:16:43.962] [info] 

========== ConditionRepresentations ==========
rectangular: 1
0 -1 0 0 <= -16
x1 above(16), 
========== +++++++++++++++++++ ==========
[2025-09-21 20:16:43.962] [info] 

========== ConditionRepresentations ==========
rectangular: 1

========== +++++++++++++++++++ ==========
[2025-09-21 20:16:43.962] [info] 

========== ConditionRepresentations ==========
rectangular: 1
0 -1 0 0 <= -16
x1 above(16), 
========== +++++++++++++++++++ ==========
[2025-09-21 20:16:43.962] [info] 

========== ConditionRepresentations ==========
rectangular: 1

========== +++++++++++++++++++ ==========
[2025-09-21 20:16:43.962] [info] 

========== ConditionRepresentations ==========
rectangular: 1
0 1 0 0 <= 16
0 0 0 -1 <= -1
x1 below(16), x3 above(1), 
========== +++++++++++++++++++ ==========
[2025-09-21 20:16:43.962] [info] 

========== ConditionRepresentations ==========
rectangular: 1
0 -1 0 0 <= -16
0 0 0 -1 <= -1
x1 above(16), x3 above(1), 
========== +++++++++++++++++++ ==========
[2025-09-21 20:16:43.962] [info] 

========== ConditionRepresentations ==========
rectangular: 1

========== +++++++++++++++++++ ==========
[2025-09-21 20:16:43.962] [info] 

========== ConditionRepresentations ==========
rectangular: 1
0 1 0 0 <= 16
0 0 -1 0 <= -2
x1 below(16), x2 above(2), 
========== +++++++++++++++++++ ==========
[2025-09-21 20:16:43.962] [info] 

========== ConditionRepresentations ==========
rectangular: 1
0 -1 0 0 <= -16
0 0 -1 0 <= -2
x1 above(16), x2 above(2), 
========== +++++++++++++++++++ ==========
[2025-09-21 20:16:43.962] [info] 

========== ConditionRepresentations ==========
rectangular: 1

========== +++++++++++++++++++ ==========
[2025-09-21 20:16:43.962] [info] 

========== ConditionRepresentations ==========
rectangular: 1
0 -1 0 0 <= -16
x1 above(16), 
========== +++++++++++++++++++ ==========
[2025-09-21 20:16:43.962] [info] 

========== ConditionRepresentations ==========
rectangular: 1

========== +++++++++++++++++++ ==========
[2025-09-21 20:16:43.962] [info] 

========== ConditionRepresentations ==========
rectangular: 1

========== +++++++++++++++++++ ==========
[2025-09-21 20:16:43.962] [info] 

========== ConditionRepresentations ==========
rectangular: 1

========== +++++++++++++++++++ ==========
[2025-09-21 20:16:43.962] [info] 

========== ConditionRepresentations ==========
rectangular: 1

========== +++++++++++++++++++ ==========
[2025-09-21 20:16:43.962] [info] 

========== ConditionRepresentations ==========
rectangular: 1
-1 0 0 0 <= 0
1 0 0 0 <= 0
0 -1 0 0 <= -4
0 1 0 0 <= 4
0 0 -1 0 <= 0
0 0 1 0 <= 0
0 0 0 -1 <= 0
0 0 0 1 <= 0
x0 point(-0), x1 point(4), x2 point(-0), x3 point(-0), 
========== +++++++++++++++++++ ==========
[2025-09-21 20:16:43.962] [info] 

========== ConditionRepresentations ==========
rectangular: 1
0 -1 0 0 <= -18
x1 above(18), 
========== +++++++++++++++++++ ==========
[2025-09-21 20:16:43.962] [info] 2.0 Creating Unified Datastructure from SAC: 0
[2025-09-21 20:16:44.083] [info] runs 12702 | prob 0.7420878601794992 | low 0.7320884735615453 | high 0.7520872467974532
[2025-09-21 20:16:44.201] [info] runs 12183 | prob 0.7576951489780842 | low 0.7476952170323142 | high 0.7676950809238542
[2025-09-21 20:16:44.319] [info] runs 12414 | prob 0.7508458192363461 | low 0.7408458316449092 | high 0.7608458068277829
[2025-09-21 20:16:44.443] [info] runs 12502 | prob 0.7482002879539273 | low 0.7382004569284585 | high 0.7582001189793962
[2025-09-21 20:16:44.563] [info] runs 12276 | prob 0.7549690452916259 | low 0.7449692187308042 | high 0.7649688718524476
[2025-09-21 20:16:44.682] [info] runs 12497 | prob 0.7483396015043611 | low 0.7383396066179123 | high 0.7583395963908098
[2025-09-21 20:16:44.800] [info] runs 12561 | prob 0.7464373855584746 | low 0.7364380060181168 | high 0.7564367650988324
[2025-09-21 20:16:44.924] [info] runs 12316 | prob 0.7538161740824944 | low 0.7438167841864631 | high 0.7638155639785256
[2025-09-21 20:16:45.051] [info] runs 12642 | prob 0.7439487422876128 | low 0.7339493655930612 | high 0.7539481189821643
[2025-09-21 20:16:45.170] [info] runs 12463 | prob 0.7494182781031854 | low 0.7394189367040606 | high 0.7594176195023102
[2025-09-21 20:16:45.289] [info] runs 12612 | prob 0.7448461782429432 | low 0.7348464496362364 | high 0.75484590684965
[2025-09-21 20:16:45.407] [info] runs 12215 | prob 0.7567744576340565 | low 0.7467747582083304 | high 0.7667741570597826
[2025-09-21 20:16:45.525] [info] runs 12528 | prob 0.7474457215836526 | low 0.7374463621068034 | high 0.7574450810605019
[2025-09-21 20:16:45.644] [info] runs 12604 | prob 0.7450809266899397 | low 0.7350810521804055 | high 0.755080801199474
[2025-09-21 20:16:45.763] [info] runs 12649 | prob 0.7436951537670962 | low 0.7336953000470995 | high 0.7536950074870928
[2025-09-21 20:16:45.881] [info] runs 12635 | prob 0.7441234665611397 | low 0.7341235594691929 | high 0.7541233736530865
[2025-09-21 20:16:46.001] [info] runs 12740 | prob 0.740894819466248 | low 0.7308953381814939 | high 0.7508943007510022
[2025-09-21 20:16:46.118] [info] runs 12405 | prob 0.7511487303506651 | low 0.741149182255646 | high 0.7611482784456842
[2025-09-21 20:16:46.235] [info] runs 12210 | prob 0.7569205569205569 | low 0.7469208495019585 | high 0.7669202643391554
[2025-09-21 20:16:46.353] [info] runs 12342 | prob 0.7530384054448226 | low 0.7430389497386651 | high 0.76303786115098
[2025-09-21 20:16:46.471] [info] runs 12235 | prob 0.7561912545974663 | low 0.7461916152474819 | high 0.7661908939474507
[2025-09-21 20:16:46.589] [info] runs 12379 | prob 0.7519185717747798 | low 0.7419189031156506 | high 0.7619182404339091
[2025-09-21 20:16:46.707] [info] runs 12450 | prob 0.7497991967871486 | low 0.7397997029244433 | high 0.7597986906498538
[2025-09-21 20:16:46.836] [info] runs 12607 | prob 0.7449829459823908 | low 0.7349829975597268 | high 0.7549828944050547
[2025-09-21 20:16:46.953] [info] runs 12394 | prob 0.751492657737615 | low 0.7414933002299534 | high 0.7614920152452765
[2025-09-21 20:16:46.956] [info] RESULT:
training_time, simulation_time, prob, low, high, runs
83, 38, 0.7420878601794992, 0.7320884735615453, 0.7520872467974532, 12702
80, 36, 0.7576951489780842, 0.7476952170323142, 0.7676950809238542, 12183
78, 36, 0.7508458192363461, 0.7408458316449092, 0.7608458068277829, 12414
83, 38, 0.7482002879539273, 0.7382004569284585, 0.7582001189793962, 12502
78, 36, 0.7549690452916259, 0.7449692187308042, 0.7649688718524476, 12276
79, 37, 0.7483396015043611, 0.7383396066179123, 0.7583395963908098, 12497
78, 37, 0.7464373855584746, 0.7364380060181168, 0.7564367650988324, 12561
80, 41, 0.7538161740824944, 0.7438167841864631, 0.7638155639785256, 12316
82, 38, 0.7439487422876128, 0.7339493655930612, 0.7539481189821643, 12642
78, 36, 0.7494182781031854, 0.7394189367040606, 0.7594176195023102, 12463
78, 37, 0.7448461782429432, 0.7348464496362364, 0.75484590684965, 12612
78, 36, 0.7567744576340565, 0.7467747582083304, 0.7667741570597826, 12215
78, 37, 0.7474457215836526, 0.7374463621068034, 0.7574450810605019, 12528
78, 37, 0.7450809266899397, 0.7350810521804055, 0.755080801199474, 12604
78, 37, 0.7436951537670962, 0.7336953000470995, 0.7536950074870928, 12649
78, 37, 0.7441234665611397, 0.7341235594691929, 0.7541233736530865, 12635
78, 38, 0.740894819466248, 0.7308953381814939, 0.7508943007510022, 12740
78, 36, 0.7511487303506651, 0.741149182255646, 0.7611482784456842, 12405
78, 35, 0.7569205569205569, 0.7469208495019585, 0.7669202643391554, 12210
78, 36, 0.7530384054448226, 0.7430389497386651, 0.76303786115098, 12342
79, 36, 0.7561912545974663, 0.7461916152474819, 0.7661908939474507, 12235
78, 36, 0.7519185717747798, 0.7419189031156506, 0.7619182404339091, 12379
78, 37, 0.7497991967871486, 0.7397997029244433, 0.7597986906498538, 12450
88, 37, 0.7449829459823908, 0.7349829975597268, 0.7549828944050547, 12607
78, 36, 0.751492657737615, 0.7414933002299534, 0.7614920152452765, 12394
# timestamp 21.09.2025 20:16:43 (1758478603), datastructure sac
# timebound 11, expirations {"r1": 0, "r2": 0}
# alpha 0.1, gamma 1
# fixed points 5, uniform granularity 0.5
# scheduler goal: MAXIMIZING, scope: PROPHETIC, history: MEMORYLESS
# training runs 20000

[2025-09-21 20:16:46.960] [info] 2.1 Simulating on SAC: 2998
[2025-09-21 20:16:46.960] [info] Analysis finished; the goal is not reachable.
[2025-09-21 20:16:46.960] [info] Probability: 0.0
[2025-09-21 20:16:46.960] [info] 2 Analysis: 2998
[2025-09-21 20:16:46.960] [info] 0 Computation Time Complete: 2998
[2025-09-21 20:16:46.960] [info] Counters and timers:
Counters:

Timers:
0 Computation Time Complete: 2998
1 Model creation: 0
2 Analysis: 2998
2.0 Creating Unified Datastructure from SAC: 0
2.1 Simulating on SAC: 2998

timebound = 11, jump depth = 100, max expirations of random clocks = [{r1: 0}, {r2: 0}], combine absorbing locations in unrolling = 115, integration bound(s) = 11, integration samples = 500000, model = WATERTANK, model case = CASE_A, LTI analysis = rectangular analysis, scheduler = goal: MAXIMIZING, scope: PROPHETIC, history: HISTORY_DEPENDENT, multithreaded = 1, disableBackwardsRefinement = 0
simulating 0 runs after 1000000 training runs with parameters:
learning rate                 0.1
discount factor               1
exploration rate              0.15
uniform granularity           0.5
adaptive compartments         5


[2025-09-21 20:16:46.970] [warning] no flow specified for variable c1 in location all_off - assuming flow of 0
[2025-09-21 20:16:46.970] [warning] no flow specified for variable c1 in location v2_on - assuming flow of 0
[2025-09-21 20:16:46.970] [warning] no flow specified for variable c1 in location v1_block - assuming flow of 0
[2025-09-21 20:16:46.970] [warning] no flow specified for variable c1 in location v2_block - assuming flow of 0
[2025-09-21 20:16:46.970] [warning] no flow specified for variable c1 in location v1_block_v2_on - assuming flow of 0
[2025-09-21 20:16:46.970] [warning] no flow specified for variable c1 in location block_safe - assuming flow of 0
[2025-09-21 20:16:46.970] [warning] no flow specified for variable c1 in location block_unsafe - assuming flow of 0
[2025-09-21 20:16:46.970] [warning] no flow specified for variable c2 in location all_off - assuming flow of 0
[2025-09-21 20:16:46.970] [warning] no flow specified for variable c2 in location v1_on - assuming flow of 0
[2025-09-21 20:16:46.970] [warning] no flow specified for variable c2 in location v1_block - assuming flow of 0
[2025-09-21 20:16:46.970] [warning] no flow specified for variable c2 in location v2_block - assuming flow of 0
[2025-09-21 20:16:46.970] [warning] no flow specified for variable c2 in location v2_block_v1_on - assuming flow of 0
[2025-09-21 20:16:46.970] [warning] no flow specified for variable c2 in location block_safe - assuming flow of 0
[2025-09-21 20:16:46.970] [warning] no flow specified for variable c2 in location block_unsafe - assuming flow of 0
[2025-09-21 20:16:46.970] [warning] no constraints specified for variable c1 in initial constraint number 0 - assuming [0,0]
[2025-09-21 20:16:46.970] [warning] no constraints specified for variable c2 in initial constraint number 0 - assuming [0,0]
[2025-09-21 20:16:46.970] [info] 1 Model creation: 0
[2025-09-21 20:16:46.970] [info] 

========== ConditionRepresentations ==========
rectangular: 1
0 1 0 0 <= 16
-1 0 0 0 <= 0
1 0 0 0 <= 11
x0 range(-0, 11), x1 below(16), 
========== +++++++++++++++++++ ==========
[2025-09-21 20:16:46.970] [info] 

========== ConditionRepresentations ==========
rectangular: 1
0 0 1 0 <= 2
-1 0 0 0 <= 0
1 0 0 0 <= 11
x0 range(-0, 11), x2 below(2), 
========== +++++++++++++++++++ ==========
[2025-09-21 20:16:46.970] [info] 

========== ConditionRepresentations ==========
rectangular: 1
0 0 0 1 <= 1
-1 0 0 0 <= 0
1 0 0 0 <= 11
x0 range(-0, 11), x3 below(1), 
========== +++++++++++++++++++ ==========
[2025-09-21 20:16:46.970] [info] 

========== ConditionRepresentations ==========
rectangular: 1
0 1 0 0 <= 16
-1 0 0 0 <= 0
1 0 0 0 <= 11
x0 range(-0, 11), x1 below(16), 
========== +++++++++++++++++++ ==========
[2025-09-21 20:16:46.970] [info] 

========== ConditionRepresentations ==========
rectangular: 1
0 1 0 0 <= 16
-1 0 0 0 <= 0
1 0 0 0 <= 11
x0 range(-0, 11), x1 below(16), 
========== +++++++++++++++++++ ==========
[2025-09-21 20:16:46.970] [info] 

========== ConditionRepresentations ==========
rectangular: 1
0 0 0 1 <= 1
-1 0 0 0 <= 0
1 0 0 0 <= 11
x0 range(-0, 11), x3 below(1), 
========== +++++++++++++++++++ ==========
[2025-09-21 20:16:46.970] [info] 

========== ConditionRepresentations ==========
rectangular: 1
0 0 1 0 <= 2
-1 0 0 0 <= 0
1 0 0 0 <= 11
x0 range(-0, 11), x2 below(2), 
========== +++++++++++++++++++ ==========
[2025-09-21 20:16:46.970] [info] 

========== ConditionRepresentations ==========
rectangular: 1
0 1 0 0 <= 16
-1 0 0 0 <= 0
1 0 0 0 <= 11
x0 range(-0, 11), x1 below(16), 
========== +++++++++++++++++++ ==========
[2025-09-21 20:16:46.970] [info] 

========== ConditionRepresentations ==========
rectangular: 1
-1 0 0 0 <= 0
1 0 0 0 <= 11
x0 range(-0, 11), 
========== +++++++++++++++++++ ==========
[2025-09-21 20:16:46.970] [info] 

========== ConditionRepresentations ==========
rectangular: 1
0 -1 0 0 <= -16
x1 above(16), 
========== +++++++++++++++++++ ==========
[2025-09-21 20:16:46.970] [info] 

========== ConditionRepresentations ==========
rectangular: 1
0 -1 0 0 <= -16
x1 above(16), 
========== +++++++++++++++++++ ==========
[2025-09-21 20:16:46.970] [info] 

========== ConditionRepresentations ==========
rectangular: 1
0 1 0 0 <= 16
0 0 -1 0 <= -2
x1 below(16), x2 above(2), 
========== +++++++++++++++++++ ==========
[2025-09-21 20:16:46.970] [info] 

========== ConditionRepresentations ==========
rectangular: 1
0 -1 0 0 <= -16
0 0 -1 0 <= -2
x1 above(16), x2 above(2), 
========== +++++++++++++++++++ ==========
[2025-09-21 20:16:46.970] [info] 

========== ConditionRepresentations ==========
rectangular: 1
0 1 0 0 <= 16
0 0 0 -1 <= -1
x1 below(16), x3 above(1), 
========== +++++++++++++++++++ ==========
[2025-09-21 20:16:46.970] [info] 

========== ConditionRepresentations ==========
rectangular: 1
0 -1 0 0 <= -16
0 0 0 -1 <= -1
x1 above(16), x3 above(1), 
========== +++++++++++++++++++ ==========
[2025-09-21 20:16:46.970] [info] 

========== ConditionRepresentations ==========
rectangular: 1
0 -1 0 0 <= -16
x1 above(16), 
========== +++++++++++++++++++ ==========
[2025-09-21 20:16:46.970] [info] 

========== ConditionRepresentations ==========
rectangular: 1

========== +++++++++++++++++++ ==========
[2025-09-21 20:16:46.970] [info] 

========== ConditionRepresentations ==========
rectangular: 1
0 -1 0 0 <= -16
x1 above(16), 
========== +++++++++++++++++++ ==========
[2025-09-21 20:16:46.970] [info] 

========== ConditionRepresentations ==========
rectangular: 1

========== +++++++++++++++++++ ==========
[2025-09-21 20:16:46.970] [info] 

========== ConditionRepresentations ==========
rectangular: 1
0 1 0 0 <= 16
0 0 0 -1 <= -1
x1 below(16), x3 above(1), 
========== +++++++++++++++++++ ==========
[2025-09-21 20:16:46.970] [info] 

========== ConditionRepresentations ==========
rectangular: 1
0 -1 0 0 <= -16
0 0 0 -1 <= -1
x1 above(16), x3 above(1), 
========== +++++++++++++++++++ ==========
[2025-09-21 20:16:46.970] [info] 

========== ConditionRepresentations ==========
rectangular: 1

========== +++++++++++++++++++ ==========
[2025-09-21 20:16:46.970] [info] 

========== ConditionRepresentations ==========
rectangular: 1
0 1 0 0 <= 16
0 0 -1 0 <= -2
x1 below(16), x2 above(2), 
========== +++++++++++++++++++ ==========
[2025-09-21 20:16:46.970] [info] 

========== ConditionRepresentations ==========
rectangular: 1
0 -1 0 0 <= -16
0 0 -1 0 <= -2
x1 above(16), x2 above(2), 
========== +++++++++++++++++++ ==========
[2025-09-21 20:16:46.970] [info] 

========== ConditionRepresentations ==========
rectangular: 1

========== +++++++++++++++++++ ==========
[2025-09-21 20:16:46.970] [info] 

========== ConditionRepresentations ==========
rectangular: 1
0 -1 0 0 <= -16
x1 above(16), 
========== +++++++++++++++++++ ==========
[2025-09-21 20:16:46.970] [info] 

========== ConditionRepresentations ==========
rectangular: 1

========== +++++++++++++++++++ ==========
[2025-09-21 20:16:46.970] [info] 

========== ConditionRepresentations ==========
rectangular: 1

========== +++++++++++++++++++ ==========
[2025-09-21 20:16:46.970] [info] 

========== ConditionRepresentations ==========
rectangular: 1

========== +++++++++++++++++++ ==========
[2025-09-21 20:16:46.970] [info] 

========== ConditionRepresentations ==========
rectangular: 1

========== +++++++++++++++++++ ==========
[2025-09-21 20:16:46.970] [info] 

========== ConditionRepresentations ==========
rectangular: 1
-1 0 0 0 <= 0
1 0 0 0 <= 0
0 -1 0 0 <= -4
0 1 0 0 <= 4
0 0 -1 0 <= 0
0 0 1 0 <= 0
0 0 0 -1 <= 0
0 0 0 1 <= 0
x0 point(-0), x1 point(4), x2 point(-0), x3 point(-0), 
========== +++++++++++++++++++ ==========
[2025-09-21 20:16:46.970] [info] 

========== ConditionRepresentations ==========
rectangular: 1
0 -1 0 0 <= -18
x1 above(18), 
========== +++++++++++++++++++ ==========
[2025-09-21 20:16:46.971] [info] 2.0 Creating Unified Datastructure from SAC: 0
[2025-09-21 20:16:51.931] [info] runs 11655 | prob 0.7727155727155727 | low 0.762715932088193 | high 0.7827152133429524
[2025-09-21 20:16:57.019] [info] runs 11565 | prob 0.7751837440553394 | low 0.7651839921796981 | high 0.7851834959309807
[2025-09-21 20:17:02.056] [info] runs 11453 | prob 0.7782240461014581 | low 0.7682241432889331 | high 0.7882239489139832
[2025-09-21 20:17:07.087] [info] runs 11305 | prob 0.7822202565236621 | low 0.7722206284885225 | high 0.7922198845588018
[2025-09-21 20:17:12.075] [info] runs 11504 | prob 0.7768602225312935 | low 0.766860651667933 | high 0.786859793394654
[2025-09-21 20:17:17.124] [info] runs 11693 | prob 0.7716582570768836 | low 0.7616585323809527 | high 0.7816579817728145
[2025-09-21 20:17:22.178] [info] runs 11290 | prob 0.7826395039858282 | low 0.7726401929278943 | high 0.792638815043762
[2025-09-21 20:17:27.171] [info] runs 11338 | prob 0.7813547362850591 | low 0.7713553857326948 | high 0.7913540868374235
[2025-09-21 20:17:32.162] [info] runs 11541 | prob 0.7758426479507842 | low 0.7658429367706826 | high 0.7858423591308857
[2025-09-21 20:17:37.216] [info] runs 11196 | prob 0.785101822079314 | low 0.7751019654594451 | high 0.7951016786991829
[2025-09-21 20:17:42.202] [info] runs 11554 | prob 0.7754890081357105 | low 0.7654893234793277 | high 0.7854886927920933
[2025-09-21 20:17:47.167] [info] runs 11727 | prob 0.770700093800631 | low 0.7607001619438123 | high 0.7807000256574497
[2025-09-21 20:17:52.150] [info] runs 11498 | prob 0.7770046964689511 | low 0.7670048257187992 | high 0.787004567219103
[2025-09-21 20:17:57.169] [info] runs 11044 | prob 0.7891162622238319 | low 0.7791168447211225 | high 0.7991156797265413
[2025-09-21 20:18:02.187] [info] runs 11596 | prob 0.7743187305967575 | low 0.7643187445098143 | high 0.7843187166837007
[2025-09-21 20:18:07.165] [info] runs 11618 | prob 0.7737132036495094 | low 0.7637132086289768 | high 0.7837131986700419
[2025-09-21 20:18:12.197] [info] runs 11121 | prob 0.7870695081377574 | low 0.7770695217040472 | high 0.7970694945714677
[2025-09-21 20:18:17.248] [info] runs 11580 | prob 0.7747841105354059 | low 0.7647845377574493 | high 0.7847836833133625
[2025-09-21 20:18:22.281] [info] runs 11504 | prob 0.7768602225312935 | low 0.766860651667933 | high 0.786859793394654
[2025-09-21 20:18:27.318] [info] runs 11175 | prob 0.7856823266219239 | low 0.7756829119723452 | high 0.7956817412715027
[2025-09-21 20:18:32.379] [info] runs 11470 | prob 0.7777680906713165 | low 0.7677682652228928 | high 0.7877679161197402
[2025-09-21 20:18:37.448] [info] runs 11376 | prob 0.7803270042194093 | low 0.7703275171850791 | high 0.7903264912537394
[2025-09-21 20:18:42.500] [info] runs 11395 | prob 0.7798157086441422 | low 0.769816218664719 | high 0.7898151986235653
[2025-09-21 20:18:47.574] [info] runs 11600 | prob 0.7742241379310345 | low 0.7642243918510322 | high 0.7842238840110368
[2025-09-21 20:18:52.622] [info] runs 11423 | prob 0.7790422831130176 | low 0.7690424932869263 | high 0.7890420729391089
[2025-09-21 20:18:52.824] [info] RESULT:
training_time, simulation_time, prob, low, high, runs
4921, 39, 0.7727155727155727, 0.762715932088193, 0.7827152133429524, 11655
4981, 39, 0.7751837440553394, 0.7651839921796981, 0.7851834959309807, 11565
4799, 38, 0.7782240461014581, 0.7682241432889331, 0.7882239489139832, 11453
4797, 37, 0.7822202565236621, 0.7722206284885225, 0.7922198845588018, 11305
4747, 37, 0.7768602225312935, 0.766860651667933, 0.786859793394654, 11504
4813, 39, 0.7716582570768836, 0.7616585323809527, 0.7816579817728145, 11693
4817, 37, 0.7826395039858282, 0.7726401929278943, 0.792638815043762, 11290
4753, 37, 0.7813547362850591, 0.7713553857326948, 0.7913540868374235, 11338
4760, 38, 0.7758426479507842, 0.7658429367706826, 0.7858423591308857, 11541
4815, 37, 0.785101822079314, 0.7751019654594451, 0.7951016786991829, 11196
4742, 38, 0.7754890081357105, 0.7654893234793277, 0.7854886927920933, 11554
4728, 38, 0.770700093800631, 0.7607001619438123, 0.7807000256574497, 11727
4748, 37, 0.7770046964689511, 0.7670048257187992, 0.787004567219103, 11498
4787, 36, 0.7891162622238319, 0.7791168447211225, 0.7991156797265413, 11044
4784, 39, 0.7743187305967575, 0.7643187445098143, 0.7843187166837007, 11596
4737, 38, 0.7737132036495094, 0.7637132086289768, 0.7837131986700419, 11618
4800, 37, 0.7870695081377574, 0.7770695217040472, 0.7970694945714677, 11121
4811, 39, 0.7747841105354059, 0.7647845377574493, 0.7847836833133625, 11580
4794, 38, 0.7768602225312935, 0.766860651667933, 0.786859793394654, 11504
4797, 37, 0.7856823266219239, 0.7756829119723452, 0.7956817412715027, 11175
4823, 38, 0.7777680906713165, 0.7677682652228928, 0.7877679161197402, 11470
4826, 37, 0.7803270042194093, 0.7703275171850791, 0.7903264912537394, 11376
4812, 38, 0.7798157086441422, 0.769816218664719, 0.7898151986235653, 11395
4832, 39, 0.7742241379310345, 0.7642243918510322, 0.7842238840110368, 11600
4806, 38, 0.7790422831130176, 0.7690424932869263, 0.7890420729391089, 11423
# timestamp 21.09.2025 20:16:46 (1758478606), datastructure sac
# timebound 11, expirations {"r1": 0, "r2": 0}
# alpha 0.1, gamma 1
# fixed points 5, uniform granularity 0.5
# scheduler goal: MAXIMIZING, scope: PROPHETIC, history: HISTORY_DEPENDENT
# training runs 1000000

[2025-09-21 20:18:52.824] [info] 2.1 Simulating on SAC: 125853
[2025-09-21 20:18:52.824] [info] Analysis finished; the goal is not reachable.
[2025-09-21 20:18:52.824] [info] Probability: 0.0
[2025-09-21 20:18:52.824] [info] 2 Analysis: 125853
[2025-09-21 20:18:52.824] [info] 0 Computation Time Complete: 125854
[2025-09-21 20:18:52.824] [info] Counters and timers:
Counters:

Timers:
0 Computation Time Complete: 125854
1 Model creation: 0
2 Analysis: 125853
2.0 Creating Unified Datastructure from SAC: 0
2.1 Simulating on SAC: 125853

