timebound = 12, jump depth = 100, max expirations of random clocks = [{r1: 0}, {r2: 0}], combine absorbing locations in unrolling = 106, integration bound(s) = 12, integration samples = 500000, model = WATERTANK, model case = CASE_A, LTI analysis = rectangular analysis, scheduler = goal: MAXIMIZING, scope: PROPHETIC, history: HISTORY_DEPENDENT, multithreaded = 1, disableBackwardsRefinement = 0
simulating 0 runs after 1000000 training runs with parameters:
learning rate                 0.1
discount factor               1
exploration rate              0.15
discretization method         UNIFORM_GRANULARITY
uniform granularity           0.25
adaptive compartments         5


[2025-08-28 20:37:39.824] [warning] no flow specified for variable c1 in location all_off - assuming flow of 0
[2025-08-28 20:37:39.824] [warning] no flow specified for variable c1 in location v2_on - assuming flow of 0
[2025-08-28 20:37:39.824] [warning] no flow specified for variable c1 in location v1_block - assuming flow of 0
[2025-08-28 20:37:39.824] [warning] no flow specified for variable c1 in location v2_block - assuming flow of 0
[2025-08-28 20:37:39.824] [warning] no flow specified for variable c1 in location v1_block_v2_on - assuming flow of 0
[2025-08-28 20:37:39.824] [warning] no flow specified for variable c1 in location block_safe - assuming flow of 0
[2025-08-28 20:37:39.824] [warning] no flow specified for variable c1 in location block_unsafe - assuming flow of 0
[2025-08-28 20:37:39.824] [warning] no flow specified for variable c2 in location all_off - assuming flow of 0
[2025-08-28 20:37:39.824] [warning] no flow specified for variable c2 in location v1_on - assuming flow of 0
[2025-08-28 20:37:39.824] [warning] no flow specified for variable c2 in location v1_block - assuming flow of 0
[2025-08-28 20:37:39.824] [warning] no flow specified for variable c2 in location v2_block - assuming flow of 0
[2025-08-28 20:37:39.824] [warning] no flow specified for variable c2 in location v2_block_v1_on - assuming flow of 0
[2025-08-28 20:37:39.824] [warning] no flow specified for variable c2 in location block_safe - assuming flow of 0
[2025-08-28 20:37:39.824] [warning] no flow specified for variable c2 in location block_unsafe - assuming flow of 0
[2025-08-28 20:37:39.824] [warning] no constraints specified for variable c1 in initial constraint number 0 - assuming [0,0]
[2025-08-28 20:37:39.824] [warning] no constraints specified for variable c2 in initial constraint number 0 - assuming [0,0]
[2025-08-28 20:37:39.824] [info] 1 Model creation: 0
[2025-08-28 20:37:39.824] [info] 2.0 Creating Unified Datastructure from SAC: 0
[2025-08-28 20:37:45.197] [info] runs 8598 | prob 0.8470574552221447 | low 0.8370581982639304 | high 0.8570567121803591
[2025-08-28 20:37:52.669] [info] runs 8533 | prob 0.8484706433845072 | low 0.8384715232607844 | high 0.8584697635082299
[2025-08-28 20:37:56.033] [info] runs 8854 | prob 0.8414276033431217 | low 0.8314276431203251 | high 0.8514275635659183
[2025-08-28 20:37:59.232] [info] runs 9230 | prob 0.833044420368364 | low 0.8230448910756754 | high 0.8430439496610527
[2025-08-28 20:37:59.239] [info] 2.1 Simulating on SAC: 19414
[2025-08-28 20:37:59.239] [info] Analysis finished; the goal is not reachable.
[2025-08-28 20:37:59.239] [info] Probability: 0.0
[2025-08-28 20:37:59.239] [info] 2 Analysis: 19414
[2025-08-28 20:37:59.239] [info] 0 Computation Time Complete: 19415
[2025-08-28 20:37:59.239] [info] Counters and timers:
Counters:

Timers:
0 Computation Time Complete: 19415
1 Model creation: 0
2 Analysis: 19414
2.0 Creating Unified Datastructure from SAC: 0
2.1 Simulating on SAC: 19414

