timebound = 14, jump depth = 100, max expirations of random clocks = [{r1: 0}, {r2: 0}], combine absorbing locations in unrolling = 201, integration bound(s) = 14, integration samples = 500000, model = WATERTANK, model case = CASE_A, LTI analysis = rectangular analysis, scheduler = goal: MAXIMIZING, scope: SEMIPROPHETIC, history: HISTORY_DEPENDENT, multithreaded = 1, disableBackwardsRefinement = 0
simulating 0 runs after 1000000 training runs with parameters:
learning rate                 0.1
discount factor               1
exploration rate              0.15
uniform granularity           0.5
adaptive compartments         5


[2025-10-02 23:02:00.412] [warning] no flow specified for variable c1 in location all_off - assuming flow of 0
[2025-10-02 23:02:00.412] [warning] no flow specified for variable c1 in location v2_on - assuming flow of 0
[2025-10-02 23:02:00.412] [warning] no flow specified for variable c1 in location v1_block - assuming flow of 0
[2025-10-02 23:02:00.412] [warning] no flow specified for variable c1 in location v2_block - assuming flow of 0
[2025-10-02 23:02:00.412] [warning] no flow specified for variable c1 in location v1_block_v2_on - assuming flow of 0
[2025-10-02 23:02:00.412] [warning] no flow specified for variable c1 in location block_safe - assuming flow of 0
[2025-10-02 23:02:00.412] [warning] no flow specified for variable c1 in location block_unsafe - assuming flow of 0
[2025-10-02 23:02:00.412] [warning] no flow specified for variable c2 in location all_off - assuming flow of 0
[2025-10-02 23:02:00.412] [warning] no flow specified for variable c2 in location v1_on - assuming flow of 0
[2025-10-02 23:02:00.412] [warning] no flow specified for variable c2 in location v1_block - assuming flow of 0
[2025-10-02 23:02:00.412] [warning] no flow specified for variable c2 in location v2_block - assuming flow of 0
[2025-10-02 23:02:00.412] [warning] no flow specified for variable c2 in location v2_block_v1_on - assuming flow of 0
[2025-10-02 23:02:00.412] [warning] no flow specified for variable c2 in location block_safe - assuming flow of 0
[2025-10-02 23:02:00.412] [warning] no flow specified for variable c2 in location block_unsafe - assuming flow of 0
[2025-10-02 23:02:00.412] [warning] no constraints specified for variable c1 in initial constraint number 0 - assuming [0,0]
[2025-10-02 23:02:00.412] [warning] no constraints specified for variable c2 in initial constraint number 0 - assuming [0,0]
[2025-10-02 23:02:00.412] [info] 1 Model creation: 0
[2025-10-02 23:02:00.412] [info] 2.0 Creating Unified Datastructure from SAC: 0
[2025-10-02 23:02:04.506] [info] runs 6383 | prob 0.8922136926210246 | low 0.8822148513213558 | high 0.9022125339206933
[2025-10-02 23:02:08.651] [info] runs 5896 | prob 0.9014586160108549 | low 0.8914597822704373 | high 0.9114574497512724
[2025-10-02 23:02:12.773] [info] runs 6070 | prob 0.8981878088962109 | low 0.8881893058512865 | high 0.9081863119411352
[2025-10-02 23:02:16.885] [info] runs 6237 | prob 0.8949815616482283 | low 0.8849816121050332 | high 0.9049815111914233
[2025-10-02 23:02:20.991] [info] runs 6032 | prob 0.8988726790450928 | low 0.8888727128119208 | high 0.9088726452782648
[2025-10-02 23:02:25.104] [info] runs 6161 | prob 0.8964453822431423 | low 0.886446144220797 | high 0.9064446202654876
[2025-10-02 23:02:29.202] [info] runs 6202 | prob 0.8956788132860367 | low 0.885680139767782 | high 0.9056774868042914
[2025-10-02 23:02:33.361] [info] runs 6242 | prob 0.8949054790131368 | low 0.8849063401989654 | high 0.9049046178273081
[2025-10-02 23:02:37.444] [info] runs 6229 | prob 0.8951677636859849 | low 0.8851692295064691 | high 0.9051662978655007
[2025-10-02 23:02:41.577] [info] runs 6166 | prob 0.8963671748297113 | low 0.8863686543735835 | high 0.9063656952858391
[2025-10-02 23:02:45.721] [info] runs 5915 | prob 0.9010989010989011 | low 0.8910999309277967 | high 0.9110978712700055
[2025-10-02 23:02:49.819] [info] runs 6156 | prob 0.8965237166991553 | low 0.8865237660860547 | high 0.906523667312256
[2025-10-02 23:02:53.917] [info] runs 6097 | prob 0.8976545842217484 | low 0.8876551233559631 | high 0.9076540450875337
[2025-10-02 23:02:58.015] [info] runs 6161 | prob 0.8964453822431423 | low 0.886446144220797 | high 0.9064446202654876
[2025-10-02 23:03:02.130] [info] runs 5995 | prob 0.899582985821518 | low 0.8895835491720412 | high 0.9095824224709947
[2025-10-02 23:03:06.239] [info] runs 6143 | prob 0.8967930978349341 | low 0.8867941085994556 | high 0.9067920870704126
[2025-10-02 23:03:10.337] [info] runs 5981 | prob 0.899849523491055 | low 0.8898502047342042 | high 0.9098488422479057
[2025-10-02 23:03:14.455] [info] runs 6111 | prob 0.8973981345115366 | low 0.887399057193513 | high 0.9073972118295602
[2025-10-02 23:03:18.527] [info] runs 6037 | prob 0.8987907901275468 | low 0.8887913750881292 | high 0.9087902051669644
[2025-10-02 23:03:22.634] [info] runs 6156 | prob 0.8965237166991553 | low 0.8865237660860547 | high 0.906523667312256
[2025-10-02 23:03:26.728] [info] runs 5981 | prob 0.899849523491055 | low 0.8898502047342042 | high 0.9098488422479057
[2025-10-02 23:03:30.826] [info] runs 5819 | prob 0.9029042790857535 | low 0.8929056011189457 | high 0.9129029570525614
[2025-10-02 23:03:34.941] [info] runs 6111 | prob 0.8973981345115366 | low 0.887399057193513 | high 0.9073972118295602
[2025-10-02 23:03:39.032] [info] runs 5740 | prob 0.9043554006968642 | low 0.8943556377047739 | high 0.9143551636889544
[2025-10-02 23:03:43.124] [info] runs 5948 | prob 0.9004707464694015 | low 0.8904714244093437 | high 0.9104700685294593
[2025-10-02 23:03:43.164] [info] RESULT:
training_time, simulation_time, prob, low, high, runs
4073, 20, 0.8922136926210246, 0.8822148513213558, 0.9022125339206933, 6383
4109, 18, 0.9014586160108549, 0.8914597822704373, 0.9114574497512724, 5896
4060, 19, 0.8981878088962109, 0.8881893058512865, 0.9081863119411352, 6070
4051, 19, 0.8949815616482283, 0.8849816121050332, 0.9049815111914233, 6237
4045, 19, 0.8988726790450928, 0.8888727128119208, 0.9088726452782648, 6032
4051, 19, 0.8964453822431423, 0.886446144220797, 0.9064446202654876, 6161
4037, 19, 0.8956788132860367, 0.885680139767782, 0.9056774868042914, 6202
4098, 19, 0.8949054790131368, 0.8849063401989654, 0.9049046178273081, 6242
4021, 19, 0.8951677636859849, 0.8851692295064691, 0.9051662978655007, 6229
4073, 19, 0.8963671748297113, 0.8863686543735835, 0.9063656952858391, 6166
4085, 18, 0.9010989010989011, 0.8910999309277967, 0.9110978712700055, 5915
4036, 19, 0.8965237166991553, 0.8865237660860547, 0.906523667312256, 6156
4037, 19, 0.8976545842217484, 0.8876551233559631, 0.9076540450875337, 6097
4038, 19, 0.8964453822431423, 0.886446144220797, 0.9064446202654876, 6161
4054, 19, 0.899582985821518, 0.8895835491720412, 0.9095824224709947, 5995
4049, 19, 0.8967930978349341, 0.8867941085994556, 0.9067920870704126, 6143
4038, 18, 0.899849523491055, 0.8898502047342042, 0.9098488422479057, 5981
4058, 19, 0.8973981345115366, 0.887399057193513, 0.9073972118295602, 6111
4012, 18, 0.8987907901275468, 0.8887913750881292, 0.9087902051669644, 6037
4047, 19, 0.8965237166991553, 0.8865237660860547, 0.906523667312256, 6156
4034, 18, 0.899849523491055, 0.8898502047342042, 0.9098488422479057, 5981
4039, 18, 0.9029042790857535, 0.8929056011189457, 0.9129029570525614, 5819
4053, 19, 0.8973981345115366, 0.887399057193513, 0.9073972118295602, 6111
4031, 17, 0.9043554006968642, 0.8943556377047739, 0.9143551636889544, 5740
4032, 18, 0.9004707464694015, 0.8904714244093437, 0.9104700685294593, 5948
# timestamp 02.10.2025 23:02:00 (1759438920), datastructure SAC
# timebound 14, expirations {"r1": 0, "r2": 0}
# alpha 0.1, gamma 1
# fixed points 5, uniform granularity 0.5
# scheduler goal: MAXIMIZING, scope: SEMIPROPHETIC, history: MEMORYLESS
# training runs 1000000

[2025-10-02 23:03:46.183] [info] runs 7546 | prob 0.8692022263450835 | low 0.859203422485466 | high 0.879201030204701
[2025-10-02 23:03:49.184] [info] runs 7471 | prob 0.870700040155267 | low 0.8607002711541384 | high 0.8806998091563957
[2025-10-02 23:03:52.208] [info] runs 7338 | prob 0.8733987462523849 | low 0.8633991540239069 | high 0.8833983384808629
[2025-10-02 23:03:55.237] [info] runs 7664 | prob 0.8667797494780793 | low 0.8567807254537587 | high 0.8767787735024
[2025-10-02 23:03:58.257] [info] runs 7664 | prob 0.8667797494780793 | low 0.8567807254537587 | high 0.8767787735024
[2025-10-02 23:04:01.272] [info] runs 7598 | prob 0.8681231903132404 | low 0.8581238555284039 | high 0.8781225250980769
[2025-10-02 23:04:04.304] [info] runs 7903 | prob 0.8618246235606731 | low 0.8518252073616731 | high 0.8718240397596732
[2025-10-02 23:04:07.325] [info] runs 7563 | prob 0.8688351183392834 | low 0.8588356645489904 | high 0.8788345721295764
[2025-10-02 23:04:10.347] [info] runs 7331 | prob 0.8735506752148411 | low 0.8635514452128342 | high 0.883549905216848
[2025-10-02 23:04:13.384] [info] runs 7725 | prob 0.8655016181229773 | low 0.8555018694136107 | high 0.8755013668323439
[2025-10-02 23:04:16.389] [info] runs 7636 | prob 0.8673389209009953 | low 0.8573394026061072 | high 0.8773384391958834
[2025-10-02 23:04:19.402] [info] runs 7681 | prob 0.8664236427548496 | low 0.8564244043907223 | high 0.8764228811189769
[2025-10-02 23:04:22.440] [info] runs 7708 | prob 0.8658536585365854 | low 0.8558539654606886 | high 0.8758533516124821
[2025-10-02 23:04:25.496] [info] runs 7258 | prob 0.87503444475062 | low 0.8650357084954634 | high 0.8850331810057765
[2025-10-02 23:04:28.527] [info] runs 7847 | prob 0.8630049700522493 | low 0.8530060502144438 | high 0.8730038898900548
[2025-10-02 23:04:31.560] [info] runs 7718 | prob 0.8656387665198237 | low 0.8556387938881728 | high 0.8756387391514747
[2025-10-02 23:04:34.611] [info] runs 8024 | prob 0.859297108673978 | low 0.8492977168859205 | high 0.8692965004620355
[2025-10-02 23:04:37.633] [info] runs 7806 | prob 0.863822700486805 | low 0.853822786824856 | high 0.873822614148754
[2025-10-02 23:04:40.656] [info] runs 7773 | prob 0.8645310690852952 | low 0.8545319514142632 | high 0.8745301867563272
[2025-10-02 23:04:43.712] [info] runs 7796 | prob 0.8640328373524885 | low 0.8540330196027961 | high 0.8740326551021809
[2025-10-02 23:04:46.729] [info] runs 7850 | prob 0.8629299363057324 | low 0.8529306246308894 | high 0.8729292479805755
[2025-10-02 23:04:49.769] [info] runs 7756 | prob 0.8648788035069623 | low 0.8548795788409194 | high 0.8748780281730053
[2025-10-02 23:04:52.803] [info] runs 7677 | prob 0.8664843037644914 | low 0.8564843820348749 | high 0.8764842254941079
[2025-10-02 23:04:55.802] [info] runs 7309 | prob 0.8739909700369407 | low 0.8639916335118826 | high 0.8839903065619988
[2025-10-02 23:04:58.830] [info] runs 7356 | prob 0.8730288200108755 | low 0.8630290072882915 | high 0.8830286327334594
[2025-10-02 23:04:58.831] [info] RESULT:
training_time, simulation_time, prob, low, high, runs
2998, 19, 0.8692022263450835, 0.859203422485466, 0.879201030204701, 7546
2981, 19, 0.870700040155267, 0.8607002711541384, 0.8806998091563957, 7471
3004, 19, 0.8733987462523849, 0.8633991540239069, 0.8833983384808629, 7338
3011, 18, 0.8667797494780793, 0.8567807254537587, 0.8767787735024, 7664
3000, 18, 0.8667797494780793, 0.8567807254537587, 0.8767787735024, 7664
2995, 19, 0.8681231903132404, 0.8581238555284039, 0.8781225250980769, 7598
3011, 20, 0.8618246235606731, 0.8518252073616731, 0.8718240397596732, 7903
3000, 19, 0.8688351183392834, 0.8588356645489904, 0.8788345721295764, 7563
3004, 17, 0.8735506752148411, 0.8635514452128342, 0.883549905216848, 7331
3017, 20, 0.8655016181229773, 0.8555018694136107, 0.8755013668323439, 7725
2984, 19, 0.8673389209009953, 0.8573394026061072, 0.8773384391958834, 7636
2995, 17, 0.8664236427548496, 0.8564244043907223, 0.8764228811189769, 7681
3017, 20, 0.8658536585365854, 0.8558539654606886, 0.8758533516124821, 7708
3038, 16, 0.87503444475062, 0.8650357084954634, 0.8850331810057765, 7258
3012, 18, 0.8630049700522493, 0.8530060502144438, 0.8730038898900548, 7847
3014, 18, 0.8656387665198237, 0.8556387938881728, 0.8756387391514747, 7718
3031, 19, 0.859297108673978, 0.8492977168859205, 0.8692965004620355, 8024
3002, 20, 0.863822700486805, 0.853822786824856, 0.873822614148754, 7806
3001, 20, 0.8645310690852952, 0.8545319514142632, 0.8745301867563272, 7773
3037, 18, 0.8640328373524885, 0.8540330196027961, 0.8740326551021809, 7796
2998, 18, 0.8629299363057324, 0.8529306246308894, 0.8729292479805755, 7850
3019, 20, 0.8648788035069623, 0.8548795788409194, 0.8748780281730053, 7756
3013, 20, 0.8664843037644914, 0.8564843820348749, 0.8764842254941079, 7677
2982, 17, 0.8739909700369407, 0.8639916335118826, 0.8839903065619988, 7309
3008, 19, 0.8730288200108755, 0.8630290072882915, 0.8830286327334594, 7356
# timestamp 02.10.2025 23:02:00 (1759438920), datastructure SAC
# timebound 14, expirations {"r1": 0, "r2": 0}
# alpha 0.1, gamma 1
# fixed points 5, uniform granularity 0.5
# scheduler goal: MAXIMIZING, scope: NONPROPHETIC, history: MEMORYLESS
# training runs 1000000

[2025-10-02 23:04:58.831] [info] 2.1 Simulating on SAC: 178418
[2025-10-02 23:04:58.831] [info] Analysis finished; the goal is not reachable.
[2025-10-02 23:04:58.831] [info] Probability: 0.0
[2025-10-02 23:04:58.831] [info] 2 Analysis: 178418
[2025-10-02 23:04:58.831] [info] 0 Computation Time Complete: 178418
[2025-10-02 23:04:58.831] [info] Counters and timers:
Counters:

Timers:
0 Computation Time Complete: 178418
1 Model creation: 0
2 Analysis: 178418
2.0 Creating Unified Datastructure from SAC: 0
2.1 Simulating on SAC: 178418

