timebound = 16, jump depth = 100, max expirations of random clocks = [{r1: 0}, {r2: 0}], combine absorbing locations in unrolling = 46, integration bound(s) = 16, integration samples = 500000, model = WATERTANK, model case = CASE_A, LTI analysis = rectangular analysis, scheduler = goal: MAXIMIZING, scope: PROPHETIC, history: HISTORY_DEPENDENT, multithreaded = 1, disableBackwardsRefinement = 0
simulating 0 runs after 1000000 training runs with parameters:
learning rate                 0.1
discount factor               1
exploration rate              0.15
uniform granularity           1
adaptive compartments         5


[2025-09-21 00:23:21.906] [warning] no flow specified for variable c1 in location all_off - assuming flow of 0
[2025-09-21 00:23:21.906] [warning] no flow specified for variable c1 in location v2_on - assuming flow of 0
[2025-09-21 00:23:21.906] [warning] no flow specified for variable c1 in location v1_block - assuming flow of 0
[2025-09-21 00:23:21.906] [warning] no flow specified for variable c1 in location v2_block - assuming flow of 0
[2025-09-21 00:23:21.906] [warning] no flow specified for variable c1 in location v1_block_v2_on - assuming flow of 0
[2025-09-21 00:23:21.906] [warning] no flow specified for variable c1 in location block_safe - assuming flow of 0
[2025-09-21 00:23:21.906] [warning] no flow specified for variable c1 in location block_unsafe - assuming flow of 0
[2025-09-21 00:23:21.906] [warning] no flow specified for variable c2 in location all_off - assuming flow of 0
[2025-09-21 00:23:21.906] [warning] no flow specified for variable c2 in location v1_on - assuming flow of 0
[2025-09-21 00:23:21.906] [warning] no flow specified for variable c2 in location v1_block - assuming flow of 0
[2025-09-21 00:23:21.906] [warning] no flow specified for variable c2 in location v2_block - assuming flow of 0
[2025-09-21 00:23:21.906] [warning] no flow specified for variable c2 in location v2_block_v1_on - assuming flow of 0
[2025-09-21 00:23:21.906] [warning] no flow specified for variable c2 in location block_safe - assuming flow of 0
[2025-09-21 00:23:21.906] [warning] no flow specified for variable c2 in location block_unsafe - assuming flow of 0
[2025-09-21 00:23:21.906] [warning] no constraints specified for variable c1 in initial constraint number 0 - assuming [0,0]
[2025-09-21 00:23:21.906] [warning] no constraints specified for variable c2 in initial constraint number 0 - assuming [0,0]
[2025-09-21 00:23:21.906] [info] 1 Model creation: 0
[2025-09-21 00:23:21.906] [info] 

========== ConditionRepresentations ==========
rectangular: 1
0 1 0 0 <= 16
-1 0 0 0 <= 0
1 0 0 0 <= 16
x0 range(-0, 16), x1 below(16), 
========== +++++++++++++++++++ ==========
[2025-09-21 00:23:21.906] [info] 

========== ConditionRepresentations ==========
rectangular: 1
0 0 1 0 <= 2
-1 0 0 0 <= 0
1 0 0 0 <= 16
x0 range(-0, 16), x2 below(2), 
========== +++++++++++++++++++ ==========
[2025-09-21 00:23:21.906] [info] 

========== ConditionRepresentations ==========
rectangular: 1
0 0 0 1 <= 1
-1 0 0 0 <= 0
1 0 0 0 <= 16
x0 range(-0, 16), x3 below(1), 
========== +++++++++++++++++++ ==========
[2025-09-21 00:23:21.906] [info] 

========== ConditionRepresentations ==========
rectangular: 1
0 1 0 0 <= 16
-1 0 0 0 <= 0
1 0 0 0 <= 16
x0 range(-0, 16), x1 below(16), 
========== +++++++++++++++++++ ==========
[2025-09-21 00:23:21.906] [info] 

========== ConditionRepresentations ==========
rectangular: 1
0 1 0 0 <= 16
-1 0 0 0 <= 0
1 0 0 0 <= 16
x0 range(-0, 16), x1 below(16), 
========== +++++++++++++++++++ ==========
[2025-09-21 00:23:21.906] [info] 

========== ConditionRepresentations ==========
rectangular: 1
0 0 0 1 <= 1
-1 0 0 0 <= 0
1 0 0 0 <= 16
x0 range(-0, 16), x3 below(1), 
========== +++++++++++++++++++ ==========
[2025-09-21 00:23:21.906] [info] 

========== ConditionRepresentations ==========
rectangular: 1
0 0 1 0 <= 2
-1 0 0 0 <= 0
1 0 0 0 <= 16
x0 range(-0, 16), x2 below(2), 
========== +++++++++++++++++++ ==========
[2025-09-21 00:23:21.906] [info] 

========== ConditionRepresentations ==========
rectangular: 1
0 1 0 0 <= 16
-1 0 0 0 <= 0
1 0 0 0 <= 16
x0 range(-0, 16), x1 below(16), 
========== +++++++++++++++++++ ==========
[2025-09-21 00:23:21.906] [info] 

========== ConditionRepresentations ==========
rectangular: 1
-1 0 0 0 <= 0
1 0 0 0 <= 16
x0 range(-0, 16), 
========== +++++++++++++++++++ ==========
[2025-09-21 00:23:21.906] [info] 

========== ConditionRepresentations ==========
rectangular: 1
0 -1 0 0 <= -16
x1 above(16), 
========== +++++++++++++++++++ ==========
[2025-09-21 00:23:21.906] [info] 

========== ConditionRepresentations ==========
rectangular: 1
0 -1 0 0 <= -16
x1 above(16), 
========== +++++++++++++++++++ ==========
[2025-09-21 00:23:21.906] [info] 

========== ConditionRepresentations ==========
rectangular: 1
0 1 0 0 <= 16
0 0 -1 0 <= -2
x1 below(16), x2 above(2), 
========== +++++++++++++++++++ ==========
[2025-09-21 00:23:21.906] [info] 

========== ConditionRepresentations ==========
rectangular: 1
0 -1 0 0 <= -16
0 0 -1 0 <= -2
x1 above(16), x2 above(2), 
========== +++++++++++++++++++ ==========
[2025-09-21 00:23:21.906] [info] 

========== ConditionRepresentations ==========
rectangular: 1
0 1 0 0 <= 16
0 0 0 -1 <= -1
x1 below(16), x3 above(1), 
========== +++++++++++++++++++ ==========
[2025-09-21 00:23:21.906] [info] 

========== ConditionRepresentations ==========
rectangular: 1
0 -1 0 0 <= -16
0 0 0 -1 <= -1
x1 above(16), x3 above(1), 
========== +++++++++++++++++++ ==========
[2025-09-21 00:23:21.906] [info] 

========== ConditionRepresentations ==========
rectangular: 1
0 -1 0 0 <= -16
x1 above(16), 
========== +++++++++++++++++++ ==========
[2025-09-21 00:23:21.906] [info] 

========== ConditionRepresentations ==========
rectangular: 1

========== +++++++++++++++++++ ==========
[2025-09-21 00:23:21.906] [info] 

========== ConditionRepresentations ==========
rectangular: 1
0 -1 0 0 <= -16
x1 above(16), 
========== +++++++++++++++++++ ==========
[2025-09-21 00:23:21.906] [info] 

========== ConditionRepresentations ==========
rectangular: 1

========== +++++++++++++++++++ ==========
[2025-09-21 00:23:21.906] [info] 

========== ConditionRepresentations ==========
rectangular: 1
0 1 0 0 <= 16
0 0 0 -1 <= -1
x1 below(16), x3 above(1), 
========== +++++++++++++++++++ ==========
[2025-09-21 00:23:21.906] [info] 

========== ConditionRepresentations ==========
rectangular: 1
0 -1 0 0 <= -16
0 0 0 -1 <= -1
x1 above(16), x3 above(1), 
========== +++++++++++++++++++ ==========
[2025-09-21 00:23:21.906] [info] 

========== ConditionRepresentations ==========
rectangular: 1

========== +++++++++++++++++++ ==========
[2025-09-21 00:23:21.906] [info] 

========== ConditionRepresentations ==========
rectangular: 1
0 1 0 0 <= 16
0 0 -1 0 <= -2
x1 below(16), x2 above(2), 
========== +++++++++++++++++++ ==========
[2025-09-21 00:23:21.906] [info] 

========== ConditionRepresentations ==========
rectangular: 1
0 -1 0 0 <= -16
0 0 -1 0 <= -2
x1 above(16), x2 above(2), 
========== +++++++++++++++++++ ==========
[2025-09-21 00:23:21.906] [info] 

========== ConditionRepresentations ==========
rectangular: 1

========== +++++++++++++++++++ ==========
[2025-09-21 00:23:21.906] [info] 

========== ConditionRepresentations ==========
rectangular: 1
0 -1 0 0 <= -16
x1 above(16), 
========== +++++++++++++++++++ ==========
[2025-09-21 00:23:21.906] [info] 

========== ConditionRepresentations ==========
rectangular: 1

========== +++++++++++++++++++ ==========
[2025-09-21 00:23:21.906] [info] 

========== ConditionRepresentations ==========
rectangular: 1

========== +++++++++++++++++++ ==========
[2025-09-21 00:23:21.906] [info] 

========== ConditionRepresentations ==========
rectangular: 1

========== +++++++++++++++++++ ==========
[2025-09-21 00:23:21.906] [info] 

========== ConditionRepresentations ==========
rectangular: 1

========== +++++++++++++++++++ ==========
[2025-09-21 00:23:21.906] [info] 

========== ConditionRepresentations ==========
rectangular: 1
-1 0 0 0 <= 0
1 0 0 0 <= 0
0 -1 0 0 <= -4
0 1 0 0 <= 4
0 0 -1 0 <= 0
0 0 1 0 <= 0
0 0 0 -1 <= 0
0 0 0 1 <= 0
x0 point(-0), x1 point(4), x2 point(-0), x3 point(-0), 
========== +++++++++++++++++++ ==========
[2025-09-21 00:23:21.906] [info] 

========== ConditionRepresentations ==========
rectangular: 1
0 -1 0 0 <= -18
x1 above(18), 
========== +++++++++++++++++++ ==========
[2025-09-21 00:23:21.906] [info] 2.0 Creating Unified Datastructure from SAC: 0
[2025-09-21 00:23:25.842] [info] runs 2924 | prob 0.9538303693570451 | low 0.9438333404559996 | high 0.9638273982580906
[2025-09-21 00:23:29.774] [info] runs 2760 | prob 0.9565217391304348 | low 0.9465223188573839 | high 0.9665211594034857
[2025-09-21 00:23:33.686] [info] runs 3326 | prob 0.947083583884546 | low 0.9370841801864686 | high 0.9570829875826236
[2025-09-21 00:23:37.592] [info] runs 3185 | prob 0.9494505494505494 | low 0.9394508825113753 | high 0.9594502163897235
[2025-09-21 00:23:41.511] [info] runs 3826 | prob 0.9385781495033978 | low 0.9285788392454593 | high 0.9485774597613363
[2025-09-21 00:23:45.411] [info] runs 3047 | prob 0.9517558254020347 | low 0.941755944130047 | high 0.9617557066740224
[2025-09-21 00:23:49.327] [info] runs 3408 | prob 0.9457159624413145 | low 0.9357179770808159 | high 0.9557139478018131
[2025-09-21 00:23:53.234] [info] runs 3434 | prob 0.9452533488642982 | low 0.9352533809892836 | high 0.9552533167393129
[2025-09-21 00:23:57.169] [info] runs 3058 | prob 0.9516023544800524 | low 0.941605416696483 | high 0.9615992922636217
[2025-09-21 00:24:01.107] [info] runs 3047 | prob 0.9517558254020347 | low 0.941755944130047 | high 0.9617557066740224
[2025-09-21 00:24:05.076] [info] runs 3345 | prob 0.9467862481315397 | low 0.9367888794472671 | high 0.9567836168158123
[2025-09-21 00:24:09.006] [info] runs 3271 | prob 0.9480281259553653 | low 0.938030419382355 | high 0.9580258325283757
[2025-09-21 00:24:12.918] [info] runs 3390 | prob 0.9460176991150443 | low 0.9360195102516563 | high 0.9560158879784323
[2025-09-21 00:24:16.840] [info] runs 3156 | prob 0.949936628643853 | low 0.9399369803664044 | high 0.9599362769213016
[2025-09-21 00:24:20.747] [info] runs 2738 | prob 0.9569028487947406 | low 0.9469054424976376 | high 0.9669002550918436
[2025-09-21 00:24:24.661] [info] runs 3317 | prob 0.9472414832680133 | low 0.937242639879329 | high 0.9572403266566976
[2025-09-21 00:24:28.579] [info] runs 3037 | prob 0.9519262430029635 | low 0.9419267232061942 | high 0.9619257627997327
[2025-09-21 00:24:32.495] [info] runs 3117 | prob 0.9505935194096888 | low 0.9405942828848147 | high 0.960592755934563
[2025-09-21 00:24:36.434] [info] runs 3496 | prob 0.9442219679633868 | low 0.934223607486215 | high 0.9542203284405585
[2025-09-21 00:24:40.373] [info] runs 3513 | prob 0.9439225732991745 | low 0.9339232868904322 | high 0.9539218597079168
[2025-09-21 00:24:44.289] [info] runs 3127 | prob 0.950431723696834 | low 0.9404330064203392 | high 0.9604304409733289
[2025-09-21 00:24:48.215] [info] runs 3224 | prob 0.9488213399503722 | low 0.938823987121773 | high 0.9588186927789715
[2025-09-21 00:24:52.140] [info] runs 2838 | prob 0.9552501761804087 | low 0.9452526191256726 | high 0.9652477332351449
[2025-09-21 00:24:56.069] [info] runs 3487 | prob 0.9443647834815028 | low 0.9343655969990448 | high 0.9543639699639608
[2025-09-21 00:24:59.991] [info] runs 3335 | prob 0.9469265367316342 | low 0.9369266565269134 | high 0.9569264169363549
[2025-09-21 00:24:59.993] [info] RESULT:
training_time, simulation_time, prob, low, high, runs
3927, 8, 0.9538303693570451, 0.9438333404559996, 0.9638273982580906, 2924
3922, 8, 0.9565217391304348, 0.9465223188573839, 0.9665211594034857, 2760
3900, 9, 0.947083583884546, 0.9370841801864686, 0.9570829875826236, 3326
3894, 9, 0.9494505494505494, 0.9394508825113753, 0.9594502163897235, 3185
3906, 11, 0.9385781495033978, 0.9285788392454593, 0.9485774597613363, 3826
3889, 9, 0.9517558254020347, 0.941755944130047, 0.9617557066740224, 3047
3904, 10, 0.9457159624413145, 0.9357179770808159, 0.9557139478018131, 3408
3894, 10, 0.9452533488642982, 0.9352533809892836, 0.9552533167393129, 3434
3924, 9, 0.9516023544800524, 0.941605416696483, 0.9615992922636217, 3058
3926, 9, 0.9517558254020347, 0.941755944130047, 0.9617557066740224, 3047
3958, 9, 0.9467862481315397, 0.9367888794472671, 0.9567836168158123, 3345
3917, 9, 0.9480281259553653, 0.938030419382355, 0.9580258325283757, 3271
3900, 10, 0.9460176991150443, 0.9360195102516563, 0.9560158879784323, 3390
3911, 9, 0.949936628643853, 0.9399369803664044, 0.9599362769213016, 3156
3897, 8, 0.9569028487947406, 0.9469054424976376, 0.9669002550918436, 2738
3902, 9, 0.9472414832680133, 0.937242639879329, 0.9572403266566976, 3317
3907, 9, 0.9519262430029635, 0.9419267232061942, 0.9619257627997327, 3037
3905, 9, 0.9505935194096888, 0.9405942828848147, 0.960592755934563, 3117
3926, 10, 0.9442219679633868, 0.934223607486215, 0.9542203284405585, 3496
3927, 10, 0.9439225732991745, 0.9339232868904322, 0.9539218597079168, 3513
3905, 9, 0.950431723696834, 0.9404330064203392, 0.9604304409733289, 3127
3914, 9, 0.9488213399503722, 0.938823987121773, 0.9588186927789715, 3224
3914, 8, 0.9552501761804087, 0.9452526191256726, 0.9652477332351449, 2838
3916, 10, 0.9443647834815028, 0.9343655969990448, 0.9543639699639608, 3487
3910, 9, 0.9469265367316342, 0.9369266565269134, 0.9569264169363549, 3335
# timestamp 21.09.2025 00:23:21 (1758407001), datastructure sac
# timebound 16, expirations {"r1": 0, "r2": 0}
# alpha 0.1, gamma 1
# fixed points 5, uniform granularity 1
# scheduler goal: MAXIMIZING, scope: PROPHETIC, history: MEMORYLESS
# training runs 1000000

[2025-09-21 00:25:03.224] [info] runs 3873 | prob 0.9377743351407178 | low 0.9277753469738842 | high 0.9477733233075515
[2025-09-21 00:25:06.476] [info] runs 3988 | prob 0.9358074222668004 | low 0.925809634013863 | high 0.9458052105197378
[2025-09-21 00:25:09.731] [info] runs 3470 | prob 0.9446685878962536 | low 0.9346707351608372 | high 0.95466644063167
[2025-09-21 00:25:13.039] [info] runs 3795 | prob 0.9391304347826087 | low 0.9291326674429146 | high 0.9491282021223029
[2025-09-21 00:25:16.268] [info] runs 3779 | prob 0.9394019581899974 | low 0.9294039741645842 | high 0.9493999422154106
[2025-09-21 00:25:19.521] [info] runs 4120 | prob 0.933495145631068 | low 0.9234956071505852 | high 0.9434946841115507
[2025-09-21 00:25:22.754] [info] runs 3308 | prob 0.9474002418379686 | low 0.9374020439647652 | high 0.9573984397111719
[2025-09-21 00:25:25.983] [info] runs 3381 | prob 0.9461697722567288 | low 0.9361715930541283 | high 0.9561679514593293
[2025-09-21 00:25:29.281] [info] runs 3850 | prob 0.9381818181818182 | low 0.92818372652559 | high 0.9481799098380465
[2025-09-21 00:25:32.536] [info] runs 3779 | prob 0.9394019581899974 | low 0.9294039741645842 | high 0.9493999422154106
[2025-09-21 00:25:35.818] [info] runs 3865 | prob 0.9379042690815006 | low 0.9279047010920357 | high 0.9479038370709655
[2025-09-21 00:25:39.068] [info] runs 4010 | prob 0.9354114713216958 | low 0.9254125600657234 | high 0.9454103825776682
[2025-09-21 00:25:42.331] [info] runs 3850 | prob 0.9381818181818182 | low 0.92818372652559 | high 0.9481799098380465
[2025-09-21 00:25:45.575] [info] runs 3873 | prob 0.9377743351407178 | low 0.9277753469738842 | high 0.9477733233075515
[2025-09-21 00:25:48.809] [info] runs 3957 | prob 0.9363153904473086 | low 0.9263155939975083 | high 0.9463151868971089
[2025-09-21 00:25:52.050] [info] runs 4248 | prob 0.931261770244821 | low 0.9212620312678845 | high 0.9412615092217576
[2025-09-21 00:25:55.308] [info] runs 4040 | prob 0.93490099009901 | low 0.9249027127981831 | high 0.9448992673998368
[2025-09-21 00:25:58.507] [info] runs 3858 | prob 0.9380508035251426 | low 0.9280532033193528 | high 0.9480484037309324
[2025-09-21 00:26:01.732] [info] runs 3470 | prob 0.9446685878962536 | low 0.9346707351608372 | high 0.95466644063167
[2025-09-21 00:26:04.973] [info] runs 3548 | prob 0.9433483652762119 | low 0.9333507521540954 | high 0.9533459783983285
[2025-09-21 00:26:08.192] [info] runs 4142 | prob 0.9331240946402704 | low 0.923125352912088 | high 0.9431228363684527
[2025-09-21 00:26:11.444] [info] runs 3582 | prob 0.9427694025683976 | low 0.9327717061024314 | high 0.9527670990343637
[2025-09-21 00:26:14.703] [info] runs 3889 | prob 0.9375160709694009 | low 0.9275183637836494 | high 0.9475137781551525
[2025-09-21 00:26:17.940] [info] runs 3548 | prob 0.9433483652762119 | low 0.9333507521540954 | high 0.9533459783983285
[2025-09-21 00:26:21.195] [info] runs 3927 | prob 0.936847466259231 | low 0.9268487270497641 | high 0.9468462054686979
[2025-09-21 00:26:21.195] [info] RESULT:
training_time, simulation_time, prob, low, high, runs
3221, 9, 0.9377743351407178, 0.9277753469738842, 0.9477733233075515, 3873
3239, 11, 0.9358074222668004, 0.925809634013863, 0.9458052105197378, 3988
3245, 9, 0.9446685878962536, 0.9346707351608372, 0.95466644063167, 3470
3298, 9, 0.9391304347826087, 0.9291326674429146, 0.9491282021223029, 3795
3218, 10, 0.9394019581899974, 0.9294039741645842, 0.9493999422154106, 3779
3242, 10, 0.933495145631068, 0.9234956071505852, 0.9434946841115507, 4120
3222, 9, 0.9474002418379686, 0.9374020439647652, 0.9573984397111719, 3308
3220, 8, 0.9461697722567288, 0.9361715930541283, 0.9561679514593293, 3381
3286, 10, 0.9381818181818182, 0.92818372652559, 0.9481799098380465, 3850
3245, 9, 0.9394019581899974, 0.9294039741645842, 0.9493999422154106, 3779
3271, 10, 0.9379042690815006, 0.9279047010920357, 0.9479038370709655, 3865
3238, 11, 0.9354114713216958, 0.9254125600657234, 0.9454103825776682, 4010
3253, 9, 0.9381818181818182, 0.92818372652559, 0.9481799098380465, 3850
3233, 10, 0.9377743351407178, 0.9277753469738842, 0.9477733233075515, 3873
3221, 11, 0.9363153904473086, 0.9263155939975083, 0.9463151868971089, 3957
3228, 12, 0.931261770244821, 0.9212620312678845, 0.9412615092217576, 4248
3246, 11, 0.93490099009901, 0.9249027127981831, 0.9448992673998368, 4040
3188, 10, 0.9380508035251426, 0.9280532033193528, 0.9480484037309324, 3858
3215, 9, 0.9446685878962536, 0.9346707351608372, 0.95466644063167, 3470
3232, 9, 0.9433483652762119, 0.9333507521540954, 0.9533459783983285, 3548
3207, 11, 0.9331240946402704, 0.923125352912088, 0.9431228363684527, 4142
3243, 9, 0.9427694025683976, 0.9327717061024314, 0.9527670990343637, 3582
3247, 11, 0.9375160709694009, 0.9275183637836494, 0.9475137781551525, 3889
3227, 9, 0.9433483652762119, 0.9333507521540954, 0.9533459783983285, 3548
3245, 9, 0.936847466259231, 0.9268487270497641, 0.9468462054686979, 3927
# timestamp 21.09.2025 00:23:21 (1758407001), datastructure sac
# timebound 16, expirations {"r1": 0, "r2": 0}
# alpha 0.1, gamma 1
# fixed points 5, uniform granularity 1
# scheduler goal: MAXIMIZING, scope: NONPROPHETIC, history: MEMORYLESS
# training runs 1000000

[2025-09-21 00:26:21.195] [info] 2.1 Simulating on SAC: 179288
[2025-09-21 00:26:21.195] [info] Analysis finished; the goal is not reachable.
[2025-09-21 00:26:21.195] [info] Probability: 0.0
[2025-09-21 00:26:21.195] [info] 2 Analysis: 179289
[2025-09-21 00:26:21.195] [info] 0 Computation Time Complete: 179289
[2025-09-21 00:26:21.195] [info] Counters and timers:
Counters:

Timers:
0 Computation Time Complete: 179289
1 Model creation: 0
2 Analysis: 179289
2.0 Creating Unified Datastructure from SAC: 0
2.1 Simulating on SAC: 179288

