timebound = 18, jump depth = 100, max expirations of random clocks = [{r1: 0}, {r2: 0}], combine absorbing locations in unrolling = 55, integration bound(s) = 18, integration samples = 500000, model = WATERTANK, model case = CASE_A, LTI analysis = rectangular analysis, scheduler = goal: MAXIMIZING, scope: SEMIPROPHETIC, history: HISTORY_DEPENDENT, multithreaded = 1, disableBackwardsRefinement = 0
simulating 0 runs after 1000000 training runs with parameters:
learning rate                 0.1
discount factor               1
exploration rate              0.15
uniform granularity           0.5
adaptive compartments         5


[2025-10-02 23:08:02.286] [warning] no flow specified for variable c1 in location all_off - assuming flow of 0
[2025-10-02 23:08:02.286] [warning] no flow specified for variable c1 in location v2_on - assuming flow of 0
[2025-10-02 23:08:02.286] [warning] no flow specified for variable c1 in location v1_block - assuming flow of 0
[2025-10-02 23:08:02.286] [warning] no flow specified for variable c1 in location v2_block - assuming flow of 0
[2025-10-02 23:08:02.286] [warning] no flow specified for variable c1 in location v1_block_v2_on - assuming flow of 0
[2025-10-02 23:08:02.286] [warning] no flow specified for variable c1 in location block_safe - assuming flow of 0
[2025-10-02 23:08:02.286] [warning] no flow specified for variable c1 in location block_unsafe - assuming flow of 0
[2025-10-02 23:08:02.286] [warning] no flow specified for variable c2 in location all_off - assuming flow of 0
[2025-10-02 23:08:02.286] [warning] no flow specified for variable c2 in location v1_on - assuming flow of 0
[2025-10-02 23:08:02.286] [warning] no flow specified for variable c2 in location v1_block - assuming flow of 0
[2025-10-02 23:08:02.286] [warning] no flow specified for variable c2 in location v2_block - assuming flow of 0
[2025-10-02 23:08:02.286] [warning] no flow specified for variable c2 in location v2_block_v1_on - assuming flow of 0
[2025-10-02 23:08:02.286] [warning] no flow specified for variable c2 in location block_safe - assuming flow of 0
[2025-10-02 23:08:02.286] [warning] no flow specified for variable c2 in location block_unsafe - assuming flow of 0
[2025-10-02 23:08:02.286] [warning] no constraints specified for variable c1 in initial constraint number 0 - assuming [0,0]
[2025-10-02 23:08:02.286] [warning] no constraints specified for variable c2 in initial constraint number 0 - assuming [0,0]
[2025-10-02 23:08:02.286] [info] 1 Model creation: 0
[2025-10-02 23:08:02.286] [info] 2.0 Creating Unified Datastructure from SAC: 0
[2025-10-02 23:08:06.695] [info] runs 2263 | prob 0.9646486964206805 | low 0.954648906204562 | high 0.974648486636799
[2025-10-02 23:08:11.153] [info] runs 1981 | prob 0.9692074709742554 | low 0.959208974973344 | high 0.9792059669751668
[2025-10-02 23:08:15.580] [info] runs 1866 | prob 0.9710610932475884 | low 0.9610644457984542 | high 0.9810577406967226
[2025-10-02 23:08:19.997] [info] runs 2135 | prob 0.9667447306791569 | low 0.9567485738648889 | high 0.9767408874934249
[2025-10-02 23:08:24.408] [info] runs 1629 | prob 0.9748311847759361 | low 0.9648339150473209 | high 0.9848284545045514
[2025-10-02 23:08:28.806] [info] runs 1706 | prob 0.9736225087924971 | low 0.9636278403522696 | high 0.9836171772327247
[2025-10-02 23:08:33.235] [info] runs 2013 | prob 0.9687034277198212 | low 0.9587064718089515 | high 0.9787003836306909
[2025-10-02 23:08:37.636] [info] runs 2090 | prob 0.9674641148325359 | low 0.9574670741028837 | high 0.9774611555621882
[2025-10-02 23:08:42.055] [info] runs 2424 | prob 0.9620462046204621 | low 0.9520483890247852 | high 0.972044020216139
[2025-10-02 23:08:46.453] [info] runs 1933 | prob 0.9699948266942576 | low 0.9599991382655764 | high 0.9799905151229389
[2025-10-02 23:08:50.865] [info] runs 2398 | prob 0.9624687239366139 | low 0.9524707673295313 | high 0.9724666805436964
[2025-10-02 23:08:55.315] [info] runs 2029 | prob 0.968457368161656 | low 0.9584621091542201 | high 0.9784526271690918
[2025-10-02 23:08:59.711] [info] runs 2029 | prob 0.968457368161656 | low 0.9584621091542201 | high 0.9784526271690918
[2025-10-02 23:09:04.147] [info] runs 2193 | prob 0.9658002735978112 | low 0.9558030013112006 | high 0.9757975458844218
[2025-10-02 23:09:08.543] [info] runs 1832 | prob 0.9716157205240175 | low 0.9616210305405758 | high 0.9816104105074591
[2025-10-02 23:09:12.954] [info] runs 2398 | prob 0.9624687239366139 | low 0.9524707673295313 | high 0.9724666805436964
[2025-10-02 23:09:17.367] [info] runs 2263 | prob 0.9646486964206805 | low 0.954648906204562 | high 0.974648486636799
[2025-10-02 23:09:21.764] [info] runs 2250 | prob 0.9648888888888889 | low 0.9548931353609558 | high 0.974884642416822
[2025-10-02 23:09:26.153] [info] runs 2358 | prob 0.9631043256997456 | low 0.9531043636700305 | high 0.9731042877294607
[2025-10-02 23:09:30.545] [info] runs 2044 | prob 0.9681996086105675 | low 0.958201816616828 | high 0.978197400604307
[2025-10-02 23:09:34.974] [info] runs 2598 | prob 0.9591993841416474 | low 0.9492013620920663 | high 0.9691974061912285
[2025-10-02 23:09:39.387] [info] runs 1965 | prob 0.9694656488549618 | low 0.9594673723797518 | high 0.9794639253301718
[2025-10-02 23:09:43.808] [info] runs 2598 | prob 0.9591993841416474 | low 0.9492013620920663 | high 0.9691974061912285
[2025-10-02 23:09:48.220] [info] runs 1849 | prob 0.971335857220119 | low 0.9613397341848154 | high 0.9813319802554225
[2025-10-02 23:09:52.649] [info] runs 2105 | prob 0.9672209026128266 | low 0.9572236390764535 | high 0.9772181661491997
[2025-10-02 23:09:52.709] [info] RESULT:
training_time, simulation_time, prob, low, high, runs
4401, 7, 0.9646486964206805, 0.954648906204562, 0.974648486636799, 2263
4425, 6, 0.9692074709742554, 0.959208974973344, 0.9792059669751668, 1981
4350, 6, 0.9710610932475884, 0.9610644457984542, 0.9810577406967226, 1866
4341, 7, 0.9667447306791569, 0.9567485738648889, 0.9767408874934249, 2135
4343, 5, 0.9748311847759361, 0.9648339150473209, 0.9848284545045514, 1629
4326, 5, 0.9736225087924971, 0.9636278403522696, 0.9836171772327247, 1706
4354, 6, 0.9687034277198212, 0.9587064718089515, 0.9787003836306909, 2013
4325, 6, 0.9674641148325359, 0.9574670741028837, 0.9774611555621882, 2090
4344, 8, 0.9620462046204621, 0.9520483890247852, 0.972044020216139, 2424
4321, 6, 0.9699948266942576, 0.9599991382655764, 0.9799905151229389, 1933
4338, 7, 0.9624687239366139, 0.9524707673295313, 0.9724666805436964, 2398
4374, 6, 0.968457368161656, 0.9584621091542201, 0.9784526271690918, 2029
4319, 6, 0.968457368161656, 0.9584621091542201, 0.9784526271690918, 2029
4361, 7, 0.9658002735978112, 0.9558030013112006, 0.9757975458844218, 2193
4329, 6, 0.9716157205240175, 0.9616210305405758, 0.9816104105074591, 1832
4338, 8, 0.9624687239366139, 0.9524707673295313, 0.9724666805436964, 2398
4338, 7, 0.9646486964206805, 0.954648906204562, 0.974648486636799, 2263
4326, 7, 0.9648888888888889, 0.9548931353609558, 0.974884642416822, 2250
4321, 7, 0.9631043256997456, 0.9531043636700305, 0.9731042877294607, 2358
4323, 6, 0.9681996086105675, 0.958201816616828, 0.978197400604307, 2044
4353, 8, 0.9591993841416474, 0.9492013620920663, 0.9691974061912285, 2598
4341, 6, 0.9694656488549618, 0.9594673723797518, 0.9794639253301718, 1965
4346, 8, 0.9591993841416474, 0.9492013620920663, 0.9691974061912285, 2598
4338, 6, 0.971335857220119, 0.9613397341848154, 0.9813319802554225, 1849
4355, 6, 0.9672209026128266, 0.9572236390764535, 0.9772181661491997, 2105
# timestamp 02.10.2025 23:08:02 (1759439282), datastructure SAC
# timebound 18, expirations {"r1": 0, "r2": 0}
# alpha 0.1, gamma 1
# fixed points 5, uniform granularity 0.5
# scheduler goal: MAXIMIZING, scope: SEMIPROPHETIC, history: MEMORYLESS
# training runs 1000000

[2025-10-02 23:09:55.798] [info] runs 2013 | prob 0.9687034277198212 | low 0.9587064718089515 | high 0.9787003836306909
[2025-10-02 23:09:58.931] [info] runs 1997 | prob 0.9689534301452178 | low 0.9589553850604986 | high 0.9789514752299371
[2025-10-02 23:10:02.077] [info] runs 2120 | prob 0.9669811320754716 | low 0.9569841706155217 | high 0.9769780935354216
[2025-10-02 23:10:05.207] [info] runs 2332 | prob 0.9635506003430532 | low 0.9535537304794388 | high 0.9735474702066675
[2025-10-02 23:10:08.348] [info] runs 2934 | prob 0.9536468984321745 | low 0.9436480725966706 | high 0.9636457242676785
[2025-10-02 23:10:11.504] [info] runs 2586 | prob 0.9593967517401392 | low 0.9493987983091168 | high 0.9693947051711616
[2025-10-02 23:10:14.634] [info] runs 2149 | prob 0.9664960446719404 | low 0.9564966034492031 | high 0.9764954858946777
[2025-10-02 23:10:17.774] [info] runs 3214 | prob 0.9489732420659615 | low 0.938974418761757 | high 0.9589720653701659
[2025-10-02 23:10:20.902] [info] runs 2437 | prob 0.9618383258104226 | low 0.9518410230894168 | high 0.9718356285314285
[2025-10-02 23:10:24.061] [info] runs 2424 | prob 0.9620462046204621 | low 0.9520483890247852 | high 0.972044020216139
[2025-10-02 23:10:27.228] [info] runs 2385 | prob 0.9626834381551362 | low 0.9526858733302609 | high 0.9726810029800116
[2025-10-02 23:10:30.393] [info] runs 2860 | prob 0.9548951048951049 | low 0.9448985003042638 | high 0.9648917094859459
[2025-10-02 23:10:33.537] [info] runs 2669 | prob 0.9580367178718622 | low 0.9480390806585146 | high 0.9680343550852097
[2025-10-02 23:10:36.705] [info] runs 2860 | prob 0.9548951048951049 | low 0.9448985003042638 | high 0.9648917094859459
[2025-10-02 23:10:39.872] [info] runs 2838 | prob 0.9552501761804087 | low 0.9452526191256726 | high 0.9652477332351449
[2025-10-02 23:10:43.016] [info] runs 2372 | prob 0.9629005059021922 | low 0.9529036549394581 | high 0.9728973568649264
[2025-10-02 23:10:46.139] [info] runs 2586 | prob 0.9593967517401392 | low 0.9493987983091168 | high 0.9693947051711616
[2025-10-02 23:10:49.290] [info] runs 2738 | prob 0.9569028487947406 | low 0.9469054424976376 | high 0.9669002550918436
[2025-10-02 23:10:52.438] [info] runs 2450 | prob 0.9616326530612245 | low 0.9516361454268237 | high 0.9716291606956252
[2025-10-02 23:10:55.567] [info] runs 2450 | prob 0.9616326530612245 | low 0.9516361454268237 | high 0.9716291606956252
[2025-10-02 23:10:58.709] [info] runs 2574 | prob 0.9595959595959596 | low 0.9495983035574309 | high 0.9695936156344882
[2025-10-02 23:11:01.861] [info] runs 2358 | prob 0.9631043256997456 | low 0.9531043636700305 | high 0.9731042877294607
[2025-10-02 23:11:05.002] [info] runs 2437 | prob 0.9618383258104226 | low 0.9518410230894168 | high 0.9718356285314285
[2025-10-02 23:11:08.143] [info] runs 2475 | prob 0.9612121212121212 | low 0.9512140576984839 | high 0.9712101847257585
[2025-10-02 23:11:11.301] [info] runs 2760 | prob 0.9565217391304348 | low 0.9465223188573839 | high 0.9665211594034857
[2025-10-02 23:11:11.302] [info] RESULT:
training_time, simulation_time, prob, low, high, runs
3083, 4, 0.9687034277198212, 0.9587064718089515, 0.9787003836306909, 2013
3128, 4, 0.9689534301452178, 0.9589553850604986, 0.9789514752299371, 1997
3140, 5, 0.9669811320754716, 0.9569841706155217, 0.9769780935354216, 2120
3123, 5, 0.9635506003430532, 0.9535537304794388, 0.9735474702066675, 2332
3132, 8, 0.9536468984321745, 0.9436480725966706, 0.9636457242676785, 2934
3149, 6, 0.9593967517401392, 0.9493987983091168, 0.9693947051711616, 2586
3124, 5, 0.9664960446719404, 0.9564966034492031, 0.9764954858946777, 2149
3131, 8, 0.9489732420659615, 0.938974418761757, 0.9589720653701659, 3214
3121, 5, 0.9618383258104226, 0.9518410230894168, 0.9718356285314285, 2437
3153, 5, 0.9620462046204621, 0.9520483890247852, 0.972044020216139, 2424
3160, 5, 0.9626834381551362, 0.9526858733302609, 0.9726810029800116, 2385
3157, 7, 0.9548951048951049, 0.9448985003042638, 0.9648917094859459, 2860
3137, 6, 0.9580367178718622, 0.9480390806585146, 0.9680343550852097, 2669
3161, 7, 0.9548951048951049, 0.9448985003042638, 0.9648917094859459, 2860
3159, 7, 0.9552501761804087, 0.9452526191256726, 0.9652477332351449, 2838
3138, 5, 0.9629005059021922, 0.9529036549394581, 0.9728973568649264, 2372
3115, 7, 0.9593967517401392, 0.9493987983091168, 0.9693947051711616, 2586
3144, 6, 0.9569028487947406, 0.9469054424976376, 0.9669002550918436, 2738
3142, 5, 0.9616326530612245, 0.9516361454268237, 0.9716291606956252, 2450
3122, 5, 0.9616326530612245, 0.9516361454268237, 0.9716291606956252, 2450
3136, 6, 0.9595959595959596, 0.9495983035574309, 0.9695936156344882, 2574
3145, 5, 0.9631043256997456, 0.9531043636700305, 0.9731042877294607, 2358
3134, 5, 0.9618383258104226, 0.9518410230894168, 0.9718356285314285, 2437
3134, 6, 0.9612121212121212, 0.9512140576984839, 0.9712101847257585, 2475
3151, 6, 0.9565217391304348, 0.9465223188573839, 0.9665211594034857, 2760
# timestamp 02.10.2025 23:08:02 (1759439282), datastructure SAC
# timebound 18, expirations {"r1": 0, "r2": 0}
# alpha 0.1, gamma 1
# fixed points 5, uniform granularity 0.5
# scheduler goal: MAXIMIZING, scope: NONPROPHETIC, history: MEMORYLESS
# training runs 1000000

[2025-10-02 23:11:11.302] [info] 2.1 Simulating on SAC: 189015
[2025-10-02 23:11:11.302] [info] Analysis finished; the goal is not reachable.
[2025-10-02 23:11:11.302] [info] Probability: 0.0
[2025-10-02 23:11:11.302] [info] 2 Analysis: 189016
[2025-10-02 23:11:11.302] [info] 0 Computation Time Complete: 189016
[2025-10-02 23:11:11.302] [info] Counters and timers:
Counters:

Timers:
0 Computation Time Complete: 189016
1 Model creation: 0
2 Analysis: 189016
2.0 Creating Unified Datastructure from SAC: 0
2.1 Simulating on SAC: 189015

