timebound = 20, jump depth = 100, max expirations of random clocks = [{r1: 0}, {r2: 0}], combine absorbing locations in unrolling = 176, integration bound(s) = 20, integration samples = 500000, model = WATERTANK, model case = CASE_A, LTI analysis = rectangular analysis, scheduler = goal: MAXIMIZING, scope: PROPHETIC, history: HISTORY_DEPENDENT, multithreaded = 1, disableBackwardsRefinement = 0
simulating 0 runs after 1000000 training runs with parameters:
learning rate                 0.1
discount factor               1
exploration rate              0.15
uniform granularity           1
adaptive compartments         5


[2025-09-21 00:29:23.092] [warning] no flow specified for variable c1 in location all_off - assuming flow of 0
[2025-09-21 00:29:23.092] [warning] no flow specified for variable c1 in location v2_on - assuming flow of 0
[2025-09-21 00:29:23.092] [warning] no flow specified for variable c1 in location v1_block - assuming flow of 0
[2025-09-21 00:29:23.092] [warning] no flow specified for variable c1 in location v2_block - assuming flow of 0
[2025-09-21 00:29:23.092] [warning] no flow specified for variable c1 in location v1_block_v2_on - assuming flow of 0
[2025-09-21 00:29:23.092] [warning] no flow specified for variable c1 in location block_safe - assuming flow of 0
[2025-09-21 00:29:23.092] [warning] no flow specified for variable c1 in location block_unsafe - assuming flow of 0
[2025-09-21 00:29:23.092] [warning] no flow specified for variable c2 in location all_off - assuming flow of 0
[2025-09-21 00:29:23.092] [warning] no flow specified for variable c2 in location v1_on - assuming flow of 0
[2025-09-21 00:29:23.092] [warning] no flow specified for variable c2 in location v1_block - assuming flow of 0
[2025-09-21 00:29:23.092] [warning] no flow specified for variable c2 in location v2_block - assuming flow of 0
[2025-09-21 00:29:23.092] [warning] no flow specified for variable c2 in location v2_block_v1_on - assuming flow of 0
[2025-09-21 00:29:23.092] [warning] no flow specified for variable c2 in location block_safe - assuming flow of 0
[2025-09-21 00:29:23.092] [warning] no flow specified for variable c2 in location block_unsafe - assuming flow of 0
[2025-09-21 00:29:23.092] [warning] no constraints specified for variable c1 in initial constraint number 0 - assuming [0,0]
[2025-09-21 00:29:23.092] [warning] no constraints specified for variable c2 in initial constraint number 0 - assuming [0,0]
[2025-09-21 00:29:23.092] [info] 1 Model creation: 0
[2025-09-21 00:29:23.092] [info] 

========== ConditionRepresentations ==========
rectangular: 1
0 1 0 0 <= 16
-1 0 0 0 <= 0
1 0 0 0 <= 20
x0 range(-0, 20), x1 below(16), 
========== +++++++++++++++++++ ==========
[2025-09-21 00:29:23.092] [info] 

========== ConditionRepresentations ==========
rectangular: 1
0 0 1 0 <= 2
-1 0 0 0 <= 0
1 0 0 0 <= 20
x0 range(-0, 20), x2 below(2), 
========== +++++++++++++++++++ ==========
[2025-09-21 00:29:23.092] [info] 

========== ConditionRepresentations ==========
rectangular: 1
0 0 0 1 <= 1
-1 0 0 0 <= 0
1 0 0 0 <= 20
x0 range(-0, 20), x3 below(1), 
========== +++++++++++++++++++ ==========
[2025-09-21 00:29:23.092] [info] 

========== ConditionRepresentations ==========
rectangular: 1
0 1 0 0 <= 16
-1 0 0 0 <= 0
1 0 0 0 <= 20
x0 range(-0, 20), x1 below(16), 
========== +++++++++++++++++++ ==========
[2025-09-21 00:29:23.093] [info] 

========== ConditionRepresentations ==========
rectangular: 1
0 1 0 0 <= 16
-1 0 0 0 <= 0
1 0 0 0 <= 20
x0 range(-0, 20), x1 below(16), 
========== +++++++++++++++++++ ==========
[2025-09-21 00:29:23.093] [info] 

========== ConditionRepresentations ==========
rectangular: 1
0 0 0 1 <= 1
-1 0 0 0 <= 0
1 0 0 0 <= 20
x0 range(-0, 20), x3 below(1), 
========== +++++++++++++++++++ ==========
[2025-09-21 00:29:23.093] [info] 

========== ConditionRepresentations ==========
rectangular: 1
0 0 1 0 <= 2
-1 0 0 0 <= 0
1 0 0 0 <= 20
x0 range(-0, 20), x2 below(2), 
========== +++++++++++++++++++ ==========
[2025-09-21 00:29:23.093] [info] 

========== ConditionRepresentations ==========
rectangular: 1
0 1 0 0 <= 16
-1 0 0 0 <= 0
1 0 0 0 <= 20
x0 range(-0, 20), x1 below(16), 
========== +++++++++++++++++++ ==========
[2025-09-21 00:29:23.093] [info] 

========== ConditionRepresentations ==========
rectangular: 1
-1 0 0 0 <= 0
1 0 0 0 <= 20
x0 range(-0, 20), 
========== +++++++++++++++++++ ==========
[2025-09-21 00:29:23.093] [info] 

========== ConditionRepresentations ==========
rectangular: 1
0 -1 0 0 <= -16
x1 above(16), 
========== +++++++++++++++++++ ==========
[2025-09-21 00:29:23.093] [info] 

========== ConditionRepresentations ==========
rectangular: 1
0 -1 0 0 <= -16
x1 above(16), 
========== +++++++++++++++++++ ==========
[2025-09-21 00:29:23.093] [info] 

========== ConditionRepresentations ==========
rectangular: 1
0 1 0 0 <= 16
0 0 -1 0 <= -2
x1 below(16), x2 above(2), 
========== +++++++++++++++++++ ==========
[2025-09-21 00:29:23.093] [info] 

========== ConditionRepresentations ==========
rectangular: 1
0 -1 0 0 <= -16
0 0 -1 0 <= -2
x1 above(16), x2 above(2), 
========== +++++++++++++++++++ ==========
[2025-09-21 00:29:23.093] [info] 

========== ConditionRepresentations ==========
rectangular: 1
0 1 0 0 <= 16
0 0 0 -1 <= -1
x1 below(16), x3 above(1), 
========== +++++++++++++++++++ ==========
[2025-09-21 00:29:23.093] [info] 

========== ConditionRepresentations ==========
rectangular: 1
0 -1 0 0 <= -16
0 0 0 -1 <= -1
x1 above(16), x3 above(1), 
========== +++++++++++++++++++ ==========
[2025-09-21 00:29:23.093] [info] 

========== ConditionRepresentations ==========
rectangular: 1
0 -1 0 0 <= -16
x1 above(16), 
========== +++++++++++++++++++ ==========
[2025-09-21 00:29:23.093] [info] 

========== ConditionRepresentations ==========
rectangular: 1

========== +++++++++++++++++++ ==========
[2025-09-21 00:29:23.093] [info] 

========== ConditionRepresentations ==========
rectangular: 1
0 -1 0 0 <= -16
x1 above(16), 
========== +++++++++++++++++++ ==========
[2025-09-21 00:29:23.093] [info] 

========== ConditionRepresentations ==========
rectangular: 1

========== +++++++++++++++++++ ==========
[2025-09-21 00:29:23.093] [info] 

========== ConditionRepresentations ==========
rectangular: 1
0 1 0 0 <= 16
0 0 0 -1 <= -1
x1 below(16), x3 above(1), 
========== +++++++++++++++++++ ==========
[2025-09-21 00:29:23.093] [info] 

========== ConditionRepresentations ==========
rectangular: 1
0 -1 0 0 <= -16
0 0 0 -1 <= -1
x1 above(16), x3 above(1), 
========== +++++++++++++++++++ ==========
[2025-09-21 00:29:23.093] [info] 

========== ConditionRepresentations ==========
rectangular: 1

========== +++++++++++++++++++ ==========
[2025-09-21 00:29:23.093] [info] 

========== ConditionRepresentations ==========
rectangular: 1
0 1 0 0 <= 16
0 0 -1 0 <= -2
x1 below(16), x2 above(2), 
========== +++++++++++++++++++ ==========
[2025-09-21 00:29:23.093] [info] 

========== ConditionRepresentations ==========
rectangular: 1
0 -1 0 0 <= -16
0 0 -1 0 <= -2
x1 above(16), x2 above(2), 
========== +++++++++++++++++++ ==========
[2025-09-21 00:29:23.093] [info] 

========== ConditionRepresentations ==========
rectangular: 1

========== +++++++++++++++++++ ==========
[2025-09-21 00:29:23.093] [info] 

========== ConditionRepresentations ==========
rectangular: 1
0 -1 0 0 <= -16
x1 above(16), 
========== +++++++++++++++++++ ==========
[2025-09-21 00:29:23.093] [info] 

========== ConditionRepresentations ==========
rectangular: 1

========== +++++++++++++++++++ ==========
[2025-09-21 00:29:23.093] [info] 

========== ConditionRepresentations ==========
rectangular: 1

========== +++++++++++++++++++ ==========
[2025-09-21 00:29:23.093] [info] 

========== ConditionRepresentations ==========
rectangular: 1

========== +++++++++++++++++++ ==========
[2025-09-21 00:29:23.093] [info] 

========== ConditionRepresentations ==========
rectangular: 1

========== +++++++++++++++++++ ==========
[2025-09-21 00:29:23.093] [info] 

========== ConditionRepresentations ==========
rectangular: 1
-1 0 0 0 <= 0
1 0 0 0 <= 0
0 -1 0 0 <= -4
0 1 0 0 <= 4
0 0 -1 0 <= 0
0 0 1 0 <= 0
0 0 0 -1 <= 0
0 0 0 1 <= 0
x0 point(-0), x1 point(4), x2 point(-0), x3 point(-0), 
========== +++++++++++++++++++ ==========
[2025-09-21 00:29:23.093] [info] 

========== ConditionRepresentations ==========
rectangular: 1
0 -1 0 0 <= -18
x1 above(18), 
========== +++++++++++++++++++ ==========
[2025-09-21 00:29:23.093] [info] 2.0 Creating Unified Datastructure from SAC: 0
[2025-09-21 00:29:27.286] [info] runs 1170 | prob 0.982051282051282 | low 0.9720527388418739 | high 0.9920498252606901
[2025-09-21 00:29:31.500] [info] runs 1054 | prob 0.9838709677419355 | low 0.9738755999015478 | high 0.9938663355823232
[2025-09-21 00:29:35.701] [info] runs 1419 | prob 0.97815362931642 | low 0.9681571321901097 | high 0.9881501264427304
[2025-09-21 00:29:39.877] [info] runs 1000 | prob 0.987 | low 0.9777726687576526 | high 0.9962273312423474
[2025-09-21 00:29:44.050] [info] runs 1000 | prob 0.985 | low 0.9750983036604832 | high 0.9949016963395168
[2025-09-21 00:29:48.223] [info] runs 1000 | prob 0.987 | low 0.9777726687576526 | high 0.9962273312423474
[2025-09-21 00:29:52.402] [info] runs 1114 | prob 0.9829443447037702 | low 0.9729512056070148 | high 0.9929374838005257
[2025-09-21 00:29:56.577] [info] runs 1054 | prob 0.9838709677419355 | low 0.9738755999015478 | high 0.9938663355823232
[2025-09-21 00:30:00.754] [info] runs 1276 | prob 0.9804075235109718 | low 0.9704128524301917 | high 0.9904021945917519
[2025-09-21 00:30:04.897] [info] runs 1142 | prob 0.9824868651488616 | low 0.9724878292151417 | high 0.9924859010825816
[2025-09-21 00:30:09.055] [info] runs 1507 | prob 0.9767750497677505 | low 0.966780484523591 | high 0.9867696150119101
[2025-09-21 00:30:13.229] [info] runs 1000 | prob 0.985 | low 0.9750983036604832 | high 0.9949016963395168
[2025-09-21 00:30:17.415] [info] runs 1250 | prob 0.9808 | low 0.9708015726542477 | high 0.9907984273457523
[2025-09-21 00:30:21.586] [info] runs 1396 | prob 0.9785100286532952 | low 0.9685122456060832 | high 0.9885078117005072
[2025-09-21 00:30:25.736] [info] runs 1668 | prob 0.9742206235011991 | low 0.9642249353205339 | high 0.9842163116818643
[2025-09-21 00:30:29.927] [info] runs 1000 | prob 0.989 | low 0.9805034944180563 | high 0.9974965055819437
[2025-09-21 00:30:34.105] [info] runs 1507 | prob 0.9767750497677505 | low 0.966780484523591 | high 0.9867696150119101
[2025-09-21 00:30:38.278] [info] runs 1441 | prob 0.9777931991672449 | low 0.9677936510812322 | high 0.9877927472532577
[2025-09-21 00:30:42.451] [info] runs 1250 | prob 0.9808 | low 0.9708015726542477 | high 0.9907984273457523
[2025-09-21 00:30:46.630] [info] runs 1023 | prob 0.9843597262952102 | low 0.974366467494181 | high 0.9943529850962394
[2025-09-21 00:30:50.791] [info] runs 1000 | prob 0.99 | low 0.9818948052213411 | high 0.9981051947786589
[2025-09-21 00:30:54.952] [info] runs 1464 | prob 0.9774590163934426 | low 0.9674656679507027 | high 0.9874523648361825
[2025-09-21 00:30:59.137] [info] runs 1198 | prob 0.9816360601001669 | low 0.9716435261404355 | high 0.9916285940598983
[2025-09-21 00:31:03.298] [info] runs 1349 | prob 0.9792438843587843 | low 0.969244843140145 | high 0.9892429255774235
[2025-09-21 00:31:07.482] [info] runs 1000 | prob 0.993 | low 0.986208440607931 | high 0.999791559392069
[2025-09-21 00:31:07.485] [info] RESULT:
training_time, simulation_time, prob, low, high, runs
4189, 3, 0.982051282051282, 0.9720527388418739, 0.9920498252606901, 1170
4210, 3, 0.9838709677419355, 0.9738755999015478, 0.9938663355823232, 1054
4193, 4, 0.97815362931642, 0.9681571321901097, 0.9881501264427304, 1419
4170, 3, 0.987, 0.9777726687576526, 0.9962273312423474, 1000
4167, 3, 0.985, 0.9750983036604832, 0.9949016963395168, 1000
4166, 3, 0.987, 0.9777726687576526, 0.9962273312423474, 1000
4173, 3, 0.9829443447037702, 0.9729512056070148, 0.9929374838005257, 1114
4169, 3, 0.9838709677419355, 0.9738755999015478, 0.9938663355823232, 1054
4171, 3, 0.9804075235109718, 0.9704128524301917, 0.9904021945917519, 1276
4136, 3, 0.9824868651488616, 0.9724878292151417, 0.9924859010825816, 1142
4151, 4, 0.9767750497677505, 0.966780484523591, 0.9867696150119101, 1507
4168, 3, 0.985, 0.9750983036604832, 0.9949016963395168, 1000
4179, 3, 0.9808, 0.9708015726542477, 0.9907984273457523, 1250
4163, 4, 0.9785100286532952, 0.9685122456060832, 0.9885078117005072, 1396
4142, 5, 0.9742206235011991, 0.9642249353205339, 0.9842163116818643, 1668
4184, 3, 0.989, 0.9805034944180563, 0.9974965055819437, 1000
4171, 4, 0.9767750497677505, 0.966780484523591, 0.9867696150119101, 1507
4166, 4, 0.9777931991672449, 0.9677936510812322, 0.9877927472532577, 1441
4166, 3, 0.9808, 0.9708015726542477, 0.9907984273457523, 1250
4173, 3, 0.9843597262952102, 0.974366467494181, 0.9943529850962394, 1023
4155, 3, 0.99, 0.9818948052213411, 0.9981051947786589, 1000
4153, 4, 0.9774590163934426, 0.9674656679507027, 0.9874523648361825, 1464
4179, 3, 0.9816360601001669, 0.9716435261404355, 0.9916285940598983, 1198
4153, 4, 0.9792438843587843, 0.969244843140145, 0.9892429255774235, 1349
4178, 3, 0.993, 0.986208440607931, 0.999791559392069, 1000
# timestamp 21.09.2025 00:29:23 (1758407363), datastructure sac
# timebound 20, expirations {"r1": 0, "r2": 0}
# alpha 0.1, gamma 1
# fixed points 5, uniform granularity 1
# scheduler goal: MAXIMIZING, scope: PROPHETIC, history: MEMORYLESS
# training runs 1000000

[2025-09-21 00:31:10.808] [info] runs 1224 | prob 0.9812091503267973 | low 0.9712112419217648 | high 0.9912070587318299
[2025-09-21 00:31:14.140] [info] runs 1000 | prob 0.985 | low 0.9750983036604832 | high 0.9949016963395168
[2025-09-21 00:31:17.481] [info] runs 1114 | prob 0.9829443447037702 | low 0.9729512056070148 | high 0.9929374838005257
[2025-09-21 00:31:20.847] [info] runs 1142 | prob 0.9824868651488616 | low 0.9724878292151417 | high 0.9924859010825816
[2025-09-21 00:31:24.176] [info] runs 1569 | prob 0.975780752071383 | low 0.9657832653272805 | high 0.9857782388154855
[2025-09-21 00:31:27.529] [info] runs 1464 | prob 0.9774590163934426 | low 0.9674656679507027 | high 0.9874523648361825
[2025-09-21 00:31:30.857] [info] runs 1000 | prob 0.986 | low 0.976429197948761 | high 0.9955708020512389
[2025-09-21 00:31:34.198] [info] runs 1276 | prob 0.9804075235109718 | low 0.9704128524301917 | high 0.9904021945917519
[2025-09-21 00:31:37.546] [info] runs 1569 | prob 0.975780752071383 | low 0.9657832653272805 | high 0.9857782388154855
[2025-09-21 00:31:40.870] [info] runs 1349 | prob 0.9792438843587843 | low 0.969244843140145 | high 0.9892429255774235
[2025-09-21 00:31:44.224] [info] runs 1142 | prob 0.9824868651488616 | low 0.9724878292151417 | high 0.9924859010825816
[2025-09-21 00:31:47.561] [info] runs 1441 | prob 0.9777931991672449 | low 0.9677936510812322 | high 0.9877927472532577
[2025-09-21 00:31:50.870] [info] runs 1276 | prob 0.9804075235109718 | low 0.9704128524301917 | high 0.9904021945917519
[2025-09-21 00:31:54.210] [info] runs 1301 | prob 0.9800153727901614 | low 0.9700206286657813 | high 0.9900101169145414
[2025-09-21 00:31:57.547] [info] runs 1114 | prob 0.9829443447037702 | low 0.9729512056070148 | high 0.9929374838005257
[2025-09-21 00:32:00.874] [info] runs 1250 | prob 0.9808 | low 0.9708015726542477 | high 0.9907984273457523
[2025-09-21 00:32:04.197] [info] runs 1276 | prob 0.9804075235109718 | low 0.9704128524301917 | high 0.9904021945917519
[2025-09-21 00:32:07.559] [info] runs 1250 | prob 0.9808 | low 0.9708015726542477 | high 0.9907984273457523
[2025-09-21 00:32:10.923] [info] runs 1464 | prob 0.9774590163934426 | low 0.9674656679507027 | high 0.9874523648361825
[2025-09-21 00:32:14.239] [info] runs 1349 | prob 0.9792438843587843 | low 0.969244843140145 | high 0.9892429255774235
[2025-09-21 00:32:17.587] [info] runs 1325 | prob 0.979622641509434 | low 0.969623993735661 | high 0.989621289283207
[2025-09-21 00:32:20.952] [info] runs 1084 | prob 0.9833948339483395 | low 0.9733967497393854 | high 0.9933929181572936
[2025-09-21 00:32:24.267] [info] runs 1114 | prob 0.9829443447037702 | low 0.9729512056070148 | high 0.9929374838005257
[2025-09-21 00:32:27.616] [info] runs 1170 | prob 0.982051282051282 | low 0.9720527388418739 | high 0.9920498252606901
[2025-09-21 00:32:30.964] [info] runs 1761 | prob 0.9727427597955707 | low 0.9627472229382732 | high 0.9827382966528682
[2025-09-21 00:32:30.964] [info] RESULT:
training_time, simulation_time, prob, low, high, runs
3319, 3, 0.9812091503267973, 0.9712112419217648, 0.9912070587318299, 1224
3329, 2, 0.985, 0.9750983036604832, 0.9949016963395168, 1000
3337, 2, 0.9829443447037702, 0.9729512056070148, 0.9929374838005257, 1114
3362, 3, 0.9824868651488616, 0.9724878292151417, 0.9924859010825816, 1142
3325, 4, 0.975780752071383, 0.9657832653272805, 0.9857782388154855, 1569
3348, 3, 0.9774590163934426, 0.9674656679507027, 0.9874523648361825, 1464
3325, 2, 0.986, 0.976429197948761, 0.9955708020512389, 1000
3338, 3, 0.9804075235109718, 0.9704128524301917, 0.9904021945917519, 1276
3343, 4, 0.975780752071383, 0.9657832653272805, 0.9857782388154855, 1569
3319, 3, 0.9792438843587843, 0.969244843140145, 0.9892429255774235, 1349
3351, 2, 0.9824868651488616, 0.9724878292151417, 0.9924859010825816, 1142
3333, 3, 0.9777931991672449, 0.9677936510812322, 0.9877927472532577, 1441
3305, 3, 0.9804075235109718, 0.9704128524301917, 0.9904021945917519, 1276
3336, 3, 0.9800153727901614, 0.9700206286657813, 0.9900101169145414, 1301
3334, 2, 0.9829443447037702, 0.9729512056070148, 0.9929374838005257, 1114
3323, 3, 0.9808, 0.9708015726542477, 0.9907984273457523, 1250
3319, 3, 0.9804075235109718, 0.9704128524301917, 0.9904021945917519, 1276
3358, 3, 0.9808, 0.9708015726542477, 0.9907984273457523, 1250
3359, 4, 0.9774590163934426, 0.9674656679507027, 0.9874523648361825, 1464
3312, 3, 0.9792438843587843, 0.969244843140145, 0.9892429255774235, 1349
3343, 3, 0.979622641509434, 0.969623993735661, 0.989621289283207, 1325
3362, 3, 0.9833948339483395, 0.9733967497393854, 0.9933929181572936, 1084
3311, 2, 0.9829443447037702, 0.9729512056070148, 0.9929374838005257, 1114
3345, 3, 0.982051282051282, 0.9720527388418739, 0.9920498252606901, 1170
3343, 4, 0.9727427597955707, 0.9627472229382732, 0.9827382966528682, 1761
# timestamp 21.09.2025 00:29:23 (1758407363), datastructure sac
# timebound 20, expirations {"r1": 0, "r2": 0}
# alpha 0.1, gamma 1
# fixed points 5, uniform granularity 1
# scheduler goal: MAXIMIZING, scope: NONPROPHETIC, history: MEMORYLESS
# training runs 1000000

[2025-09-21 00:32:30.964] [info] 2.1 Simulating on SAC: 187871
[2025-09-21 00:32:30.964] [info] Analysis finished; the goal is not reachable.
[2025-09-21 00:32:30.964] [info] Probability: 0.0
[2025-09-21 00:32:30.964] [info] 2 Analysis: 187871
[2025-09-21 00:32:30.964] [info] 0 Computation Time Complete: 187871
[2025-09-21 00:32:30.964] [info] Counters and timers:
Counters:

Timers:
0 Computation Time Complete: 187871
1 Model creation: 0
2 Analysis: 187871
2.0 Creating Unified Datastructure from SAC: 0
2.1 Simulating on SAC: 187871

