timebound = 8, jump depth = 100, max expirations of random clocks = [{r1: 0}, {r2: 0}], combine absorbing locations in unrolling = 255, integration bound(s) = 8, integration samples = 500000, model = WATERTANK, model case = CASE_A, LTI analysis = rectangular analysis, scheduler = goal: MAXIMIZING, scope: PROPHETIC, history: HISTORY_DEPENDENT, multithreaded = 1, disableBackwardsRefinement = 0
simulating 0 runs after 5000 training runs with parameters:
learning rate                 0.5
discount factor               0.95
exploration rate              0.15
discretization method         UNIFORM_GRANULARITY
uniform granularity           1
adaptive compartments         5



 )
[2025-09-15 11:32:55.615] [info] 1 Model creation: 0
[2025-09-15 11:32:55.615] [info] 2.0 Creating Unified Datastructure from SAC: 0
[2025-09-15 11:32:55.649] [info] runs 16529 | prob 0.5302196140117369 | low 0.520219662281588 | high 0.5402195657418858
training_time, simulation_time, prob, low, high, runs
10, 23, 0.5302196140117369, 0.520219662281588, 0.5402195657418858, 16529
# timestamp 15.09.2025 11:32:55 (1757928775), datastructure sac
# timebound 8, expirations {"r1": 0, "r2": 0}
# alpha 0.5, gamma 0.95
# discretization method UNIFORM_GRANULARITY, adaptive compartments 5, uniform granularity 1
# scheduler goal: MAXIMIZING, scope: NONPROPHETIC, history: DISCRETE_HISTORY
# training runs 5000

[2025-09-15 11:32:55.680] [info] runs 16530 | prob 0.5301270417422868 | low 0.5201272803619863 | high 0.5401268031225872
training_time, simulation_time, prob, low, high, runs
9, 21, 0.5301270417422868, 0.5201272803619863, 0.5401268031225872, 16530
# timestamp 15.09.2025 11:32:55 (1757928775), datastructure sac
# timebound 8, expirations {"r1": 0, "r2": 0}
# alpha 0.5, gamma 0.95
# discretization method UNIFORM_GRANULARITY, adaptive compartments 5, uniform granularity 1
# scheduler goal: MAXIMIZING, scope: NONPROPHETIC, history: MEMORYLESS
# training runs 5000

[2025-09-15 11:32:55.680] [info] 2.1 Simulating on SAC: 64
[2025-09-15 11:32:55.680] [info] Analysis finished; the goal is not reachable.
[2025-09-15 11:32:55.680] [info] Probability: 0.0
[2025-09-15 11:32:55.680] [info] 2 Analysis: 64
[2025-09-15 11:32:55.680] [info] 0 Computation Time Complete: 65
[2025-09-15 11:32:55.680] [info] Counters and timers:
Counters:

Timers:
0 Computation Time Complete: 65
1 Model creation: 0
2 Analysis: 64
2.0 Creating Unified Datastructure from SAC: 0
2.1 Simulating on SAC: 64

timebound = 8, jump depth = 100, max expirations of random clocks = [{r1: 0}, {r2: 0}], combine absorbing locations in unrolling = 255, integration bound(s) = 8, integration samples = 500000, model = WATERTANK, model case = CASE_A, LTI analysis = rectangular analysis, scheduler = goal: MAXIMIZING, scope: PROPHETIC, history: HISTORY_DEPENDENT, multithreaded = 1, disableBackwardsRefinement = 0
simulating 0 runs after 20000 training runs with parameters:
learning rate                 0.5
discount factor               0.95
exploration rate              0.15
discretization method         UNIFORM_GRANULARITY
uniform granularity           1
adaptive compartments         5



 )
[2025-09-15 11:32:55.689] [info] 1 Model creation: 0
[2025-09-15 11:32:55.689] [info] 2.0 Creating Unified Datastructure from SAC: 0
[2025-09-15 11:32:55.764] [info] runs 16016 | prob 0.5929695304695305 | low 0.5829695655146546 | high 0.6029694954244064
training_time, simulation_time, prob, low, high, runs
47, 27, 0.5929695304695305, 0.5829695655146546, 0.6029694954244064, 16016
# timestamp 15.09.2025 11:32:55 (1757928775), datastructure sac
# timebound 8, expirations {"r1": 0, "r2": 0}
# alpha 0.5, gamma 0.95
# discretization method UNIFORM_GRANULARITY, adaptive compartments 5, uniform granularity 1
# scheduler goal: MAXIMIZING, scope: PROPHETIC, history: MEMORYLESS
# training runs 20000

[2025-09-15 11:32:55.764] [info] 2.1 Simulating on SAC: 74
[2025-09-15 11:32:55.764] [info] Analysis finished; the goal is not reachable.
[2025-09-15 11:32:55.764] [info] Probability: 0.0
[2025-09-15 11:32:55.764] [info] 2 Analysis: 75
[2025-09-15 11:32:55.764] [info] 0 Computation Time Complete: 75
[2025-09-15 11:32:55.764] [info] Counters and timers:
Counters:

Timers:
0 Computation Time Complete: 75
1 Model creation: 0
2 Analysis: 75
2.0 Creating Unified Datastructure from SAC: 0
2.1 Simulating on SAC: 74

timebound = 8, jump depth = 100, max expirations of random clocks = [{r1: 0}, {r2: 0}], combine absorbing locations in unrolling = 255, integration bound(s) = 8, integration samples = 500000, model = WATERTANK, model case = CASE_A, LTI analysis = rectangular analysis, scheduler = goal: MAXIMIZING, scope: PROPHETIC, history: HISTORY_DEPENDENT, multithreaded = 1, disableBackwardsRefinement = 0
simulating 0 runs after 1000000 training runs with parameters:
learning rate                 0.5
discount factor               0.95
exploration rate              0.15
discretization method         UNIFORM_GRANULARITY
uniform granularity           1
adaptive compartments         5



 )
[2025-09-15 11:32:55.772] [info] 1 Model creation: 0
[2025-09-15 11:32:55.772] [info] 2.0 Creating Unified Datastructure from SAC: 0
[2025-09-15 11:32:58.318] [info] runs 15970 | prob 0.5966186599874765 | low 0.5866186664586769 | high 0.6066186535162762
training_time, simulation_time, prob, low, high, runs
2517, 28, 0.5966186599874765, 0.5866186664586769, 0.6066186535162762, 15970
# timestamp 15.09.2025 11:32:55 (1757928775), datastructure sac
# timebound 8, expirations {"r1": 0, "r2": 0}
# alpha 0.5, gamma 0.95
# discretization method UNIFORM_GRANULARITY, adaptive compartments 5, uniform granularity 1
# scheduler goal: MAXIMIZING, scope: PROPHETIC, history: HISTORY_DEPENDENT
# training runs 1000000

[2025-09-15 11:32:58.319] [info] 2.1 Simulating on SAC: 2546
[2025-09-15 11:32:58.319] [info] Analysis finished; the goal is not reachable.
[2025-09-15 11:32:58.319] [info] Probability: 0.0
[2025-09-15 11:32:58.319] [info] 2 Analysis: 2546
[2025-09-15 11:32:58.319] [info] 0 Computation Time Complete: 2547
[2025-09-15 11:32:58.319] [info] Counters and timers:
Counters:

Timers:
0 Computation Time Complete: 2547
1 Model creation: 0
2 Analysis: 2546
2.0 Creating Unified Datastructure from SAC: 0
2.1 Simulating on SAC: 2546

