timebound = 9, jump depth = 100, max expirations of random clocks = [{r1: 0}, {r2: 0}], combine absorbing locations in unrolling = 166, integration bound(s) = 9, integration samples = 500000, model = WATERTANK, model case = CASE_A, LTI analysis = rectangular analysis, scheduler = goal: MAXIMIZING, scope: SEMIPROPHETIC, history: HISTORY_DEPENDENT, multithreaded = 1, disableBackwardsRefinement = 0
simulating 0 runs after 5000 training runs with parameters:
learning rate                 0.1
discount factor               1
exploration rate              0.15
uniform granularity           1
adaptive compartments         5


[2025-10-02 22:54:23.022] [warning] no flow specified for variable c1 in location all_off - assuming flow of 0
[2025-10-02 22:54:23.022] [warning] no flow specified for variable c1 in location v2_on - assuming flow of 0
[2025-10-02 22:54:23.022] [warning] no flow specified for variable c1 in location v1_block - assuming flow of 0
[2025-10-02 22:54:23.022] [warning] no flow specified for variable c1 in location v2_block - assuming flow of 0
[2025-10-02 22:54:23.022] [warning] no flow specified for variable c1 in location v1_block_v2_on - assuming flow of 0
[2025-10-02 22:54:23.022] [warning] no flow specified for variable c1 in location block_safe - assuming flow of 0
[2025-10-02 22:54:23.022] [warning] no flow specified for variable c1 in location block_unsafe - assuming flow of 0
[2025-10-02 22:54:23.022] [warning] no flow specified for variable c2 in location all_off - assuming flow of 0
[2025-10-02 22:54:23.022] [warning] no flow specified for variable c2 in location v1_on - assuming flow of 0
[2025-10-02 22:54:23.022] [warning] no flow specified for variable c2 in location v1_block - assuming flow of 0
[2025-10-02 22:54:23.022] [warning] no flow specified for variable c2 in location v2_block - assuming flow of 0
[2025-10-02 22:54:23.022] [warning] no flow specified for variable c2 in location v2_block_v1_on - assuming flow of 0
[2025-10-02 22:54:23.022] [warning] no flow specified for variable c2 in location block_safe - assuming flow of 0
[2025-10-02 22:54:23.022] [warning] no flow specified for variable c2 in location block_unsafe - assuming flow of 0
[2025-10-02 22:54:23.022] [warning] no constraints specified for variable c1 in initial constraint number 0 - assuming [0,0]
[2025-10-02 22:54:23.022] [warning] no constraints specified for variable c2 in initial constraint number 0 - assuming [0,0]
[2025-10-02 22:54:23.022] [info] 1 Model creation: 0
[2025-10-02 22:54:23.022] [info] 2.0 Creating Unified Datastructure from SAC: 0
[2025-10-02 22:54:23.068] [info] runs 15527 | prob 0.6265859470599601 | low 0.6165862294361036 | high 0.6365856646838165
[2025-10-02 22:54:23.114] [info] runs 15576 | prob 0.623587570621469 | low 0.6135876030330623 | high 0.6335875382098757
[2025-10-02 22:54:23.159] [info] runs 15487 | prob 0.6289145735132692 | low 0.6189146889143223 | high 0.638914458112216
[2025-10-02 22:54:23.205] [info] runs 15533 | prob 0.6262151548316488 | low 0.6162153662296609 | high 0.6362149434336367
[2025-10-02 22:54:23.250] [info] runs 15548 | prob 0.6252894262927707 | low 0.615289492854205 | high 0.6352893597313365
[2025-10-02 22:54:23.296] [info] runs 15486 | prob 0.628955185328684 | low 0.6189552022396887 | high 0.6389551684176793
[2025-10-02 22:54:23.342] [info] runs 15544 | prob 0.6255790015440041 | low 0.6155793320812909 | high 0.6355786710067174
[2025-10-02 22:54:23.387] [info] runs 15505 | prob 0.6278619800064495 | low 0.6178621161496968 | high 0.6378618438632023
[2025-10-02 22:54:23.433] [info] runs 15620 | prob 0.6208706786171575 | low 0.6108706876941223 | high 0.6308706695401927
[2025-10-02 22:54:23.475] [info] runs 16239 | prob 0.5726953630149639 | low 0.5626954354541714 | high 0.5826952905757564
[2025-10-02 22:54:23.521] [info] runs 15435 | prob 0.6319403952057013 | low 0.6219406328704834 | high 0.6419401575409193
[2025-10-02 22:54:23.564] [info] runs 16312 | prob 0.564737616478666 | low 0.5547378195982656 | high 0.5747374133590665
[2025-10-02 22:54:23.609] [info] runs 15568 | prob 0.6241007194244604 | low 0.6141008912857581 | high 0.6341005475631628
[2025-10-02 22:54:23.655] [info] runs 15520 | prob 0.6269974226804124 | low 0.6169976806963349 | high 0.6369971646644899
[2025-10-02 22:54:23.700] [info] runs 15511 | prob 0.6275546386435433 | low 0.6175550296920931 | high 0.6375542475949936
[2025-10-02 22:54:23.746] [info] runs 15497 | prob 0.628315157772472 | low 0.6183151983935541 | high 0.63831511715139
[2025-10-02 22:54:23.792] [info] runs 15501 | prob 0.6281530223856525 | low 0.6181534631974731 | high 0.6381525815738319
[2025-10-02 22:54:23.835] [info] runs 16278 | prob 0.5685587910062662 | low 0.5585589328854293 | high 0.578558649127103
[2025-10-02 22:54:23.881] [info] runs 15536 | prob 0.6260298661174047 | low 0.6160300448274241 | high 0.6360296874073854
[2025-10-02 22:54:23.927] [info] runs 15504 | prob 0.6279669762641898 | low 0.6179673647581387 | high 0.637966587770241
[2025-10-02 22:54:23.973] [info] runs 15608 | prob 0.6216683751922091 | low 0.6116686528623124 | high 0.6316680975221057
[2025-10-02 22:54:24.018] [info] runs 15578 | prob 0.6235075105918603 | low 0.6135077635961066 | high 0.633507257587614
[2025-10-02 22:54:24.064] [info] runs 15445 | prob 0.6313370022661056 | low 0.6213370644505349 | high 0.6413369400816762
[2025-10-02 22:54:24.109] [info] runs 15441 | prob 0.6315653131273882 | low 0.6215653698301796 | high 0.6415652564245967
[2025-10-02 22:54:24.155] [info] runs 15585 | prob 0.6230349695219762 | low 0.6130349879611902 | high 0.6330349510827623
[2025-10-02 22:54:24.155] [info] RESULT:
training_time, simulation_time, prob, low, high, runs
12, 33, 0.6265859470599601, 0.6165862294361036, 0.6365856646838165, 15527
12, 33, 0.623587570621469, 0.6135876030330623, 0.6335875382098757, 15576
12, 32, 0.6289145735132692, 0.6189146889143223, 0.638914458112216, 15487
12, 33, 0.6262151548316488, 0.6162153662296609, 0.6362149434336367, 15533
12, 33, 0.6252894262927707, 0.615289492854205, 0.6352893597313365, 15548
12, 32, 0.628955185328684, 0.6189552022396887, 0.6389551684176793, 15486
12, 33, 0.6255790015440041, 0.6155793320812909, 0.6355786710067174, 15544
12, 33, 0.6278619800064495, 0.6178621161496968, 0.6378618438632023, 15505
12, 33, 0.6208706786171575, 0.6108706876941223, 0.6308706695401927, 15620
12, 30, 0.5726953630149639, 0.5626954354541714, 0.5826952905757564, 16239
12, 32, 0.6319403952057013, 0.6219406328704834, 0.6419401575409193, 15435
12, 30, 0.564737616478666, 0.5547378195982656, 0.5747374133590665, 16312
12, 33, 0.6241007194244604, 0.6141008912857581, 0.6341005475631628, 15568
12, 33, 0.6269974226804124, 0.6169976806963349, 0.6369971646644899, 15520
12, 33, 0.6275546386435433, 0.6175550296920931, 0.6375542475949936, 15511
12, 33, 0.628315157772472, 0.6183151983935541, 0.63831511715139, 15497
12, 33, 0.6281530223856525, 0.6181534631974731, 0.6381525815738319, 15501
12, 31, 0.5685587910062662, 0.5585589328854293, 0.578558649127103, 16278
12, 33, 0.6260298661174047, 0.6160300448274241, 0.6360296874073854, 15536
12, 33, 0.6279669762641898, 0.6179673647581387, 0.637966587770241, 15504
12, 33, 0.6216683751922091, 0.6116686528623124, 0.6316680975221057, 15608
12, 33, 0.6235075105918603, 0.6135077635961066, 0.633507257587614, 15578
12, 32, 0.6313370022661056, 0.6213370644505349, 0.6413369400816762, 15445
12, 32, 0.6315653131273882, 0.6215653698301796, 0.6415652564245967, 15441
12, 33, 0.6230349695219762, 0.6130349879611902, 0.6330349510827623, 15585
# timestamp 02.10.2025 22:54:23 (1759438463), datastructure SAC
# timebound 9, expirations {"r1": 0, "r2": 0}
# alpha 0.1, gamma 1
# fixed points 5, uniform granularity 1
# scheduler goal: MAXIMIZING, scope: NONPROPHETIC, history: DISCRETE_HISTORY
# training runs 5000

[2025-10-02 22:54:24.197] [info] runs 15585 | prob 0.6230349695219762 | low 0.6130349879611902 | high 0.6330349510827623
[2025-10-02 22:54:24.240] [info] runs 15501 | prob 0.6280885104186826 | low 0.6180885973934792 | high 0.638088423443886
[2025-10-02 22:54:24.282] [info] runs 15509 | prob 0.6276355664452898 | low 0.6176357545656932 | high 0.6376353783248865
[2025-10-02 22:54:24.323] [info] runs 16315 | prob 0.5644498927367453 | low 0.554450259311624 | high 0.5744495261618666
[2025-10-02 22:54:24.363] [info] runs 16331 | prob 0.5625497520053885 | low 0.5525501141585407 | high 0.5725493898522362
[2025-10-02 22:54:24.403] [info] runs 16266 | prob 0.5699004057543342 | low 0.5599006481165041 | high 0.5799001633921643
[2025-10-02 22:54:24.446] [info] runs 15571 | prob 0.623916254575814 | low 0.6139164148775851 | high 0.6339160942740429
[2025-10-02 22:54:24.488] [info] runs 15653 | prob 0.6187951191464894 | low 0.6087951253150826 | high 0.6287951129778963
[2025-10-02 22:54:24.531] [info] runs 15556 | prob 0.6248392903059913 | low 0.6148395267545426 | high 0.63483905385744
[2025-10-02 22:54:24.574] [info] runs 15481 | prob 0.6292875137265035 | low 0.6192877550870215 | high 0.6392872723659855
[2025-10-02 22:54:24.616] [info] runs 15525 | prob 0.6266666666666667 | low 0.6166667418340274 | high 0.636666591499306
[2025-10-02 22:54:24.659] [info] runs 15560 | prob 0.6246143958868895 | low 0.614614721377557 | high 0.634614070396222
[2025-10-02 22:54:24.701] [info] runs 15600 | prob 0.6221153846153846 | low 0.6121154160287248 | high 0.6321153532020445
[2025-10-02 22:54:24.744] [info] runs 15600 | prob 0.6221794871794872 | low 0.6121798516627931 | high 0.6321791226961814
[2025-10-02 22:54:24.787] [info] runs 15548 | prob 0.6252894262927707 | low 0.615289492854205 | high 0.6352893597313365
[2025-10-02 22:54:24.827] [info] runs 16233 | prob 0.5733998644736031 | low 0.5634001925431936 | high 0.5833995364040127
[2025-10-02 22:54:24.869] [info] runs 15476 | prob 0.6295554406823468 | low 0.6195555535250455 | high 0.6395553278396481
[2025-10-02 22:54:24.912] [info] runs 15524 | prob 0.6267714506570472 | low 0.6167717713293888 | high 0.6367711299847056
[2025-10-02 22:54:24.954] [info] runs 15592 | prob 0.6226269881990765 | low 0.6126271186308957 | high 0.6326268577672572
[2025-10-02 22:54:24.997] [info] runs 15468 | prob 0.63007499353504 | low 0.6200754138897432 | high 0.6400745731803369
[2025-10-02 22:54:25.037] [info] runs 16284 | prob 0.5679808400884304 | low 0.5579812163528788 | high 0.577980463823982
[2025-10-02 22:54:25.080] [info] runs 15608 | prob 0.6216683751922091 | low 0.6116686528623124 | high 0.6316680975221057
[2025-10-02 22:54:25.120] [info] runs 16217 | prob 0.5749522106431523 | low 0.5649523175908625 | high 0.584952103695442
[2025-10-02 22:54:25.163] [info] runs 15567 | prob 0.6241408106892786 | low 0.6141408734877657 | high 0.6341407478907916
[2025-10-02 22:54:25.205] [info] runs 15518 | prob 0.6270782317308932 | low 0.617078284348282 | high 0.6370781791135043
[2025-10-02 22:54:25.205] [info] RESULT:
training_time, simulation_time, prob, low, high, runs
11, 31, 0.6230349695219762, 0.6130349879611902, 0.6330349510827623, 15585
11, 30, 0.6280885104186826, 0.6180885973934792, 0.638088423443886, 15501
11, 30, 0.6276355664452898, 0.6176357545656932, 0.6376353783248865, 15509
11, 28, 0.5644498927367453, 0.554450259311624, 0.5744495261618666, 16315
11, 28, 0.5625497520053885, 0.5525501141585407, 0.5725493898522362, 16331
11, 28, 0.5699004057543342, 0.5599006481165041, 0.5799001633921643, 16266
11, 31, 0.623916254575814, 0.6139164148775851, 0.6339160942740429, 15571
11, 31, 0.6187951191464894, 0.6087951253150826, 0.6287951129778963, 15653
11, 31, 0.6248392903059913, 0.6148395267545426, 0.63483905385744, 15556
11, 31, 0.6292875137265035, 0.6192877550870215, 0.6392872723659855, 15481
11, 31, 0.6266666666666667, 0.6166667418340274, 0.636666591499306, 15525
11, 31, 0.6246143958868895, 0.614614721377557, 0.634614070396222, 15560
11, 31, 0.6221153846153846, 0.6121154160287248, 0.6321153532020445, 15600
11, 31, 0.6221794871794872, 0.6121798516627931, 0.6321791226961814, 15600
11, 31, 0.6252894262927707, 0.615289492854205, 0.6352893597313365, 15548
11, 28, 0.5733998644736031, 0.5634001925431936, 0.5833995364040127, 16233
11, 31, 0.6295554406823468, 0.6195555535250455, 0.6395553278396481, 15476
11, 31, 0.6267714506570472, 0.6167717713293888, 0.6367711299847056, 15524
11, 31, 0.6226269881990765, 0.6126271186308957, 0.6326268577672572, 15592
11, 30, 0.63007499353504, 0.6200754138897432, 0.6400745731803369, 15468
11, 28, 0.5679808400884304, 0.5579812163528788, 0.577980463823982, 16284
11, 31, 0.6216683751922091, 0.6116686528623124, 0.6316680975221057, 15608
11, 28, 0.5749522106431523, 0.5649523175908625, 0.584952103695442, 16217
11, 31, 0.6241408106892786, 0.6141408734877657, 0.6341407478907916, 15567
11, 30, 0.6270782317308932, 0.617078284348282, 0.6370781791135043, 15518
# timestamp 02.10.2025 22:54:23 (1759438463), datastructure SAC
# timebound 9, expirations {"r1": 0, "r2": 0}
# alpha 0.1, gamma 1
# fixed points 5, uniform granularity 1
# scheduler goal: MAXIMIZING, scope: NONPROPHETIC, history: MEMORYLESS
# training runs 5000

[2025-10-02 22:54:25.205] [info] 2.1 Simulating on SAC: 2182
[2025-10-02 22:54:25.205] [info] Analysis finished; the goal is not reachable.
[2025-10-02 22:54:25.205] [info] Probability: 0.0
[2025-10-02 22:54:25.205] [info] 2 Analysis: 2182
[2025-10-02 22:54:25.205] [info] 0 Computation Time Complete: 2183
[2025-10-02 22:54:25.205] [info] Counters and timers:
Counters:

Timers:
0 Computation Time Complete: 2183
1 Model creation: 0
2 Analysis: 2182
2.0 Creating Unified Datastructure from SAC: 0
2.1 Simulating on SAC: 2182

timebound = 9, jump depth = 100, max expirations of random clocks = [{r1: 0}, {r2: 0}], combine absorbing locations in unrolling = 229, integration bound(s) = 9, integration samples = 500000, model = WATERTANK, model case = CASE_A, LTI analysis = rectangular analysis, scheduler = goal: MAXIMIZING, scope: SEMIPROPHETIC, history: HISTORY_DEPENDENT, multithreaded = 1, disableBackwardsRefinement = 0
simulating 0 runs after 20000 training runs with parameters:
learning rate                 0.1
discount factor               1
exploration rate              0.15
uniform granularity           0.5
adaptive compartments         5


[2025-10-02 22:54:25.215] [warning] no flow specified for variable c1 in location all_off - assuming flow of 0
[2025-10-02 22:54:25.215] [warning] no flow specified for variable c1 in location v2_on - assuming flow of 0
[2025-10-02 22:54:25.215] [warning] no flow specified for variable c1 in location v1_block - assuming flow of 0
[2025-10-02 22:54:25.215] [warning] no flow specified for variable c1 in location v2_block - assuming flow of 0
[2025-10-02 22:54:25.215] [warning] no flow specified for variable c1 in location v1_block_v2_on - assuming flow of 0
[2025-10-02 22:54:25.215] [warning] no flow specified for variable c1 in location block_safe - assuming flow of 0
[2025-10-02 22:54:25.215] [warning] no flow specified for variable c1 in location block_unsafe - assuming flow of 0
[2025-10-02 22:54:25.215] [warning] no flow specified for variable c2 in location all_off - assuming flow of 0
[2025-10-02 22:54:25.215] [warning] no flow specified for variable c2 in location v1_on - assuming flow of 0
[2025-10-02 22:54:25.215] [warning] no flow specified for variable c2 in location v1_block - assuming flow of 0
[2025-10-02 22:54:25.215] [warning] no flow specified for variable c2 in location v2_block - assuming flow of 0
[2025-10-02 22:54:25.215] [warning] no flow specified for variable c2 in location v2_block_v1_on - assuming flow of 0
[2025-10-02 22:54:25.215] [warning] no flow specified for variable c2 in location block_safe - assuming flow of 0
[2025-10-02 22:54:25.215] [warning] no flow specified for variable c2 in location block_unsafe - assuming flow of 0
[2025-10-02 22:54:25.215] [warning] no constraints specified for variable c1 in initial constraint number 0 - assuming [0,0]
[2025-10-02 22:54:25.215] [warning] no constraints specified for variable c2 in initial constraint number 0 - assuming [0,0]
[2025-10-02 22:54:25.215] [info] 1 Model creation: 0
[2025-10-02 22:54:25.215] [info] 2.0 Creating Unified Datastructure from SAC: 0
[2025-10-02 22:54:25.314] [info] runs 15191 | prob 0.6451846488052136 | low 0.6351847434347178 | high 0.6551845541757095
[2025-10-02 22:54:25.411] [info] runs 14991 | prob 0.6552598225602028 | low 0.6452602076149854 | high 0.6652594375054202
[2025-10-02 22:54:25.506] [info] runs 15064 | prob 0.6516861391396708 | low 0.6416865921452665 | high 0.6616856861340751
[2025-10-02 22:54:25.602] [info] runs 15077 | prob 0.6509915765735889 | low 0.640991714030472 | high 0.6609914391167058
[2025-10-02 22:54:25.698] [info] runs 15156 | prob 0.6470044866719451 | low 0.6370046754994315 | high 0.6570042978444587
[2025-10-02 22:54:25.794] [info] runs 15044 | prob 0.6526189843126828 | low 0.6426190513605167 | high 0.662618917264849
[2025-10-02 22:54:25.890] [info] runs 15165 | prob 0.6465545664358721 | low 0.6365548328283855 | high 0.6565543000433586
[2025-10-02 22:54:25.985] [info] runs 15110 | prob 0.6493712772998015 | low 0.6393716478035855 | high 0.6593709067960175
[2025-10-02 22:54:26.081] [info] runs 15215 | prob 0.6439697666776207 | low 0.6339700876758506 | high 0.6539694456793909
[2025-10-02 22:54:26.177] [info] runs 15189 | prob 0.6453354401211403 | low 0.6353358333399272 | high 0.6553350469023534
[2025-10-02 22:54:26.273] [info] runs 15247 | prob 0.6422902866137601 | low 0.6322906388502014 | high 0.6522899343773187
[2025-10-02 22:54:26.369] [info] runs 15069 | prob 0.6514035436989847 | low 0.6414037697036775 | high 0.6614033176942918
[2025-10-02 22:54:26.465] [info] runs 15248 | prob 0.6422481636935992 | low 0.6322485830209751 | high 0.6522477443662232
[2025-10-02 22:54:26.561] [info] runs 15089 | prob 0.6504075816820201 | low 0.6404078250694903 | high 0.6604073382945498
[2025-10-02 22:54:26.657] [info] runs 15176 | prob 0.6460200316288878 | low 0.6360205028382506 | high 0.6560195604195249
[2025-10-02 22:54:26.754] [info] runs 15151 | prob 0.6472840076562603 | low 0.6372843478855239 | high 0.6572836674269966
[2025-10-02 22:54:26.850] [info] runs 15237 | prob 0.6427774496291921 | low 0.6327775446249969 | high 0.6527773546333874
[2025-10-02 22:54:26.946] [info] runs 15121 | prob 0.6487666159645527 | low 0.6387666679338966 | high 0.6587665639952087
[2025-10-02 22:54:27.041] [info] runs 15075 | prob 0.6510779436152571 | low 0.6410779919345575 | high 0.6610778952959566
[2025-10-02 22:54:27.137] [info] runs 15054 | prob 0.6521190381294009 | low 0.6421190686711093 | high 0.6621190075876924
[2025-10-02 22:54:27.233] [info] runs 15149 | prob 0.6473694633309129 | low 0.6373696949729918 | high 0.6573692316888341
[2025-10-02 22:54:27.328] [info] runs 15063 | prob 0.6517294031733386 | low 0.6417298134125671 | high 0.6617289929341101
[2025-10-02 22:54:27.425] [info] runs 15235 | prob 0.6429274696422711 | low 0.632927841713201 | high 0.6529270975713412
[2025-10-02 22:54:27.521] [info] runs 15033 | prob 0.65316304130912 | low 0.6431631215326 | high 0.6631629610856399
[2025-10-02 22:54:27.617] [info] runs 15204 | prob 0.6445672191528545 | low 0.6345676848326527 | high 0.6545667534730564
[2025-10-02 22:54:27.618] [info] RESULT:
training_time, simulation_time, prob, low, high, runs
62, 36, 0.6451846488052136, 0.6351847434347178, 0.6551845541757095, 15191
59, 35, 0.6552598225602028, 0.6452602076149854, 0.6652594375054202, 14991
59, 35, 0.6516861391396708, 0.6416865921452665, 0.6616856861340751, 15064
58, 35, 0.6509915765735889, 0.640991714030472, 0.6609914391167058, 15077
59, 36, 0.6470044866719451, 0.6370046754994315, 0.6570042978444587, 15156
58, 35, 0.6526189843126828, 0.6426190513605167, 0.662618917264849, 15044
58, 35, 0.6465545664358721, 0.6365548328283855, 0.6565543000433586, 15165
58, 35, 0.6493712772998015, 0.6393716478035855, 0.6593709067960175, 15110
58, 35, 0.6439697666776207, 0.6339700876758506, 0.6539694456793909, 15215
59, 35, 0.6453354401211403, 0.6353358333399272, 0.6553350469023534, 15189
58, 35, 0.6422902866137601, 0.6322906388502014, 0.6522899343773187, 15247
58, 35, 0.6514035436989847, 0.6414037697036775, 0.6614033176942918, 15069
59, 36, 0.6422481636935992, 0.6322485830209751, 0.6522477443662232, 15248
59, 35, 0.6504075816820201, 0.6404078250694903, 0.6604073382945498, 15089
59, 35, 0.6460200316288878, 0.6360205028382506, 0.6560195604195249, 15176
59, 36, 0.6472840076562603, 0.6372843478855239, 0.6572836674269966, 15151
58, 36, 0.6427774496291921, 0.6327775446249969, 0.6527773546333874, 15237
59, 35, 0.6487666159645527, 0.6387666679338966, 0.6587665639952087, 15121
58, 35, 0.6510779436152571, 0.6410779919345575, 0.6610778952959566, 15075
58, 35, 0.6521190381294009, 0.6421190686711093, 0.6621190075876924, 15054
59, 35, 0.6473694633309129, 0.6373696949729918, 0.6573692316888341, 15149
58, 35, 0.6517294031733386, 0.6417298134125671, 0.6617289929341101, 15063
59, 36, 0.6429274696422711, 0.632927841713201, 0.6529270975713412, 15235
59, 35, 0.65316304130912, 0.6431631215326, 0.6631629610856399, 15033
59, 36, 0.6445672191528545, 0.6345676848326527, 0.6545667534730564, 15204
# timestamp 02.10.2025 22:54:25 (1759438465), datastructure SAC
# timebound 9, expirations {"r1": 0, "r2": 0}
# alpha 0.1, gamma 1
# fixed points 5, uniform granularity 0.5
# scheduler goal: MAXIMIZING, scope: SEMIPROPHETIC, history: MEMORYLESS
# training runs 20000

[2025-10-02 22:54:27.618] [info] 2.1 Simulating on SAC: 2402
[2025-10-02 22:54:27.618] [info] Analysis finished; the goal is not reachable.
[2025-10-02 22:54:27.618] [info] Probability: 0.0
[2025-10-02 22:54:27.618] [info] 2 Analysis: 2402
[2025-10-02 22:54:27.618] [info] 0 Computation Time Complete: 2403
[2025-10-02 22:54:27.618] [info] Counters and timers:
Counters:

Timers:
0 Computation Time Complete: 2403
1 Model creation: 0
2 Analysis: 2402
2.0 Creating Unified Datastructure from SAC: 0
2.1 Simulating on SAC: 2402

timebound = 9, jump depth = 100, max expirations of random clocks = [{r1: 0}, {r2: 0}], combine absorbing locations in unrolling = 126, integration bound(s) = 9, integration samples = 500000, model = WATERTANK, model case = CASE_A, LTI analysis = rectangular analysis, scheduler = goal: MAXIMIZING, scope: SEMIPROPHETIC, history: HISTORY_DEPENDENT, multithreaded = 1, disableBackwardsRefinement = 0
simulating 0 runs after 1000000 training runs with parameters:
learning rate                 0.1
discount factor               1
exploration rate              0.15
uniform granularity           0.5
adaptive compartments         5


[2025-10-02 22:54:27.629] [warning] no flow specified for variable c1 in location all_off - assuming flow of 0
[2025-10-02 22:54:27.629] [warning] no flow specified for variable c1 in location v2_on - assuming flow of 0
[2025-10-02 22:54:27.629] [warning] no flow specified for variable c1 in location v1_block - assuming flow of 0
[2025-10-02 22:54:27.629] [warning] no flow specified for variable c1 in location v2_block - assuming flow of 0
[2025-10-02 22:54:27.629] [warning] no flow specified for variable c1 in location v1_block_v2_on - assuming flow of 0
[2025-10-02 22:54:27.629] [warning] no flow specified for variable c1 in location block_safe - assuming flow of 0
[2025-10-02 22:54:27.629] [warning] no flow specified for variable c1 in location block_unsafe - assuming flow of 0
[2025-10-02 22:54:27.629] [warning] no flow specified for variable c2 in location all_off - assuming flow of 0
[2025-10-02 22:54:27.629] [warning] no flow specified for variable c2 in location v1_on - assuming flow of 0
[2025-10-02 22:54:27.629] [warning] no flow specified for variable c2 in location v1_block - assuming flow of 0
[2025-10-02 22:54:27.629] [warning] no flow specified for variable c2 in location v2_block - assuming flow of 0
[2025-10-02 22:54:27.629] [warning] no flow specified for variable c2 in location v2_block_v1_on - assuming flow of 0
[2025-10-02 22:54:27.629] [warning] no flow specified for variable c2 in location block_safe - assuming flow of 0
[2025-10-02 22:54:27.629] [warning] no flow specified for variable c2 in location block_unsafe - assuming flow of 0
[2025-10-02 22:54:27.629] [warning] no constraints specified for variable c1 in initial constraint number 0 - assuming [0,0]
[2025-10-02 22:54:27.629] [warning] no constraints specified for variable c2 in initial constraint number 0 - assuming [0,0]
[2025-10-02 22:54:27.629] [info] 1 Model creation: 0
[2025-10-02 22:54:27.629] [info] 2.0 Creating Unified Datastructure from SAC: 0
[2025-10-02 22:54:30.859] [info] runs 15029 | prob 0.6534034200545612 | low 0.6434037964137196 | high 0.6634030436954028
[2025-10-02 22:54:34.137] [info] runs 15158 | prob 0.6469191186172318 | low 0.6369194179159342 | high 0.6569188193185295
[2025-10-02 22:54:37.376] [info] runs 15053 | prob 0.6522287916030027 | low 0.6422292262495489 | high 0.6622283569564565
[2025-10-02 22:54:40.609] [info] runs 15122 | prob 0.6487237137944716 | low 0.6387238163748383 | high 0.6587236112141048
[2025-10-02 22:54:43.848] [info] runs 15089 | prob 0.6504075816820201 | low 0.6404078250694903 | high 0.6604073382945498
[2025-10-02 22:54:47.096] [info] runs 14868 | prob 0.6610842076943771 | low 0.6510843486861022 | high 0.6710840667026521
[2025-10-02 22:54:50.371] [info] runs 15119 | prob 0.6489185792711158 | low 0.6389189625730932 | high 0.6589181959691385
[2025-10-02 22:54:53.610] [info] runs 15129 | prob 0.648357459184348 | low 0.6383574889386742 | high 0.6583574294300217
[2025-10-02 22:54:56.882] [info] runs 15140 | prob 0.6478203434610303 | low 0.6378205197246736 | high 0.6578201671973871
[2025-10-02 22:55:00.123] [info] runs 15084 | prob 0.6506231768761602 | low 0.6406231905185964 | high 0.660623163233724
[2025-10-02 22:55:03.373] [info] runs 14972 | prob 0.6561581619022174 | low 0.6461584018968856 | high 0.6661579219075493
[2025-10-02 22:55:06.610] [info] runs 15133 | prob 0.6481860833939074 | low 0.6381863205287025 | high 0.6581858462591123
[2025-10-02 22:55:09.864] [info] runs 15130 | prob 0.648314606741573 | low 0.6383146881748721 | high 0.658314525308274
[2025-10-02 22:55:13.116] [info] runs 15049 | prob 0.6524021529669746 | low 0.6424024230728824 | high 0.6624018828610667
[2025-10-02 22:55:16.352] [info] runs 15129 | prob 0.6484235574063058 | low 0.6384240173780886 | high 0.6584230974345229
[2025-10-02 22:55:19.580] [info] runs 15036 | prob 0.6530327214684757 | low 0.64303291876353 | high 0.6630325241734214
[2025-10-02 22:55:22.818] [info] runs 15034 | prob 0.6531195955833444 | low 0.6431197147133733 | high 0.6631194764533156
[2025-10-02 22:55:26.066] [info] runs 15084 | prob 0.6506894722885176 | low 0.6406899253270276 | high 0.6606890192500076
[2025-10-02 22:55:29.311] [info] runs 15150 | prob 0.6473267326732673 | low 0.6373270185541912 | high 0.6573264467923435
[2025-10-02 22:55:32.558] [info] runs 15161 | prob 0.6467911087659125 | low 0.6367915745885192 | high 0.6567906429433058
[2025-10-02 22:55:35.792] [info] runs 15077 | prob 0.6509915765735889 | low 0.640991714030472 | high 0.6609914391167058
[2025-10-02 22:55:39.028] [info] runs 15156 | prob 0.6470044866719451 | low 0.6370046754994315 | high 0.6570042978444587
[2025-10-02 22:55:42.267] [info] runs 15031 | prob 0.6533164792761625 | low 0.6433169322543105 | high 0.6633160262980146
[2025-10-02 22:55:45.516] [info] runs 15103 | prob 0.6496722505462491 | low 0.6396722810409832 | high 0.659672220051515
[2025-10-02 22:55:48.766] [info] runs 15054 | prob 0.6521854656569682 | low 0.6421859417290119 | high 0.6621849895849246
[2025-10-02 22:55:48.772] [info] RESULT:
training_time, simulation_time, prob, low, high, runs
3192, 36, 0.6534034200545612, 0.6434037964137196, 0.6634030436954028, 15029
3237, 38, 0.6469191186172318, 0.6369194179159342, 0.6569188193185295, 15158
3195, 37, 0.6522287916030027, 0.6422292262495489, 0.6622283569564565, 15053
3191, 37, 0.6487237137944716, 0.6387238163748383, 0.6587236112141048, 15122
3195, 37, 0.6504075816820201, 0.6404078250694903, 0.6604073382945498, 15089
3206, 36, 0.6610842076943771, 0.6510843486861022, 0.6710840667026521, 14868
3232, 37, 0.6489185792711158, 0.6389189625730932, 0.6589181959691385, 15119
3195, 38, 0.648357459184348, 0.6383574889386742, 0.6583574294300217, 15129
3229, 37, 0.6478203434610303, 0.6378205197246736, 0.6578201671973871, 15140
3197, 37, 0.6506231768761602, 0.6406231905185964, 0.660623163233724, 15084
3205, 37, 0.6561581619022174, 0.6461584018968856, 0.6661579219075493, 14972
3194, 37, 0.6481860833939074, 0.6381863205287025, 0.6581858462591123, 15133
3208, 40, 0.648314606741573, 0.6383146881748721, 0.658314525308274, 15130
3204, 37, 0.6524021529669746, 0.6424024230728824, 0.6624018828610667, 15049
3193, 37, 0.6484235574063058, 0.6384240173780886, 0.6584230974345229, 15129
3185, 37, 0.6530327214684757, 0.64303291876353, 0.6630325241734214, 15036
3195, 37, 0.6531195955833444, 0.6431197147133733, 0.6631194764533156, 15034
3205, 37, 0.6506894722885176, 0.6406899253270276, 0.6606890192500076, 15084
3200, 37, 0.6473267326732673, 0.6373270185541912, 0.6573264467923435, 15150
3204, 37, 0.6467911087659125, 0.6367915745885192, 0.6567906429433058, 15161
3191, 37, 0.6509915765735889, 0.640991714030472, 0.6609914391167058, 15077
3193, 37, 0.6470044866719451, 0.6370046754994315, 0.6570042978444587, 15156
3195, 37, 0.6533164792761625, 0.6433169322543105, 0.6633160262980146, 15031
3206, 37, 0.6496722505462491, 0.6396722810409832, 0.659672220051515, 15103
3208, 37, 0.6521854656569682, 0.6421859417290119, 0.6621849895849246, 15054
# timestamp 02.10.2025 22:54:27 (1759438467), datastructure SAC
# timebound 9, expirations {"r1": 0, "r2": 0}
# alpha 0.1, gamma 1
# fixed points 5, uniform granularity 0.5
# scheduler goal: MAXIMIZING, scope: SEMIPROPHETIC, history: HISTORY_DEPENDENT
# training runs 1000000

[2025-10-02 22:55:48.772] [info] 2.1 Simulating on SAC: 81142
[2025-10-02 22:55:48.772] [info] Analysis finished; the goal is not reachable.
[2025-10-02 22:55:48.772] [info] Probability: 0.0
[2025-10-02 22:55:48.772] [info] 2 Analysis: 81142
[2025-10-02 22:55:48.772] [info] 0 Computation Time Complete: 81142
[2025-10-02 22:55:48.772] [info] Counters and timers:
Counters:

Timers:
0 Computation Time Complete: 81142
1 Model creation: 0
2 Analysis: 81142
2.0 Creating Unified Datastructure from SAC: 0
2.1 Simulating on SAC: 81142

