timebound = 10, jump depth = 100, max expirations of random clocks = [{r1: 1}, {r2: 1}], combine absorbing locations in unrolling = 255, integration bound(s) = 10, integration samples = 500000, model = WATERTANK, model case = CASE_A, LTI analysis = rectangular analysis, scheduler = goal: MAXIMIZING, scope: PROPHETIC, history: HISTORY_DEPENDENT, multithreaded = 1, disableBackwardsRefinement = 0
simulating 0 runs after 1000000 training runs with parameters:
learning rate                 0.5
discount factor               0.95
exploration rate              0.15
discretization method         UNIFORM_GRANULARITY
uniform granularity           0.5
adaptive compartments         5


[2025-09-16 12:43:31.940] [warning] no flow specified for variable c1 in location all_off - assuming flow of 0
[2025-09-16 12:43:31.940] [warning] no flow specified for variable c1 in location v2_on - assuming flow of 0
[2025-09-16 12:43:31.940] [warning] no flow specified for variable c1 in location v1_block - assuming flow of 0
[2025-09-16 12:43:31.940] [warning] no flow specified for variable c1 in location v2_block - assuming flow of 0
[2025-09-16 12:43:31.940] [warning] no flow specified for variable c1 in location v1_block_v2_on - assuming flow of 0
[2025-09-16 12:43:31.940] [warning] no flow specified for variable c1 in location block_safe - assuming flow of 0
[2025-09-16 12:43:31.940] [warning] no flow specified for variable c1 in location block_unsafe - assuming flow of 0
[2025-09-16 12:43:31.940] [warning] no flow specified for variable c2 in location all_off - assuming flow of 0
[2025-09-16 12:43:31.940] [warning] no flow specified for variable c2 in location v1_on - assuming flow of 0
[2025-09-16 12:43:31.940] [warning] no flow specified for variable c2 in location v1_block - assuming flow of 0
[2025-09-16 12:43:31.940] [warning] no flow specified for variable c2 in location v2_block - assuming flow of 0
[2025-09-16 12:43:31.940] [warning] no flow specified for variable c2 in location v2_block_v1_on - assuming flow of 0
[2025-09-16 12:43:31.940] [warning] no flow specified for variable c2 in location block_safe - assuming flow of 0
[2025-09-16 12:43:31.940] [warning] no flow specified for variable c2 in location block_unsafe - assuming flow of 0
[2025-09-16 12:43:31.940] [warning] no constraints specified for variable c1 in initial constraint number 0 - assuming [0,0]
[2025-09-16 12:43:31.940] [warning] no constraints specified for variable c2 in initial constraint number 0 - assuming [0,0]
[2025-09-16 12:43:31.940] [info] 1 Model creation: 0
[2025-09-16 12:43:31.941] [info] 2.0 Creating Unified Datastructure from SAC: 0
[2025-09-16 12:43:34.920] [info] runs 7549 | prob 0.8691217379785402 | low 0.8591223087315802 | high 0.8791211672255002
[2025-09-16 12:43:34.961] [info] 2.1 Simulating on SAC: 3020
[2025-09-16 12:43:37.240] [info] 2.2 Reachability Analysis: 2278
[2025-09-16 12:43:37.240] [info] 2.3 Augment Reach Tree: 0
[2025-09-16 12:43:37.240] [info] 2.4 Creating Unified Datastructure from Reach Tree: 0
[2025-09-16 12:43:40.254] [info] runs 7850 | prob 0.8629299363057324 | low 0.8529306246308894 | high 0.8729292479805755
[2025-09-16 12:43:40.260] [info] 2.5 Simulating on full Reach Tree: 3019
[2025-09-16 12:43:40.421] [info] 2.6.0 Labeling Reach Tree Nodes: 161
[2025-09-16 12:43:40.421] [info] 2.6.1 Removing Unfulfilling Subtrees: 0
[2025-09-16 12:43:40.421] [info] 2.6 Pre-checking and Reduction: 161
[2025-09-16 12:43:40.421] [info] node count before and after reduction 124 124
[2025-09-16 12:43:43.438] [info] runs 7735 | prob 0.8652876535229477 | low 0.8552876614986802 | high 0.8752876455472152
[2025-09-16 12:43:43.445] [info] 2.7 Simulating on reduced Reach Tree: 3023
[2025-09-16 12:43:43.448] [info] Analysis finished; the goal is not reachable.
[2025-09-16 12:43:43.448] [info] Probability: 0.0
[2025-09-16 12:43:43.448] [info] 2 Analysis: 11507
[2025-09-16 12:43:43.448] [info] 0 Computation Time Complete: 11508
[2025-09-16 12:43:43.448] [info] Counters and timers:
Counters:

Timers:
0 Computation Time Complete: 11508
1 Model creation: 0
2 Analysis: 11507
2.0 Creating Unified Datastructure from SAC: 0
2.1 Simulating on SAC: 3020
2.2 Reachability Analysis: 2278
2.3 Augment Reach Tree: 0
2.4 Creating Unified Datastructure from Reach Tree: 0
2.5 Simulating on full Reach Tree: 3019
2.6 Pre-checking and Reduction: 161
2.6.0 Labeling Reach Tree Nodes: 161
2.6.1 Removing Unfulfilling Subtrees: 0
2.7 Simulating on reduced Reach Tree: 3023

