timebound = 10, jump depth = 256, max expirations of random clocks = [{r1: 4}, {r2: 4}], combine absorbing locations in unrolling = 169, integration bound(s) = 10, integration samples = 500000, model = WATERTANK, model case = CASE_A, LTI analysis = rectangular analysis, scheduler = goal: MAXIMIZING, scope: PROPHETIC, history: HISTORY_DEPENDENT, multithreaded = 1, disableBackwardsRefinement = 0
simulating 0 runs after 1000000 training runs with parameters:
learning rate                 0.1
discount factor               0.99
exploration rate              0.15
discretization method         UNIFORM_GRANULARITY
uniform granularity           0.25
adaptive compartments         5


[2025-08-29 11:38:37.398] [warning] no flow specified for variable c1 in location all_off - assuming flow of 0
[2025-08-29 11:38:37.398] [warning] no flow specified for variable c1 in location v2_on - assuming flow of 0
[2025-08-29 11:38:37.398] [warning] no flow specified for variable c1 in location v1_block - assuming flow of 0
[2025-08-29 11:38:37.398] [warning] no flow specified for variable c1 in location v2_block - assuming flow of 0
[2025-08-29 11:38:37.398] [warning] no flow specified for variable c1 in location v1_block_v2_on - assuming flow of 0
[2025-08-29 11:38:37.398] [warning] no flow specified for variable c1 in location block_safe - assuming flow of 0
[2025-08-29 11:38:37.398] [warning] no flow specified for variable c1 in location block_unsafe - assuming flow of 0
[2025-08-29 11:38:37.398] [warning] no flow specified for variable c2 in location all_off - assuming flow of 0
[2025-08-29 11:38:37.398] [warning] no flow specified for variable c2 in location v1_on - assuming flow of 0
[2025-08-29 11:38:37.398] [warning] no flow specified for variable c2 in location v1_block - assuming flow of 0
[2025-08-29 11:38:37.398] [warning] no flow specified for variable c2 in location v2_block - assuming flow of 0
[2025-08-29 11:38:37.398] [warning] no flow specified for variable c2 in location v2_block_v1_on - assuming flow of 0
[2025-08-29 11:38:37.398] [warning] no flow specified for variable c2 in location block_safe - assuming flow of 0
[2025-08-29 11:38:37.398] [warning] no flow specified for variable c2 in location block_unsafe - assuming flow of 0
[2025-08-29 11:38:37.401] [warning] no constraints specified for variable c1 in initial constraint number 0 - assuming [0,0]
[2025-08-29 11:38:37.401] [warning] no constraints specified for variable c2 in initial constraint number 0 - assuming [0,0]
[2025-08-29 11:38:37.401] [info] 1 Model creation: 3
[2025-08-29 11:38:37.402] [info] 2.0 Creating Unified Datastructure from SAC: 0
[2025-08-29 11:38:43.753] [info] runs 15035 | prob 0.6530761556368474 | low 0.6430763137907554 | high 0.6630759974829394
[2025-08-29 11:38:44.251] [info] 2.1 Simulating on SAC: 6849
[2025-08-29 11:41:20.250] [info] 2.2 Reachability Analysis: 155999
[2025-08-29 11:41:20.257] [info] 2.3 Augment Reach Tree: 6
[2025-08-29 11:41:20.260] [info] 2.4 Creating Unified Datastructure from Reach Tree: 1
[2025-08-29 11:41:26.400] [info] runs 15216 | prob 0.6439274447949527 | low 0.6339278286928414 | high 0.653927060897064
[2025-08-29 11:41:26.895] [info] 2.5 Simulating on full Reach Tree: 6634
[2025-08-29 11:41:28.112] [info] 2.6.0 Labeling Reach Tree Nodes: 1217
[2025-08-29 11:41:28.112] [info] 2.6.1 Removing Unfulfilling Subtrees: 0
[2025-08-29 11:41:28.112] [info] 2.6 Pre-checking and Reduction: 1217
[2025-08-29 11:41:28.113] [info] node count before and after reduction 7517 6313
[2025-08-29 11:41:34.139] [info] runs 15149 | prob 0.6473694633309129 | low 0.6373696949729918 | high 0.6573692316888341
[2025-08-29 11:41:34.600] [info] 2.7 Simulating on reduced Reach Tree: 6486
[2025-08-29 11:41:34.674] [info] Analysis finished; the goal is not reachable.
[2025-08-29 11:41:34.674] [info] Probability: 0.0
[2025-08-29 11:41:34.674] [info] 2 Analysis: 177273
[2025-08-29 11:41:34.674] [info] 0 Computation Time Complete: 177276
[2025-08-29 11:41:34.674] [info] Counters and timers:
Counters:

Timers:
0 Computation Time Complete: 177276
1 Model creation: 3
2 Analysis: 177273
2.0 Creating Unified Datastructure from SAC: 0
2.1 Simulating on SAC: 6849
2.2 Reachability Analysis: 155999
2.3 Augment Reach Tree: 6
2.4 Creating Unified Datastructure from Reach Tree: 1
2.5 Simulating on full Reach Tree: 6634
2.6 Pre-checking and Reduction: 1217
2.6.0 Labeling Reach Tree Nodes: 1217
2.6.1 Removing Unfulfilling Subtrees: 0
2.7 Simulating on reduced Reach Tree: 6486

