timebound = 10, jump depth = 100, max expirations of random clocks = [{r1: 5}, {r2: 5}], combine absorbing locations in unrolling = 255, integration bound(s) = 10, integration samples = 500000, model = WATERTANK, model case = CASE_A, LTI analysis = rectangular analysis, scheduler = goal: MAXIMIZING, scope: PROPHETIC, history: HISTORY_DEPENDENT, multithreaded = 1, disableBackwardsRefinement = 0
simulating 0 runs after 1000000 training runs with parameters:
learning rate                 0.5
discount factor               0.95
exploration rate              0.15
discretization method         UNIFORM_GRANULARITY
uniform granularity           0.5
adaptive compartments         5


[2025-09-16 12:48:44.846] [warning] no flow specified for variable c1 in location all_off - assuming flow of 0
[2025-09-16 12:48:44.846] [warning] no flow specified for variable c1 in location v2_on - assuming flow of 0
[2025-09-16 12:48:44.846] [warning] no flow specified for variable c1 in location v1_block - assuming flow of 0
[2025-09-16 12:48:44.846] [warning] no flow specified for variable c1 in location v2_block - assuming flow of 0
[2025-09-16 12:48:44.846] [warning] no flow specified for variable c1 in location v1_block_v2_on - assuming flow of 0
[2025-09-16 12:48:44.846] [warning] no flow specified for variable c1 in location block_safe - assuming flow of 0
[2025-09-16 12:48:44.846] [warning] no flow specified for variable c1 in location block_unsafe - assuming flow of 0
[2025-09-16 12:48:44.846] [warning] no flow specified for variable c2 in location all_off - assuming flow of 0
[2025-09-16 12:48:44.846] [warning] no flow specified for variable c2 in location v1_on - assuming flow of 0
[2025-09-16 12:48:44.846] [warning] no flow specified for variable c2 in location v1_block - assuming flow of 0
[2025-09-16 12:48:44.846] [warning] no flow specified for variable c2 in location v2_block - assuming flow of 0
[2025-09-16 12:48:44.846] [warning] no flow specified for variable c2 in location v2_block_v1_on - assuming flow of 0
[2025-09-16 12:48:44.846] [warning] no flow specified for variable c2 in location block_safe - assuming flow of 0
[2025-09-16 12:48:44.846] [warning] no flow specified for variable c2 in location block_unsafe - assuming flow of 0
[2025-09-16 12:48:44.850] [warning] no constraints specified for variable c1 in initial constraint number 0 - assuming [0,0]
[2025-09-16 12:48:44.850] [warning] no constraints specified for variable c2 in initial constraint number 0 - assuming [0,0]
[2025-09-16 12:48:44.851] [info] 1 Model creation: 5
[2025-09-16 12:48:44.852] [info] 2.0 Creating Unified Datastructure from SAC: 0
[2025-09-16 12:48:49.006] [info] runs 15191 | prob 0.6451846488052136 | low 0.6351847434347178 | high 0.6551845541757095
[2025-09-16 12:48:49.146] [info] 2.1 Simulating on SAC: 4293
[2025-09-16 12:51:42.654] [info] 2.2 Reachability Analysis: 173507
[2025-09-16 12:51:42.662] [info] 2.3 Augment Reach Tree: 8
[2025-09-16 12:51:42.665] [info] 2.4 Creating Unified Datastructure from Reach Tree: 1
[2025-09-16 12:51:46.857] [info] runs 15037 | prob 0.6529892930770765 | low 0.6429895296304816 | high 0.6629890565236715
[2025-09-16 12:51:46.998] [info] 2.5 Simulating on full Reach Tree: 4333
[2025-09-16 12:51:48.192] [info] 2.6.0 Labeling Reach Tree Nodes: 1193
[2025-09-16 12:51:48.192] [info] 2.6.1 Removing Unfulfilling Subtrees: 0
[2025-09-16 12:51:48.193] [info] 2.6 Pre-checking and Reduction: 1194
[2025-09-16 12:51:48.193] [info] node count before and after reduction 8264 6939
[2025-09-16 12:51:52.295] [info] runs 15129 | prob 0.648357459184348 | low 0.6383574889386742 | high 0.6583574294300217
[2025-09-16 12:51:52.409] [info] 2.7 Simulating on reduced Reach Tree: 4215
[2025-09-16 12:51:52.499] [info] Analysis finished; the goal is not reachable.
[2025-09-16 12:51:52.499] [info] Probability: 0.0
[2025-09-16 12:51:52.499] [info] 2 Analysis: 187648
[2025-09-16 12:51:52.499] [info] 0 Computation Time Complete: 187653
[2025-09-16 12:51:52.499] [info] Counters and timers:
Counters:

Timers:
0 Computation Time Complete: 187653
1 Model creation: 5
2 Analysis: 187648
2.0 Creating Unified Datastructure from SAC: 0
2.1 Simulating on SAC: 4293
2.2 Reachability Analysis: 173507
2.3 Augment Reach Tree: 8
2.4 Creating Unified Datastructure from Reach Tree: 1
2.5 Simulating on full Reach Tree: 4333
2.6 Pre-checking and Reduction: 1194
2.6.0 Labeling Reach Tree Nodes: 1193
2.6.1 Removing Unfulfilling Subtrees: 0
2.7 Simulating on reduced Reach Tree: 4215

