timebound = 16, jump depth = 256, max expirations of random clocks = [{r1: 2}, {r2: 4}], combine absorbing locations in unrolling = 141, integration bound(s) = 16, integration samples = 500000, model = WATERTANK, model case = CASE_A, LTI analysis = rectangular analysis, scheduler = goal: MAXIMIZING, scope: PROPHETIC, history: HISTORY_DEPENDENT, multithreaded = 1, disableBackwardsRefinement = 0
simulating 1000000 runs after 1000000 training runs with parameters:
learning rate                 0.1
discount factor               0.99
exploration rate              0.1
discretization method         UNIFORM_GRANULARITY
uniform granularity           0.25
adaptive compartments         5


[2025-08-27 22:05:38.382] [warning] no flow specified for variable c1 in location all_off - assuming flow of 0
[2025-08-27 22:05:38.382] [warning] no flow specified for variable c1 in location v2_on - assuming flow of 0
[2025-08-27 22:05:38.382] [warning] no flow specified for variable c1 in location v1_block - assuming flow of 0
[2025-08-27 22:05:38.382] [warning] no flow specified for variable c1 in location v2_block - assuming flow of 0
[2025-08-27 22:05:38.382] [warning] no flow specified for variable c1 in location v1_block_v2_on - assuming flow of 0
[2025-08-27 22:05:38.382] [warning] no flow specified for variable c1 in location block_safe - assuming flow of 0
[2025-08-27 22:05:38.382] [warning] no flow specified for variable c1 in location block_unsafe - assuming flow of 0
[2025-08-27 22:05:38.382] [warning] no flow specified for variable c2 in location all_off - assuming flow of 0
[2025-08-27 22:05:38.382] [warning] no flow specified for variable c2 in location v1_on - assuming flow of 0
[2025-08-27 22:05:38.382] [warning] no flow specified for variable c2 in location v1_block - assuming flow of 0
[2025-08-27 22:05:38.383] [warning] no flow specified for variable c2 in location v2_block - assuming flow of 0
[2025-08-27 22:05:38.383] [warning] no flow specified for variable c2 in location v2_block_v1_on - assuming flow of 0
[2025-08-27 22:05:38.383] [warning] no flow specified for variable c2 in location block_safe - assuming flow of 0
[2025-08-27 22:05:38.383] [warning] no flow specified for variable c2 in location block_unsafe - assuming flow of 0
[2025-08-27 22:05:38.384] [warning] no constraints specified for variable c1 in initial constraint number 0 - assuming [0,0]
[2025-08-27 22:05:38.384] [warning] no constraints specified for variable c2 in initial constraint number 0 - assuming [0,0]
[2025-08-27 22:05:38.385] [info] 1 Model creation: 2
[2025-08-27 23:01:37.649] [info] 2.2 Reachability Analysis: 3359264
[2025-08-27 23:01:37.814] [info] 2.3 Augment Reach Tree: 164
[2025-08-27 23:01:37.988] [info] 2.4 Creating Unified Datastructure from Reach Tree: 111
[2025-08-27 23:03:01.685] [info] 2.5 Simulating on full Reach Tree: 83696
[2025-08-27 23:07:08.832] [info] 2.6.0 Labeling Reach Tree Nodes: 247143
[2025-08-27 23:07:08.837] [info] 2.6.1 Removing Unfulfilling Subtrees: 4
[2025-08-27 23:07:08.837] [info] 2.6 Pre-checking and Reduction: 247148
[2025-08-27 23:07:08.839] [info] node count before and after reduction 182043 182043
[2025-08-27 23:08:33.432] [info] 2.7 Simulating on reduced Reach Tree: 84592
[2025-08-27 23:08:36.006] [info] Analysis finished; the goal is not reachable.
[2025-08-27 23:08:36.006] [info] Probability: 0.0
[2025-08-27 23:08:36.006] [info] 2 Analysis: 3777621
[2025-08-27 23:08:36.006] [info] 0 Computation Time Complete: 3777624
[2025-08-27 23:08:36.006] [info] Counters and timers:
Counters:

Timers:
0 Computation Time Complete: 3777624
1 Model creation: 2
2 Analysis: 3777621
2.2 Reachability Analysis: 3359264
2.3 Augment Reach Tree: 164
2.4 Creating Unified Datastructure from Reach Tree: 111
2.5 Simulating on full Reach Tree: 83696
2.6 Pre-checking and Reduction: 247148
2.6.0 Labeling Reach Tree Nodes: 247143
2.6.1 Removing Unfulfilling Subtrees: 4
2.7 Simulating on reduced Reach Tree: 84592

