timebound = 20, jump depth = 256, max expirations of random clocks = [{r1: 2}, {r2: 4}], combine absorbing locations in unrolling = 46, integration bound(s) = 20, integration samples = 500000, model = WATERTANK, model case = CASE_A, LTI analysis = rectangular analysis, scheduler = goal: MAXIMIZING, scope: PROPHETIC, history: HISTORY_DEPENDENT, multithreaded = 1, disableBackwardsRefinement = 0
simulating 1000000 runs after 1000000 training runs with parameters:
learning rate                 0.1
discount factor               0.99
exploration rate              0.1
discretization method         UNIFORM_GRANULARITY
uniform granularity           0.25
adaptive compartments         5


[2025-08-28 00:12:55.666] [warning] no flow specified for variable c1 in location all_off - assuming flow of 0
[2025-08-28 00:12:55.666] [warning] no flow specified for variable c1 in location v2_on - assuming flow of 0
[2025-08-28 00:12:55.666] [warning] no flow specified for variable c1 in location v1_block - assuming flow of 0
[2025-08-28 00:12:55.666] [warning] no flow specified for variable c1 in location v2_block - assuming flow of 0
[2025-08-28 00:12:55.666] [warning] no flow specified for variable c1 in location v1_block_v2_on - assuming flow of 0
[2025-08-28 00:12:55.666] [warning] no flow specified for variable c1 in location block_safe - assuming flow of 0
[2025-08-28 00:12:55.666] [warning] no flow specified for variable c1 in location block_unsafe - assuming flow of 0
[2025-08-28 00:12:55.666] [warning] no flow specified for variable c2 in location all_off - assuming flow of 0
[2025-08-28 00:12:55.666] [warning] no flow specified for variable c2 in location v1_on - assuming flow of 0
[2025-08-28 00:12:55.666] [warning] no flow specified for variable c2 in location v1_block - assuming flow of 0
[2025-08-28 00:12:55.666] [warning] no flow specified for variable c2 in location v2_block - assuming flow of 0
[2025-08-28 00:12:55.666] [warning] no flow specified for variable c2 in location v2_block_v1_on - assuming flow of 0
[2025-08-28 00:12:55.666] [warning] no flow specified for variable c2 in location block_safe - assuming flow of 0
[2025-08-28 00:12:55.666] [warning] no flow specified for variable c2 in location block_unsafe - assuming flow of 0
[2025-08-28 00:12:55.668] [warning] no constraints specified for variable c1 in initial constraint number 0 - assuming [0,0]
[2025-08-28 00:12:55.668] [warning] no constraints specified for variable c2 in initial constraint number 0 - assuming [0,0]
[2025-08-28 00:12:55.668] [info] 1 Model creation: 2
[2025-08-28 01:09:34.112] [info] 2.2 Reachability Analysis: 3398443
[2025-08-28 01:09:34.270] [info] 2.3 Augment Reach Tree: 158
[2025-08-28 01:09:34.441] [info] 2.4 Creating Unified Datastructure from Reach Tree: 109
[2025-08-28 01:10:56.207] [info] 2.5 Simulating on full Reach Tree: 81765
[2025-08-28 01:15:30.362] [info] 2.6.0 Labeling Reach Tree Nodes: 274149
[2025-08-28 01:15:30.367] [info] 2.6.1 Removing Unfulfilling Subtrees: 4
[2025-08-28 01:15:30.367] [info] 2.6 Pre-checking and Reduction: 274153
[2025-08-28 01:15:30.369] [info] node count before and after reduction 182043 182043
[2025-08-28 01:16:53.325] [info] 2.7 Simulating on reduced Reach Tree: 82955
[2025-08-28 01:16:55.936] [info] Analysis finished; the goal is not reachable.
[2025-08-28 01:16:55.936] [info] Probability: 0.0
[2025-08-28 01:16:55.936] [info] 2 Analysis: 3840268
[2025-08-28 01:16:55.936] [info] 0 Computation Time Complete: 3840270
[2025-08-28 01:16:55.936] [info] Counters and timers:
Counters:

Timers:
0 Computation Time Complete: 3840270
1 Model creation: 2
2 Analysis: 3840268
2.2 Reachability Analysis: 3398443
2.3 Augment Reach Tree: 158
2.4 Creating Unified Datastructure from Reach Tree: 109
2.5 Simulating on full Reach Tree: 81765
2.6 Pre-checking and Reduction: 274153
2.6.0 Labeling Reach Tree Nodes: 274149
2.6.1 Removing Unfulfilling Subtrees: 4
2.7 Simulating on reduced Reach Tree: 82955

