timebound = 10, jump depth = 100, max expirations of random clocks = [{r1: 0}, {r2: 0}], combine absorbing locations in unrolling = 255, integration bound(s) = 10, integration samples = 500000, model = WATERTANK, model case = CASE_A, LTI analysis = rectangular analysis, scheduler = goal: MAXIMIZING, scope: PROPHETIC, history: HISTORY_DEPENDENT, multithreaded = 1, disableBackwardsRefinement = 0
simulating 0 runs after 1000000 training runs with parameters:
learning rate                 0.5
discount factor               0.75
exploration rate              0.15
discretization method         UNIFORM_GRANULARITY
uniform granularity           0.25
adaptive compartments         5



 )
[2025-09-15 11:32:14.415] [info] 1 Model creation: 0
[2025-09-15 11:32:14.415] [info] 2.0 Creating Unified Datastructure from SAC: 0
[2025-09-15 11:32:18.424] [info] runs 14997 | prob 0.6549309861972394 | low 0.6449311148316715 | high 0.6649308575628073
training_time, simulation_time, prob, low, high, runs
3962, 46, 0.6549309861972394, 0.6449311148316715, 0.6649308575628073, 14997
# timestamp 15.09.2025 11:32:14 (1757928734), datastructure sac
# timebound 10, expirations {"r1": 0, "r2": 0}
# alpha 0.5, gamma 0.75
# discretization method UNIFORM_GRANULARITY, adaptive compartments 5, uniform granularity 0.25
# scheduler goal: MAXIMIZING, scope: PROPHETIC, history: MEMORYLESS
# training runs 1000000

[2025-09-15 11:32:18.600] [info] 2.1 Simulating on SAC: 4185
[2025-09-15 11:32:18.600] [info] Analysis finished; the goal is not reachable.
[2025-09-15 11:32:18.600] [info] Probability: 0.0
[2025-09-15 11:32:18.600] [info] 2 Analysis: 4185
[2025-09-15 11:32:18.600] [info] 0 Computation Time Complete: 4185
[2025-09-15 11:32:18.600] [info] Counters and timers:
Counters:

Timers:
0 Computation Time Complete: 4185
1 Model creation: 0
2 Analysis: 4185
2.0 Creating Unified Datastructure from SAC: 0
2.1 Simulating on SAC: 4185

