timebound = 10, jump depth = 100, max expirations of random clocks = [{r1: 0}, {r2: 0}], combine absorbing locations in unrolling = 36, integration bound(s) = 10, integration samples = 500000, model = WATERTANK, model case = CASE_A, LTI analysis = rectangular analysis, scheduler = goal: MAXIMIZING, scope: PROPHETIC, history: HISTORY_DEPENDENT, multithreaded = 1, disableBackwardsRefinement = 0
simulating 0 runs after 5000 training runs with parameters:
learning rate                 0.1
discount factor               0.9
exploration rate              0.15
uniform granularity           0.5
adaptive compartments         5


[2025-09-21 00:10:01.672] [warning] no flow specified for variable c1 in location all_off - assuming flow of 0
[2025-09-21 00:10:01.672] [warning] no flow specified for variable c1 in location v2_on - assuming flow of 0
[2025-09-21 00:10:01.672] [warning] no flow specified for variable c1 in location v1_block - assuming flow of 0
[2025-09-21 00:10:01.672] [warning] no flow specified for variable c1 in location v2_block - assuming flow of 0
[2025-09-21 00:10:01.672] [warning] no flow specified for variable c1 in location v1_block_v2_on - assuming flow of 0
[2025-09-21 00:10:01.672] [warning] no flow specified for variable c1 in location block_safe - assuming flow of 0
[2025-09-21 00:10:01.672] [warning] no flow specified for variable c1 in location block_unsafe - assuming flow of 0
[2025-09-21 00:10:01.672] [warning] no flow specified for variable c2 in location all_off - assuming flow of 0
[2025-09-21 00:10:01.672] [warning] no flow specified for variable c2 in location v1_on - assuming flow of 0
[2025-09-21 00:10:01.672] [warning] no flow specified for variable c2 in location v1_block - assuming flow of 0
[2025-09-21 00:10:01.672] [warning] no flow specified for variable c2 in location v2_block - assuming flow of 0
[2025-09-21 00:10:01.672] [warning] no flow specified for variable c2 in location v2_block_v1_on - assuming flow of 0
[2025-09-21 00:10:01.672] [warning] no flow specified for variable c2 in location block_safe - assuming flow of 0
[2025-09-21 00:10:01.672] [warning] no flow specified for variable c2 in location block_unsafe - assuming flow of 0
[2025-09-21 00:10:01.672] [warning] no constraints specified for variable c1 in initial constraint number 0 - assuming [0,0]
[2025-09-21 00:10:01.672] [warning] no constraints specified for variable c2 in initial constraint number 0 - assuming [0,0]
[2025-09-21 00:10:01.672] [info] 1 Model creation: 0
[2025-09-21 00:10:01.672] [info] 

========== ConditionRepresentations ==========
rectangular: 1
0 1 0 0 <= 16
-1 0 0 0 <= 0
1 0 0 0 <= 10
x0 range(-0, 10), x1 below(16), 
========== +++++++++++++++++++ ==========
[2025-09-21 00:10:01.672] [info] 

========== ConditionRepresentations ==========
rectangular: 1
0 0 1 0 <= 2
-1 0 0 0 <= 0
1 0 0 0 <= 10
x0 range(-0, 10), x2 below(2), 
========== +++++++++++++++++++ ==========
[2025-09-21 00:10:01.672] [info] 

========== ConditionRepresentations ==========
rectangular: 1
0 0 0 1 <= 1
-1 0 0 0 <= 0
1 0 0 0 <= 10
x0 range(-0, 10), x3 below(1), 
========== +++++++++++++++++++ ==========
[2025-09-21 00:10:01.672] [info] 

========== ConditionRepresentations ==========
rectangular: 1
0 1 0 0 <= 16
-1 0 0 0 <= 0
1 0 0 0 <= 10
x0 range(-0, 10), x1 below(16), 
========== +++++++++++++++++++ ==========
[2025-09-21 00:10:01.672] [info] 

========== ConditionRepresentations ==========
rectangular: 1
0 1 0 0 <= 16
-1 0 0 0 <= 0
1 0 0 0 <= 10
x0 range(-0, 10), x1 below(16), 
========== +++++++++++++++++++ ==========
[2025-09-21 00:10:01.672] [info] 

========== ConditionRepresentations ==========
rectangular: 1
0 0 0 1 <= 1
-1 0 0 0 <= 0
1 0 0 0 <= 10
x0 range(-0, 10), x3 below(1), 
========== +++++++++++++++++++ ==========
[2025-09-21 00:10:01.672] [info] 

========== ConditionRepresentations ==========
rectangular: 1
0 0 1 0 <= 2
-1 0 0 0 <= 0
1 0 0 0 <= 10
x0 range(-0, 10), x2 below(2), 
========== +++++++++++++++++++ ==========
[2025-09-21 00:10:01.672] [info] 

========== ConditionRepresentations ==========
rectangular: 1
0 1 0 0 <= 16
-1 0 0 0 <= 0
1 0 0 0 <= 10
x0 range(-0, 10), x1 below(16), 
========== +++++++++++++++++++ ==========
[2025-09-21 00:10:01.672] [info] 

========== ConditionRepresentations ==========
rectangular: 1
-1 0 0 0 <= 0
1 0 0 0 <= 10
x0 range(-0, 10), 
========== +++++++++++++++++++ ==========
[2025-09-21 00:10:01.672] [info] 

========== ConditionRepresentations ==========
rectangular: 1
0 -1 0 0 <= -16
x1 above(16), 
========== +++++++++++++++++++ ==========
[2025-09-21 00:10:01.672] [info] 

========== ConditionRepresentations ==========
rectangular: 1
0 -1 0 0 <= -16
x1 above(16), 
========== +++++++++++++++++++ ==========
[2025-09-21 00:10:01.672] [info] 

========== ConditionRepresentations ==========
rectangular: 1
0 1 0 0 <= 16
0 0 -1 0 <= -2
x1 below(16), x2 above(2), 
========== +++++++++++++++++++ ==========
[2025-09-21 00:10:01.672] [info] 

========== ConditionRepresentations ==========
rectangular: 1
0 -1 0 0 <= -16
0 0 -1 0 <= -2
x1 above(16), x2 above(2), 
========== +++++++++++++++++++ ==========
[2025-09-21 00:10:01.672] [info] 

========== ConditionRepresentations ==========
rectangular: 1
0 1 0 0 <= 16
0 0 0 -1 <= -1
x1 below(16), x3 above(1), 
========== +++++++++++++++++++ ==========
[2025-09-21 00:10:01.672] [info] 

========== ConditionRepresentations ==========
rectangular: 1
0 -1 0 0 <= -16
0 0 0 -1 <= -1
x1 above(16), x3 above(1), 
========== +++++++++++++++++++ ==========
[2025-09-21 00:10:01.672] [info] 

========== ConditionRepresentations ==========
rectangular: 1
0 -1 0 0 <= -16
x1 above(16), 
========== +++++++++++++++++++ ==========
[2025-09-21 00:10:01.672] [info] 

========== ConditionRepresentations ==========
rectangular: 1

========== +++++++++++++++++++ ==========
[2025-09-21 00:10:01.672] [info] 

========== ConditionRepresentations ==========
rectangular: 1
0 -1 0 0 <= -16
x1 above(16), 
========== +++++++++++++++++++ ==========
[2025-09-21 00:10:01.672] [info] 

========== ConditionRepresentations ==========
rectangular: 1

========== +++++++++++++++++++ ==========
[2025-09-21 00:10:01.672] [info] 

========== ConditionRepresentations ==========
rectangular: 1
0 1 0 0 <= 16
0 0 0 -1 <= -1
x1 below(16), x3 above(1), 
========== +++++++++++++++++++ ==========
[2025-09-21 00:10:01.672] [info] 

========== ConditionRepresentations ==========
rectangular: 1
0 -1 0 0 <= -16
0 0 0 -1 <= -1
x1 above(16), x3 above(1), 
========== +++++++++++++++++++ ==========
[2025-09-21 00:10:01.672] [info] 

========== ConditionRepresentations ==========
rectangular: 1

========== +++++++++++++++++++ ==========
[2025-09-21 00:10:01.672] [info] 

========== ConditionRepresentations ==========
rectangular: 1
0 1 0 0 <= 16
0 0 -1 0 <= -2
x1 below(16), x2 above(2), 
========== +++++++++++++++++++ ==========
[2025-09-21 00:10:01.672] [info] 

========== ConditionRepresentations ==========
rectangular: 1
0 -1 0 0 <= -16
0 0 -1 0 <= -2
x1 above(16), x2 above(2), 
========== +++++++++++++++++++ ==========
[2025-09-21 00:10:01.672] [info] 

========== ConditionRepresentations ==========
rectangular: 1

========== +++++++++++++++++++ ==========
[2025-09-21 00:10:01.672] [info] 

========== ConditionRepresentations ==========
rectangular: 1
0 -1 0 0 <= -16
x1 above(16), 
========== +++++++++++++++++++ ==========
[2025-09-21 00:10:01.672] [info] 

========== ConditionRepresentations ==========
rectangular: 1

========== +++++++++++++++++++ ==========
[2025-09-21 00:10:01.672] [info] 

========== ConditionRepresentations ==========
rectangular: 1

========== +++++++++++++++++++ ==========
[2025-09-21 00:10:01.672] [info] 

========== ConditionRepresentations ==========
rectangular: 1

========== +++++++++++++++++++ ==========
[2025-09-21 00:10:01.672] [info] 

========== ConditionRepresentations ==========
rectangular: 1

========== +++++++++++++++++++ ==========
[2025-09-21 00:10:01.672] [info] 

========== ConditionRepresentations ==========
rectangular: 1
-1 0 0 0 <= 0
1 0 0 0 <= 0
0 -1 0 0 <= -4
0 1 0 0 <= 4
0 0 -1 0 <= 0
0 0 1 0 <= 0
0 0 0 -1 <= 0
0 0 0 1 <= 0
x0 point(-0), x1 point(4), x2 point(-0), x3 point(-0), 
========== +++++++++++++++++++ ==========
[2025-09-21 00:10:01.672] [info] 

========== ConditionRepresentations ==========
rectangular: 1
0 -1 0 0 <= -18
x1 above(18), 
========== +++++++++++++++++++ ==========
[2025-09-21 00:10:01.672] [info] 2.0 Creating Unified Datastructure from SAC: 0
[2025-09-21 00:10:01.727] [info] runs 15185 | prob 0.6455054329930853 | low 0.6355055894916042 | high 0.6555052764945664
[2025-09-21 00:10:01.782] [info] runs 15260 | prob 0.6415465268676278 | low 0.6315465483431766 | high 0.651546505392079
[2025-09-21 00:10:01.835] [info] runs 16242 | prob 0.5724048762467676 | low 0.5624050111779691 | high 0.5824047413155661
[2025-09-21 00:10:01.893] [info] runs 15217 | prob 0.6438851284747322 | low 0.6338855753774224 | high 0.653884681572042
[2025-09-21 00:10:01.949] [info] runs 15184 | prob 0.6455479452054794 | low 0.6355480427916652 | high 0.6555478476192936
[2025-09-21 00:10:02.003] [info] runs 15148 | prob 0.6474121996303143 | low 0.6374123771431015 | high 0.657412022117527
[2025-09-21 00:10:02.061] [info] runs 16304 | prob 0.5656280667320903 | low 0.5556281788939044 | high 0.5756279545702763
[2025-09-21 00:10:02.116] [info] runs 15142 | prob 0.6477347774402324 | low 0.6377350599592986 | high 0.6577344949211663
[2025-09-21 00:10:02.167] [info] runs 15334 | prob 0.637602712925525 | low 0.6276030427356387 | high 0.6476023831154112
[2025-09-21 00:10:02.216] [info] runs 15103 | prob 0.6496722505462491 | low 0.6396722810409832 | high 0.659672220051515
[2025-09-21 00:10:02.264] [info] runs 15064 | prob 0.651619755708975 | low 0.64161976523665 | high 0.6616197461813
[2025-09-21 00:10:02.312] [info] runs 15269 | prob 0.6411028882048595 | low 0.6311031320563195 | high 0.6511026443533995
[2025-09-21 00:10:02.360] [info] runs 16327 | prob 0.5629325656887364 | low 0.5529326791295937 | high 0.5729324522478791
[2025-09-21 00:10:02.418] [info] runs 15195 | prob 0.6450148075024679 | low 0.6350151421149866 | high 0.6550144728899492
[2025-09-21 00:10:02.471] [info] runs 15302 | prob 0.6393281923931512 | low 0.6293284275754759 | high 0.6493279572108265
[2025-09-21 00:10:02.527] [info] runs 16282 | prob 0.5681734430659624 | low 0.5581737395764208 | high 0.578173146555504
[2025-09-21 00:10:02.579] [info] runs 16261 | prob 0.5703831252690487 | low 0.5603832119895444 | high 0.5803830385485529
[2025-09-21 00:10:02.634] [info] runs 15274 | prob 0.6408275500851119 | low 0.6308277443923466 | high 0.6508273557778773
[2025-09-21 00:10:02.687] [info] runs 15211 | prob 0.6441391098547105 | low 0.6341391803068589 | high 0.654139039402562
[2025-09-21 00:10:02.740] [info] runs 15252 | prob 0.6420141620771046 | low 0.6320144455779905 | high 0.6520138785762187
[2025-09-21 00:10:02.795] [info] runs 15293 | prob 0.6398352187275224 | low 0.6298355823754365 | high 0.6498348550796083
[2025-09-21 00:10:02.848] [info] runs 15164 | prob 0.6465972039039831 | low 0.6365974140683895 | high 0.6565969937395767
[2025-09-21 00:10:02.900] [info] runs 15226 | prob 0.6433731774596085 | low 0.6333733749383488 | high 0.6533729799808683
[2025-09-21 00:10:02.951] [info] runs 16277 | prob 0.5687165939669472 | low 0.5587168702412659 | high 0.5787163176926284
[2025-09-21 00:10:03.004] [info] runs 15265 | prob 0.6413363904356371 | low 0.6313367576130823 | high 0.6513360232581918
[2025-09-21 00:10:03.004] [info] RESULT:
training_time, simulation_time, prob, low, high, runs
15, 39, 0.6455054329930853, 0.6355055894916042, 0.6555052764945664, 15185
15, 39, 0.6415465268676278, 0.6315465483431766, 0.651546505392079, 15260
15, 38, 0.5724048762467676, 0.5624050111779691, 0.5824047413155661, 16242
15, 42, 0.6438851284747322, 0.6338855753774224, 0.653884681572042, 15217
15, 40, 0.6455479452054794, 0.6355480427916652, 0.6555478476192936, 15184
15, 38, 0.6474121996303143, 0.6374123771431015, 0.657412022117527, 15148
14, 42, 0.5656280667320903, 0.5556281788939044, 0.5756279545702763, 16304
15, 40, 0.6477347774402324, 0.6377350599592986, 0.6577344949211663, 15142
14, 36, 0.637602712925525, 0.6276030427356387, 0.6476023831154112, 15334
13, 34, 0.6496722505462491, 0.6396722810409832, 0.659672220051515, 15103
13, 34, 0.651619755708975, 0.64161976523665, 0.6616197461813, 15064
13, 35, 0.6411028882048595, 0.6311031320563195, 0.6511026443533995, 15269
13, 34, 0.5629325656887364, 0.5529326791295937, 0.5729324522478791, 16327
14, 43, 0.6450148075024679, 0.6350151421149866, 0.6550144728899492, 15195
14, 38, 0.6393281923931512, 0.6293284275754759, 0.6493279572108265, 15302
14, 40, 0.5681734430659624, 0.5581737395764208, 0.578173146555504, 16282
14, 37, 0.5703831252690487, 0.5603832119895444, 0.5803830385485529, 16261
14, 40, 0.6408275500851119, 0.6308277443923466, 0.6508273557778773, 15274
14, 38, 0.6441391098547105, 0.6341391803068589, 0.654139039402562, 15211
14, 38, 0.6420141620771046, 0.6320144455779905, 0.6520138785762187, 15252
14, 40, 0.6398352187275224, 0.6298355823754365, 0.6498348550796083, 15293
14, 37, 0.6465972039039831, 0.6365974140683895, 0.6565969937395767, 15164
14, 38, 0.6433731774596085, 0.6333733749383488, 0.6533729799808683, 15226
14, 36, 0.5687165939669472, 0.5587168702412659, 0.5787163176926284, 16277
14, 38, 0.6413363904356371, 0.6313367576130823, 0.6513360232581918, 15265
# timestamp 21.09.2025 00:10:01 (1758406201), datastructure sac
# timebound 10, expirations {"r1": 0, "r2": 0}
# alpha 0.1, gamma 0.9
# fixed points 5, uniform granularity 0.5
# scheduler goal: MAXIMIZING, scope: NONPROPHETIC, history: MEMORYLESS
# training runs 5000

[2025-09-21 00:10:03.005] [info] 2.1 Simulating on SAC: 1332
[2025-09-21 00:10:03.005] [info] Analysis finished; the goal is not reachable.
[2025-09-21 00:10:03.005] [info] Probability: 0.0
[2025-09-21 00:10:03.005] [info] 2 Analysis: 1332
[2025-09-21 00:10:03.005] [info] 0 Computation Time Complete: 1332
[2025-09-21 00:10:03.005] [info] Counters and timers:
Counters:

Timers:
0 Computation Time Complete: 1332
1 Model creation: 0
2 Analysis: 1332
2.0 Creating Unified Datastructure from SAC: 0
2.1 Simulating on SAC: 1332

