timebound = 10, jump depth = 100, max expirations of random clocks = [{r1: 0}, {r2: 0}], combine absorbing locations in unrolling = 179, integration bound(s) = 10, integration samples = 500000, model = WATERTANK, model case = CASE_A, LTI analysis = rectangular analysis, scheduler = goal: MAXIMIZING, scope: SEMIPROPHETIC, history: HISTORY_DEPENDENT, multithreaded = 1, disableBackwardsRefinement = 0
simulating 0 runs after 5000 training runs with parameters:
learning rate                 0.1
discount factor               1
exploration rate              0.15
uniform granularity           0.5
adaptive compartments         5


[2025-10-02 22:51:53.565] [warning] no flow specified for variable c1 in location all_off - assuming flow of 0
[2025-10-02 22:51:53.565] [warning] no flow specified for variable c1 in location v2_on - assuming flow of 0
[2025-10-02 22:51:53.565] [warning] no flow specified for variable c1 in location v1_block - assuming flow of 0
[2025-10-02 22:51:53.565] [warning] no flow specified for variable c1 in location v2_block - assuming flow of 0
[2025-10-02 22:51:53.565] [warning] no flow specified for variable c1 in location v1_block_v2_on - assuming flow of 0
[2025-10-02 22:51:53.565] [warning] no flow specified for variable c1 in location block_safe - assuming flow of 0
[2025-10-02 22:51:53.565] [warning] no flow specified for variable c1 in location block_unsafe - assuming flow of 0
[2025-10-02 22:51:53.565] [warning] no flow specified for variable c2 in location all_off - assuming flow of 0
[2025-10-02 22:51:53.565] [warning] no flow specified for variable c2 in location v1_on - assuming flow of 0
[2025-10-02 22:51:53.565] [warning] no flow specified for variable c2 in location v1_block - assuming flow of 0
[2025-10-02 22:51:53.565] [warning] no flow specified for variable c2 in location v2_block - assuming flow of 0
[2025-10-02 22:51:53.565] [warning] no flow specified for variable c2 in location v2_block_v1_on - assuming flow of 0
[2025-10-02 22:51:53.565] [warning] no flow specified for variable c2 in location block_safe - assuming flow of 0
[2025-10-02 22:51:53.565] [warning] no flow specified for variable c2 in location block_unsafe - assuming flow of 0
[2025-10-02 22:51:53.565] [warning] no constraints specified for variable c1 in initial constraint number 0 - assuming [0,0]
[2025-10-02 22:51:53.565] [warning] no constraints specified for variable c2 in initial constraint number 0 - assuming [0,0]
[2025-10-02 22:51:53.565] [info] 1 Model creation: 0
[2025-10-02 22:51:53.565] [info] 2.0 Creating Unified Datastructure from SAC: 0
[2025-10-02 22:51:53.615] [info] runs 15190 | prob 0.6452271231073075 | low 0.6352271580077785 | high 0.6552270882068364
[2025-10-02 22:51:53.664] [info] runs 15234 | prob 0.6429696730996455 | low 0.6329699797676241 | high 0.6529693664316668
[2025-10-02 22:51:53.711] [info] runs 15057 | prob 0.6519891080560537 | low 0.6419892641223415 | high 0.6619889519897659
[2025-10-02 22:51:53.760] [info] runs 15236 | prob 0.6428852717248622 | low 0.6328857093026408 | high 0.6528848341470836
[2025-10-02 22:51:53.808] [info] runs 15192 | prob 0.6451421800947867 | low 0.6351423345600693 | high 0.6551420256295042
[2025-10-02 22:51:53.856] [info] runs 15108 | prob 0.649457241196717 | low 0.6394575139932032 | high 0.6594569684002308
[2025-10-02 22:51:53.904] [info] runs 15180 | prob 0.6457839262187088 | low 0.6357842089512972 | high 0.6557836434861205
[2025-10-02 22:51:53.952] [info] runs 15140 | prob 0.6478203434610303 | low 0.6378205197246736 | high 0.6578201671973871
[2025-10-02 22:51:54.000] [info] runs 15238 | prob 0.6427352670954194 | low 0.6327354279771494 | high 0.6527351062136894
[2025-10-02 22:51:54.048] [info] runs 15064 | prob 0.6516861391396708 | low 0.6416865921452665 | high 0.6616856861340751
[2025-10-02 22:51:54.097] [info] runs 15150 | prob 0.6473267326732673 | low 0.6373270185541912 | high 0.6573264467923435
[2025-10-02 22:51:54.145] [info] runs 15350 | prob 0.6366775244299674 | low 0.6266775805990958 | high 0.6466774682608389
[2025-10-02 22:51:54.194] [info] runs 15194 | prob 0.6450572594445175 | low 0.6350575339013647 | high 0.6550569849876704
[2025-10-02 22:51:54.242] [info] runs 15261 | prob 0.6415044885656248 | low 0.6315045789773354 | high 0.6515043981539143
[2025-10-02 22:51:54.291] [info] runs 15219 | prob 0.6437348051777384 | low 0.6337349665006409 | high 0.6537346438548359
[2025-10-02 22:51:54.338] [info] runs 16300 | prob 0.5661349693251534 | low 0.5561352140637237 | high 0.5761347245865831
[2025-10-02 22:51:54.386] [info] runs 15255 | prob 0.6418223533267781 | low 0.6318224359583727 | high 0.6518222706951834
[2025-10-02 22:51:54.435] [info] runs 15187 | prob 0.645420425363798 | low 0.6354207000083786 | high 0.6554201507192173
[2025-10-02 22:51:54.484] [info] runs 15255 | prob 0.6418223533267781 | low 0.6318224359583727 | high 0.6518222706951834
[2025-10-02 22:51:54.531] [info] runs 16249 | prob 0.5716659486737645 | low 0.561666063758262 | high 0.581665833589267
[2025-10-02 22:51:54.579] [info] runs 15279 | prob 0.6405523921722626 | low 0.63055254136057 | high 0.6505522429839551
[2025-10-02 22:51:54.628] [info] runs 15283 | prob 0.640319309036184 | low 0.6303193455731841 | high 0.6503192724991838
[2025-10-02 22:51:54.676] [info] runs 15260 | prob 0.6415465268676278 | low 0.6315465483431766 | high 0.651546505392079
[2025-10-02 22:51:54.725] [info] runs 15244 | prob 0.6424166885331933 | low 0.6324168401157234 | high 0.6524165369506633
[2025-10-02 22:51:54.774] [info] runs 15393 | prob 0.6343142987072046 | low 0.6243145182717589 | high 0.6443140791426503
[2025-10-02 22:51:54.774] [info] RESULT:
training_time, simulation_time, prob, low, high, runs
13, 36, 0.6452271231073075, 0.6352271580077785, 0.6552270882068364, 15190
13, 35, 0.6429696730996455, 0.6329699797676241, 0.6529693664316668, 15234
13, 34, 0.6519891080560537, 0.6419892641223415, 0.6619889519897659, 15057
13, 35, 0.6428852717248622, 0.6328857093026408, 0.6528848341470836, 15236
13, 35, 0.6451421800947867, 0.6351423345600693, 0.6551420256295042, 15192
13, 34, 0.649457241196717, 0.6394575139932032, 0.6594569684002308, 15108
13, 34, 0.6457839262187088, 0.6357842089512972, 0.6557836434861205, 15180
13, 34, 0.6478203434610303, 0.6378205197246736, 0.6578201671973871, 15140
13, 35, 0.6427352670954194, 0.6327354279771494, 0.6527351062136894, 15238
13, 34, 0.6516861391396708, 0.6416865921452665, 0.6616856861340751, 15064
13, 34, 0.6473267326732673, 0.6373270185541912, 0.6573264467923435, 15150
13, 35, 0.6366775244299674, 0.6266775805990958, 0.6466774682608389, 15350
13, 35, 0.6450572594445175, 0.6350575339013647, 0.6550569849876704, 15194
13, 35, 0.6415044885656248, 0.6315045789773354, 0.6515043981539143, 15261
13, 35, 0.6437348051777384, 0.6337349665006409, 0.6537346438548359, 15219
13, 33, 0.5661349693251534, 0.5561352140637237, 0.5761347245865831, 16300
13, 35, 0.6418223533267781, 0.6318224359583727, 0.6518222706951834, 15255
13, 35, 0.645420425363798, 0.6354207000083786, 0.6554201507192173, 15187
13, 35, 0.6418223533267781, 0.6318224359583727, 0.6518222706951834, 15255
13, 33, 0.5716659486737645, 0.561666063758262, 0.581665833589267, 16249
13, 35, 0.6405523921722626, 0.63055254136057, 0.6505522429839551, 15279
13, 35, 0.640319309036184, 0.6303193455731841, 0.6503192724991838, 15283
13, 35, 0.6415465268676278, 0.6315465483431766, 0.651546505392079, 15260
13, 35, 0.6424166885331933, 0.6324168401157234, 0.6524165369506633, 15244
13, 35, 0.6343142987072046, 0.6243145182717589, 0.6443140791426503, 15393
# timestamp 02.10.2025 22:51:53 (1759438313), datastructure SAC
# timebound 10, expirations {"r1": 0, "r2": 0}
# alpha 0.1, gamma 1
# fixed points 5, uniform granularity 0.5
# scheduler goal: MAXIMIZING, scope: NONPROPHETIC, history: MEMORYLESS
# training runs 5000

[2025-10-02 22:51:54.774] [info] 2.1 Simulating on SAC: 1208
[2025-10-02 22:51:54.774] [info] Analysis finished; the goal is not reachable.
[2025-10-02 22:51:54.774] [info] Probability: 0.0
[2025-10-02 22:51:54.774] [info] 2 Analysis: 1208
[2025-10-02 22:51:54.774] [info] 0 Computation Time Complete: 1208
[2025-10-02 22:51:54.774] [info] Counters and timers:
Counters:

Timers:
0 Computation Time Complete: 1208
1 Model creation: 0
2 Analysis: 1208
2.0 Creating Unified Datastructure from SAC: 0
2.1 Simulating on SAC: 1208

