timebound = 10, jump depth = 100, max expirations of random clocks = [{r1: 0}, {r2: 0}], combine absorbing locations in unrolling = 43, integration bound(s) = 10, integration samples = 500000, model = WATERTANK, model case = CASE_D, LTI analysis = rectangular analysis, scheduler = goal: MAXIMIZING, scope: SEMIPROPHETIC, history: HISTORY_DEPENDENT, multithreaded = 1, disableBackwardsRefinement = 0
simulating 0 runs after 5000 training runs with parameters:
learning rate                 0.1
discount factor               1
exploration rate              0.15
uniform granularity           1
adaptive compartments         5


[2025-10-22 00:00:06.980] [warning] no flow specified for variable c1 in location all_off - assuming flow of 0
[2025-10-22 00:00:06.980] [warning] no flow specified for variable c1 in location v2_on - assuming flow of 0
[2025-10-22 00:00:06.980] [warning] no flow specified for variable c1 in location v1_block - assuming flow of 0
[2025-10-22 00:00:06.980] [warning] no flow specified for variable c1 in location v2_block - assuming flow of 0
[2025-10-22 00:00:06.980] [warning] no flow specified for variable c1 in location v1_block_v2_on - assuming flow of 0
[2025-10-22 00:00:06.980] [warning] no flow specified for variable c1 in location block_safe - assuming flow of 0
[2025-10-22 00:00:06.980] [warning] no flow specified for variable c1 in location block_unsafe - assuming flow of 0
[2025-10-22 00:00:06.980] [warning] no flow specified for variable c2 in location all_off - assuming flow of 0
[2025-10-22 00:00:06.980] [warning] no flow specified for variable c2 in location v1_on - assuming flow of 0
[2025-10-22 00:00:06.980] [warning] no flow specified for variable c2 in location v1_block - assuming flow of 0
[2025-10-22 00:00:06.980] [warning] no flow specified for variable c2 in location v2_block - assuming flow of 0
[2025-10-22 00:00:06.980] [warning] no flow specified for variable c2 in location v2_block_v1_on - assuming flow of 0
[2025-10-22 00:00:06.980] [warning] no flow specified for variable c2 in location block_safe - assuming flow of 0
[2025-10-22 00:00:06.980] [warning] no flow specified for variable c2 in location block_unsafe - assuming flow of 0
[2025-10-22 00:00:06.980] [warning] no constraints specified for variable c1 in initial constraint number 0 - assuming [0,0]
[2025-10-22 00:00:06.980] [warning] no constraints specified for variable c2 in initial constraint number 0 - assuming [0,0]
[2025-10-22 00:00:06.980] [info] 1 Model creation: 0
[2025-10-22 00:00:06.980] [info] 2.0 Creating Unified Datastructure from SAC: 0
[2025-10-22 00:00:07.024] [info] runs 15236 | prob 0.6428196377001838 | low 0.6328196669137893 | high 0.6528196084865783
[2025-10-22 00:00:07.069] [info] runs 15259 | prob 0.6416541057736418 | low 0.63165446203738 | high 0.6516537495099036
[2025-10-22 00:00:07.113] [info] runs 15441 | prob 0.6315653131273882 | low 0.6215653698301796 | high 0.6415652564245967
[2025-10-22 00:00:07.157] [info] runs 15492 | prob 0.6286470436354248 | low 0.6186472970053101 | high 0.6386467902655395
[2025-10-22 00:00:07.203] [info] runs 15208 | prob 0.6443319305628616 | low 0.6343322282261171 | high 0.6543316328996062
[2025-10-22 00:00:07.247] [info] runs 15515 | prob 0.6272639381243957 | low 0.617264034024563 | high 0.6372638422242285
[2025-10-22 00:00:07.292] [info] runs 15217 | prob 0.6438851284747322 | low 0.6338855753774224 | high 0.653884681572042
[2025-10-22 00:00:07.336] [info] runs 15494 | prob 0.6285658964760552 | low 0.6185663482758386 | high 0.6385654446762719
[2025-10-22 00:00:07.382] [info] runs 15275 | prob 0.6407855973813421 | low 0.6307858623880179 | high 0.6507853323746663
[2025-10-22 00:00:07.427] [info] runs 15471 | prob 0.6298881778811971 | low 0.6198885261856166 | high 0.6398878295767776
[2025-10-22 00:00:07.472] [info] runs 15467 | prob 0.6301157302644339 | low 0.6201160547440796 | high 0.6401154057847882
[2025-10-22 00:00:07.516] [info] runs 15324 | prob 0.6381493082746019 | low 0.6281496388736594 | high 0.6481489776755445
[2025-10-22 00:00:07.562] [info] runs 15197 | prob 0.6448641179180101 | low 0.63486415682325 | high 0.6548640790127702
[2025-10-22 00:00:07.608] [info] runs 15338 | prob 0.63737123484157 | low 0.6273714916398163 | high 0.6473709780433237
[2025-10-22 00:00:07.654] [info] runs 15217 | prob 0.6438851284747322 | low 0.6338855753774224 | high 0.653884681572042
[2025-10-22 00:00:07.696] [info] runs 16305 | prob 0.5655320453848512 | low 0.5555322079173703 | high 0.5755318828523321
[2025-10-22 00:00:07.742] [info] runs 15215 | prob 0.6439697666776207 | low 0.6339700876758506 | high 0.6539694456793909
[2025-10-22 00:00:07.787] [info] runs 15177 | prob 0.6459115767279436 | low 0.6359116851822684 | high 0.6559114682736189
[2025-10-22 00:00:07.831] [info] runs 15606 | prob 0.6217480456234782 | low 0.6117480948498757 | high 0.6317479963970807
[2025-10-22 00:00:07.877] [info] runs 15021 | prob 0.6537514146861061 | low 0.6437514892828887 | high 0.6637513400893235
[2025-10-22 00:00:07.921] [info] runs 15483 | prob 0.629141639217206 | low 0.6191417185695819 | high 0.6391415598648301
[2025-10-22 00:00:07.966] [info] runs 15305 | prob 0.6392028748774911 | low 0.6292033334106312 | high 0.6492024163443509
[2025-10-22 00:00:08.012] [info] runs 15061 | prob 0.6518159484761968 | low 0.6418162735289089 | high 0.6618156234234848
[2025-10-22 00:00:08.056] [info] runs 15138 | prob 0.6479059320914256 | low 0.6379060025402327 | high 0.6579058616426184
[2025-10-22 00:00:08.102] [info] runs 15622 | prob 0.6207911919088465 | low 0.6107914331409234 | high 0.6307909506767695
[2025-10-22 00:00:08.102] [info] RESULT:
training_time, simulation_time, prob, low, high, runs
12, 31, 0.6428196377001838, 0.6328196669137893, 0.6528196084865783, 15236
13, 31, 0.6416541057736418, 0.63165446203738, 0.6516537495099036, 15259
12, 30, 0.6315653131273882, 0.6215653698301796, 0.6415652564245967, 15441
12, 31, 0.6286470436354248, 0.6186472970053101, 0.6386467902655395, 15492
12, 33, 0.6443319305628616, 0.6343322282261171, 0.6543316328996062, 15208
12, 31, 0.6272639381243957, 0.617264034024563, 0.6372638422242285, 15515
12, 31, 0.6438851284747322, 0.6338855753774224, 0.653884681572042, 15217
12, 31, 0.6285658964760552, 0.6185663482758386, 0.6385654446762719, 15494
12, 33, 0.6407855973813421, 0.6307858623880179, 0.6507853323746663, 15275
12, 31, 0.6298881778811971, 0.6198885261856166, 0.6398878295767776, 15471
12, 31, 0.6301157302644339, 0.6201160547440796, 0.6401154057847882, 15467
12, 31, 0.6381493082746019, 0.6281496388736594, 0.6481489776755445, 15324
12, 33, 0.6448641179180101, 0.63486415682325, 0.6548640790127702, 15197
12, 32, 0.63737123484157, 0.6273714916398163, 0.6473709780433237, 15338
12, 33, 0.6438851284747322, 0.6338855753774224, 0.653884681572042, 15217
12, 29, 0.5655320453848512, 0.5555322079173703, 0.5755318828523321, 16305
12, 33, 0.6439697666776207, 0.6339700876758506, 0.6539694456793909, 15215
12, 31, 0.6459115767279436, 0.6359116851822684, 0.6559114682736189, 15177
12, 31, 0.6217480456234782, 0.6117480948498757, 0.6317479963970807, 15606
12, 32, 0.6537514146861061, 0.6437514892828887, 0.6637513400893235, 15021
12, 31, 0.629141639217206, 0.6191417185695819, 0.6391415598648301, 15483
12, 31, 0.6392028748774911, 0.6292033334106312, 0.6492024163443509, 15305
12, 33, 0.6518159484761968, 0.6418162735289089, 0.6618156234234848, 15061
12, 31, 0.6479059320914256, 0.6379060025402327, 0.6579058616426184, 15138
13, 32, 0.6207911919088465, 0.6107914331409234, 0.6307909506767695, 15622
# timestamp 22.10.2025 00:00:06 (1761084006), datastructure SAC
# timebound 10, expirations {"r1": 0, "r2": 0}
# alpha 0.1, gamma 1
# fixed points 5, uniform granularity 1
# scheduler goal: MAXIMIZING, scope: NONPROPHETIC, history: DISCRETE_HISTORY
# training runs 5000

[2025-10-22 00:00:08.144] [info] runs 15254 | prob 0.6419299855775534 | low 0.6319304047334006 | high 0.6519295664217063
[2025-10-22 00:00:08.186] [info] runs 15523 | prob 0.6268118276106422 | low 0.6168120450449897 | high 0.6368116101762948
[2025-10-22 00:00:08.228] [info] runs 15508 | prob 0.6276760381738458 | low 0.6176761249599481 | high 0.6376759513877435
[2025-10-22 00:00:08.270] [info] runs 15364 | prob 0.6359671960426972 | low 0.6259676259893096 | high 0.6459667660960849
[2025-10-22 00:00:08.313] [info] runs 15591 | prob 0.6227310627926368 | low 0.6127314159568262 | high 0.6327307096284474
[2025-10-22 00:00:08.355] [info] runs 15518 | prob 0.6271426730248744 | low 0.6171430759190669 | high 0.6371422701306818
[2025-10-22 00:00:08.397] [info] runs 15528 | prob 0.6265455950540958 | low 0.616545981162813 | high 0.6365452089453786
[2025-10-22 00:00:08.438] [info] runs 15192 | prob 0.6451421800947867 | low 0.6351423345600693 | high 0.6551420256295042
[2025-10-22 00:00:08.480] [info] runs 15545 | prob 0.6254744290768736 | low 0.6154745208909668 | high 0.6354743372627804
[2025-10-22 00:00:08.522] [info] runs 15464 | prob 0.630237972064149 | low 0.620238009453671 | high 0.640237934674627
[2025-10-22 00:00:08.564] [info] runs 15528 | prob 0.6264811952601752 | low 0.6164812331868317 | high 0.6364811573335187
[2025-10-22 00:00:08.605] [info] runs 15399 | prob 0.6340022079355803 | low 0.6240025713438798 | high 0.6440018445272807
[2025-10-22 00:00:08.649] [info] runs 15184 | prob 0.6455479452054794 | low 0.6355480427916652 | high 0.6555478476192936
[2025-10-22 00:00:08.691] [info] runs 15633 | prob 0.6200985095631036 | low 0.6100987274499818 | high 0.6300982916762254
[2025-10-22 00:00:08.730] [info] runs 16324 | prob 0.5632810585640774 | low 0.5532811471284884 | high 0.5732809699996664
[2025-10-22 00:00:08.771] [info] runs 15029 | prob 0.6534034200545612 | low 0.6434037964137196 | high 0.6634030436954028
[2025-10-22 00:00:08.814] [info] runs 15230 | prob 0.6431385423506237 | low 0.6331385884468839 | high 0.6531384962543636
[2025-10-22 00:00:08.856] [info] runs 15200 | prob 0.6447368421052632 | low 0.6347370632769757 | high 0.6547366209335507
[2025-10-22 00:00:08.899] [info] runs 15180 | prob 0.6457839262187088 | low 0.6357842089512972 | high 0.6557836434861205
[2025-10-22 00:00:08.941] [info] runs 15464 | prob 0.630237972064149 | low 0.620238009453671 | high 0.640237934674627
[2025-10-22 00:00:08.984] [info] runs 15179 | prob 0.6458264707820014 | low 0.635826695314258 | high 0.6558262462497448
[2025-10-22 00:00:09.026] [info] runs 15234 | prob 0.6429696730996455 | low 0.6329699797676241 | high 0.6529693664316668
[2025-10-22 00:00:09.068] [info] runs 15272 | prob 0.6409769512833945 | low 0.6309774055085325 | high 0.6509764970582564
[2025-10-22 00:00:09.110] [info] runs 15509 | prob 0.6276355664452898 | low 0.6176357545656932 | high 0.6376353783248865
[2025-10-22 00:00:09.151] [info] runs 15538 | prob 0.6259492856223452 | low 0.6159496743268744 | high 0.635948896917816
[2025-10-22 00:00:09.151] [info] RESULT:
training_time, simulation_time, prob, low, high, runs
11, 30, 0.6419299855775534, 0.6319304047334006, 0.6519295664217063, 15254
11, 30, 0.6268118276106422, 0.6168120450449897, 0.6368116101762948, 15523
11, 29, 0.6276760381738458, 0.6176761249599481, 0.6376759513877435, 15508
11, 30, 0.6359671960426972, 0.6259676259893096, 0.6459667660960849, 15364
11, 31, 0.6227310627926368, 0.6127314159568262, 0.6327307096284474, 15591
11, 30, 0.6271426730248744, 0.6171430759190669, 0.6371422701306818, 15518
11, 30, 0.6265455950540958, 0.616545981162813, 0.6365452089453786, 15528
11, 29, 0.6451421800947867, 0.6351423345600693, 0.6551420256295042, 15192
11, 30, 0.6254744290768736, 0.6154745208909668, 0.6354743372627804, 15545
11, 30, 0.630237972064149, 0.620238009453671, 0.640237934674627, 15464
11, 30, 0.6264811952601752, 0.6164812331868317, 0.6364811573335187, 15528
11, 29, 0.6340022079355803, 0.6240025713438798, 0.6440018445272807, 15399
11, 31, 0.6455479452054794, 0.6355480427916652, 0.6555478476192936, 15184
11, 29, 0.6200985095631036, 0.6100987274499818, 0.6300982916762254, 15633
11, 27, 0.5632810585640774, 0.5532811471284884, 0.5732809699996664, 16324
11, 29, 0.6534034200545612, 0.6434037964137196, 0.6634030436954028, 15029
12, 30, 0.6431385423506237, 0.6331385884468839, 0.6531384962543636, 15230
11, 29, 0.6447368421052632, 0.6347370632769757, 0.6547366209335507, 15200
11, 31, 0.6457839262187088, 0.6357842089512972, 0.6557836434861205, 15180
11, 29, 0.630237972064149, 0.620238009453671, 0.640237934674627, 15464
11, 31, 0.6458264707820014, 0.635826695314258, 0.6558262462497448, 15179
11, 29, 0.6429696730996455, 0.6329699797676241, 0.6529693664316668, 15234
11, 30, 0.6409769512833945, 0.6309774055085325, 0.6509764970582564, 15272
11, 29, 0.6276355664452898, 0.6176357545656932, 0.6376353783248865, 15509
11, 29, 0.6259492856223452, 0.6159496743268744, 0.635948896917816, 15538
# timestamp 22.10.2025 00:00:06 (1761084006), datastructure SAC
# timebound 10, expirations {"r1": 0, "r2": 0}
# alpha 0.1, gamma 1
# fixed points 5, uniform granularity 1
# scheduler goal: MAXIMIZING, scope: NONPROPHETIC, history: MEMORYLESS
# training runs 5000

[2025-10-22 00:00:09.151] [info] 2.1 Simulating on SAC: 2171
[2025-10-22 00:00:09.151] [info] Analysis finished; the goal is not reachable.
[2025-10-22 00:00:09.151] [info] Probability: 0.0
[2025-10-22 00:00:09.151] [info] 2 Analysis: 2171
[2025-10-22 00:00:09.151] [info] 0 Computation Time Complete: 2171
[2025-10-22 00:00:09.151] [info] Counters and timers:
Counters:

Timers:
0 Computation Time Complete: 2171
1 Model creation: 0
2 Analysis: 2171
2.0 Creating Unified Datastructure from SAC: 0
2.1 Simulating on SAC: 2171

timebound = 10, jump depth = 100, max expirations of random clocks = [{r1: 0}, {r2: 0}], combine absorbing locations in unrolling = 157, integration bound(s) = 10, integration samples = 500000, model = WATERTANK, model case = CASE_D, LTI analysis = rectangular analysis, scheduler = goal: MAXIMIZING, scope: SEMIPROPHETIC, history: HISTORY_DEPENDENT, multithreaded = 1, disableBackwardsRefinement = 0
simulating 0 runs after 20000 training runs with parameters:
learning rate                 0.1
discount factor               1
exploration rate              0.15
uniform granularity           0.5
adaptive compartments         5


[2025-10-22 00:00:09.161] [warning] no flow specified for variable c1 in location all_off - assuming flow of 0
[2025-10-22 00:00:09.161] [warning] no flow specified for variable c1 in location v2_on - assuming flow of 0
[2025-10-22 00:00:09.161] [warning] no flow specified for variable c1 in location v1_block - assuming flow of 0
[2025-10-22 00:00:09.161] [warning] no flow specified for variable c1 in location v2_block - assuming flow of 0
[2025-10-22 00:00:09.161] [warning] no flow specified for variable c1 in location v1_block_v2_on - assuming flow of 0
[2025-10-22 00:00:09.161] [warning] no flow specified for variable c1 in location block_safe - assuming flow of 0
[2025-10-22 00:00:09.161] [warning] no flow specified for variable c1 in location block_unsafe - assuming flow of 0
[2025-10-22 00:00:09.161] [warning] no flow specified for variable c2 in location all_off - assuming flow of 0
[2025-10-22 00:00:09.161] [warning] no flow specified for variable c2 in location v1_on - assuming flow of 0
[2025-10-22 00:00:09.161] [warning] no flow specified for variable c2 in location v1_block - assuming flow of 0
[2025-10-22 00:00:09.161] [warning] no flow specified for variable c2 in location v2_block - assuming flow of 0
[2025-10-22 00:00:09.161] [warning] no flow specified for variable c2 in location v2_block_v1_on - assuming flow of 0
[2025-10-22 00:00:09.161] [warning] no flow specified for variable c2 in location block_safe - assuming flow of 0
[2025-10-22 00:00:09.161] [warning] no flow specified for variable c2 in location block_unsafe - assuming flow of 0
[2025-10-22 00:00:09.161] [warning] no constraints specified for variable c1 in initial constraint number 0 - assuming [0,0]
[2025-10-22 00:00:09.161] [warning] no constraints specified for variable c2 in initial constraint number 0 - assuming [0,0]
[2025-10-22 00:00:09.161] [info] 1 Model creation: 0
[2025-10-22 00:00:09.162] [info] 2.0 Creating Unified Datastructure from SAC: 0
[2025-10-22 00:00:09.267] [info] runs 15223 | prob 0.6434999671549629 | low 0.6334999720678712 | high 0.6534999622420546
[2025-10-22 00:00:09.372] [info] runs 15150 | prob 0.6473267326732673 | low 0.6373270185541912 | high 0.6573264467923435
[2025-10-22 00:00:09.477] [info] runs 15073 | prob 0.6512306773701321 | low 0.6412310786258866 | high 0.6612302761143776
[2025-10-22 00:00:09.581] [info] runs 15246 | prob 0.6423324150596877 | low 0.6323327003083064 | high 0.6523321298110691
[2025-10-22 00:00:09.685] [info] runs 15277 | prob 0.640701708450612 | low 0.6307021151599628 | high 0.6507013017412613
[2025-10-22 00:00:09.789] [info] runs 14980 | prob 0.6557409879839786 | low 0.645741016159076 | high 0.6657409598088813
[2025-10-22 00:00:09.892] [info] runs 15330 | prob 0.6377690802348337 | low 0.6277690970267691 | high 0.6477690634428983
[2025-10-22 00:00:09.996] [info] runs 15120 | prob 0.6488095238095238 | low 0.6388095252792476 | high 0.6588095223398001
[2025-10-22 00:00:10.102] [info] runs 15186 | prob 0.6454629263795602 | low 0.6354631418975631 | high 0.6554627108615572
[2025-10-22 00:00:10.206] [info] runs 15144 | prob 0.6476492340200739 | low 0.6376496232346774 | high 0.6576488448054704
[2025-10-22 00:00:10.310] [info] runs 15183 | prob 0.645590463017849 | low 0.63559050179891 | high 0.6555904242367879
[2025-10-22 00:00:10.415] [info] runs 15279 | prob 0.6405523921722626 | low 0.63055254136057 | high 0.6505522429839551
[2025-10-22 00:00:10.520] [info] runs 15087 | prob 0.6504938026115199 | low 0.6404939537597751 | high 0.6604936514632647
[2025-10-22 00:00:10.626] [info] runs 15223 | prob 0.6434999671549629 | low 0.6334999720678712 | high 0.6534999622420546
[2025-10-22 00:00:10.731] [info] runs 15385 | prob 0.6347741306467338 | low 0.6247744188379522 | high 0.6447738424555155
[2025-10-22 00:00:10.836] [info] runs 15185 | prob 0.6455054329930853 | low 0.6355055894916042 | high 0.6555052764945664
[2025-10-22 00:00:10.940] [info] runs 15240 | prob 0.6426509186351707 | low 0.6326512115997069 | high 0.6526506256706344
[2025-10-22 00:00:11.044] [info] runs 15288 | prob 0.6401098901098901 | low 0.6301102873818303 | high 0.6501094928379498
[2025-10-22 00:00:11.149] [info] runs 15332 | prob 0.6376858857291938 | low 0.6276860588350032 | high 0.6476857126233845
[2025-10-22 00:00:11.254] [info] runs 15254 | prob 0.6419299855775534 | low 0.6319304047334006 | high 0.6519295664217063
[2025-10-22 00:00:11.358] [info] runs 15160 | prob 0.6468337730870712 | low 0.6368341832928437 | high 0.6568333628812988
[2025-10-22 00:00:11.463] [info] runs 15321 | prob 0.638274264081979 | low 0.628274363700241 | high 0.6482741644637169
[2025-10-22 00:00:11.568] [info] runs 15138 | prob 0.6479059320914256 | low 0.6379060025402327 | high 0.6579058616426184
[2025-10-22 00:00:11.671] [info] runs 15218 | prob 0.6437771060586148 | low 0.6337772039938554 | high 0.6537770081233742
[2025-10-22 00:00:11.775] [info] runs 15346 | prob 0.6369086406881272 | low 0.6269087606725207 | high 0.6469085207037338
[2025-10-22 00:00:11.778] [info] RESULT:
training_time, simulation_time, prob, low, high, runs
67, 37, 0.6434999671549629, 0.6334999720678712, 0.6534999622420546, 15223
65, 38, 0.6473267326732673, 0.6373270185541912, 0.6573264467923435, 15150
66, 37, 0.6512306773701321, 0.6412310786258866, 0.6612302761143776, 15073
63, 37, 0.6423324150596877, 0.6323327003083064, 0.6523321298110691, 15246
63, 37, 0.640701708450612, 0.6307021151599628, 0.6507013017412613, 15277
63, 36, 0.6557409879839786, 0.645741016159076, 0.6657409598088813, 14980
63, 37, 0.6377690802348337, 0.6277690970267691, 0.6477690634428983, 15330
63, 37, 0.6488095238095238, 0.6388095252792476, 0.6588095223398001, 15120
63, 38, 0.6454629263795602, 0.6354631418975631, 0.6554627108615572, 15186
63, 37, 0.6476492340200739, 0.6376496232346774, 0.6576488448054704, 15144
63, 37, 0.645590463017849, 0.63559050179891, 0.6555904242367879, 15183
63, 38, 0.6405523921722626, 0.63055254136057, 0.6505522429839551, 15279
64, 37, 0.6504938026115199, 0.6404939537597751, 0.6604936514632647, 15087
63, 37, 0.6434999671549629, 0.6334999720678712, 0.6534999622420546, 15223
63, 37, 0.6347741306467338, 0.6247744188379522, 0.6447738424555155, 15385
63, 37, 0.6455054329930853, 0.6355055894916042, 0.6555052764945664, 15185
63, 37, 0.6426509186351707, 0.6326512115997069, 0.6526506256706344, 15240
63, 37, 0.6401098901098901, 0.6301102873818303, 0.6501094928379498, 15288
63, 37, 0.6376858857291938, 0.6276860588350032, 0.6476857126233845, 15332
64, 38, 0.6419299855775534, 0.6319304047334006, 0.6519295664217063, 15254
63, 37, 0.6468337730870712, 0.6368341832928437, 0.6568333628812988, 15160
63, 38, 0.638274264081979, 0.628274363700241, 0.6482741644637169, 15321
63, 37, 0.6479059320914256, 0.6379060025402327, 0.6579058616426184, 15138
63, 37, 0.6437771060586148, 0.6337772039938554, 0.6537770081233742, 15218
63, 37, 0.6369086406881272, 0.6269087606725207, 0.6469085207037338, 15346
# timestamp 22.10.2025 00:00:09 (1761084009), datastructure SAC
# timebound 10, expirations {"r1": 0, "r2": 0}
# alpha 0.1, gamma 1
# fixed points 5, uniform granularity 0.5
# scheduler goal: MAXIMIZING, scope: SEMIPROPHETIC, history: MEMORYLESS
# training runs 20000

[2025-10-22 00:00:11.778] [info] 2.1 Simulating on SAC: 2616
[2025-10-22 00:00:11.778] [info] Analysis finished; the goal is not reachable.
[2025-10-22 00:00:11.778] [info] Probability: 0.0
[2025-10-22 00:00:11.778] [info] 2 Analysis: 2616
[2025-10-22 00:00:11.778] [info] 0 Computation Time Complete: 2616
[2025-10-22 00:00:11.778] [info] Counters and timers:
Counters:

Timers:
0 Computation Time Complete: 2616
1 Model creation: 0
2 Analysis: 2616
2.0 Creating Unified Datastructure from SAC: 0
2.1 Simulating on SAC: 2616

timebound = 10, jump depth = 100, max expirations of random clocks = [{r1: 0}, {r2: 0}], combine absorbing locations in unrolling = 219, integration bound(s) = 10, integration samples = 500000, model = WATERTANK, model case = CASE_D, LTI analysis = rectangular analysis, scheduler = goal: MAXIMIZING, scope: SEMIPROPHETIC, history: HISTORY_DEPENDENT, multithreaded = 1, disableBackwardsRefinement = 0
simulating 0 runs after 1000000 training runs with parameters:
learning rate                 0.1
discount factor               1
exploration rate              0.15
uniform granularity           0.5
adaptive compartments         5


[2025-10-22 00:00:11.788] [warning] no flow specified for variable c1 in location all_off - assuming flow of 0
[2025-10-22 00:00:11.788] [warning] no flow specified for variable c1 in location v2_on - assuming flow of 0
[2025-10-22 00:00:11.788] [warning] no flow specified for variable c1 in location v1_block - assuming flow of 0
[2025-10-22 00:00:11.788] [warning] no flow specified for variable c1 in location v2_block - assuming flow of 0
[2025-10-22 00:00:11.788] [warning] no flow specified for variable c1 in location v1_block_v2_on - assuming flow of 0
[2025-10-22 00:00:11.788] [warning] no flow specified for variable c1 in location block_safe - assuming flow of 0
[2025-10-22 00:00:11.788] [warning] no flow specified for variable c1 in location block_unsafe - assuming flow of 0
[2025-10-22 00:00:11.788] [warning] no flow specified for variable c2 in location all_off - assuming flow of 0
[2025-10-22 00:00:11.788] [warning] no flow specified for variable c2 in location v1_on - assuming flow of 0
[2025-10-22 00:00:11.788] [warning] no flow specified for variable c2 in location v1_block - assuming flow of 0
[2025-10-22 00:00:11.788] [warning] no flow specified for variable c2 in location v2_block - assuming flow of 0
[2025-10-22 00:00:11.788] [warning] no flow specified for variable c2 in location v2_block_v1_on - assuming flow of 0
[2025-10-22 00:00:11.788] [warning] no flow specified for variable c2 in location block_safe - assuming flow of 0
[2025-10-22 00:00:11.788] [warning] no flow specified for variable c2 in location block_unsafe - assuming flow of 0
[2025-10-22 00:00:11.788] [warning] no constraints specified for variable c1 in initial constraint number 0 - assuming [0,0]
[2025-10-22 00:00:11.788] [warning] no constraints specified for variable c2 in initial constraint number 0 - assuming [0,0]
[2025-10-22 00:00:11.788] [info] 1 Model creation: 0
[2025-10-22 00:00:11.788] [info] 2.0 Creating Unified Datastructure from SAC: 0
[2025-10-22 00:00:15.494] [info] runs 15161 | prob 0.6467911087659125 | low 0.6367915745885192 | high 0.6567906429433058
[2025-10-22 00:00:19.258] [info] runs 15114 | prob 0.6491332539367474 | low 0.6391333878707558 | high 0.6591331200027389
[2025-10-22 00:00:22.986] [info] runs 15121 | prob 0.6487666159645527 | low 0.6387666679338966 | high 0.6587665639952087
[2025-10-22 00:00:26.717] [info] runs 15056 | prob 0.6520324123273114 | low 0.642032526436232 | high 0.6620322982183907
[2025-10-22 00:00:30.436] [info] runs 15189 | prob 0.6453354401211403 | low 0.6353358333399272 | high 0.6553350469023534
[2025-10-22 00:00:34.159] [info] runs 15085 | prob 0.6505800464037123 | low 0.6405801057676062 | high 0.6605799870398184
[2025-10-22 00:00:37.865] [info] runs 15128 | prob 0.6484664198836594 | low 0.6384668284662727 | high 0.6584660113010461
[2025-10-22 00:00:41.569] [info] runs 15254 | prob 0.6419299855775534 | low 0.6319304047334006 | high 0.6519295664217063
[2025-10-22 00:00:45.240] [info] runs 15084 | prob 0.6506231768761602 | low 0.6406231905185964 | high 0.660623163233724
[2025-10-22 00:00:48.931] [info] runs 15093 | prob 0.6502352083747432 | low 0.6402356376032532 | high 0.6602347791462333
[2025-10-22 00:00:52.652] [info] runs 15131 | prob 0.6482717599629899 | low 0.6382718931860644 | high 0.6582716267399155
[2025-10-22 00:00:56.386] [info] runs 15087 | prob 0.6504938026115199 | low 0.6404939537597751 | high 0.6604936514632647
[2025-10-22 00:01:00.105] [info] runs 15019 | prob 0.6539050535987749 | low 0.6439055066024997 | high 0.6639046005950502
[2025-10-22 00:01:03.841] [info] runs 15085 | prob 0.6505800464037123 | low 0.6405801057676062 | high 0.6605799870398184
[2025-10-22 00:01:07.608] [info] runs 14889 | prob 0.6600846262341326 | low 0.650084665231312 | high 0.6700845872369531
[2025-10-22 00:01:11.357] [info] runs 15150 | prob 0.6473267326732673 | low 0.6373270185541912 | high 0.6573264467923435
[2025-10-22 00:01:15.074] [info] runs 15058 | prob 0.651945809536459 | low 0.6419460076758716 | high 0.6619456113970463
[2025-10-22 00:01:18.787] [info] runs 15103 | prob 0.6496722505462491 | low 0.6396722810409832 | high 0.659672220051515
[2025-10-22 00:01:22.488] [info] runs 15095 | prob 0.6500828088771117 | low 0.6400828945212391 | high 0.6600827232329842
[2025-10-22 00:01:26.190] [info] runs 15031 | prob 0.6533164792761625 | low 0.6433169322543105 | high 0.6633160262980146
[2025-10-22 00:01:29.914] [info] runs 15084 | prob 0.6506231768761602 | low 0.6406231905185964 | high 0.660623163233724
[2025-10-22 00:01:33.625] [info] runs 15067 | prob 0.6514900112829363 | low 0.6414901503515436 | high 0.661489872214329
[2025-10-22 00:01:37.366] [info] runs 15157 | prob 0.6469617998284621 | low 0.6369620438370456 | high 0.6569615558198787
[2025-10-22 00:01:41.066] [info] runs 15136 | prob 0.6480576109936576 | low 0.6380580048255685 | high 0.6580572171617466
[2025-10-22 00:01:44.814] [info] runs 15007 | prob 0.6544945692010395 | low 0.6444950439795922 | high 0.6644940944224869
[2025-10-22 00:01:44.894] [info] RESULT:
training_time, simulation_time, prob, low, high, runs
3663, 42, 0.6467911087659125, 0.6367915745885192, 0.6567906429433058, 15161
3689, 43, 0.6491332539367474, 0.6391333878707558, 0.6591331200027389, 15114
3604, 42, 0.6487666159645527, 0.6387666679338966, 0.6587665639952087, 15121
3605, 42, 0.6520324123273114, 0.642032526436232, 0.6620322982183907, 15056
3594, 41, 0.6453354401211403, 0.6353358333399272, 0.6553350469023534, 15189
3603, 41, 0.6505800464037123, 0.6405801057676062, 0.6605799870398184, 15085
3585, 41, 0.6484664198836594, 0.6384668284662727, 0.6584660113010461, 15128
3583, 43, 0.6419299855775534, 0.6319304047334006, 0.6519295664217063, 15254
3548, 41, 0.6506231768761602, 0.6406231905185964, 0.660623163233724, 15084
3571, 41, 0.6502352083747432, 0.6402356376032532, 0.6602347791462333, 15093
3603, 42, 0.6482717599629899, 0.6382718931860644, 0.6582716267399155, 15131
3611, 42, 0.6504938026115199, 0.6404939537597751, 0.6604936514632647, 15087
3595, 40, 0.6539050535987749, 0.6439055066024997, 0.6639046005950502, 15019
3617, 42, 0.6505800464037123, 0.6405801057676062, 0.6605799870398184, 15085
3641, 42, 0.6600846262341326, 0.650084665231312, 0.6700845872369531, 14889
3626, 42, 0.6473267326732673, 0.6373270185541912, 0.6573264467923435, 15150
3594, 42, 0.651945809536459, 0.6419460076758716, 0.6619456113970463, 15058
3594, 41, 0.6496722505462491, 0.6396722810409832, 0.659672220051515, 15103
3587, 42, 0.6500828088771117, 0.6400828945212391, 0.6600827232329842, 15095
3582, 41, 0.6533164792761625, 0.6433169322543105, 0.6633160262980146, 15031
3618, 42, 0.6506231768761602, 0.6406231905185964, 0.660623163233724, 15084
3585, 42, 0.6514900112829363, 0.6414901503515436, 0.661489872214329, 15067
3617, 42, 0.6469617998284621, 0.6369620438370456, 0.6569615558198787, 15157
3579, 42, 0.6480576109936576, 0.6380580048255685, 0.6580572171617466, 15136
3623, 41, 0.6544945692010395, 0.6444950439795922, 0.6644940944224869, 15007
# timestamp 22.10.2025 00:00:11 (1761084011), datastructure SAC
# timebound 10, expirations {"r1": 0, "r2": 0}
# alpha 0.1, gamma 1
# fixed points 5, uniform granularity 0.5
# scheduler goal: MAXIMIZING, scope: SEMIPROPHETIC, history: HISTORY_DEPENDENT
# training runs 1000000

[2025-10-22 00:01:44.894] [info] 2.1 Simulating on SAC: 93105
[2025-10-22 00:01:44.894] [info] Analysis finished; the goal is not reachable.
[2025-10-22 00:01:44.894] [info] Probability: 0.0
[2025-10-22 00:01:44.894] [info] 2 Analysis: 93105
[2025-10-22 00:01:44.894] [info] 0 Computation Time Complete: 93106
[2025-10-22 00:01:44.894] [info] Counters and timers:
Counters:

Timers:
0 Computation Time Complete: 93106
1 Model creation: 0
2 Analysis: 93105
2.0 Creating Unified Datastructure from SAC: 0
2.1 Simulating on SAC: 93105

