timebound = 11, jump depth = 100, max expirations of random clocks = [{r1: 0}, {r2: 0}], combine absorbing locations in unrolling = 114, integration bound(s) = 11, integration samples = 500000, model = WATERTANK, model case = CASE_D, LTI analysis = rectangular analysis, scheduler = goal: MAXIMIZING, scope: SEMIPROPHETIC, history: HISTORY_DEPENDENT, multithreaded = 1, disableBackwardsRefinement = 0
simulating 0 runs after 5000 training runs with parameters:
learning rate                 0.1
discount factor               1
exploration rate              0.15
uniform granularity           1
adaptive compartments         5


[2025-10-21 23:19:40.525] [warning] no flow specified for variable c1 in location all_off - assuming flow of 0
[2025-10-21 23:19:40.525] [warning] no flow specified for variable c1 in location v2_on - assuming flow of 0
[2025-10-21 23:19:40.525] [warning] no flow specified for variable c1 in location v1_block - assuming flow of 0
[2025-10-21 23:19:40.525] [warning] no flow specified for variable c1 in location v2_block - assuming flow of 0
[2025-10-21 23:19:40.525] [warning] no flow specified for variable c1 in location v1_block_v2_on - assuming flow of 0
[2025-10-21 23:19:40.525] [warning] no flow specified for variable c1 in location block_safe - assuming flow of 0
[2025-10-21 23:19:40.525] [warning] no flow specified for variable c1 in location block_unsafe - assuming flow of 0
[2025-10-21 23:19:40.525] [warning] no flow specified for variable c2 in location all_off - assuming flow of 0
[2025-10-21 23:19:40.525] [warning] no flow specified for variable c2 in location v1_on - assuming flow of 0
[2025-10-21 23:19:40.525] [warning] no flow specified for variable c2 in location v1_block - assuming flow of 0
[2025-10-21 23:19:40.525] [warning] no flow specified for variable c2 in location v2_block - assuming flow of 0
[2025-10-21 23:19:40.525] [warning] no flow specified for variable c2 in location v2_block_v1_on - assuming flow of 0
[2025-10-21 23:19:40.525] [warning] no flow specified for variable c2 in location block_safe - assuming flow of 0
[2025-10-21 23:19:40.525] [warning] no flow specified for variable c2 in location block_unsafe - assuming flow of 0
[2025-10-21 23:19:40.526] [warning] no constraints specified for variable c1 in initial constraint number 0 - assuming [0,0]
[2025-10-21 23:19:40.526] [warning] no constraints specified for variable c2 in initial constraint number 0 - assuming [0,0]
[2025-10-21 23:19:40.526] [info] 1 Model creation: 0
[2025-10-21 23:19:40.526] [info] 2.0 Creating Unified Datastructure from SAC: 0
[2025-10-21 23:19:40.566] [info] runs 12850 | prob 0.737431906614786 | low 0.7274324538704365 | high 0.7474313593591354
[2025-10-21 23:19:40.606] [info] runs 13086 | prob 0.7297875592235977 | low 0.719787713525389 | high 0.7397874049218065
[2025-10-21 23:19:40.649] [info] runs 13349 | prob 0.7210277923439958 | low 0.7110282997208931 | high 0.7310272849670986
[2025-10-21 23:19:40.688] [info] runs 12851 | prob 0.7373745233833943 | low 0.7273747562200622 | high 0.7473742905467263
[2025-10-21 23:19:40.738] [info] runs 15136 | prob 0.6480576109936576 | low 0.6380580048255685 | high 0.6580572171617466
[2025-10-21 23:19:40.784] [info] runs 16233 | prob 0.5733998644736031 | low 0.5634001925431936 | high 0.5833995364040127
[2025-10-21 23:19:40.829] [info] runs 16288 | prob 0.5674729862475442 | low 0.557473189035452 | high 0.5774727834596364
[2025-10-21 23:19:40.875] [info] runs 16236 | prob 0.5730475486573048 | low 0.5630477461572643 | high 0.5830473511573453
[2025-10-21 23:19:40.916] [info] runs 12902 | prob 0.7357773988528911 | low 0.7257779619710176 | high 0.7457768357347645
[2025-10-21 23:19:40.963] [info] runs 15075 | prob 0.6510779436152571 | low 0.6410779919345575 | high 0.6610778952959566
[2025-10-21 23:19:41.003] [info] runs 12697 | prob 0.7422225722611641 | low 0.7322229217718381 | high 0.75222222275049
[2025-10-21 23:19:41.043] [info] runs 12879 | prob 0.7364702228433885 | low 0.7264702866134568 | high 0.7464701590733201
[2025-10-21 23:19:41.083] [info] runs 13049 | prob 0.7310138707946969 | low 0.7210142163003342 | high 0.7410135252890596
[2025-10-21 23:19:41.123] [info] runs 12902 | prob 0.7357773988528911 | low 0.7257779619710176 | high 0.7457768357347645
[2025-10-21 23:19:41.170] [info] runs 15251 | prob 0.642056258605993 | low 0.6320564744335354 | high 0.6520560427784506
[2025-10-21 23:19:41.210] [info] runs 12853 | prob 0.737337586555668 | low 0.7273381447635073 | high 0.7473370283478286
[2025-10-21 23:19:41.249] [info] runs 12921 | prob 0.7351598173515982 | low 0.7251602636884568 | high 0.7451593710147396
[2025-10-21 23:19:41.295] [info] runs 16261 | prob 0.5703831252690487 | low 0.5603832119895444 | high 0.5803830385485529
[2025-10-21 23:19:41.335] [info] runs 12887 | prob 0.7362458291301311 | low 0.7262462657779536 | high 0.7462453924823087
[2025-10-21 23:19:41.375] [info] runs 12712 | prob 0.7417400881057269 | low 0.7317402425706439 | high 0.7517399336408099
[2025-10-21 23:19:41.415] [info] runs 13163 | prob 0.7272658208615057 | low 0.717266171067309 | high 0.7372654706557024
[2025-10-21 23:19:41.456] [info] runs 12937 | prob 0.7346370874236685 | low 0.7246374188293428 | high 0.7446367560179942
[2025-10-21 23:19:41.496] [info] runs 12995 | prob 0.7327433628318584 | low 0.7227434108830821 | high 0.7427433147806346
[2025-10-21 23:19:41.536] [info] runs 12821 | prob 0.738319943842134 | low 0.7283201160572796 | high 0.7483197716269883
[2025-10-21 23:19:41.583] [info] runs 15297 | prob 0.6396025364450546 | low 0.6296027971654193 | high 0.6496022757246899
[2025-10-21 23:19:41.584] [info] RESULT:
training_time, simulation_time, prob, low, high, runs
14, 25, 0.737431906614786, 0.7274324538704365, 0.7474313593591354, 12850
13, 26, 0.7297875592235977, 0.719787713525389, 0.7397874049218065, 13086
14, 27, 0.7210277923439958, 0.7110282997208931, 0.7310272849670986, 13349
13, 25, 0.7373745233833943, 0.7273747562200622, 0.7473742905467263, 12851
13, 35, 0.6480576109936576, 0.6380580048255685, 0.6580572171617466, 15136
14, 31, 0.5733998644736031, 0.5634001925431936, 0.5833995364040127, 16233
13, 31, 0.5674729862475442, 0.557473189035452, 0.5774727834596364, 16288
13, 31, 0.5730475486573048, 0.5630477461572643, 0.5830473511573453, 16236
13, 27, 0.7357773988528911, 0.7257779619710176, 0.7457768357347645, 12902
13, 33, 0.6510779436152571, 0.6410779919345575, 0.6610778952959566, 15075
13, 25, 0.7422225722611641, 0.7322229217718381, 0.75222222275049, 12697
13, 25, 0.7364702228433885, 0.7264702866134568, 0.7464701590733201, 12879
13, 26, 0.7310138707946969, 0.7210142163003342, 0.7410135252890596, 13049
13, 25, 0.7357773988528911, 0.7257779619710176, 0.7457768357347645, 12902
13, 34, 0.642056258605993, 0.6320564744335354, 0.6520560427784506, 15251
13, 25, 0.737337586555668, 0.7273381447635073, 0.7473370283478286, 12853
13, 25, 0.7351598173515982, 0.7251602636884568, 0.7451593710147396, 12921
13, 32, 0.5703831252690487, 0.5603832119895444, 0.5803830385485529, 16261
13, 26, 0.7362458291301311, 0.7262462657779536, 0.7462453924823087, 12887
13, 26, 0.7417400881057269, 0.7317402425706439, 0.7517399336408099, 12712
13, 26, 0.7272658208615057, 0.717266171067309, 0.7372654706557024, 13163
13, 26, 0.7346370874236685, 0.7246374188293428, 0.7446367560179942, 12937
13, 26, 0.7327433628318584, 0.7227434108830821, 0.7427433147806346, 12995
13, 25, 0.738319943842134, 0.7283201160572796, 0.7483197716269883, 12821
13, 34, 0.6396025364450546, 0.6296027971654193, 0.6496022757246899, 15297
# timestamp 21.10.2025 23:19:40 (1761081580), datastructure SAC
# timebound 11, expirations {"r1": 0, "r2": 0}
# alpha 0.1, gamma 1
# fixed points 5, uniform granularity 1
# scheduler goal: MAXIMIZING, scope: NONPROPHETIC, history: DISCRETE_HISTORY
# training runs 5000

[2025-10-21 23:19:41.630] [info] runs 15277 | prob 0.640701708450612 | low 0.6307021151599628 | high 0.6507013017412613
[2025-10-21 23:19:41.675] [info] runs 15223 | prob 0.6434999671549629 | low 0.6334999720678712 | high 0.6534999622420546
[2025-10-21 23:19:41.712] [info] runs 13030 | prob 0.7316193399846508 | low 0.7216195276945856 | high 0.741619152274716
[2025-10-21 23:19:41.749] [info] runs 12994 | prob 0.732799753732492 | low 0.7228000873285592 | high 0.7427994201364247
[2025-10-21 23:19:41.793] [info] runs 15274 | prob 0.6408275500851119 | low 0.6308277443923466 | high 0.6508273557778773
[2025-10-21 23:19:41.830] [info] runs 12695 | prob 0.7422607325718787 | low 0.73226077761191 | high 0.7522606875318475
[2025-10-21 23:19:41.867] [info] runs 12738 | prob 0.7409326424870466 | low 0.7309328509078378 | high 0.7509324340662554
[2025-10-21 23:19:41.911] [info] runs 16294 | prob 0.5668344175770222 | low 0.5568347150698059 | high 0.5768341200842386
[2025-10-21 23:19:41.947] [info] runs 12679 | prob 0.7428030601782475 | low 0.7328036795917162 | high 0.7528024407647788
[2025-10-21 23:19:41.991] [info] runs 15185 | prob 0.6455054329930853 | low 0.6355055894916042 | high 0.6555052764945664
[2025-10-21 23:19:42.029] [info] runs 12915 | prob 0.735346496322106 | low 0.7253468764459359 | high 0.7453461161982762
[2025-10-21 23:19:42.066] [info] runs 12851 | prob 0.7373745233833943 | low 0.7273747562200622 | high 0.7473742905467263
[2025-10-21 23:19:42.104] [info] runs 13063 | prob 0.7305366301768353 | low 0.7205367392711898 | high 0.7405365210824809
[2025-10-21 23:19:42.147] [info] runs 16297 | prob 0.5664232680861508 | low 0.5564233704954181 | high 0.5764231656768836
[2025-10-21 23:19:42.191] [info] runs 15279 | prob 0.6405523921722626 | low 0.63055254136057 | high 0.6505522429839551
[2025-10-21 23:19:42.229] [info] runs 12805 | prob 0.7388520109332292 | low 0.728852514263219 | high 0.7488515076032394
[2025-10-21 23:19:42.273] [info] runs 15094 | prob 0.6501258778322512 | low 0.6401259164379798 | high 0.6601258392265226
[2025-10-21 23:19:42.310] [info] runs 12863 | prob 0.7369975899867838 | low 0.7269978750014519 | high 0.7469973049721157
[2025-10-21 23:19:42.354] [info] runs 15184 | prob 0.6455479452054794 | low 0.6355480427916652 | high 0.6555478476192936
[2025-10-21 23:19:42.393] [info] runs 13251 | prob 0.7243226926269716 | low 0.7143229669388094 | high 0.7343224183151338
[2025-10-21 23:19:42.430] [info] runs 12938 | prob 0.7345803060751275 | low 0.7245803406665254 | high 0.7445802714837295
[2025-10-21 23:19:42.474] [info] runs 16340 | prob 0.5614443084455324 | low 0.5514446411587952 | high 0.5714439757322696
[2025-10-21 23:19:42.517] [info] runs 16259 | prob 0.5706993050003075 | low 0.5606996869740954 | high 0.5806989230265196
[2025-10-21 23:19:42.562] [info] runs 15232 | prob 0.6430540966386554 | low 0.6330542728126459 | high 0.6530539204646649
[2025-10-21 23:19:42.605] [info] runs 16239 | prob 0.5726953630149639 | low 0.5626954354541714 | high 0.5826952905757564
[2025-10-21 23:19:42.605] [info] RESULT:
training_time, simulation_time, prob, low, high, runs
12, 34, 0.640701708450612, 0.6307021151599628, 0.6507013017412613, 15277
12, 32, 0.6434999671549629, 0.6334999720678712, 0.6534999622420546, 15223
12, 24, 0.7316193399846508, 0.7216195276945856, 0.741619152274716, 13030
12, 24, 0.732799753732492, 0.7228000873285592, 0.7427994201364247, 12994
12, 31, 0.6408275500851119, 0.6308277443923466, 0.6508273557778773, 15274
12, 24, 0.7422607325718787, 0.73226077761191, 0.7522606875318475, 12695
12, 25, 0.7409326424870466, 0.7309328509078378, 0.7509324340662554, 12738
12, 30, 0.5668344175770222, 0.5568347150698059, 0.5768341200842386, 16294
12, 24, 0.7428030601782475, 0.7328036795917162, 0.7528024407647788, 12679
12, 31, 0.6455054329930853, 0.6355055894916042, 0.6555052764945664, 15185
12, 25, 0.735346496322106, 0.7253468764459359, 0.7453461161982762, 12915
12, 24, 0.7373745233833943, 0.7273747562200622, 0.7473742905467263, 12851
12, 25, 0.7305366301768353, 0.7205367392711898, 0.7405365210824809, 13063
12, 30, 0.5664232680861508, 0.5564233704954181, 0.5764231656768836, 16297
12, 32, 0.6405523921722626, 0.63055254136057, 0.6505522429839551, 15279
12, 25, 0.7388520109332292, 0.728852514263219, 0.7488515076032394, 12805
12, 31, 0.6501258778322512, 0.6401259164379798, 0.6601258392265226, 15094
12, 24, 0.7369975899867838, 0.7269978750014519, 0.7469973049721157, 12863
12, 31, 0.6455479452054794, 0.6355480427916652, 0.6555478476192936, 15184
12, 26, 0.7243226926269716, 0.7143229669388094, 0.7343224183151338, 13251
12, 24, 0.7345803060751275, 0.7245803406665254, 0.7445802714837295, 12938
12, 31, 0.5614443084455324, 0.5514446411587952, 0.5714439757322696, 16340
12, 30, 0.5706993050003075, 0.5606996869740954, 0.5806989230265196, 16259
12, 32, 0.6430540966386554, 0.6330542728126459, 0.6530539204646649, 15232
12, 30, 0.5726953630149639, 0.5626954354541714, 0.5826952905757564, 16239
# timestamp 21.10.2025 23:19:40 (1761081580), datastructure SAC
# timebound 11, expirations {"r1": 0, "r2": 0}
# alpha 0.1, gamma 1
# fixed points 5, uniform granularity 1
# scheduler goal: MAXIMIZING, scope: NONPROPHETIC, history: MEMORYLESS
# training runs 5000

[2025-10-21 23:19:42.605] [info] 2.1 Simulating on SAC: 2078
[2025-10-21 23:19:42.605] [info] Analysis finished; the goal is not reachable.
[2025-10-21 23:19:42.605] [info] Probability: 0.0
[2025-10-21 23:19:42.605] [info] 2 Analysis: 2078
[2025-10-21 23:19:42.605] [info] 0 Computation Time Complete: 2079
[2025-10-21 23:19:42.605] [info] Counters and timers:
Counters:

Timers:
0 Computation Time Complete: 2079
1 Model creation: 0
2 Analysis: 2078
2.0 Creating Unified Datastructure from SAC: 0
2.1 Simulating on SAC: 2078

timebound = 11, jump depth = 100, max expirations of random clocks = [{r1: 0}, {r2: 0}], combine absorbing locations in unrolling = 244, integration bound(s) = 11, integration samples = 500000, model = WATERTANK, model case = CASE_D, LTI analysis = rectangular analysis, scheduler = goal: MAXIMIZING, scope: SEMIPROPHETIC, history: HISTORY_DEPENDENT, multithreaded = 1, disableBackwardsRefinement = 0
simulating 0 runs after 20000 training runs with parameters:
learning rate                 0.1
discount factor               1
exploration rate              0.15
uniform granularity           0.5
adaptive compartments         5


[2025-10-21 23:19:42.615] [warning] no flow specified for variable c1 in location all_off - assuming flow of 0
[2025-10-21 23:19:42.615] [warning] no flow specified for variable c1 in location v2_on - assuming flow of 0
[2025-10-21 23:19:42.615] [warning] no flow specified for variable c1 in location v1_block - assuming flow of 0
[2025-10-21 23:19:42.615] [warning] no flow specified for variable c1 in location v2_block - assuming flow of 0
[2025-10-21 23:19:42.615] [warning] no flow specified for variable c1 in location v1_block_v2_on - assuming flow of 0
[2025-10-21 23:19:42.615] [warning] no flow specified for variable c1 in location block_safe - assuming flow of 0
[2025-10-21 23:19:42.615] [warning] no flow specified for variable c1 in location block_unsafe - assuming flow of 0
[2025-10-21 23:19:42.615] [warning] no flow specified for variable c2 in location all_off - assuming flow of 0
[2025-10-21 23:19:42.615] [warning] no flow specified for variable c2 in location v1_on - assuming flow of 0
[2025-10-21 23:19:42.615] [warning] no flow specified for variable c2 in location v1_block - assuming flow of 0
[2025-10-21 23:19:42.615] [warning] no flow specified for variable c2 in location v2_block - assuming flow of 0
[2025-10-21 23:19:42.615] [warning] no flow specified for variable c2 in location v2_block_v1_on - assuming flow of 0
[2025-10-21 23:19:42.615] [warning] no flow specified for variable c2 in location block_safe - assuming flow of 0
[2025-10-21 23:19:42.615] [warning] no flow specified for variable c2 in location block_unsafe - assuming flow of 0
[2025-10-21 23:19:42.615] [warning] no constraints specified for variable c1 in initial constraint number 0 - assuming [0,0]
[2025-10-21 23:19:42.615] [warning] no constraints specified for variable c2 in initial constraint number 0 - assuming [0,0]
[2025-10-21 23:19:42.615] [info] 1 Model creation: 0
[2025-10-21 23:19:42.615] [info] 2.0 Creating Unified Datastructure from SAC: 0
[2025-10-21 23:19:42.730] [info] runs 14575 | prob 0.6742367066895368 | low 0.6642367332450201 | high 0.6842366801340536
[2025-10-21 23:19:42.842] [info] runs 14613 | prob 0.6726202696229385 | low 0.6626205681423151 | high 0.682619971103562
[2025-10-21 23:19:42.956] [info] runs 14026 | prob 0.6965635248823613 | low 0.6865636814949942 | high 0.7065633682697283
[2025-10-21 23:19:43.069] [info] runs 14617 | prob 0.6724362044195116 | low 0.6624364294567944 | high 0.6824359793822288
[2025-10-21 23:19:43.182] [info] runs 14965 | prob 0.6565319077848313 | low 0.6465324001587759 | high 0.6665314154108867
[2025-10-21 23:19:43.295] [info] runs 14425 | prob 0.6806239168110918 | low 0.6706240838402698 | high 0.6906237497819138
[2025-10-21 23:19:43.426] [info] runs 14505 | prob 0.6772836952774905 | low 0.6672840923172039 | high 0.6872832982377772
[2025-10-21 23:19:43.539] [info] runs 14250 | prob 0.6877894736842105 | low 0.677789704869312 | high 0.697789242499109
[2025-10-21 23:19:43.653] [info] runs 14451 | prob 0.6795377482527161 | low 0.6695379291991056 | high 0.6895375673063265
[2025-10-21 23:19:43.767] [info] runs 14635 | prob 0.6716774854800137 | low 0.6616779408415054 | high 0.681677030118522
[2025-10-21 23:19:43.880] [info] runs 14816 | prob 0.6635394168466523 | low 0.6535398581490878 | high 0.6735389755442168
[2025-10-21 23:19:43.993] [info] runs 14545 | prob 0.6755586112066002 | low 0.6655588728025412 | high 0.6855583496106592
[2025-10-21 23:19:44.105] [info] runs 14332 | prob 0.6844822774211554 | low 0.6744826126226213 | high 0.6944819422196895
[2025-10-21 23:19:44.219] [info] runs 14538 | prob 0.6758838904938781 | low 0.6658843537012163 | high 0.6858834272865398
[2025-10-21 23:19:44.332] [info] runs 14742 | prob 0.6668701668701669 | low 0.6568702805364266 | high 0.6768700532039071
[2025-10-21 23:19:44.446] [info] runs 14887 | prob 0.6601733055686169 | low 0.6501733058048057 | high 0.670173305332428
[2025-10-21 23:19:44.559] [info] runs 14551 | prob 0.6752800494811353 | low 0.6652801442565062 | high 0.6852799547057644
[2025-10-21 23:19:44.670] [info] runs 14421 | prob 0.6808127036959989 | low 0.6708130538038228 | high 0.6908123535881749
[2025-10-21 23:19:44.784] [info] runs 14506 | prob 0.6772370053770853 | low 0.6672373684748526 | high 0.687236642279318
[2025-10-21 23:19:44.897] [info] runs 14730 | prob 0.6674134419551935 | low 0.6574135730588547 | high 0.6774133108515322
[2025-10-21 23:19:45.009] [info] runs 14612 | prob 0.6726663016698604 | low 0.6626666189300185 | high 0.6826659844097023
[2025-10-21 23:19:45.120] [info] runs 14658 | prob 0.6706235502797108 | low 0.6606236844670023 | high 0.6806234160924193
[2025-10-21 23:19:45.234] [info] runs 14939 | prob 0.6577414820269094 | low 0.647741715873465 | high 0.6677412481803539
[2025-10-21 23:19:45.346] [info] runs 14514 | prob 0.6768637177897203 | low 0.6668638149853809 | high 0.6868636205940597
[2025-10-21 23:19:45.461] [info] runs 14965 | prob 0.6565319077848313 | low 0.6465324001587759 | high 0.6665314154108867
[2025-10-21 23:19:45.466] [info] RESULT:
training_time, simulation_time, prob, low, high, runs
75, 39, 0.6742367066895368, 0.6642367332450201, 0.6842366801340536, 14575
70, 38, 0.6726202696229385, 0.6626205681423151, 0.682619971103562, 14613
70, 37, 0.6965635248823613, 0.6865636814949942, 0.7065633682697283, 14026
69, 37, 0.6724362044195116, 0.6624364294567944, 0.6824359793822288, 14617
69, 38, 0.6565319077848313, 0.6465324001587759, 0.6665314154108867, 14965
68, 37, 0.6806239168110918, 0.6706240838402698, 0.6906237497819138, 14425
87, 38, 0.6772836952774905, 0.6672840923172039, 0.6872832982377772, 14505
67, 38, 0.6877894736842105, 0.677789704869312, 0.697789242499109, 14250
69, 37, 0.6795377482527161, 0.6695379291991056, 0.6895375673063265, 14451
69, 38, 0.6716774854800137, 0.6616779408415054, 0.681677030118522, 14635
69, 38, 0.6635394168466523, 0.6535398581490878, 0.6735389755442168, 14816
69, 38, 0.6755586112066002, 0.6655588728025412, 0.6855583496106592, 14545
69, 37, 0.6844822774211554, 0.6744826126226213, 0.6944819422196895, 14332
70, 38, 0.6758838904938781, 0.6658843537012163, 0.6858834272865398, 14538
68, 38, 0.6668701668701669, 0.6568702805364266, 0.6768700532039071, 14742
69, 38, 0.6601733055686169, 0.6501733058048057, 0.670173305332428, 14887
69, 37, 0.6752800494811353, 0.6652801442565062, 0.6852799547057644, 14551
68, 37, 0.6808127036959989, 0.6708130538038228, 0.6908123535881749, 14421
70, 38, 0.6772370053770853, 0.6672373684748526, 0.687236642279318, 14506
68, 38, 0.6674134419551935, 0.6574135730588547, 0.6774133108515322, 14730
68, 38, 0.6726663016698604, 0.6626666189300185, 0.6826659844097023, 14612
68, 38, 0.6706235502797108, 0.6606236844670023, 0.6806234160924193, 14658
68, 39, 0.6577414820269094, 0.647741715873465, 0.6677412481803539, 14939
68, 38, 0.6768637177897203, 0.6668638149853809, 0.6868636205940597, 14514
68, 39, 0.6565319077848313, 0.6465324001587759, 0.6665314154108867, 14965
# timestamp 21.10.2025 23:19:42 (1761081582), datastructure SAC
# timebound 11, expirations {"r1": 0, "r2": 0}
# alpha 0.1, gamma 1
# fixed points 5, uniform granularity 0.5
# scheduler goal: MAXIMIZING, scope: SEMIPROPHETIC, history: MEMORYLESS
# training runs 20000

[2025-10-21 23:19:45.466] [info] 2.1 Simulating on SAC: 2851
[2025-10-21 23:19:45.466] [info] Analysis finished; the goal is not reachable.
[2025-10-21 23:19:45.466] [info] Probability: 0.0
[2025-10-21 23:19:45.466] [info] 2 Analysis: 2851
[2025-10-21 23:19:45.466] [info] 0 Computation Time Complete: 2851
[2025-10-21 23:19:45.466] [info] Counters and timers:
Counters:

Timers:
0 Computation Time Complete: 2851
1 Model creation: 0
2 Analysis: 2851
2.0 Creating Unified Datastructure from SAC: 0
2.1 Simulating on SAC: 2851

timebound = 11, jump depth = 100, max expirations of random clocks = [{r1: 0}, {r2: 0}], combine absorbing locations in unrolling = 33, integration bound(s) = 11, integration samples = 500000, model = WATERTANK, model case = CASE_D, LTI analysis = rectangular analysis, scheduler = goal: MAXIMIZING, scope: SEMIPROPHETIC, history: HISTORY_DEPENDENT, multithreaded = 1, disableBackwardsRefinement = 0
simulating 0 runs after 1000000 training runs with parameters:
learning rate                 0.1
discount factor               1
exploration rate              0.15
uniform granularity           0.5
adaptive compartments         5


[2025-10-21 23:19:45.477] [warning] no flow specified for variable c1 in location all_off - assuming flow of 0
[2025-10-21 23:19:45.477] [warning] no flow specified for variable c1 in location v2_on - assuming flow of 0
[2025-10-21 23:19:45.477] [warning] no flow specified for variable c1 in location v1_block - assuming flow of 0
[2025-10-21 23:19:45.477] [warning] no flow specified for variable c1 in location v2_block - assuming flow of 0
[2025-10-21 23:19:45.477] [warning] no flow specified for variable c1 in location v1_block_v2_on - assuming flow of 0
[2025-10-21 23:19:45.477] [warning] no flow specified for variable c1 in location block_safe - assuming flow of 0
[2025-10-21 23:19:45.477] [warning] no flow specified for variable c1 in location block_unsafe - assuming flow of 0
[2025-10-21 23:19:45.477] [warning] no flow specified for variable c2 in location all_off - assuming flow of 0
[2025-10-21 23:19:45.477] [warning] no flow specified for variable c2 in location v1_on - assuming flow of 0
[2025-10-21 23:19:45.477] [warning] no flow specified for variable c2 in location v1_block - assuming flow of 0
[2025-10-21 23:19:45.477] [warning] no flow specified for variable c2 in location v2_block - assuming flow of 0
[2025-10-21 23:19:45.477] [warning] no flow specified for variable c2 in location v2_block_v1_on - assuming flow of 0
[2025-10-21 23:19:45.477] [warning] no flow specified for variable c2 in location block_safe - assuming flow of 0
[2025-10-21 23:19:45.477] [warning] no flow specified for variable c2 in location block_unsafe - assuming flow of 0
[2025-10-21 23:19:45.477] [warning] no constraints specified for variable c1 in initial constraint number 0 - assuming [0,0]
[2025-10-21 23:19:45.477] [warning] no constraints specified for variable c2 in initial constraint number 0 - assuming [0,0]
[2025-10-21 23:19:45.477] [info] 1 Model creation: 0
[2025-10-21 23:19:45.477] [info] 2.0 Creating Unified Datastructure from SAC: 0
[2025-10-21 23:19:49.857] [info] runs 11216 | prob 0.7845934379457917 | low 0.7745939293329268 | high 0.7945929465586566
[2025-10-21 23:19:54.353] [info] runs 11779 | prob 0.7692503608116139 | low 0.7592504525136075 | high 0.7792502691096204
[2025-10-21 23:19:58.837] [info] runs 11482 | prob 0.7774777913255531 | low 0.7674785335475329 | high 0.7874770491035732
[2025-10-21 23:20:03.308] [info] runs 11436 | prob 0.7786813571178733 | low 0.7686814106957164 | high 0.7886813035400303
[2025-10-21 23:20:07.771] [info] runs 11543 | prob 0.7757948540240839 | low 0.765795251297536 | high 0.7857944567506318
[2025-10-21 23:20:12.259] [info] runs 11591 | prob 0.774480200155293 | low 0.7644805937938701 | high 0.7844798065167158
[2025-10-21 23:20:16.745] [info] runs 11450 | prob 0.7783406113537118 | low 0.7683412784716853 | high 0.7883399442357383
[2025-10-21 23:20:21.231] [info] runs 11457 | prob 0.7781269093130837 | low 0.7681271870950946 | high 0.7881266315310728
[2025-10-21 23:20:25.706] [info] runs 11353 | prob 0.7809389588654981 | low 0.7709393811962038 | high 0.7909385365347925
[2025-10-21 23:20:30.165] [info] runs 11536 | prob 0.776005547850208 | low 0.7660062552012873 | high 0.7860048404991288
[2025-10-21 23:20:34.614] [info] runs 11326 | prob 0.7816528341868267 | low 0.7716531032853479 | high 0.7916525650883056
[2025-10-21 23:20:39.047] [info] runs 11355 | prob 0.7808894760017613 | low 0.7708899665993241 | high 0.7908889854041985
[2025-10-21 23:20:43.522] [info] runs 11539 | prob 0.7758904584452726 | low 0.7658906391694278 | high 0.7858902777211174
[2025-10-21 23:20:47.970] [info] runs 11307 | prob 0.7821703369594056 | low 0.7721707665364158 | high 0.7921699073823955
[2025-10-21 23:20:52.425] [info] runs 11476 | prob 0.7776228651097944 | low 0.7676233218134965 | high 0.7876224084060923
[2025-10-21 23:20:56.871] [info] runs 11717 | prob 0.7710164717931212 | low 0.7610171258612495 | high 0.7810158177249928
[2025-10-21 23:21:01.374] [info] runs 11508 | prob 0.7767639902676399 | low 0.7667646211645184 | high 0.7867633593707614
[2025-10-21 23:21:05.865] [info] runs 11602 | prob 0.7741768660575763 | low 0.7641772404966399 | high 0.7841764916185127
[2025-10-21 23:21:10.365] [info] runs 11459 | prob 0.7780783663495942 | low 0.7680787349972543 | high 0.788077997701934
[2025-10-21 23:21:14.901] [info] runs 11438 | prob 0.7786326280818325 | low 0.7686327681599499 | high 0.7886324880037152
[2025-10-21 23:21:19.388] [info] runs 11463 | prob 0.7779813312396405 | low 0.7679818827529945 | high 0.7879807797262866
[2025-10-21 23:21:23.862] [info] runs 11102 | prob 0.7876058367861647 | low 0.7776065045355504 | high 0.797605169036779
[2025-10-21 23:21:28.354] [info] runs 11243 | prob 0.7838655163212666 | low 0.7738658026539403 | high 0.7938652299885928
[2025-10-21 23:21:32.853] [info] runs 11261 | prob 0.7834117751531836 | low 0.7734124694078324 | high 0.7934110808985348
[2025-10-21 23:21:37.349] [info] runs 11582 | prob 0.7747366603350025 | low 0.7647372039325372 | high 0.7847361167374679
[2025-10-21 23:21:37.512] [info] RESULT:
training_time, simulation_time, prob, low, high, runs
4344, 35, 0.7845934379457917, 0.7745939293329268, 0.7945929465586566, 11216
4397, 38, 0.7692503608116139, 0.7592504525136075, 0.7792502691096204, 11779
4282, 36, 0.7774777913255531, 0.7674785335475329, 0.7874770491035732, 11482
4278, 35, 0.7786813571178733, 0.7686814106957164, 0.7886813035400303, 11436
4270, 37, 0.7757948540240839, 0.765795251297536, 0.7857944567506318, 11543
4283, 37, 0.774480200155293, 0.7644805937938701, 0.7844798065167158, 11591
4283, 37, 0.7783406113537118, 0.7683412784716853, 0.7883399442357383, 11450
4283, 36, 0.7781269093130837, 0.7681271870950946, 0.7881266315310728, 11457
4275, 36, 0.7809389588654981, 0.7709393811962038, 0.7909385365347925, 11353
4260, 36, 0.776005547850208, 0.7660062552012873, 0.7860048404991288, 11536
4256, 35, 0.7816528341868267, 0.7716531032853479, 0.7916525650883056, 11326
4241, 35, 0.7808894760017613, 0.7708899665993241, 0.7908889854041985, 11355
4279, 37, 0.7758904584452726, 0.7658906391694278, 0.7858902777211174, 11539
4250, 35, 0.7821703369594056, 0.7721707665364158, 0.7921699073823955, 11307
4261, 36, 0.7776228651097944, 0.7676233218134965, 0.7876224084060923, 11476
4248, 36, 0.7710164717931212, 0.7610171258612495, 0.7810158177249928, 11717
4306, 37, 0.7767639902676399, 0.7667646211645184, 0.7867633593707614, 11508
4288, 37, 0.7741768660575763, 0.7641772404966399, 0.7841764916185127, 11602
4299, 37, 0.7780783663495942, 0.7680787349972543, 0.788077997701934, 11459
4330, 36, 0.7786326280818325, 0.7686327681599499, 0.7886324880037152, 11438
4284, 36, 0.7779813312396405, 0.7679818827529945, 0.7879807797262866, 11463
4270, 35, 0.7876058367861647, 0.7776065045355504, 0.797605169036779, 11102
4292, 36, 0.7838655163212666, 0.7738658026539403, 0.7938652299885928, 11243
4297, 36, 0.7834117751531836, 0.7734124694078324, 0.7934110808985348, 11261
4291, 37, 0.7747366603350025, 0.7647372039325372, 0.7847361167374679, 11582
# timestamp 21.10.2025 23:19:45 (1761081585), datastructure SAC
# timebound 11, expirations {"r1": 0, "r2": 0}
# alpha 0.1, gamma 1
# fixed points 5, uniform granularity 0.5
# scheduler goal: MAXIMIZING, scope: SEMIPROPHETIC, history: HISTORY_DEPENDENT
# training runs 1000000

[2025-10-21 23:21:37.512] [info] 2.1 Simulating on SAC: 112034
[2025-10-21 23:21:37.512] [info] Analysis finished; the goal is not reachable.
[2025-10-21 23:21:37.512] [info] Probability: 0.0
[2025-10-21 23:21:37.512] [info] 2 Analysis: 112034
[2025-10-21 23:21:37.512] [info] 0 Computation Time Complete: 112035
[2025-10-21 23:21:37.512] [info] Counters and timers:
Counters:

Timers:
0 Computation Time Complete: 112035
1 Model creation: 0
2 Analysis: 112034
2.0 Creating Unified Datastructure from SAC: 0
2.1 Simulating on SAC: 112034

