timebound = 12, jump depth = 100, max expirations of random clocks = [{r1: 0}, {r2: 0}], combine absorbing locations in unrolling = 127, integration bound(s) = 12, integration samples = 500000, model = WATERTANK, model case = CASE_D, LTI analysis = rectangular analysis, scheduler = goal: MAXIMIZING, scope: SEMIPROPHETIC, history: HISTORY_DEPENDENT, multithreaded = 1, disableBackwardsRefinement = 0
simulating 0 runs after 1000000 training runs with parameters:
learning rate                 0.1
discount factor               1
exploration rate              0.15
uniform granularity           0.5
adaptive compartments         5


[2025-10-22 00:03:40.510] [warning] no flow specified for variable c1 in location all_off - assuming flow of 0
[2025-10-22 00:03:40.510] [warning] no flow specified for variable c1 in location v2_on - assuming flow of 0
[2025-10-22 00:03:40.510] [warning] no flow specified for variable c1 in location v1_block - assuming flow of 0
[2025-10-22 00:03:40.510] [warning] no flow specified for variable c1 in location v2_block - assuming flow of 0
[2025-10-22 00:03:40.510] [warning] no flow specified for variable c1 in location v1_block_v2_on - assuming flow of 0
[2025-10-22 00:03:40.510] [warning] no flow specified for variable c1 in location block_safe - assuming flow of 0
[2025-10-22 00:03:40.510] [warning] no flow specified for variable c1 in location block_unsafe - assuming flow of 0
[2025-10-22 00:03:40.510] [warning] no flow specified for variable c2 in location all_off - assuming flow of 0
[2025-10-22 00:03:40.510] [warning] no flow specified for variable c2 in location v1_on - assuming flow of 0
[2025-10-22 00:03:40.510] [warning] no flow specified for variable c2 in location v1_block - assuming flow of 0
[2025-10-22 00:03:40.510] [warning] no flow specified for variable c2 in location v2_block - assuming flow of 0
[2025-10-22 00:03:40.510] [warning] no flow specified for variable c2 in location v2_block_v1_on - assuming flow of 0
[2025-10-22 00:03:40.510] [warning] no flow specified for variable c2 in location block_safe - assuming flow of 0
[2025-10-22 00:03:40.510] [warning] no flow specified for variable c2 in location block_unsafe - assuming flow of 0
[2025-10-22 00:03:40.510] [warning] no constraints specified for variable c1 in initial constraint number 0 - assuming [0,0]
[2025-10-22 00:03:40.510] [warning] no constraints specified for variable c2 in initial constraint number 0 - assuming [0,0]
[2025-10-22 00:03:40.510] [info] 1 Model creation: 0
[2025-10-22 00:03:40.511] [info] 2.0 Creating Unified Datastructure from SAC: 0
[2025-10-22 00:03:44.605] [info] runs 8370 | prob 0.8519713261648746 | low 0.8419720504603068 | high 0.8619706018694424
[2025-10-22 00:03:48.729] [info] runs 8011 | prob 0.8595680938709275 | low 0.8495686572632961 | high 0.8695675304785588
[2025-10-22 00:03:52.838] [info] runs 8066 | prob 0.8584180510786016 | low 0.8484187392115616 | high 0.8684173629456415
[2025-10-22 00:03:56.941] [info] runs 8092 | prob 0.8578843302026693 | low 0.8478854060879061 | high 0.8678832543174325
[2025-10-22 00:04:01.012] [info] runs 8470 | prob 0.849822904368359 | low 0.8398235900545439 | high 0.859822218682174
[2025-10-22 00:04:05.107] [info] runs 8143 | prob 0.8568095296573744 | low 0.8468106154238824 | high 0.8668084438908665
[2025-10-22 00:04:09.156] [info] runs 8412 | prob 0.8510461245839277 | low 0.841046154992457 | high 0.8610460941753983
[2025-10-22 00:04:13.244] [info] runs 8648 | prob 0.8459759481961147 | low 0.8359768393008371 | high 0.8559750570913922
[2025-10-22 00:04:17.332] [info] runs 8277 | prob 0.8539325842696629 | low 0.8439326338502471 | high 0.8639325346890787
[2025-10-22 00:04:21.401] [info] runs 8171 | prob 0.8561987516827806 | low 0.8461992841034913 | high 0.8661982192620699
[2025-10-22 00:04:25.470] [info] runs 8351 | prob 0.8523530116153754 | low 0.842353042394152 | high 0.8623529808365987
[2025-10-22 00:04:29.525] [info] runs 8136 | prob 0.8569321533923304 | low 0.846932507335034 | high 0.8669317994496268
[2025-10-22 00:04:33.627] [info] runs 8104 | prob 0.8576011846001974 | low 0.8476013684169994 | high 0.8676010007833954
[2025-10-22 00:04:37.750] [info] runs 8548 | prob 0.8481516144127281 | low 0.8381526404388079 | high 0.8581505883866484
[2025-10-22 00:04:41.840] [info] runs 8339 | prob 0.852620218251589 | low 0.8426205489033085 | high 0.8626198875998694
[2025-10-22 00:04:45.927] [info] runs 8351 | prob 0.8523530116153754 | low 0.842353042394152 | high 0.8623529808365987
[2025-10-22 00:04:49.984] [info] runs 8449 | prob 0.850278139424784 | low 0.840278914948983 | high 0.8602773639005851
[2025-10-22 00:04:54.057] [info] runs 8108 | prob 0.8575481006413419 | low 0.8475491976371693 | high 0.8675470036455145
[2025-10-22 00:04:58.166] [info] runs 8265 | prob 0.8542044767090139 | low 0.8442049960249937 | high 0.8642039573930341
[2025-10-22 00:05:02.272] [info] runs 8565 | prob 0.8477524810274373 | low 0.8377526693354014 | high 0.8577522927194732
[2025-10-22 00:05:06.348] [info] runs 8345 | prob 0.852486518873577 | low 0.8424866960776797 | high 0.8624863416694742
[2025-10-22 00:05:10.481] [info] runs 8284 | prob 0.8538145823273781 | low 0.8438155119766477 | high 0.8638136526781084
[2025-10-22 00:05:14.595] [info] runs 8761 | prob 0.8435110147243465 | low 0.8335120212538587 | high 0.8535100081948344
[2025-10-22 00:05:18.703] [info] runs 8302 | prob 0.8534088171524934 | low 0.8434091169093318 | high 0.8634085173956549
[2025-10-22 00:05:22.802] [info] runs 8464 | prob 0.849952741020794 | low 0.8399534443466876 | high 0.8599520376949004
[2025-10-22 00:05:22.849] [info] RESULT:
training_time, simulation_time, prob, low, high, runs
4069, 25, 0.8519713261648746, 0.8419720504603068, 0.8619706018694424, 8370
4077, 24, 0.8595680938709275, 0.8495686572632961, 0.8695675304785588, 8011
4035, 24, 0.8584180510786016, 0.8484187392115616, 0.8684173629456415, 8066
4027, 24, 0.8578843302026693, 0.8478854060879061, 0.8678832543174325, 8092
3995, 25, 0.849822904368359, 0.8398235900545439, 0.859822218682174, 8470
4019, 24, 0.8568095296573744, 0.8468106154238824, 0.8668084438908665, 8143
3971, 24, 0.8510461245839277, 0.841046154992457, 0.8610460941753983, 8412
4011, 26, 0.8459759481961147, 0.8359768393008371, 0.8559750570913922, 8648
4009, 26, 0.8539325842696629, 0.8439326338502471, 0.8639325346890787, 8277
3992, 24, 0.8561987516827806, 0.8461992841034913, 0.8661982192620699, 8171
3994, 25, 0.8523530116153754, 0.842353042394152, 0.8623529808365987, 8351
3980, 24, 0.8569321533923304, 0.846932507335034, 0.8669317994496268, 8136
4028, 24, 0.8576011846001974, 0.8476013684169994, 0.8676010007833954, 8104
4045, 26, 0.8481516144127281, 0.8381526404388079, 0.8581505883866484, 8548
4014, 25, 0.852620218251589, 0.8426205489033085, 0.8626198875998694, 8339
4011, 25, 0.8523530116153754, 0.842353042394152, 0.8623529808365987, 8351
3988, 25, 0.850278139424784, 0.840278914948983, 0.8602773639005851, 8449
3999, 24, 0.8575481006413419, 0.8475491976371693, 0.8675470036455145, 8108
4032, 25, 0.8542044767090139, 0.8442049960249937, 0.8642039573930341, 8265
4033, 25, 0.8477524810274373, 0.8377526693354014, 0.8577522927194732, 8565
4005, 25, 0.852486518873577, 0.8424866960776797, 0.8624863416694742, 8345
4057, 25, 0.8538145823273781, 0.8438155119766477, 0.8638136526781084, 8284
4041, 26, 0.8435110147243465, 0.8335120212538587, 0.8535100081948344, 8761
4034, 24, 0.8534088171524934, 0.8434091169093318, 0.8634085173956549, 8302
4022, 25, 0.849952741020794, 0.8399534443466876, 0.8599520376949004, 8464
# timestamp 22.10.2025 00:03:40 (1761084220), datastructure SAC
# timebound 12, expirations {"r1": 0, "r2": 0}
# alpha 0.1, gamma 1
# fixed points 5, uniform granularity 0.5
# scheduler goal: MAXIMIZING, scope: SEMIPROPHETIC, history: MEMORYLESS
# training runs 1000000

[2025-10-22 00:05:25.576] [info] runs 9230 | prob 0.833044420368364 | low 0.8230448910756754 | high 0.8430439496610527
[2025-10-22 00:05:28.318] [info] runs 9150 | prob 0.8348633879781421 | low 0.8248642006477898 | high 0.8448625753084944
[2025-10-22 00:05:31.093] [info] runs 8986 | prob 0.8385265969285556 | low 0.8285272514895579 | high 0.8485259423675533
[2025-10-22 00:05:33.851] [info] runs 9217 | prob 0.8333514158619941 | low 0.8233521994503634 | high 0.8433506322736248
[2025-10-22 00:05:36.615] [info] runs 9325 | prob 0.8308847184986595 | low 0.8208851041591513 | high 0.8408843328381678
[2025-10-22 00:05:39.410] [info] runs 8885 | prob 0.8407428249859313 | low 0.8307428657113567 | high 0.850742784260506
[2025-10-22 00:05:42.185] [info] runs 9203 | prob 0.833641203955232 | low 0.8236413509033284 | high 0.8436410570071357
[2025-10-22 00:05:44.944] [info] runs 8888 | prob 0.8406840684068407 | low 0.8306843021607869 | high 0.8506838346528945
[2025-10-22 00:05:47.704] [info] runs 9063 | prob 0.8368090036411784 | low 0.8268096681943873 | high 0.8468083390879695
[2025-10-22 00:05:50.470] [info] runs 9315 | prob 0.8311325818572195 | low 0.8211334449522247 | high 0.8411317187622143
[2025-10-22 00:05:53.233] [info] runs 9071 | prob 0.836622202623746 | low 0.8266226749532133 | high 0.8466217302942787
[2025-10-22 00:05:55.990] [info] runs 9030 | prob 0.8375415282392027 | low 0.8275420730082319 | high 0.8475409834701735
[2025-10-22 00:05:58.739] [info] runs 9187 | prob 0.8340045716773702 | low 0.8240047724656139 | high 0.8440043708891265
[2025-10-22 00:06:01.509] [info] runs 10813 | prob 0.7950615000462407 | low 0.7850618478318657 | high 0.8050611522606156
[2025-10-22 00:06:04.274] [info] runs 9262 | prob 0.8323256316130425 | low 0.8223262430596171 | high 0.8423250201664679
[2025-10-22 00:06:07.040] [info] runs 9066 | prob 0.8367527024045885 | low 0.8267536334464188 | high 0.8467517713627583
[2025-10-22 00:06:09.804] [info] runs 9267 | prob 0.8322002805654473 | low 0.8222006070370977 | high 0.8421999540937968
[2025-10-22 00:06:12.568] [info] runs 9041 | prob 0.8372967592080522 | low 0.8272973249156442 | high 0.8472961935004603
[2025-10-22 00:06:15.350] [info] runs 8969 | prob 0.8388895083063886 | low 0.8288897813972904 | high 0.8488892352154869
[2025-10-22 00:06:18.120] [info] runs 10731 | prob 0.7971298108284409 | low 0.7871298245549294 | high 0.8071297971019524
[2025-10-22 00:06:20.903] [info] runs 9267 | prob 0.8322002805654473 | low 0.8222006070370977 | high 0.8421999540937968
[2025-10-22 00:06:23.668] [info] runs 10723 | prob 0.7973514874568685 | low 0.7873518484904151 | high 0.8073511264233219
[2025-10-22 00:06:26.437] [info] runs 10595 | prob 0.8005663048607834 | low 0.7905664591395744 | high 0.8105661505819924
[2025-10-22 00:06:29.221] [info] runs 13060 | prob 0.7306278713629403 | low 0.7206279009061832 | high 0.7406278418196973
[2025-10-22 00:06:31.971] [info] runs 9071 | prob 0.836622202623746 | low 0.8266226749532133 | high 0.8466217302942787
[2025-10-22 00:06:31.971] [info] RESULT:
training_time, simulation_time, prob, low, high, runs
2707, 19, 0.833044420368364, 0.8230448910756754, 0.8430439496610527, 9230
2722, 19, 0.8348633879781421, 0.8248642006477898, 0.8448625753084944, 9150
2755, 18, 0.8385265969285556, 0.8285272514895579, 0.8485259423675533, 8986
2738, 19, 0.8333514158619941, 0.8233521994503634, 0.8433506322736248, 9217
2744, 19, 0.8308847184986595, 0.8208851041591513, 0.8408843328381678, 9325
2776, 19, 0.8407428249859313, 0.8307428657113567, 0.850742784260506, 8885
2754, 19, 0.833641203955232, 0.8236413509033284, 0.8436410570071357, 9203
2739, 18, 0.8406840684068407, 0.8306843021607869, 0.8506838346528945, 8888
2740, 19, 0.8368090036411784, 0.8268096681943873, 0.8468083390879695, 9063
2746, 19, 0.8311325818572195, 0.8211334449522247, 0.8411317187622143, 9315
2743, 19, 0.836622202623746, 0.8266226749532133, 0.8466217302942787, 9071
2738, 19, 0.8375415282392027, 0.8275420730082319, 0.8475409834701735, 9030
2729, 19, 0.8340045716773702, 0.8240047724656139, 0.8440043708891265, 9187
2743, 25, 0.7950615000462407, 0.7850618478318657, 0.8050611522606156, 10813
2746, 19, 0.8323256316130425, 0.8223262430596171, 0.8423250201664679, 9262
2746, 19, 0.8367527024045885, 0.8267536334464188, 0.8467517713627583, 9066
2743, 19, 0.8322002805654473, 0.8222006070370977, 0.8421999540937968, 9267
2745, 18, 0.8372967592080522, 0.8272973249156442, 0.8472961935004603, 9041
2762, 19, 0.8388895083063886, 0.8288897813972904, 0.8488892352154869, 8969
2745, 25, 0.7971298108284409, 0.7871298245549294, 0.8071297971019524, 10731
2762, 19, 0.8322002805654473, 0.8222006070370977, 0.8421999540937968, 9267
2739, 25, 0.7973514874568685, 0.7873518484904151, 0.8073511264233219, 10723
2744, 24, 0.8005663048607834, 0.7905664591395744, 0.8105661505819924, 10595
2756, 26, 0.7306278713629403, 0.7206279009061832, 0.7406278418196973, 13060
2730, 19, 0.836622202623746, 0.8266226749532133, 0.8466217302942787, 9071
# timestamp 22.10.2025 00:03:40 (1761084220), datastructure SAC
# timebound 12, expirations {"r1": 0, "r2": 0}
# alpha 0.1, gamma 1
# fixed points 5, uniform granularity 0.5
# scheduler goal: MAXIMIZING, scope: NONPROPHETIC, history: MEMORYLESS
# training runs 1000000

[2025-10-22 00:06:31.971] [info] 2.1 Simulating on SAC: 171460
[2025-10-22 00:06:31.971] [info] Analysis finished; the goal is not reachable.
[2025-10-22 00:06:31.971] [info] Probability: 0.0
[2025-10-22 00:06:31.971] [info] 2 Analysis: 171460
[2025-10-22 00:06:31.971] [info] 0 Computation Time Complete: 171460
[2025-10-22 00:06:31.971] [info] Counters and timers:
Counters:

Timers:
0 Computation Time Complete: 171460
1 Model creation: 0
2 Analysis: 171460
2.0 Creating Unified Datastructure from SAC: 0
2.1 Simulating on SAC: 171460

