timebound = 14, jump depth = 100, max expirations of random clocks = [{r1: 0}, {r2: 0}], combine absorbing locations in unrolling = 46, integration bound(s) = 14, integration samples = 500000, model = WATERTANK, model case = CASE_D, LTI analysis = rectangular analysis, scheduler = goal: MAXIMIZING, scope: SEMIPROPHETIC, history: HISTORY_DEPENDENT, multithreaded = 1, disableBackwardsRefinement = 0
simulating 0 runs after 1000000 training runs with parameters:
learning rate                 0.1
discount factor               1
exploration rate              0.15
uniform granularity           0.5
adaptive compartments         5


[2025-10-22 00:06:31.987] [warning] no flow specified for variable c1 in location all_off - assuming flow of 0
[2025-10-22 00:06:31.987] [warning] no flow specified for variable c1 in location v2_on - assuming flow of 0
[2025-10-22 00:06:31.987] [warning] no flow specified for variable c1 in location v1_block - assuming flow of 0
[2025-10-22 00:06:31.987] [warning] no flow specified for variable c1 in location v2_block - assuming flow of 0
[2025-10-22 00:06:31.987] [warning] no flow specified for variable c1 in location v1_block_v2_on - assuming flow of 0
[2025-10-22 00:06:31.987] [warning] no flow specified for variable c1 in location block_safe - assuming flow of 0
[2025-10-22 00:06:31.987] [warning] no flow specified for variable c1 in location block_unsafe - assuming flow of 0
[2025-10-22 00:06:31.987] [warning] no flow specified for variable c2 in location all_off - assuming flow of 0
[2025-10-22 00:06:31.987] [warning] no flow specified for variable c2 in location v1_on - assuming flow of 0
[2025-10-22 00:06:31.987] [warning] no flow specified for variable c2 in location v1_block - assuming flow of 0
[2025-10-22 00:06:31.987] [warning] no flow specified for variable c2 in location v2_block - assuming flow of 0
[2025-10-22 00:06:31.987] [warning] no flow specified for variable c2 in location v2_block_v1_on - assuming flow of 0
[2025-10-22 00:06:31.987] [warning] no flow specified for variable c2 in location block_safe - assuming flow of 0
[2025-10-22 00:06:31.987] [warning] no flow specified for variable c2 in location block_unsafe - assuming flow of 0
[2025-10-22 00:06:31.987] [warning] no constraints specified for variable c1 in initial constraint number 0 - assuming [0,0]
[2025-10-22 00:06:31.987] [warning] no constraints specified for variable c2 in initial constraint number 0 - assuming [0,0]
[2025-10-22 00:06:31.987] [info] 1 Model creation: 0
[2025-10-22 00:06:31.987] [info] 2.0 Creating Unified Datastructure from SAC: 0
[2025-10-22 00:06:36.421] [info] runs 6608 | prob 0.887863196125908 | low 0.8778641641936478 | high 0.8978622280581683
[2025-10-22 00:06:41.315] [info] runs 6549 | prob 0.8889906856008551 | low 0.8789909923229245 | high 0.8989903788787857
[2025-10-22 00:06:45.714] [info] runs 6864 | prob 0.8828671328671329 | low 0.8728684157188438 | high 0.8928658500154221
[2025-10-22 00:06:50.153] [info] runs 7047 | prob 0.8792393926493544 | low 0.8692403151138574 | high 0.8892384701848514
[2025-10-22 00:06:54.601] [info] runs 7364 | prob 0.872895165670831 | low 0.8628962927836247 | high 0.8828940385580374
[2025-10-22 00:06:59.013] [info] runs 6808 | prob 0.8839600470035253 | low 0.8739610560508538 | high 0.8939590379561967
[2025-10-22 00:07:03.469] [info] runs 6812 | prob 0.8838813857897827 | low 0.8738823883977944 | high 0.893880383181771
[2025-10-22 00:07:07.887] [info] runs 6784 | prob 0.8844339622641509 | low 0.8744350960768407 | high 0.8944328284514612
[2025-10-22 00:07:12.319] [info] runs 6989 | prob 0.8803834597224209 | low 0.8703841529091234 | high 0.8903827665357185
[2025-10-22 00:07:16.762] [info] runs 6731 | prob 0.885455355816372 | low 0.8754558901918388 | high 0.8954548214409053
[2025-10-22 00:07:21.209] [info] runs 6707 | prob 0.8859400626211421 | low 0.875941203705982 | high 0.8959389215363022
[2025-10-22 00:07:25.674] [info] runs 7020 | prob 0.8797720797720797 | low 0.869772884321206 | high 0.8897712752229534
[2025-10-22 00:07:30.089] [info] runs 7096 | prob 0.8782412626832018 | low 0.8682413538185526 | high 0.888241171547851
[2025-10-22 00:07:34.512] [info] runs 7115 | prob 0.877863668306395 | low 0.867863797705573 | high 0.8878635389072169
[2025-10-22 00:07:38.936] [info] runs 6788 | prob 0.8843547436652917 | low 0.8743558463523298 | high 0.8943536409782535
[2025-10-22 00:07:43.386] [info] runs 6832 | prob 0.8834894613583139 | low 0.8734904923662248 | high 0.8934884303504029
[2025-10-22 00:07:47.826] [info] runs 6836 | prob 0.8834113516676418 | low 0.873412400368389 | high 0.8934103029668947
[2025-10-22 00:07:52.257] [info] runs 6938 | prob 0.8813779187085615 | low 0.8713780899337473 | high 0.8913777474833757
[2025-10-22 00:07:56.693] [info] runs 6899 | prob 0.8821568343238151 | low 0.8721573434567198 | high 0.8921563251909104
[2025-10-22 00:08:01.158] [info] runs 7224 | prob 0.8756921373200443 | low 0.8656925514347809 | high 0.8856917232053076
[2025-10-22 00:08:05.582] [info] runs 6629 | prob 0.8874641725750491 | low 0.8774654926038954 | high 0.8974628525462027
[2025-10-22 00:08:09.981] [info] runs 6973 | prob 0.8806826330130504 | low 0.8706826889031544 | high 0.8906825771229464
[2025-10-22 00:08:14.327] [info] runs 7250 | prob 0.8751724137931034 | low 0.8651728984375457 | high 0.885171929148661
[2025-10-22 00:08:18.763] [info] runs 7043 | prob 0.8793127928439586 | low 0.8693134990457884 | high 0.8893120866421288
[2025-10-22 00:08:23.185] [info] runs 6915 | prob 0.8818510484454085 | low 0.8718519160149124 | high 0.8918501808759046
[2025-10-22 00:08:23.265] [info] RESULT:
training_time, simulation_time, prob, low, high, runs
4412, 21, 0.887863196125908, 0.8778641641936478, 0.8978622280581683, 6608
4839, 21, 0.8889906856008551, 0.8789909923229245, 0.8989903788787857, 6549
4293, 22, 0.8828671328671329, 0.8728684157188438, 0.8928658500154221, 6864
4335, 23, 0.8792393926493544, 0.8692403151138574, 0.8892384701848514, 7047
4341, 24, 0.872895165670831, 0.8628962927836247, 0.8828940385580374, 7364
4312, 21, 0.8839600470035253, 0.8739610560508538, 0.8939590379561967, 6808
4352, 22, 0.8838813857897827, 0.8738823883977944, 0.893880383181771, 6812
4314, 22, 0.8844339622641509, 0.8744350960768407, 0.8944328284514612, 6784
4325, 22, 0.8803834597224209, 0.8703841529091234, 0.8903827665357185, 6989
4342, 22, 0.885455355816372, 0.8754558901918388, 0.8954548214409053, 6731
4343, 22, 0.8859400626211421, 0.875941203705982, 0.8959389215363022, 6707
4359, 23, 0.8797720797720797, 0.869772884321206, 0.8897712752229534, 7020
4311, 23, 0.8782412626832018, 0.8682413538185526, 0.888241171547851, 7096
4321, 23, 0.877863668306395, 0.867863797705573, 0.8878635389072169, 7115
4319, 22, 0.8843547436652917, 0.8743558463523298, 0.8943536409782535, 6788
4346, 22, 0.8834894613583139, 0.8734904923662248, 0.8934884303504029, 6832
4338, 22, 0.8834113516676418, 0.873412400368389, 0.8934103029668947, 6836
4325, 22, 0.8813779187085615, 0.8713780899337473, 0.8913777474833757, 6938
4333, 23, 0.8821568343238151, 0.8721573434567198, 0.8921563251909104, 6899
4357, 23, 0.8756921373200443, 0.8656925514347809, 0.8856917232053076, 7224
4324, 21, 0.8874641725750491, 0.8774654926038954, 0.8974628525462027, 6629
4296, 22, 0.8806826330130504, 0.8706826889031544, 0.8906825771229464, 6973
4252, 23, 0.8751724137931034, 0.8651728984375457, 0.885171929148661, 7250
4340, 23, 0.8793127928439586, 0.8693134990457884, 0.8893120866421288, 7043
4325, 22, 0.8818510484454085, 0.8718519160149124, 0.8918501808759046, 6915
# timestamp 22.10.2025 00:06:31 (1761084391), datastructure SAC
# timebound 14, expirations {"r1": 0, "r2": 0}
# alpha 0.1, gamma 1
# fixed points 5, uniform granularity 0.5
# scheduler goal: MAXIMIZING, scope: SEMIPROPHETIC, history: MEMORYLESS
# training runs 1000000

[2025-10-22 00:08:26.171] [info] runs 7349 | prob 0.8731800244931284 | low 0.8631805434031151 | high 0.8831795055831416
[2025-10-22 00:08:29.095] [info] runs 7746 | prob 0.8650916602117221 | low 0.8550926370609654 | high 0.8750906833624789
[2025-10-22 00:08:32.035] [info] runs 7276 | prob 0.8746564046179219 | low 0.8646571108475909 | high 0.884655698388253
[2025-10-22 00:08:34.984] [info] runs 8589 | prob 0.847246478053324 | low 0.8372470523117705 | high 0.8572459037948774
[2025-10-22 00:08:37.932] [info] runs 7766 | prob 0.8646664949781097 | low 0.8546670902732909 | high 0.8746658996829284
[2025-10-22 00:08:40.899] [info] runs 7478 | prob 0.8705536239636267 | low 0.860553719741526 | high 0.8805535281857274
[2025-10-22 00:08:43.845] [info] runs 7612 | prob 0.8678402522333158 | low 0.8578410359034938 | high 0.8778394685631379
[2025-10-22 00:08:46.784] [info] runs 7535 | prob 0.8694094226940943 | low 0.8594100599684737 | high 0.8794087854197148
[2025-10-22 00:08:49.722] [info] runs 7389 | prob 0.8723778589795642 | low 0.862378587587503 | high 0.8823771303716255
[2025-10-22 00:08:52.659] [info] runs 7806 | prob 0.863822700486805 | low 0.853822786824856 | high 0.873822614148754
[2025-10-22 00:08:55.620] [info] runs 8583 | prob 0.847372713503437 | low 0.8373731824941617 | high 0.8573722445127123
[2025-10-22 00:08:58.569] [info] runs 8101 | prob 0.857671892358968 | low 0.8476722960178259 | high 0.8676714887001101
[2025-10-22 00:09:01.540] [info] runs 7705 | prob 0.8659312134977287 | low 0.8559320176736122 | high 0.8759304093218453
[2025-10-22 00:09:04.503] [info] runs 8683 | prob 0.8452147875158356 | low 0.8352157261122516 | high 0.8552138489194195
[2025-10-22 00:09:07.486] [info] runs 7729 | prob 0.8654418424116962 | low 0.8554428056433344 | high 0.875440879180058
[2025-10-22 00:09:10.447] [info] runs 7246 | prob 0.875241512558653 | low 0.8652416116102335 | high 0.8852414135070725
[2025-10-22 00:09:13.405] [info] runs 7756 | prob 0.8648788035069623 | low 0.8548795788409194 | high 0.8748780281730053
[2025-10-22 00:09:16.361] [info] runs 7923 | prob 0.8614161302536918 | low 0.8514169620806565 | high 0.871415298426727
[2025-10-22 00:09:19.343] [info] runs 7622 | prob 0.8676200472316977 | low 0.8576203399664767 | high 0.8776197544969188
[2025-10-22 00:09:22.292] [info] runs 7640 | prob 0.8672774869109947 | low 0.8572786263011309 | high 0.8772763475208585
[2025-10-22 00:09:25.258] [info] runs 7272 | prob 0.8747249724972497 | low 0.8647252732185918 | high 0.8847246717759075
[2025-10-22 00:09:28.225] [info] runs 7956 | prob 0.8607340372046255 | low 0.850735062883683 | high 0.870733011525568
[2025-10-22 00:09:31.194] [info] runs 7622 | prob 0.8676200472316977 | low 0.8576203399664767 | high 0.8776197544969188
[2025-10-22 00:09:34.171] [info] runs 7759 | prob 0.8648021652274778 | low 0.8548024821717521 | high 0.8748018482832034
[2025-10-22 00:09:37.134] [info] runs 7735 | prob 0.8652876535229477 | low 0.8552876614986802 | high 0.8752876455472152
[2025-10-22 00:09:37.134] [info] RESULT:
training_time, simulation_time, prob, low, high, runs
2887, 18, 0.8731800244931284, 0.8631805434031151, 0.8831795055831416, 7349
2906, 17, 0.8650916602117221, 0.8550926370609654, 0.8750906833624789, 7746
2923, 16, 0.8746564046179219, 0.8646571108475909, 0.884655698388253, 7276
2929, 19, 0.847246478053324, 0.8372470523117705, 0.8572459037948774, 8589
2930, 17, 0.8646664949781097, 0.8546670902732909, 0.8746658996829284, 7766
2949, 16, 0.8705536239636267, 0.860553719741526, 0.8805535281857274, 7478
2929, 17, 0.8678402522333158, 0.8578410359034938, 0.8778394685631379, 7612
2919, 19, 0.8694094226940943, 0.8594100599684737, 0.8794087854197148, 7535
2919, 18, 0.8723778589795642, 0.862378587587503, 0.8823771303716255, 7389
2917, 19, 0.863822700486805, 0.853822786824856, 0.873822614148754, 7806
2941, 19, 0.847372713503437, 0.8373731824941617, 0.8573722445127123, 8583
2929, 20, 0.857671892358968, 0.8476722960178259, 0.8676714887001101, 8101
2950, 19, 0.8659312134977287, 0.8559320176736122, 0.8759304093218453, 7705
2943, 19, 0.8452147875158356, 0.8352157261122516, 0.8552138489194195, 8683
2962, 19, 0.8654418424116962, 0.8554428056433344, 0.875440879180058, 7729
2944, 16, 0.875241512558653, 0.8652416116102335, 0.8852414135070725, 7246
2940, 17, 0.8648788035069623, 0.8548795788409194, 0.8748780281730053, 7756
2936, 19, 0.8614161302536918, 0.8514169620806565, 0.871415298426727, 7923
2965, 17, 0.8676200472316977, 0.8576203399664767, 0.8776197544969188, 7622
2929, 19, 0.8672774869109947, 0.8572786263011309, 0.8772763475208585, 7640
2947, 18, 0.8747249724972497, 0.8647252732185918, 0.8847246717759075, 7272
2947, 19, 0.8607340372046255, 0.850735062883683, 0.870733011525568, 7956
2951, 17, 0.8676200472316977, 0.8576203399664767, 0.8776197544969188, 7622
2959, 17, 0.8648021652274778, 0.8548024821717521, 0.8748018482832034, 7759
2945, 17, 0.8652876535229477, 0.8552876614986802, 0.8752876455472152, 7735
# timestamp 22.10.2025 00:06:31 (1761084391), datastructure SAC
# timebound 14, expirations {"r1": 0, "r2": 0}
# alpha 0.1, gamma 1
# fixed points 5, uniform granularity 0.5
# scheduler goal: MAXIMIZING, scope: NONPROPHETIC, history: MEMORYLESS
# training runs 1000000

[2025-10-22 00:09:37.134] [info] 2.1 Simulating on SAC: 185146
[2025-10-22 00:09:37.134] [info] Analysis finished; the goal is not reachable.
[2025-10-22 00:09:37.134] [info] Probability: 0.0
[2025-10-22 00:09:37.134] [info] 2 Analysis: 185146
[2025-10-22 00:09:37.134] [info] 0 Computation Time Complete: 185147
[2025-10-22 00:09:37.134] [info] Counters and timers:
Counters:

Timers:
0 Computation Time Complete: 185147
1 Model creation: 0
2 Analysis: 185146
2.0 Creating Unified Datastructure from SAC: 0
2.1 Simulating on SAC: 185146

