timebound = 16, jump depth = 100, max expirations of random clocks = [{r1: 0}, {r2: 0}], combine absorbing locations in unrolling = 10, integration bound(s) = 16, integration samples = 500000, model = WATERTANK, model case = CASE_D, LTI analysis = rectangular analysis, scheduler = goal: MAXIMIZING, scope: SEMIPROPHETIC, history: HISTORY_DEPENDENT, multithreaded = 1, disableBackwardsRefinement = 0
simulating 0 runs after 1000000 training runs with parameters:
learning rate                 0.1
discount factor               1
exploration rate              0.15
uniform granularity           0.5
adaptive compartments         5


[2025-10-22 00:09:37.150] [warning] no flow specified for variable c1 in location all_off - assuming flow of 0
[2025-10-22 00:09:37.150] [warning] no flow specified for variable c1 in location v2_on - assuming flow of 0
[2025-10-22 00:09:37.150] [warning] no flow specified for variable c1 in location v1_block - assuming flow of 0
[2025-10-22 00:09:37.150] [warning] no flow specified for variable c1 in location v2_block - assuming flow of 0
[2025-10-22 00:09:37.150] [warning] no flow specified for variable c1 in location v1_block_v2_on - assuming flow of 0
[2025-10-22 00:09:37.150] [warning] no flow specified for variable c1 in location block_safe - assuming flow of 0
[2025-10-22 00:09:37.150] [warning] no flow specified for variable c1 in location block_unsafe - assuming flow of 0
[2025-10-22 00:09:37.150] [warning] no flow specified for variable c2 in location all_off - assuming flow of 0
[2025-10-22 00:09:37.150] [warning] no flow specified for variable c2 in location v1_on - assuming flow of 0
[2025-10-22 00:09:37.150] [warning] no flow specified for variable c2 in location v1_block - assuming flow of 0
[2025-10-22 00:09:37.150] [warning] no flow specified for variable c2 in location v2_block - assuming flow of 0
[2025-10-22 00:09:37.150] [warning] no flow specified for variable c2 in location v2_block_v1_on - assuming flow of 0
[2025-10-22 00:09:37.150] [warning] no flow specified for variable c2 in location block_safe - assuming flow of 0
[2025-10-22 00:09:37.150] [warning] no flow specified for variable c2 in location block_unsafe - assuming flow of 0
[2025-10-22 00:09:37.151] [warning] no constraints specified for variable c1 in initial constraint number 0 - assuming [0,0]
[2025-10-22 00:09:37.151] [warning] no constraints specified for variable c2 in initial constraint number 0 - assuming [0,0]
[2025-10-22 00:09:37.151] [info] 1 Model creation: 0
[2025-10-22 00:09:37.151] [info] 2.0 Creating Unified Datastructure from SAC: 0
[2025-10-22 00:09:41.933] [info] runs 3803 | prob 0.9389955298448593 | low 0.9289979406345354 | high 0.9489931190551832
[2025-10-22 00:09:46.691] [info] runs 4084 | prob 0.9341332027424094 | low 0.9241345687794624 | high 0.9441318367053564
[2025-10-22 00:09:51.459] [info] runs 3539 | prob 0.9434868606951116 | low 0.9334880528544652 | high 0.9534856685357579
[2025-10-22 00:09:56.256] [info] runs 3657 | prob 0.9414820891441071 | low 0.9314836129661305 | high 0.9514805653220838
[2025-10-22 00:10:01.020] [info] runs 3624 | prob 0.9420529801324503 | low 0.9320551677879054 | high 0.9520507924769952
[2025-10-22 00:10:05.757] [info] runs 3326 | prob 0.947083583884546 | low 0.9370841801864686 | high 0.9570829875826236
[2025-10-22 00:10:10.477] [info] runs 3965 | prob 0.9361916771752837 | low 0.9261929362515776 | high 0.9461904180989898
[2025-10-22 00:10:15.248] [info] runs 3850 | prob 0.9381818181818182 | low 0.92818372652559 | high 0.9481799098380465
[2025-10-22 00:10:20.005] [info] runs 3842 | prob 0.9383133784487246 | low 0.9283148375956134 | high 0.9483119193018359
[2025-10-22 00:10:24.726] [info] runs 3381 | prob 0.9461697722567288 | low 0.9361715930541283 | high 0.9561679514593293
[2025-10-22 00:10:29.492] [info] runs 3889 | prob 0.9375160709694009 | low 0.9275183637836494 | high 0.9475137781551525
[2025-10-22 00:10:34.202] [info] runs 4156 | prob 0.9328681424446583 | low 0.9228685441801119 | high 0.9428677407092048
[2025-10-22 00:10:38.936] [info] runs 3252 | prob 0.948339483394834 | low 0.9383410518191045 | high 0.9583379149705634
[2025-10-22 00:10:43.684] [info] runs 3988 | prob 0.9358074222668004 | low 0.925809634013863 | high 0.9458052105197378
[2025-10-22 00:10:48.367] [info] runs 3252 | prob 0.948339483394834 | low 0.9383410518191045 | high 0.9583379149705634
[2025-10-22 00:10:53.109] [info] runs 3881 | prob 0.9376449368719402 | low 0.9276465691480967 | high 0.9476433045957836
[2025-10-22 00:10:57.845] [info] runs 3896 | prob 0.9373716632443532 | low 0.9273721759253047 | high 0.9473711505634016
[2025-10-22 00:11:02.601] [info] runs 3539 | prob 0.9434868606951116 | low 0.9334880528544652 | high 0.9534856685357579
[2025-10-22 00:11:07.325] [info] runs 4040 | prob 0.93490099009901 | low 0.9249027127981831 | high 0.9448992673998368
[2025-10-22 00:11:12.045] [info] runs 3478 | prob 0.9445083381253594 | low 0.9345083880075284 | high 0.9545082882431903
[2025-10-22 00:11:16.806] [info] runs 3640 | prob 0.9417582417582417 | low 0.9317586534449787 | high 0.9517578300715048
[2025-10-22 00:11:21.557] [info] runs 3873 | prob 0.9377743351407178 | low 0.9277753469738842 | high 0.9477733233075515
[2025-10-22 00:11:26.312] [info] runs 3390 | prob 0.9460176991150443 | low 0.9360195102516563 | high 0.9560158879784323
[2025-10-22 00:11:31.702] [info] runs 3354 | prob 0.9466308884913536 | low 0.9366331988320363 | high 0.9566285781506708
[2025-10-22 00:11:37.020] [info] runs 3640 | prob 0.9417582417582417 | low 0.9317586534449787 | high 0.9517578300715048
[2025-10-22 00:11:37.128] [info] RESULT:
training_time, simulation_time, prob, low, high, runs
4769, 13, 0.9389955298448593, 0.9289979406345354, 0.9489931190551832, 3803
4701, 14, 0.9341332027424094, 0.9241345687794624, 0.9441318367053564, 4084
4648, 12, 0.9434868606951116, 0.9334880528544652, 0.9534856685357579, 3539
4676, 13, 0.9414820891441071, 0.9314836129661305, 0.9514805653220838, 3657
4643, 12, 0.9420529801324503, 0.9320551677879054, 0.9520507924769952, 3624
4618, 11, 0.947083583884546, 0.9370841801864686, 0.9570829875826236, 3326
4597, 13, 0.9361916771752837, 0.9261929362515776, 0.9461904180989898, 3965
4651, 13, 0.9381818181818182, 0.92818372652559, 0.9481799098380465, 3850
4636, 13, 0.9383133784487246, 0.9283148375956134, 0.9483119193018359, 3842
4607, 11, 0.9461697722567288, 0.9361715930541283, 0.9561679514593293, 3381
4648, 13, 0.9375160709694009, 0.9275183637836494, 0.9475137781551525, 3889
4588, 14, 0.9328681424446583, 0.9228685441801119, 0.9428677407092048, 4156
4620, 11, 0.948339483394834, 0.9383410518191045, 0.9583379149705634, 3252
4629, 14, 0.9358074222668004, 0.925809634013863, 0.9458052105197378, 3988
4564, 11, 0.948339483394834, 0.9383410518191045, 0.9583379149705634, 3252
4628, 13, 0.9376449368719402, 0.9276465691480967, 0.9476433045957836, 3881
4620, 13, 0.9373716632443532, 0.9273721759253047, 0.9473711505634016, 3896
4635, 12, 0.9434868606951116, 0.9334880528544652, 0.9534856685357579, 3539
4608, 14, 0.93490099009901, 0.9249027127981831, 0.9448992673998368, 4040
4606, 11, 0.9445083381253594, 0.9345083880075284, 0.9545082882431903, 3478
4645, 12, 0.9417582417582417, 0.9317586534449787, 0.9517578300715048, 3640
4630, 13, 0.9377743351407178, 0.9277753469738842, 0.9477733233075515, 3873
4638, 11, 0.9460176991150443, 0.9360195102516563, 0.9560158879784323, 3390
5269, 15, 0.9466308884913536, 0.9366331988320363, 0.9566285781506708, 3354
5187, 12, 0.9417582417582417, 0.9317586534449787, 0.9517578300715048, 3640
# timestamp 22.10.2025 00:09:37 (1761084577), datastructure SAC
# timebound 16, expirations {"r1": 0, "r2": 0}
# alpha 0.1, gamma 1
# fixed points 5, uniform granularity 0.5
# scheduler goal: MAXIMIZING, scope: SEMIPROPHETIC, history: MEMORYLESS
# training runs 1000000

[2025-10-22 00:11:40.125] [info] runs 4765 | prob 0.9221406086044072 | low 0.9121413342993369 | high 0.9321398829094775
[2025-10-22 00:11:43.147] [info] runs 4963 | prob 0.9185976224058029 | low 0.9085986602525795 | high 0.9285965845590263
[2025-10-22 00:11:46.164] [info] runs 3739 | prob 0.9400909334046537 | low 0.9300932510378966 | high 0.9500886157714107
[2025-10-22 00:11:49.191] [info] runs 4980 | prob 0.918273092369478 | low 0.90827310043195 | high 0.928273084307006
[2025-10-22 00:11:52.239] [info] runs 3556 | prob 0.9431946006749157 | low 0.9331955114417215 | high 0.9531936899081098
[2025-10-22 00:11:55.274] [info] runs 4003 | prob 0.9355483387459406 | low 0.9255505665359732 | high 0.9455461109559079
[2025-10-22 00:11:58.304] [info] runs 3755 | prob 0.9398135818908122 | low 0.9298156310867571 | high 0.9498115326948673
[2025-10-22 00:12:01.319] [info] runs 3865 | prob 0.9379042690815006 | low 0.9279047010920357 | high 0.9479038370709655
[2025-10-22 00:12:04.333] [info] runs 3950 | prob 0.9364556962025317 | low 0.9264573253411169 | high 0.9464540670639464
[2025-10-22 00:12:07.377] [info] runs 4934 | prob 0.919132549655452 | low 0.9091343401119881 | high 0.9291307591989159
[2025-10-22 00:12:10.396] [info] runs 3590 | prob 0.9426183844011142 | low 0.9326194671748445 | high 0.952617301627384
[2025-10-22 00:12:13.434] [info] runs 5050 | prob 0.9170297029702971 | low 0.9070307806719455 | high 0.9270286252686486
[2025-10-22 00:12:16.459] [info] runs 3889 | prob 0.9375160709694009 | low 0.9275183637836494 | high 0.9475137781551525
[2025-10-22 00:12:19.484] [info] runs 3834 | prob 0.9384454877412624 | low 0.9284465404999448 | high 0.9484444349825799
[2025-10-22 00:12:22.515] [info] runs 3779 | prob 0.9394019581899974 | low 0.9294039741645842 | high 0.9493999422154106
[2025-10-22 00:12:25.542] [info] runs 3363 | prob 0.9464763603925067 | low 0.936478429521353 | high 0.9564742912636605
[2025-10-22 00:12:28.570] [info] runs 3896 | prob 0.9373716632443532 | low 0.9273721759253047 | high 0.9473711505634016
[2025-10-22 00:12:31.597] [info] runs 4880 | prob 0.9200819672131147 | low 0.9100826211328392 | high 0.9300813132933903
[2025-10-22 00:12:34.612] [info] runs 3505 | prob 0.9440798858773182 | low 0.9340824127719722 | high 0.9540773589826641
[2025-10-22 00:12:37.629] [info] runs 3942 | prob 0.9365804160324708 | low 0.9265810658173219 | high 0.9465797662476196
[2025-10-22 00:12:40.652] [info] runs 3582 | prob 0.9427694025683976 | low 0.9327717061024314 | high 0.9527670990343637
[2025-10-22 00:12:43.683] [info] runs 3381 | prob 0.9461697722567288 | low 0.9361715930541283 | high 0.9561679514593293
[2025-10-22 00:12:46.734] [info] runs 4120 | prob 0.933495145631068 | low 0.9234956071505852 | high 0.9434946841115507
[2025-10-22 00:12:49.771] [info] runs 3137 | prob 0.9502709595154606 | low 0.9402728620103834 | high 0.9602690570205378
[2025-10-22 00:12:52.807] [info] runs 4113 | prob 0.9336250911743253 | low 0.9236261334973205 | high 0.9436240488513302
[2025-10-22 00:12:52.807] [info] RESULT:
training_time, simulation_time, prob, low, high, runs
2986, 10, 0.9221406086044072, 0.9121413342993369, 0.9321398829094775, 4765
3010, 11, 0.9185976224058029, 0.9085986602525795, 0.9285965845590263, 4963
3008, 8, 0.9400909334046537, 0.9300932510378966, 0.9500886157714107, 3739
3015, 11, 0.918273092369478, 0.90827310043195, 0.928273084307006, 4980
3039, 8, 0.9431946006749157, 0.9331955114417215, 0.9531936899081098, 3556
3025, 9, 0.9355483387459406, 0.9255505665359732, 0.9455461109559079, 4003
3020, 8, 0.9398135818908122, 0.9298156310867571, 0.9498115326948673, 3755
3005, 9, 0.9379042690815006, 0.9279047010920357, 0.9479038370709655, 3865
3004, 9, 0.9364556962025317, 0.9264573253411169, 0.9464540670639464, 3950
3033, 11, 0.919132549655452, 0.9091343401119881, 0.9291307591989159, 4934
3008, 9, 0.9426183844011142, 0.9326194671748445, 0.952617301627384, 3590
3026, 11, 0.9170297029702971, 0.9070307806719455, 0.9270286252686486, 5050
3015, 8, 0.9375160709694009, 0.9275183637836494, 0.9475137781551525, 3889
3015, 9, 0.9384454877412624, 0.9284465404999448, 0.9484444349825799, 3834
3021, 8, 0.9394019581899974, 0.9294039741645842, 0.9493999422154106, 3779
3019, 7, 0.9464763603925067, 0.936478429521353, 0.9564742912636605, 3363
3018, 8, 0.9373716632443532, 0.9273721759253047, 0.9473711505634016, 3896
3015, 11, 0.9200819672131147, 0.9100826211328392, 0.9300813132933903, 4880
3006, 8, 0.9440798858773182, 0.9340824127719722, 0.9540773589826641, 3505
3008, 8, 0.9365804160324708, 0.9265810658173219, 0.9465797662476196, 3942
3014, 8, 0.9427694025683976, 0.9327717061024314, 0.9527670990343637, 3582
3022, 7, 0.9461697722567288, 0.9361715930541283, 0.9561679514593293, 3381
3041, 9, 0.933495145631068, 0.9234956071505852, 0.9434946841115507, 4120
3029, 7, 0.9502709595154606, 0.9402728620103834, 0.9602690570205378, 3137
3026, 9, 0.9336250911743253, 0.9236261334973205, 0.9436240488513302, 4113
# timestamp 22.10.2025 00:09:37 (1761084577), datastructure SAC
# timebound 16, expirations {"r1": 0, "r2": 0}
# alpha 0.1, gamma 1
# fixed points 5, uniform granularity 0.5
# scheduler goal: MAXIMIZING, scope: NONPROPHETIC, history: MEMORYLESS
# training runs 1000000

[2025-10-22 00:12:52.807] [info] 2.1 Simulating on SAC: 195656
[2025-10-22 00:12:52.807] [info] Analysis finished; the goal is not reachable.
[2025-10-22 00:12:52.807] [info] Probability: 0.0
[2025-10-22 00:12:52.807] [info] 2 Analysis: 195656
[2025-10-22 00:12:52.807] [info] 0 Computation Time Complete: 195657
[2025-10-22 00:12:52.807] [info] Counters and timers:
Counters:

Timers:
0 Computation Time Complete: 195657
1 Model creation: 0
2 Analysis: 195656
2.0 Creating Unified Datastructure from SAC: 0
2.1 Simulating on SAC: 195656

