timebound = 18, jump depth = 100, max expirations of random clocks = [{r1: 0}, {r2: 0}], combine absorbing locations in unrolling = 192, integration bound(s) = 18, integration samples = 500000, model = WATERTANK, model case = CASE_D, LTI analysis = rectangular analysis, scheduler = goal: MAXIMIZING, scope: SEMIPROPHETIC, history: HISTORY_DEPENDENT, multithreaded = 1, disableBackwardsRefinement = 0
simulating 0 runs after 1000000 training runs with parameters:
learning rate                 0.1
discount factor               1
exploration rate              0.15
uniform granularity           0.5
adaptive compartments         5


[2025-10-22 00:12:52.825] [warning] no flow specified for variable c1 in location all_off - assuming flow of 0
[2025-10-22 00:12:52.825] [warning] no flow specified for variable c1 in location v2_on - assuming flow of 0
[2025-10-22 00:12:52.825] [warning] no flow specified for variable c1 in location v1_block - assuming flow of 0
[2025-10-22 00:12:52.825] [warning] no flow specified for variable c1 in location v2_block - assuming flow of 0
[2025-10-22 00:12:52.825] [warning] no flow specified for variable c1 in location v1_block_v2_on - assuming flow of 0
[2025-10-22 00:12:52.825] [warning] no flow specified for variable c1 in location block_safe - assuming flow of 0
[2025-10-22 00:12:52.825] [warning] no flow specified for variable c1 in location block_unsafe - assuming flow of 0
[2025-10-22 00:12:52.825] [warning] no flow specified for variable c2 in location all_off - assuming flow of 0
[2025-10-22 00:12:52.825] [warning] no flow specified for variable c2 in location v1_on - assuming flow of 0
[2025-10-22 00:12:52.825] [warning] no flow specified for variable c2 in location v1_block - assuming flow of 0
[2025-10-22 00:12:52.825] [warning] no flow specified for variable c2 in location v2_block - assuming flow of 0
[2025-10-22 00:12:52.825] [warning] no flow specified for variable c2 in location v2_block_v1_on - assuming flow of 0
[2025-10-22 00:12:52.825] [warning] no flow specified for variable c2 in location block_safe - assuming flow of 0
[2025-10-22 00:12:52.825] [warning] no flow specified for variable c2 in location block_unsafe - assuming flow of 0
[2025-10-22 00:12:52.825] [warning] no constraints specified for variable c1 in initial constraint number 0 - assuming [0,0]
[2025-10-22 00:12:52.825] [warning] no constraints specified for variable c2 in initial constraint number 0 - assuming [0,0]
[2025-10-22 00:12:52.825] [info] 1 Model creation: 0
[2025-10-22 00:12:52.825] [info] 2.0 Creating Unified Datastructure from SAC: 0
[2025-10-22 00:12:57.824] [info] runs 2291 | prob 0.9642077695329551 | low 0.9542097723734384 | high 0.9742057666924717
[2025-10-22 00:13:02.961] [info] runs 2562 | prob 0.9597970335675253 | low 0.9497999102959866 | high 0.969794156839064
[2025-10-22 00:13:07.949] [info] runs 2221 | prob 0.9653309320126069 | low 0.9553313746987006 | high 0.9753304893265132
[2025-10-22 00:13:13.036] [info] runs 2411 | prob 0.9622563251762754 | low 0.9522582883580756 | high 0.9722543619944751
[2025-10-22 00:13:18.090] [info] runs 2385 | prob 0.9626834381551362 | low 0.9526858733302609 | high 0.9726810029800116
[2025-10-22 00:13:23.151] [info] runs 2385 | prob 0.9626834381551362 | low 0.9526858733302609 | high 0.9726810029800116
[2025-10-22 00:13:28.210] [info] runs 2513 | prob 0.9606048547552726 | low 0.9506084609667697 | high 0.9706012485437755
[2025-10-22 00:13:33.251] [info] runs 2525 | prob 0.9603960396039604 | low 0.9503981196241477 | high 0.9703939595837731
[2025-10-22 00:13:38.312] [info] runs 2450 | prob 0.9616326530612245 | low 0.9516361454268237 | high 0.9716291606956252
[2025-10-22 00:13:43.373] [info] runs 2726 | prob 0.9570799706529713 | low 0.9470802687903997 | high 0.9670796725155429
[2025-10-22 00:13:48.439] [info] runs 2424 | prob 0.9620462046204621 | low 0.9520483890247852 | high 0.972044020216139
[2025-10-22 00:13:53.498] [info] runs 2385 | prob 0.9626834381551362 | low 0.9526858733302609 | high 0.9726810029800116
[2025-10-22 00:13:58.467] [info] runs 2263 | prob 0.9646486964206805 | low 0.954648906204562 | high 0.974648486636799
[2025-10-22 00:14:03.507] [info] runs 2715 | prob 0.9572744014732965 | low 0.9472761687315973 | high 0.9672726342149957
[2025-10-22 00:14:08.532] [info] runs 2372 | prob 0.9629005059021922 | low 0.9529036549394581 | high 0.9728973568649264
[2025-10-22 00:14:13.668] [info] runs 2870 | prob 0.9547038327526133 | low 0.9447045241685239 | high 0.9647031413367027
[2025-10-22 00:14:18.757] [info] runs 2500 | prob 0.9608 | low 0.9508014877033159 | high 0.9707985122966841
[2025-10-22 00:14:23.830] [info] runs 2462 | prob 0.9614134849715679 | low 0.9514140671079144 | high 0.9714129028352213
[2025-10-22 00:14:28.815] [info] runs 2645 | prob 0.9584120982986768 | low 0.9484122671102474 | high 0.9684119294871062
[2025-10-22 00:14:33.846] [info] runs 2598 | prob 0.9591993841416474 | low 0.9492013620920663 | high 0.9691974061912285
[2025-10-22 00:14:38.864] [info] runs 2645 | prob 0.9584120982986768 | low 0.9484122671102474 | high 0.9684119294871062
[2025-10-22 00:14:43.913] [info] runs 2207 | prob 0.9655641141821477 | low 0.9555654753791207 | high 0.9755627529851747
[2025-10-22 00:14:48.983] [info] runs 2385 | prob 0.9626834381551362 | low 0.9526858733302609 | high 0.9726810029800116
[2025-10-22 00:14:54.006] [info] runs 2424 | prob 0.9620462046204621 | low 0.9520483890247852 | high 0.972044020216139
[2025-10-22 00:14:58.958] [info] runs 2424 | prob 0.9620462046204621 | low 0.9520483890247852 | high 0.972044020216139
[2025-10-22 00:14:59.090] [info] RESULT:
training_time, simulation_time, prob, low, high, runs
4990, 8, 0.9642077695329551, 0.9542097723734384, 0.9742057666924717, 2291
5078, 9, 0.9597970335675253, 0.9497999102959866, 0.969794156839064, 2562
4852, 7, 0.9653309320126069, 0.9553313746987006, 0.9753304893265132, 2221
4954, 8, 0.9622563251762754, 0.9522582883580756, 0.9722543619944751, 2411
4916, 8, 0.9626834381551362, 0.9526858733302609, 0.9726810029800116, 2385
4919, 8, 0.9626834381551362, 0.9526858733302609, 0.9726810029800116, 2385
4924, 8, 0.9606048547552726, 0.9506084609667697, 0.9706012485437755, 2513
4899, 8, 0.9603960396039604, 0.9503981196241477, 0.9703939595837731, 2525
4922, 8, 0.9616326530612245, 0.9516361454268237, 0.9716291606956252, 2450
4923, 9, 0.9570799706529713, 0.9470802687903997, 0.9670796725155429, 2726
4924, 8, 0.9620462046204621, 0.9520483890247852, 0.972044020216139, 2424
4919, 8, 0.9626834381551362, 0.9526858733302609, 0.9726810029800116, 2385
4835, 7, 0.9646486964206805, 0.954648906204562, 0.974648486636799, 2263
4902, 9, 0.9572744014732965, 0.9472761687315973, 0.9672726342149957, 2715
4886, 8, 0.9629005059021922, 0.9529036549394581, 0.9728973568649264, 2372
4995, 10, 0.9547038327526133, 0.9447045241685239, 0.9647031413367027, 2870
4950, 8, 0.9608, 0.9508014877033159, 0.9707985122966841, 2500
4938, 8, 0.9614134849715679, 0.9514140671079144, 0.9714129028352213, 2462
4842, 9, 0.9584120982986768, 0.9484122671102474, 0.9684119294871062, 2645
4889, 9, 0.9591993841416474, 0.9492013620920663, 0.9691974061912285, 2598
4875, 9, 0.9584120982986768, 0.9484122671102474, 0.9684119294871062, 2645
4915, 7, 0.9655641141821477, 0.9555654753791207, 0.9755627529851747, 2207
4928, 8, 0.9626834381551362, 0.9526858733302609, 0.9726810029800116, 2385
4879, 8, 0.9620462046204621, 0.9520483890247852, 0.972044020216139, 2424
4823, 8, 0.9620462046204621, 0.9520483890247852, 0.972044020216139, 2424
# timestamp 22.10.2025 00:12:52 (1761084772), datastructure SAC
# timebound 18, expirations {"r1": 0, "r2": 0}
# alpha 0.1, gamma 1
# fixed points 5, uniform granularity 0.5
# scheduler goal: MAXIMIZING, scope: SEMIPROPHETIC, history: MEMORYLESS
# training runs 1000000

[2025-10-22 00:15:02.181] [info] runs 2816 | prob 0.9556107954545454 | low 0.9456128966104926 | high 0.9656086942985982
[2025-10-22 00:15:05.275] [info] runs 2236 | prob 0.9651162790697675 | low 0.9551206258340601 | high 0.9751119323054749
[2025-10-22 00:15:08.333] [info] runs 3443 | prob 0.945106012198664 | low 0.9351064726816442 | high 0.9551055517156838
[2025-10-22 00:15:11.437] [info] runs 3205 | prob 0.9491419656786272 | low 0.9391447925088929 | high 0.9591391388483614
[2025-10-22 00:15:14.562] [info] runs 2358 | prob 0.9631043256997456 | low 0.9531043636700305 | high 0.9731042877294607
[2025-10-22 00:15:17.660] [info] runs 2634 | prob 0.9586180713743356 | low 0.9486211530719484 | high 0.9686149896767229
[2025-10-22 00:15:20.751] [info] runs 3810 | prob 0.9388451443569554 | low 0.9288452404718791 | high 0.9488450482420318
[2025-10-22 00:15:23.817] [info] runs 3345 | prob 0.9467862481315397 | low 0.9367888794472671 | high 0.9567836168158123
[2025-10-22 00:15:26.930] [info] runs 2475 | prob 0.9612121212121212 | low 0.9512140576984839 | high 0.9712101847257585
[2025-10-22 00:15:30.030] [info] runs 2598 | prob 0.9591993841416474 | low 0.9492013620920663 | high 0.9691974061912285
[2025-10-22 00:15:33.140] [info] runs 2860 | prob 0.9548951048951049 | low 0.9448985003042638 | high 0.9648917094859459
[2025-10-22 00:15:36.258] [info] runs 2305 | prob 0.9639913232104121 | low 0.9539947641174626 | high 0.9739878823033616
[2025-10-22 00:15:39.361] [info] runs 2657 | prob 0.9582235604064735 | low 0.9482247296800549 | high 0.9682223911328921
[2025-10-22 00:15:42.468] [info] runs 2913 | prob 0.9539993134225884 | low 0.9440008835629309 | high 0.9639977432822459
[2025-10-22 00:15:45.577] [info] runs 3487 | prob 0.9443647834815028 | low 0.9343655969990448 | high 0.9543639699639608
[2025-10-22 00:15:48.698] [info] runs 3027 | prob 0.9520977865873802 | low 0.9420987486392236 | high 0.9620968245355368
[2025-10-22 00:15:51.815] [info] runs 2645 | prob 0.9584120982986768 | low 0.9484122671102474 | high 0.9684119294871062
[2025-10-22 00:15:54.907] [info] runs 2537 | prob 0.9601891998423334 | low 0.9501900175322328 | high 0.9701883821524341
[2025-10-22 00:15:58.015] [info] runs 2726 | prob 0.9570799706529713 | low 0.9470802687903997 | high 0.9670796725155429
[2025-10-22 00:16:01.138] [info] runs 2291 | prob 0.9642077695329551 | low 0.9542097723734384 | high 0.9742057666924717
[2025-10-22 00:16:04.242] [info] runs 3615 | prob 0.9421853388658368 | low 0.9321858253646561 | high 0.9521848523670174
[2025-10-22 00:16:07.378] [info] runs 2358 | prob 0.9631043256997456 | low 0.9531043636700305 | high 0.9731042877294607
[2025-10-22 00:16:10.485] [info] runs 3556 | prob 0.9431946006749157 | low 0.9331955114417215 | high 0.9531936899081098
[2025-10-22 00:16:13.600] [info] runs 2358 | prob 0.9631043256997456 | low 0.9531043636700305 | high 0.9731042877294607
[2025-10-22 00:16:16.717] [info] runs 2372 | prob 0.9629005059021922 | low 0.9529036549394581 | high 0.9728973568649264
[2025-10-22 00:16:16.718] [info] RESULT:
training_time, simulation_time, prob, low, high, runs
3083, 7, 0.9556107954545454, 0.9456128966104926, 0.9656086942985982, 2816
3089, 5, 0.9651162790697675, 0.9551206258340601, 0.9751119323054749, 2236
3049, 7, 0.945106012198664, 0.9351064726816442, 0.9551055517156838, 3443
3096, 8, 0.9491419656786272, 0.9391447925088929, 0.9591391388483614, 3205
3118, 5, 0.9631043256997456, 0.9531043636700305, 0.9731042877294607, 2358
3092, 6, 0.9586180713743356, 0.9486211530719484, 0.9686149896767229, 2634
3082, 8, 0.9388451443569554, 0.9288452404718791, 0.9488450482420318, 3810
3057, 7, 0.9467862481315397, 0.9367888794472671, 0.9567836168158123, 3345
3107, 5, 0.9612121212121212, 0.9512140576984839, 0.9712101847257585, 2475
3093, 6, 0.9591993841416474, 0.9492013620920663, 0.9691974061912285, 2598
3102, 6, 0.9548951048951049, 0.9448985003042638, 0.9648917094859459, 2860
3112, 5, 0.9639913232104121, 0.9539947641174626, 0.9739878823033616, 2305
3095, 6, 0.9582235604064735, 0.9482247296800549, 0.9682223911328921, 2657
3099, 6, 0.9539993134225884, 0.9440008835629309, 0.9639977432822459, 2913
3100, 8, 0.9443647834815028, 0.9343655969990448, 0.9543639699639608, 3487
3113, 6, 0.9520977865873802, 0.9420987486392236, 0.9620968245355368, 3027
3111, 6, 0.9584120982986768, 0.9484122671102474, 0.9684119294871062, 2645
3085, 5, 0.9601891998423334, 0.9501900175322328, 0.9701883821524341, 2537
3100, 7, 0.9570799706529713, 0.9470802687903997, 0.9670796725155429, 2726
3117, 5, 0.9642077695329551, 0.9542097723734384, 0.9742057666924717, 2291
3096, 8, 0.9421853388658368, 0.9321858253646561, 0.9521848523670174, 3615
3129, 5, 0.9631043256997456, 0.9531043636700305, 0.9731042877294607, 2358
3098, 9, 0.9431946006749157, 0.9331955114417215, 0.9531936899081098, 3556
3108, 5, 0.9631043256997456, 0.9531043636700305, 0.9731042877294607, 2358
3111, 5, 0.9629005059021922, 0.9529036549394581, 0.9728973568649264, 2372
# timestamp 22.10.2025 00:12:52 (1761084772), datastructure SAC
# timebound 18, expirations {"r1": 0, "r2": 0}
# alpha 0.1, gamma 1
# fixed points 5, uniform granularity 0.5
# scheduler goal: MAXIMIZING, scope: NONPROPHETIC, history: MEMORYLESS
# training runs 1000000

[2025-10-22 00:16:16.718] [info] 2.1 Simulating on SAC: 203892
[2025-10-22 00:16:16.718] [info] Analysis finished; the goal is not reachable.
[2025-10-22 00:16:16.718] [info] Probability: 0.0
[2025-10-22 00:16:16.718] [info] 2 Analysis: 203892
[2025-10-22 00:16:16.718] [info] 0 Computation Time Complete: 203892
[2025-10-22 00:16:16.718] [info] Counters and timers:
Counters:

Timers:
0 Computation Time Complete: 203892
1 Model creation: 0
2 Analysis: 203892
2.0 Creating Unified Datastructure from SAC: 0
2.1 Simulating on SAC: 203892

