timebound = 20, jump depth = 100, max expirations of random clocks = [{r1: 0}, {r2: 0}], combine absorbing locations in unrolling = 68, integration bound(s) = 20, integration samples = 500000, model = WATERTANK, model case = CASE_D, LTI analysis = rectangular analysis, scheduler = goal: MAXIMIZING, scope: SEMIPROPHETIC, history: HISTORY_DEPENDENT, multithreaded = 1, disableBackwardsRefinement = 0
simulating 0 runs after 1000000 training runs with parameters:
learning rate                 0.1
discount factor               1
exploration rate              0.15
uniform granularity           0.5
adaptive compartments         5


[2025-10-22 00:16:16.737] [warning] no flow specified for variable c1 in location all_off - assuming flow of 0
[2025-10-22 00:16:16.737] [warning] no flow specified for variable c1 in location v2_on - assuming flow of 0
[2025-10-22 00:16:16.737] [warning] no flow specified for variable c1 in location v1_block - assuming flow of 0
[2025-10-22 00:16:16.737] [warning] no flow specified for variable c1 in location v2_block - assuming flow of 0
[2025-10-22 00:16:16.737] [warning] no flow specified for variable c1 in location v1_block_v2_on - assuming flow of 0
[2025-10-22 00:16:16.737] [warning] no flow specified for variable c1 in location block_safe - assuming flow of 0
[2025-10-22 00:16:16.737] [warning] no flow specified for variable c1 in location block_unsafe - assuming flow of 0
[2025-10-22 00:16:16.737] [warning] no flow specified for variable c2 in location all_off - assuming flow of 0
[2025-10-22 00:16:16.737] [warning] no flow specified for variable c2 in location v1_on - assuming flow of 0
[2025-10-22 00:16:16.737] [warning] no flow specified for variable c2 in location v1_block - assuming flow of 0
[2025-10-22 00:16:16.737] [warning] no flow specified for variable c2 in location v2_block - assuming flow of 0
[2025-10-22 00:16:16.737] [warning] no flow specified for variable c2 in location v2_block_v1_on - assuming flow of 0
[2025-10-22 00:16:16.737] [warning] no flow specified for variable c2 in location block_safe - assuming flow of 0
[2025-10-22 00:16:16.737] [warning] no flow specified for variable c2 in location block_unsafe - assuming flow of 0
[2025-10-22 00:16:16.737] [warning] no constraints specified for variable c1 in initial constraint number 0 - assuming [0,0]
[2025-10-22 00:16:16.737] [warning] no constraints specified for variable c2 in initial constraint number 0 - assuming [0,0]
[2025-10-22 00:16:16.737] [info] 1 Model creation: 0
[2025-10-22 00:16:16.738] [info] 2.0 Creating Unified Datastructure from SAC: 0
[2025-10-22 00:16:21.803] [info] runs 1250 | prob 0.9808 | low 0.9708015726542477 | high 0.9907984273457523
[2025-10-22 00:16:26.920] [info] runs 1301 | prob 0.9800153727901614 | low 0.9700206286657813 | high 0.9900101169145414
[2025-10-22 00:16:32.011] [info] runs 1054 | prob 0.9838709677419355 | low 0.9738755999015478 | high 0.9938663355823232
[2025-10-22 00:16:37.093] [info] runs 1325 | prob 0.979622641509434 | low 0.969623993735661 | high 0.989621289283207
[2025-10-22 00:16:42.161] [info] runs 1224 | prob 0.9812091503267973 | low 0.9712112419217648 | high 0.9912070587318299
[2025-10-22 00:16:47.250] [info] runs 1276 | prob 0.9804075235109718 | low 0.9704128524301917 | high 0.9904021945917519
[2025-10-22 00:16:52.360] [info] runs 1170 | prob 0.982051282051282 | low 0.9720527388418739 | high 0.9920498252606901
[2025-10-22 00:16:57.438] [info] runs 1054 | prob 0.9838709677419355 | low 0.9738755999015478 | high 0.9938663355823232
[2025-10-22 00:17:02.531] [info] runs 1589 | prob 0.9754562617998741 | low 0.9654572250290147 | high 0.9854552985707336
[2025-10-22 00:17:07.641] [info] runs 1084 | prob 0.9833948339483395 | low 0.9733967497393854 | high 0.9933929181572936
[2025-10-22 00:17:12.724] [info] runs 1832 | prob 0.9716157205240175 | low 0.9616210305405758 | high 0.9816104105074591
[2025-10-22 00:17:17.811] [info] runs 1054 | prob 0.9838709677419355 | low 0.9738755999015478 | high 0.9938663355823232
[2025-10-22 00:17:22.899] [info] runs 1000 | prob 0.985 | low 0.9750983036604832 | high 0.9949016963395168
[2025-10-22 00:17:27.954] [info] runs 1023 | prob 0.9843597262952102 | low 0.974366467494181 | high 0.9943529850962394
[2025-10-22 00:17:33.004] [info] runs 1419 | prob 0.97815362931642 | low 0.9681571321901097 | high 0.9881501264427304
[2025-10-22 00:17:38.061] [info] runs 1441 | prob 0.9777931991672449 | low 0.9677936510812322 | high 0.9877927472532577
[2025-10-22 00:17:43.141] [info] runs 1000 | prob 0.988 | low 0.9791301769884625 | high 0.9968698230115375
[2025-10-22 00:17:48.253] [info] runs 1023 | prob 0.9843597262952102 | low 0.974366467494181 | high 0.9943529850962394
[2025-10-22 00:17:53.329] [info] runs 1301 | prob 0.9800153727901614 | low 0.9700206286657813 | high 0.9900101169145414
[2025-10-22 00:17:58.424] [info] runs 1170 | prob 0.982051282051282 | low 0.9720527388418739 | high 0.9920498252606901
[2025-10-22 00:18:03.507] [info] runs 1441 | prob 0.9777931991672449 | low 0.9677936510812322 | high 0.9877927472532577
[2025-10-22 00:18:08.591] [info] runs 1276 | prob 0.9804075235109718 | low 0.9704128524301917 | high 0.9904021945917519
[2025-10-22 00:18:13.692] [info] runs 1464 | prob 0.9774590163934426 | low 0.9674656679507027 | high 0.9874523648361825
[2025-10-22 00:18:18.780] [info] runs 1114 | prob 0.9829443447037702 | low 0.9729512056070148 | high 0.9929374838005257
[2025-10-22 00:18:23.889] [info] runs 1396 | prob 0.9785100286532952 | low 0.9685122456060832 | high 0.9885078117005072
[2025-10-22 00:18:24.033] [info] RESULT:
training_time, simulation_time, prob, low, high, runs
5060, 4, 0.9808, 0.9708015726542477, 0.9907984273457523, 1250
5056, 4, 0.9800153727901614, 0.9700206286657813, 0.9900101169145414, 1301
4937, 3, 0.9838709677419355, 0.9738755999015478, 0.9938663355823232, 1054
4928, 4, 0.979622641509434, 0.969623993735661, 0.989621289283207, 1325
4914, 4, 0.9812091503267973, 0.9712112419217648, 0.9912070587318299, 1224
4936, 4, 0.9804075235109718, 0.9704128524301917, 0.9904021945917519, 1276
4956, 4, 0.982051282051282, 0.9720527388418739, 0.9920498252606901, 1170
4926, 3, 0.9838709677419355, 0.9738755999015478, 0.9938663355823232, 1054
4941, 5, 0.9754562617998741, 0.9654572250290147, 0.9854552985707336, 1589
4956, 3, 0.9833948339483395, 0.9733967497393854, 0.9933929181572936, 1084
4929, 6, 0.9716157205240175, 0.9616210305405758, 0.9816104105074591, 1832
4934, 3, 0.9838709677419355, 0.9738755999015478, 0.9938663355823232, 1054
4935, 3, 0.985, 0.9750983036604832, 0.9949016963395168, 1000
4904, 3, 0.9843597262952102, 0.974366467494181, 0.9943529850962394, 1023
4899, 5, 0.97815362931642, 0.9681571321901097, 0.9881501264427304, 1419
4907, 5, 0.9777931991672449, 0.9677936510812322, 0.9877927472532577, 1441
4929, 3, 0.988, 0.9791301769884625, 0.9968698230115375, 1000
4960, 3, 0.9843597262952102, 0.974366467494181, 0.9943529850962394, 1023
4925, 4, 0.9800153727901614, 0.9700206286657813, 0.9900101169145414, 1301
4943, 4, 0.982051282051282, 0.9720527388418739, 0.9920498252606901, 1170
4929, 5, 0.9777931991672449, 0.9677936510812322, 0.9877927472532577, 1441
4932, 4, 0.9804075235109718, 0.9704128524301917, 0.9904021945917519, 1276
4951, 5, 0.9774590163934426, 0.9674656679507027, 0.9874523648361825, 1464
4937, 3, 0.9829443447037702, 0.9729512056070148, 0.9929374838005257, 1114
4955, 4, 0.9785100286532952, 0.9685122456060832, 0.9885078117005072, 1396
# timestamp 22.10.2025 00:16:16 (1761084976), datastructure SAC
# timebound 20, expirations {"r1": 0, "r2": 0}
# alpha 0.1, gamma 1
# fixed points 5, uniform granularity 0.5
# scheduler goal: MAXIMIZING, scope: SEMIPROPHETIC, history: MEMORYLESS
# training runs 1000000

[2025-10-22 00:18:27.159] [info] runs 1198 | prob 0.9816360601001669 | low 0.9716435261404355 | high 0.9916285940598983
[2025-10-22 00:18:30.255] [info] runs 1396 | prob 0.9785100286532952 | low 0.9685122456060832 | high 0.9885078117005072
[2025-10-22 00:18:33.382] [info] runs 1832 | prob 0.9716157205240175 | low 0.9616210305405758 | high 0.9816104105074591
[2025-10-22 00:18:36.501] [info] runs 1549 | prob 0.9761136216914138 | low 0.966119480291616 | high 0.9861077630912116
[2025-10-22 00:18:39.628] [info] runs 1832 | prob 0.9716157205240175 | low 0.9616210305405758 | high 0.9816104105074591
[2025-10-22 00:18:42.744] [info] runs 1198 | prob 0.9816360601001669 | low 0.9716435261404355 | high 0.9916285940598983
[2025-10-22 00:18:45.890] [info] runs 1301 | prob 0.9800153727901614 | low 0.9700206286657813 | high 0.9900101169145414
[2025-10-22 00:18:49.065] [info] runs 1649 | prob 0.9745300181928441 | low 0.9645358314784621 | high 0.9845242049072261
[2025-10-22 00:18:52.214] [info] runs 1054 | prob 0.9838709677419355 | low 0.9738755999015478 | high 0.9938663355823232
[2025-10-22 00:18:55.339] [info] runs 1419 | prob 0.97815362931642 | low 0.9681571321901097 | high 0.9881501264427304
[2025-10-22 00:18:58.492] [info] runs 1849 | prob 0.971335857220119 | low 0.9613397341848154 | high 0.9813319802554225
[2025-10-22 00:19:01.616] [info] runs 1485 | prob 0.9771043771043771 | low 0.9671060039107862 | high 0.9871027502979681
[2025-10-22 00:19:04.754] [info] runs 1000 | prob 0.985 | low 0.9750983036604832 | high 0.9949016963395168
[2025-10-22 00:19:07.915] [info] runs 1814 | prob 0.9718853362734289 | low 0.9618876114567799 | high 0.9818830610900778
[2025-10-22 00:19:11.061] [info] runs 2207 | prob 0.9655641141821477 | low 0.9555654753791207 | high 0.9755627529851747
[2025-10-22 00:19:14.175] [info] runs 1114 | prob 0.9829443447037702 | low 0.9729512056070148 | high 0.9929374838005257
[2025-10-22 00:19:17.324] [info] runs 1000 | prob 0.985 | low 0.9750983036604832 | high 0.9949016963395168
[2025-10-22 00:19:20.477] [info] runs 1485 | prob 0.9771043771043771 | low 0.9671060039107862 | high 0.9871027502979681
[2025-10-22 00:19:23.644] [info] runs 1000 | prob 0.985 | low 0.9750983036604832 | high 0.9949016963395168
[2025-10-22 00:19:26.795] [info] runs 1198 | prob 0.9816360601001669 | low 0.9716435261404355 | high 0.9916285940598983
[2025-10-22 00:19:29.917] [info] runs 1441 | prob 0.9777931991672449 | low 0.9677936510812322 | high 0.9877927472532577
[2025-10-22 00:19:33.072] [info] runs 1507 | prob 0.9767750497677505 | low 0.966780484523591 | high 0.9867696150119101
[2025-10-22 00:19:36.216] [info] runs 1507 | prob 0.9767750497677505 | low 0.966780484523591 | high 0.9867696150119101
[2025-10-22 00:19:39.332] [info] runs 1507 | prob 0.9767750497677505 | low 0.966780484523591 | high 0.9867696150119101
[2025-10-22 00:19:42.452] [info] runs 1549 | prob 0.9761136216914138 | low 0.966119480291616 | high 0.9861077630912116
[2025-10-22 00:19:42.453] [info] RESULT:
training_time, simulation_time, prob, low, high, runs
3123, 3, 0.9816360601001669, 0.9716435261404355, 0.9916285940598983, 1198
3091, 3, 0.9785100286532952, 0.9685122456060832, 0.9885078117005072, 1396
3122, 4, 0.9716157205240175, 0.9616210305405758, 0.9816104105074591, 1832
3113, 4, 0.9761136216914138, 0.966119480291616, 0.9861077630912116, 1549
3122, 4, 0.9716157205240175, 0.9616210305405758, 0.9816104105074591, 1832
3112, 2, 0.9816360601001669, 0.9716435261404355, 0.9916285940598983, 1198
3143, 3, 0.9800153727901614, 0.9700206286657813, 0.9900101169145414, 1301
3170, 3, 0.9745300181928441, 0.9645358314784621, 0.9845242049072261, 1649
3145, 2, 0.9838709677419355, 0.9738755999015478, 0.9938663355823232, 1054
3121, 3, 0.97815362931642, 0.9681571321901097, 0.9881501264427304, 1419
3148, 4, 0.971335857220119, 0.9613397341848154, 0.9813319802554225, 1849
3120, 3, 0.9771043771043771, 0.9671060039107862, 0.9871027502979681, 1485
3135, 2, 0.985, 0.9750983036604832, 0.9949016963395168, 1000
3156, 4, 0.9718853362734289, 0.9618876114567799, 0.9818830610900778, 1814
3139, 5, 0.9655641141821477, 0.9555654753791207, 0.9755627529851747, 2207
3111, 2, 0.9829443447037702, 0.9729512056070148, 0.9929374838005257, 1114
3146, 2, 0.985, 0.9750983036604832, 0.9949016963395168, 1000
3150, 3, 0.9771043771043771, 0.9671060039107862, 0.9871027502979681, 1485
3163, 2, 0.985, 0.9750983036604832, 0.9949016963395168, 1000
3147, 2, 0.9816360601001669, 0.9716435261404355, 0.9916285940598983, 1198
3118, 3, 0.9777931991672449, 0.9677936510812322, 0.9877927472532577, 1441
3151, 3, 0.9767750497677505, 0.966780484523591, 0.9867696150119101, 1507
3139, 3, 0.9767750497677505, 0.966780484523591, 0.9867696150119101, 1507
3111, 3, 0.9767750497677505, 0.966780484523591, 0.9867696150119101, 1507
3116, 3, 0.9761136216914138, 0.966119480291616, 0.9861077630912116, 1549
# timestamp 22.10.2025 00:16:16 (1761084976), datastructure SAC
# timebound 20, expirations {"r1": 0, "r2": 0}
# alpha 0.1, gamma 1
# fixed points 5, uniform granularity 0.5
# scheduler goal: MAXIMIZING, scope: NONPROPHETIC, history: MEMORYLESS
# training runs 1000000

[2025-10-22 00:19:42.453] [info] 2.1 Simulating on SAC: 205715
[2025-10-22 00:19:42.453] [info] Analysis finished; the goal is not reachable.
[2025-10-22 00:19:42.453] [info] Probability: 0.0
[2025-10-22 00:19:42.453] [info] 2 Analysis: 205715
[2025-10-22 00:19:42.453] [info] 0 Computation Time Complete: 205715
[2025-10-22 00:19:42.453] [info] Counters and timers:
Counters:

Timers:
0 Computation Time Complete: 205715
1 Model creation: 0
2 Analysis: 205715
2.0 Creating Unified Datastructure from SAC: 0
2.1 Simulating on SAC: 205715

