timebound = 8, jump depth = 100, max expirations of random clocks = [{r1: 0}, {r2: 0}], combine absorbing locations in unrolling = 110, integration bound(s) = 8, integration samples = 500000, model = WATERTANK, model case = CASE_D, LTI analysis = rectangular analysis, scheduler = goal: MAXIMIZING, scope: SEMIPROPHETIC, history: HISTORY_DEPENDENT, multithreaded = 1, disableBackwardsRefinement = 0
simulating 0 runs after 5000 training runs with parameters:
learning rate                 0.1
discount factor               1
exploration rate              0.15
uniform granularity           1
adaptive compartments         5


[2025-10-21 23:57:28.994] [warning] no flow specified for variable c1 in location all_off - assuming flow of 0
[2025-10-21 23:57:28.994] [warning] no flow specified for variable c1 in location v2_on - assuming flow of 0
[2025-10-21 23:57:28.994] [warning] no flow specified for variable c1 in location v1_block - assuming flow of 0
[2025-10-21 23:57:28.994] [warning] no flow specified for variable c1 in location v2_block - assuming flow of 0
[2025-10-21 23:57:28.994] [warning] no flow specified for variable c1 in location v1_block_v2_on - assuming flow of 0
[2025-10-21 23:57:28.995] [warning] no flow specified for variable c1 in location block_safe - assuming flow of 0
[2025-10-21 23:57:28.995] [warning] no flow specified for variable c1 in location block_unsafe - assuming flow of 0
[2025-10-21 23:57:28.995] [warning] no flow specified for variable c2 in location all_off - assuming flow of 0
[2025-10-21 23:57:28.995] [warning] no flow specified for variable c2 in location v1_on - assuming flow of 0
[2025-10-21 23:57:28.995] [warning] no flow specified for variable c2 in location v1_block - assuming flow of 0
[2025-10-21 23:57:28.995] [warning] no flow specified for variable c2 in location v2_block - assuming flow of 0
[2025-10-21 23:57:28.995] [warning] no flow specified for variable c2 in location v2_block_v1_on - assuming flow of 0
[2025-10-21 23:57:28.995] [warning] no flow specified for variable c2 in location block_safe - assuming flow of 0
[2025-10-21 23:57:28.995] [warning] no flow specified for variable c2 in location block_unsafe - assuming flow of 0
[2025-10-21 23:57:28.995] [warning] no constraints specified for variable c1 in initial constraint number 0 - assuming [0,0]
[2025-10-21 23:57:28.995] [warning] no constraints specified for variable c2 in initial constraint number 0 - assuming [0,0]
[2025-10-21 23:57:28.995] [info] 1 Model creation: 0
[2025-10-21 23:57:28.995] [info] 2.0 Creating Unified Datastructure from SAC: 0
[2025-10-21 23:57:29.031] [info] runs 16513 | prob 0.533942954036214 | low 0.5239429577836933 | high 0.5439429502887346
[2025-10-21 23:57:29.066] [info] runs 16530 | prob 0.52994555353902 | low 0.5199455733224638 | high 0.5399455337555761
[2025-10-21 23:57:29.077] [info] runs 1000 | prob 0 | low 0 | high 0
[2025-10-21 23:57:29.113] [info] runs 16485 | prob 0.5398847437063997 | low 0.5298850838533857 | high 0.5498844035594137
[2025-10-21 23:57:29.149] [info] runs 16512 | prob 0.5342175387596899 | low 0.5242176157697316 | high 0.5442174617496482
[2025-10-21 23:57:29.161] [info] runs 1000 | prob 0 | low 0 | high 0
[2025-10-21 23:57:29.195] [info] runs 16513 | prob 0.5340035123841822 | low 0.5240035988074973 | high 0.5440034259608671
[2025-10-21 23:57:29.232] [info] runs 16519 | prob 0.5327198982989285 | low 0.5227200805362123 | high 0.5427197160616447
[2025-10-21 23:57:29.268] [info] runs 16465 | prob 0.5433950804737322 | low 0.5333952385339794 | high 0.553394922413485
[2025-10-21 23:57:29.303] [info] runs 16529 | prob 0.5302196140117369 | low 0.520219662281588 | high 0.5402195657418858
[2025-10-21 23:57:29.339] [info] runs 16479 | prob 0.5409308817282602 | low 0.5309311037150104 | high 0.55093065974151
[2025-10-21 23:57:29.374] [info] runs 16484 | prob 0.5400388255277845 | low 0.5300391102400496 | high 0.5500385408155194
[2025-10-21 23:57:29.386] [info] runs 1000 | prob 0 | low 0 | high 0
[2025-10-21 23:57:29.421] [info] runs 16514 | prob 0.533850066610149 | low 0.5238502466147056 | high 0.5438498866055924
[2025-10-21 23:57:29.457] [info] runs 16511 | prob 0.5344315910605051 | low 0.5244316605330269 | high 0.5444315215879832
[2025-10-21 23:57:29.493] [info] runs 16504 | prob 0.5359912748424625 | low 0.5259914317678679 | high 0.545991117917057
[2025-10-21 23:57:29.504] [info] runs 1000 | prob 0 | low 0 | high 0
[2025-10-21 23:57:29.539] [info] runs 16515 | prob 0.5336360884044807 | low 0.5236362810403241 | high 0.5436358957686374
[2025-10-21 23:57:29.574] [info] runs 16510 | prob 0.5347668079951544 | low 0.524767040789354 | high 0.5447665752009548
[2025-10-21 23:57:29.611] [info] runs 14314 | prob 0.3147967025289926 | low 0.30479692906276196 | high 0.32479647599522327
[2025-10-21 23:57:29.622] [info] runs 1000 | prob 0 | low 0 | high 0
[2025-10-21 23:57:29.658] [info] runs 16507 | prob 0.5353486399709214 | low 0.5253487840833976 | high 0.5453484958584452
[2025-10-21 23:57:29.693] [info] runs 16495 | prob 0.5378599575628978 | low 0.5278601623683464 | high 0.5478597527574492
[2025-10-21 23:57:29.728] [info] runs 16528 | prob 0.5304937076476283 | low 0.5204937874635738 | high 0.5404936278316828
[2025-10-21 23:57:29.764] [info] runs 16523 | prob 0.5316831083943594 | low 0.5216831602022798 | high 0.541683056586439
[2025-10-21 23:57:29.764] [info] RESULT:
training_time, simulation_time, prob, low, high, runs
10, 26, 0.533942954036214, 0.5239429577836933, 0.5439429502887346, 16513
10, 24, 0.52994555353902, 0.5199455733224638, 0.5399455337555761, 16530
9, 1, 0, 0, 0, 1000
9, 25, 0.5398847437063997, 0.5298850838533857, 0.5498844035594137, 16485
9, 26, 0.5342175387596899, 0.5242176157697316, 0.5442174617496482, 16512
9, 1, 0, 0, 0, 1000
9, 24, 0.5340035123841822, 0.5240035988074973, 0.5440034259608671, 16513
10, 25, 0.5327198982989285, 0.5227200805362123, 0.5427197160616447, 16519
9, 25, 0.5433950804737322, 0.5333952385339794, 0.553394922413485, 16465
9, 26, 0.5302196140117369, 0.520219662281588, 0.5402195657418858, 16529
9, 25, 0.5409308817282602, 0.5309311037150104, 0.55093065974151, 16479
9, 25, 0.5400388255277845, 0.5300391102400496, 0.5500385408155194, 16484
9, 1, 0, 0, 0, 1000
9, 25, 0.533850066610149, 0.5238502466147056, 0.5438498866055924, 16514
9, 26, 0.5344315910605051, 0.5244316605330269, 0.5444315215879832, 16511
9, 25, 0.5359912748424625, 0.5259914317678679, 0.545991117917057, 16504
9, 1, 0, 0, 0, 1000
9, 25, 0.5336360884044807, 0.5236362810403241, 0.5436358957686374, 16515
9, 25, 0.5347668079951544, 0.524767040789354, 0.5447665752009548, 16510
9, 26, 0.3147967025289926, 0.30479692906276196, 0.32479647599522327, 14314
10, 1, 0, 0, 0, 1000
9, 25, 0.5353486399709214, 0.5253487840833976, 0.5453484958584452, 16507
9, 25, 0.5378599575628978, 0.5278601623683464, 0.5478597527574492, 16495
9, 25, 0.5304937076476283, 0.5204937874635738, 0.5404936278316828, 16528
9, 26, 0.5316831083943594, 0.5216831602022798, 0.541683056586439, 16523
# timestamp 21.10.2025 23:57:28 (1761083848), datastructure SAC
# timebound 8, expirations {"r1": 0, "r2": 0}
# alpha 0.1, gamma 1
# fixed points 5, uniform granularity 1
# scheduler goal: MAXIMIZING, scope: NONPROPHETIC, history: DISCRETE_HISTORY
# training runs 5000

[2025-10-21 23:57:29.797] [info] runs 16524 | prob 0.5315904139433552 | low 0.5215906505743378 | high 0.5415901773123725
[2025-10-21 23:57:29.831] [info] runs 16511 | prob 0.5345527224274726 | low 0.5245529598198194 | high 0.5445524850351259
[2025-10-21 23:57:29.842] [info] runs 1000 | prob 0 | low 0 | high 0
[2025-10-21 23:57:29.876] [info] runs 16521 | prob 0.5322317051025967 | low 0.5222318558017612 | high 0.5422315544034321
[2025-10-21 23:57:29.887] [info] runs 1000 | prob 0 | low 0 | high 0
[2025-10-21 23:57:29.920] [info] runs 16534 | prob 0.5289101245917504 | low 0.5189101310947724 | high 0.5389101180887284
[2025-10-21 23:57:29.931] [info] runs 1000 | prob 0 | low 0 | high 0
[2025-10-21 23:57:29.965] [info] runs 16539 | prob 0.5277828163734204 | low 0.5177830523493556 | high 0.5377825803974852
[2025-10-21 23:57:29.976] [info] runs 1000 | prob 0 | low 0 | high 0
[2025-10-21 23:57:30.009] [info] runs 16513 | prob 0.5340035123841822 | low 0.5240035988074973 | high 0.5440034259608671
[2025-10-21 23:57:30.042] [info] runs 16497 | prob 0.5374916651512396 | low 0.5274919179650881 | high 0.5474914123373911
[2025-10-21 23:57:30.075] [info] runs 16514 | prob 0.533850066610149 | low 0.5238502466147056 | high 0.5438498866055924
[2025-10-21 23:57:30.109] [info] runs 16505 | prob 0.5357164495607392 | low 0.5257165132557607 | high 0.5457163858657176
[2025-10-21 23:57:30.143] [info] runs 16495 | prob 0.5377387086996059 | low 0.5277387291283271 | high 0.5477386882708848
[2025-10-21 23:57:30.176] [info] runs 16495 | prob 0.5379205819945438 | low 0.5279208792114194 | high 0.5479202847776683
[2025-10-21 23:57:30.187] [info] runs 1000 | prob 0 | low 0 | high 0
[2025-10-21 23:57:30.222] [info] runs 16472 | prob 0.5421321029626032 | low 0.5321322099918986 | high 0.5521319959333078
[2025-10-21 23:57:30.255] [info] runs 16498 | prob 0.5373378591344405 | low 0.5273381835416527 | high 0.5473375347272283
[2025-10-21 23:57:30.288] [info] runs 16522 | prob 0.5320179155065973 | low 0.5220180929845198 | high 0.5420177380286747
[2025-10-21 23:57:30.299] [info] runs 1000 | prob 0 | low 0 | high 0
[2025-10-21 23:57:30.309] [info] runs 1000 | prob 0 | low 0 | high 0
[2025-10-21 23:57:30.343] [info] runs 16526 | prob 0.5311025051434104 | low 0.5211027327356551 | high 0.5411022775511657
[2025-10-21 23:57:30.377] [info] runs 16483 | prob 0.540132257477401 | low 0.5301323896391456 | high 0.5501321253156565
[2025-10-21 23:57:30.411] [info] runs 16489 | prob 0.5390260173448966 | low 0.5290262068248864 | high 0.5490258278649068
[2025-10-21 23:57:30.444] [info] runs 16497 | prob 0.5375522822331333 | low 0.5275526265384106 | high 0.5475519379278561
[2025-10-21 23:57:30.444] [info] RESULT:
training_time, simulation_time, prob, low, high, runs
9, 23, 0.5315904139433552, 0.5215906505743378, 0.5415901773123725, 16524
9, 24, 0.5345527224274726, 0.5245529598198194, 0.5445524850351259, 16511
9, 1, 0, 0, 0, 1000
9, 25, 0.5322317051025967, 0.5222318558017612, 0.5422315544034321, 16521
9, 1, 0, 0, 0, 1000
9, 24, 0.5289101245917504, 0.5189101310947724, 0.5389101180887284, 16534
9, 1, 0, 0, 0, 1000
9, 24, 0.5277828163734204, 0.5177830523493556, 0.5377825803974852, 16539
9, 1, 0, 0, 0, 1000
9, 24, 0.5340035123841822, 0.5240035988074973, 0.5440034259608671, 16513
9, 24, 0.5374916651512396, 0.5274919179650881, 0.5474914123373911, 16497
9, 23, 0.533850066610149, 0.5238502466147056, 0.5438498866055924, 16514
9, 24, 0.5357164495607392, 0.5257165132557607, 0.5457163858657176, 16505
9, 24, 0.5377387086996059, 0.5277387291283271, 0.5477386882708848, 16495
9, 24, 0.5379205819945438, 0.5279208792114194, 0.5479202847776683, 16495
9, 1, 0, 0, 0, 1000
9, 24, 0.5421321029626032, 0.5321322099918986, 0.5521319959333078, 16472
9, 24, 0.5373378591344405, 0.5273381835416527, 0.5473375347272283, 16498
9, 24, 0.5320179155065973, 0.5220180929845198, 0.5420177380286747, 16522
9, 1, 0, 0, 0, 1000
9, 1, 0, 0, 0, 1000
9, 25, 0.5311025051434104, 0.5211027327356551, 0.5411022775511657, 16526
9, 24, 0.540132257477401, 0.5301323896391456, 0.5501321253156565, 16483
9, 23, 0.5390260173448966, 0.5290262068248864, 0.5490258278649068, 16489
9, 24, 0.5375522822331333, 0.5275526265384106, 0.5475519379278561, 16497
# timestamp 21.10.2025 23:57:28 (1761083848), datastructure SAC
# timebound 8, expirations {"r1": 0, "r2": 0}
# alpha 0.1, gamma 1
# fixed points 5, uniform granularity 1
# scheduler goal: MAXIMIZING, scope: NONPROPHETIC, history: MEMORYLESS
# training runs 5000

[2025-10-21 23:57:30.444] [info] 2.1 Simulating on SAC: 1449
[2025-10-21 23:57:30.444] [info] Analysis finished; the goal is not reachable.
[2025-10-21 23:57:30.444] [info] Probability: 0.0
[2025-10-21 23:57:30.444] [info] 2 Analysis: 1449
[2025-10-21 23:57:30.444] [info] 0 Computation Time Complete: 1449
[2025-10-21 23:57:30.444] [info] Counters and timers:
Counters:

Timers:
0 Computation Time Complete: 1449
1 Model creation: 0
2 Analysis: 1449
2.0 Creating Unified Datastructure from SAC: 0
2.1 Simulating on SAC: 1449

timebound = 8, jump depth = 100, max expirations of random clocks = [{r1: 0}, {r2: 0}], combine absorbing locations in unrolling = 96, integration bound(s) = 8, integration samples = 500000, model = WATERTANK, model case = CASE_D, LTI analysis = rectangular analysis, scheduler = goal: MAXIMIZING, scope: SEMIPROPHETIC, history: HISTORY_DEPENDENT, multithreaded = 1, disableBackwardsRefinement = 0
simulating 0 runs after 20000 training runs with parameters:
learning rate                 0.1
discount factor               1
exploration rate              0.15
uniform granularity           0.5
adaptive compartments         5


[2025-10-21 23:57:30.455] [warning] no flow specified for variable c1 in location all_off - assuming flow of 0
[2025-10-21 23:57:30.455] [warning] no flow specified for variable c1 in location v2_on - assuming flow of 0
[2025-10-21 23:57:30.455] [warning] no flow specified for variable c1 in location v1_block - assuming flow of 0
[2025-10-21 23:57:30.455] [warning] no flow specified for variable c1 in location v2_block - assuming flow of 0
[2025-10-21 23:57:30.455] [warning] no flow specified for variable c1 in location v1_block_v2_on - assuming flow of 0
[2025-10-21 23:57:30.455] [warning] no flow specified for variable c1 in location block_safe - assuming flow of 0
[2025-10-21 23:57:30.455] [warning] no flow specified for variable c1 in location block_unsafe - assuming flow of 0
[2025-10-21 23:57:30.455] [warning] no flow specified for variable c2 in location all_off - assuming flow of 0
[2025-10-21 23:57:30.455] [warning] no flow specified for variable c2 in location v1_on - assuming flow of 0
[2025-10-21 23:57:30.455] [warning] no flow specified for variable c2 in location v1_block - assuming flow of 0
[2025-10-21 23:57:30.455] [warning] no flow specified for variable c2 in location v2_block - assuming flow of 0
[2025-10-21 23:57:30.455] [warning] no flow specified for variable c2 in location v2_block_v1_on - assuming flow of 0
[2025-10-21 23:57:30.455] [warning] no flow specified for variable c2 in location block_safe - assuming flow of 0
[2025-10-21 23:57:30.455] [warning] no flow specified for variable c2 in location block_unsafe - assuming flow of 0
[2025-10-21 23:57:30.455] [warning] no constraints specified for variable c1 in initial constraint number 0 - assuming [0,0]
[2025-10-21 23:57:30.455] [warning] no constraints specified for variable c2 in initial constraint number 0 - assuming [0,0]
[2025-10-21 23:57:30.455] [info] 1 Model creation: 0
[2025-10-21 23:57:30.455] [info] 2.0 Creating Unified Datastructure from SAC: 0
[2025-10-21 23:57:30.544] [info] runs 15944 | prob 0.5986578023080783 | low 0.5886579415766995 | high 0.6086576630394571
[2025-10-21 23:57:30.631] [info] runs 15784 | prob 0.6101748606183477 | low 0.6001748744500661 | high 0.6201748467866293
[2025-10-21 23:57:30.717] [info] runs 15947 | prob 0.59848247319245 | low 0.5884828339183785 | high 0.6084821124665214
[2025-10-21 23:57:30.803] [info] runs 15809 | prob 0.6085141375166044 | low 0.598514435999295 | high 0.6185138390339139
[2025-10-21 23:57:30.890] [info] runs 15866 | prob 0.6044371612252616 | low 0.5944372658816891 | high 0.6144370565688341
[2025-10-21 23:57:30.976] [info] runs 15816 | prob 0.6080551340414769 | low 0.5980555600007874 | high 0.6180547080821664
[2025-10-21 23:57:31.062] [info] runs 15872 | prob 0.6040196572580645 | low 0.5940198326865869 | high 0.6140194818295421
[2025-10-21 23:57:31.148] [info] runs 15873 | prob 0.603918603918604 | low 0.5939186551092414 | high 0.6139185527279666
[2025-10-21 23:57:31.234] [info] runs 15891 | prob 0.6026052482537285 | low 0.5926052997543715 | high 0.6126051967530856
[2025-10-21 23:57:31.321] [info] runs 16005 | prob 0.593939393939394 | low 0.583939750501453 | high 0.603939037377335
[2025-10-21 23:57:31.408] [info] runs 15893 | prob 0.6025294154659284 | low 0.5925297714220608 | high 0.6125290595097961
[2025-10-21 23:57:31.494] [info] runs 15835 | prob 0.6066940322071361 | low 0.5966943325880956 | high 0.6166937318261767
[2025-10-21 23:57:31.580] [info] runs 15919 | prob 0.6005402349393806 | low 0.5905403375603148 | high 0.6105401323184464
[2025-10-21 23:57:31.667] [info] runs 15829 | prob 0.607113525807063 | low 0.597113811040638 | high 0.617113240573488
[2025-10-21 23:57:31.753] [info] runs 15877 | prob 0.6036404862379543 | low 0.5936405907768577 | high 0.6136403816990509
[2025-10-21 23:57:31.839] [info] runs 15881 | prob 0.603362508658145 | low 0.5933626703558704 | high 0.6133623469604196
[2025-10-21 23:57:31.924] [info] runs 15823 | prob 0.6075333375466093 | low 0.5975336164362364 | high 0.6175330586569823
[2025-10-21 23:57:32.010] [info] runs 15866 | prob 0.604500189083575 | low 0.5945005691333405 | high 0.6144998090338094
[2025-10-21 23:57:32.096] [info] runs 15848 | prob 0.6057546693589096 | low 0.5957548928949078 | high 0.6157544458229115
[2025-10-21 23:57:32.182] [info] runs 15847 | prob 0.6058559979806903 | low 0.5958563549534556 | high 0.6158556410079251
[2025-10-21 23:57:32.279] [info] runs 15763 | prob 0.6116221531434372 | low 0.6016222625290863 | high 0.621622043757788
[2025-10-21 23:57:32.365] [info] runs 15824 | prob 0.6074317492416582 | low 0.5974318862007311 | high 0.6174316122825854
[2025-10-21 23:57:32.452] [info] runs 15983 | prob 0.5956328599136582 | low 0.5856329989506779 | high 0.6056327208766386
[2025-10-21 23:57:32.540] [info] runs 15925 | prob 0.6001255886970173 | low 0.5901258415741714 | high 0.6101253358198632
[2025-10-21 23:57:32.626] [info] runs 15752 | prob 0.6124301675977654 | low 0.6024305986923786 | high 0.6224297365031521
[2025-10-21 23:57:32.629] [info] RESULT:
training_time, simulation_time, prob, low, high, runs
55, 32, 0.5986578023080783, 0.5886579415766995, 0.6086576630394571, 15944
53, 32, 0.6101748606183477, 0.6001748744500661, 0.6201748467866293, 15784
51, 32, 0.59848247319245, 0.5884828339183785, 0.6084821124665214, 15947
51, 31, 0.6085141375166044, 0.598514435999295, 0.6185138390339139, 15809
52, 32, 0.6044371612252616, 0.5944372658816891, 0.6144370565688341, 15866
52, 32, 0.6080551340414769, 0.5980555600007874, 0.6180547080821664, 15816
52, 32, 0.6040196572580645, 0.5940198326865869, 0.6140194818295421, 15872
52, 32, 0.603918603918604, 0.5939186551092414, 0.6139185527279666, 15873
52, 32, 0.6026052482537285, 0.5926052997543715, 0.6126051967530856, 15891
52, 32, 0.593939393939394, 0.583939750501453, 0.603939037377335, 16005
52, 32, 0.6025294154659284, 0.5925297714220608, 0.6125290595097961, 15893
52, 31, 0.6066940322071361, 0.5966943325880956, 0.6166937318261767, 15835
52, 32, 0.6005402349393806, 0.5905403375603148, 0.6105401323184464, 15919
52, 32, 0.607113525807063, 0.597113811040638, 0.617113240573488, 15829
52, 32, 0.6036404862379543, 0.5936405907768577, 0.6136403816990509, 15877
52, 32, 0.603362508658145, 0.5933626703558704, 0.6133623469604196, 15881
51, 31, 0.6075333375466093, 0.5975336164362364, 0.6175330586569823, 15823
52, 32, 0.604500189083575, 0.5945005691333405, 0.6144998090338094, 15866
52, 32, 0.6057546693589096, 0.5957548928949078, 0.6157544458229115, 15848
52, 32, 0.6058559979806903, 0.5958563549534556, 0.6158556410079251, 15847
58, 35, 0.6116221531434372, 0.6016222625290863, 0.621622043757788, 15763
52, 32, 0.6074317492416582, 0.5974318862007311, 0.6174316122825854, 15824
52, 32, 0.5956328599136582, 0.5856329989506779, 0.6056327208766386, 15983
52, 33, 0.6001255886970173, 0.5901258415741714, 0.6101253358198632, 15925
52, 32, 0.6124301675977654, 0.6024305986923786, 0.6224297365031521, 15752
# timestamp 21.10.2025 23:57:30 (1761083850), datastructure SAC
# timebound 8, expirations {"r1": 0, "r2": 0}
# alpha 0.1, gamma 1
# fixed points 5, uniform granularity 0.5
# scheduler goal: MAXIMIZING, scope: SEMIPROPHETIC, history: MEMORYLESS
# training runs 20000

[2025-10-21 23:57:32.629] [info] 2.1 Simulating on SAC: 2173
[2025-10-21 23:57:32.629] [info] Analysis finished; the goal is not reachable.
[2025-10-21 23:57:32.629] [info] Probability: 0.0
[2025-10-21 23:57:32.629] [info] 2 Analysis: 2173
[2025-10-21 23:57:32.629] [info] 0 Computation Time Complete: 2173
[2025-10-21 23:57:32.629] [info] Counters and timers:
Counters:

Timers:
0 Computation Time Complete: 2173
1 Model creation: 0
2 Analysis: 2173
2.0 Creating Unified Datastructure from SAC: 0
2.1 Simulating on SAC: 2173

timebound = 8, jump depth = 100, max expirations of random clocks = [{r1: 0}, {r2: 0}], combine absorbing locations in unrolling = 149, integration bound(s) = 8, integration samples = 500000, model = WATERTANK, model case = CASE_D, LTI analysis = rectangular analysis, scheduler = goal: MAXIMIZING, scope: SEMIPROPHETIC, history: HISTORY_DEPENDENT, multithreaded = 1, disableBackwardsRefinement = 0
simulating 0 runs after 1000000 training runs with parameters:
learning rate                 0.1
discount factor               1
exploration rate              0.15
uniform granularity           0.5
adaptive compartments         5


[2025-10-21 23:57:32.638] [warning] no flow specified for variable c1 in location all_off - assuming flow of 0
[2025-10-21 23:57:32.638] [warning] no flow specified for variable c1 in location v2_on - assuming flow of 0
[2025-10-21 23:57:32.638] [warning] no flow specified for variable c1 in location v1_block - assuming flow of 0
[2025-10-21 23:57:32.638] [warning] no flow specified for variable c1 in location v2_block - assuming flow of 0
[2025-10-21 23:57:32.638] [warning] no flow specified for variable c1 in location v1_block_v2_on - assuming flow of 0
[2025-10-21 23:57:32.638] [warning] no flow specified for variable c1 in location block_safe - assuming flow of 0
[2025-10-21 23:57:32.638] [warning] no flow specified for variable c1 in location block_unsafe - assuming flow of 0
[2025-10-21 23:57:32.638] [warning] no flow specified for variable c2 in location all_off - assuming flow of 0
[2025-10-21 23:57:32.638] [warning] no flow specified for variable c2 in location v1_on - assuming flow of 0
[2025-10-21 23:57:32.638] [warning] no flow specified for variable c2 in location v1_block - assuming flow of 0
[2025-10-21 23:57:32.638] [warning] no flow specified for variable c2 in location v2_block - assuming flow of 0
[2025-10-21 23:57:32.638] [warning] no flow specified for variable c2 in location v2_block_v1_on - assuming flow of 0
[2025-10-21 23:57:32.638] [warning] no flow specified for variable c2 in location block_safe - assuming flow of 0
[2025-10-21 23:57:32.638] [warning] no flow specified for variable c2 in location block_unsafe - assuming flow of 0
[2025-10-21 23:57:32.639] [warning] no constraints specified for variable c1 in initial constraint number 0 - assuming [0,0]
[2025-10-21 23:57:32.639] [warning] no constraints specified for variable c2 in initial constraint number 0 - assuming [0,0]
[2025-10-21 23:57:32.639] [info] 1 Model creation: 0
[2025-10-21 23:57:32.639] [info] 2.0 Creating Unified Datastructure from SAC: 0
[2025-10-21 23:57:35.377] [info] runs 15853 | prob 0.605437456632814 | low 0.5954378549936297 | high 0.6154370582719983
[2025-10-21 23:57:38.157] [info] runs 15769 | prob 0.6111991882808041 | low 0.6011992171097296 | high 0.6211991594518786
[2025-10-21 23:57:40.911] [info] runs 15905 | prob 0.6015718327569947 | low 0.5915718837497417 | high 0.6115717817642476
[2025-10-21 23:57:43.645] [info] runs 15911 | prob 0.6011564326566526 | low 0.5911566130362542 | high 0.6111562522770511
[2025-10-21 23:57:46.380] [info] runs 15876 | prob 0.6037414965986394 | low 0.5937417239870476 | high 0.6137412692102312
[2025-10-21 23:57:49.130] [info] runs 15937 | prob 0.5991717387212148 | low 0.5891717985852025 | high 0.609171678857227
[2025-10-21 23:57:51.881] [info] runs 15842 | prob 0.6061734629465977 | low 0.5961736516991338 | high 0.6161732741940615
[2025-10-21 23:57:54.642] [info] runs 15831 | prob 0.6069104920725159 | low 0.5969104982196735 | high 0.6169104859253584
[2025-10-21 23:57:57.398] [info] runs 15873 | prob 0.603918603918604 | low 0.5939186551092414 | high 0.6139185527279666
[2025-10-21 23:58:00.147] [info] runs 15877 | prob 0.6036404862379543 | low 0.5936405907768577 | high 0.6136403816990509
[2025-10-21 23:58:02.894] [info] runs 15829 | prob 0.6070503506222755 | low 0.597050352255207 | high 0.6170503489893441
[2025-10-21 23:58:05.616] [info] runs 15893 | prob 0.6025294154659284 | low 0.5925297714220608 | high 0.6125290595097961
[2025-10-21 23:58:08.379] [info] runs 15914 | prob 0.6009802689455825 | low 0.5909806494527785 | high 0.6109798884383866
[2025-10-21 23:58:11.108] [info] runs 15829 | prob 0.607113525807063 | low 0.597113811040638 | high 0.617113240573488
[2025-10-21 23:58:13.854] [info] runs 15847 | prob 0.6057928945541743 | low 0.5957929718909679 | high 0.6157928172173807
[2025-10-21 23:58:16.625] [info] runs 15805 | prob 0.6087314141094591 | low 0.5987314381437314 | high 0.6187313900751867
[2025-10-21 23:58:19.385] [info] runs 15874 | prob 0.6038805594053168 | low 0.5938807603366154 | high 0.6138803584740182
[2025-10-21 23:58:22.139] [info] runs 15865 | prob 0.6045382918373778 | low 0.5945385233202631 | high 0.6145380603544925
[2025-10-21 23:58:24.883] [info] runs 15905 | prob 0.6015718327569947 | low 0.5915718837497417 | high 0.6115717817642476
[2025-10-21 23:58:27.620] [info] runs 15816 | prob 0.6079919069296914 | low 0.5979920463201338 | high 0.617991767539249
[2025-10-21 23:58:30.375] [info] runs 15903 | prob 0.6017732503301264 | low 0.591773527024018 | high 0.6117729736362348
[2025-10-21 23:58:33.120] [info] runs 15837 | prob 0.6064911283702722 | low 0.5964911539165473 | high 0.6164911028239971
[2025-10-21 23:58:35.886] [info] runs 15942 | prob 0.5988583615606574 | low 0.5888586980274579 | high 0.6088580250938569
[2025-10-21 23:58:38.648] [info] runs 16009 | prob 0.5936035979761384 | low 0.5836038985542673 | high 0.6036032973980094
[2025-10-21 23:58:41.417] [info] runs 15868 | prob 0.6042979581547769 | low 0.5942980854448392 | high 0.6142978308647147
[2025-10-21 23:58:41.430] [info] RESULT:
training_time, simulation_time, prob, low, high, runs
2704, 34, 0.605437456632814, 0.5954378549936297, 0.6154370582719983, 15853
2737, 34, 0.6111991882808041, 0.6011992171097296, 0.6211991594518786, 15769
2708, 34, 0.6015718327569947, 0.5915718837497417, 0.6115717817642476, 15905
2689, 34, 0.6011564326566526, 0.5911566130362542, 0.6111562522770511, 15911
2689, 34, 0.6037414965986394, 0.5937417239870476, 0.6137412692102312, 15876
2703, 35, 0.5991717387212148, 0.5891717985852025, 0.609171678857227, 15937
2705, 34, 0.6061734629465977, 0.5961736516991338, 0.6161732741940615, 15842
2714, 34, 0.6069104920725159, 0.5969104982196735, 0.6169104859253584, 15831
2710, 34, 0.603918603918604, 0.5939186551092414, 0.6139185527279666, 15873
2702, 34, 0.6036404862379543, 0.5936405907768577, 0.6136403816990509, 15877
2700, 33, 0.6070503506222755, 0.597050352255207, 0.6170503489893441, 15829
2677, 34, 0.6025294154659284, 0.5925297714220608, 0.6125290595097961, 15893
2717, 34, 0.6009802689455825, 0.5909806494527785, 0.6109798884383866, 15914
2683, 33, 0.607113525807063, 0.597113811040638, 0.617113240573488, 15829
2701, 34, 0.6057928945541743, 0.5957929718909679, 0.6157928172173807, 15847
2692, 33, 0.6087314141094591, 0.5987314381437314, 0.6187313900751867, 15805
2713, 34, 0.6038805594053168, 0.5938807603366154, 0.6138803584740182, 15874
2708, 33, 0.6045382918373778, 0.5945385233202631, 0.6145380603544925, 15865
2698, 34, 0.6015718327569947, 0.5915718837497417, 0.6115717817642476, 15905
2691, 33, 0.6079919069296914, 0.5979920463201338, 0.617991767539249, 15816
2708, 34, 0.6017732503301264, 0.591773527024018, 0.6117729736362348, 15903
2699, 34, 0.6064911283702722, 0.5964911539165473, 0.6164911028239971, 15837
2719, 35, 0.5988583615606574, 0.5888586980274579, 0.6088580250938569, 15942
2713, 34, 0.5936035979761384, 0.5836038985542673, 0.6036032973980094, 16009
2722, 34, 0.6042979581547769, 0.5942980854448392, 0.6142978308647147, 15868
# timestamp 21.10.2025 23:57:32 (1761083852), datastructure SAC
# timebound 8, expirations {"r1": 0, "r2": 0}
# alpha 0.1, gamma 1
# fixed points 5, uniform granularity 0.5
# scheduler goal: MAXIMIZING, scope: SEMIPROPHETIC, history: HISTORY_DEPENDENT
# training runs 1000000

[2025-10-21 23:58:41.430] [info] 2.1 Simulating on SAC: 68791
[2025-10-21 23:58:41.430] [info] Analysis finished; the goal is not reachable.
[2025-10-21 23:58:41.430] [info] Probability: 0.0
[2025-10-21 23:58:41.431] [info] 2 Analysis: 68791
[2025-10-21 23:58:41.431] [info] 0 Computation Time Complete: 68792
[2025-10-21 23:58:41.431] [info] Counters and timers:
Counters:

Timers:
0 Computation Time Complete: 68792
1 Model creation: 0
2 Analysis: 68791
2.0 Creating Unified Datastructure from SAC: 0
2.1 Simulating on SAC: 68791

