timebound = 9, jump depth = 100, max expirations of random clocks = [{r1: 0}, {r2: 0}], combine absorbing locations in unrolling = 100, integration bound(s) = 9, integration samples = 500000, model = WATERTANK, model case = CASE_D, LTI analysis = rectangular analysis, scheduler = goal: MAXIMIZING, scope: SEMIPROPHETIC, history: HISTORY_DEPENDENT, multithreaded = 1, disableBackwardsRefinement = 0
simulating 0 runs after 5000 training runs with parameters:
learning rate                 0.1
discount factor               1
exploration rate              0.15
uniform granularity           1
adaptive compartments         5


[2025-10-21 23:58:41.442] [warning] no flow specified for variable c1 in location all_off - assuming flow of 0
[2025-10-21 23:58:41.442] [warning] no flow specified for variable c1 in location v2_on - assuming flow of 0
[2025-10-21 23:58:41.442] [warning] no flow specified for variable c1 in location v1_block - assuming flow of 0
[2025-10-21 23:58:41.442] [warning] no flow specified for variable c1 in location v2_block - assuming flow of 0
[2025-10-21 23:58:41.442] [warning] no flow specified for variable c1 in location v1_block_v2_on - assuming flow of 0
[2025-10-21 23:58:41.442] [warning] no flow specified for variable c1 in location block_safe - assuming flow of 0
[2025-10-21 23:58:41.442] [warning] no flow specified for variable c1 in location block_unsafe - assuming flow of 0
[2025-10-21 23:58:41.442] [warning] no flow specified for variable c2 in location all_off - assuming flow of 0
[2025-10-21 23:58:41.442] [warning] no flow specified for variable c2 in location v1_on - assuming flow of 0
[2025-10-21 23:58:41.442] [warning] no flow specified for variable c2 in location v1_block - assuming flow of 0
[2025-10-21 23:58:41.442] [warning] no flow specified for variable c2 in location v2_block - assuming flow of 0
[2025-10-21 23:58:41.442] [warning] no flow specified for variable c2 in location v2_block_v1_on - assuming flow of 0
[2025-10-21 23:58:41.442] [warning] no flow specified for variable c2 in location block_safe - assuming flow of 0
[2025-10-21 23:58:41.442] [warning] no flow specified for variable c2 in location block_unsafe - assuming flow of 0
[2025-10-21 23:58:41.442] [warning] no constraints specified for variable c1 in initial constraint number 0 - assuming [0,0]
[2025-10-21 23:58:41.442] [warning] no constraints specified for variable c2 in initial constraint number 0 - assuming [0,0]
[2025-10-21 23:58:41.442] [info] 1 Model creation: 0
[2025-10-21 23:58:41.442] [info] 2.0 Creating Unified Datastructure from SAC: 0
[2025-10-21 23:58:41.482] [info] runs 16310 | prob 0.564990803188228 | low 0.5549910613783284 | high 0.5749905449981276
[2025-10-21 23:58:41.520] [info] runs 16317 | prob 0.5641968499111356 | low 0.5541971673638573 | high 0.574196532458414
[2025-10-21 23:58:41.558] [info] runs 16501 | prob 0.5365129386097812 | low 0.5265129470374563 | high 0.5465129301821061
[2025-10-21 23:58:41.595] [info] runs 16278 | prob 0.5685587910062662 | low 0.5585589328854293 | high 0.578558649127103
[2025-10-21 23:58:41.635] [info] runs 16259 | prob 0.5706993050003075 | low 0.5606996869740954 | high 0.5806989230265196
[2025-10-21 23:58:41.677] [info] runs 15490 | prob 0.6287282117495158 | low 0.6187282670398498 | high 0.6387281564591817
[2025-10-21 23:58:41.714] [info] runs 16518 | prob 0.5330548492553578 | low 0.5230551713391073 | high 0.5430545271716084
[2025-10-21 23:58:41.757] [info] runs 15521 | prob 0.6269570259648218 | low 0.6169573868088319 | high 0.6369566651208117
[2025-10-21 23:58:41.794] [info] runs 16289 | prob 0.5673153661980478 | low 0.5573154431832933 | high 0.5773152892128023
[2025-10-21 23:58:41.834] [info] runs 16232 | prob 0.5734967964514539 | low 0.5634971075579246 | high 0.5834964853449832
[2025-10-21 23:58:41.872] [info] runs 16281 | prob 0.5682083410109944 | low 0.5582084274214116 | high 0.5782082546005771
[2025-10-21 23:58:41.910] [info] runs 16521 | prob 0.5321711760789298 | low 0.5221712484893729 | high 0.5421711036684868
[2025-10-21 23:58:41.948] [info] runs 16506 | prob 0.5355022416091119 | low 0.5255023015658203 | high 0.5455021816524034
[2025-10-21 23:58:41.987] [info] runs 16252 | prob 0.5713758306669948 | low 0.5613760214819575 | high 0.5813756398520321
[2025-10-21 23:58:42.029] [info] runs 15584 | prob 0.6231391170431212 | low 0.6131393604955061 | high 0.6331388735907363
[2025-10-21 23:58:42.067] [info] runs 16507 | prob 0.5352880596110741 | low 0.5252881177113199 | high 0.5452880015108282
[2025-10-21 23:58:42.107] [info] runs 16270 | prob 0.5694529809465273 | low 0.5594531810179673 | high 0.5794527808750873
[2025-10-21 23:58:42.144] [info] runs 16518 | prob 0.5329943092384066 | low 0.5229945510016695 | high 0.5429940674751438
[2025-10-21 23:58:42.187] [info] runs 15417 | prob 0.633002529675034 | low 0.6230029860222093 | high 0.6430020733278587
[2025-10-21 23:58:42.229] [info] runs 15645 | prob 0.6193032917865132 | low 0.6093033072147995 | high 0.6293032763582269
[2025-10-21 23:58:42.266] [info] runs 16301 | prob 0.5660388933194282 | low 0.5560391863052085 | high 0.576038600333648
[2025-10-21 23:58:42.304] [info] runs 16306 | prob 0.5654973629338894 | low 0.5554977396295155 | high 0.5754969862382633
[2025-10-21 23:58:42.342] [info] runs 14195 | prob 0.3100387460373371 | low 0.3000387806332146 | high 0.3200387114414596
[2025-10-21 23:58:42.380] [info] runs 16544 | prob 0.5263539651837524 | low 0.5163541608920633 | high 0.5363537694754416
[2025-10-21 23:58:42.423] [info] runs 15609 | prob 0.6215644820295984 | low 0.6115645428559255 | high 0.6315644212032712
[2025-10-21 23:58:42.423] [info] RESULT:
training_time, simulation_time, prob, low, high, runs
11, 28, 0.564990803188228, 0.5549910613783284, 0.5749905449981276, 16310
11, 26, 0.5641968499111356, 0.5541971673638573, 0.574196532458414, 16317
11, 26, 0.5365129386097812, 0.5265129470374563, 0.5465129301821061, 16501
11, 26, 0.5685587910062662, 0.5585589328854293, 0.578558649127103, 16278
11, 28, 0.5706993050003075, 0.5606996869740954, 0.5806989230265196, 16259
11, 30, 0.6287282117495158, 0.6187282670398498, 0.6387281564591817, 15490
11, 26, 0.5330548492553578, 0.5230551713391073, 0.5430545271716084, 16518
11, 31, 0.6269570259648218, 0.6169573868088319, 0.6369566651208117, 15521
11, 26, 0.5673153661980478, 0.5573154431832933, 0.5773152892128023, 16289
11, 28, 0.5734967964514539, 0.5634971075579246, 0.5834964853449832, 16232
11, 26, 0.5682083410109944, 0.5582084274214116, 0.5782082546005771, 16281
11, 26, 0.5321711760789298, 0.5221712484893729, 0.5421711036684868, 16521
11, 26, 0.5355022416091119, 0.5255023015658203, 0.5455021816524034, 16506
11, 28, 0.5713758306669948, 0.5613760214819575, 0.5813756398520321, 16252
11, 30, 0.6231391170431212, 0.6131393604955061, 0.6331388735907363, 15584
11, 26, 0.5352880596110741, 0.5252881177113199, 0.5452880015108282, 16507
11, 28, 0.5694529809465273, 0.5594531810179673, 0.5794527808750873, 16270
11, 26, 0.5329943092384066, 0.5229945510016695, 0.5429940674751438, 16518
11, 30, 0.633002529675034, 0.6230029860222093, 0.6430020733278587, 15417
11, 30, 0.6193032917865132, 0.6093033072147995, 0.6293032763582269, 15645
11, 26, 0.5660388933194282, 0.5560391863052085, 0.576038600333648, 16301
11, 26, 0.5654973629338894, 0.5554977396295155, 0.5754969862382633, 16306
11, 26, 0.3100387460373371, 0.3000387806332146, 0.3200387114414596, 14195
11, 26, 0.5263539651837524, 0.5163541608920633, 0.5363537694754416, 16544
11, 31, 0.6215644820295984, 0.6115645428559255, 0.6315644212032712, 15609
# timestamp 21.10.2025 23:58:41 (1761083921), datastructure SAC
# timebound 9, expirations {"r1": 0, "r2": 0}
# alpha 0.1, gamma 1
# fixed points 5, uniform granularity 1
# scheduler goal: MAXIMIZING, scope: NONPROPHETIC, history: DISCRETE_HISTORY
# training runs 5000

[2025-10-21 23:58:42.459] [info] runs 14260 | prob 0.3126227208976157 | low 0.3026228601667917 | high 0.32262258162843976
[2025-10-21 23:58:42.494] [info] runs 14113 | prob 0.30680932473605893 | low 0.2968093979274294 | high 0.3168092515446885
[2025-10-21 23:58:42.534] [info] runs 15613 | prob 0.6213411900339461 | low 0.6113413792100308 | high 0.6313410008578613
[2025-10-21 23:58:42.571] [info] runs 16302 | prob 0.5658201447675132 | low 0.5558201573907477 | high 0.5758201321442786
[2025-10-21 23:58:42.611] [info] runs 15398 | prob 0.6340433822574361 | low 0.6240436587803829 | high 0.6440431057344892
[2025-10-21 23:58:42.649] [info] runs 16299 | prob 0.5662310571200687 | low 0.5562312540133418 | high 0.5762308602267956
[2025-10-21 23:58:42.688] [info] runs 15643 | prob 0.6194463977497923 | low 0.6094464985902174 | high 0.6294462969093672
[2025-10-21 23:58:42.729] [info] runs 15473 | prob 0.6297421314547922 | low 0.6197423129163976 | high 0.6397419499931868
[2025-10-21 23:58:42.766] [info] runs 16259 | prob 0.5705762962051787 | low 0.5605763235451814 | high 0.580576268865176
[2025-10-21 23:58:42.806] [info] runs 15395 | prob 0.6341669373173108 | low 0.6241669537450566 | high 0.644166920889565
[2025-10-21 23:58:42.842] [info] runs 16286 | prob 0.5676654795529903 | low 0.5576655982986877 | high 0.5776653608072929
[2025-10-21 23:58:42.878] [info] runs 16305 | prob 0.5655933762649494 | low 0.5555937024480775 | high 0.5755930500818214
[2025-10-21 23:58:42.916] [info] runs 16317 | prob 0.5641968499111356 | low 0.5541971673638573 | high 0.574196532458414
[2025-10-21 23:58:42.952] [info] runs 16312 | prob 0.5646763119176067 | low 0.5546763536631802 | high 0.5746762701720332
[2025-10-21 23:58:42.988] [info] runs 16250 | prob 0.5715692307692307 | low 0.5615693706835726 | high 0.5815690908548888
[2025-10-21 23:58:43.026] [info] runs 16238 | prob 0.572792215790122 | low 0.5627922682308795 | high 0.5827921633493645
[2025-10-21 23:58:43.062] [info] runs 14131 | prob 0.307480008491968 | low 0.2974803766638867 | high 0.3174796403200493
[2025-10-21 23:58:43.101] [info] runs 15490 | prob 0.6287927695287282 | low 0.6187931809269874 | high 0.638792358130469
[2025-10-21 23:58:43.141] [info] runs 15483 | prob 0.6292062261835561 | low 0.6192066631112905 | high 0.6392057892558218
[2025-10-21 23:58:43.177] [info] runs 16516 | prob 0.5334826834584645 | low 0.5234829719789852 | high 0.5434823949379438
[2025-10-21 23:58:43.216] [info] runs 15620 | prob 0.6208706786171575 | low 0.6108706876941223 | high 0.6308706695401927
[2025-10-21 23:58:43.253] [info] runs 14258 | prob 0.31252630102398654 | low 0.30252658001757315 | high 0.32252602203039993
[2025-10-21 23:58:43.289] [info] runs 16252 | prob 0.5714373615555008 | low 0.5614377317730104 | high 0.5814369913379913
[2025-10-21 23:58:43.328] [info] runs 15570 | prob 0.6240205523442518 | low 0.6140209425798866 | high 0.634020162108617
[2025-10-21 23:58:43.364] [info] runs 16288 | prob 0.5674729862475442 | low 0.557473189035452 | high 0.5774727834596364
[2025-10-21 23:58:43.364] [info] RESULT:
training_time, simulation_time, prob, low, high, runs
10, 25, 0.3126227208976157, 0.3026228601667917, 0.32262258162843976, 14260
10, 25, 0.30680932473605893, 0.2968093979274294, 0.3168092515446885, 14113
10, 28, 0.6213411900339461, 0.6113413792100308, 0.6313410008578613, 15613
10, 27, 0.5658201447675132, 0.5558201573907477, 0.5758201321442786, 16302
10, 28, 0.6340433822574361, 0.6240436587803829, 0.6440431057344892, 15398
10, 27, 0.5662310571200687, 0.5562312540133418, 0.5762308602267956, 16299
10, 29, 0.6194463977497923, 0.6094464985902174, 0.6294462969093672, 15643
10, 29, 0.6297421314547922, 0.6197423129163976, 0.6397419499931868, 15473
10, 27, 0.5705762962051787, 0.5605763235451814, 0.580576268865176, 16259
10, 29, 0.6341669373173108, 0.6241669537450566, 0.644166920889565, 15395
10, 25, 0.5676654795529903, 0.5576655982986877, 0.5776653608072929, 16286
10, 25, 0.5655933762649494, 0.5555937024480775, 0.5755930500818214, 16305
10, 27, 0.5641968499111356, 0.5541971673638573, 0.574196532458414, 16317
10, 25, 0.5646763119176067, 0.5546763536631802, 0.5746762701720332, 16312
10, 25, 0.5715692307692307, 0.5615693706835726, 0.5815690908548888, 16250
10, 27, 0.572792215790122, 0.5627922682308795, 0.5827921633493645, 16238
10, 25, 0.307480008491968, 0.2974803766638867, 0.3174796403200493, 14131
10, 29, 0.6287927695287282, 0.6187931809269874, 0.638792358130469, 15490
10, 28, 0.6292062261835561, 0.6192066631112905, 0.6392057892558218, 15483
10, 25, 0.5334826834584645, 0.5234829719789852, 0.5434823949379438, 16516
10, 29, 0.6208706786171575, 0.6108706876941223, 0.6308706695401927, 15620
10, 26, 0.31252630102398654, 0.30252658001757315, 0.32252602203039993, 14258
10, 25, 0.5714373615555008, 0.5614377317730104, 0.5814369913379913, 16252
10, 29, 0.6240205523442518, 0.6140209425798866, 0.634020162108617, 15570
10, 25, 0.5674729862475442, 0.557473189035452, 0.5774727834596364, 16288
# timestamp 21.10.2025 23:58:41 (1761083921), datastructure SAC
# timebound 9, expirations {"r1": 0, "r2": 0}
# alpha 0.1, gamma 1
# fixed points 5, uniform granularity 1
# scheduler goal: MAXIMIZING, scope: NONPROPHETIC, history: MEMORYLESS
# training runs 5000

[2025-10-21 23:58:43.365] [info] 2.1 Simulating on SAC: 1922
[2025-10-21 23:58:43.365] [info] Analysis finished; the goal is not reachable.
[2025-10-21 23:58:43.365] [info] Probability: 0.0
[2025-10-21 23:58:43.365] [info] 2 Analysis: 1922
[2025-10-21 23:58:43.365] [info] 0 Computation Time Complete: 1922
[2025-10-21 23:58:43.365] [info] Counters and timers:
Counters:

Timers:
0 Computation Time Complete: 1922
1 Model creation: 0
2 Analysis: 1922
2.0 Creating Unified Datastructure from SAC: 0
2.1 Simulating on SAC: 1922

timebound = 9, jump depth = 100, max expirations of random clocks = [{r1: 0}, {r2: 0}], combine absorbing locations in unrolling = 182, integration bound(s) = 9, integration samples = 500000, model = WATERTANK, model case = CASE_D, LTI analysis = rectangular analysis, scheduler = goal: MAXIMIZING, scope: SEMIPROPHETIC, history: HISTORY_DEPENDENT, multithreaded = 1, disableBackwardsRefinement = 0
simulating 0 runs after 20000 training runs with parameters:
learning rate                 0.1
discount factor               1
exploration rate              0.15
uniform granularity           0.5
adaptive compartments         5


[2025-10-21 23:58:43.375] [warning] no flow specified for variable c1 in location all_off - assuming flow of 0
[2025-10-21 23:58:43.375] [warning] no flow specified for variable c1 in location v2_on - assuming flow of 0
[2025-10-21 23:58:43.375] [warning] no flow specified for variable c1 in location v1_block - assuming flow of 0
[2025-10-21 23:58:43.375] [warning] no flow specified for variable c1 in location v2_block - assuming flow of 0
[2025-10-21 23:58:43.375] [warning] no flow specified for variable c1 in location v1_block_v2_on - assuming flow of 0
[2025-10-21 23:58:43.375] [warning] no flow specified for variable c1 in location block_safe - assuming flow of 0
[2025-10-21 23:58:43.375] [warning] no flow specified for variable c1 in location block_unsafe - assuming flow of 0
[2025-10-21 23:58:43.375] [warning] no flow specified for variable c2 in location all_off - assuming flow of 0
[2025-10-21 23:58:43.375] [warning] no flow specified for variable c2 in location v1_on - assuming flow of 0
[2025-10-21 23:58:43.375] [warning] no flow specified for variable c2 in location v1_block - assuming flow of 0
[2025-10-21 23:58:43.375] [warning] no flow specified for variable c2 in location v2_block - assuming flow of 0
[2025-10-21 23:58:43.375] [warning] no flow specified for variable c2 in location v2_block_v1_on - assuming flow of 0
[2025-10-21 23:58:43.375] [warning] no flow specified for variable c2 in location block_safe - assuming flow of 0
[2025-10-21 23:58:43.375] [warning] no flow specified for variable c2 in location block_unsafe - assuming flow of 0
[2025-10-21 23:58:43.375] [warning] no constraints specified for variable c1 in initial constraint number 0 - assuming [0,0]
[2025-10-21 23:58:43.375] [warning] no constraints specified for variable c2 in initial constraint number 0 - assuming [0,0]
[2025-10-21 23:58:43.375] [info] 1 Model creation: 0
[2025-10-21 23:58:43.375] [info] 2.0 Creating Unified Datastructure from SAC: 0
[2025-10-21 23:58:43.470] [info] runs 15818 | prob 0.6079150335061323 | low 0.5979154569388788 | high 0.6179146100733858
[2025-10-21 23:58:43.564] [info] runs 15347 | prob 0.6368671401576855 | low 0.6268673402990089 | high 0.6468669400163621
[2025-10-21 23:58:43.657] [info] runs 15538 | prob 0.6258849272750676 | low 0.6158849698843903 | high 0.6358848846657449
[2025-10-21 23:58:43.750] [info] runs 15589 | prob 0.6228109564436461 | low 0.612811085693885 | high 0.6328108271934073
[2025-10-21 23:58:43.843] [info] runs 15655 | prob 0.6187160651549026 | low 0.6087163121602985 | high 0.6287158181495067
[2025-10-21 23:58:43.937] [info] runs 15646 | prob 0.6192637095743321 | low 0.6092638443247291 | high 0.629263574823935
[2025-10-21 23:58:44.030] [info] runs 15695 | prob 0.6161834979292768 | low 0.6061839111915927 | high 0.626183084666961
[2025-10-21 23:58:44.123] [info] runs 15677 | prob 0.6172737130828603 | low 0.6072737725609537 | high 0.6272736536047668
[2025-10-21 23:58:44.216] [info] runs 15822 | prob 0.6075717355580836 | low 0.5975718716514221 | high 0.6175715994647452
[2025-10-21 23:58:44.310] [info] runs 15697 | prob 0.6160412817735873 | low 0.6060416339695592 | high 0.6260409295776154
[2025-10-21 23:58:44.403] [info] runs 15439 | prob 0.6317118984390181 | low 0.6217121368075892 | high 0.641711660070447
[2025-10-21 23:58:44.497] [info] runs 15557 | prob 0.6247991257954618 | low 0.6147994697902586 | high 0.6347987818006651
[2025-10-21 23:58:44.591] [info] runs 15551 | prob 0.62516879943412 | low 0.6151691859694126 | high 0.6351684128988273
[2025-10-21 23:58:44.685] [info] runs 15833 | prob 0.6068338280805912 | low 0.5968341224360147 | high 0.6168335337251676
[2025-10-21 23:58:44.778] [info] runs 15602 | prob 0.6220356364568645 | low 0.6120358947554324 | high 0.6320353781582967
[2025-10-21 23:58:44.871] [info] runs 15518 | prob 0.6270782317308932 | low 0.617078284348282 | high 0.6370781791135043
[2025-10-21 23:58:44.966] [info] runs 15582 | prob 0.6232190989603389 | low 0.6132191202380837 | high 0.6332190776825941
[2025-10-21 23:58:45.059] [info] runs 15523 | prob 0.6268118276106422 | low 0.6168120450449897 | high 0.6368116101762948
[2025-10-21 23:58:45.154] [info] runs 15687 | prob 0.6166252310830624 | low 0.6066252697748741 | high 0.6266251923912508
[2025-10-21 23:58:45.247] [info] runs 15719 | prob 0.6145429098543165 | low 0.6045429667920182 | high 0.6245428529166147
[2025-10-21 23:58:45.340] [info] runs 15617 | prob 0.6211180124223602 | low 0.6111183325914096 | high 0.6311176922533108
[2025-10-21 23:58:45.432] [info] runs 15386 | prob 0.6347328740413363 | low 0.6247332474148002 | high 0.6447325006678724
[2025-10-21 23:58:45.526] [info] runs 15685 | prob 0.6168313675486133 | low 0.606831786679763 | high 0.6268309484174637
[2025-10-21 23:58:45.618] [info] runs 15545 | prob 0.6254744290768736 | low 0.6154745208909668 | high 0.6354743372627804
[2025-10-21 23:58:45.713] [info] runs 15588 | prob 0.6228509109571465 | low 0.6128509283728464 | high 0.6328508935414466
[2025-10-21 23:58:45.716] [info] RESULT:
training_time, simulation_time, prob, low, high, runs
59, 35, 0.6079150335061323, 0.5979154569388788, 0.6179146100733858, 15818
58, 34, 0.6368671401576855, 0.6268673402990089, 0.6468669400163621, 15347
56, 34, 0.6258849272750676, 0.6158849698843903, 0.6358848846657449, 15538
56, 34, 0.6228109564436461, 0.612811085693885, 0.6328108271934073, 15589
56, 34, 0.6187160651549026, 0.6087163121602985, 0.6287158181495067, 15655
57, 34, 0.6192637095743321, 0.6092638443247291, 0.629263574823935, 15646
56, 34, 0.6161834979292768, 0.6061839111915927, 0.626183084666961, 15695
56, 34, 0.6172737130828603, 0.6072737725609537, 0.6272736536047668, 15677
56, 34, 0.6075717355580836, 0.5975718716514221, 0.6175715994647452, 15822
56, 35, 0.6160412817735873, 0.6060416339695592, 0.6260409295776154, 15697
56, 34, 0.6317118984390181, 0.6217121368075892, 0.641711660070447, 15439
56, 34, 0.6247991257954618, 0.6147994697902586, 0.6347987818006651, 15557
56, 34, 0.62516879943412, 0.6151691859694126, 0.6351684128988273, 15551
56, 34, 0.6068338280805912, 0.5968341224360147, 0.6168335337251676, 15833
56, 34, 0.6220356364568645, 0.6120358947554324, 0.6320353781582967, 15602
56, 34, 0.6270782317308932, 0.617078284348282, 0.6370781791135043, 15518
57, 34, 0.6232190989603389, 0.6132191202380837, 0.6332190776825941, 15582
56, 34, 0.6268118276106422, 0.6168120450449897, 0.6368116101762948, 15523
57, 34, 0.6166252310830624, 0.6066252697748741, 0.6266251923912508, 15687
56, 34, 0.6145429098543165, 0.6045429667920182, 0.6245428529166147, 15719
56, 34, 0.6211180124223602, 0.6111183325914096, 0.6311176922533108, 15617
56, 33, 0.6347328740413363, 0.6247332474148002, 0.6447325006678724, 15386
56, 34, 0.6168313675486133, 0.606831786679763, 0.6268309484174637, 15685
56, 34, 0.6254744290768736, 0.6154745208909668, 0.6354743372627804, 15545
57, 34, 0.6228509109571465, 0.6128509283728464, 0.6328508935414466, 15588
# timestamp 21.10.2025 23:58:43 (1761083923), datastructure SAC
# timebound 9, expirations {"r1": 0, "r2": 0}
# alpha 0.1, gamma 1
# fixed points 5, uniform granularity 0.5
# scheduler goal: MAXIMIZING, scope: SEMIPROPHETIC, history: MEMORYLESS
# training runs 20000

[2025-10-21 23:58:45.716] [info] 2.1 Simulating on SAC: 2340
[2025-10-21 23:58:45.716] [info] Analysis finished; the goal is not reachable.
[2025-10-21 23:58:45.716] [info] Probability: 0.0
[2025-10-21 23:58:45.716] [info] 2 Analysis: 2340
[2025-10-21 23:58:45.716] [info] 0 Computation Time Complete: 2341
[2025-10-21 23:58:45.716] [info] Counters and timers:
Counters:

Timers:
0 Computation Time Complete: 2341
1 Model creation: 0
2 Analysis: 2340
2.0 Creating Unified Datastructure from SAC: 0
2.1 Simulating on SAC: 2340

timebound = 9, jump depth = 100, max expirations of random clocks = [{r1: 0}, {r2: 0}], combine absorbing locations in unrolling = 134, integration bound(s) = 9, integration samples = 500000, model = WATERTANK, model case = CASE_D, LTI analysis = rectangular analysis, scheduler = goal: MAXIMIZING, scope: SEMIPROPHETIC, history: HISTORY_DEPENDENT, multithreaded = 1, disableBackwardsRefinement = 0
simulating 0 runs after 1000000 training runs with parameters:
learning rate                 0.1
discount factor               1
exploration rate              0.15
uniform granularity           0.5
adaptive compartments         5


[2025-10-21 23:58:45.726] [warning] no flow specified for variable c1 in location all_off - assuming flow of 0
[2025-10-21 23:58:45.726] [warning] no flow specified for variable c1 in location v2_on - assuming flow of 0
[2025-10-21 23:58:45.726] [warning] no flow specified for variable c1 in location v1_block - assuming flow of 0
[2025-10-21 23:58:45.726] [warning] no flow specified for variable c1 in location v2_block - assuming flow of 0
[2025-10-21 23:58:45.726] [warning] no flow specified for variable c1 in location v1_block_v2_on - assuming flow of 0
[2025-10-21 23:58:45.726] [warning] no flow specified for variable c1 in location block_safe - assuming flow of 0
[2025-10-21 23:58:45.726] [warning] no flow specified for variable c1 in location block_unsafe - assuming flow of 0
[2025-10-21 23:58:45.726] [warning] no flow specified for variable c2 in location all_off - assuming flow of 0
[2025-10-21 23:58:45.726] [warning] no flow specified for variable c2 in location v1_on - assuming flow of 0
[2025-10-21 23:58:45.726] [warning] no flow specified for variable c2 in location v1_block - assuming flow of 0
[2025-10-21 23:58:45.726] [warning] no flow specified for variable c2 in location v2_block - assuming flow of 0
[2025-10-21 23:58:45.726] [warning] no flow specified for variable c2 in location v2_block_v1_on - assuming flow of 0
[2025-10-21 23:58:45.726] [warning] no flow specified for variable c2 in location block_safe - assuming flow of 0
[2025-10-21 23:58:45.726] [warning] no flow specified for variable c2 in location block_unsafe - assuming flow of 0
[2025-10-21 23:58:45.726] [warning] no constraints specified for variable c1 in initial constraint number 0 - assuming [0,0]
[2025-10-21 23:58:45.726] [warning] no constraints specified for variable c2 in initial constraint number 0 - assuming [0,0]
[2025-10-21 23:58:45.726] [info] 1 Model creation: 0
[2025-10-21 23:58:45.726] [info] 2.0 Creating Unified Datastructure from SAC: 0
[2025-10-21 23:58:48.957] [info] runs 15194 | prob 0.6450572594445175 | low 0.6350575339013647 | high 0.6550569849876704
[2025-10-21 23:58:52.240] [info] runs 15043 | prob 0.652728843980589 | low 0.6427293185418658 | high 0.6627283694193121
[2025-10-21 23:58:55.502] [info] runs 15218 | prob 0.6437771060586148 | low 0.6337772039938554 | high 0.6537770081233742
[2025-10-21 23:58:58.761] [info] runs 15136 | prob 0.6480576109936576 | low 0.6380580048255685 | high 0.6580572171617466
[2025-10-21 23:59:02.015] [info] runs 15227 | prob 0.6433309253300059 | low 0.6333311872063514 | high 0.6533306634536604
[2025-10-21 23:59:05.265] [info] runs 15115 | prob 0.6490903076414158 | low 0.6390904912254867 | high 0.659090124057345
[2025-10-21 23:59:08.521] [info] runs 15031 | prob 0.6532499501031203 | low 0.6432499528657462 | high 0.6632499473404944
[2025-10-21 23:59:11.754] [info] runs 15186 | prob 0.6454629263795602 | low 0.6354631418975631 | high 0.6554627108615572
[2025-10-21 23:59:14.967] [info] runs 15289 | prob 0.6400026162600563 | low 0.6300026884386862 | high 0.6500025440814263
[2025-10-21 23:59:18.209] [info] runs 15129 | prob 0.6484235574063058 | low 0.6384240173780886 | high 0.6584230974345229
[2025-10-21 23:59:21.455] [info] runs 15070 | prob 0.6513603185136032 | low 0.6413605881587927 | high 0.6613600488684137
[2025-10-21 23:59:24.688] [info] runs 15125 | prob 0.648595041322314 | low 0.638595296403567 | high 0.658594786241061
[2025-10-21 23:59:27.928] [info] runs 15137 | prob 0.6479487348880227 | low 0.6379487525947797 | high 0.6579487171812658
[2025-10-21 23:59:31.197] [info] runs 15120 | prob 0.6488095238095238 | low 0.6388095252792476 | high 0.6588095223398001
[2025-10-21 23:59:34.433] [info] runs 15076 | prob 0.6510347572300345 | low 0.6410348500609001 | high 0.6610346643991688
[2025-10-21 23:59:37.700] [info] runs 15190 | prob 0.6452929558920343 | low 0.6352934085583352 | high 0.6552925032257334
[2025-10-21 23:59:40.950] [info] runs 15091 | prob 0.6503213836061229 | low 0.640321719687174 | high 0.6603210475250718
[2025-10-21 23:59:44.188] [info] runs 15103 | prob 0.6496722505462491 | low 0.6396722810409832 | high 0.659672220051515
[2025-10-21 23:59:47.439] [info] runs 15283 | prob 0.640319309036184 | low 0.6303193455731841 | high 0.6503192724991838
[2025-10-21 23:59:50.689] [info] runs 15137 | prob 0.6479487348880227 | low 0.6379487525947797 | high 0.6579487171812658
[2025-10-21 23:59:53.923] [info] runs 15155 | prob 0.6470471791487957 | low 0.6370473129042656 | high 0.6570470453933258
[2025-10-21 23:59:57.150] [info] runs 15092 | prob 0.650278293135436 | low 0.6402786757335122 | high 0.6602779105373597
[2025-10-22 00:00:00.388] [info] runs 15087 | prob 0.6504938026115199 | low 0.6404939537597751 | high 0.6604936514632647
[2025-10-22 00:00:03.696] [info] runs 15149 | prob 0.6473694633309129 | low 0.6373696949729918 | high 0.6573692316888341
[2025-10-22 00:00:06.938] [info] runs 15007 | prob 0.6544279336309722 | low 0.6444279532808088 | high 0.6644279139811355
[2025-10-22 00:00:06.967] [info] RESULT:
training_time, simulation_time, prob, low, high, runs
3193, 37, 0.6450572594445175, 0.6350575339013647, 0.6550569849876704, 15194
3233, 37, 0.652728843980589, 0.6427293185418658, 0.6627283694193121, 15043
3191, 38, 0.6437771060586148, 0.6337772039938554, 0.6537770081233742, 15218
3192, 38, 0.6480576109936576, 0.6380580048255685, 0.6580572171617466, 15136
3188, 37, 0.6433309253300059, 0.6333311872063514, 0.6533306634536604, 15227
3183, 37, 0.6490903076414158, 0.6390904912254867, 0.659090124057345, 15115
3187, 37, 0.6532499501031203, 0.6432499528657462, 0.6632499473404944, 15031
3168, 37, 0.6454629263795602, 0.6354631418975631, 0.6554627108615572, 15186
3148, 37, 0.6400026162600563, 0.6300026884386862, 0.6500025440814263, 15289
3174, 37, 0.6484235574063058, 0.6384240173780886, 0.6584230974345229, 15129
3181, 37, 0.6513603185136032, 0.6413605881587927, 0.6613600488684137, 15070
3166, 37, 0.648595041322314, 0.638595296403567, 0.658594786241061, 15125
3175, 37, 0.6479487348880227, 0.6379487525947797, 0.6579487171812658, 15137
3202, 37, 0.6488095238095238, 0.6388095252792476, 0.6588095223398001, 15120
3170, 37, 0.6510347572300345, 0.6410348500609001, 0.6610346643991688, 15076
3201, 37, 0.6452929558920343, 0.6352934085583352, 0.6552925032257334, 15190
3184, 37, 0.6503213836061229, 0.640321719687174, 0.6603210475250718, 15091
3172, 37, 0.6496722505462491, 0.6396722810409832, 0.659672220051515, 15103
3182, 38, 0.640319309036184, 0.6303193455731841, 0.6503192724991838, 15283
3184, 37, 0.6479487348880227, 0.6379487525947797, 0.6579487171812658, 15137
3168, 37, 0.6470471791487957, 0.6370473129042656, 0.6570470453933258, 15155
3163, 36, 0.650278293135436, 0.6402786757335122, 0.6602779105373597, 15092
3175, 37, 0.6504938026115199, 0.6404939537597751, 0.6604936514632647, 15087
3241, 37, 0.6473694633309129, 0.6373696949729918, 0.6573692316888341, 15149
3176, 37, 0.6544279336309722, 0.6444279532808088, 0.6644279139811355, 15007
# timestamp 21.10.2025 23:58:45 (1761083925), datastructure SAC
# timebound 9, expirations {"r1": 0, "r2": 0}
# alpha 0.1, gamma 1
# fixed points 5, uniform granularity 0.5
# scheduler goal: MAXIMIZING, scope: SEMIPROPHETIC, history: HISTORY_DEPENDENT
# training runs 1000000

[2025-10-22 00:00:06.967] [info] 2.1 Simulating on SAC: 81240
[2025-10-22 00:00:06.967] [info] Analysis finished; the goal is not reachable.
[2025-10-22 00:00:06.967] [info] Probability: 0.0
[2025-10-22 00:00:06.967] [info] 2 Analysis: 81240
[2025-10-22 00:00:06.967] [info] 0 Computation Time Complete: 81241
[2025-10-22 00:00:06.967] [info] Counters and timers:
Counters:

Timers:
0 Computation Time Complete: 81241
1 Model creation: 0
2 Analysis: 81240
2.0 Creating Unified Datastructure from SAC: 0
2.1 Simulating on SAC: 81240

