timebound = 10, jump depth = 100, max expirations of random clocks = [{r1: 2}, {r2: 4}], combine absorbing locations in unrolling = 255, integration bound(s) = 10, integration samples = 500000, model = WATERTANK, model case = CASE_A, LTI analysis = rectangular analysis, scheduler = goal: MAXIMIZING, scope: PROPHETIC, history: HISTORY_DEPENDENT, multithreaded = 1, disableBackwardsRefinement = 0
simulating 0 runs after 1000000 training runs with parameters:
learning rate                 0.5
discount factor               0.95
exploration rate              0.15
discretization method         UNIFORM_GRANULARITY
uniform granularity           0.5
adaptive compartments         5


[2025-09-16 12:37:21.953] [warning] no flow specified for variable c1 in location all_off - assuming flow of 0
[2025-09-16 12:37:21.953] [warning] no flow specified for variable c1 in location v2_on - assuming flow of 0
[2025-09-16 12:37:21.953] [warning] no flow specified for variable c1 in location v1_block - assuming flow of 0
[2025-09-16 12:37:21.953] [warning] no flow specified for variable c1 in location v2_block - assuming flow of 0
[2025-09-16 12:37:21.953] [warning] no flow specified for variable c1 in location v1_block_v2_on - assuming flow of 0
[2025-09-16 12:37:21.953] [warning] no flow specified for variable c1 in location block_safe - assuming flow of 0
[2025-09-16 12:37:21.953] [warning] no flow specified for variable c1 in location block_unsafe - assuming flow of 0
[2025-09-16 12:37:21.953] [warning] no flow specified for variable c2 in location all_off - assuming flow of 0
[2025-09-16 12:37:21.953] [warning] no flow specified for variable c2 in location v1_on - assuming flow of 0
[2025-09-16 12:37:21.953] [warning] no flow specified for variable c2 in location v1_block - assuming flow of 0
[2025-09-16 12:37:21.953] [warning] no flow specified for variable c2 in location v2_block - assuming flow of 0
[2025-09-16 12:37:21.953] [warning] no flow specified for variable c2 in location v2_block_v1_on - assuming flow of 0
[2025-09-16 12:37:21.953] [warning] no flow specified for variable c2 in location block_safe - assuming flow of 0
[2025-09-16 12:37:21.953] [warning] no flow specified for variable c2 in location block_unsafe - assuming flow of 0
[2025-09-16 12:37:21.956] [warning] no constraints specified for variable c1 in initial constraint number 0 - assuming [0,0]
[2025-09-16 12:37:21.956] [warning] no constraints specified for variable c2 in initial constraint number 0 - assuming [0,0]
[2025-09-16 12:37:21.957] [info] 1 Model creation: 3
[2025-09-16 12:37:21.957] [info] 2.0 Creating Unified Datastructure from SAC: 0
[2025-09-16 12:37:35.230] [info] runs 16284 | prob 0.5679194301154508 | low 0.5579196363315175 | high 0.577919223899384
[2025-09-16 12:37:44.300] [info] 2.1 Simulating on SAC: 22342
[2025-09-16 12:42:48.463] [info] 2.2 Reachability Analysis: 304163
[2025-09-16 12:42:48.469] [info] 2.3 Augment Reach Tree: 5
[2025-09-16 12:42:48.471] [info] 2.4 Creating Unified Datastructure from Reach Tree: 1
[2025-09-16 12:43:00.037] [info] runs 16317 | prob 0.5641968499111356 | low 0.5541971673638573 | high 0.574196532458414
[2025-09-16 12:43:08.911] [info] 2.5 Simulating on full Reach Tree: 20440
[2025-09-16 12:43:11.465] [info] 2.6.0 Labeling Reach Tree Nodes: 2553
[2025-09-16 12:43:11.465] [info] 2.6.1 Removing Unfulfilling Subtrees: 0
[2025-09-16 12:43:11.465] [info] 2.6 Pre-checking and Reduction: 2554
[2025-09-16 12:43:11.466] [info] node count before and after reduction 7366 6171
[2025-09-16 12:43:22.753] [info] runs 16353 | prob 0.5598361156974255 | low 0.549836465706246 | high 0.5698357656886051
[2025-09-16 12:43:31.401] [info] 2.7 Simulating on reduced Reach Tree: 19935
[2025-09-16 12:43:31.686] [info] Analysis finished; the goal is not reachable.
[2025-09-16 12:43:31.686] [info] Probability: 0.0
[2025-09-16 12:43:31.686] [info] 2 Analysis: 369729
[2025-09-16 12:43:31.686] [info] 0 Computation Time Complete: 369732
[2025-09-16 12:43:31.686] [info] Counters and timers:
Counters:

Timers:
0 Computation Time Complete: 369732
1 Model creation: 3
2 Analysis: 369729
2.0 Creating Unified Datastructure from SAC: 0
2.1 Simulating on SAC: 22342
2.2 Reachability Analysis: 304163
2.3 Augment Reach Tree: 5
2.4 Creating Unified Datastructure from Reach Tree: 1
2.5 Simulating on full Reach Tree: 20440
2.6 Pre-checking and Reduction: 2554
2.6.0 Labeling Reach Tree Nodes: 2553
2.6.1 Removing Unfulfilling Subtrees: 0
2.7 Simulating on reduced Reach Tree: 19935

