timebound = 10, jump depth = 100, max expirations of random clocks = [{r1: 2}, {r2: 4}], combine absorbing locations in unrolling = 255, integration bound(s) = 10, integration samples = 500000, model = WATERTANK, model case = CASE_A, LTI analysis = rectangular analysis, scheduler = goal: MAXIMIZING, scope: PROPHETIC, history: HISTORY_DEPENDENT, multithreaded = 1, disableBackwardsRefinement = 0
simulating 0 runs after 1000000 training runs with parameters:
learning rate                 0.5
discount factor               0.95
exploration rate              0.15
discretization method         UNIFORM_GRANULARITY
uniform granularity           0.5
adaptive compartments         5


[2025-09-16 12:33:51.884] [warning] no flow specified for variable c1 in location all_off - assuming flow of 0
[2025-09-16 12:33:51.884] [warning] no flow specified for variable c1 in location v2_on - assuming flow of 0
[2025-09-16 12:33:51.884] [warning] no flow specified for variable c1 in location v1_block - assuming flow of 0
[2025-09-16 12:33:51.884] [warning] no flow specified for variable c1 in location v2_block - assuming flow of 0
[2025-09-16 12:33:51.884] [warning] no flow specified for variable c1 in location v1_block_v2_on - assuming flow of 0
[2025-09-16 12:33:51.884] [warning] no flow specified for variable c1 in location block_safe - assuming flow of 0
[2025-09-16 12:33:51.884] [warning] no flow specified for variable c1 in location block_unsafe - assuming flow of 0
[2025-09-16 12:33:51.884] [warning] no flow specified for variable c2 in location all_off - assuming flow of 0
[2025-09-16 12:33:51.884] [warning] no flow specified for variable c2 in location v1_on - assuming flow of 0
[2025-09-16 12:33:51.884] [warning] no flow specified for variable c2 in location v1_block - assuming flow of 0
[2025-09-16 12:33:51.884] [warning] no flow specified for variable c2 in location v2_block - assuming flow of 0
[2025-09-16 12:33:51.884] [warning] no flow specified for variable c2 in location v2_block_v1_on - assuming flow of 0
[2025-09-16 12:33:51.884] [warning] no flow specified for variable c2 in location block_safe - assuming flow of 0
[2025-09-16 12:33:51.884] [warning] no flow specified for variable c2 in location block_unsafe - assuming flow of 0
[2025-09-16 12:33:51.886] [warning] no constraints specified for variable c1 in initial constraint number 0 - assuming [0,0]
[2025-09-16 12:33:51.886] [warning] no constraints specified for variable c2 in initial constraint number 0 - assuming [0,0]
[2025-09-16 12:33:51.887] [info] 1 Model creation: 2
[2025-09-16 12:33:51.887] [info] 2.0 Creating Unified Datastructure from SAC: 0
[2025-09-16 12:33:56.037] [info] runs 14991 | prob 0.6552598225602028 | low 0.6452602076149854 | high 0.6652594375054202
[2025-09-16 12:33:56.180] [info] 2.1 Simulating on SAC: 4292
[2025-09-16 12:37:11.838] [info] 2.2 Reachability Analysis: 195658
[2025-09-16 12:37:11.843] [info] 2.3 Augment Reach Tree: 4
[2025-09-16 12:37:11.844] [info] 2.4 Creating Unified Datastructure from Reach Tree: 0
[2025-09-16 12:37:15.895] [info] runs 15120 | prob 0.6488756613756613 | low 0.6388760948862301 | high 0.6588752278650926
[2025-09-16 12:37:16.031] [info] 2.5 Simulating on full Reach Tree: 4186
[2025-09-16 12:37:17.694] [info] 2.6.0 Labeling Reach Tree Nodes: 1663
[2025-09-16 12:37:17.694] [info] 2.6.1 Removing Unfulfilling Subtrees: 0
[2025-09-16 12:37:17.694] [info] 2.6 Pre-checking and Reduction: 1663
[2025-09-16 12:37:17.694] [info] node count before and after reduction 7366 6171
[2025-09-16 12:37:21.675] [info] runs 14961 | prob 0.6567074393422899 | low 0.6467078143956317 | high 0.6667070642889481
[2025-09-16 12:37:21.782] [info] 2.7 Simulating on reduced Reach Tree: 4087
[2025-09-16 12:37:21.905] [info] Analysis finished; the goal is not reachable.
[2025-09-16 12:37:21.905] [info] Probability: 0.0
[2025-09-16 12:37:21.905] [info] 2 Analysis: 210018
[2025-09-16 12:37:21.905] [info] 0 Computation Time Complete: 210021
[2025-09-16 12:37:21.905] [info] Counters and timers:
Counters:

Timers:
0 Computation Time Complete: 210021
1 Model creation: 2
2 Analysis: 210018
2.0 Creating Unified Datastructure from SAC: 0
2.1 Simulating on SAC: 4292
2.2 Reachability Analysis: 195658
2.3 Augment Reach Tree: 4
2.4 Creating Unified Datastructure from Reach Tree: 0
2.5 Simulating on full Reach Tree: 4186
2.6 Pre-checking and Reduction: 1663
2.6.0 Labeling Reach Tree Nodes: 1663
2.6.1 Removing Unfulfilling Subtrees: 0
2.7 Simulating on reduced Reach Tree: 4087

