timebound = 20, jump depth = 100, max expirations of random clocks = [{r1: 0}, {r2: 0}], combine absorbing locations in unrolling = 255, integration bound(s) = 20, integration samples = 500000, model = WATERTANK, model case = CASE_A, LTI analysis = rectangular analysis, scheduler = goal: MAXIMIZING, scope: PROPHETIC, history: HISTORY_DEPENDENT, multithreaded = 1, disableBackwardsRefinement = 0
simulating 0 runs after 1000000 training runs with parameters:
learning rate                 0.5
discount factor               0.95
exploration rate              0.15
discretization method         UNIFORM_GRANULARITY
uniform granularity           0.25
adaptive compartments         5


[2025-09-16 12:53:13.431] [debug] not adding time variable 't' due to setting 'doNotAddTime == true'
[2025-09-16 12:53:13.431] [debug] using cli max expirations 0 for random clock r1
[2025-09-16 12:53:13.431] [debug] using cli max expirations 0 for random clock r2
[2025-09-16 12:53:13.431] [warning] no flow specified for variable c1 in location all_off - assuming flow of 0
[2025-09-16 12:53:13.431] [warning] no flow specified for variable c1 in location v2_on - assuming flow of 0
[2025-09-16 12:53:13.431] [warning] no flow specified for variable c1 in location v1_block - assuming flow of 0
[2025-09-16 12:53:13.431] [warning] no flow specified for variable c1 in location v2_block - assuming flow of 0
[2025-09-16 12:53:13.431] [warning] no flow specified for variable c1 in location v1_block_v2_on - assuming flow of 0
[2025-09-16 12:53:13.431] [warning] no flow specified for variable c1 in location block_safe - assuming flow of 0
[2025-09-16 12:53:13.431] [warning] no flow specified for variable c1 in location block_unsafe - assuming flow of 0
[2025-09-16 12:53:13.431] [warning] no flow specified for variable c2 in location all_off - assuming flow of 0
[2025-09-16 12:53:13.431] [warning] no flow specified for variable c2 in location v1_on - assuming flow of 0
[2025-09-16 12:53:13.431] [warning] no flow specified for variable c2 in location v1_block - assuming flow of 0
[2025-09-16 12:53:13.431] [warning] no flow specified for variable c2 in location v2_block - assuming flow of 0
[2025-09-16 12:53:13.431] [warning] no flow specified for variable c2 in location v2_block_v1_on - assuming flow of 0
[2025-09-16 12:53:13.431] [warning] no flow specified for variable c2 in location block_safe - assuming flow of 0
[2025-09-16 12:53:13.431] [warning] no flow specified for variable c2 in location block_unsafe - assuming flow of 0
[2025-09-16 12:53:13.432] [debug] Clock index for the created transition is: 3
[2025-09-16 12:53:13.432] [debug] Clock index for the created transition is: 3
[2025-09-16 12:53:13.432] [debug] Clock index for the created transition is: 3
[2025-09-16 12:53:13.432] [debug] Clock index for the created transition is: 3
[2025-09-16 12:53:13.432] [debug] Clock index for the created transition is: 4
[2025-09-16 12:53:13.432] [debug] Clock index for the created transition is: 4
[2025-09-16 12:53:13.432] [debug] Clock index for the created transition is: 4
[2025-09-16 12:53:13.432] [debug] Clock index for the created transition is: 4
[2025-09-16 12:53:13.432] [warning] no constraints specified for variable c1 in initial constraint number 0 - assuming [0,0]
[2025-09-16 12:53:13.432] [warning] no constraints specified for variable c2 in initial constraint number 0 - assuming [0,0]
[2025-09-16 12:53:13.432] [debug] Underlying Hybrid Automaton: initial states (1): 
all_off:  - x0 ≤ -4
x0 ≤ 4
 - x1 ≤ 0
x1 ≤ 0
 - 1·x2 ≤ 0
1·x2 ≤ 0

locations (9): 
all_off @0x6360c3f9a990 {
Flow.: 
x: [4, 4], c1: [0, 0], c2: [0, 0], 
Inv.:
x0 ≤ 16
Transitions: 
{ @0x6360c3fa8040 all_off (@0x6360c3f9a990) -->*v1_on (@0x6360c3fa2770)
Guard:
 - x0 ≤ -16

Reset:
Identity
 }
{ @0x6360c3fa8450 all_off (@0x6360c3f9a990) -->*v2_on (@0x6360c3fa2dc0)
Guard:
 - x0 ≤ -16

Reset:
Identity
 }

}
v1_on @0x6360c3fa2770 {
Flow.: 
x: [-2, -2], c1: [1, 1], c2: [0, 0], 
Inv.:
x1 ≤ 2
Transitions: 
{ @0x6360c3fa87c0 v1_on (@0x6360c3fa2770) --> v1_block (@0x6360c3fa33f0)
Guard:
x0 ≤ 16
 - x1 ≤ -2

Reset:
Identity
]0, 0[, [0, 0], 
 }
{ @0x6360c3faa120 v1_on (@0x6360c3fa2770) --> v1_block_v2_on (@0x6360c3fa2320)
Guard:
 - x0 ≤ -16
 - x1 ≤ -2

Reset:
Identity
]0, 0[, [0, 0], 
 }

}
v2_on @0x6360c3fa2dc0 {
Flow.: 
x: [0, 0], c1: [0, 0], c2: [1, 1], 
Inv.:
1·x2 ≤ 1
Transitions: 
{ @0x6360c3fa9170 v2_on (@0x6360c3fa2dc0) --> v2_block (@0x6360c3fa1ba0)
Guard:
x0 ≤ 16
 - 1·x2 ≤ -1

Reset:
Identity
]0, 0[, ]0, 0[, [0, 0], 
 }
{ @0x6360c3faa6b0 v2_on (@0x6360c3fa2dc0) --> v2_block_v1_on (@0x6360c3fa6d30)
Guard:
 - x0 ≤ -16
 - 1·x2 ≤ -1

Reset:
Identity
]0, 0[, ]0, 0[, [0, 0], 
 }

}
v1_block @0x6360c3fa33f0 {
Flow.: 
x: [4, 4], c1: [0, 0], c2: [0, 0], 
Inv.:
x0 ≤ 16
Transitions: 
{ @0x6360c3fab4a0 v1_block (@0x6360c3fa33f0) --> v1_block_v2_on (@0x6360c3fa2320)
Guard:
 - x0 ≤ -16

Reset:
Identity
 }
{ @0x6360c3fae940 v1_block (@0x6360c3fa33f0) --> all_off (@0x6360c3f9a990)
Guard:

Reset:
Identity
 }

}
v2_block @0x6360c3fa1ba0 {
Flow.: 
x: [4, 4], c1: [0, 0], c2: [0, 0], 
Inv.:
x0 ≤ 16
Transitions: 
{ @0x6360c3fab880 v2_block (@0x6360c3fa1ba0) --> v2_block_v1_on (@0x6360c3fa6d30)
Guard:
 - x0 ≤ -16

Reset:
Identity
 }
{ @0x6360c3faf080 v2_block (@0x6360c3fa1ba0) --> all_off (@0x6360c3f9a990)
Guard:

Reset:
Identity
 }

}
v1_block_v2_on @0x6360c3fa2320 {
Flow.: 
x: [0, 0], c1: [0, 0], c2: [1, 1], 
Inv.:
1·x2 ≤ 1
Transitions: 
{ @0x6360c3fabc30 v1_block_v2_on (@0x6360c3fa2320) --> block_safe (@0x6360c3fa7420)
Guard:
x0 ≤ 16
 - 1·x2 ≤ -1

Reset:
Identity
]0, 0[, ]0, 0[, [0, 0], 
 }
{ @0x6360c3fad150 v1_block_v2_on (@0x6360c3fa2320) --> block_unsafe (@0x6360c3fa7b10)
Guard:
 - x0 ≤ -16
 - 1·x2 ≤ -1

Reset:
Identity
]0, 0[, ]0, 0[, [0, 0], 
 }
{ @0x6360c3faeae0 v1_block_v2_on (@0x6360c3fa2320) --> v2_on (@0x6360c3fa2dc0)
Guard:

Reset:
Identity
 }

}
v2_block_v1_on @0x6360c3fa6d30 {
Flow.: 
x: [-2, -2], c1: [1, 1], c2: [0, 0], 
Inv.:
x1 ≤ 2
Transitions: 
{ @0x6360c3facba0 v2_block_v1_on (@0x6360c3fa6d30) --> block_safe (@0x6360c3fa7420)
Guard:
x0 ≤ 16
 - x1 ≤ -2

Reset:
Identity
]0, 0[, [0, 0], 
 }
{ @0x6360c3fadf40 v2_block_v1_on (@0x6360c3fa6d30) --> block_unsafe (@0x6360c3fa7b10)
Guard:
 - x0 ≤ -16
 - x1 ≤ -2

Reset:
Identity
]0, 0[, [0, 0], 
 }
{ @0x6360c3faf260 v2_block_v1_on (@0x6360c3fa6d30) --> v1_on (@0x6360c3fa2770)
Guard:

Reset:
Identity
 }

}
block_safe @0x6360c3fa7420 {
Flow.: 
x: [4, 4], c1: [0, 0], c2: [0, 0], 
Inv.:
x0 ≤ 16
Transitions: 
{ @0x6360c3fae4d0 block_safe (@0x6360c3fa7420) --> block_unsafe (@0x6360c3fa7b10)
Guard:
 - x0 ≤ -16

Reset:
Identity
 }
{ @0x6360c3faecc0 block_safe (@0x6360c3fa7420) --> v2_block (@0x6360c3fa1ba0)
Guard:

Reset:
Identity
 }
{ @0x6360c3faf440 block_safe (@0x6360c3fa7420) --> v1_block (@0x6360c3fa33f0)
Guard:

Reset:
Identity
 }

}
block_unsafe @0x6360c3fa7b10 {
Flow.: 
x: [4, 4], c1: [0, 0], c2: [0, 0], 
Inv.:
Transitions: 
{ @0x6360c3faeea0 block_unsafe (@0x6360c3fa7b10) --> v2_block_v1_on (@0x6360c3fa6d30)
Guard:

Reset:
Identity
 }
{ @0x6360c3faf650 block_unsafe (@0x6360c3fa7b10) --> v1_block_v2_on (@0x6360c3fa2320)
Guard:

Reset:
Identity
 }

}
local bad states (0): 

[2025-09-16 12:53:13.432] [debug] Stochasticity Cache:
[2025-09-16 12:53:13.432] [debug] v1_block -> all_off is stochastic transition with random event r3(STOCHASTIC) (index 3)
[2025-09-16 12:53:13.432] [debug] v1_block_v2_on -> v2_on is stochastic transition with random event r3(STOCHASTIC) (index 3)
[2025-09-16 12:53:13.432] [debug] block_safe -> v2_block is stochastic transition with random event r3(STOCHASTIC) (index 3)
[2025-09-16 12:53:13.432] [debug] block_unsafe -> v2_block_v1_on is stochastic transition with random event r3(STOCHASTIC) (index 3)
[2025-09-16 12:53:13.432] [debug] v2_block -> all_off is stochastic transition with random event r4(STOCHASTIC) (index 4)
[2025-09-16 12:53:13.432] [debug] v2_block_v1_on -> v1_on is stochastic transition with random event r4(STOCHASTIC) (index 4)
[2025-09-16 12:53:13.432] [debug] block_safe -> v1_block is stochastic transition with random event r4(STOCHASTIC) (index 4)
[2025-09-16 12:53:13.432] [debug] block_unsafe -> v1_block_v2_on is stochastic transition with random event r4(STOCHASTIC) (index 4)
[2025-09-16 12:53:13.432] [debug] Specification: ( goal location: block_unsafe, constraints:  - x0 ≤ -18
 )
[2025-09-16 12:53:13.432] [info] 1 Model creation: 0
[2025-09-16 12:53:13.432] [info] 2.0 Creating Unified Datastructure from SAC: 0
[2025-09-16 12:53:17.451] [info] runs 1250 | prob 0.9808 | low 0.9708015726542477 | high 0.9907984273457523
[2025-09-16 12:53:17.492] [debug] RESULT:
training_time, simulation_time, prob, low, high, runs
4014, 4, 0.9808, 0.9708015726542477, 0.9907984273457523, 1250
# timestamp 16.09.2025 12:53:13 (1758019993), datastructure sac
# timebound 20, expirations {"r1": 0, "r2": 0}
# alpha 0.5, gamma 0.95
# discretization method UNIFORM_GRANULARITY, adaptive compartments 5, uniform granularity 0.25
# scheduler goal: MAXIMIZING, scope: PROPHETIC, history: MEMORYLESS
# training runs 1000000

[2025-09-16 12:53:17.549] [info] 2.1 Simulating on SAC: 4116
[2025-09-16 12:53:17.549] [info] Analysis finished; the goal is not reachable.
[2025-09-16 12:53:17.549] [info] Probability: 0.0
[2025-09-16 12:53:17.549] [info] 2 Analysis: 4117
[2025-09-16 12:53:17.549] [info] 0 Computation Time Complete: 4117
[2025-09-16 12:53:17.549] [info] Counters and timers:
Counters:

Timers:
0 Computation Time Complete: 4117
1 Model creation: 0
2 Analysis: 4117
2.0 Creating Unified Datastructure from SAC: 0
2.1 Simulating on SAC: 4116

