timebound = 20, jump depth = 100, max expirations of random clocks = [{r1: 0}, {r2: 0}], combine absorbing locations in unrolling = 255, integration bound(s) = 20, integration samples = 500000, model = WATERTANK, model case = CASE_A, LTI analysis = rectangular analysis, scheduler = goal: MAXIMIZING, scope: PROPHETIC, history: HISTORY_DEPENDENT, multithreaded = 1, disableBackwardsRefinement = 0
simulating 0 runs after 1000000 training runs with parameters:
learning rate                 0.5
discount factor               0.95
exploration rate              0.15
discretization method         UNIFORM_GRANULARITY
uniform granularity           0.25
adaptive compartments         5


[2025-09-16 12:53:09.437] [debug] not adding time variable 't' due to setting 'doNotAddTime == true'
[2025-09-16 12:53:09.437] [debug] using cli max expirations 0 for random clock r1
[2025-09-16 12:53:09.437] [debug] using cli max expirations 0 for random clock r2
[2025-09-16 12:53:09.437] [warning] no flow specified for variable c1 in location all_off - assuming flow of 0
[2025-09-16 12:53:09.437] [warning] no flow specified for variable c1 in location v2_on - assuming flow of 0
[2025-09-16 12:53:09.437] [warning] no flow specified for variable c1 in location v1_block - assuming flow of 0
[2025-09-16 12:53:09.437] [warning] no flow specified for variable c1 in location v2_block - assuming flow of 0
[2025-09-16 12:53:09.437] [warning] no flow specified for variable c1 in location v1_block_v2_on - assuming flow of 0
[2025-09-16 12:53:09.437] [warning] no flow specified for variable c1 in location block_safe - assuming flow of 0
[2025-09-16 12:53:09.437] [warning] no flow specified for variable c1 in location block_unsafe - assuming flow of 0
[2025-09-16 12:53:09.437] [warning] no flow specified for variable c2 in location all_off - assuming flow of 0
[2025-09-16 12:53:09.437] [warning] no flow specified for variable c2 in location v1_on - assuming flow of 0
[2025-09-16 12:53:09.437] [warning] no flow specified for variable c2 in location v1_block - assuming flow of 0
[2025-09-16 12:53:09.437] [warning] no flow specified for variable c2 in location v2_block - assuming flow of 0
[2025-09-16 12:53:09.437] [warning] no flow specified for variable c2 in location v2_block_v1_on - assuming flow of 0
[2025-09-16 12:53:09.437] [warning] no flow specified for variable c2 in location block_safe - assuming flow of 0
[2025-09-16 12:53:09.437] [warning] no flow specified for variable c2 in location block_unsafe - assuming flow of 0
[2025-09-16 12:53:09.437] [debug] Clock index for the created transition is: 3
[2025-09-16 12:53:09.437] [debug] Clock index for the created transition is: 3
[2025-09-16 12:53:09.437] [debug] Clock index for the created transition is: 3
[2025-09-16 12:53:09.437] [debug] Clock index for the created transition is: 3
[2025-09-16 12:53:09.437] [debug] Clock index for the created transition is: 4
[2025-09-16 12:53:09.437] [debug] Clock index for the created transition is: 4
[2025-09-16 12:53:09.437] [debug] Clock index for the created transition is: 4
[2025-09-16 12:53:09.437] [debug] Clock index for the created transition is: 4
[2025-09-16 12:53:09.437] [warning] no constraints specified for variable c1 in initial constraint number 0 - assuming [0,0]
[2025-09-16 12:53:09.437] [warning] no constraints specified for variable c2 in initial constraint number 0 - assuming [0,0]
[2025-09-16 12:53:09.438] [debug] Underlying Hybrid Automaton: initial states (1): 
all_off:  - x0 ≤ -4
x0 ≤ 4
 - x1 ≤ 0
x1 ≤ 0
 - 1·x2 ≤ 0
1·x2 ≤ 0

locations (9): 
all_off @0x5b2a6083a990 {
Flow.: 
x: [4, 4], c1: [0, 0], c2: [0, 0], 
Inv.:
x0 ≤ 16
Transitions: 
{ @0x5b2a60848040 all_off (@0x5b2a6083a990) -->*v1_on (@0x5b2a60842770)
Guard:
 - x0 ≤ -16

Reset:
Identity
 }
{ @0x5b2a60848450 all_off (@0x5b2a6083a990) -->*v2_on (@0x5b2a60842dc0)
Guard:
 - x0 ≤ -16

Reset:
Identity
 }

}
v1_on @0x5b2a60842770 {
Flow.: 
x: [-2, -2], c1: [1, 1], c2: [0, 0], 
Inv.:
x1 ≤ 2
Transitions: 
{ @0x5b2a608487c0 v1_on (@0x5b2a60842770) --> v1_block (@0x5b2a608433f0)
Guard:
x0 ≤ 16
 - x1 ≤ -2

Reset:
Identity
]0, 0[, [0, 0], 
 }
{ @0x5b2a6084a120 v1_on (@0x5b2a60842770) --> v1_block_v2_on (@0x5b2a60842320)
Guard:
 - x0 ≤ -16
 - x1 ≤ -2

Reset:
Identity
]0, 0[, [0, 0], 
 }

}
v2_on @0x5b2a60842dc0 {
Flow.: 
x: [0, 0], c1: [0, 0], c2: [1, 1], 
Inv.:
1·x2 ≤ 1
Transitions: 
{ @0x5b2a60849170 v2_on (@0x5b2a60842dc0) --> v2_block (@0x5b2a60841ba0)
Guard:
x0 ≤ 16
 - 1·x2 ≤ -1

Reset:
Identity
]0, 0[, ]0, 0[, [0, 0], 
 }
{ @0x5b2a6084a6b0 v2_on (@0x5b2a60842dc0) --> v2_block_v1_on (@0x5b2a60846d30)
Guard:
 - x0 ≤ -16
 - 1·x2 ≤ -1

Reset:
Identity
]0, 0[, ]0, 0[, [0, 0], 
 }

}
v1_block @0x5b2a608433f0 {
Flow.: 
x: [4, 4], c1: [0, 0], c2: [0, 0], 
Inv.:
x0 ≤ 16
Transitions: 
{ @0x5b2a6084b4a0 v1_block (@0x5b2a608433f0) --> v1_block_v2_on (@0x5b2a60842320)
Guard:
 - x0 ≤ -16

Reset:
Identity
 }
{ @0x5b2a6084e940 v1_block (@0x5b2a608433f0) --> all_off (@0x5b2a6083a990)
Guard:

Reset:
Identity
 }

}
v2_block @0x5b2a60841ba0 {
Flow.: 
x: [4, 4], c1: [0, 0], c2: [0, 0], 
Inv.:
x0 ≤ 16
Transitions: 
{ @0x5b2a6084b880 v2_block (@0x5b2a60841ba0) --> v2_block_v1_on (@0x5b2a60846d30)
Guard:
 - x0 ≤ -16

Reset:
Identity
 }
{ @0x5b2a6084f080 v2_block (@0x5b2a60841ba0) --> all_off (@0x5b2a6083a990)
Guard:

Reset:
Identity
 }

}
v1_block_v2_on @0x5b2a60842320 {
Flow.: 
x: [0, 0], c1: [0, 0], c2: [1, 1], 
Inv.:
1·x2 ≤ 1
Transitions: 
{ @0x5b2a6084bc30 v1_block_v2_on (@0x5b2a60842320) --> block_safe (@0x5b2a60847420)
Guard:
x0 ≤ 16
 - 1·x2 ≤ -1

Reset:
Identity
]0, 0[, ]0, 0[, [0, 0], 
 }
{ @0x5b2a6084d150 v1_block_v2_on (@0x5b2a60842320) --> block_unsafe (@0x5b2a60847b10)
Guard:
 - x0 ≤ -16
 - 1·x2 ≤ -1

Reset:
Identity
]0, 0[, ]0, 0[, [0, 0], 
 }
{ @0x5b2a6084eae0 v1_block_v2_on (@0x5b2a60842320) --> v2_on (@0x5b2a60842dc0)
Guard:

Reset:
Identity
 }

}
v2_block_v1_on @0x5b2a60846d30 {
Flow.: 
x: [-2, -2], c1: [1, 1], c2: [0, 0], 
Inv.:
x1 ≤ 2
Transitions: 
{ @0x5b2a6084cba0 v2_block_v1_on (@0x5b2a60846d30) --> block_safe (@0x5b2a60847420)
Guard:
x0 ≤ 16
 - x1 ≤ -2

Reset:
Identity
]0, 0[, [0, 0], 
 }
{ @0x5b2a6084df40 v2_block_v1_on (@0x5b2a60846d30) --> block_unsafe (@0x5b2a60847b10)
Guard:
 - x0 ≤ -16
 - x1 ≤ -2

Reset:
Identity
]0, 0[, [0, 0], 
 }
{ @0x5b2a6084f260 v2_block_v1_on (@0x5b2a60846d30) --> v1_on (@0x5b2a60842770)
Guard:

Reset:
Identity
 }

}
block_safe @0x5b2a60847420 {
Flow.: 
x: [4, 4], c1: [0, 0], c2: [0, 0], 
Inv.:
x0 ≤ 16
Transitions: 
{ @0x5b2a6084e4d0 block_safe (@0x5b2a60847420) --> block_unsafe (@0x5b2a60847b10)
Guard:
 - x0 ≤ -16

Reset:
Identity
 }
{ @0x5b2a6084ecc0 block_safe (@0x5b2a60847420) --> v2_block (@0x5b2a60841ba0)
Guard:

Reset:
Identity
 }
{ @0x5b2a6084f440 block_safe (@0x5b2a60847420) --> v1_block (@0x5b2a608433f0)
Guard:

Reset:
Identity
 }

}
block_unsafe @0x5b2a60847b10 {
Flow.: 
x: [4, 4], c1: [0, 0], c2: [0, 0], 
Inv.:
Transitions: 
{ @0x5b2a6084eea0 block_unsafe (@0x5b2a60847b10) --> v2_block_v1_on (@0x5b2a60846d30)
Guard:

Reset:
Identity
 }
{ @0x5b2a6084f650 block_unsafe (@0x5b2a60847b10) --> v1_block_v2_on (@0x5b2a60842320)
Guard:

Reset:
Identity
 }

}
local bad states (0): 

[2025-09-16 12:53:09.438] [debug] Stochasticity Cache:
[2025-09-16 12:53:09.438] [debug] v1_block -> all_off is stochastic transition with random event r3(STOCHASTIC) (index 3)
[2025-09-16 12:53:09.438] [debug] v1_block_v2_on -> v2_on is stochastic transition with random event r3(STOCHASTIC) (index 3)
[2025-09-16 12:53:09.438] [debug] block_safe -> v2_block is stochastic transition with random event r3(STOCHASTIC) (index 3)
[2025-09-16 12:53:09.438] [debug] block_unsafe -> v2_block_v1_on is stochastic transition with random event r3(STOCHASTIC) (index 3)
[2025-09-16 12:53:09.438] [debug] v2_block -> all_off is stochastic transition with random event r4(STOCHASTIC) (index 4)
[2025-09-16 12:53:09.438] [debug] v2_block_v1_on -> v1_on is stochastic transition with random event r4(STOCHASTIC) (index 4)
[2025-09-16 12:53:09.438] [debug] block_safe -> v1_block is stochastic transition with random event r4(STOCHASTIC) (index 4)
[2025-09-16 12:53:09.438] [debug] block_unsafe -> v1_block_v2_on is stochastic transition with random event r4(STOCHASTIC) (index 4)
[2025-09-16 12:53:09.438] [debug] Specification: ( goal location: block_unsafe, constraints:  - x0 ≤ -18
 )
[2025-09-16 12:53:09.438] [info] 1 Model creation: 0
[2025-09-16 12:53:09.438] [info] 2.0 Creating Unified Datastructure from SAC: 0
[2025-09-16 12:53:13.318] [info] runs 1054 | prob 0.9838709677419355 | low 0.9738755999015478 | high 0.9938663355823232
[2025-09-16 12:53:13.361] [debug] RESULT:
training_time, simulation_time, prob, low, high, runs
3877, 3, 0.9838709677419355, 0.9738755999015478, 0.9938663355823232, 1054
# timestamp 16.09.2025 12:53:09 (1758019989), datastructure sac
# timebound 20, expirations {"r1": 0, "r2": 0}
# alpha 0.5, gamma 0.95
# discretization method UNIFORM_GRANULARITY, adaptive compartments 5, uniform granularity 0.25
# scheduler goal: MAXIMIZING, scope: PROPHETIC, history: MEMORYLESS
# training runs 1000000

[2025-09-16 12:53:13.417] [info] 2.1 Simulating on SAC: 3979
[2025-09-16 12:53:13.417] [info] Analysis finished; the goal is not reachable.
[2025-09-16 12:53:13.417] [info] Probability: 0.0
[2025-09-16 12:53:13.417] [info] 2 Analysis: 3979
[2025-09-16 12:53:13.417] [info] 0 Computation Time Complete: 3980
[2025-09-16 12:53:13.417] [info] Counters and timers:
Counters:

Timers:
0 Computation Time Complete: 3980
1 Model creation: 0
2 Analysis: 3979
2.0 Creating Unified Datastructure from SAC: 0
2.1 Simulating on SAC: 3979

