timebound = 20, jump depth = 100, max expirations of random clocks = [{r: 1}, {r1: 0}, {r2: 0}], combine absorbing locations in unrolling = 8, integration bound(s) = 20, integration samples = 500000, model = WATERTANK, model case = CASE_A, LTI analysis = rectangular analysis, scheduler = goal: MAXIMIZING, scope: PROPHETIC, history: HISTORY_DEPENDENT, multithreaded = 1, disableBackwardsRefinement = 0
simulating 0 runs after 1000000 training runs with parameters:
learning rate                 0.1
discount factor               0.99
exploration rate              0.15
discretization method         UNIFORM_GRANULARITY
uniform granularity           0.25
adaptive compartments         5


[2025-09-06 18:12:12.037] [debug] not adding time variable 't' due to setting 'doNotAddTime == true'
[2025-09-06 18:12:12.037] [debug] using cli max expirations 0 for random clock r1
[2025-09-06 18:12:12.037] [debug] using cli max expirations 0 for random clock r2
[2025-09-06 18:12:12.037] [warning] no flow specified for variable c1 in location all_off - assuming flow of 0
[2025-09-06 18:12:12.037] [warning] no flow specified for variable c1 in location v2_on - assuming flow of 0
[2025-09-06 18:12:12.037] [warning] no flow specified for variable c1 in location v1_block - assuming flow of 0
[2025-09-06 18:12:12.037] [warning] no flow specified for variable c1 in location v2_block - assuming flow of 0
[2025-09-06 18:12:12.037] [warning] no flow specified for variable c1 in location v1_block_v2_on - assuming flow of 0
[2025-09-06 18:12:12.037] [warning] no flow specified for variable c1 in location block_safe - assuming flow of 0
[2025-09-06 18:12:12.037] [warning] no flow specified for variable c1 in location block_unsafe - assuming flow of 0
[2025-09-06 18:12:12.037] [warning] no flow specified for variable c2 in location all_off - assuming flow of 0
[2025-09-06 18:12:12.037] [warning] no flow specified for variable c2 in location v1_on - assuming flow of 0
[2025-09-06 18:12:12.037] [warning] no flow specified for variable c2 in location v1_block - assuming flow of 0
[2025-09-06 18:12:12.037] [warning] no flow specified for variable c2 in location v2_block - assuming flow of 0
[2025-09-06 18:12:12.037] [warning] no flow specified for variable c2 in location v2_block_v1_on - assuming flow of 0
[2025-09-06 18:12:12.037] [warning] no flow specified for variable c2 in location block_safe - assuming flow of 0
[2025-09-06 18:12:12.037] [warning] no flow specified for variable c2 in location block_unsafe - assuming flow of 0
[2025-09-06 18:12:12.037] [debug] Clock index for the created transition is: 3
[2025-09-06 18:12:12.037] [debug] Clock index for the created transition is: 3
[2025-09-06 18:12:12.037] [debug] Clock index for the created transition is: 3
[2025-09-06 18:12:12.037] [debug] Clock index for the created transition is: 3
[2025-09-06 18:12:12.037] [debug] Clock index for the created transition is: 4
[2025-09-06 18:12:12.037] [debug] Clock index for the created transition is: 4
[2025-09-06 18:12:12.037] [debug] Clock index for the created transition is: 4
[2025-09-06 18:12:12.037] [debug] Clock index for the created transition is: 4
[2025-09-06 18:12:12.037] [warning] no constraints specified for variable c1 in initial constraint number 0 - assuming [0,0]
[2025-09-06 18:12:12.037] [warning] no constraints specified for variable c2 in initial constraint number 0 - assuming [0,0]
[2025-09-06 18:12:12.037] [debug] Underlying Hybrid Automaton: initial states (1): 
all_off:  - x0 ≤ -4
x0 ≤ 4
 - x1 ≤ 0
x1 ≤ 0
 - 1·x2 ≤ 0
1·x2 ≤ 0

locations (9): 
all_off @0x57a9a001dd70 {
Flow.: 
x: [4, 4], c1: [0, 0], c2: [0, 0], 
Inv.:
x0 ≤ 16
Transitions: 
{ @0x57a9a0022f80 all_off (@0x57a9a001dd70) -->*v1_on (@0x57a9a0011b80)
Guard:
 - x0 ≤ -16

Reset:
Identity
 }
{ @0x57a9a0023390 all_off (@0x57a9a001dd70) -->*v2_on (@0x57a9a0012280)
Guard:
 - x0 ≤ -16

Reset:
Identity
 }

}
v1_on @0x57a9a0011b80 {
Flow.: 
x: [-2, -2], c1: [1, 1], c2: [0, 0], 
Inv.:
x1 ≤ 2
Transitions: 
{ @0x57a9a0023700 v1_on (@0x57a9a0011b80) --> v1_block (@0x57a9a00208b0)
Guard:
x0 ≤ 16
 - x1 ≤ -2

Reset:
Identity
]0, 0[, [0, 0], 
 }
{ @0x57a9a0025060 v1_on (@0x57a9a0011b80) --> v1_block_v2_on (@0x57a9a0021580)
Guard:
 - x0 ≤ -16
 - x1 ≤ -2

Reset:
Identity
]0, 0[, [0, 0], 
 }

}
v2_on @0x57a9a0012280 {
Flow.: 
x: [0, 0], c1: [0, 0], c2: [1, 1], 
Inv.:
1·x2 ≤ 1
Transitions: 
{ @0x57a9a00240b0 v2_on (@0x57a9a0012280) --> v2_block (@0x57a9a0020ed0)
Guard:
x0 ≤ 16
 - 1·x2 ≤ -1

Reset:
Identity
]0, 0[, ]0, 0[, [0, 0], 
 }
{ @0x57a9a00255f0 v2_on (@0x57a9a0012280) --> v2_block_v1_on (@0x57a9a0021c70)
Guard:
 - x0 ≤ -16
 - 1·x2 ≤ -1

Reset:
Identity
]0, 0[, ]0, 0[, [0, 0], 
 }

}
v1_block @0x57a9a00208b0 {
Flow.: 
x: [4, 4], c1: [0, 0], c2: [0, 0], 
Inv.:
x0 ≤ 16
Transitions: 
{ @0x57a9a00263e0 v1_block (@0x57a9a00208b0) --> v1_block_v2_on (@0x57a9a0021580)
Guard:
 - x0 ≤ -16

Reset:
Identity
 }
{ @0x57a9a0029880 v1_block (@0x57a9a00208b0) --> all_off (@0x57a9a001dd70)
Guard:

Reset:
Identity
 }

}
v2_block @0x57a9a0020ed0 {
Flow.: 
x: [4, 4], c1: [0, 0], c2: [0, 0], 
Inv.:
x0 ≤ 16
Transitions: 
{ @0x57a9a00267c0 v2_block (@0x57a9a0020ed0) --> v2_block_v1_on (@0x57a9a0021c70)
Guard:
 - x0 ≤ -16

Reset:
Identity
 }
{ @0x57a9a0029fc0 v2_block (@0x57a9a0020ed0) --> all_off (@0x57a9a001dd70)
Guard:

Reset:
Identity
 }

}
v1_block_v2_on @0x57a9a0021580 {
Flow.: 
x: [0, 0], c1: [0, 0], c2: [1, 1], 
Inv.:
1·x2 ≤ 1
Transitions: 
{ @0x57a9a0026b70 v1_block_v2_on (@0x57a9a0021580) --> block_safe (@0x57a9a0022360)
Guard:
x0 ≤ 16
 - 1·x2 ≤ -1

Reset:
Identity
]0, 0[, ]0, 0[, [0, 0], 
 }
{ @0x57a9a0028090 v1_block_v2_on (@0x57a9a0021580) --> block_unsafe (@0x57a9a0022a50)
Guard:
 - x0 ≤ -16
 - 1·x2 ≤ -1

Reset:
Identity
]0, 0[, ]0, 0[, [0, 0], 
 }
{ @0x57a9a0029a20 v1_block_v2_on (@0x57a9a0021580) --> v2_on (@0x57a9a0012280)
Guard:

Reset:
Identity
 }

}
v2_block_v1_on @0x57a9a0021c70 {
Flow.: 
x: [-2, -2], c1: [1, 1], c2: [0, 0], 
Inv.:
x1 ≤ 2
Transitions: 
{ @0x57a9a0027ae0 v2_block_v1_on (@0x57a9a0021c70) --> block_safe (@0x57a9a0022360)
Guard:
x0 ≤ 16
 - x1 ≤ -2

Reset:
Identity
]0, 0[, [0, 0], 
 }
{ @0x57a9a0028e80 v2_block_v1_on (@0x57a9a0021c70) --> block_unsafe (@0x57a9a0022a50)
Guard:
 - x0 ≤ -16
 - x1 ≤ -2

Reset:
Identity
]0, 0[, [0, 0], 
 }
{ @0x57a9a002a1a0 v2_block_v1_on (@0x57a9a0021c70) --> v1_on (@0x57a9a0011b80)
Guard:

Reset:
Identity
 }

}
block_safe @0x57a9a0022360 {
Flow.: 
x: [4, 4], c1: [0, 0], c2: [0, 0], 
Inv.:
x0 ≤ 16
Transitions: 
{ @0x57a9a0029410 block_safe (@0x57a9a0022360) --> block_unsafe (@0x57a9a0022a50)
Guard:
 - x0 ≤ -16

Reset:
Identity
 }
{ @0x57a9a0029c00 block_safe (@0x57a9a0022360) --> v2_block (@0x57a9a0020ed0)
Guard:

Reset:
Identity
 }
{ @0x57a9a002a380 block_safe (@0x57a9a0022360) --> v1_block (@0x57a9a00208b0)
Guard:

Reset:
Identity
 }

}
block_unsafe @0x57a9a0022a50 {
Flow.: 
x: [4, 4], c1: [0, 0], c2: [0, 0], 
Inv.:
Transitions: 
{ @0x57a9a0029de0 block_unsafe (@0x57a9a0022a50) --> v2_block_v1_on (@0x57a9a0021c70)
Guard:

Reset:
Identity
 }
{ @0x57a9a002a590 block_unsafe (@0x57a9a0022a50) --> v1_block_v2_on (@0x57a9a0021580)
Guard:

Reset:
Identity
 }

}
local bad states (0): 

[2025-09-06 18:12:12.037] [debug] Stochasticity Cache:
[2025-09-06 18:12:12.037] [debug] v1_block -> all_off is stochastic transition with random event r3(STOCHASTIC) (index 3)
[2025-09-06 18:12:12.037] [debug] v1_block_v2_on -> v2_on is stochastic transition with random event r3(STOCHASTIC) (index 3)
[2025-09-06 18:12:12.037] [debug] block_safe -> v2_block is stochastic transition with random event r3(STOCHASTIC) (index 3)
[2025-09-06 18:12:12.037] [debug] block_unsafe -> v2_block_v1_on is stochastic transition with random event r3(STOCHASTIC) (index 3)
[2025-09-06 18:12:12.037] [debug] v2_block -> all_off is stochastic transition with random event r4(STOCHASTIC) (index 4)
[2025-09-06 18:12:12.037] [debug] v2_block_v1_on -> v1_on is stochastic transition with random event r4(STOCHASTIC) (index 4)
[2025-09-06 18:12:12.037] [debug] block_safe -> v1_block is stochastic transition with random event r4(STOCHASTIC) (index 4)
[2025-09-06 18:12:12.037] [debug] block_unsafe -> v1_block_v2_on is stochastic transition with random event r4(STOCHASTIC) (index 4)
[2025-09-06 18:12:12.037] [debug] Specification: ( goal location: block_unsafe, constraints:  - x0 ≤ -18
 )
[2025-09-06 18:12:12.037] [info] 1 Model creation: 0
[2025-09-06 18:12:12.038] [debug] full matrix
----------
1 0 0 <= 16
----------

[2025-09-06 18:12:12.038] [debug] minimal matrix
----------
1 0 0 <= 1
----------

[2025-09-06 18:12:12.038] [debug] full matrix
----------
0 1 0 <= 2
----------

[2025-09-06 18:12:12.038] [debug] minimal matrix
----------
0 1 0 <= 0
----------

[2025-09-06 18:12:12.038] [debug] full matrix
----------
0 0 1 <= 1
----------

[2025-09-06 18:12:12.038] [debug] minimal matrix
----------
0 0 1 <= 0
----------

[2025-09-06 18:12:12.038] [debug] full matrix
----------
1 0 0 <= 16
----------

[2025-09-06 18:12:12.038] [debug] minimal matrix
----------
1 0 0 <= 1
----------

[2025-09-06 18:12:12.038] [debug] full matrix
----------
1 0 0 <= 16
----------

[2025-09-06 18:12:12.038] [debug] minimal matrix
----------
1 0 0 <= 1
----------

[2025-09-06 18:12:12.038] [debug] full matrix
----------
0 0 1 <= 1
----------

[2025-09-06 18:12:12.038] [debug] minimal matrix
----------
0 0 1 <= 0
----------

[2025-09-06 18:12:12.038] [debug] full matrix
----------
0 1 0 <= 2
----------

[2025-09-06 18:12:12.038] [debug] minimal matrix
----------
0 1 0 <= 0
----------

[2025-09-06 18:12:12.038] [debug] full matrix
----------
1 0 0 <= 16
----------

[2025-09-06 18:12:12.038] [debug] minimal matrix
----------
1 0 0 <= 1
----------

[2025-09-06 18:12:12.038] [debug] full matrix
----------
----------

[2025-09-06 18:12:12.038] [debug] minimal matrix
----------
----------

[2025-09-06 18:12:12.038] [debug] full matrix
----------
-1 0 0 <= -16
----------

[2025-09-06 18:12:12.038] [debug] minimal matrix
----------
-1 0 0 <= -1
----------

[2025-09-06 18:12:12.038] [debug] full matrix
----------
-1 0 0 <= -16
----------

[2025-09-06 18:12:12.038] [debug] minimal matrix
----------
-1 0 0 <= -1
----------

[2025-09-06 18:12:12.038] [debug] full matrix
----------
1 0 0 <= 16
0 -1 0 <= -2
----------

[2025-09-06 18:12:12.038] [debug] minimal matrix
----------
1 0 0 <= 1
0 -1 0 <= 0
----------

[2025-09-06 18:12:12.038] [debug] full matrix
----------
-1 0 0 <= -16
0 -1 0 <= -2
----------

[2025-09-06 18:12:12.038] [debug] minimal matrix
----------
-1 0 0 <= -1
0 -1 0 <= 0
----------

[2025-09-06 18:12:12.038] [debug] full matrix
----------
1 0 0 <= 16
0 0 -1 <= -1
----------

[2025-09-06 18:12:12.038] [debug] minimal matrix
----------
1 0 0 <= 1
0 0 -1 <= 0
----------

[2025-09-06 18:12:12.038] [debug] full matrix
----------
-1 0 0 <= -16
0 0 -1 <= -1
----------

[2025-09-06 18:12:12.038] [debug] minimal matrix
----------
-1 0 0 <= -1
0 0 -1 <= 0
----------

[2025-09-06 18:12:12.038] [debug] full matrix
----------
-1 0 0 <= -16
----------

[2025-09-06 18:12:12.038] [debug] minimal matrix
----------
-1 0 0 <= -1
----------

[2025-09-06 18:12:12.038] [debug] full matrix
----------
-1 0 0 <= -16
----------

[2025-09-06 18:12:12.038] [debug] minimal matrix
----------
-1 0 0 <= -1
----------

[2025-09-06 18:12:12.038] [debug] full matrix
----------
1 0 0 <= 16
0 0 -1 <= -1
----------

[2025-09-06 18:12:12.038] [debug] minimal matrix
----------
1 0 0 <= 1
0 0 -1 <= 0
----------

[2025-09-06 18:12:12.038] [debug] full matrix
----------
-1 0 0 <= -16
0 0 -1 <= -1
----------

[2025-09-06 18:12:12.038] [debug] minimal matrix
----------
-1 0 0 <= -1
0 0 -1 <= 0
----------

[2025-09-06 18:12:12.038] [debug] full matrix
----------
1 0 0 <= 16
0 -1 0 <= -2
----------

[2025-09-06 18:12:12.038] [debug] minimal matrix
----------
1 0 0 <= 1
0 -1 0 <= 0
----------

[2025-09-06 18:12:12.038] [debug] full matrix
----------
-1 0 0 <= -16
0 -1 0 <= -2
----------

[2025-09-06 18:12:12.038] [debug] minimal matrix
----------
-1 0 0 <= -1
0 -1 0 <= 0
----------

[2025-09-06 18:12:12.038] [debug] full matrix
----------
-1 0 0 <= -16
----------

[2025-09-06 18:12:12.038] [debug] minimal matrix
----------
-1 0 0 <= -1
----------

[2025-09-06 18:12:12.038] [debug] full matrix
----------
-1 0 0 <= -4
1 0 0 <= 4
0 -1 0 <= 0
0 1 0 <= 0
0 0 -1 <= 0
0 0 1 <= 0
----------

[2025-09-06 18:12:12.038] [debug] minimal matrix
----------
-1 0 0 <= -1
1 0 0 <= 1
0 -1 0 <= 0
0 1 0 <= 0
0 0 -1 <= 0
0 0 1 <= 0
----------

[2025-09-06 18:12:12.038] [debug] full matrix
----------
-1 0 0 <= -18
----------

[2025-09-06 18:12:12.038] [debug] minimal matrix
----------
-1 0 0 <= -1
----------

[2025-09-06 18:12:12.038] [info] 2.0 Creating Unified Datastructure from SAC: 0
[2025-09-06 18:12:16.631] [info] runs 1000 | prob 0.987 | low 0.9777726687576526 | high 0.9962273312423474
[2025-09-06 18:12:16.679] [debug] RESULT:
training_time, simulation_time, prob, low, high, runs, scheduler_variant, success_path_count, failure_path_count
4260, 5, 0.987, 0.9777726687576526, 0.9962273312423474, 1000, 0
# timestamp 06.09.2025 18:12:12 (1757175132), datastructure sac
# timebound 20, expirations {"r": 1, "r1": 0, "r2": 0}
# alpha 0.1, gamma 0.99
# discretization method UNIFORM_GRANULARITY, adaptive compartments 5, uniform granularity 0.25
# scheduler goal: MAXIMIZING, scope: PROPHETIC, history: MEMORYLESS
# training runs 1000000

[2025-09-06 18:12:16.742] [info] 2.1 Simulating on SAC: 4704
[2025-09-06 18:12:16.742] [info] Analysis finished; the goal is not reachable.
[2025-09-06 18:12:16.742] [info] Probability: 0.0
[2025-09-06 18:12:16.742] [info] 2 Analysis: 4704
[2025-09-06 18:12:16.742] [info] 0 Computation Time Complete: 4705
[2025-09-06 18:12:16.742] [info] Counters and timers:
Counters:

Timers:
0 Computation Time Complete: 4705
1 Model creation: 0
2 Analysis: 4704
2.0 Creating Unified Datastructure from SAC: 0
2.1 Simulating on SAC: 4704

