timebound = 20, jump depth = 100, max expirations of random clocks = [{r: 1}, {r1: 0}, {r2: 0}], combine absorbing locations in unrolling = 148, integration bound(s) = 20, integration samples = 500000, model = WATERTANK, model case = CASE_A, LTI analysis = rectangular analysis, scheduler = goal: MAXIMIZING, scope: PROPHETIC, history: HISTORY_DEPENDENT, multithreaded = 1, disableBackwardsRefinement = 0
simulating 0 runs after 1000000 training runs with parameters:
learning rate                 0.1
discount factor               0.99
exploration rate              0.15
discretization method         UNIFORM_GRANULARITY
uniform granularity           0.25
adaptive compartments         5


[2025-09-06 18:12:10.462] [debug] not adding time variable 't' due to setting 'doNotAddTime == true'
[2025-09-06 18:12:10.462] [debug] using cli max expirations 0 for random clock r1
[2025-09-06 18:12:10.462] [debug] using cli max expirations 0 for random clock r2
[2025-09-06 18:12:10.462] [warning] no flow specified for variable c1 in location all_off - assuming flow of 0
[2025-09-06 18:12:10.462] [warning] no flow specified for variable c1 in location v2_on - assuming flow of 0
[2025-09-06 18:12:10.462] [warning] no flow specified for variable c1 in location v1_block - assuming flow of 0
[2025-09-06 18:12:10.462] [warning] no flow specified for variable c1 in location v2_block - assuming flow of 0
[2025-09-06 18:12:10.462] [warning] no flow specified for variable c1 in location v1_block_v2_on - assuming flow of 0
[2025-09-06 18:12:10.462] [warning] no flow specified for variable c1 in location block_safe - assuming flow of 0
[2025-09-06 18:12:10.462] [warning] no flow specified for variable c1 in location block_unsafe - assuming flow of 0
[2025-09-06 18:12:10.462] [warning] no flow specified for variable c2 in location all_off - assuming flow of 0
[2025-09-06 18:12:10.462] [warning] no flow specified for variable c2 in location v1_on - assuming flow of 0
[2025-09-06 18:12:10.462] [warning] no flow specified for variable c2 in location v1_block - assuming flow of 0
[2025-09-06 18:12:10.462] [warning] no flow specified for variable c2 in location v2_block - assuming flow of 0
[2025-09-06 18:12:10.462] [warning] no flow specified for variable c2 in location v2_block_v1_on - assuming flow of 0
[2025-09-06 18:12:10.462] [warning] no flow specified for variable c2 in location block_safe - assuming flow of 0
[2025-09-06 18:12:10.462] [warning] no flow specified for variable c2 in location block_unsafe - assuming flow of 0
[2025-09-06 18:12:10.462] [debug] Clock index for the created transition is: 3
[2025-09-06 18:12:10.462] [debug] Clock index for the created transition is: 3
[2025-09-06 18:12:10.462] [debug] Clock index for the created transition is: 3
[2025-09-06 18:12:10.462] [debug] Clock index for the created transition is: 3
[2025-09-06 18:12:10.462] [debug] Clock index for the created transition is: 4
[2025-09-06 18:12:10.462] [debug] Clock index for the created transition is: 4
[2025-09-06 18:12:10.462] [debug] Clock index for the created transition is: 4
[2025-09-06 18:12:10.462] [debug] Clock index for the created transition is: 4
[2025-09-06 18:12:10.462] [warning] no constraints specified for variable c1 in initial constraint number 0 - assuming [0,0]
[2025-09-06 18:12:10.462] [warning] no constraints specified for variable c2 in initial constraint number 0 - assuming [0,0]
[2025-09-06 18:12:10.462] [debug] Underlying Hybrid Automaton: initial states (1): 
all_off:  - x0 ≤ -4
x0 ≤ 4
 - x1 ≤ 0
x1 ≤ 0
 - 1·x2 ≤ 0
1·x2 ≤ 0

locations (9): 
all_off @0x60713bea6d70 {
Flow.: 
x: [4, 4], c1: [0, 0], c2: [0, 0], 
Inv.:
x0 ≤ 16
Transitions: 
{ @0x60713beabf80 all_off (@0x60713bea6d70) -->*v1_on (@0x60713be9ab80)
Guard:
 - x0 ≤ -16

Reset:
Identity
 }
{ @0x60713beac390 all_off (@0x60713bea6d70) -->*v2_on (@0x60713be9b280)
Guard:
 - x0 ≤ -16

Reset:
Identity
 }

}
v1_on @0x60713be9ab80 {
Flow.: 
x: [-2, -2], c1: [1, 1], c2: [0, 0], 
Inv.:
x1 ≤ 2
Transitions: 
{ @0x60713beac700 v1_on (@0x60713be9ab80) --> v1_block (@0x60713bea98b0)
Guard:
x0 ≤ 16
 - x1 ≤ -2

Reset:
Identity
]0, 0[, [0, 0], 
 }
{ @0x60713beae060 v1_on (@0x60713be9ab80) --> v1_block_v2_on (@0x60713beaa580)
Guard:
 - x0 ≤ -16
 - x1 ≤ -2

Reset:
Identity
]0, 0[, [0, 0], 
 }

}
v2_on @0x60713be9b280 {
Flow.: 
x: [0, 0], c1: [0, 0], c2: [1, 1], 
Inv.:
1·x2 ≤ 1
Transitions: 
{ @0x60713bead0b0 v2_on (@0x60713be9b280) --> v2_block (@0x60713bea9ed0)
Guard:
x0 ≤ 16
 - 1·x2 ≤ -1

Reset:
Identity
]0, 0[, ]0, 0[, [0, 0], 
 }
{ @0x60713beae5f0 v2_on (@0x60713be9b280) --> v2_block_v1_on (@0x60713beaac70)
Guard:
 - x0 ≤ -16
 - 1·x2 ≤ -1

Reset:
Identity
]0, 0[, ]0, 0[, [0, 0], 
 }

}
v1_block @0x60713bea98b0 {
Flow.: 
x: [4, 4], c1: [0, 0], c2: [0, 0], 
Inv.:
x0 ≤ 16
Transitions: 
{ @0x60713beaf3e0 v1_block (@0x60713bea98b0) --> v1_block_v2_on (@0x60713beaa580)
Guard:
 - x0 ≤ -16

Reset:
Identity
 }
{ @0x60713beb2880 v1_block (@0x60713bea98b0) --> all_off (@0x60713bea6d70)
Guard:

Reset:
Identity
 }

}
v2_block @0x60713bea9ed0 {
Flow.: 
x: [4, 4], c1: [0, 0], c2: [0, 0], 
Inv.:
x0 ≤ 16
Transitions: 
{ @0x60713beaf7c0 v2_block (@0x60713bea9ed0) --> v2_block_v1_on (@0x60713beaac70)
Guard:
 - x0 ≤ -16

Reset:
Identity
 }
{ @0x60713beb2fc0 v2_block (@0x60713bea9ed0) --> all_off (@0x60713bea6d70)
Guard:

Reset:
Identity
 }

}
v1_block_v2_on @0x60713beaa580 {
Flow.: 
x: [0, 0], c1: [0, 0], c2: [1, 1], 
Inv.:
1·x2 ≤ 1
Transitions: 
{ @0x60713beafb70 v1_block_v2_on (@0x60713beaa580) --> block_safe (@0x60713beab360)
Guard:
x0 ≤ 16
 - 1·x2 ≤ -1

Reset:
Identity
]0, 0[, ]0, 0[, [0, 0], 
 }
{ @0x60713beb1090 v1_block_v2_on (@0x60713beaa580) --> block_unsafe (@0x60713beaba50)
Guard:
 - x0 ≤ -16
 - 1·x2 ≤ -1

Reset:
Identity
]0, 0[, ]0, 0[, [0, 0], 
 }
{ @0x60713beb2a20 v1_block_v2_on (@0x60713beaa580) --> v2_on (@0x60713be9b280)
Guard:

Reset:
Identity
 }

}
v2_block_v1_on @0x60713beaac70 {
Flow.: 
x: [-2, -2], c1: [1, 1], c2: [0, 0], 
Inv.:
x1 ≤ 2
Transitions: 
{ @0x60713beb0ae0 v2_block_v1_on (@0x60713beaac70) --> block_safe (@0x60713beab360)
Guard:
x0 ≤ 16
 - x1 ≤ -2

Reset:
Identity
]0, 0[, [0, 0], 
 }
{ @0x60713beb1e80 v2_block_v1_on (@0x60713beaac70) --> block_unsafe (@0x60713beaba50)
Guard:
 - x0 ≤ -16
 - x1 ≤ -2

Reset:
Identity
]0, 0[, [0, 0], 
 }
{ @0x60713beb31a0 v2_block_v1_on (@0x60713beaac70) --> v1_on (@0x60713be9ab80)
Guard:

Reset:
Identity
 }

}
block_safe @0x60713beab360 {
Flow.: 
x: [4, 4], c1: [0, 0], c2: [0, 0], 
Inv.:
x0 ≤ 16
Transitions: 
{ @0x60713beb2410 block_safe (@0x60713beab360) --> block_unsafe (@0x60713beaba50)
Guard:
 - x0 ≤ -16

Reset:
Identity
 }
{ @0x60713beb2c00 block_safe (@0x60713beab360) --> v2_block (@0x60713bea9ed0)
Guard:

Reset:
Identity
 }
{ @0x60713beb3380 block_safe (@0x60713beab360) --> v1_block (@0x60713bea98b0)
Guard:

Reset:
Identity
 }

}
block_unsafe @0x60713beaba50 {
Flow.: 
x: [4, 4], c1: [0, 0], c2: [0, 0], 
Inv.:
Transitions: 
{ @0x60713beb2de0 block_unsafe (@0x60713beaba50) --> v2_block_v1_on (@0x60713beaac70)
Guard:

Reset:
Identity
 }
{ @0x60713beb3590 block_unsafe (@0x60713beaba50) --> v1_block_v2_on (@0x60713beaa580)
Guard:

Reset:
Identity
 }

}
local bad states (0): 

[2025-09-06 18:12:10.462] [debug] Stochasticity Cache:
[2025-09-06 18:12:10.462] [debug] v1_block -> all_off is stochastic transition with random event r3(STOCHASTIC) (index 3)
[2025-09-06 18:12:10.462] [debug] v1_block_v2_on -> v2_on is stochastic transition with random event r3(STOCHASTIC) (index 3)
[2025-09-06 18:12:10.462] [debug] block_safe -> v2_block is stochastic transition with random event r3(STOCHASTIC) (index 3)
[2025-09-06 18:12:10.462] [debug] block_unsafe -> v2_block_v1_on is stochastic transition with random event r3(STOCHASTIC) (index 3)
[2025-09-06 18:12:10.462] [debug] v2_block -> all_off is stochastic transition with random event r4(STOCHASTIC) (index 4)
[2025-09-06 18:12:10.462] [debug] v2_block_v1_on -> v1_on is stochastic transition with random event r4(STOCHASTIC) (index 4)
[2025-09-06 18:12:10.462] [debug] block_safe -> v1_block is stochastic transition with random event r4(STOCHASTIC) (index 4)
[2025-09-06 18:12:10.462] [debug] block_unsafe -> v1_block_v2_on is stochastic transition with random event r4(STOCHASTIC) (index 4)
[2025-09-06 18:12:10.462] [debug] Specification: ( goal location: block_unsafe, constraints:  - x0 ≤ -18
 )
[2025-09-06 18:12:10.462] [info] 1 Model creation: 0
[2025-09-06 18:12:10.462] [debug] full matrix
----------
1 0 0 <= 16
----------

[2025-09-06 18:12:10.462] [debug] minimal matrix
----------
1 0 0 <= 1
----------

[2025-09-06 18:12:10.462] [debug] full matrix
----------
0 1 0 <= 2
----------

[2025-09-06 18:12:10.462] [debug] minimal matrix
----------
0 1 0 <= 0
----------

[2025-09-06 18:12:10.462] [debug] full matrix
----------
0 0 1 <= 1
----------

[2025-09-06 18:12:10.462] [debug] minimal matrix
----------
0 0 1 <= 0
----------

[2025-09-06 18:12:10.462] [debug] full matrix
----------
1 0 0 <= 16
----------

[2025-09-06 18:12:10.462] [debug] minimal matrix
----------
1 0 0 <= 1
----------

[2025-09-06 18:12:10.462] [debug] full matrix
----------
1 0 0 <= 16
----------

[2025-09-06 18:12:10.462] [debug] minimal matrix
----------
1 0 0 <= 1
----------

[2025-09-06 18:12:10.462] [debug] full matrix
----------
0 0 1 <= 1
----------

[2025-09-06 18:12:10.462] [debug] minimal matrix
----------
0 0 1 <= 0
----------

[2025-09-06 18:12:10.462] [debug] full matrix
----------
0 1 0 <= 2
----------

[2025-09-06 18:12:10.462] [debug] minimal matrix
----------
0 1 0 <= 0
----------

[2025-09-06 18:12:10.462] [debug] full matrix
----------
1 0 0 <= 16
----------

[2025-09-06 18:12:10.462] [debug] minimal matrix
----------
1 0 0 <= 1
----------

[2025-09-06 18:12:10.462] [debug] full matrix
----------
----------

[2025-09-06 18:12:10.462] [debug] minimal matrix
----------
----------

[2025-09-06 18:12:10.462] [debug] full matrix
----------
-1 0 0 <= -16
----------

[2025-09-06 18:12:10.462] [debug] minimal matrix
----------
-1 0 0 <= -1
----------

[2025-09-06 18:12:10.462] [debug] full matrix
----------
-1 0 0 <= -16
----------

[2025-09-06 18:12:10.462] [debug] minimal matrix
----------
-1 0 0 <= -1
----------

[2025-09-06 18:12:10.462] [debug] full matrix
----------
1 0 0 <= 16
0 -1 0 <= -2
----------

[2025-09-06 18:12:10.462] [debug] minimal matrix
----------
1 0 0 <= 1
0 -1 0 <= 0
----------

[2025-09-06 18:12:10.462] [debug] full matrix
----------
-1 0 0 <= -16
0 -1 0 <= -2
----------

[2025-09-06 18:12:10.462] [debug] minimal matrix
----------
-1 0 0 <= -1
0 -1 0 <= 0
----------

[2025-09-06 18:12:10.462] [debug] full matrix
----------
1 0 0 <= 16
0 0 -1 <= -1
----------

[2025-09-06 18:12:10.462] [debug] minimal matrix
----------
1 0 0 <= 1
0 0 -1 <= 0
----------

[2025-09-06 18:12:10.462] [debug] full matrix
----------
-1 0 0 <= -16
0 0 -1 <= -1
----------

[2025-09-06 18:12:10.462] [debug] minimal matrix
----------
-1 0 0 <= -1
0 0 -1 <= 0
----------

[2025-09-06 18:12:10.462] [debug] full matrix
----------
-1 0 0 <= -16
----------

[2025-09-06 18:12:10.462] [debug] minimal matrix
----------
-1 0 0 <= -1
----------

[2025-09-06 18:12:10.462] [debug] full matrix
----------
-1 0 0 <= -16
----------

[2025-09-06 18:12:10.462] [debug] minimal matrix
----------
-1 0 0 <= -1
----------

[2025-09-06 18:12:10.462] [debug] full matrix
----------
1 0 0 <= 16
0 0 -1 <= -1
----------

[2025-09-06 18:12:10.462] [debug] minimal matrix
----------
1 0 0 <= 1
0 0 -1 <= 0
----------

[2025-09-06 18:12:10.462] [debug] full matrix
----------
-1 0 0 <= -16
0 0 -1 <= -1
----------

[2025-09-06 18:12:10.462] [debug] minimal matrix
----------
-1 0 0 <= -1
0 0 -1 <= 0
----------

[2025-09-06 18:12:10.462] [debug] full matrix
----------
1 0 0 <= 16
0 -1 0 <= -2
----------

[2025-09-06 18:12:10.462] [debug] minimal matrix
----------
1 0 0 <= 1
0 -1 0 <= 0
----------

[2025-09-06 18:12:10.462] [debug] full matrix
----------
-1 0 0 <= -16
0 -1 0 <= -2
----------

[2025-09-06 18:12:10.462] [debug] minimal matrix
----------
-1 0 0 <= -1
0 -1 0 <= 0
----------

[2025-09-06 18:12:10.462] [debug] full matrix
----------
-1 0 0 <= -16
----------

[2025-09-06 18:12:10.462] [debug] minimal matrix
----------
-1 0 0 <= -1
----------

[2025-09-06 18:12:10.462] [debug] full matrix
----------
-1 0 0 <= -4
1 0 0 <= 4
0 -1 0 <= 0
0 1 0 <= 0
0 0 -1 <= 0
0 0 1 <= 0
----------

[2025-09-06 18:12:10.462] [debug] minimal matrix
----------
-1 0 0 <= -1
1 0 0 <= 1
0 -1 0 <= 0
0 1 0 <= 0
0 0 -1 <= 0
0 0 1 <= 0
----------

[2025-09-06 18:12:10.463] [debug] full matrix
----------
-1 0 0 <= -18
----------

[2025-09-06 18:12:10.463] [debug] minimal matrix
----------
-1 0 0 <= -1
----------

[2025-09-06 18:12:10.463] [info] 2.0 Creating Unified Datastructure from SAC: 0
[2025-09-06 18:12:12.025] [info] runs 1000 | prob 1 | low 1 | high 1
[2025-09-06 18:12:12.026] [debug] RESULT:
training_time, simulation_time, prob, low, high, runs, scheduler_variant, success_path_count, failure_path_count
1556, 1, 1, 1, 1, 1000, 0
# timestamp 06.09.2025 18:12:10 (1757175130), datastructure sac
# timebound 20, expirations {"r": 1, "r1": 0, "r2": 0}
# alpha 0.1, gamma 0.99
# discretization method UNIFORM_GRANULARITY, adaptive compartments 5, uniform granularity 0.25
# scheduler goal: MAXIMIZING, scope: PROPHETIC, history: MEMORYLESS
# training runs 1000000

[2025-09-06 18:12:12.026] [info] 2.1 Simulating on SAC: 1563
[2025-09-06 18:12:12.026] [info] Analysis finished; the goal is not reachable.
[2025-09-06 18:12:12.026] [info] Probability: 0.0
[2025-09-06 18:12:12.026] [info] 2 Analysis: 1564
[2025-09-06 18:12:12.026] [info] 0 Computation Time Complete: 1564
[2025-09-06 18:12:12.026] [info] Counters and timers:
Counters:

Timers:
0 Computation Time Complete: 1564
1 Model creation: 0
2 Analysis: 1564
2.0 Creating Unified Datastructure from SAC: 0
2.1 Simulating on SAC: 1563

