timebound = 10, jump depth = 256, max expirations of random clocks = [{r1: 1}, {r2: 1}], combine absorbing locations in unrolling = 122, integration bound(s) = 10, integration samples = 500000, model = WATERTANK, model case = CASE_A, LTI analysis = rectangular analysis, scheduler = goal: MAXIMIZING, scope: PROPHETIC, history: HISTORY_DEPENDENT, multithreaded = 1, disableBackwardsRefinement = 0
simulating 1000000 runs after 1000000 training runs with parameters:
learning rate                 0.1
discount factor               0.99
exploration rate              0.1
discretization method         UNIFORM_GRANULARITY
uniform granularity           0.25
adaptive compartments         5


[2025-08-28 10:34:53.771] [warning] no flow specified for variable c1 in location all_off - assuming flow of 0
[2025-08-28 10:34:53.771] [warning] no flow specified for variable c1 in location v2_on - assuming flow of 0
[2025-08-28 10:34:53.771] [warning] no flow specified for variable c1 in location v1_block - assuming flow of 0
[2025-08-28 10:34:53.771] [warning] no flow specified for variable c1 in location v2_block - assuming flow of 0
[2025-08-28 10:34:53.771] [warning] no flow specified for variable c1 in location v1_block_v2_on - assuming flow of 0
[2025-08-28 10:34:53.771] [warning] no flow specified for variable c1 in location block_safe - assuming flow of 0
[2025-08-28 10:34:53.771] [warning] no flow specified for variable c1 in location block_unsafe - assuming flow of 0
[2025-08-28 10:34:53.771] [warning] no flow specified for variable c2 in location all_off - assuming flow of 0
[2025-08-28 10:34:53.771] [warning] no flow specified for variable c2 in location v1_on - assuming flow of 0
[2025-08-28 10:34:53.771] [warning] no flow specified for variable c2 in location v1_block - assuming flow of 0
[2025-08-28 10:34:53.771] [warning] no flow specified for variable c2 in location v2_block - assuming flow of 0
[2025-08-28 10:34:53.771] [warning] no flow specified for variable c2 in location v2_block_v1_on - assuming flow of 0
[2025-08-28 10:34:53.771] [warning] no flow specified for variable c2 in location block_safe - assuming flow of 0
[2025-08-28 10:34:53.771] [warning] no flow specified for variable c2 in location block_unsafe - assuming flow of 0
[2025-08-28 10:34:53.772] [warning] no constraints specified for variable c1 in initial constraint number 0 - assuming [0,0]
[2025-08-28 10:34:53.772] [warning] no constraints specified for variable c2 in initial constraint number 0 - assuming [0,0]
[2025-08-28 10:34:53.772] [info] 1 Model creation: 0
[2025-08-28 10:34:56.660] [info] 2.2 Reachability Analysis: 2888
[2025-08-28 10:34:56.661] [info] 2.3 Augment Reach Tree: 0
[2025-08-28 10:34:56.661] [info] 2.4 Creating Unified Datastructure from Reach Tree: 0
[2025-08-28 10:35:29.596] [info] 2.5 Simulating on full Reach Tree: 32935
[2025-08-28 10:35:29.837] [info] 2.6.0 Labeling Reach Tree Nodes: 240
[2025-08-28 10:35:29.837] [info] 2.6.1 Removing Unfulfilling Subtrees: 0
[2025-08-28 10:35:29.837] [info] 2.6 Pre-checking and Reduction: 240
[2025-08-28 10:35:29.837] [info] node count before and after reduction 124 124
[2025-08-28 10:36:02.378] [info] 2.7 Simulating on reduced Reach Tree: 32541
[2025-08-28 10:36:02.380] [info] Analysis finished; the goal is not reachable.
[2025-08-28 10:36:02.380] [info] Probability: 0.0
[2025-08-28 10:36:02.380] [info] 2 Analysis: 68608
[2025-08-28 10:36:02.380] [info] 0 Computation Time Complete: 68609
[2025-08-28 10:36:02.380] [info] Counters and timers:
Counters:

Timers:
0 Computation Time Complete: 68609
1 Model creation: 0
2 Analysis: 68608
2.2 Reachability Analysis: 2888
2.3 Augment Reach Tree: 0
2.4 Creating Unified Datastructure from Reach Tree: 0
2.5 Simulating on full Reach Tree: 32935
2.6 Pre-checking and Reduction: 240
2.6.0 Labeling Reach Tree Nodes: 240
2.6.1 Removing Unfulfilling Subtrees: 0
2.7 Simulating on reduced Reach Tree: 32541

