timebound = 10, jump depth = 256, max expirations of random clocks = [{r1: 3}, {r2: 3}], combine absorbing locations in unrolling = 119, integration bound(s) = 10, integration samples = 500000, model = WATERTANK, model case = CASE_A, LTI analysis = rectangular analysis, scheduler = goal: MAXIMIZING, scope: PROPHETIC, history: HISTORY_DEPENDENT, multithreaded = 1, disableBackwardsRefinement = 0
simulating 1000000 runs after 1000000 training runs with parameters:
learning rate                 0.1
discount factor               0.99
exploration rate              0.1
discretization method         UNIFORM_GRANULARITY
uniform granularity           0.25
adaptive compartments         5


[2025-08-28 10:43:03.220] [warning] no flow specified for variable c1 in location all_off - assuming flow of 0
[2025-08-28 10:43:03.220] [warning] no flow specified for variable c1 in location v2_on - assuming flow of 0
[2025-08-28 10:43:03.220] [warning] no flow specified for variable c1 in location v1_block - assuming flow of 0
[2025-08-28 10:43:03.220] [warning] no flow specified for variable c1 in location v2_block - assuming flow of 0
[2025-08-28 10:43:03.220] [warning] no flow specified for variable c1 in location v1_block_v2_on - assuming flow of 0
[2025-08-28 10:43:03.220] [warning] no flow specified for variable c1 in location block_safe - assuming flow of 0
[2025-08-28 10:43:03.220] [warning] no flow specified for variable c1 in location block_unsafe - assuming flow of 0
[2025-08-28 10:43:03.220] [warning] no flow specified for variable c2 in location all_off - assuming flow of 0
[2025-08-28 10:43:03.220] [warning] no flow specified for variable c2 in location v1_on - assuming flow of 0
[2025-08-28 10:43:03.220] [warning] no flow specified for variable c2 in location v1_block - assuming flow of 0
[2025-08-28 10:43:03.220] [warning] no flow specified for variable c2 in location v2_block - assuming flow of 0
[2025-08-28 10:43:03.220] [warning] no flow specified for variable c2 in location v2_block_v1_on - assuming flow of 0
[2025-08-28 10:43:03.220] [warning] no flow specified for variable c2 in location block_safe - assuming flow of 0
[2025-08-28 10:43:03.220] [warning] no flow specified for variable c2 in location block_unsafe - assuming flow of 0
[2025-08-28 10:43:03.224] [warning] no constraints specified for variable c1 in initial constraint number 0 - assuming [0,0]
[2025-08-28 10:43:03.224] [warning] no constraints specified for variable c2 in initial constraint number 0 - assuming [0,0]
[2025-08-28 10:43:03.224] [info] 1 Model creation: 3
[2025-08-28 10:45:49.748] [info] 2.2 Reachability Analysis: 166523
[2025-08-28 10:45:49.753] [info] 2.3 Augment Reach Tree: 4
[2025-08-28 10:45:49.755] [info] 2.4 Creating Unified Datastructure from Reach Tree: 1
[2025-08-28 10:51:33.521] [info] 2.5 Simulating on full Reach Tree: 343766
[2025-08-28 10:51:36.138] [info] 2.6.0 Labeling Reach Tree Nodes: 2615
[2025-08-28 10:51:36.138] [info] 2.6.1 Removing Unfulfilling Subtrees: 0
[2025-08-28 10:51:36.138] [info] 2.6 Pre-checking and Reduction: 2615
[2025-08-28 10:51:36.138] [info] node count before and after reduction 3683 2966
[2025-08-28 10:57:18.808] [info] 2.7 Simulating on reduced Reach Tree: 342670
[2025-08-28 10:57:18.973] [info] Analysis finished; the goal is not reachable.
[2025-08-28 10:57:18.973] [info] Probability: 0.0
[2025-08-28 10:57:18.974] [info] 2 Analysis: 855749
[2025-08-28 10:57:18.974] [info] 0 Computation Time Complete: 855753
[2025-08-28 10:57:18.974] [info] Counters and timers:
Counters:

Timers:
0 Computation Time Complete: 855753
1 Model creation: 3
2 Analysis: 855749
2.2 Reachability Analysis: 166523
2.3 Augment Reach Tree: 4
2.4 Creating Unified Datastructure from Reach Tree: 1
2.5 Simulating on full Reach Tree: 343766
2.6 Pre-checking and Reduction: 2615
2.6.0 Labeling Reach Tree Nodes: 2615
2.6.1 Removing Unfulfilling Subtrees: 0
2.7 Simulating on reduced Reach Tree: 342670

