timebound = 6, jump depth = 100, max expirations of random clocks = [{r1: 1}, {r2: 1}], combine absorbing locations in unrolling = 79, integration bound(s) = 6, integration samples = 500000, model = WATERTANK, model case = CASE_A, LTI analysis = rectangular analysis, scheduler = goal: MAXIMIZING, scope: SEMIPROPHETIC, history: HISTORY_DEPENDENT, multithreaded = 1, disableBackwardsRefinement = 0
simulating 0 runs after 1 training runs with parameters:
learning rate                 0.1
discount factor               1
exploration rate              0.15
uniform granularity           0.5
adaptive compartments         5


[2025-10-02 22:07:08.849] [warning] no flow specified for variable c1 in location all_off - assuming flow of 0
[2025-10-02 22:07:08.849] [warning] no flow specified for variable c1 in location v2_on - assuming flow of 0
[2025-10-02 22:07:08.849] [warning] no flow specified for variable c1 in location v1_block - assuming flow of 0
[2025-10-02 22:07:08.849] [warning] no flow specified for variable c1 in location v2_block - assuming flow of 0
[2025-10-02 22:07:08.849] [warning] no flow specified for variable c1 in location v1_block_v2_on - assuming flow of 0
[2025-10-02 22:07:08.849] [warning] no flow specified for variable c1 in location block_safe - assuming flow of 0
[2025-10-02 22:07:08.849] [warning] no flow specified for variable c1 in location block_unsafe - assuming flow of 0
[2025-10-02 22:07:08.849] [warning] no flow specified for variable c2 in location all_off - assuming flow of 0
[2025-10-02 22:07:08.849] [warning] no flow specified for variable c2 in location v1_on - assuming flow of 0
[2025-10-02 22:07:08.849] [warning] no flow specified for variable c2 in location v1_block - assuming flow of 0
[2025-10-02 22:07:08.849] [warning] no flow specified for variable c2 in location v2_block - assuming flow of 0
[2025-10-02 22:07:08.849] [warning] no flow specified for variable c2 in location v2_block_v1_on - assuming flow of 0
[2025-10-02 22:07:08.849] [warning] no flow specified for variable c2 in location block_safe - assuming flow of 0
[2025-10-02 22:07:08.849] [warning] no flow specified for variable c2 in location block_unsafe - assuming flow of 0
[2025-10-02 22:07:08.850] [warning] no constraints specified for variable c1 in initial constraint number 0 - assuming [0,0]
[2025-10-02 22:07:08.850] [warning] no constraints specified for variable c2 in initial constraint number 0 - assuming [0,0]
[2025-10-02 22:07:08.850] [info] 1 Model creation: 0
[2025-10-02 22:07:09.217] [info] 2.2 Reachability Analysis: 366
[2025-10-02 22:07:09.217] [info] 2.3 Augment Reach Tree: 0
[2025-10-02 22:07:09.217] [info] 2.4 Creating Unified Datastructure from Reach Tree: 0
[2025-10-02 22:07:09.217] [info] 2.5 Simulating on full Reach Tree: 0
[2025-10-02 22:07:09.217] [info] 2.6.0 Labeling Reach Tree Nodes: 0
[2025-10-02 22:07:09.217] [info] 2.6.1 Removing Unfulfilling Subtrees: 0
[2025-10-02 22:07:09.217] [info] 2.6 Pre-checking and Reduction: 0
[2025-10-02 22:07:09.217] [info] node count before and after reduction 15 0
[2025-10-02 22:07:09.217] [info] reach tree compilation time in ms 366
[2025-10-02 22:07:09.217] [info] reach tree node counts: full 15, reduced 0, goal 0
[2025-10-02 22:07:09.217] [info] runs 1000 | prob 0 | low 0 | high 0
[2025-10-02 22:07:09.217] [info] RESULT:
training_time, simulation_time, prob, low, high, runs
0, 0, 0, 0, 0, 1000
# timestamp 02.10.2025 22:07:08 (1759435628), datastructure TREE
# timebound 6, expirations {"r1": 1, "r2": 1}
# alpha 0.1, gamma 1
# fixed points 5, uniform granularity 0.5
# scheduler goal: MAXIMIZING, scope: SEMIPROPHETIC, history: HISTORY_DEPENDENT
# training runs 1
# reach tree compilation time in ms 366
# reach tree node counts: full 15, reduced 0, goal 0

[2025-10-02 22:07:09.217] [info] 2.7 Simulating on reduced Reach Tree: 0
[2025-10-02 22:07:09.218] [info] Analysis finished; the goal is not reachable.
[2025-10-02 22:07:09.218] [info] Probability: 0.0
[2025-10-02 22:07:09.218] [info] 2 Analysis: 368
[2025-10-02 22:07:09.218] [info] 0 Computation Time Complete: 369
[2025-10-02 22:07:09.218] [info] Counters and timers:
Counters:

Timers:
0 Computation Time Complete: 369
1 Model creation: 0
2 Analysis: 368
2.2 Reachability Analysis: 366
2.3 Augment Reach Tree: 0
2.4 Creating Unified Datastructure from Reach Tree: 0
2.5 Simulating on full Reach Tree: 0
2.6 Pre-checking and Reduction: 0
2.6.0 Labeling Reach Tree Nodes: 0
2.6.1 Removing Unfulfilling Subtrees: 0
2.7 Simulating on reduced Reach Tree: 0

