timebound = 6, jump depth = 100, max expirations of random clocks = [{r1: 4}, {r2: 4}], combine absorbing locations in unrolling = 93, integration bound(s) = 6, integration samples = 500000, model = WATERTANK, model case = CASE_A, LTI analysis = rectangular analysis, scheduler = goal: MAXIMIZING, scope: SEMIPROPHETIC, history: HISTORY_DEPENDENT, multithreaded = 1, disableBackwardsRefinement = 0
simulating 0 runs after 1 training runs with parameters:
learning rate                 0.1
discount factor               1
exploration rate              0.15
uniform granularity           0.5
adaptive compartments         5


[2025-10-02 22:07:10.903] [warning] no flow specified for variable c1 in location all_off - assuming flow of 0
[2025-10-02 22:07:10.903] [warning] no flow specified for variable c1 in location v2_on - assuming flow of 0
[2025-10-02 22:07:10.903] [warning] no flow specified for variable c1 in location v1_block - assuming flow of 0
[2025-10-02 22:07:10.903] [warning] no flow specified for variable c1 in location v2_block - assuming flow of 0
[2025-10-02 22:07:10.903] [warning] no flow specified for variable c1 in location v1_block_v2_on - assuming flow of 0
[2025-10-02 22:07:10.903] [warning] no flow specified for variable c1 in location block_safe - assuming flow of 0
[2025-10-02 22:07:10.903] [warning] no flow specified for variable c1 in location block_unsafe - assuming flow of 0
[2025-10-02 22:07:10.903] [warning] no flow specified for variable c2 in location all_off - assuming flow of 0
[2025-10-02 22:07:10.903] [warning] no flow specified for variable c2 in location v1_on - assuming flow of 0
[2025-10-02 22:07:10.903] [warning] no flow specified for variable c2 in location v1_block - assuming flow of 0
[2025-10-02 22:07:10.903] [warning] no flow specified for variable c2 in location v2_block - assuming flow of 0
[2025-10-02 22:07:10.903] [warning] no flow specified for variable c2 in location v2_block_v1_on - assuming flow of 0
[2025-10-02 22:07:10.903] [warning] no flow specified for variable c2 in location block_safe - assuming flow of 0
[2025-10-02 22:07:10.903] [warning] no flow specified for variable c2 in location block_unsafe - assuming flow of 0
[2025-10-02 22:07:10.909] [warning] no constraints specified for variable c1 in initial constraint number 0 - assuming [0,0]
[2025-10-02 22:07:10.909] [warning] no constraints specified for variable c2 in initial constraint number 0 - assuming [0,0]
[2025-10-02 22:07:10.910] [info] 1 Model creation: 7
[2025-10-02 22:07:15.379] [info] 2.2 Reachability Analysis: 4467
[2025-10-02 22:07:15.379] [info] 2.3 Augment Reach Tree: 0
[2025-10-02 22:07:15.379] [info] 2.4 Creating Unified Datastructure from Reach Tree: 0
[2025-10-02 22:07:15.379] [info] 2.5 Simulating on full Reach Tree: 0
[2025-10-02 22:07:15.379] [info] 2.6.0 Labeling Reach Tree Nodes: 0
[2025-10-02 22:07:15.379] [info] 2.6.1 Removing Unfulfilling Subtrees: 0
[2025-10-02 22:07:15.379] [info] 2.6 Pre-checking and Reduction: 0
[2025-10-02 22:07:15.379] [info] node count before and after reduction 18 0
[2025-10-02 22:07:15.379] [info] reach tree compilation time in ms 4467
[2025-10-02 22:07:15.379] [info] reach tree node counts: full 18, reduced 0, goal 0
[2025-10-02 22:07:15.379] [info] runs 1000 | prob 0 | low 0 | high 0
[2025-10-02 22:07:15.379] [info] RESULT:
training_time, simulation_time, prob, low, high, runs
0, 0, 0, 0, 0, 1000
# timestamp 02.10.2025 22:07:10 (1759435630), datastructure TREE
# timebound 6, expirations {"r1": 4, "r2": 4}
# alpha 0.1, gamma 1
# fixed points 5, uniform granularity 0.5
# scheduler goal: MAXIMIZING, scope: SEMIPROPHETIC, history: HISTORY_DEPENDENT
# training runs 1
# reach tree compilation time in ms 4467
# reach tree node counts: full 18, reduced 0, goal 0

[2025-10-02 22:07:15.380] [info] 2.7 Simulating on reduced Reach Tree: 0
[2025-10-02 22:07:15.384] [info] Analysis finished; the goal is not reachable.
[2025-10-02 22:07:15.384] [info] Probability: 0.0
[2025-10-02 22:07:15.384] [info] 2 Analysis: 4474
[2025-10-02 22:07:15.384] [info] 0 Computation Time Complete: 4481
[2025-10-02 22:07:15.384] [info] Counters and timers:
Counters:

Timers:
0 Computation Time Complete: 4481
1 Model creation: 7
2 Analysis: 4474
2.2 Reachability Analysis: 4467
2.3 Augment Reach Tree: 0
2.4 Creating Unified Datastructure from Reach Tree: 0
2.5 Simulating on full Reach Tree: 0
2.6 Pre-checking and Reduction: 0
2.6.0 Labeling Reach Tree Nodes: 0
2.6.1 Removing Unfulfilling Subtrees: 0
2.7 Simulating on reduced Reach Tree: 0

