timebound = 10, jump depth = 256, max expirations of random clocks = [{r1: 2}, {r2: 4}], combine absorbing locations in unrolling = 157, integration bound(s) = 10, integration samples = 500000, model = WATERTANK, model case = CASE_A, LTI analysis = rectangular analysis, scheduler = goal: MAXIMIZING, scope: PROPHETIC, history: HISTORY_DEPENDENT, multithreaded = 1, disableBackwardsRefinement = 0
simulating 1000000 runs after 1000000 training runs with parameters:
learning rate                 0.1
discount factor               0.99
exploration rate              0.1
discretization method         UNIFORM_GRANULARITY
uniform granularity           0.25
adaptive compartments         5


[2025-08-27 20:37:43.794] [warning] no flow specified for variable c1 in location all_off - assuming flow of 0
[2025-08-27 20:37:43.794] [warning] no flow specified for variable c1 in location v2_on - assuming flow of 0
[2025-08-27 20:37:43.794] [warning] no flow specified for variable c1 in location v1_block - assuming flow of 0
[2025-08-27 20:37:43.794] [warning] no flow specified for variable c1 in location v2_block - assuming flow of 0
[2025-08-27 20:37:43.794] [warning] no flow specified for variable c1 in location v1_block_v2_on - assuming flow of 0
[2025-08-27 20:37:43.794] [warning] no flow specified for variable c1 in location block_safe - assuming flow of 0
[2025-08-27 20:37:43.794] [warning] no flow specified for variable c1 in location block_unsafe - assuming flow of 0
[2025-08-27 20:37:43.794] [warning] no flow specified for variable c2 in location all_off - assuming flow of 0
[2025-08-27 20:37:43.794] [warning] no flow specified for variable c2 in location v1_on - assuming flow of 0
[2025-08-27 20:37:43.794] [warning] no flow specified for variable c2 in location v1_block - assuming flow of 0
[2025-08-27 20:37:43.794] [warning] no flow specified for variable c2 in location v2_block - assuming flow of 0
[2025-08-27 20:37:43.794] [warning] no flow specified for variable c2 in location v2_block_v1_on - assuming flow of 0
[2025-08-27 20:37:43.794] [warning] no flow specified for variable c2 in location block_safe - assuming flow of 0
[2025-08-27 20:37:43.794] [warning] no flow specified for variable c2 in location block_unsafe - assuming flow of 0
[2025-08-27 20:37:43.797] [warning] no constraints specified for variable c1 in initial constraint number 0 - assuming [0,0]
[2025-08-27 20:37:43.797] [warning] no constraints specified for variable c2 in initial constraint number 0 - assuming [0,0]
[2025-08-27 20:37:43.798] [info] 1 Model creation: 3
[2025-08-27 20:37:43.798] [info] 2.0 Creating Unified Datastructure from SAC: 0
[2025-08-27 20:43:16.832] [info] 2.1 Simulating on SAC: 333034
[2025-08-27 20:48:18.936] [info] 2.2 Reachability Analysis: 302103
[2025-08-27 20:48:18.941] [info] 2.3 Augment Reach Tree: 4
[2025-08-27 20:48:18.943] [info] 2.4 Creating Unified Datastructure from Reach Tree: 1
[2025-08-27 20:53:43.987] [info] 2.5 Simulating on full Reach Tree: 325044
[2025-08-27 20:53:46.482] [info] 2.6.0 Labeling Reach Tree Nodes: 2494
[2025-08-27 20:53:46.483] [info] 2.6.1 Removing Unfulfilling Subtrees: 0
[2025-08-27 20:53:46.483] [info] 2.6 Pre-checking and Reduction: 2495
[2025-08-27 20:53:46.483] [info] node count before and after reduction 7366 6171
[2025-08-27 20:59:05.661] [info] 2.7 Simulating on reduced Reach Tree: 319177
[2025-08-27 20:59:05.920] [info] Analysis finished; the goal is not reachable.
[2025-08-27 20:59:05.920] [info] Probability: 0.0
[2025-08-27 20:59:05.920] [info] 2 Analysis: 1282122
[2025-08-27 20:59:05.920] [info] 0 Computation Time Complete: 1282125
[2025-08-27 20:59:05.920] [info] Counters and timers:
Counters:

Timers:
0 Computation Time Complete: 1282125
1 Model creation: 3
2 Analysis: 1282122
2.0 Creating Unified Datastructure from SAC: 0
2.1 Simulating on SAC: 333034
2.2 Reachability Analysis: 302103
2.3 Augment Reach Tree: 4
2.4 Creating Unified Datastructure from Reach Tree: 1
2.5 Simulating on full Reach Tree: 325044
2.6 Pre-checking and Reduction: 2495
2.6.0 Labeling Reach Tree Nodes: 2494
2.6.1 Removing Unfulfilling Subtrees: 0
2.7 Simulating on reduced Reach Tree: 319177

