timebound = 10, jump depth = 256, max expirations of random clocks = [{r1: 2}, {r2: 4}], combine absorbing locations in unrolling = 138, integration bound(s) = 10, integration samples = 500000, model = WATERTANK, model case = CASE_A, LTI analysis = rectangular analysis, scheduler = goal: MAXIMIZING, scope: PROPHETIC, history: HISTORY_DEPENDENT, multithreaded = 1, disableBackwardsRefinement = 0
simulating 1000000 runs after 1000000 training runs with parameters:
learning rate                 0.1
discount factor               0.99
exploration rate              0.1
discretization method         UNIFORM_GRANULARITY
uniform granularity           0.25
adaptive compartments         5


[2025-08-27 20:32:25.781] [warning] no flow specified for variable c1 in location all_off - assuming flow of 0
[2025-08-27 20:32:25.781] [warning] no flow specified for variable c1 in location v2_on - assuming flow of 0
[2025-08-27 20:32:25.781] [warning] no flow specified for variable c1 in location v1_block - assuming flow of 0
[2025-08-27 20:32:25.781] [warning] no flow specified for variable c1 in location v2_block - assuming flow of 0
[2025-08-27 20:32:25.781] [warning] no flow specified for variable c1 in location v1_block_v2_on - assuming flow of 0
[2025-08-27 20:32:25.781] [warning] no flow specified for variable c1 in location block_safe - assuming flow of 0
[2025-08-27 20:32:25.781] [warning] no flow specified for variable c1 in location block_unsafe - assuming flow of 0
[2025-08-27 20:32:25.781] [warning] no flow specified for variable c2 in location all_off - assuming flow of 0
[2025-08-27 20:32:25.781] [warning] no flow specified for variable c2 in location v1_on - assuming flow of 0
[2025-08-27 20:32:25.781] [warning] no flow specified for variable c2 in location v1_block - assuming flow of 0
[2025-08-27 20:32:25.781] [warning] no flow specified for variable c2 in location v2_block - assuming flow of 0
[2025-08-27 20:32:25.781] [warning] no flow specified for variable c2 in location v2_block_v1_on - assuming flow of 0
[2025-08-27 20:32:25.781] [warning] no flow specified for variable c2 in location block_safe - assuming flow of 0
[2025-08-27 20:32:25.781] [warning] no flow specified for variable c2 in location block_unsafe - assuming flow of 0
[2025-08-27 20:32:25.783] [warning] no constraints specified for variable c1 in initial constraint number 0 - assuming [0,0]
[2025-08-27 20:32:25.783] [warning] no constraints specified for variable c2 in initial constraint number 0 - assuming [0,0]
[2025-08-27 20:32:25.783] [info] 1 Model creation: 2
[2025-08-27 20:32:25.784] [info] 2.0 Creating Unified Datastructure from SAC: 0
[2025-08-27 20:33:08.915] [info] 2.1 Simulating on SAC: 43130
[2025-08-27 20:36:17.632] [info] 2.2 Reachability Analysis: 188717
[2025-08-27 20:36:17.637] [info] 2.3 Augment Reach Tree: 4
[2025-08-27 20:36:17.638] [info] 2.4 Creating Unified Datastructure from Reach Tree: 1
[2025-08-27 20:37:00.282] [info] 2.5 Simulating on full Reach Tree: 42643
[2025-08-27 20:37:01.897] [info] 2.6.0 Labeling Reach Tree Nodes: 1615
[2025-08-27 20:37:01.897] [info] 2.6.1 Removing Unfulfilling Subtrees: 0
[2025-08-27 20:37:01.897] [info] 2.6 Pre-checking and Reduction: 1615
[2025-08-27 20:37:01.898] [info] node count before and after reduction 7366 6171
[2025-08-27 20:37:43.615] [info] 2.7 Simulating on reduced Reach Tree: 41717
[2025-08-27 20:37:43.732] [info] Analysis finished; the goal is not reachable.
[2025-08-27 20:37:43.732] [info] Probability: 0.0
[2025-08-27 20:37:43.732] [info] 2 Analysis: 317948
[2025-08-27 20:37:43.732] [info] 0 Computation Time Complete: 317951
[2025-08-27 20:37:43.732] [info] Counters and timers:
Counters:

Timers:
0 Computation Time Complete: 317951
1 Model creation: 2
2 Analysis: 317948
2.0 Creating Unified Datastructure from SAC: 0
2.1 Simulating on SAC: 43130
2.2 Reachability Analysis: 188717
2.3 Augment Reach Tree: 4
2.4 Creating Unified Datastructure from Reach Tree: 1
2.5 Simulating on full Reach Tree: 42643
2.6 Pre-checking and Reduction: 1615
2.6.0 Labeling Reach Tree Nodes: 1615
2.6.1 Removing Unfulfilling Subtrees: 0
2.7 Simulating on reduced Reach Tree: 41717

