timebound = 12, jump depth = 256, max expirations of random clocks = [{r1: 2}, {r2: 4}], combine absorbing locations in unrolling = 121, integration bound(s) = 12, integration samples = 500000, model = WATERTANK, model case = CASE_A, LTI analysis = rectangular analysis, scheduler = goal: MAXIMIZING, scope: PROPHETIC, history: HISTORY_DEPENDENT, multithreaded = 1, disableBackwardsRefinement = 0
simulating 1000000 runs after 1000000 training runs with parameters:
learning rate                 0.1
discount factor               0.99
exploration rate              0.1
discretization method         UNIFORM_GRANULARITY
uniform granularity           0.25
adaptive compartments         5


[2025-08-27 21:05:53.233] [warning] no flow specified for variable c1 in location all_off - assuming flow of 0
[2025-08-27 21:05:53.233] [warning] no flow specified for variable c1 in location v2_on - assuming flow of 0
[2025-08-27 21:05:53.233] [warning] no flow specified for variable c1 in location v1_block - assuming flow of 0
[2025-08-27 21:05:53.233] [warning] no flow specified for variable c1 in location v2_block - assuming flow of 0
[2025-08-27 21:05:53.233] [warning] no flow specified for variable c1 in location v1_block_v2_on - assuming flow of 0
[2025-08-27 21:05:53.233] [warning] no flow specified for variable c1 in location block_safe - assuming flow of 0
[2025-08-27 21:05:53.233] [warning] no flow specified for variable c1 in location block_unsafe - assuming flow of 0
[2025-08-27 21:05:53.233] [warning] no flow specified for variable c2 in location all_off - assuming flow of 0
[2025-08-27 21:05:53.233] [warning] no flow specified for variable c2 in location v1_on - assuming flow of 0
[2025-08-27 21:05:53.233] [warning] no flow specified for variable c2 in location v1_block - assuming flow of 0
[2025-08-27 21:05:53.233] [warning] no flow specified for variable c2 in location v2_block - assuming flow of 0
[2025-08-27 21:05:53.233] [warning] no flow specified for variable c2 in location v2_block_v1_on - assuming flow of 0
[2025-08-27 21:05:53.233] [warning] no flow specified for variable c2 in location block_safe - assuming flow of 0
[2025-08-27 21:05:53.233] [warning] no flow specified for variable c2 in location block_unsafe - assuming flow of 0
[2025-08-27 21:05:53.235] [warning] no constraints specified for variable c1 in initial constraint number 0 - assuming [0,0]
[2025-08-27 21:05:53.235] [warning] no constraints specified for variable c2 in initial constraint number 0 - assuming [0,0]
[2025-08-27 21:05:53.235] [info] 1 Model creation: 2
[2025-08-27 21:17:24.900] [info] 2.2 Reachability Analysis: 691664
[2025-08-27 21:17:24.932] [info] 2.3 Augment Reach Tree: 31
[2025-08-27 21:17:24.961] [info] 2.4 Creating Unified Datastructure from Reach Tree: 19
[2025-08-27 21:18:41.698] [info] 2.5 Simulating on full Reach Tree: 76736
[2025-08-27 21:18:50.702] [info] 2.6.0 Labeling Reach Tree Nodes: 9000
[2025-08-27 21:18:50.703] [info] 2.6.1 Removing Unfulfilling Subtrees: 0
[2025-08-27 21:18:50.703] [info] 2.6 Pre-checking and Reduction: 9001
[2025-08-27 21:18:50.703] [info] node count before and after reduction 34002 24107
[2025-08-27 21:20:04.731] [info] 2.7 Simulating on reduced Reach Tree: 74027
[2025-08-27 21:20:05.129] [info] Analysis finished; the goal is not reachable.
[2025-08-27 21:20:05.129] [info] Probability: 0.0
[2025-08-27 21:20:05.130] [info] 2 Analysis: 851894
[2025-08-27 21:20:05.130] [info] 0 Computation Time Complete: 851896
[2025-08-27 21:20:05.130] [info] Counters and timers:
Counters:

Timers:
0 Computation Time Complete: 851896
1 Model creation: 2
2 Analysis: 851894
2.2 Reachability Analysis: 691664
2.3 Augment Reach Tree: 31
2.4 Creating Unified Datastructure from Reach Tree: 19
2.5 Simulating on full Reach Tree: 76736
2.6 Pre-checking and Reduction: 9001
2.6.0 Labeling Reach Tree Nodes: 9000
2.6.1 Removing Unfulfilling Subtrees: 0
2.7 Simulating on reduced Reach Tree: 74027

