timebound = 12, jump depth = 100, max expirations of random clocks = [{r: 1}, {r1: 0}, {r2: 0}], combine absorbing locations in unrolling = 6, integration bound(s) = 12, integration samples = 500000, model = WATERTANK, model case = CASE_A, LTI analysis = rectangular analysis, scheduler = goal: MAXIMIZING, scope: PROPHETIC, history: HISTORY_DEPENDENT, multithreaded = 1, disableBackwardsRefinement = 0
simulating 0 runs after 1000000 training runs with parameters:
learning rate                 0.1
discount factor               0.99
exploration rate              0.15
discretization method         UNIFORM_GRANULARITY
uniform granularity           0.25
adaptive compartments         5


[2025-09-05 11:17:42.888] [debug] not adding time variable 't' due to setting 'doNotAddTime == true'
[2025-09-05 11:17:42.888] [debug] using cli max expirations 0 for random clock r1
[2025-09-05 11:17:42.888] [debug] using cli max expirations 0 for random clock r2
[2025-09-05 11:17:42.888] [warning] no flow specified for variable c1 in location all_off - assuming flow of 0
[2025-09-05 11:17:42.888] [warning] no flow specified for variable c1 in location v2_on - assuming flow of 0
[2025-09-05 11:17:42.888] [warning] no flow specified for variable c1 in location v1_block - assuming flow of 0
[2025-09-05 11:17:42.888] [warning] no flow specified for variable c1 in location v2_block - assuming flow of 0
[2025-09-05 11:17:42.888] [warning] no flow specified for variable c1 in location v1_block_v2_on - assuming flow of 0
[2025-09-05 11:17:42.888] [warning] no flow specified for variable c1 in location block_safe - assuming flow of 0
[2025-09-05 11:17:42.888] [warning] no flow specified for variable c1 in location block_unsafe - assuming flow of 0
[2025-09-05 11:17:42.888] [warning] no flow specified for variable c2 in location all_off - assuming flow of 0
[2025-09-05 11:17:42.888] [warning] no flow specified for variable c2 in location v1_on - assuming flow of 0
[2025-09-05 11:17:42.888] [warning] no flow specified for variable c2 in location v1_block - assuming flow of 0
[2025-09-05 11:17:42.888] [warning] no flow specified for variable c2 in location v2_block - assuming flow of 0
[2025-09-05 11:17:42.888] [warning] no flow specified for variable c2 in location v2_block_v1_on - assuming flow of 0
[2025-09-05 11:17:42.888] [warning] no flow specified for variable c2 in location block_safe - assuming flow of 0
[2025-09-05 11:17:42.888] [warning] no flow specified for variable c2 in location block_unsafe - assuming flow of 0
[2025-09-05 11:17:42.888] [debug] Clock index for the created transition is: 3
[2025-09-05 11:17:42.888] [debug] Clock index for the created transition is: 3
[2025-09-05 11:17:42.888] [debug] Clock index for the created transition is: 3
[2025-09-05 11:17:42.888] [debug] Clock index for the created transition is: 3
[2025-09-05 11:17:42.888] [debug] Clock index for the created transition is: 4
[2025-09-05 11:17:42.888] [debug] Clock index for the created transition is: 4
[2025-09-05 11:17:42.888] [debug] Clock index for the created transition is: 4
[2025-09-05 11:17:42.888] [debug] Clock index for the created transition is: 4
[2025-09-05 11:17:42.888] [warning] no constraints specified for variable c1 in initial constraint number 0 - assuming [0,0]
[2025-09-05 11:17:42.888] [warning] no constraints specified for variable c2 in initial constraint number 0 - assuming [0,0]
[2025-09-05 11:17:42.888] [debug] Underlying Hybrid Automaton: initial states (1): 
all_off:  - x0 ≤ -4
x0 ≤ 4
 - x1 ≤ 0
x1 ≤ 0
 - 1·x2 ≤ 0
1·x2 ≤ 0

locations (9): 
all_off @0x58aedd203b60 {
Flow.: 
x: [4, 4], c1: [0, 0], c2: [0, 0], 
Inv.:
x0 ≤ 16
Transitions: 
{ @0x58aedd20a730 all_off (@0x58aedd203b60) -->*v1_on (@0x58aedd205010)
Guard:
 - x0 ≤ -16

Reset:
Identity
 }
{ @0x58aedd20ab40 all_off (@0x58aedd203b60) -->*v2_on (@0x58aedd207a30)
Guard:
 - x0 ≤ -16

Reset:
Identity
 }

}
v1_on @0x58aedd205010 {
Flow.: 
x: [-2, -2], c1: [1, 1], c2: [0, 0], 
Inv.:
x1 ≤ 2
Transitions: 
{ @0x58aedd20aeb0 v1_on (@0x58aedd205010) --> v1_block (@0x58aedd208060)
Guard:
x0 ≤ 16
 - x1 ≤ -2

Reset:
Identity
]0, 0[, [0, 0], 
 }
{ @0x58aedd20c8a0 v1_on (@0x58aedd205010) --> v1_block_v2_on (@0x58aedd208d50)
Guard:
 - x0 ≤ -16
 - x1 ≤ -2

Reset:
Identity
]0, 0[, [0, 0], 
 }

}
v2_on @0x58aedd207a30 {
Flow.: 
x: [0, 0], c1: [0, 0], c2: [1, 1], 
Inv.:
1·x2 ≤ 1
Transitions: 
{ @0x58aedd20b8f0 v2_on (@0x58aedd207a30) --> v2_block (@0x58aedd2086b0)
Guard:
x0 ≤ 16
 - 1·x2 ≤ -1

Reset:
Identity
]0, 0[, ]0, 0[, [0, 0], 
 }
{ @0x58aedd20ce30 v2_on (@0x58aedd207a30) --> v2_block_v1_on (@0x58aedd209410)
Guard:
 - x0 ≤ -16
 - 1·x2 ≤ -1

Reset:
Identity
]0, 0[, ]0, 0[, [0, 0], 
 }

}
v1_block @0x58aedd208060 {
Flow.: 
x: [4, 4], c1: [0, 0], c2: [0, 0], 
Inv.:
x0 ≤ 16
Transitions: 
{ @0x58aedd20dc20 v1_block (@0x58aedd208060) --> v1_block_v2_on (@0x58aedd208d50)
Guard:
 - x0 ≤ -16

Reset:
Identity
 }
{ @0x58aedd2110c0 v1_block (@0x58aedd208060) --> all_off (@0x58aedd203b60)
Guard:

Reset:
Identity
 }

}
v2_block @0x58aedd2086b0 {
Flow.: 
x: [4, 4], c1: [0, 0], c2: [0, 0], 
Inv.:
x0 ≤ 16
Transitions: 
{ @0x58aedd20e000 v2_block (@0x58aedd2086b0) --> v2_block_v1_on (@0x58aedd209410)
Guard:
 - x0 ≤ -16

Reset:
Identity
 }
{ @0x58aedd211800 v2_block (@0x58aedd2086b0) --> all_off (@0x58aedd203b60)
Guard:

Reset:
Identity
 }

}
v1_block_v2_on @0x58aedd208d50 {
Flow.: 
x: [0, 0], c1: [0, 0], c2: [1, 1], 
Inv.:
1·x2 ≤ 1
Transitions: 
{ @0x58aedd20e3b0 v1_block_v2_on (@0x58aedd208d50) --> block_safe (@0x58aedd209b00)
Guard:
x0 ≤ 16
 - 1·x2 ≤ -1

Reset:
Identity
]0, 0[, ]0, 0[, [0, 0], 
 }
{ @0x58aedd20f8d0 v1_block_v2_on (@0x58aedd208d50) --> block_unsafe (@0x58aedd20a1f0)
Guard:
 - x0 ≤ -16
 - 1·x2 ≤ -1

Reset:
Identity
]0, 0[, ]0, 0[, [0, 0], 
 }
{ @0x58aedd211260 v1_block_v2_on (@0x58aedd208d50) --> v2_on (@0x58aedd207a30)
Guard:

Reset:
Identity
 }

}
v2_block_v1_on @0x58aedd209410 {
Flow.: 
x: [-2, -2], c1: [1, 1], c2: [0, 0], 
Inv.:
x1 ≤ 2
Transitions: 
{ @0x58aedd20f320 v2_block_v1_on (@0x58aedd209410) --> block_safe (@0x58aedd209b00)
Guard:
x0 ≤ 16
 - x1 ≤ -2

Reset:
Identity
]0, 0[, [0, 0], 
 }
{ @0x58aedd2106c0 v2_block_v1_on (@0x58aedd209410) --> block_unsafe (@0x58aedd20a1f0)
Guard:
 - x0 ≤ -16
 - x1 ≤ -2

Reset:
Identity
]0, 0[, [0, 0], 
 }
{ @0x58aedd2119e0 v2_block_v1_on (@0x58aedd209410) --> v1_on (@0x58aedd205010)
Guard:

Reset:
Identity
 }

}
block_safe @0x58aedd209b00 {
Flow.: 
x: [4, 4], c1: [0, 0], c2: [0, 0], 
Inv.:
x0 ≤ 16
Transitions: 
{ @0x58aedd210c50 block_safe (@0x58aedd209b00) --> block_unsafe (@0x58aedd20a1f0)
Guard:
 - x0 ≤ -16

Reset:
Identity
 }
{ @0x58aedd211440 block_safe (@0x58aedd209b00) --> v2_block (@0x58aedd2086b0)
Guard:

Reset:
Identity
 }
{ @0x58aedd211bc0 block_safe (@0x58aedd209b00) --> v1_block (@0x58aedd208060)
Guard:

Reset:
Identity
 }

}
block_unsafe @0x58aedd20a1f0 {
Flow.: 
x: [4, 4], c1: [0, 0], c2: [0, 0], 
Inv.:
Transitions: 
{ @0x58aedd211620 block_unsafe (@0x58aedd20a1f0) --> v2_block_v1_on (@0x58aedd209410)
Guard:

Reset:
Identity
 }
{ @0x58aedd211dd0 block_unsafe (@0x58aedd20a1f0) --> v1_block_v2_on (@0x58aedd208d50)
Guard:

Reset:
Identity
 }

}
local bad states (0): 

[2025-09-05 11:17:42.888] [debug] Stochasticity Cache:
[2025-09-05 11:17:42.888] [debug] v1_block -> all_off is stochastic transition with random event r3(STOCHASTIC) (index 3)
[2025-09-05 11:17:42.888] [debug] v1_block_v2_on -> v2_on is stochastic transition with random event r3(STOCHASTIC) (index 3)
[2025-09-05 11:17:42.888] [debug] block_safe -> v2_block is stochastic transition with random event r3(STOCHASTIC) (index 3)
[2025-09-05 11:17:42.888] [debug] block_unsafe -> v2_block_v1_on is stochastic transition with random event r3(STOCHASTIC) (index 3)
[2025-09-05 11:17:42.888] [debug] v2_block -> all_off is stochastic transition with random event r4(STOCHASTIC) (index 4)
[2025-09-05 11:17:42.888] [debug] v2_block_v1_on -> v1_on is stochastic transition with random event r4(STOCHASTIC) (index 4)
[2025-09-05 11:17:42.888] [debug] block_safe -> v1_block is stochastic transition with random event r4(STOCHASTIC) (index 4)
[2025-09-05 11:17:42.888] [debug] block_unsafe -> v1_block_v2_on is stochastic transition with random event r4(STOCHASTIC) (index 4)
[2025-09-05 11:17:42.888] [debug] Specification: ( goal location: block_unsafe, constraints:  - x0 ≤ -18
 )
[2025-09-05 11:17:42.888] [info] 1 Model creation: 0
[2025-09-05 11:17:42.888] [info] 2.0 Creating Unified Datastructure from SAC: 0
[2025-09-05 11:17:46.925] [info] runs 8849 | prob 0.8415640185331675 | low 0.8315647265582837 | high 0.8515633105080513
[2025-09-05 11:17:46.964] [debug] RESULT:
training_time, simulation_time, prob, low, high, runs, scheduler_variant, success_path_count, failure_path_count
3743, 33, 0.8415640185331675, 0.8315647265582837, 0.8515633105080513, 8849, 0
# timestamp 05.09.2025 11:17:42 (1757063862), datastructure sac
# timebound 12, expirations {"r": 1, "r1": 0, "r2": 0}
# alpha 0.1, gamma 0.99
# discretization method UNIFORM_GRANULARITY, adaptive compartments 5, uniform granularity 0.25
# scheduler goal: MAXIMIZING, scope: PROPHETIC, history: MEMORYLESS
# training runs 1000000

[2025-09-05 11:17:47.013] [info] 2.1 Simulating on SAC: 4124
[2025-09-05 11:17:47.013] [info] Analysis finished; the goal is not reachable.
[2025-09-05 11:17:47.013] [info] Probability: 0.0
[2025-09-05 11:17:47.013] [info] 2 Analysis: 4124
[2025-09-05 11:17:47.013] [info] 0 Computation Time Complete: 4125
[2025-09-05 11:17:47.013] [info] Counters and timers:
Counters:

Timers:
0 Computation Time Complete: 4125
1 Model creation: 0
2 Analysis: 4124
2.0 Creating Unified Datastructure from SAC: 0
2.1 Simulating on SAC: 4124

