timebound = 10, jump depth = 256, max expirations of random clocks = [{r1: 2}, {r2: 2}], combine absorbing locations in unrolling = 66, integration bound(s) = 10, integration samples = 500000, model = WATERTANK, model case = CASE_A, LTI analysis = rectangular analysis, scheduler = goal: MAXIMIZING, scope: PROPHETIC, history: HISTORY_DEPENDENT, multithreaded = 1, disableBackwardsRefinement = 0
simulating 0 runs after 1000000 training runs with parameters:
learning rate                 0.1
discount factor               0.99
exploration rate              0.15
discretization method         UNIFORM_GRANULARITY
uniform granularity           0.25
adaptive compartments         5


[2025-09-05 11:03:47.374] [warning] no flow specified for variable c1 in location all_off - assuming flow of 0
[2025-09-05 11:03:47.374] [warning] no flow specified for variable c1 in location v2_on - assuming flow of 0
[2025-09-05 11:03:47.374] [warning] no flow specified for variable c1 in location v1_block - assuming flow of 0
[2025-09-05 11:03:47.374] [warning] no flow specified for variable c1 in location v2_block - assuming flow of 0
[2025-09-05 11:03:47.374] [warning] no flow specified for variable c1 in location v1_block_v2_on - assuming flow of 0
[2025-09-05 11:03:47.374] [warning] no flow specified for variable c1 in location block_safe - assuming flow of 0
[2025-09-05 11:03:47.374] [warning] no flow specified for variable c1 in location block_unsafe - assuming flow of 0
[2025-09-05 11:03:47.374] [warning] no flow specified for variable c2 in location all_off - assuming flow of 0
[2025-09-05 11:03:47.374] [warning] no flow specified for variable c2 in location v1_on - assuming flow of 0
[2025-09-05 11:03:47.374] [warning] no flow specified for variable c2 in location v1_block - assuming flow of 0
[2025-09-05 11:03:47.374] [warning] no flow specified for variable c2 in location v2_block - assuming flow of 0
[2025-09-05 11:03:47.374] [warning] no flow specified for variable c2 in location v2_block_v1_on - assuming flow of 0
[2025-09-05 11:03:47.374] [warning] no flow specified for variable c2 in location block_safe - assuming flow of 0
[2025-09-05 11:03:47.374] [warning] no flow specified for variable c2 in location block_unsafe - assuming flow of 0
[2025-09-05 11:03:47.375] [warning] no constraints specified for variable c1 in initial constraint number 0 - assuming [0,0]
[2025-09-05 11:03:47.375] [warning] no constraints specified for variable c2 in initial constraint number 0 - assuming [0,0]
[2025-09-05 11:03:47.375] [info] 1 Model creation: 1
[2025-09-05 11:03:47.375] [info] 2.0 Creating Unified Datastructure from SAC: 0
[2025-09-05 11:03:54.169] [info] runs 15100 | prob 0.6498675496688742 | low 0.6398678722012062 | high 0.6598672271365421
[2025-09-05 11:03:54.666] [info] 2.1 Simulating on SAC: 7290
