timebound = 10, jump depth = 256, max expirations of random clocks = [{r1: 3}, {r2: 3}], combine absorbing locations in unrolling = 87, integration bound(s) = 10, integration samples = 500000, model = WATERTANK, model case = CASE_A, LTI analysis = rectangular analysis, scheduler = goal: MAXIMIZING, scope: PROPHETIC, history: HISTORY_DEPENDENT, multithreaded = 1, disableBackwardsRefinement = 0
simulating 0 runs after 1000000 training runs with parameters:
learning rate                 0.1
discount factor               0.99
exploration rate              0.15
discretization method         UNIFORM_GRANULARITY
uniform granularity           0.25
adaptive compartments         5


[2025-09-05 11:04:03.054] [warning] no flow specified for variable c1 in location all_off - assuming flow of 0
[2025-09-05 11:04:03.054] [warning] no flow specified for variable c1 in location v2_on - assuming flow of 0
[2025-09-05 11:04:03.054] [warning] no flow specified for variable c1 in location v1_block - assuming flow of 0
[2025-09-05 11:04:03.054] [warning] no flow specified for variable c1 in location v2_block - assuming flow of 0
[2025-09-05 11:04:03.054] [warning] no flow specified for variable c1 in location v1_block_v2_on - assuming flow of 0
[2025-09-05 11:04:03.054] [warning] no flow specified for variable c1 in location block_safe - assuming flow of 0
[2025-09-05 11:04:03.054] [warning] no flow specified for variable c1 in location block_unsafe - assuming flow of 0
[2025-09-05 11:04:03.054] [warning] no flow specified for variable c2 in location all_off - assuming flow of 0
[2025-09-05 11:04:03.054] [warning] no flow specified for variable c2 in location v1_on - assuming flow of 0
[2025-09-05 11:04:03.054] [warning] no flow specified for variable c2 in location v1_block - assuming flow of 0
[2025-09-05 11:04:03.054] [warning] no flow specified for variable c2 in location v2_block - assuming flow of 0
[2025-09-05 11:04:03.054] [warning] no flow specified for variable c2 in location v2_block_v1_on - assuming flow of 0
[2025-09-05 11:04:03.054] [warning] no flow specified for variable c2 in location block_safe - assuming flow of 0
[2025-09-05 11:04:03.054] [warning] no flow specified for variable c2 in location block_unsafe - assuming flow of 0
[2025-09-05 11:04:03.056] [warning] no constraints specified for variable c1 in initial constraint number 0 - assuming [0,0]
[2025-09-05 11:04:03.056] [warning] no constraints specified for variable c2 in initial constraint number 0 - assuming [0,0]
[2025-09-05 11:04:03.057] [info] 1 Model creation: 2
[2025-09-05 11:04:03.057] [info] 2.0 Creating Unified Datastructure from SAC: 0
