timebound = 7, jump depth = 100, max expirations of random clocks = [{r: 1}, {r1: 0}, {r2: 0}], combine absorbing locations in unrolling = 140, integration bound(s) = 7, integration samples = 500000, model = WATERTANK, model case = CASE_A, LTI analysis = rectangular analysis, scheduler = goal: MAXIMIZING, scope: PROPHETIC, history: HISTORY_DEPENDENT, multithreaded = 1, disableBackwardsRefinement = 0
simulating 0 runs after 1000000 training runs with parameters:
learning rate                 0.1
discount factor               0.99
exploration rate              0.15
discretization method         UNIFORM_GRANULARITY
uniform granularity           0.25
adaptive compartments         5


[2025-09-05 11:17:03.742] [debug] not adding time variable 't' due to setting 'doNotAddTime == true'
[2025-09-05 11:17:03.742] [debug] using cli max expirations 0 for random clock r1
[2025-09-05 11:17:03.742] [debug] using cli max expirations 0 for random clock r2
[2025-09-05 11:17:03.742] [warning] no flow specified for variable c1 in location all_off - assuming flow of 0
[2025-09-05 11:17:03.742] [warning] no flow specified for variable c1 in location v2_on - assuming flow of 0
[2025-09-05 11:17:03.742] [warning] no flow specified for variable c1 in location v1_block - assuming flow of 0
[2025-09-05 11:17:03.742] [warning] no flow specified for variable c1 in location v2_block - assuming flow of 0
[2025-09-05 11:17:03.742] [warning] no flow specified for variable c1 in location v1_block_v2_on - assuming flow of 0
[2025-09-05 11:17:03.742] [warning] no flow specified for variable c1 in location block_safe - assuming flow of 0
[2025-09-05 11:17:03.742] [warning] no flow specified for variable c1 in location block_unsafe - assuming flow of 0
[2025-09-05 11:17:03.742] [warning] no flow specified for variable c2 in location all_off - assuming flow of 0
[2025-09-05 11:17:03.742] [warning] no flow specified for variable c2 in location v1_on - assuming flow of 0
[2025-09-05 11:17:03.742] [warning] no flow specified for variable c2 in location v1_block - assuming flow of 0
[2025-09-05 11:17:03.742] [warning] no flow specified for variable c2 in location v2_block - assuming flow of 0
[2025-09-05 11:17:03.742] [warning] no flow specified for variable c2 in location v2_block_v1_on - assuming flow of 0
[2025-09-05 11:17:03.742] [warning] no flow specified for variable c2 in location block_safe - assuming flow of 0
[2025-09-05 11:17:03.742] [warning] no flow specified for variable c2 in location block_unsafe - assuming flow of 0
[2025-09-05 11:17:03.742] [debug] Clock index for the created transition is: 3
[2025-09-05 11:17:03.742] [debug] Clock index for the created transition is: 3
[2025-09-05 11:17:03.742] [debug] Clock index for the created transition is: 3
[2025-09-05 11:17:03.742] [debug] Clock index for the created transition is: 3
[2025-09-05 11:17:03.742] [debug] Clock index for the created transition is: 4
[2025-09-05 11:17:03.742] [debug] Clock index for the created transition is: 4
[2025-09-05 11:17:03.742] [debug] Clock index for the created transition is: 4
[2025-09-05 11:17:03.742] [debug] Clock index for the created transition is: 4
[2025-09-05 11:17:03.742] [warning] no constraints specified for variable c1 in initial constraint number 0 - assuming [0,0]
[2025-09-05 11:17:03.742] [warning] no constraints specified for variable c2 in initial constraint number 0 - assuming [0,0]
[2025-09-05 11:17:03.742] [debug] Underlying Hybrid Automaton: initial states (1): 
all_off:  - x0 ≤ -4
x0 ≤ 4
 - x1 ≤ 0
x1 ≤ 0
 - 1·x2 ≤ 0
1·x2 ≤ 0

locations (9): 
all_off @0x5c8180525b60 {
Flow.: 
x: [4, 4], c1: [0, 0], c2: [0, 0], 
Inv.:
x0 ≤ 16
Transitions: 
{ @0x5c818052c730 all_off (@0x5c8180525b60) -->*v1_on (@0x5c8180527010)
Guard:
 - x0 ≤ -16

Reset:
Identity
 }
{ @0x5c818052cb40 all_off (@0x5c8180525b60) -->*v2_on (@0x5c8180529a30)
Guard:
 - x0 ≤ -16

Reset:
Identity
 }

}
v1_on @0x5c8180527010 {
Flow.: 
x: [-2, -2], c1: [1, 1], c2: [0, 0], 
Inv.:
x1 ≤ 2
Transitions: 
{ @0x5c818052ceb0 v1_on (@0x5c8180527010) --> v1_block (@0x5c818052a060)
Guard:
x0 ≤ 16
 - x1 ≤ -2

Reset:
Identity
]0, 0[, [0, 0], 
 }
{ @0x5c818052e8a0 v1_on (@0x5c8180527010) --> v1_block_v2_on (@0x5c818052ad50)
Guard:
 - x0 ≤ -16
 - x1 ≤ -2

Reset:
Identity
]0, 0[, [0, 0], 
 }

}
v2_on @0x5c8180529a30 {
Flow.: 
x: [0, 0], c1: [0, 0], c2: [1, 1], 
Inv.:
1·x2 ≤ 1
Transitions: 
{ @0x5c818052d8f0 v2_on (@0x5c8180529a30) --> v2_block (@0x5c818052a6b0)
Guard:
x0 ≤ 16
 - 1·x2 ≤ -1

Reset:
Identity
]0, 0[, ]0, 0[, [0, 0], 
 }
{ @0x5c818052ee30 v2_on (@0x5c8180529a30) --> v2_block_v1_on (@0x5c818052b410)
Guard:
 - x0 ≤ -16
 - 1·x2 ≤ -1

Reset:
Identity
]0, 0[, ]0, 0[, [0, 0], 
 }

}
v1_block @0x5c818052a060 {
Flow.: 
x: [4, 4], c1: [0, 0], c2: [0, 0], 
Inv.:
x0 ≤ 16
Transitions: 
{ @0x5c818052fc20 v1_block (@0x5c818052a060) --> v1_block_v2_on (@0x5c818052ad50)
Guard:
 - x0 ≤ -16

Reset:
Identity
 }
{ @0x5c81805330c0 v1_block (@0x5c818052a060) --> all_off (@0x5c8180525b60)
Guard:

Reset:
Identity
 }

}
v2_block @0x5c818052a6b0 {
Flow.: 
x: [4, 4], c1: [0, 0], c2: [0, 0], 
Inv.:
x0 ≤ 16
Transitions: 
{ @0x5c8180530000 v2_block (@0x5c818052a6b0) --> v2_block_v1_on (@0x5c818052b410)
Guard:
 - x0 ≤ -16

Reset:
Identity
 }
{ @0x5c8180533800 v2_block (@0x5c818052a6b0) --> all_off (@0x5c8180525b60)
Guard:

Reset:
Identity
 }

}
v1_block_v2_on @0x5c818052ad50 {
Flow.: 
x: [0, 0], c1: [0, 0], c2: [1, 1], 
Inv.:
1·x2 ≤ 1
Transitions: 
{ @0x5c81805303b0 v1_block_v2_on (@0x5c818052ad50) --> block_safe (@0x5c818052bb00)
Guard:
x0 ≤ 16
 - 1·x2 ≤ -1

Reset:
Identity
]0, 0[, ]0, 0[, [0, 0], 
 }
{ @0x5c81805318d0 v1_block_v2_on (@0x5c818052ad50) --> block_unsafe (@0x5c818052c1f0)
Guard:
 - x0 ≤ -16
 - 1·x2 ≤ -1

Reset:
Identity
]0, 0[, ]0, 0[, [0, 0], 
 }
{ @0x5c8180533260 v1_block_v2_on (@0x5c818052ad50) --> v2_on (@0x5c8180529a30)
Guard:

Reset:
Identity
 }

}
v2_block_v1_on @0x5c818052b410 {
Flow.: 
x: [-2, -2], c1: [1, 1], c2: [0, 0], 
Inv.:
x1 ≤ 2
Transitions: 
{ @0x5c8180531320 v2_block_v1_on (@0x5c818052b410) --> block_safe (@0x5c818052bb00)
Guard:
x0 ≤ 16
 - x1 ≤ -2

Reset:
Identity
]0, 0[, [0, 0], 
 }
{ @0x5c81805326c0 v2_block_v1_on (@0x5c818052b410) --> block_unsafe (@0x5c818052c1f0)
Guard:
 - x0 ≤ -16
 - x1 ≤ -2

Reset:
Identity
]0, 0[, [0, 0], 
 }
{ @0x5c81805339e0 v2_block_v1_on (@0x5c818052b410) --> v1_on (@0x5c8180527010)
Guard:

Reset:
Identity
 }

}
block_safe @0x5c818052bb00 {
Flow.: 
x: [4, 4], c1: [0, 0], c2: [0, 0], 
Inv.:
x0 ≤ 16
Transitions: 
{ @0x5c8180532c50 block_safe (@0x5c818052bb00) --> block_unsafe (@0x5c818052c1f0)
Guard:
 - x0 ≤ -16

Reset:
Identity
 }
{ @0x5c8180533440 block_safe (@0x5c818052bb00) --> v2_block (@0x5c818052a6b0)
Guard:

Reset:
Identity
 }
{ @0x5c8180533bc0 block_safe (@0x5c818052bb00) --> v1_block (@0x5c818052a060)
Guard:

Reset:
Identity
 }

}
block_unsafe @0x5c818052c1f0 {
Flow.: 
x: [4, 4], c1: [0, 0], c2: [0, 0], 
Inv.:
Transitions: 
{ @0x5c8180533620 block_unsafe (@0x5c818052c1f0) --> v2_block_v1_on (@0x5c818052b410)
Guard:

Reset:
Identity
 }
{ @0x5c8180533dd0 block_unsafe (@0x5c818052c1f0) --> v1_block_v2_on (@0x5c818052ad50)
Guard:

Reset:
Identity
 }

}
local bad states (0): 

[2025-09-05 11:17:03.742] [debug] Stochasticity Cache:
[2025-09-05 11:17:03.742] [debug] v1_block -> all_off is stochastic transition with random event r3(STOCHASTIC) (index 3)
[2025-09-05 11:17:03.742] [debug] v1_block_v2_on -> v2_on is stochastic transition with random event r3(STOCHASTIC) (index 3)
[2025-09-05 11:17:03.742] [debug] block_safe -> v2_block is stochastic transition with random event r3(STOCHASTIC) (index 3)
[2025-09-05 11:17:03.742] [debug] block_unsafe -> v2_block_v1_on is stochastic transition with random event r3(STOCHASTIC) (index 3)
[2025-09-05 11:17:03.742] [debug] v2_block -> all_off is stochastic transition with random event r4(STOCHASTIC) (index 4)
[2025-09-05 11:17:03.742] [debug] v2_block_v1_on -> v1_on is stochastic transition with random event r4(STOCHASTIC) (index 4)
[2025-09-05 11:17:03.742] [debug] block_safe -> v1_block is stochastic transition with random event r4(STOCHASTIC) (index 4)
[2025-09-05 11:17:03.743] [debug] block_unsafe -> v1_block_v2_on is stochastic transition with random event r4(STOCHASTIC) (index 4)
[2025-09-05 11:17:03.743] [debug] Specification: ( goal location: block_unsafe, constraints:  - x0 ≤ -18
 )
[2025-09-05 11:17:03.743] [info] 1 Model creation: 0
[2025-09-05 11:17:03.743] [info] 2.0 Creating Unified Datastructure from SAC: 0
[2025-09-05 11:17:06.521] [info] runs 1000 | prob 0 | low 0 | high 0
[2025-09-05 11:17:06.534] [debug] RESULT:
training_time, simulation_time, prob, low, high, runs, scheduler_variant, success_path_count, failure_path_count
2694, 4, 0, 0, 0, 1000, 0
# timestamp 05.09.2025 11:17:03 (1757063823), datastructure sac
# timebound 7, expirations {"r": 1, "r1": 0, "r2": 0}
# alpha 0.1, gamma 0.99
# discretization method UNIFORM_GRANULARITY, adaptive compartments 5, uniform granularity 0.25
# scheduler goal: MAXIMIZING, scope: PROPHETIC, history: MEMORYLESS
# training runs 1000000

[2025-09-05 11:17:06.547] [info] 2.1 Simulating on SAC: 2804
[2025-09-05 11:17:06.547] [info] Analysis finished; the goal is not reachable.
[2025-09-05 11:17:06.547] [info] Probability: 0.0
[2025-09-05 11:17:06.547] [info] 2 Analysis: 2804
[2025-09-05 11:17:06.547] [info] 0 Computation Time Complete: 2805
[2025-09-05 11:17:06.547] [info] Counters and timers:
Counters:

Timers:
0 Computation Time Complete: 2805
1 Model creation: 0
2 Analysis: 2804
2.0 Creating Unified Datastructure from SAC: 0
2.1 Simulating on SAC: 2804

