timebound = 10, jump depth = 100, max expirations of random clocks = [{r1: 0}, {r2: 0}], combine absorbing locations in unrolling = 188, integration bound(s) = 10, integration samples = 500000, model = WATERTANK, model case = CASE_A, LTI analysis = rectangular analysis, scheduler = goal: MAXIMIZING, scope: SEMIPROPHETIC, history: HISTORY_DEPENDENT, multithreaded = 1, disableBackwardsRefinement = 0
simulating 0 runs after 10000000 training runs with parameters:
learning rate                 0.1
discount factor               1
exploration rate              0.15
uniform granularity           0.5
adaptive compartments         5


[2025-10-03 13:33:01.105] [warning] no flow specified for variable c1 in location all_off - assuming flow of 0
[2025-10-03 13:33:01.105] [warning] no flow specified for variable c1 in location v2_on - assuming flow of 0
[2025-10-03 13:33:01.105] [warning] no flow specified for variable c1 in location v1_block - assuming flow of 0
[2025-10-03 13:33:01.105] [warning] no flow specified for variable c1 in location v2_block - assuming flow of 0
[2025-10-03 13:33:01.105] [warning] no flow specified for variable c1 in location v1_block_v2_on - assuming flow of 0
[2025-10-03 13:33:01.105] [warning] no flow specified for variable c1 in location block_safe - assuming flow of 0
[2025-10-03 13:33:01.105] [warning] no flow specified for variable c1 in location block_unsafe - assuming flow of 0
[2025-10-03 13:33:01.105] [warning] no flow specified for variable c2 in location all_off - assuming flow of 0
[2025-10-03 13:33:01.105] [warning] no flow specified for variable c2 in location v1_on - assuming flow of 0
[2025-10-03 13:33:01.105] [warning] no flow specified for variable c2 in location v1_block - assuming flow of 0
[2025-10-03 13:33:01.105] [warning] no flow specified for variable c2 in location v2_block - assuming flow of 0
[2025-10-03 13:33:01.105] [warning] no flow specified for variable c2 in location v2_block_v1_on - assuming flow of 0
[2025-10-03 13:33:01.105] [warning] no flow specified for variable c2 in location block_safe - assuming flow of 0
[2025-10-03 13:33:01.105] [warning] no flow specified for variable c2 in location block_unsafe - assuming flow of 0
[2025-10-03 13:33:01.105] [warning] no constraints specified for variable c1 in initial constraint number 0 - assuming [0,0]
[2025-10-03 13:33:01.105] [warning] no constraints specified for variable c2 in initial constraint number 0 - assuming [0,0]
[2025-10-03 13:33:01.105] [info] 1 Model creation: 0
[2025-10-03 13:33:01.105] [info] 2.0 Creating Unified Datastructure from SAC: 0
[2025-10-03 13:33:38.944] [info] runs 15032 | prob 0.6532064928153273 | low 0.643206534249652 | high 0.6632064513810025
[2025-10-03 13:34:16.992] [info] runs 14976 | prob 0.655982905982906 | low 0.6459832694239044 | high 0.6659825425419076
[2025-10-03 13:34:54.837] [info] runs 15127 | prob 0.6485092880280293 | low 0.6385096453324581 | high 0.6585089307236005
[2025-10-03 13:35:32.710] [info] runs 14990 | prob 0.6553035356904603 | low 0.645303887698602 | high 0.6653031836823186
[2025-10-03 13:36:10.330] [info] runs 15106 | prob 0.6495432278564809 | low 0.639543403394912 | high 0.6595430523180498
[2025-10-03 13:36:47.975] [info] runs 15009 | prob 0.6543407288959957 | low 0.6443408195826567 | high 0.6643406382093348
[2025-10-03 13:37:25.690] [info] runs 15016 | prob 0.654035695258391 | low 0.644036038320744 | high 0.664035352196038
[2025-10-03 13:38:03.335] [info] runs 15144 | prob 0.6476492340200739 | low 0.6376496232346774 | high 0.6576488448054704
[2025-10-03 13:38:40.949] [info] runs 15029 | prob 0.6534034200545612 | low 0.6434037964137196 | high 0.6634030436954028
[2025-10-03 13:39:18.723] [info] runs 15141 | prob 0.6477775576249918 | low 0.6377777869613026 | high 0.657777328288681
[2025-10-03 13:39:56.576] [info] runs 15055 | prob 0.6520757223513782 | low 0.6420757946187517 | high 0.6620756500840047
[2025-10-03 13:40:34.053] [info] runs 15294 | prob 0.6397933830260233 | low 0.6297938197917309 | high 0.6497929462603157
[2025-10-03 13:41:11.859] [info] runs 15211 | prob 0.6441391098547105 | low 0.6341391803068589 | high 0.654139039402562
[2025-10-03 13:41:49.408] [info] runs 15138 | prob 0.6479059320914256 | low 0.6379060025402327 | high 0.6579058616426184
[2025-10-03 13:42:27.153] [info] runs 15060 | prob 0.651859229747676 | low 0.6418595123803629 | high 0.661858947114989
[2025-10-03 13:43:04.684] [info] runs 15089 | prob 0.6504075816820201 | low 0.6404078250694903 | high 0.6604073382945498
[2025-10-03 13:43:42.195] [info] runs 15068 | prob 0.6514467746217149 | low 0.6414469571008597 | high 0.66144659214257
[2025-10-03 13:44:19.935] [info] runs 15088 | prob 0.6504506892895016 | low 0.6404508865005382 | high 0.660450492078465
[2025-10-03 13:44:57.741] [info] runs 15072 | prob 0.6512738853503185 | low 0.6412742426211004 | high 0.6612735280795365
[2025-10-03 13:45:35.469] [info] runs 15161 | prob 0.6467251500560649 | low 0.6367251921876903 | high 0.6567251079244395
[2025-10-03 13:46:13.238] [info] runs 15074 | prob 0.6511211357303968 | low 0.6411211396526457 | high 0.6611211318081478
[2025-10-03 13:46:51.209] [info] runs 15064 | prob 0.6516861391396708 | low 0.6416865921452665 | high 0.6616856861340751
[2025-10-03 13:47:29.224] [info] runs 14966 | prob 0.6564212214352533 | low 0.646421279911321 | high 0.6664211629591855
[2025-10-03 13:48:07.265] [info] runs 15143 | prob 0.647692002905633 | low 0.637692338717483 | high 0.657691667093783
[2025-10-03 13:48:45.056] [info] runs 15040 | prob 0.6528590425531915 | low 0.6428593975842453 | high 0.6628586875221377
[2025-10-03 13:48:45.128] [info] RESULT:
training_time, simulation_time, prob, low, high, runs
37796, 42, 0.6532064928153273, 0.643206534249652, 0.6632064513810025, 15032
37980, 42, 0.655982905982906, 0.6459832694239044, 0.6659825425419076, 14976
37730, 42, 0.6485092880280293, 0.6385096453324581, 0.6585089307236005, 15127
37756, 41, 0.6553035356904603, 0.645303887698602, 0.6653031836823186, 14990
37504, 42, 0.6495432278564809, 0.639543403394912, 0.6595430523180498, 15106
37531, 41, 0.6543407288959957, 0.6443408195826567, 0.6643406382093348, 15009
37597, 42, 0.654035695258391, 0.644036038320744, 0.664035352196038, 15016
37535, 42, 0.6476492340200739, 0.6376496232346774, 0.6576488448054704, 15144
37498, 42, 0.6534034200545612, 0.6434037964137196, 0.6634030436954028, 15029
37660, 42, 0.6477775576249918, 0.6377777869613026, 0.657777328288681, 15141
37738, 41, 0.6520757223513782, 0.6420757946187517, 0.6620756500840047, 15055
37360, 43, 0.6397933830260233, 0.6297938197917309, 0.6497929462603157, 15294
37692, 43, 0.6441391098547105, 0.6341391803068589, 0.654139039402562, 15211
37440, 42, 0.6479059320914256, 0.6379060025402327, 0.6579058616426184, 15138
37628, 41, 0.651859229747676, 0.6418595123803629, 0.661858947114989, 15060
37412, 42, 0.6504075816820201, 0.6404078250694903, 0.6604073382945498, 15089
37396, 42, 0.6514467746217149, 0.6414469571008597, 0.66144659214257, 15068
37623, 41, 0.6504506892895016, 0.6404508865005382, 0.660450492078465, 15088
37691, 42, 0.6512738853503185, 0.6412742426211004, 0.6612735280795365, 15072
37612, 42, 0.6467251500560649, 0.6367251921876903, 0.6567251079244395, 15161
37657, 42, 0.6511211357303968, 0.6411211396526457, 0.6611211318081478, 15074
37859, 42, 0.6516861391396708, 0.6416865921452665, 0.6616856861340751, 15064
37896, 44, 0.6564212214352533, 0.646421279911321, 0.6664211629591855, 14966
37923, 42, 0.647692002905633, 0.637692338717483, 0.657691667093783, 15143
37678, 41, 0.6528590425531915, 0.6428593975842453, 0.6628586875221377, 15040
# timestamp 03.10.2025 13:33:01 (1759491181), datastructure SAC
# timebound 10, expirations {"r1": 0, "r2": 0}
# alpha 0.1, gamma 1
# fixed points 5, uniform granularity 0.5
# scheduler goal: MAXIMIZING, scope: SEMIPROPHETIC, history: HISTORY_DEPENDENT
# training runs 10000000

[2025-10-03 13:48:45.128] [info] 2.1 Simulating on SAC: 944022
[2025-10-03 13:48:45.128] [info] Analysis finished; the goal is not reachable.
[2025-10-03 13:48:45.128] [info] Probability: 0.0
[2025-10-03 13:48:45.128] [info] 2 Analysis: 944023
[2025-10-03 13:48:45.128] [info] 0 Computation Time Complete: 944023
[2025-10-03 13:48:45.128] [info] Counters and timers:
Counters:

Timers:
0 Computation Time Complete: 944023
1 Model creation: 0
2 Analysis: 944023
2.0 Creating Unified Datastructure from SAC: 0
2.1 Simulating on SAC: 944022

