timebound = 11, jump depth = 100, max expirations of random clocks = [{r1: 0}, {r2: 0}], combine absorbing locations in unrolling = 55, integration bound(s) = 11, integration samples = 500000, model = WATERTANK, model case = CASE_A, LTI analysis = rectangular analysis, scheduler = goal: MAXIMIZING, scope: SEMIPROPHETIC, history: HISTORY_DEPENDENT, multithreaded = 1, disableBackwardsRefinement = 0
simulating 0 runs after 10000000 training runs with parameters:
learning rate                 0.1
discount factor               1
exploration rate              0.15
uniform granularity           0.5
adaptive compartments         5


[2025-10-03 13:48:45.143] [warning] no flow specified for variable c1 in location all_off - assuming flow of 0
[2025-10-03 13:48:45.143] [warning] no flow specified for variable c1 in location v2_on - assuming flow of 0
[2025-10-03 13:48:45.143] [warning] no flow specified for variable c1 in location v1_block - assuming flow of 0
[2025-10-03 13:48:45.143] [warning] no flow specified for variable c1 in location v2_block - assuming flow of 0
[2025-10-03 13:48:45.143] [warning] no flow specified for variable c1 in location v1_block_v2_on - assuming flow of 0
[2025-10-03 13:48:45.143] [warning] no flow specified for variable c1 in location block_safe - assuming flow of 0
[2025-10-03 13:48:45.143] [warning] no flow specified for variable c1 in location block_unsafe - assuming flow of 0
[2025-10-03 13:48:45.143] [warning] no flow specified for variable c2 in location all_off - assuming flow of 0
[2025-10-03 13:48:45.143] [warning] no flow specified for variable c2 in location v1_on - assuming flow of 0
[2025-10-03 13:48:45.143] [warning] no flow specified for variable c2 in location v1_block - assuming flow of 0
[2025-10-03 13:48:45.143] [warning] no flow specified for variable c2 in location v2_block - assuming flow of 0
[2025-10-03 13:48:45.143] [warning] no flow specified for variable c2 in location v2_block_v1_on - assuming flow of 0
[2025-10-03 13:48:45.143] [warning] no flow specified for variable c2 in location block_safe - assuming flow of 0
[2025-10-03 13:48:45.143] [warning] no flow specified for variable c2 in location block_unsafe - assuming flow of 0
[2025-10-03 13:48:45.143] [warning] no constraints specified for variable c1 in initial constraint number 0 - assuming [0,0]
[2025-10-03 13:48:45.143] [warning] no constraints specified for variable c2 in initial constraint number 0 - assuming [0,0]
[2025-10-03 13:48:45.143] [info] 1 Model creation: 0
[2025-10-03 13:48:45.143] [info] 2.0 Creating Unified Datastructure from SAC: 0
[2025-10-03 13:49:27.199] [info] runs 11453 | prob 0.7782240461014581 | low 0.7682241432889331 | high 0.7882239489139832
[2025-10-03 13:50:09.510] [info] runs 11340 | prob 0.781305114638448 | low 0.7713058289160706 | high 0.7913044003608254
[2025-10-03 13:50:52.237] [info] runs 11421 | prob 0.7790911478854742 | low 0.7690912748180905 | high 0.7890910209528579
[2025-10-03 13:51:34.563] [info] runs 11552 | prob 0.775536703601108 | low 0.7655369081830212 | high 0.7855364990191949
[2025-10-03 13:52:16.894] [info] runs 11574 | prob 0.774926559529981 | low 0.7649266397178369 | high 0.7849264793421251
[2025-10-03 13:52:59.096] [info] runs 11226 | prob 0.7843399251737039 | low 0.7743406072513297 | high 0.7943392430960781
[2025-10-03 13:53:41.736] [info] runs 11378 | prob 0.7802777289506064 | low 0.7702783151895275 | high 0.7902771427116854
[2025-10-03 13:54:24.482] [info] runs 11455 | prob 0.7781754692274117 | low 0.7681756565225363 | high 0.788175281932287
[2025-10-03 13:55:07.277] [info] runs 11613 | prob 0.7738741066046672 | low 0.7638744761316183 | high 0.783873737077716
[2025-10-03 13:55:50.068] [info] runs 11200 | prob 0.785 | low 0.7750002094021925 | high 0.7949997905978076
[2025-10-03 13:56:32.326] [info] runs 11435 | prob 0.7787494534324443 | low 0.76875017117401 | high 0.7887487356908786
[2025-10-03 13:57:14.967] [info] runs 11435 | prob 0.7787494534324443 | low 0.76875017117401 | high 0.7887487356908786
[2025-10-03 13:57:57.592] [info] runs 11483 | prob 0.7774100844726988 | low 0.7674101764932323 | high 0.7874099924521653
[2025-10-03 13:58:40.250] [info] runs 11410 | prob 0.7794040315512708 | low 0.7694044196216058 | high 0.7894036434809358
[2025-10-03 13:59:22.980] [info] runs 11547 | prob 0.775699315839612 | low 0.7656999310918164 | high 0.7856987005874077
[2025-10-03 14:00:05.820] [info] runs 11606 | prob 0.7740823711873169 | low 0.7640829876935589 | high 0.784081754681075
[2025-10-03 14:00:48.870] [info] runs 11222 | prob 0.7844412760648726 | low 0.7744418805386095 | high 0.7944406715911356
[2025-10-03 14:01:31.826] [info] runs 11660 | prob 0.7725557461406518 | low 0.7625557695884635 | high 0.7825557226928401
[2025-10-03 14:02:14.296] [info] runs 11550 | prob 0.7755844155844156 | low 0.7655845097597223 | high 0.7855843214091089
[2025-10-03 14:02:56.897] [info] runs 11429 | prob 0.7788957914078222 | low 0.7688962536284815 | high 0.7888953291871629
[2025-10-03 14:03:38.888] [info] runs 11286 | prob 0.7827396774765196 | low 0.7727402595491499 | high 0.7927390954038893
[2025-10-03 14:04:21.246] [info] runs 11286 | prob 0.7827396774765196 | low 0.7727402595491499 | high 0.7927390954038893
[2025-10-03 14:05:03.700] [info] runs 11421 | prob 0.7790911478854742 | low 0.7690912748180905 | high 0.7890910209528579
[2025-10-03 14:05:46.233] [info] runs 11389 | prob 0.7799631223110018 | low 0.7699634024477626 | high 0.7899628421742411
[2025-10-03 14:06:28.792] [info] runs 11429 | prob 0.7788957914078222 | low 0.7688962536284815 | high 0.7888953291871629
[2025-10-03 14:06:28.975] [info] RESULT:
training_time, simulation_time, prob, low, high, runs
42020, 35, 0.7782240461014581, 0.7682241432889331, 0.7882239489139832, 11453
42215, 34, 0.781305114638448, 0.7713058289160706, 0.7913044003608254, 11340
42515, 35, 0.7790911478854742, 0.7690912748180905, 0.7890910209528579, 11421
42109, 35, 0.775536703601108, 0.7655369081830212, 0.7855364990191949, 11552
42113, 35, 0.774926559529981, 0.7649266397178369, 0.7849264793421251, 11574
41983, 34, 0.7843399251737039, 0.7743406072513297, 0.7943392430960781, 11226
42426, 35, 0.7802777289506064, 0.7702783151895275, 0.7902771427116854, 11378
42531, 35, 0.7781754692274117, 0.7681756565225363, 0.788175281932287, 11455
42568, 36, 0.7738741066046672, 0.7638744761316183, 0.783873737077716, 11613
42569, 34, 0.785, 0.7750002094021925, 0.7949997905978076, 11200
42036, 35, 0.7787494534324443, 0.76875017117401, 0.7887487356908786, 11435
42422, 35, 0.7787494534324443, 0.76875017117401, 0.7887487356908786, 11435
42404, 35, 0.7774100844726988, 0.7674101764932323, 0.7874099924521653, 11483
42433, 36, 0.7794040315512708, 0.7694044196216058, 0.7894036434809358, 11410
42506, 36, 0.775699315839612, 0.7656999310918164, 0.7856987005874077, 11547
42616, 39, 0.7740823711873169, 0.7640829876935589, 0.784081754681075, 11606
42815, 34, 0.7844412760648726, 0.7744418805386095, 0.7944406715911356, 11222
42730, 36, 0.7725557461406518, 0.7625557695884635, 0.7825557226928401, 11660
42246, 35, 0.7755844155844156, 0.7655845097597223, 0.7855843214091089, 11550
42382, 36, 0.7788957914078222, 0.7688962536284815, 0.7888953291871629, 11429
41772, 35, 0.7827396774765196, 0.7727402595491499, 0.7927390954038893, 11286
42144, 34, 0.7827396774765196, 0.7727402595491499, 0.7927390954038893, 11286
42226, 35, 0.7790911478854742, 0.7690912748180905, 0.7890910209528579, 11421
42309, 35, 0.7799631223110018, 0.7699634024477626, 0.7899628421742411, 11389
42346, 35, 0.7788957914078222, 0.7688962536284815, 0.7888953291871629, 11429
# timestamp 03.10.2025 13:48:45 (1759492125), datastructure SAC
# timebound 11, expirations {"r1": 0, "r2": 0}
# alpha 0.1, gamma 1
# fixed points 5, uniform granularity 0.5
# scheduler goal: MAXIMIZING, scope: SEMIPROPHETIC, history: HISTORY_DEPENDENT
# training runs 10000000

[2025-10-03 14:06:28.975] [info] 2.1 Simulating on SAC: 1063831
[2025-10-03 14:06:28.975] [info] Analysis finished; the goal is not reachable.
[2025-10-03 14:06:28.975] [info] Probability: 0.0
[2025-10-03 14:06:28.975] [info] 2 Analysis: 1063831
[2025-10-03 14:06:28.975] [info] 0 Computation Time Complete: 1063832
[2025-10-03 14:06:28.975] [info] Counters and timers:
Counters:

Timers:
0 Computation Time Complete: 1063832
1 Model creation: 0
2 Analysis: 1063831
2.0 Creating Unified Datastructure from SAC: 0
2.1 Simulating on SAC: 1063831

