timebound = 14, jump depth = 100, max expirations of random clocks = [{r1: 0}, {r2: 0}], combine absorbing locations in unrolling = 81, integration bound(s) = 14, integration samples = 500000, model = WATERTANK, model case = CASE_A, LTI analysis = rectangular analysis, scheduler = goal: MAXIMIZING, scope: SEMIPROPHETIC, history: HISTORY_DEPENDENT, multithreaded = 1, disableBackwardsRefinement = 0
simulating 0 runs after 10000000 training runs with parameters:
learning rate                 0.1
discount factor               1
exploration rate              0.15
uniform granularity           0.5
adaptive compartments         5


[2025-10-03 14:25:14.489] [warning] no flow specified for variable c1 in location all_off - assuming flow of 0
[2025-10-03 14:25:14.489] [warning] no flow specified for variable c1 in location v2_on - assuming flow of 0
[2025-10-03 14:25:14.489] [warning] no flow specified for variable c1 in location v1_block - assuming flow of 0
[2025-10-03 14:25:14.489] [warning] no flow specified for variable c1 in location v2_block - assuming flow of 0
[2025-10-03 14:25:14.489] [warning] no flow specified for variable c1 in location v1_block_v2_on - assuming flow of 0
[2025-10-03 14:25:14.489] [warning] no flow specified for variable c1 in location block_safe - assuming flow of 0
[2025-10-03 14:25:14.489] [warning] no flow specified for variable c1 in location block_unsafe - assuming flow of 0
[2025-10-03 14:25:14.489] [warning] no flow specified for variable c2 in location all_off - assuming flow of 0
[2025-10-03 14:25:14.489] [warning] no flow specified for variable c2 in location v1_on - assuming flow of 0
[2025-10-03 14:25:14.489] [warning] no flow specified for variable c2 in location v1_block - assuming flow of 0
[2025-10-03 14:25:14.489] [warning] no flow specified for variable c2 in location v2_block - assuming flow of 0
[2025-10-03 14:25:14.489] [warning] no flow specified for variable c2 in location v2_block_v1_on - assuming flow of 0
[2025-10-03 14:25:14.489] [warning] no flow specified for variable c2 in location block_safe - assuming flow of 0
[2025-10-03 14:25:14.489] [warning] no flow specified for variable c2 in location block_unsafe - assuming flow of 0
[2025-10-03 14:25:14.489] [warning] no constraints specified for variable c1 in initial constraint number 0 - assuming [0,0]
[2025-10-03 14:25:14.489] [warning] no constraints specified for variable c2 in initial constraint number 0 - assuming [0,0]
[2025-10-03 14:25:14.489] [info] 1 Model creation: 0
[2025-10-03 14:25:14.489] [info] 2.0 Creating Unified Datastructure from SAC: 0
[2025-10-03 14:26:05.897] [info] runs 5605 | prob 0.9068688670829617 | low 0.89686937963347 | high 0.9168683545324533
[2025-10-03 14:26:57.965] [info] runs 6269 | prob 0.8944010208964747 | low 0.8844023395760253 | high 0.904399702216924
[2025-10-03 14:27:50.056] [info] runs 6009 | prob 0.8993176901314694 | low 0.8893181987556864 | high 0.9093171815072525
[2025-10-03 14:28:42.608] [info] runs 6473 | prob 0.8904680982542871 | low 0.8804687302519382 | high 0.900467466256636
[2025-10-03 14:29:34.429] [info] runs 6152 | prob 0.8966189856957087 | low 0.8866198593717547 | high 0.9066181120196628
[2025-10-03 14:30:26.060] [info] runs 6260 | prob 0.8945686900958466 | low 0.8845698334908656 | high 0.9045675467008276
[2025-10-03 14:31:18.274] [info] runs 5910 | prob 0.9011844331641286 | low 0.8911850861105003 | high 0.9111837802177568
[2025-10-03 14:32:10.645] [info] runs 5636 | prob 0.9063165365507452 | low 0.8963181070760879 | high 0.9163149660254024
[2025-10-03 14:33:02.146] [info] runs 6197 | prob 0.8957560109730515 | low 0.8857565753868886 | high 0.9057554465592144
[2025-10-03 14:33:53.975] [info] runs 5877 | prob 0.9018206567976859 | low 0.8918220805229727 | high 0.911819233072399
[2025-10-03 14:34:45.894] [info] runs 5976 | prob 0.8999330655957162 | low 0.8899332735995434 | high 0.9099328575918889
[2025-10-03 14:35:37.598] [info] runs 5967 | prob 0.9001173118820177 | low 0.8901181751304309 | high 0.9101164486336045
[2025-10-03 14:36:29.861] [info] runs 5934 | prob 0.9007414897202561 | low 0.890742501703953 | high 0.9107404777365593
[2025-10-03 14:37:21.529] [info] runs 6134 | prob 0.8969677208999022 | low 0.886968894380698 | high 0.9069665474191063
[2025-10-03 14:38:13.929] [info] runs 5901 | prob 0.9013726487036096 | low 0.8913741700390615 | high 0.9113711273681576
[2025-10-03 14:39:05.516] [info] runs 5867 | prob 0.901994204874723 | low 0.8919949977047174 | high 0.9119934120447287
[2025-10-03 14:39:58.076] [info] runs 5948 | prob 0.9004707464694015 | low 0.8904714244093437 | high 0.9104700685294593
[2025-10-03 14:40:49.972] [info] runs 5819 | prob 0.9029042790857535 | low 0.8929056011189457 | high 0.9129029570525614
[2025-10-03 14:41:41.603] [info] runs 5877 | prob 0.9018206567976859 | low 0.8918220805229727 | high 0.911819233072399
[2025-10-03 14:42:33.407] [info] runs 5990 | prob 0.8996661101836394 | low 0.8896661803453901 | high 0.9096660400218887
[2025-10-03 14:43:25.702] [info] runs 6088 | prob 0.8978318002628121 | low 0.8878326314829487 | high 0.9078309690426755
[2025-10-03 14:44:17.634] [info] runs 5943 | prob 0.900555275113579 | low 0.8905555271025312 | high 0.9105550231246269
[2025-10-03 14:45:09.988] [info] runs 5804 | prob 0.903170227429359 | low 0.8931708855065787 | high 0.9131695693521393
[2025-10-03 14:46:01.513] [info] runs 6344 | prob 0.8929697351828499 | low 0.882971210076388 | high 0.9029682602893119
[2025-10-03 14:46:53.402] [info] runs 5910 | prob 0.9011844331641286 | low 0.8911850861105003 | high 0.9111837802177568
[2025-10-03 14:46:54.215] [info] RESULT:
training_time, simulation_time, prob, low, high, runs
51386, 21, 0.9068688670829617, 0.89686937963347, 0.9168683545324533, 5605
51786, 23, 0.8944010208964747, 0.8844023395760253, 0.904399702216924, 6269
51223, 22, 0.8993176901314694, 0.8893181987556864, 0.9093171815072525, 6009
51697, 24, 0.8904680982542871, 0.8804687302519382, 0.900467466256636, 6473
50986, 22, 0.8966189856957087, 0.8866198593717547, 0.9066181120196628, 6152
50780, 23, 0.8945686900958466, 0.8845698334908656, 0.9045675467008276, 6260
51372, 22, 0.9011844331641286, 0.8911850861105003, 0.9111837802177568, 5910
51509, 21, 0.9063165365507452, 0.8963181070760879, 0.9163149660254024, 5636
50647, 22, 0.8957560109730515, 0.8857565753868886, 0.9057554465592144, 6197
50964, 21, 0.9018206567976859, 0.8918220805229727, 0.911819233072399, 5877
51078, 22, 0.8999330655957162, 0.8899332735995434, 0.9099328575918889, 5976
50838, 22, 0.9001173118820177, 0.8901181751304309, 0.9101164486336045, 5967
51460, 22, 0.9007414897202561, 0.890742501703953, 0.9107404777365593, 5934
50799, 22, 0.8969677208999022, 0.886968894380698, 0.9069665474191063, 6134
51564, 23, 0.9013726487036096, 0.8913741700390615, 0.9113711273681576, 5901
50753, 21, 0.901994204874723, 0.8919949977047174, 0.9119934120447287, 5867
51724, 21, 0.9004707464694015, 0.8904714244093437, 0.9104700685294593, 5948
51049, 21, 0.9029042790857535, 0.8929056011189457, 0.9129029570525614, 5819
50785, 21, 0.9018206567976859, 0.8918220805229727, 0.911819233072399, 5877
50968, 22, 0.8996661101836394, 0.8896661803453901, 0.9096660400218887, 5990
51450, 22, 0.8978318002628121, 0.8878326314829487, 0.9078309690426755, 6088
51095, 22, 0.900555275113579, 0.8905555271025312, 0.9105550231246269, 5943
51516, 21, 0.903170227429359, 0.8931708855065787, 0.9131695693521393, 5804
50673, 23, 0.8929697351828499, 0.882971210076388, 0.9029682602893119, 6344
51088, 22, 0.9011844331641286, 0.8911850861105003, 0.9111837802177568, 5910
# timestamp 03.10.2025 14:25:14 (1759494314), datastructure SAC
# timebound 14, expirations {"r1": 0, "r2": 0}
# alpha 0.1, gamma 1
# fixed points 5, uniform granularity 0.5
# scheduler goal: MAXIMIZING, scope: SEMIPROPHETIC, history: HISTORY_DEPENDENT
# training runs 10000000

[2025-10-03 14:46:54.216] [info] 2.1 Simulating on SAC: 1299726
[2025-10-03 14:46:54.216] [info] Analysis finished; the goal is not reachable.
[2025-10-03 14:46:54.216] [info] Probability: 0.0
[2025-10-03 14:46:54.216] [info] 2 Analysis: 1299726
[2025-10-03 14:46:54.216] [info] 0 Computation Time Complete: 1299726
[2025-10-03 14:46:54.216] [info] Counters and timers:
Counters:

Timers:
0 Computation Time Complete: 1299726
1 Model creation: 0
2 Analysis: 1299726
2.0 Creating Unified Datastructure from SAC: 0
2.1 Simulating on SAC: 1299726

