timebound = 16, jump depth = 100, max expirations of random clocks = [{r1: 0}, {r2: 0}], combine absorbing locations in unrolling = 175, integration bound(s) = 16, integration samples = 500000, model = WATERTANK, model case = CASE_A, LTI analysis = rectangular analysis, scheduler = goal: MAXIMIZING, scope: SEMIPROPHETIC, history: HISTORY_DEPENDENT, multithreaded = 1, disableBackwardsRefinement = 0
simulating 0 runs after 10000000 training runs with parameters:
learning rate                 0.1
discount factor               1
exploration rate              0.15
uniform granularity           0.5
adaptive compartments         5


[2025-10-03 14:46:54.260] [warning] no flow specified for variable c1 in location all_off - assuming flow of 0
[2025-10-03 14:46:54.260] [warning] no flow specified for variable c1 in location v2_on - assuming flow of 0
[2025-10-03 14:46:54.260] [warning] no flow specified for variable c1 in location v1_block - assuming flow of 0
[2025-10-03 14:46:54.260] [warning] no flow specified for variable c1 in location v2_block - assuming flow of 0
[2025-10-03 14:46:54.260] [warning] no flow specified for variable c1 in location v1_block_v2_on - assuming flow of 0
[2025-10-03 14:46:54.260] [warning] no flow specified for variable c1 in location block_safe - assuming flow of 0
[2025-10-03 14:46:54.260] [warning] no flow specified for variable c1 in location block_unsafe - assuming flow of 0
[2025-10-03 14:46:54.260] [warning] no flow specified for variable c2 in location all_off - assuming flow of 0
[2025-10-03 14:46:54.260] [warning] no flow specified for variable c2 in location v1_on - assuming flow of 0
[2025-10-03 14:46:54.260] [warning] no flow specified for variable c2 in location v1_block - assuming flow of 0
[2025-10-03 14:46:54.260] [warning] no flow specified for variable c2 in location v2_block - assuming flow of 0
[2025-10-03 14:46:54.260] [warning] no flow specified for variable c2 in location v2_block_v1_on - assuming flow of 0
[2025-10-03 14:46:54.260] [warning] no flow specified for variable c2 in location block_safe - assuming flow of 0
[2025-10-03 14:46:54.260] [warning] no flow specified for variable c2 in location block_unsafe - assuming flow of 0
[2025-10-03 14:46:54.261] [warning] no constraints specified for variable c1 in initial constraint number 0 - assuming [0,0]
[2025-10-03 14:46:54.261] [warning] no constraints specified for variable c2 in initial constraint number 0 - assuming [0,0]
[2025-10-03 14:46:54.261] [info] 1 Model creation: 0
[2025-10-03 14:46:54.261] [info] 2.0 Creating Unified Datastructure from SAC: 0
[2025-10-03 14:47:48.667] [info] runs 3107 | prob 0.9507563566140972 | low 0.9407567033842595 | high 0.9607560098439348
[2025-10-03 14:48:44.212] [info] runs 2726 | prob 0.9570799706529713 | low 0.9470802687903997 | high 0.9670796725155429
[2025-10-03 14:49:39.287] [info] runs 2860 | prob 0.9548951048951049 | low 0.9448985003042638 | high 0.9648917094859459
[2025-10-03 14:50:34.305] [info] runs 3097 | prob 0.950920245398773 | low 0.9409202800713491 | high 0.9609202107261968
[2025-10-03 14:51:29.448] [info] runs 3127 | prob 0.950431723696834 | low 0.9404330064203392 | high 0.9604304409733289
[2025-10-03 14:52:25.314] [info] runs 3037 | prob 0.9519262430029635 | low 0.9419267232061942 | high 0.9619257627997327
[2025-10-03 14:53:20.179] [info] runs 2986 | prob 0.9527796383121232 | low 0.9427805168180243 | high 0.9627787598062221
[2025-10-03 14:54:15.478] [info] runs 3068 | prob 0.9514341590612777 | low 0.9414370827448054 | high 0.96143123537775
[2025-10-03 14:55:10.541] [info] runs 3233 | prob 0.9486545004639654 | low 0.9386556923541551 | high 0.9586533085737756
[2025-10-03 14:56:05.809] [info] runs 2913 | prob 0.9539993134225884 | low 0.9440008835629309 | high 0.9639977432822459
[2025-10-03 14:57:01.070] [info] runs 3166 | prob 0.9497789008212255 | low 0.9397801724786315 | high 0.9597776291638195
[2025-10-03 14:57:56.268] [info] runs 2715 | prob 0.9572744014732965 | low 0.9472761687315973 | high 0.9672726342149957
[2025-10-03 14:58:51.321] [info] runs 2805 | prob 0.9557932263814617 | low 0.9457953949541373 | high 0.965791057808786
[2025-10-03 14:59:46.378] [info] runs 3308 | prob 0.9474002418379686 | low 0.9374020439647652 | high 0.9573984397111719
[2025-10-03 15:00:41.334] [info] runs 3280 | prob 0.9478658536585366 | low 0.9378671543195071 | high 0.9578645529975661
[2025-10-03 15:01:37.019] [info] runs 2924 | prob 0.9538303693570451 | low 0.9438333404559996 | high 0.9638273982580906
[2025-10-03 15:02:32.119] [info] runs 3027 | prob 0.9520977865873802 | low 0.9420987486392236 | high 0.9620968245355368
[2025-10-03 15:03:27.860] [info] runs 2462 | prob 0.9614134849715679 | low 0.9514140671079144 | high 0.9714129028352213
[2025-10-03 15:04:22.888] [info] runs 2291 | prob 0.9642077695329551 | low 0.9542097723734384 | high 0.9742057666924717
[2025-10-03 15:05:18.786] [info] runs 2550 | prob 0.96 | low 0.9500036516785024 | high 0.9699963483214975
[2025-10-03 15:06:13.845] [info] runs 3289 | prob 0.9477044694435999 | low 0.9377048684032712 | high 0.9577040704839286
[2025-10-03 15:07:09.697] [info] runs 3047 | prob 0.9517558254020347 | low 0.941755944130047 | high 0.9617557066740224
[2025-10-03 15:08:04.847] [info] runs 3068 | prob 0.9514341590612777 | low 0.9414370827448054 | high 0.96143123537775
[2025-10-03 15:09:00.706] [info] runs 2976 | prob 0.9529569892473119 | low 0.9429589784951165 | high 0.9629549999995073
[2025-10-03 15:09:55.823] [info] runs 2945 | prob 0.9534804753820034 | low 0.943483313023431 | high 0.9634776377405758
[2025-10-03 15:09:57.197] [info] RESULT:
training_time, simulation_time, prob, low, high, runs
54394, 12, 0.9507563566140972, 0.9407567033842595, 0.9607560098439348, 3107
55080, 10, 0.9570799706529713, 0.9470802687903997, 0.9670796725155429, 2726
53685, 11, 0.9548951048951049, 0.9448985003042638, 0.9648917094859459, 2860
53624, 12, 0.950920245398773, 0.9409202800713491, 0.9609202107261968, 3097
53754, 12, 0.950431723696834, 0.9404330064203392, 0.9604304409733289, 3127
54481, 12, 0.9519262430029635, 0.9419267232061942, 0.9619257627997327, 3037
53485, 12, 0.9527796383121232, 0.9427805168180243, 0.9627787598062221, 2986
53906, 12, 0.9514341590612777, 0.9414370827448054, 0.96143123537775, 3068
53673, 12, 0.9486545004639654, 0.9386556923541551, 0.9586533085737756, 3233
53869, 11, 0.9539993134225884, 0.9440008835629309, 0.9639977432822459, 2913
53866, 12, 0.9497789008212255, 0.9397801724786315, 0.9597776291638195, 3166
53809, 10, 0.9572744014732965, 0.9472761687315973, 0.9672726342149957, 2715
53664, 11, 0.9557932263814617, 0.9457953949541373, 0.965791057808786, 2805
53669, 13, 0.9474002418379686, 0.9374020439647652, 0.9573984397111719, 3308
53558, 13, 0.9478658536585366, 0.9378671543195071, 0.9578645529975661, 3280
54297, 11, 0.9538303693570451, 0.9438333404559996, 0.9638273982580906, 2924
53653, 12, 0.9520977865873802, 0.9420987486392236, 0.9620968245355368, 3027
54356, 9, 0.9614134849715679, 0.9514140671079144, 0.9714129028352213, 2462
53647, 9, 0.9642077695329551, 0.9542097723734384, 0.9742057666924717, 2291
54517, 10, 0.96, 0.9500036516785024, 0.9699963483214975, 2550
53653, 13, 0.9477044694435999, 0.9377048684032712, 0.9577040704839286, 3289
54470, 12, 0.9517558254020347, 0.941755944130047, 0.9617557066740224, 3047
53767, 12, 0.9514341590612777, 0.9414370827448054, 0.96143123537775, 3068
54469, 11, 0.9529569892473119, 0.9429589784951165, 0.9629549999995073, 2976
53709, 12, 0.9534804753820034, 0.943483313023431, 0.9634776377405758, 2945
# timestamp 03.10.2025 14:46:54 (1759495614), datastructure SAC
# timebound 16, expirations {"r1": 0, "r2": 0}
# alpha 0.1, gamma 1
# fixed points 5, uniform granularity 0.5
# scheduler goal: MAXIMIZING, scope: SEMIPROPHETIC, history: HISTORY_DEPENDENT
# training runs 10000000

[2025-10-03 15:09:57.197] [info] 2.1 Simulating on SAC: 1382936
[2025-10-03 15:09:57.197] [info] Analysis finished; the goal is not reachable.
[2025-10-03 15:09:57.197] [info] Probability: 0.0
[2025-10-03 15:09:57.197] [info] 2 Analysis: 1382936
[2025-10-03 15:09:57.197] [info] 0 Computation Time Complete: 1382936
[2025-10-03 15:09:57.197] [info] Counters and timers:
Counters:

Timers:
0 Computation Time Complete: 1382936
1 Model creation: 0
2 Analysis: 1382936
2.0 Creating Unified Datastructure from SAC: 0
2.1 Simulating on SAC: 1382936

