timebound = 18, jump depth = 100, max expirations of random clocks = [{r1: 0}, {r2: 0}], combine absorbing locations in unrolling = 254, integration bound(s) = 18, integration samples = 500000, model = WATERTANK, model case = CASE_A, LTI analysis = rectangular analysis, scheduler = goal: MAXIMIZING, scope: SEMIPROPHETIC, history: HISTORY_DEPENDENT, multithreaded = 1, disableBackwardsRefinement = 0
simulating 0 runs after 10000000 training runs with parameters:
learning rate                 0.1
discount factor               1
exploration rate              0.15
uniform granularity           0.5
adaptive compartments         5


[2025-10-03 15:09:57.262] [warning] no flow specified for variable c1 in location all_off - assuming flow of 0
[2025-10-03 15:09:57.262] [warning] no flow specified for variable c1 in location v2_on - assuming flow of 0
[2025-10-03 15:09:57.262] [warning] no flow specified for variable c1 in location v1_block - assuming flow of 0
[2025-10-03 15:09:57.262] [warning] no flow specified for variable c1 in location v2_block - assuming flow of 0
[2025-10-03 15:09:57.262] [warning] no flow specified for variable c1 in location v1_block_v2_on - assuming flow of 0
[2025-10-03 15:09:57.262] [warning] no flow specified for variable c1 in location block_safe - assuming flow of 0
[2025-10-03 15:09:57.262] [warning] no flow specified for variable c1 in location block_unsafe - assuming flow of 0
[2025-10-03 15:09:57.262] [warning] no flow specified for variable c2 in location all_off - assuming flow of 0
[2025-10-03 15:09:57.262] [warning] no flow specified for variable c2 in location v1_on - assuming flow of 0
[2025-10-03 15:09:57.262] [warning] no flow specified for variable c2 in location v1_block - assuming flow of 0
[2025-10-03 15:09:57.262] [warning] no flow specified for variable c2 in location v2_block - assuming flow of 0
[2025-10-03 15:09:57.262] [warning] no flow specified for variable c2 in location v2_block_v1_on - assuming flow of 0
[2025-10-03 15:09:57.262] [warning] no flow specified for variable c2 in location block_safe - assuming flow of 0
[2025-10-03 15:09:57.262] [warning] no flow specified for variable c2 in location block_unsafe - assuming flow of 0
[2025-10-03 15:09:57.262] [warning] no constraints specified for variable c1 in initial constraint number 0 - assuming [0,0]
[2025-10-03 15:09:57.262] [warning] no constraints specified for variable c2 in initial constraint number 0 - assuming [0,0]
[2025-10-03 15:09:57.262] [info] 1 Model creation: 0
[2025-10-03 15:09:57.262] [info] 2.0 Creating Unified Datastructure from SAC: 0
[2025-10-03 15:10:54.942] [info] runs 2029 | prob 0.968457368161656 | low 0.9584621091542201 | high 0.9784526271690918
[2025-10-03 15:11:54.424] [info] runs 1629 | prob 0.9748311847759361 | low 0.9648339150473209 | high 0.9848284545045514
[2025-10-03 15:12:53.380] [info] runs 2120 | prob 0.9669811320754716 | low 0.9569841706155217 | high 0.9769780935354216
[2025-10-03 15:13:52.403] [info] runs 1849 | prob 0.971335857220119 | low 0.9613397341848154 | high 0.9813319802554225
[2025-10-03 15:14:50.820] [info] runs 2586 | prob 0.9593967517401392 | low 0.9493987983091168 | high 0.9693947051711616
[2025-10-03 15:15:49.874] [info] runs 1883 | prob 0.9707912904938927 | low 0.9607949781151204 | high 0.980787602872665
[2025-10-03 15:16:49.296] [info] runs 1900 | prob 0.9705263157894737 | low 0.960531151680562 | high 0.9805214798983853
[2025-10-03 15:17:47.744] [info] runs 1997 | prob 0.9689534301452178 | low 0.9589553850604986 | high 0.9789514752299371
[2025-10-03 15:18:46.111] [info] runs 1761 | prob 0.9727427597955707 | low 0.9627472229382732 | high 0.9827382966528682
[2025-10-03 15:19:44.455] [info] runs 2059 | prob 0.9679456046624575 | low 0.9579459050098658 | high 0.9779453043150492
[2025-10-03 15:20:43.751] [info] runs 1796 | prob 0.9721603563474388 | low 0.9621605064278043 | high 0.9821602062670733
[2025-10-03 15:21:42.880] [info] runs 1814 | prob 0.9718853362734289 | low 0.9618876114567799 | high 0.9818830610900778
[2025-10-03 15:22:41.814] [info] runs 2398 | prob 0.9624687239366139 | low 0.9524707673295313 | high 0.9724666805436964
[2025-10-03 15:23:41.217] [info] runs 1198 | prob 0.9816360601001669 | low 0.9716435261404355 | high 0.9916285940598983
[2025-10-03 15:24:40.253] [info] runs 2398 | prob 0.9624687239366139 | low 0.9524707673295313 | high 0.9724666805436964
[2025-10-03 15:25:38.851] [info] runs 2385 | prob 0.9626834381551362 | low 0.9526858733302609 | high 0.9726810029800116
[2025-10-03 15:26:37.272] [info] runs 2598 | prob 0.9591993841416474 | low 0.9492013620920663 | high 0.9691974061912285
[2025-10-03 15:27:35.729] [info] runs 1761 | prob 0.9727427597955707 | low 0.9627472229382732 | high 0.9827382966528682
[2025-10-03 15:28:35.065] [info] runs 2207 | prob 0.9655641141821477 | low 0.9555654753791207 | high 0.9755627529851747
[2025-10-03 15:29:34.276] [info] runs 1866 | prob 0.9710610932475884 | low 0.9610644457984542 | high 0.9810577406967226
[2025-10-03 15:30:33.062] [info] runs 2013 | prob 0.9687034277198212 | low 0.9587064718089515 | high 0.9787003836306909
[2025-10-03 15:31:31.753] [info] runs 1668 | prob 0.9742206235011991 | low 0.9642249353205339 | high 0.9842163116818643
[2025-10-03 15:32:30.198] [info] runs 1507 | prob 0.9767750497677505 | low 0.966780484523591 | high 0.9867696150119101
[2025-10-03 15:33:28.982] [info] runs 2120 | prob 0.9669811320754716 | low 0.9569841706155217 | high 0.9769780935354216
[2025-10-03 15:34:27.851] [info] runs 1933 | prob 0.9699948266942576 | low 0.9599991382655764 | high 0.9799905151229389
[2025-10-03 15:34:30.061] [info] RESULT:
training_time, simulation_time, prob, low, high, runs
57671, 8, 0.968457368161656, 0.9584621091542201, 0.9784526271690918, 2029
58714, 6, 0.9748311847759361, 0.9648339150473209, 0.9848284545045514, 1629
56702, 8, 0.9669811320754716, 0.9569841706155217, 0.9769780935354216, 2120
56807, 7, 0.971335857220119, 0.9613397341848154, 0.9813319802554225, 1849
56165, 11, 0.9593967517401392, 0.9493987983091168, 0.9693947051711616, 2586
56792, 7, 0.9707912904938927, 0.9607949781151204, 0.980787602872665, 1883
57165, 7, 0.9705263157894737, 0.960531151680562, 0.9805214798983853, 1900
56224, 7, 0.9689534301452178, 0.9589553850604986, 0.9789514752299371, 1997
56120, 7, 0.9727427597955707, 0.9627472229382732, 0.9827382966528682, 1761
56108, 8, 0.9679456046624575, 0.9579459050098658, 0.9779453043150492, 2059
57048, 7, 0.9721603563474388, 0.9621605064278043, 0.9821602062670733, 1796
56898, 7, 0.9718853362734289, 0.9618876114567799, 0.9818830610900778, 1814
56648, 10, 0.9624687239366139, 0.9524707673295313, 0.9724666805436964, 2398
57160, 4, 0.9816360601001669, 0.9716435261404355, 0.9916285940598983, 1198
56813, 10, 0.9624687239366139, 0.9524707673295313, 0.9724666805436964, 2398
56378, 9, 0.9626834381551362, 0.9526858733302609, 0.9726810029800116, 2385
56162, 10, 0.9591993841416474, 0.9492013620920663, 0.9691974061912285, 2598
56196, 7, 0.9727427597955707, 0.9627472229382732, 0.9827382966528682, 1761
57104, 9, 0.9655641141821477, 0.9555654753791207, 0.9755627529851747, 2207
56986, 7, 0.9710610932475884, 0.9610644457984542, 0.9810577406967226, 1866
56552, 8, 0.9687034277198212, 0.9587064718089515, 0.9787003836306909, 2013
56441, 6, 0.9742206235011991, 0.9642249353205339, 0.9842163116818643, 1668
56187, 5, 0.9767750497677505, 0.966780484523591, 0.9867696150119101, 1507
56520, 8, 0.9669811320754716, 0.9569841706155217, 0.9769780935354216, 2120
56646, 7, 0.9699948266942576, 0.9599991382655764, 0.9799905151229389, 1933
# timestamp 03.10.2025 15:09:57 (1759496997), datastructure SAC
# timebound 18, expirations {"r1": 0, "r2": 0}
# alpha 0.1, gamma 1
# fixed points 5, uniform granularity 0.5
# scheduler goal: MAXIMIZING, scope: SEMIPROPHETIC, history: HISTORY_DEPENDENT
# training runs 10000000

[2025-10-03 15:34:30.061] [info] 2.1 Simulating on SAC: 1472798
[2025-10-03 15:34:30.061] [info] Analysis finished; the goal is not reachable.
[2025-10-03 15:34:30.061] [info] Probability: 0.0
[2025-10-03 15:34:30.061] [info] 2 Analysis: 1472798
[2025-10-03 15:34:30.061] [info] 0 Computation Time Complete: 1472799
[2025-10-03 15:34:30.061] [info] Counters and timers:
Counters:

Timers:
0 Computation Time Complete: 1472799
1 Model creation: 0
2 Analysis: 1472798
2.0 Creating Unified Datastructure from SAC: 0
2.1 Simulating on SAC: 1472798

