timebound = 8, jump depth = 100, max expirations of random clocks = [{r1: 0}, {r2: 0}], combine absorbing locations in unrolling = 17, integration bound(s) = 8, integration samples = 500000, model = WATERTANK, model case = CASE_A, LTI analysis = rectangular analysis, scheduler = goal: MAXIMIZING, scope: SEMIPROPHETIC, history: HISTORY_DEPENDENT, multithreaded = 1, disableBackwardsRefinement = 0
simulating 0 runs after 10000000 training runs with parameters:
learning rate                 0.1
discount factor               1
exploration rate              0.15
uniform granularity           0.5
adaptive compartments         5


[2025-10-03 13:08:25.523] [warning] no flow specified for variable c1 in location all_off - assuming flow of 0
[2025-10-03 13:08:25.523] [warning] no flow specified for variable c1 in location v2_on - assuming flow of 0
[2025-10-03 13:08:25.523] [warning] no flow specified for variable c1 in location v1_block - assuming flow of 0
[2025-10-03 13:08:25.523] [warning] no flow specified for variable c1 in location v2_block - assuming flow of 0
[2025-10-03 13:08:25.523] [warning] no flow specified for variable c1 in location v1_block_v2_on - assuming flow of 0
[2025-10-03 13:08:25.523] [warning] no flow specified for variable c1 in location block_safe - assuming flow of 0
[2025-10-03 13:08:25.523] [warning] no flow specified for variable c1 in location block_unsafe - assuming flow of 0
[2025-10-03 13:08:25.523] [warning] no flow specified for variable c2 in location all_off - assuming flow of 0
[2025-10-03 13:08:25.523] [warning] no flow specified for variable c2 in location v1_on - assuming flow of 0
[2025-10-03 13:08:25.523] [warning] no flow specified for variable c2 in location v1_block - assuming flow of 0
[2025-10-03 13:08:25.523] [warning] no flow specified for variable c2 in location v2_block - assuming flow of 0
[2025-10-03 13:08:25.523] [warning] no flow specified for variable c2 in location v2_block_v1_on - assuming flow of 0
[2025-10-03 13:08:25.523] [warning] no flow specified for variable c2 in location block_safe - assuming flow of 0
[2025-10-03 13:08:25.523] [warning] no flow specified for variable c2 in location block_unsafe - assuming flow of 0
[2025-10-03 13:08:25.523] [warning] no constraints specified for variable c1 in initial constraint number 0 - assuming [0,0]
[2025-10-03 13:08:25.523] [warning] no constraints specified for variable c2 in initial constraint number 0 - assuming [0,0]
[2025-10-03 13:08:25.523] [info] 1 Model creation: 0
[2025-10-03 13:08:25.523] [info] 2.0 Creating Unified Datastructure from SAC: 0
[2025-10-03 13:08:53.316] [info] runs 15896 | prob 0.6022898842476094 | low 0.5922901597513469 | high 0.612289608743872
[2025-10-03 13:09:21.265] [info] runs 15847 | prob 0.6058559979806903 | low 0.5958563549534556 | high 0.6158556410079251
[2025-10-03 13:09:48.870] [info] runs 15871 | prob 0.6040577153298469 | low 0.594057741277862 | high 0.6140576893818317
[2025-10-03 13:10:16.661] [info] runs 15818 | prob 0.6079150335061323 | low 0.5979154569388788 | high 0.6179146100733858
[2025-10-03 13:10:44.343] [info] runs 15918 | prob 0.6006407840180927 | low 0.5906409941739601 | high 0.6106405738622254
[2025-10-03 13:11:12.152] [info] runs 15891 | prob 0.6026052482537285 | low 0.5926052997543715 | high 0.6126051967530856
[2025-10-03 13:11:39.812] [info] runs 15855 | prob 0.6052349416587827 | low 0.5952350778657184 | high 0.6152348054518469
[2025-10-03 13:12:07.586] [info] runs 15808 | prob 0.6085526315789473 | low 0.598552789158455 | high 0.6185524739994397
[2025-10-03 13:12:35.189] [info] runs 16000 | prob 0.59425 | low 0.5842500062904519 | high 0.604249993709548
[2025-10-03 13:13:03.062] [info] runs 15837 | prob 0.6065542716423565 | low 0.5965545790238612 | high 0.6165539642608519
[2025-10-03 13:13:30.839] [info] runs 15818 | prob 0.6078518143886711 | low 0.5978519516966369 | high 0.6178516770807053
[2025-10-03 13:13:58.632] [info] runs 15781 | prob 0.6104175907737153 | low 0.6004177798487672 | high 0.6204174016986633
[2025-10-03 13:14:26.450] [info] runs 15854 | prob 0.6053361927589251 | low 0.5953364597909343 | high 0.615335925726916
[2025-10-03 13:14:54.365] [info] runs 15878 | prob 0.603602468824789 | low 0.5936027236236188 | high 0.6136022140259592
[2025-10-03 13:15:22.031] [info] runs 15880 | prob 0.6034005037783375 | low 0.5934005147625262 | high 0.6134004927941489
[2025-10-03 13:15:49.870] [info] runs 15946 | prob 0.5985200050169321 | low 0.5885202060470083 | high 0.608519803986856
[2025-10-03 13:16:17.549] [info] runs 15920 | prob 0.6005025125628141 | low 0.590502771196245 | high 0.6105022539293832
[2025-10-03 13:16:45.251] [info] runs 15828 | prob 0.6072150619155926 | low 0.5972154874563528 | high 0.6172146363748324
[2025-10-03 13:17:12.988] [info] runs 15899 | prob 0.6020504434241147 | low 0.5920506412862101 | high 0.6120502455620194
[2025-10-03 13:17:40.877] [info] runs 15833 | prob 0.6068338280805912 | low 0.5968341224360147 | high 0.6168335337251676
[2025-10-03 13:18:08.742] [info] runs 15864 | prob 0.6046394351991932 | low 0.5946397940097603 | high 0.614639076388626
[2025-10-03 13:18:36.487] [info] runs 15796 | prob 0.609394783489491 | low 0.5993949980471729 | high 0.6193945689318092
[2025-10-03 13:19:04.269] [info] runs 15896 | prob 0.6022269753397081 | low 0.5922269822958537 | high 0.6122269683835626
[2025-10-03 13:19:32.438] [info] runs 15893 | prob 0.6025294154659284 | low 0.5925297714220608 | high 0.6125290595097961
[2025-10-03 13:20:00.379] [info] runs 15914 | prob 0.6009174311926605 | low 0.5909175471879854 | high 0.6109173151973356
[2025-10-03 13:20:00.382] [info] RESULT:
training_time, simulation_time, prob, low, high, runs
27758, 34, 0.6022898842476094, 0.5922901597513469, 0.612289608743872, 15896
27913, 34, 0.6058559979806903, 0.5958563549534556, 0.6158556410079251, 15847
27568, 34, 0.6040577153298469, 0.594057741277862, 0.6140576893818317, 15871
27754, 34, 0.6079150335061323, 0.5979154569388788, 0.6179146100733858, 15818
27645, 34, 0.6006407840180927, 0.5906409941739601, 0.6106405738622254, 15918
27772, 34, 0.6026052482537285, 0.5926052997543715, 0.6126051967530856, 15891
27623, 34, 0.6052349416587827, 0.5952350778657184, 0.6152348054518469, 15855
27737, 34, 0.6085526315789473, 0.598552789158455, 0.6185524739994397, 15808
27566, 34, 0.59425, 0.5842500062904519, 0.604249993709548, 16000
27835, 34, 0.6065542716423565, 0.5965545790238612, 0.6165539642608519, 15837
27740, 34, 0.6078518143886711, 0.5978519516966369, 0.6178516770807053, 15818
27757, 34, 0.6104175907737153, 0.6004177798487672, 0.6204174016986633, 15781
27781, 34, 0.6053361927589251, 0.5953364597909343, 0.615335925726916, 15854
27877, 34, 0.603602468824789, 0.5936027236236188, 0.6136022140259592, 15878
27628, 35, 0.6034005037783375, 0.5934005147625262, 0.6134004927941489, 15880
27801, 34, 0.5985200050169321, 0.5885202060470083, 0.608519803986856, 15946
27642, 34, 0.6005025125628141, 0.590502771196245, 0.6105022539293832, 15920
27665, 34, 0.6072150619155926, 0.5972154874563528, 0.6172146363748324, 15828
27700, 34, 0.6020504434241147, 0.5920506412862101, 0.6120502455620194, 15899
27851, 34, 0.6068338280805912, 0.5968341224360147, 0.6168335337251676, 15833
27828, 34, 0.6046394351991932, 0.5946397940097603, 0.614639076388626, 15864
27707, 34, 0.609394783489491, 0.5993949980471729, 0.6193945689318092, 15796
27744, 34, 0.6022269753397081, 0.5922269822958537, 0.6122269683835626, 15896
28132, 34, 0.6025294154659284, 0.5925297714220608, 0.6125290595097961, 15893
27904, 34, 0.6009174311926605, 0.5909175471879854, 0.6109173151973356, 15914
# timestamp 03.10.2025 13:08:25 (1759489705), datastructure SAC
# timebound 8, expirations {"r1": 0, "r2": 0}
# alpha 0.1, gamma 1
# fixed points 5, uniform granularity 0.5
# scheduler goal: MAXIMIZING, scope: SEMIPROPHETIC, history: HISTORY_DEPENDENT
# training runs 10000000

[2025-10-03 13:20:00.382] [info] 2.1 Simulating on SAC: 694859
[2025-10-03 13:20:00.382] [info] Analysis finished; the goal is not reachable.
[2025-10-03 13:20:00.382] [info] Probability: 0.0
[2025-10-03 13:20:00.382] [info] 2 Analysis: 694859
[2025-10-03 13:20:00.382] [info] 0 Computation Time Complete: 694859
[2025-10-03 13:20:00.382] [info] Counters and timers:
Counters:

Timers:
0 Computation Time Complete: 694859
1 Model creation: 0
2 Analysis: 694859
2.0 Creating Unified Datastructure from SAC: 0
2.1 Simulating on SAC: 694859

