timebound = 9, jump depth = 100, max expirations of random clocks = [{r1: 0}, {r2: 0}], combine absorbing locations in unrolling = 171, integration bound(s) = 9, integration samples = 500000, model = WATERTANK, model case = CASE_A, LTI analysis = rectangular analysis, scheduler = goal: MAXIMIZING, scope: SEMIPROPHETIC, history: HISTORY_DEPENDENT, multithreaded = 1, disableBackwardsRefinement = 0
simulating 0 runs after 10000000 training runs with parameters:
learning rate                 0.1
discount factor               1
exploration rate              0.15
uniform granularity           0.5
adaptive compartments         5


[2025-10-03 13:20:00.393] [warning] no flow specified for variable c1 in location all_off - assuming flow of 0
[2025-10-03 13:20:00.393] [warning] no flow specified for variable c1 in location v2_on - assuming flow of 0
[2025-10-03 13:20:00.393] [warning] no flow specified for variable c1 in location v1_block - assuming flow of 0
[2025-10-03 13:20:00.393] [warning] no flow specified for variable c1 in location v2_block - assuming flow of 0
[2025-10-03 13:20:00.393] [warning] no flow specified for variable c1 in location v1_block_v2_on - assuming flow of 0
[2025-10-03 13:20:00.393] [warning] no flow specified for variable c1 in location block_safe - assuming flow of 0
[2025-10-03 13:20:00.393] [warning] no flow specified for variable c1 in location block_unsafe - assuming flow of 0
[2025-10-03 13:20:00.393] [warning] no flow specified for variable c2 in location all_off - assuming flow of 0
[2025-10-03 13:20:00.393] [warning] no flow specified for variable c2 in location v1_on - assuming flow of 0
[2025-10-03 13:20:00.393] [warning] no flow specified for variable c2 in location v1_block - assuming flow of 0
[2025-10-03 13:20:00.393] [warning] no flow specified for variable c2 in location v2_block - assuming flow of 0
[2025-10-03 13:20:00.393] [warning] no flow specified for variable c2 in location v2_block_v1_on - assuming flow of 0
[2025-10-03 13:20:00.393] [warning] no flow specified for variable c2 in location block_safe - assuming flow of 0
[2025-10-03 13:20:00.393] [warning] no flow specified for variable c2 in location block_unsafe - assuming flow of 0
[2025-10-03 13:20:00.393] [warning] no constraints specified for variable c1 in initial constraint number 0 - assuming [0,0]
[2025-10-03 13:20:00.393] [warning] no constraints specified for variable c2 in initial constraint number 0 - assuming [0,0]
[2025-10-03 13:20:00.393] [info] 1 Model creation: 0
[2025-10-03 13:20:00.393] [info] 2.0 Creating Unified Datastructure from SAC: 0
[2025-10-03 13:20:31.319] [info] runs 14991 | prob 0.6552598225602028 | low 0.6452602076149854 | high 0.6652594375054202
[2025-10-03 13:21:02.749] [info] runs 15114 | prob 0.6491332539367474 | low 0.6391333878707558 | high 0.6591331200027389
[2025-10-03 13:21:33.975] [info] runs 15100 | prob 0.6498675496688742 | low 0.6398678722012062 | high 0.6598672271365421
[2025-10-03 13:22:05.220] [info] runs 15019 | prob 0.653838471269725 | low 0.6438384716068456 | high 0.6638384709326045
[2025-10-03 13:22:36.362] [info] runs 15188 | prob 0.6453779299446932 | low 0.6353782638228876 | high 0.6553775960664988
[2025-10-03 13:23:07.461] [info] runs 15000 | prob 0.6548 | low 0.6448002312217367 | high 0.6647997687782634
[2025-10-03 13:23:38.676] [info] runs 15077 | prob 0.6509915765735889 | low 0.640991714030472 | high 0.6609914391167058
[2025-10-03 13:24:09.932] [info] runs 14995 | prob 0.6550183394464821 | low 0.6450184002887281 | high 0.6650182786042361
[2025-10-03 13:24:41.230] [info] runs 14955 | prob 0.6569709127382146 | low 0.6469711154853066 | high 0.6669707099911226
[2025-10-03 13:25:12.426] [info] runs 15197 | prob 0.6449299203790222 | low 0.6349303756223775 | high 0.6549294651356669
[2025-10-03 13:25:43.671] [info] runs 15248 | prob 0.6421825813221406 | low 0.6321825947468623 | high 0.6521825678974188
[2025-10-03 13:26:14.938] [info] runs 15053 | prob 0.6522287916030027 | low 0.6422292262495489 | high 0.6622283569564565
[2025-10-03 13:26:46.187] [info] runs 14992 | prob 0.6552161152614728 | low 0.6452165334832436 | high 0.6652156970397021
[2025-10-03 13:27:17.472] [info] runs 15040 | prob 0.6528590425531915 | low 0.6428593975842453 | high 0.6628586875221377
[2025-10-03 13:27:48.644] [info] runs 14915 | prob 0.6588669125041904 | low 0.6488670275985469 | high 0.6688667974098339
[2025-10-03 13:28:20.027] [info] runs 15086 | prob 0.6505369216492112 | low 0.6405370268483985 | high 0.6605368164500238
[2025-10-03 13:28:51.329] [info] runs 15119 | prob 0.6489185792711158 | low 0.6389189625730932 | high 0.6589181959691385
[2025-10-03 13:29:22.372] [info] runs 15139 | prob 0.6478631349494682 | low 0.6378632582505905 | high 0.6578630116483459
[2025-10-03 13:29:53.621] [info] runs 15139 | prob 0.6478631349494682 | low 0.6378632582505905 | high 0.6578630116483459
[2025-10-03 13:30:25.159] [info] runs 15161 | prob 0.6467251500560649 | low 0.6367251921876903 | high 0.6567251079244395
[2025-10-03 13:30:56.219] [info] runs 15019 | prob 0.653838471269725 | low 0.6438384716068456 | high 0.6638384709326045
[2025-10-03 13:31:27.265] [info] runs 14955 | prob 0.6569709127382146 | low 0.6469711154853066 | high 0.6669707099911226
[2025-10-03 13:31:58.431] [info] runs 15103 | prob 0.6496722505462491 | low 0.6396722810409832 | high 0.659672220051515
[2025-10-03 13:32:29.553] [info] runs 15128 | prob 0.6484664198836594 | low 0.6384668284662727 | high 0.6584660113010461
[2025-10-03 13:33:01.087] [info] runs 15164 | prob 0.6465972039039831 | low 0.6365974140683895 | high 0.6565969937395767
[2025-10-03 13:33:01.093] [info] RESULT:
training_time, simulation_time, prob, low, high, runs
30890, 35, 0.6552598225602028, 0.6452602076149854, 0.6652594375054202, 14991
31389, 37, 0.6491332539367474, 0.6391333878707558, 0.6591331200027389, 15114
31183, 36, 0.6498675496688742, 0.6398678722012062, 0.6598672271365421, 15100
31203, 35, 0.653838471269725, 0.6438384716068456, 0.6638384709326045, 15019
31099, 36, 0.6453779299446932, 0.6353782638228876, 0.6553775960664988, 15188
31057, 35, 0.6548, 0.6448002312217367, 0.6647997687782634, 15000
31172, 36, 0.6509915765735889, 0.640991714030472, 0.6609914391167058, 15077
31213, 36, 0.6550183394464821, 0.6450184002887281, 0.6650182786042361, 14995
31255, 35, 0.6569709127382146, 0.6469711154853066, 0.6669707099911226, 14955
31152, 36, 0.6449299203790222, 0.6349303756223775, 0.6549294651356669, 15197
31203, 36, 0.6421825813221406, 0.6321825947468623, 0.6521825678974188, 15248
31224, 36, 0.6522287916030027, 0.6422292262495489, 0.6622283569564565, 15053
31207, 36, 0.6552161152614728, 0.6452165334832436, 0.6652156970397021, 14992
31241, 36, 0.6528590425531915, 0.6428593975842453, 0.6628586875221377, 15040
31130, 35, 0.6588669125041904, 0.6488670275985469, 0.6688667974098339, 14915
31341, 36, 0.6505369216492112, 0.6405370268483985, 0.6605368164500238, 15086
31259, 36, 0.6489185792711158, 0.6389189625730932, 0.6589181959691385, 15119
31001, 36, 0.6478631349494682, 0.6378632582505905, 0.6578630116483459, 15139
31205, 37, 0.6478631349494682, 0.6378632582505905, 0.6578630116483459, 15139
31492, 37, 0.6467251500560649, 0.6367251921876903, 0.6567251079244395, 15161
31017, 35, 0.653838471269725, 0.6438384716068456, 0.6638384709326045, 15019
31003, 35, 0.6569709127382146, 0.6469711154853066, 0.6669707099911226, 14955
31123, 36, 0.6496722505462491, 0.6396722810409832, 0.659672220051515, 15103
31078, 36, 0.6484664198836594, 0.6384668284662727, 0.6584660113010461, 15128
31490, 36, 0.6465972039039831, 0.6365974140683895, 0.6565969937395767, 15164
# timestamp 03.10.2025 13:20:00 (1759490400), datastructure SAC
# timebound 9, expirations {"r1": 0, "r2": 0}
# alpha 0.1, gamma 1
# fixed points 5, uniform granularity 0.5
# scheduler goal: MAXIMIZING, scope: SEMIPROPHETIC, history: HISTORY_DEPENDENT
# training runs 10000000

[2025-10-03 13:33:01.093] [info] 2.1 Simulating on SAC: 780700
[2025-10-03 13:33:01.093] [info] Analysis finished; the goal is not reachable.
[2025-10-03 13:33:01.093] [info] Probability: 0.0
[2025-10-03 13:33:01.093] [info] 2 Analysis: 780700
[2025-10-03 13:33:01.093] [info] 0 Computation Time Complete: 780700
[2025-10-03 13:33:01.093] [info] Counters and timers:
Counters:

Timers:
0 Computation Time Complete: 780700
1 Model creation: 0
2 Analysis: 780700
2.0 Creating Unified Datastructure from SAC: 0
2.1 Simulating on SAC: 780700

