timebound = 10, jump depth = 100, max expirations of random clocks = [{r1: 0}, {r2: 0}], combine absorbing locations in unrolling = 27, integration bound(s) = 10, integration samples = 500000, model = WATERTANK, model case = CASE_A, LTI analysis = rectangular analysis, scheduler = goal: MAXIMIZING, scope: PROPHETIC, history: HISTORY_DEPENDENT, multithreaded = 1, disableBackwardsRefinement = 0
simulating 0 runs after 5000 training runs with parameters:
learning rate                 0.1
discount factor               1
exploration rate              0.15
discretization method         UNIFORM_GRANULARITY
uniform granularity           0.25
adaptive compartments         5


[2025-08-28 20:37:25.386] [warning] no flow specified for variable c1 in location all_off - assuming flow of 0
[2025-08-28 20:37:25.386] [warning] no flow specified for variable c1 in location v2_on - assuming flow of 0
[2025-08-28 20:37:25.386] [warning] no flow specified for variable c1 in location v1_block - assuming flow of 0
[2025-08-28 20:37:25.386] [warning] no flow specified for variable c1 in location v2_block - assuming flow of 0
[2025-08-28 20:37:25.386] [warning] no flow specified for variable c1 in location v1_block_v2_on - assuming flow of 0
[2025-08-28 20:37:25.386] [warning] no flow specified for variable c1 in location block_safe - assuming flow of 0
[2025-08-28 20:37:25.386] [warning] no flow specified for variable c1 in location block_unsafe - assuming flow of 0
[2025-08-28 20:37:25.386] [warning] no flow specified for variable c2 in location all_off - assuming flow of 0
[2025-08-28 20:37:25.386] [warning] no flow specified for variable c2 in location v1_on - assuming flow of 0
[2025-08-28 20:37:25.386] [warning] no flow specified for variable c2 in location v1_block - assuming flow of 0
[2025-08-28 20:37:25.386] [warning] no flow specified for variable c2 in location v2_block - assuming flow of 0
[2025-08-28 20:37:25.386] [warning] no flow specified for variable c2 in location v2_block_v1_on - assuming flow of 0
[2025-08-28 20:37:25.386] [warning] no flow specified for variable c2 in location block_safe - assuming flow of 0
[2025-08-28 20:37:25.386] [warning] no flow specified for variable c2 in location block_unsafe - assuming flow of 0
[2025-08-28 20:37:25.386] [warning] no constraints specified for variable c1 in initial constraint number 0 - assuming [0,0]
[2025-08-28 20:37:25.386] [warning] no constraints specified for variable c2 in initial constraint number 0 - assuming [0,0]
[2025-08-28 20:37:25.386] [info] 1 Model creation: 0
[2025-08-28 20:37:25.386] [info] 2.0 Creating Unified Datastructure from SAC: 0
[2025-08-28 20:37:25.442] [info] runs 15236 | prob 0.6428196377001838 | low 0.6328196669137893 | high 0.6528196084865783
[2025-08-28 20:37:25.486] [info] runs 15094 | prob 0.6501921293229098 | low 0.6401926052952014 | high 0.6601916533506182
[2025-08-28 20:37:25.486] [info] 2.1 Simulating on SAC: 99
[2025-08-28 20:37:25.486] [info] Analysis finished; the goal is not reachable.
[2025-08-28 20:37:25.486] [info] Probability: 0.0
[2025-08-28 20:37:25.486] [info] 2 Analysis: 99
[2025-08-28 20:37:25.486] [info] 0 Computation Time Complete: 99
[2025-08-28 20:37:25.486] [info] Counters and timers:
Counters:

Timers:
0 Computation Time Complete: 99
1 Model creation: 0
2 Analysis: 99
2.0 Creating Unified Datastructure from SAC: 0
2.1 Simulating on SAC: 99

timebound = 10, jump depth = 100, max expirations of random clocks = [{r1: 0}, {r2: 0}], combine absorbing locations in unrolling = 138, integration bound(s) = 10, integration samples = 500000, model = WATERTANK, model case = CASE_A, LTI analysis = rectangular analysis, scheduler = goal: MAXIMIZING, scope: PROPHETIC, history: HISTORY_DEPENDENT, multithreaded = 1, disableBackwardsRefinement = 0
simulating 0 runs after 20000 training runs with parameters:
learning rate                 0.1
discount factor               1
exploration rate              0.15
discretization method         UNIFORM_GRANULARITY
uniform granularity           0.25
adaptive compartments         5


[2025-08-28 20:37:25.495] [warning] no flow specified for variable c1 in location all_off - assuming flow of 0
[2025-08-28 20:37:25.496] [warning] no flow specified for variable c1 in location v2_on - assuming flow of 0
[2025-08-28 20:37:25.496] [warning] no flow specified for variable c1 in location v1_block - assuming flow of 0
[2025-08-28 20:37:25.496] [warning] no flow specified for variable c1 in location v2_block - assuming flow of 0
[2025-08-28 20:37:25.496] [warning] no flow specified for variable c1 in location v1_block_v2_on - assuming flow of 0
[2025-08-28 20:37:25.496] [warning] no flow specified for variable c1 in location block_safe - assuming flow of 0
[2025-08-28 20:37:25.496] [warning] no flow specified for variable c1 in location block_unsafe - assuming flow of 0
[2025-08-28 20:37:25.496] [warning] no flow specified for variable c2 in location all_off - assuming flow of 0
[2025-08-28 20:37:25.496] [warning] no flow specified for variable c2 in location v1_on - assuming flow of 0
[2025-08-28 20:37:25.496] [warning] no flow specified for variable c2 in location v1_block - assuming flow of 0
[2025-08-28 20:37:25.496] [warning] no flow specified for variable c2 in location v2_block - assuming flow of 0
[2025-08-28 20:37:25.496] [warning] no flow specified for variable c2 in location v2_block_v1_on - assuming flow of 0
[2025-08-28 20:37:25.496] [warning] no flow specified for variable c2 in location block_safe - assuming flow of 0
[2025-08-28 20:37:25.496] [warning] no flow specified for variable c2 in location block_unsafe - assuming flow of 0
[2025-08-28 20:37:25.496] [warning] no constraints specified for variable c1 in initial constraint number 0 - assuming [0,0]
[2025-08-28 20:37:25.496] [warning] no constraints specified for variable c2 in initial constraint number 0 - assuming [0,0]
[2025-08-28 20:37:25.496] [info] 1 Model creation: 0
[2025-08-28 20:37:25.496] [info] 2.0 Creating Unified Datastructure from SAC: 0
[2025-08-28 20:37:25.688] [info] runs 15704 | prob 0.6155756495160468 | low 0.6055759517022182 | high 0.6255753473298754
[2025-08-28 20:37:25.714] [info] 2.1 Simulating on SAC: 218
[2025-08-28 20:37:25.714] [info] Analysis finished; the goal is not reachable.
[2025-08-28 20:37:25.714] [info] Probability: 0.0
[2025-08-28 20:37:25.714] [info] 2 Analysis: 218
[2025-08-28 20:37:25.714] [info] 0 Computation Time Complete: 218
[2025-08-28 20:37:25.714] [info] Counters and timers:
Counters:

Timers:
0 Computation Time Complete: 218
1 Model creation: 0
2 Analysis: 218
2.0 Creating Unified Datastructure from SAC: 0
2.1 Simulating on SAC: 218

timebound = 10, jump depth = 100, max expirations of random clocks = [{r1: 0}, {r2: 0}], combine absorbing locations in unrolling = 99, integration bound(s) = 10, integration samples = 500000, model = WATERTANK, model case = CASE_A, LTI analysis = rectangular analysis, scheduler = goal: MAXIMIZING, scope: PROPHETIC, history: HISTORY_DEPENDENT, multithreaded = 1, disableBackwardsRefinement = 0
simulating 0 runs after 1000000 training runs with parameters:
learning rate                 0.1
discount factor               1
exploration rate              0.15
discretization method         UNIFORM_GRANULARITY
uniform granularity           0.25
adaptive compartments         5


[2025-08-28 20:37:25.726] [warning] no flow specified for variable c1 in location all_off - assuming flow of 0
[2025-08-28 20:37:25.726] [warning] no flow specified for variable c1 in location v2_on - assuming flow of 0
[2025-08-28 20:37:25.726] [warning] no flow specified for variable c1 in location v1_block - assuming flow of 0
[2025-08-28 20:37:25.726] [warning] no flow specified for variable c1 in location v2_block - assuming flow of 0
[2025-08-28 20:37:25.726] [warning] no flow specified for variable c1 in location v1_block_v2_on - assuming flow of 0
[2025-08-28 20:37:25.726] [warning] no flow specified for variable c1 in location block_safe - assuming flow of 0
[2025-08-28 20:37:25.726] [warning] no flow specified for variable c1 in location block_unsafe - assuming flow of 0
[2025-08-28 20:37:25.726] [warning] no flow specified for variable c2 in location all_off - assuming flow of 0
[2025-08-28 20:37:25.726] [warning] no flow specified for variable c2 in location v1_on - assuming flow of 0
[2025-08-28 20:37:25.726] [warning] no flow specified for variable c2 in location v1_block - assuming flow of 0
[2025-08-28 20:37:25.726] [warning] no flow specified for variable c2 in location v2_block - assuming flow of 0
[2025-08-28 20:37:25.726] [warning] no flow specified for variable c2 in location v2_block_v1_on - assuming flow of 0
[2025-08-28 20:37:25.726] [warning] no flow specified for variable c2 in location block_safe - assuming flow of 0
[2025-08-28 20:37:25.726] [warning] no flow specified for variable c2 in location block_unsafe - assuming flow of 0
[2025-08-28 20:37:25.726] [warning] no constraints specified for variable c1 in initial constraint number 0 - assuming [0,0]
[2025-08-28 20:37:25.726] [warning] no constraints specified for variable c2 in initial constraint number 0 - assuming [0,0]
[2025-08-28 20:37:25.726] [info] 1 Model creation: 0
[2025-08-28 20:37:25.726] [info] 2.0 Creating Unified Datastructure from SAC: 0
[2025-08-28 20:37:31.684] [info] runs 15109 | prob 0.6494142564034682 | low 0.639414577997478 | high 0.6594139348094583
[2025-08-28 20:37:32.194] [info] 2.1 Simulating on SAC: 6468
[2025-08-28 20:37:32.194] [info] Analysis finished; the goal is not reachable.
[2025-08-28 20:37:32.194] [info] Probability: 0.0
[2025-08-28 20:37:32.194] [info] 2 Analysis: 6468
[2025-08-28 20:37:32.194] [info] 0 Computation Time Complete: 6468
[2025-08-28 20:37:32.194] [info] Counters and timers:
Counters:

Timers:
0 Computation Time Complete: 6468
1 Model creation: 0
2 Analysis: 6468
2.0 Creating Unified Datastructure from SAC: 0
2.1 Simulating on SAC: 6468

