timebound = 11, jump depth = 100, max expirations of random clocks = [{r1: 0}, {r2: 0}], combine absorbing locations in unrolling = 44, integration bound(s) = 11, integration samples = 500000, model = WATERTANK, model case = CASE_A, LTI analysis = rectangular analysis, scheduler = goal: MAXIMIZING, scope: PROPHETIC, history: HISTORY_DEPENDENT, multithreaded = 1, disableBackwardsRefinement = 0
simulating 0 runs after 5000 training runs with parameters:
learning rate                 0.1
discount factor               1
exploration rate              0.15
discretization method         UNIFORM_GRANULARITY
uniform granularity           0.25
adaptive compartments         5


[2025-08-28 20:37:32.224] [warning] no flow specified for variable c1 in location all_off - assuming flow of 0
[2025-08-28 20:37:32.224] [warning] no flow specified for variable c1 in location v2_on - assuming flow of 0
[2025-08-28 20:37:32.224] [warning] no flow specified for variable c1 in location v1_block - assuming flow of 0
[2025-08-28 20:37:32.224] [warning] no flow specified for variable c1 in location v2_block - assuming flow of 0
[2025-08-28 20:37:32.224] [warning] no flow specified for variable c1 in location v1_block_v2_on - assuming flow of 0
[2025-08-28 20:37:32.224] [warning] no flow specified for variable c1 in location block_safe - assuming flow of 0
[2025-08-28 20:37:32.224] [warning] no flow specified for variable c1 in location block_unsafe - assuming flow of 0
[2025-08-28 20:37:32.224] [warning] no flow specified for variable c2 in location all_off - assuming flow of 0
[2025-08-28 20:37:32.224] [warning] no flow specified for variable c2 in location v1_on - assuming flow of 0
[2025-08-28 20:37:32.224] [warning] no flow specified for variable c2 in location v1_block - assuming flow of 0
[2025-08-28 20:37:32.224] [warning] no flow specified for variable c2 in location v2_block - assuming flow of 0
[2025-08-28 20:37:32.224] [warning] no flow specified for variable c2 in location v2_block_v1_on - assuming flow of 0
[2025-08-28 20:37:32.224] [warning] no flow specified for variable c2 in location block_safe - assuming flow of 0
[2025-08-28 20:37:32.224] [warning] no flow specified for variable c2 in location block_unsafe - assuming flow of 0
[2025-08-28 20:37:32.224] [warning] no constraints specified for variable c1 in initial constraint number 0 - assuming [0,0]
[2025-08-28 20:37:32.224] [warning] no constraints specified for variable c2 in initial constraint number 0 - assuming [0,0]
[2025-08-28 20:37:32.224] [info] 1 Model creation: 0
[2025-08-28 20:37:32.225] [info] 2.0 Creating Unified Datastructure from SAC: 0
[2025-08-28 20:37:32.281] [info] runs 15187 | prob 0.645420425363798 | low 0.6354207000083786 | high 0.6554201507192173
[2025-08-28 20:37:32.331] [info] runs 15131 | prob 0.6482717599629899 | low 0.6382718931860644 | high 0.6582716267399155
[2025-08-28 20:37:32.331] [info] 2.1 Simulating on SAC: 106
[2025-08-28 20:37:32.331] [info] Analysis finished; the goal is not reachable.
[2025-08-28 20:37:32.331] [info] Probability: 0.0
[2025-08-28 20:37:32.331] [info] 2 Analysis: 106
[2025-08-28 20:37:32.331] [info] 0 Computation Time Complete: 106
[2025-08-28 20:37:32.331] [info] Counters and timers:
Counters:

Timers:
0 Computation Time Complete: 106
1 Model creation: 0
2 Analysis: 106
2.0 Creating Unified Datastructure from SAC: 0
2.1 Simulating on SAC: 106

timebound = 11, jump depth = 100, max expirations of random clocks = [{r1: 0}, {r2: 0}], combine absorbing locations in unrolling = 190, integration bound(s) = 11, integration samples = 500000, model = WATERTANK, model case = CASE_A, LTI analysis = rectangular analysis, scheduler = goal: MAXIMIZING, scope: PROPHETIC, history: HISTORY_DEPENDENT, multithreaded = 1, disableBackwardsRefinement = 0
simulating 0 runs after 20000 training runs with parameters:
learning rate                 0.1
discount factor               1
exploration rate              0.15
discretization method         UNIFORM_GRANULARITY
uniform granularity           0.25
adaptive compartments         5


[2025-08-28 20:37:32.341] [warning] no flow specified for variable c1 in location all_off - assuming flow of 0
[2025-08-28 20:37:32.341] [warning] no flow specified for variable c1 in location v2_on - assuming flow of 0
[2025-08-28 20:37:32.341] [warning] no flow specified for variable c1 in location v1_block - assuming flow of 0
[2025-08-28 20:37:32.341] [warning] no flow specified for variable c1 in location v2_block - assuming flow of 0
[2025-08-28 20:37:32.341] [warning] no flow specified for variable c1 in location v1_block_v2_on - assuming flow of 0
[2025-08-28 20:37:32.341] [warning] no flow specified for variable c1 in location block_safe - assuming flow of 0
[2025-08-28 20:37:32.341] [warning] no flow specified for variable c1 in location block_unsafe - assuming flow of 0
[2025-08-28 20:37:32.341] [warning] no flow specified for variable c2 in location all_off - assuming flow of 0
[2025-08-28 20:37:32.341] [warning] no flow specified for variable c2 in location v1_on - assuming flow of 0
[2025-08-28 20:37:32.341] [warning] no flow specified for variable c2 in location v1_block - assuming flow of 0
[2025-08-28 20:37:32.341] [warning] no flow specified for variable c2 in location v2_block - assuming flow of 0
[2025-08-28 20:37:32.341] [warning] no flow specified for variable c2 in location v2_block_v1_on - assuming flow of 0
[2025-08-28 20:37:32.341] [warning] no flow specified for variable c2 in location block_safe - assuming flow of 0
[2025-08-28 20:37:32.341] [warning] no flow specified for variable c2 in location block_unsafe - assuming flow of 0
[2025-08-28 20:37:32.341] [warning] no constraints specified for variable c1 in initial constraint number 0 - assuming [0,0]
[2025-08-28 20:37:32.341] [warning] no constraints specified for variable c2 in initial constraint number 0 - assuming [0,0]
[2025-08-28 20:37:32.341] [info] 1 Model creation: 0
[2025-08-28 20:37:32.341] [info] 2.0 Creating Unified Datastructure from SAC: 0
[2025-08-28 20:37:32.550] [info] runs 14317 | prob 0.6850597192149194 | low 0.675059761409948 | high 0.6950596770198908
[2025-08-28 20:37:32.578] [info] 2.1 Simulating on SAC: 236
[2025-08-28 20:37:32.578] [info] Analysis finished; the goal is not reachable.
[2025-08-28 20:37:32.578] [info] Probability: 0.0
[2025-08-28 20:37:32.578] [info] 2 Analysis: 237
[2025-08-28 20:37:32.578] [info] 0 Computation Time Complete: 237
[2025-08-28 20:37:32.578] [info] Counters and timers:
Counters:

Timers:
0 Computation Time Complete: 237
1 Model creation: 0
2 Analysis: 237
2.0 Creating Unified Datastructure from SAC: 0
2.1 Simulating on SAC: 236

timebound = 11, jump depth = 100, max expirations of random clocks = [{r1: 0}, {r2: 0}], combine absorbing locations in unrolling = 8, integration bound(s) = 11, integration samples = 500000, model = WATERTANK, model case = CASE_A, LTI analysis = rectangular analysis, scheduler = goal: MAXIMIZING, scope: PROPHETIC, history: HISTORY_DEPENDENT, multithreaded = 1, disableBackwardsRefinement = 0
simulating 0 runs after 1000000 training runs with parameters:
learning rate                 0.1
discount factor               1
exploration rate              0.15
discretization method         UNIFORM_GRANULARITY
uniform granularity           0.25
adaptive compartments         5


[2025-08-28 20:37:32.589] [warning] no flow specified for variable c1 in location all_off - assuming flow of 0
[2025-08-28 20:37:32.589] [warning] no flow specified for variable c1 in location v2_on - assuming flow of 0
[2025-08-28 20:37:32.589] [warning] no flow specified for variable c1 in location v1_block - assuming flow of 0
[2025-08-28 20:37:32.589] [warning] no flow specified for variable c1 in location v2_block - assuming flow of 0
[2025-08-28 20:37:32.589] [warning] no flow specified for variable c1 in location v1_block_v2_on - assuming flow of 0
[2025-08-28 20:37:32.589] [warning] no flow specified for variable c1 in location block_safe - assuming flow of 0
[2025-08-28 20:37:32.589] [warning] no flow specified for variable c1 in location block_unsafe - assuming flow of 0
[2025-08-28 20:37:32.589] [warning] no flow specified for variable c2 in location all_off - assuming flow of 0
[2025-08-28 20:37:32.589] [warning] no flow specified for variable c2 in location v1_on - assuming flow of 0
[2025-08-28 20:37:32.589] [warning] no flow specified for variable c2 in location v1_block - assuming flow of 0
[2025-08-28 20:37:32.589] [warning] no flow specified for variable c2 in location v2_block - assuming flow of 0
[2025-08-28 20:37:32.589] [warning] no flow specified for variable c2 in location v2_block_v1_on - assuming flow of 0
[2025-08-28 20:37:32.589] [warning] no flow specified for variable c2 in location block_safe - assuming flow of 0
[2025-08-28 20:37:32.589] [warning] no flow specified for variable c2 in location block_unsafe - assuming flow of 0
[2025-08-28 20:37:32.589] [warning] no constraints specified for variable c1 in initial constraint number 0 - assuming [0,0]
[2025-08-28 20:37:32.589] [warning] no constraints specified for variable c2 in initial constraint number 0 - assuming [0,0]
[2025-08-28 20:37:32.589] [info] 1 Model creation: 0
[2025-08-28 20:37:32.589] [info] 2.0 Creating Unified Datastructure from SAC: 0
[2025-08-28 20:37:39.178] [info] runs 12053 | prob 0.761470173400813 | low 0.7514702637759967 | high 0.7714700830256294
[2025-08-28 20:37:39.788] [info] 2.1 Simulating on SAC: 7199
[2025-08-28 20:37:39.788] [info] Analysis finished; the goal is not reachable.
[2025-08-28 20:37:39.789] [info] Probability: 0.0
[2025-08-28 20:37:39.789] [info] 2 Analysis: 7199
[2025-08-28 20:37:39.789] [info] 0 Computation Time Complete: 7199
[2025-08-28 20:37:39.789] [info] Counters and timers:
Counters:

Timers:
0 Computation Time Complete: 7199
1 Model creation: 0
2 Analysis: 7199
2.0 Creating Unified Datastructure from SAC: 0
2.1 Simulating on SAC: 7199

