timebound = 14, jump depth = 100, max expirations of random clocks = [{r1: 0}, {r2: 0}], combine absorbing locations in unrolling = 107, integration bound(s) = 14, integration samples = 500000, model = WATERTANK, model case = CASE_A, LTI analysis = rectangular analysis, scheduler = goal: MAXIMIZING, scope: PROPHETIC, history: HISTORY_DEPENDENT, multithreaded = 1, disableBackwardsRefinement = 0
simulating 0 runs after 1000000 training runs with parameters:
learning rate                 0.1
discount factor               1
exploration rate              0.15
discretization method         UNIFORM_GRANULARITY
uniform granularity           0.25
adaptive compartments         5


[2025-08-28 20:37:59.285] [warning] no flow specified for variable c1 in location all_off - assuming flow of 0
[2025-08-28 20:37:59.285] [warning] no flow specified for variable c1 in location v2_on - assuming flow of 0
[2025-08-28 20:37:59.285] [warning] no flow specified for variable c1 in location v1_block - assuming flow of 0
[2025-08-28 20:37:59.285] [warning] no flow specified for variable c1 in location v2_block - assuming flow of 0
[2025-08-28 20:37:59.285] [warning] no flow specified for variable c1 in location v1_block_v2_on - assuming flow of 0
[2025-08-28 20:37:59.285] [warning] no flow specified for variable c1 in location block_safe - assuming flow of 0
[2025-08-28 20:37:59.285] [warning] no flow specified for variable c1 in location block_unsafe - assuming flow of 0
[2025-08-28 20:37:59.285] [warning] no flow specified for variable c2 in location all_off - assuming flow of 0
[2025-08-28 20:37:59.285] [warning] no flow specified for variable c2 in location v1_on - assuming flow of 0
[2025-08-28 20:37:59.285] [warning] no flow specified for variable c2 in location v1_block - assuming flow of 0
[2025-08-28 20:37:59.285] [warning] no flow specified for variable c2 in location v2_block - assuming flow of 0
[2025-08-28 20:37:59.285] [warning] no flow specified for variable c2 in location v2_block_v1_on - assuming flow of 0
[2025-08-28 20:37:59.285] [warning] no flow specified for variable c2 in location block_safe - assuming flow of 0
[2025-08-28 20:37:59.285] [warning] no flow specified for variable c2 in location block_unsafe - assuming flow of 0
[2025-08-28 20:37:59.285] [warning] no constraints specified for variable c1 in initial constraint number 0 - assuming [0,0]
[2025-08-28 20:37:59.285] [warning] no constraints specified for variable c2 in initial constraint number 0 - assuming [0,0]
[2025-08-28 20:37:59.285] [info] 1 Model creation: 0
[2025-08-28 20:37:59.285] [info] 2.0 Creating Unified Datastructure from SAC: 0
[2025-08-28 20:38:05.403] [info] runs 6396 | prob 0.891963727329581 | low 0.8819648780000602 | high 0.9019625766591017
[2025-08-28 20:38:14.374] [info] runs 6828 | prob 0.8835676625659051 | low 0.8735686798650942 | high 0.893566645266716
[2025-08-28 20:38:18.408] [info] runs 7780 | prob 0.8643958868894601 | low 0.8543970648834547 | high 0.8743947088954656
[2025-08-28 20:38:22.014] [info] runs 7633 | prob 0.8674177911699201 | low 0.8574188269270906 | high 0.8774167554127497
[2025-08-28 20:38:22.051] [info] 2.1 Simulating on SAC: 22765
[2025-08-28 20:38:22.051] [info] Analysis finished; the goal is not reachable.
[2025-08-28 20:38:22.051] [info] Probability: 0.0
[2025-08-28 20:38:22.051] [info] 2 Analysis: 22765
[2025-08-28 20:38:22.051] [info] 0 Computation Time Complete: 22766
[2025-08-28 20:38:22.051] [info] Counters and timers:
Counters:

Timers:
0 Computation Time Complete: 22766
1 Model creation: 0
2 Analysis: 22765
2.0 Creating Unified Datastructure from SAC: 0
2.1 Simulating on SAC: 22765

