timebound = 20, jump depth = 100, max expirations of random clocks = [{r1: 0}, {r2: 0}], combine absorbing locations in unrolling = 223, integration bound(s) = 20, integration samples = 500000, model = WATERTANK, model case = CASE_A, LTI analysis = rectangular analysis, scheduler = goal: MAXIMIZING, scope: PROPHETIC, history: HISTORY_DEPENDENT, multithreaded = 1, disableBackwardsRefinement = 0
simulating 0 runs after 1000000 training runs with parameters:
learning rate                 0.1
discount factor               1
exploration rate              0.15
discretization method         UNIFORM_GRANULARITY
uniform granularity           0.25
adaptive compartments         5


[2025-08-28 20:39:15.247] [warning] no flow specified for variable c1 in location all_off - assuming flow of 0
[2025-08-28 20:39:15.247] [warning] no flow specified for variable c1 in location v2_on - assuming flow of 0
[2025-08-28 20:39:15.247] [warning] no flow specified for variable c1 in location v1_block - assuming flow of 0
[2025-08-28 20:39:15.247] [warning] no flow specified for variable c1 in location v2_block - assuming flow of 0
[2025-08-28 20:39:15.247] [warning] no flow specified for variable c1 in location v1_block_v2_on - assuming flow of 0
[2025-08-28 20:39:15.248] [warning] no flow specified for variable c1 in location block_safe - assuming flow of 0
[2025-08-28 20:39:15.248] [warning] no flow specified for variable c1 in location block_unsafe - assuming flow of 0
[2025-08-28 20:39:15.248] [warning] no flow specified for variable c2 in location all_off - assuming flow of 0
[2025-08-28 20:39:15.248] [warning] no flow specified for variable c2 in location v1_on - assuming flow of 0
[2025-08-28 20:39:15.248] [warning] no flow specified for variable c2 in location v1_block - assuming flow of 0
[2025-08-28 20:39:15.248] [warning] no flow specified for variable c2 in location v2_block - assuming flow of 0
[2025-08-28 20:39:15.248] [warning] no flow specified for variable c2 in location v2_block_v1_on - assuming flow of 0
[2025-08-28 20:39:15.248] [warning] no flow specified for variable c2 in location block_safe - assuming flow of 0
[2025-08-28 20:39:15.248] [warning] no flow specified for variable c2 in location block_unsafe - assuming flow of 0
[2025-08-28 20:39:15.248] [warning] no constraints specified for variable c1 in initial constraint number 0 - assuming [0,0]
[2025-08-28 20:39:15.248] [warning] no constraints specified for variable c2 in initial constraint number 0 - assuming [0,0]
[2025-08-28 20:39:15.248] [info] 1 Model creation: 0
[2025-08-28 20:39:15.248] [info] 2.0 Creating Unified Datastructure from SAC: 0
[2025-08-28 20:39:22.639] [info] runs 1000 | prob 0.985 | low 0.9750983036604832 | high 0.9949016963395168
[2025-08-28 20:39:34.453] [info] runs 1396 | prob 0.9785100286532952 | low 0.9685122456060832 | high 0.9885078117005072
[2025-08-28 20:39:39.356] [info] runs 1761 | prob 0.9727427597955707 | low 0.9627472229382732 | high 0.9827382966528682
[2025-08-28 20:39:43.518] [info] runs 1419 | prob 0.97815362931642 | low 0.9681571321901097 | high 0.9881501264427304
[2025-08-28 20:39:43.681] [info] 2.1 Simulating on SAC: 28433
[2025-08-28 20:39:43.681] [info] Analysis finished; the goal is not reachable.
[2025-08-28 20:39:43.681] [info] Probability: 0.0
[2025-08-28 20:39:43.681] [info] 2 Analysis: 28433
[2025-08-28 20:39:43.681] [info] 0 Computation Time Complete: 28433
[2025-08-28 20:39:43.681] [info] Counters and timers:
Counters:

Timers:
0 Computation Time Complete: 28433
1 Model creation: 0
2 Analysis: 28433
2.0 Creating Unified Datastructure from SAC: 0
2.1 Simulating on SAC: 28433

