timebound = 8, jump depth = 100, max expirations of random clocks = [{r1: 0}, {r2: 0}], combine absorbing locations in unrolling = 112, integration bound(s) = 8, integration samples = 500000, model = WATERTANK, model case = CASE_A, LTI analysis = rectangular analysis, scheduler = goal: MAXIMIZING, scope: PROPHETIC, history: HISTORY_DEPENDENT, multithreaded = 1, disableBackwardsRefinement = 0
simulating 0 runs after 5000 training runs with parameters:
learning rate                 0.1
discount factor               1
exploration rate              0.15
discretization method         UNIFORM_GRANULARITY
uniform granularity           0.25
adaptive compartments         5


[2025-08-28 20:37:15.386] [warning] no flow specified for variable c1 in location all_off - assuming flow of 0
[2025-08-28 20:37:15.386] [warning] no flow specified for variable c1 in location v2_on - assuming flow of 0
[2025-08-28 20:37:15.386] [warning] no flow specified for variable c1 in location v1_block - assuming flow of 0
[2025-08-28 20:37:15.386] [warning] no flow specified for variable c1 in location v2_block - assuming flow of 0
[2025-08-28 20:37:15.386] [warning] no flow specified for variable c1 in location v1_block_v2_on - assuming flow of 0
[2025-08-28 20:37:15.386] [warning] no flow specified for variable c1 in location block_safe - assuming flow of 0
[2025-08-28 20:37:15.386] [warning] no flow specified for variable c1 in location block_unsafe - assuming flow of 0
[2025-08-28 20:37:15.386] [warning] no flow specified for variable c2 in location all_off - assuming flow of 0
[2025-08-28 20:37:15.386] [warning] no flow specified for variable c2 in location v1_on - assuming flow of 0
[2025-08-28 20:37:15.386] [warning] no flow specified for variable c2 in location v1_block - assuming flow of 0
[2025-08-28 20:37:15.386] [warning] no flow specified for variable c2 in location v2_block - assuming flow of 0
[2025-08-28 20:37:15.386] [warning] no flow specified for variable c2 in location v2_block_v1_on - assuming flow of 0
[2025-08-28 20:37:15.386] [warning] no flow specified for variable c2 in location block_safe - assuming flow of 0
[2025-08-28 20:37:15.386] [warning] no flow specified for variable c2 in location block_unsafe - assuming flow of 0
[2025-08-28 20:37:15.386] [warning] no constraints specified for variable c1 in initial constraint number 0 - assuming [0,0]
[2025-08-28 20:37:15.386] [warning] no constraints specified for variable c2 in initial constraint number 0 - assuming [0,0]
[2025-08-28 20:37:15.386] [info] 1 Model creation: 0
[2025-08-28 20:37:15.386] [info] 2.0 Creating Unified Datastructure from SAC: 0
[2025-08-28 20:37:15.425] [info] runs 16488 | prob 0.5393013100436681 | low 0.5293016301997141 | high 0.5493009898876221
[2025-08-28 20:37:15.460] [info] runs 16543 | prob 0.5265066795623526 | low 0.5165067349429336 | high 0.5365066241817716
[2025-08-28 20:37:15.460] [info] 2.1 Simulating on SAC: 73
[2025-08-28 20:37:15.460] [info] Analysis finished; the goal is not reachable.
[2025-08-28 20:37:15.460] [info] Probability: 0.0
[2025-08-28 20:37:15.460] [info] 2 Analysis: 74
[2025-08-28 20:37:15.460] [info] 0 Computation Time Complete: 74
[2025-08-28 20:37:15.460] [info] Counters and timers:
Counters:

Timers:
0 Computation Time Complete: 74
1 Model creation: 0
2 Analysis: 74
2.0 Creating Unified Datastructure from SAC: 0
2.1 Simulating on SAC: 73

timebound = 8, jump depth = 100, max expirations of random clocks = [{r1: 0}, {r2: 0}], combine absorbing locations in unrolling = 171, integration bound(s) = 8, integration samples = 500000, model = WATERTANK, model case = CASE_A, LTI analysis = rectangular analysis, scheduler = goal: MAXIMIZING, scope: PROPHETIC, history: HISTORY_DEPENDENT, multithreaded = 1, disableBackwardsRefinement = 0
simulating 0 runs after 20000 training runs with parameters:
learning rate                 0.1
discount factor               1
exploration rate              0.15
discretization method         UNIFORM_GRANULARITY
uniform granularity           0.25
adaptive compartments         5


[2025-08-28 20:37:15.470] [warning] no flow specified for variable c1 in location all_off - assuming flow of 0
[2025-08-28 20:37:15.471] [warning] no flow specified for variable c1 in location v2_on - assuming flow of 0
[2025-08-28 20:37:15.471] [warning] no flow specified for variable c1 in location v1_block - assuming flow of 0
[2025-08-28 20:37:15.471] [warning] no flow specified for variable c1 in location v2_block - assuming flow of 0
[2025-08-28 20:37:15.471] [warning] no flow specified for variable c1 in location v1_block_v2_on - assuming flow of 0
[2025-08-28 20:37:15.471] [warning] no flow specified for variable c1 in location block_safe - assuming flow of 0
[2025-08-28 20:37:15.471] [warning] no flow specified for variable c1 in location block_unsafe - assuming flow of 0
[2025-08-28 20:37:15.471] [warning] no flow specified for variable c2 in location all_off - assuming flow of 0
[2025-08-28 20:37:15.471] [warning] no flow specified for variable c2 in location v1_on - assuming flow of 0
[2025-08-28 20:37:15.471] [warning] no flow specified for variable c2 in location v1_block - assuming flow of 0
[2025-08-28 20:37:15.471] [warning] no flow specified for variable c2 in location v2_block - assuming flow of 0
[2025-08-28 20:37:15.471] [warning] no flow specified for variable c2 in location v2_block_v1_on - assuming flow of 0
[2025-08-28 20:37:15.471] [warning] no flow specified for variable c2 in location block_safe - assuming flow of 0
[2025-08-28 20:37:15.471] [warning] no flow specified for variable c2 in location block_unsafe - assuming flow of 0
[2025-08-28 20:37:15.471] [warning] no constraints specified for variable c1 in initial constraint number 0 - assuming [0,0]
[2025-08-28 20:37:15.471] [warning] no constraints specified for variable c2 in initial constraint number 0 - assuming [0,0]
[2025-08-28 20:37:15.471] [info] 1 Model creation: 0
[2025-08-28 20:37:15.471] [info] 2.0 Creating Unified Datastructure from SAC: 0
[2025-08-28 20:37:15.631] [info] runs 16477 | prob 0.45882138738848094 | low 0.4488214120904676 | high 0.46882136268649427
[2025-08-28 20:37:15.640] [info] 2.1 Simulating on SAC: 169
[2025-08-28 20:37:15.641] [info] Analysis finished; the goal is not reachable.
[2025-08-28 20:37:15.641] [info] Probability: 0.0
[2025-08-28 20:37:15.641] [info] 2 Analysis: 169
[2025-08-28 20:37:15.641] [info] 0 Computation Time Complete: 170
[2025-08-28 20:37:15.641] [info] Counters and timers:
Counters:

Timers:
0 Computation Time Complete: 170
1 Model creation: 0
2 Analysis: 169
2.0 Creating Unified Datastructure from SAC: 0
2.1 Simulating on SAC: 169

timebound = 8, jump depth = 100, max expirations of random clocks = [{r1: 0}, {r2: 0}], combine absorbing locations in unrolling = 28, integration bound(s) = 8, integration samples = 500000, model = WATERTANK, model case = CASE_A, LTI analysis = rectangular analysis, scheduler = goal: MAXIMIZING, scope: PROPHETIC, history: HISTORY_DEPENDENT, multithreaded = 1, disableBackwardsRefinement = 0
simulating 0 runs after 1000000 training runs with parameters:
learning rate                 0.1
discount factor               1
exploration rate              0.15
discretization method         UNIFORM_GRANULARITY
uniform granularity           0.25
adaptive compartments         5


[2025-08-28 20:37:15.652] [warning] no flow specified for variable c1 in location all_off - assuming flow of 0
[2025-08-28 20:37:15.652] [warning] no flow specified for variable c1 in location v2_on - assuming flow of 0
[2025-08-28 20:37:15.652] [warning] no flow specified for variable c1 in location v1_block - assuming flow of 0
[2025-08-28 20:37:15.652] [warning] no flow specified for variable c1 in location v2_block - assuming flow of 0
[2025-08-28 20:37:15.652] [warning] no flow specified for variable c1 in location v1_block_v2_on - assuming flow of 0
[2025-08-28 20:37:15.652] [warning] no flow specified for variable c1 in location block_safe - assuming flow of 0
[2025-08-28 20:37:15.652] [warning] no flow specified for variable c1 in location block_unsafe - assuming flow of 0
[2025-08-28 20:37:15.652] [warning] no flow specified for variable c2 in location all_off - assuming flow of 0
[2025-08-28 20:37:15.652] [warning] no flow specified for variable c2 in location v1_on - assuming flow of 0
[2025-08-28 20:37:15.652] [warning] no flow specified for variable c2 in location v1_block - assuming flow of 0
[2025-08-28 20:37:15.652] [warning] no flow specified for variable c2 in location v2_block - assuming flow of 0
[2025-08-28 20:37:15.652] [warning] no flow specified for variable c2 in location v2_block_v1_on - assuming flow of 0
[2025-08-28 20:37:15.652] [warning] no flow specified for variable c2 in location block_safe - assuming flow of 0
[2025-08-28 20:37:15.652] [warning] no flow specified for variable c2 in location block_unsafe - assuming flow of 0
[2025-08-28 20:37:15.653] [warning] no constraints specified for variable c1 in initial constraint number 0 - assuming [0,0]
[2025-08-28 20:37:15.653] [warning] no constraints specified for variable c2 in initial constraint number 0 - assuming [0,0]
[2025-08-28 20:37:15.653] [info] 1 Model creation: 0
[2025-08-28 20:37:15.653] [info] 2.0 Creating Unified Datastructure from SAC: 0
[2025-08-28 20:37:19.897] [info] runs 15851 | prob 0.6055138477067693 | low 0.5955139525459587 | high 0.6155137428675799
[2025-08-28 20:37:20.038] [info] 2.1 Simulating on SAC: 4384
[2025-08-28 20:37:20.038] [info] Analysis finished; the goal is not reachable.
[2025-08-28 20:37:20.038] [info] Probability: 0.0
[2025-08-28 20:37:20.038] [info] 2 Analysis: 4384
[2025-08-28 20:37:20.038] [info] 0 Computation Time Complete: 4385
[2025-08-28 20:37:20.038] [info] Counters and timers:
Counters:

Timers:
0 Computation Time Complete: 4385
1 Model creation: 0
2 Analysis: 4384
2.0 Creating Unified Datastructure from SAC: 0
2.1 Simulating on SAC: 4384

