timebound = 14, jump depth = 256, max expirations of random clocks = [{r1: 10}, {r2: 10}], combine absorbing locations in unrolling = 17, integration bound(s) = 14, integration samples = 500000, model = WATERTANK, model case = CASE_A, LTI analysis = rectangular analysis, scheduler = goal: MAXIMIZING, scope: PROPHETIC, history: HISTORY_DEPENDENT, multithreaded = 1, disableBackwardsRefinement = 0
simulating 1000000 runs after 1000000 training runs with parameters:
learning rate                 0.1
discount factor               0.99
exploration rate              0.1
discretization method         UNIFORM_GRANULARITY
uniform granularity           0.25
adaptive compartments         5


[2025-08-28 09:59:11.095] [warning] no flow specified for variable c1 in location all_off - assuming flow of 0
[2025-08-28 09:59:11.095] [warning] no flow specified for variable c1 in location v2_on - assuming flow of 0
[2025-08-28 09:59:11.095] [warning] no flow specified for variable c1 in location v1_block - assuming flow of 0
[2025-08-28 09:59:11.095] [warning] no flow specified for variable c1 in location v2_block - assuming flow of 0
[2025-08-28 09:59:11.095] [warning] no flow specified for variable c1 in location v1_block_v2_on - assuming flow of 0
[2025-08-28 09:59:11.095] [warning] no flow specified for variable c1 in location block_safe - assuming flow of 0
[2025-08-28 09:59:11.095] [warning] no flow specified for variable c1 in location block_unsafe - assuming flow of 0
[2025-08-28 09:59:11.095] [warning] no flow specified for variable c2 in location all_off - assuming flow of 0
[2025-08-28 09:59:11.095] [warning] no flow specified for variable c2 in location v1_on - assuming flow of 0
[2025-08-28 09:59:11.095] [warning] no flow specified for variable c2 in location v1_block - assuming flow of 0
[2025-08-28 09:59:11.095] [warning] no flow specified for variable c2 in location v2_block - assuming flow of 0
[2025-08-28 09:59:11.095] [warning] no flow specified for variable c2 in location v2_block_v1_on - assuming flow of 0
[2025-08-28 09:59:11.095] [warning] no flow specified for variable c2 in location block_safe - assuming flow of 0
[2025-08-28 09:59:11.095] [warning] no flow specified for variable c2 in location block_unsafe - assuming flow of 0
[2025-08-28 09:59:11.111] [warning] no constraints specified for variable c1 in initial constraint number 0 - assuming [0,0]
[2025-08-28 09:59:11.111] [warning] no constraints specified for variable c2 in initial constraint number 0 - assuming [0,0]
[2025-08-28 09:59:11.112] [info] 1 Model creation: 17
[2025-08-28 09:59:11.118] [info] 2.0 Creating Unified Datastructure from SAC: 0
[2025-08-28 10:00:11.367] [info] 2.1 Simulating on SAC: 60249
[2025-08-28 10:00:11.368] [info] Analysis finished; the goal is not reachable.
[2025-08-28 10:00:11.368] [info] Probability: 0.0
[2025-08-28 10:00:11.368] [info] 2 Analysis: 60256
[2025-08-28 10:00:11.368] [info] 0 Computation Time Complete: 60273
[2025-08-28 10:00:11.368] [info] Counters and timers:
Counters:

Timers:
0 Computation Time Complete: 60273
1 Model creation: 17
2 Analysis: 60256
2.0 Creating Unified Datastructure from SAC: 0
2.1 Simulating on SAC: 60249

