timebound = 10, jump depth = 100, max expirations of random clocks = [{r1: 0}, {r2: 0}], combine absorbing locations in unrolling = 255, integration bound(s) = 10, integration samples = 500000, model = WATERTANK, model case = CASE_A, LTI analysis = rectangular analysis, scheduler = goal: MAXIMIZING, scope: SEMIPROPHETIC, history: HISTORY_DEPENDENT, multithreaded = 1, disableBackwardsRefinement = 0
simulating 0 runs after 100000 training runs with parameters:
learning rate                 0.1
discount factor               1
exploration rate              0.15
uniform granularity           0.5
adaptive compartments         5


[2026-04-08 13:23:35.771] [warning] no flow specified for variable c1 in location all_off - assuming flow of 0
[2026-04-08 13:23:35.771] [warning] no flow specified for variable c1 in location v2_on - assuming flow of 0
[2026-04-08 13:23:35.771] [warning] no flow specified for variable c1 in location v1_block - assuming flow of 0
[2026-04-08 13:23:35.771] [warning] no flow specified for variable c1 in location v2_block - assuming flow of 0
[2026-04-08 13:23:35.771] [warning] no flow specified for variable c1 in location v1_block_v2_on - assuming flow of 0
[2026-04-08 13:23:35.771] [warning] no flow specified for variable c1 in location block_safe - assuming flow of 0
[2026-04-08 13:23:35.771] [warning] no flow specified for variable c1 in location block_unsafe - assuming flow of 0
[2026-04-08 13:23:35.771] [warning] no flow specified for variable c2 in location all_off - assuming flow of 0
[2026-04-08 13:23:35.771] [warning] no flow specified for variable c2 in location v1_on - assuming flow of 0
[2026-04-08 13:23:35.771] [warning] no flow specified for variable c2 in location v1_block - assuming flow of 0
[2026-04-08 13:23:35.771] [warning] no flow specified for variable c2 in location v2_block - assuming flow of 0
[2026-04-08 13:23:35.771] [warning] no flow specified for variable c2 in location v2_block_v1_on - assuming flow of 0
[2026-04-08 13:23:35.771] [warning] no flow specified for variable c2 in location block_safe - assuming flow of 0
[2026-04-08 13:23:35.771] [warning] no flow specified for variable c2 in location block_unsafe - assuming flow of 0
[2026-04-08 13:23:35.771] [warning] no constraints specified for variable c1 in initial constraint number 0 - assuming [0,0]
[2026-04-08 13:23:35.771] [warning] no constraints specified for variable c2 in initial constraint number 0 - assuming [0,0]
[2026-04-08 13:23:35.771] [info] 1 Model creation: 0
[2026-04-08 13:23:35.771] [info] 2.0 Creating Unified Datastructure from SAC: 0
[2026-04-08 13:23:36.256] [info] runs 16505 | prob 0.46428355043926084 | low 0.4542836141342824 | high 0.47428348674423926
[2026-04-08 13:23:36.770] [info] runs 16454 | prob 0.45478303148170657 | low 0.44478310239688806 | high 0.46478296056652507
[2026-04-08 13:23:37.279] [info] runs 16456 | prob 0.45515313563441906 | low 0.44515314215597357 | high 0.46515312911286455
[2026-04-08 13:23:33.064] [info] runs 16478 | prob 0.45885422988226726 | low 0.44885450358088697 | high 0.46885395618364756
[2026-04-08 13:23:33.566] [info] runs 16447 | prob 0.45351735878883687 | low 0.44351764302731234 | high 0.4635170745503614
[2026-04-08 13:23:34.067] [info] runs 16454 | prob 0.45466148049106603 | low 0.44466177336455603 | high 0.464661187617576
[2026-04-08 13:23:34.567] [info] runs 16474 | prob 0.4581765205778803 | low 0.44817671276786103 | high 0.4681763283878995
[2026-04-08 13:23:35.068] [info] runs 16472 | prob 0.4578071879553181 | low 0.4478073981019897 | high 0.4678069778086465
[2026-04-08 13:23:35.568] [info] runs 16478 | prob 0.4589756038354169 | low 0.44897567671521604 | high 0.4689755309556178
[2026-04-08 13:23:36.071] [info] runs 16492 | prob 0.4616783895221926 | low 0.4516783923756099 | high 0.47167838666877526
[2026-04-08 13:23:36.570] [info] runs 16419 | prob 0.4492965466837201 | low 0.4392965939447926 | high 0.4592964994226476
[2026-04-08 13:23:37.071] [info] runs 16465 | prob 0.45660491952626786 | low 0.4466050775865151 | high 0.46660476146602065
[2026-04-08 13:23:37.570] [info] runs 16464 | prob 0.45638969873663754 | low 0.44638993047574377 | high 0.4663894669975313
[2026-04-08 13:23:38.071] [info] runs 16460 | prob 0.455771567436209 | low 0.44577167861970945 | high 0.46577145625270855
[2026-04-08 13:23:38.569] [info] runs 16478 | prob 0.4589756038354169 | low 0.44897567671521604 | high 0.4689755309556178
[2026-04-08 13:23:39.067] [info] runs 16462 | prob 0.45608067063540275 | low 0.4460808401121169 | high 0.4660805011586886
[2026-04-08 13:23:39.573] [info] runs 16484 | prob 0.4600825042465421 | low 0.4500825936924453 | high 0.47008241480063895
[2026-04-08 13:23:40.081] [info] runs 16416 | prob 0.4487694931773879 | low 0.4387697125520673 | high 0.4587692738027085
[2026-04-08 13:23:40.596] [info] runs 16453 | prob 0.45462833525800767 | low 0.4446283848800494 | high 0.4646282856359659
[2026-04-08 13:23:41.126] [info] runs 16488 | prob 0.4608199902959728 | low 0.45082011888012097 | high 0.47081986171182466
[2026-04-08 13:23:41.638] [info] runs 16475 | prob 0.4583308042488619 | low 0.44833104049755057 | high 0.46833056800017325
[2026-04-08 13:23:42.144] [info] runs 16451 | prob 0.4541973132332381 | low 0.44419754757533414 | high 0.46419707889114203
[2026-04-08 13:23:42.640] [info] runs 16437 | prob 0.45196812070329134 | low 0.4419683188644674 | high 0.4619679225421153
[2026-04-08 13:23:43.139] [info] runs 16488 | prob 0.4608199902959728 | low 0.45082011888012097 | high 0.47081986171182466
[2026-04-08 13:23:43.638] [info] runs 16455 | prob 0.45493770890306895 | low 0.4449378021080823 | high 0.4649376156980556
[2026-04-08 13:23:43.675] [info] RESULT:
training_time, simulation_time, prob, low, high, runs
425, 58, 0.46428355043926084, 0.4542836141342824, 0.47428348674423926, 16505
440, 58, 0.45478303148170657, 0.44478310239688806, 0.46478296056652507, 16454
409, 56, 0.45515313563441906, 0.44515314215597357, 0.46515312911286455, 16456
413, 57, 0.45885422988226726, 0.44885450358088697, 0.46885395618364756, 16478
405, 56, 0.45351735878883687, 0.44351764302731234, 0.4635170745503614, 16447
407, 57, 0.45466148049106603, 0.44466177336455603, 0.464661187617576, 16454
406, 57, 0.4581765205778803, 0.44817671276786103, 0.4681763283878995, 16474
407, 57, 0.4578071879553181, 0.4478073981019897, 0.4678069778086465, 16472
407, 56, 0.4589756038354169, 0.44897567671521604, 0.4689755309556178, 16478
410, 57, 0.4616783895221926, 0.4516783923756099, 0.47167838666877526, 16492
406, 56, 0.4492965466837201, 0.4392965939447926, 0.4592964994226476, 16419
408, 57, 0.45660491952626786, 0.4466050775865151, 0.46660476146602065, 16465
406, 57, 0.45638969873663754, 0.44638993047574377, 0.4663894669975313, 16464
407, 57, 0.455771567436209, 0.44577167861970945, 0.46577145625270855, 16460
406, 56, 0.4589756038354169, 0.44897567671521604, 0.4689755309556178, 16478
412, 57, 0.45608067063540275, 0.4460808401121169, 0.4660805011586886, 16462
413, 57, 0.4600825042465421, 0.4500825936924453, 0.47008241480063895, 16484
407, 63, 0.4487694931773879, 0.4387697125520673, 0.4587692738027085, 16416
409, 69, 0.45462833525800767, 0.4446283848800494, 0.4646282856359659, 16453
427, 56, 0.4608199902959728, 0.45082011888012097, 0.47081986171182466, 16488
416, 59, 0.4583308042488619, 0.44833104049755057, 0.46833056800017325, 16475
405, 56, 0.4541973132332381, 0.44419754757533414, 0.46419707889114203, 16451
404, 56, 0.45196812070329134, 0.4419683188644674, 0.4619679225421153, 16437
406, 56, 0.4608199902959728, 0.45082011888012097, 0.47081986171182466, 16488
407, 57, 0.45493770890306895, 0.4449378021080823, 0.4649376156980556, 16455
# timestamp 08.04.2026 13:23:35 (1775647415), datastructure SAC
# timebound 10, expirations {"r1": 0, "r2": 0}
# alpha 0.1, gamma 1
# fixed points 5, uniform granularity 0.5
# scheduler goal: MINIMIZING, scope: SEMIPROPHETIC, history: DISCRETE_HISTORY
# training runs 100000

[2026-04-08 13:23:44.127] [info] runs 16437 | prob 0.5480927176492061 | low 0.5380930338593822 | high 0.5580924014390299
[2026-04-08 13:23:44.626] [info] runs 16411 | prob 0.5518859301687892 | low 0.5418859926353057 | high 0.5618858677022727
[2026-04-08 13:23:45.121] [info] runs 16424 | prob 0.55004870920604 | low 0.5400489459906321 | high 0.5600484724214478
[2026-04-08 13:23:45.615] [info] runs 16443 | prob 0.547041294167731 | low 0.5370414164036876 | high 0.5570411719317743
[2026-04-08 13:23:46.105] [info] runs 16432 | prob 0.5488072054527751 | low 0.5388073982776805 | high 0.5588070126278696
[2026-04-08 13:23:46.598] [info] runs 16483 | prob 0.5400715889097858 | low 0.5300716231252351 | high 0.5500715546943364
[2026-04-08 13:23:47.093] [info] runs 16445 | prob 0.5467923380966859 | low 0.5367925970953014 | high 0.5567920790980705
[2026-04-08 13:23:47.587] [info] runs 16458 | prob 0.5445983716125896 | low 0.5345985376619236 | high 0.5545982055632557
[2026-04-08 13:23:48.078] [info] runs 16416 | prob 0.5512914230019493 | low 0.5412917686047377 | high 0.561291077399161
[2026-04-08 13:23:48.567] [info] runs 16419 | prob 0.5507034533162799 | low 0.5407035005773524 | high 0.5607034060552074
[2026-04-08 13:23:49.064] [info] runs 16452 | prob 0.5455263797714563 | low 0.5355264090975841 | high 0.5555263504453286
[2026-04-08 13:23:49.559] [info] runs 16437 | prob 0.5480318792967086 | low 0.5380320774578847 | high 0.5580316811355325
[2026-04-08 13:23:50.051] [info] runs 16403 | prob 0.5530085959885387 | low 0.5430086019070496 | high 0.5630085900700278
[2026-04-08 13:23:50.543] [info] runs 16463 | prob 0.5437648059284456 | low 0.5337650060404727 | high 0.5537646058164184
[2026-04-08 13:23:51.038] [info] runs 16442 | prob 0.5471962048412602 | low 0.5371963175713278 | high 0.5571960921111926
[2026-04-08 13:23:51.529] [info] runs 16427 | prob 0.5495830035916479 | low 0.5395832163058867 | high 0.5595827908774091
[2026-04-08 13:23:52.023] [info] runs 16415 | prob 0.5513250076149863 | low 0.5413251182931537 | high 0.5613248969368189
[2026-04-08 13:23:52.515] [info] runs 16443 | prob 0.5471021103205012 | low 0.5371023480871366 | high 0.5571018725538657
[2026-04-08 13:23:53.005] [info] runs 16395 | prob 0.5542543458371455 | low 0.5442546161444052 | high 0.5642540755298858
[2026-04-08 13:23:53.489] [info] runs 16401 | prob 0.5533808914090604 | low 0.5433810888793303 | high 0.5633806939387905
[2026-04-08 13:23:53.982] [info] runs 16415 | prob 0.5513859275053304 | low 0.541386164658351 | high 0.5613856903523099
[2026-04-08 13:23:54.480] [info] runs 16413 | prob 0.5516968256869554 | low 0.541697101451919 | high 0.5616965499219919
[2026-04-08 13:23:54.970] [info] runs 16423 | prob 0.5500822017901723 | low 0.5400822018879178 | high 0.5600822016924268
[2026-04-08 13:23:55.458] [info] runs 16401 | prob 0.5533808914090604 | low 0.5433810888793303 | high 0.5633806939387905
[2026-04-08 13:23:55.941] [info] runs 16427 | prob 0.5495221282035673 | low 0.5395222190615184 | high 0.5595220373456161
[2026-04-08 13:23:55.981] [info] RESULT:
training_time, simulation_time, prob, low, high, runs
397, 54, 0.5480927176492061, 0.5380930338593822, 0.5580924014390299, 16437
405, 53, 0.5518859301687892, 0.5418859926353057, 0.5618858677022727, 16411
402, 53, 0.55004870920604, 0.5400489459906321, 0.5600484724214478, 16424
399, 54, 0.547041294167731, 0.5370414164036876, 0.5570411719317743, 16443
398, 52, 0.5488072054527751, 0.5388073982776805, 0.5588070126278696, 16432
398, 54, 0.5400715889097858, 0.5300716231252351, 0.5500715546943364, 16483
402, 53, 0.5467923380966859, 0.5367925970953014, 0.5567920790980705, 16445
400, 54, 0.5445983716125896, 0.5345985376619236, 0.5545982055632557, 16458
399, 52, 0.5512914230019493, 0.5412917686047377, 0.561291077399161, 16416
397, 52, 0.5507034533162799, 0.5407035005773524, 0.5607034060552074, 16419
402, 53, 0.5455263797714563, 0.5355264090975841, 0.5555263504453286, 16452
400, 54, 0.5480318792967086, 0.5380320774578847, 0.5580316811355325, 16437
399, 52, 0.5530085959885387, 0.5430086019070496, 0.5630085900700278, 16403
398, 53, 0.5437648059284456, 0.5337650060404727, 0.5537646058164184, 16463
401, 54, 0.5471962048412602, 0.5371963175713278, 0.5571960921111926, 16442
399, 52, 0.5495830035916479, 0.5395832163058867, 0.5595827908774091, 16427
400, 54, 0.5513250076149863, 0.5413251182931537, 0.5613248969368189, 16415
399, 53, 0.5471021103205012, 0.5371023480871366, 0.5571018725538657, 16443
397, 52, 0.5542543458371455, 0.5442546161444052, 0.5642540755298858, 16395
396, 52, 0.5533808914090604, 0.5433810888793303, 0.5633806939387905, 16401
400, 53, 0.5513859275053304, 0.541386164658351, 0.5613856903523099, 16415
404, 54, 0.5516968256869554, 0.541697101451919, 0.5616965499219919, 16413
396, 53, 0.5500822017901723, 0.5400822018879178, 0.5600822016924268, 16423
395, 52, 0.5533808914090604, 0.5433810888793303, 0.5633806939387905, 16401
396, 52, 0.5495221282035673, 0.5395222190615184, 0.5595220373456161, 16427
# timestamp 08.04.2026 13:23:35 (1775647415), datastructure SAC
# timebound 10, expirations {"r1": 0, "r2": 0}
# alpha 0.1, gamma 1
# fixed points 5, uniform granularity 0.5
# scheduler goal: MAXIMIZING, scope: SEMIPROPHETIC, history: DISCRETE_HISTORY
# training runs 100000

[2026-04-08 13:23:55.981] [info] 2.1 Simulating on SAC: 20209
[2026-04-08 13:23:55.981] [info] Analysis finished; the goal is not reachable.
[2026-04-08 13:23:55.981] [info] Probability: 0.0
[2026-04-08 13:23:55.981] [info] 2 Analysis: 20209
[2026-04-08 13:23:55.981] [info] 0 Computation Time Complete: 20209
[2026-04-08 13:23:55.981] [info] Counters and timers:
Counters:

Timers:
0 Computation Time Complete: 20209
1 Model creation: 0
2 Analysis: 20209
2.0 Creating Unified Datastructure from SAC: 0
2.1 Simulating on SAC: 20209

timebound = 10, jump depth = 100, max expirations of random clocks = [{r1: 0}, {r2: 0}], combine absorbing locations in unrolling = 60, integration bound(s) = 10, integration samples = 500000, model = WATERTANK, model case = CASE_E, LTI analysis = rectangular analysis, scheduler = goal: MAXIMIZING, scope: SEMIPROPHETIC, history: HISTORY_DEPENDENT, multithreaded = 1, disableBackwardsRefinement = 0
simulating 0 runs after 100000 training runs with parameters:
learning rate                 0.1
discount factor               1
exploration rate              0.15
uniform granularity           0.5
adaptive compartments         5


[2026-04-14 20:32:39.449] [warning] no flow specified for variable c1 in location all_off - assuming flow of 0
[2026-04-14 20:32:39.449] [warning] no flow specified for variable c1 in location v2_on - assuming flow of 0
[2026-04-14 20:32:39.449] [warning] no flow specified for variable c1 in location v1_block - assuming flow of 0
[2026-04-14 20:32:39.449] [warning] no flow specified for variable c1 in location v2_block - assuming flow of 0
[2026-04-14 20:32:39.449] [warning] no flow specified for variable c1 in location v1_block_v2_on - assuming flow of 0
[2026-04-14 20:32:39.449] [warning] no flow specified for variable c1 in location block_safe - assuming flow of 0
[2026-04-14 20:32:39.449] [warning] no flow specified for variable c1 in location block_unsafe - assuming flow of 0
[2026-04-14 20:32:39.449] [warning] no flow specified for variable c2 in location all_off - assuming flow of 0
[2026-04-14 20:32:39.449] [warning] no flow specified for variable c2 in location v1_on - assuming flow of 0
[2026-04-14 20:32:39.449] [warning] no flow specified for variable c2 in location v1_block - assuming flow of 0
[2026-04-14 20:32:39.449] [warning] no flow specified for variable c2 in location v2_block - assuming flow of 0
[2026-04-14 20:32:39.449] [warning] no flow specified for variable c2 in location v2_block_v1_on - assuming flow of 0
[2026-04-14 20:32:39.449] [warning] no flow specified for variable c2 in location block_safe - assuming flow of 0
[2026-04-14 20:32:39.449] [warning] no flow specified for variable c2 in location block_unsafe - assuming flow of 0
[2026-04-14 20:32:39.450] [warning] no constraints specified for variable c1 in initial constraint number 0 - assuming [0,0]
[2026-04-14 20:32:39.450] [warning] no constraints specified for variable c2 in initial constraint number 0 - assuming [0,0]
[2026-04-14 20:32:39.450] [info] 1 Model creation: 0
[2026-04-14 20:32:39.450] [info] 2.0 Creating Unified Datastructure from SAC: 0
[2026-04-14 20:32:39.943] [info] runs 16544 | prob 0.4735855899419729 | low 0.4635858496185073 | high 0.48358533026543854
[2026-04-14 20:32:40.474] [info] runs 16538 | prob 0.4719434030717136 | low 0.46194364343393823 | high 0.481943162709489
[2026-04-14 20:32:40.994] [info] runs 16505 | prob 0.46422296273856406 | low 0.45422311351025324 | high 0.4742228119668749
[2026-04-14 20:32:41.517] [info] runs 16494 | prob 0.4619255486843701 | low 0.4519257779962552 | high 0.47192531937248494
[2026-04-14 20:32:42.037] [info] runs 16551 | prob 0.4756812277203794 | low 0.46568147065652077 | high 0.48568098478423805
[2026-04-14 20:32:42.557] [info] runs 16504 | prob 0.46400872515753755 | low 0.45400888208294304 | high 0.47400856823213205
[2026-04-14 20:32:43.076] [info] runs 16514 | prob 0.46614993338985106 | low 0.45615011339440764 | high 0.47614975338529447
[2026-04-14 20:32:43.596] [info] runs 16495 | prob 0.4620794180054562 | low 0.45207971522233176 | high 0.47207912078858066
[2026-04-14 20:32:44.118] [info] runs 16542 | prob 0.4732196832305646 | low 0.46321972881596973 | high 0.4832196376451595
[2026-04-14 20:32:44.637] [info] runs 16562 | prob 0.479410699190919 | low 0.46941090760260856 | high 0.48941049077922943
[2026-04-14 20:32:45.156] [info] runs 16533 | prob 0.4707554587794109 | low 0.4607555531433786 | high 0.48075536441544314
[2026-04-14 20:32:45.675] [info] runs 16529 | prob 0.46978038598826305 | low 0.45978043425811416 | high 0.47978033771841194
[2026-04-14 20:32:46.194] [info] runs 16478 | prob 0.4589149168588421 | low 0.4489150900733898 | high 0.4689147436442944
[2026-04-14 20:32:46.711] [info] runs 16495 | prob 0.46226129130039406 | low 0.45226131172911527 | high 0.47226127087167286
[2026-04-14 20:32:47.231] [info] runs 16567 | prob 0.4814993662099354 | low 0.4714994484519261 | high 0.4914992839679447
[2026-04-14 20:32:47.749] [info] runs 16498 | prob 0.46278336768093103 | low 0.45278351032196623 | high 0.47278322503989584
[2026-04-14 20:32:48.268] [info] runs 16580 | prob 0.48787696019300364 | low 0.4778770544255104 | high 0.4978768659604969
[2026-04-14 20:32:48.785] [info] runs 16541 | prob 0.47288555710053803 | low 0.4628856616176068 | high 0.48288545258346927
[2026-04-14 20:32:49.303] [info] runs 16557 | prob 0.47762275774596846 | low 0.4676229957294637 | high 0.4876225197624732
[2026-04-14 20:32:49.826] [info] runs 16543 | prob 0.47349332043764736 | low 0.4634933758182283 | high 0.4834932650570664
[2026-04-14 20:32:50.345] [info] runs 16517 | prob 0.46685233395895137 | low 0.45685247677270263 | high 0.4768521911452001
[2026-04-14 20:32:50.866] [info] runs 16493 | prob 0.46177166070454134 | low 0.4517718230849457 | high 0.471771498324137
[2026-04-14 20:32:51.407] [info] runs 16557 | prob 0.4775623603309778 | low 0.4675626525560359 | high 0.48756206810591973
[2026-04-14 20:32:51.931] [info] runs 16535 | prob 0.4712428182642879 | low 0.4612429501798379 | high 0.48124268634873785
[2026-04-14 20:32:52.458] [info] runs 16550 | prob 0.47546827794561936 | low 0.4654684273296458 | high 0.48546812856159294
[2026-04-14 20:32:52.507] [info] RESULT:
training_time, simulation_time, prob, low, high, runs
434, 58, 0.4735855899419729, 0.4635858496185073, 0.48358533026543854, 16544
449, 60, 0.4719434030717136, 0.46194364343393823, 0.481943162709489, 16538
411, 58, 0.46422296273856406, 0.45422311351025324, 0.4742228119668749, 16505
413, 59, 0.4619255486843701, 0.4519257779962552, 0.47192531937248494, 16494
411, 58, 0.4756812277203794, 0.46568147065652077, 0.48568098478423805, 16551
412, 58, 0.46400872515753755, 0.45400888208294304, 0.47400856823213205, 16504
410, 59, 0.46614993338985106, 0.45615011339440764, 0.47614975338529447, 16514
410, 56, 0.4620794180054562, 0.45207971522233176, 0.47207912078858066, 16495
412, 58, 0.4732196832305646, 0.46321972881596973, 0.4832196376451595, 16542
412, 56, 0.479410699190919, 0.46941090760260856, 0.48941049077922943, 16562
411, 59, 0.4707554587794109, 0.4607555531433786, 0.48075536441544314, 16533
412, 56, 0.46978038598826305, 0.45978043425811416, 0.47978033771841194, 16529
411, 58, 0.4589149168588421, 0.4489150900733898, 0.4689147436442944, 16478
410, 57, 0.46226129130039406, 0.45226131172911527, 0.47226127087167286, 16495
412, 58, 0.4814993662099354, 0.4714994484519261, 0.4914992839679447, 16567
412, 56, 0.46278336768093103, 0.45278351032196623, 0.47278322503989584, 16498
412, 57, 0.48787696019300364, 0.4778770544255104, 0.4978768659604969, 16580
410, 56, 0.47288555710053803, 0.4628856616176068, 0.48288545258346927, 16541
411, 57, 0.47762275774596846, 0.4676229957294637, 0.4876225197624732, 16557
416, 57, 0.47349332043764736, 0.4634933758182283, 0.4834932650570664, 16543
412, 58, 0.46685233395895137, 0.45685247677270263, 0.4768521911452001, 16517
414, 57, 0.46177166070454134, 0.4517718230849457, 0.471771498324137, 16493
428, 62, 0.4775623603309778, 0.4675626525560359, 0.48756206810591973, 16557
413, 57, 0.4712428182642879, 0.4612429501798379, 0.48124268634873785, 16535
418, 59, 0.47546827794561936, 0.4654684273296458, 0.48546812856159294, 16550
# timestamp 14.04.2026 20:32:39 (1776191559), datastructure SAC
# timebound 10, expirations {"r1": 0, "r2": 0}
# alpha 0.1, gamma 1
# fixed points 5, uniform granularity 0.5
# scheduler goal: MINIMIZING, scope: SEMIPROPHETIC, history: DISCRETE_HISTORY
# training runs 100000

[2026-04-14 20:32:52.953] [info] runs 15102 | prob 0.6497814858959078 | low 0.6397819039739543 | high 0.6597810678178613
[2026-04-14 20:32:53.456] [info] runs 15129 | prob 0.6484235574063058 | low 0.6384240173780886 | high 0.6584230974345229
[2026-04-14 20:32:53.968] [info] runs 15002 | prob 0.6547127049726703 | low 0.644713005184542 | high 0.6647124047607986
[2026-04-14 20:32:54.458] [info] runs 15150 | prob 0.6473267326732673 | low 0.6373270185541912 | high 0.6573264467923435
[2026-04-14 20:32:54.948] [info] runs 15139 | prob 0.6478631349494682 | low 0.6378632582505905 | high 0.6578630116483459
[2026-04-14 20:32:55.443] [info] runs 15059 | prob 0.6519025167673816 | low 0.6419027570956146 | high 0.6619022764391487
[2026-04-14 20:32:55.929] [info] runs 15095 | prob 0.6500828088771117 | low 0.6400828945212391 | high 0.6600827232329842
[2026-04-14 20:32:56.422] [info] runs 15017 | prob 0.653992142238796 | low 0.6439925218297522 | high 0.6639917626478398
[2026-04-14 20:32:56.912] [info] runs 15043 | prob 0.652728843980589 | low 0.6427293185418658 | high 0.6627283694193121
[2026-04-14 20:32:57.408] [info] runs 15229 | prob 0.6432464377175127 | low 0.6332468287022245 | high 0.6532460467328008
[2026-04-14 20:32:57.895] [info] runs 14963 | prob 0.6566196618325202 | low 0.646620095301538 | high 0.6666192283635024
[2026-04-14 20:32:58.387] [info] runs 14972 | prob 0.6561581619022174 | low 0.6461584018968856 | high 0.6661579219075493
[2026-04-14 20:32:58.880] [info] runs 15200 | prob 0.6447368421052632 | low 0.6347370632769757 | high 0.6547366209335507
[2026-04-14 20:32:59.375] [info] runs 15073 | prob 0.6512306773701321 | low 0.6412310786258866 | high 0.6612302761143776
[2026-04-14 20:32:59.867] [info] runs 15031 | prob 0.6532499501031203 | low 0.6432499528657462 | high 0.6632499473404944
[2026-04-14 20:33:00.359] [info] runs 15112 | prob 0.6492853361566967 | low 0.6392858048165395 | high 0.6592848674968539
[2026-04-14 20:33:00.852] [info] runs 15167 | prob 0.6464693083668491 | low 0.6364696875409975 | high 0.6564689291927007
[2026-04-14 20:33:01.346] [info] runs 15044 | prob 0.6526189843126828 | low 0.6426190513605167 | high 0.662618917264849
[2026-04-14 20:33:01.838] [info] runs 15078 | prob 0.6509484016447805 | low 0.6409485838420718 | high 0.6609482194474893
[2026-04-14 20:33:02.329] [info] runs 15020 | prob 0.6537949400798935 | low 0.6437949774877032 | high 0.6637949026720837
[2026-04-14 20:33:02.813] [info] runs 15088 | prob 0.6504506892895016 | low 0.6404508865005382 | high 0.660450492078465
[2026-04-14 20:33:03.305] [info] runs 15003 | prob 0.6546690661867627 | low 0.6446694010730885 | high 0.6646687313004369
[2026-04-14 20:33:03.797] [info] runs 15100 | prob 0.6498675496688742 | low 0.6398678722012062 | high 0.6598672271365421
[2026-04-14 20:33:04.292] [info] runs 14997 | prob 0.6549309861972394 | low 0.6449311148316715 | high 0.6649308575628073
[2026-04-14 20:33:04.783] [info] runs 15131 | prob 0.6482717599629899 | low 0.6382718931860644 | high 0.6582716267399155
[2026-04-14 20:33:04.834] [info] RESULT:
training_time, simulation_time, prob, low, high, runs
400, 45, 0.6497814858959078, 0.6397819039739543, 0.6597810678178613, 15102
406, 46, 0.6484235574063058, 0.6384240173780886, 0.6584230974345229, 15129
414, 45, 0.6547127049726703, 0.644713005184542, 0.6647124047607986, 15002
396, 45, 0.6473267326732673, 0.6373270185541912, 0.6573264467923435, 15150
397, 44, 0.6478631349494682, 0.6378632582505905, 0.6578630116483459, 15139
399, 44, 0.6519025167673816, 0.6419027570956146, 0.6619022764391487, 15059
397, 44, 0.6500828088771117, 0.6400828945212391, 0.6600827232329842, 15095
396, 46, 0.653992142238796, 0.6439925218297522, 0.6639917626478398, 15017
393, 44, 0.652728843980589, 0.6427293185418658, 0.6627283694193121, 15043
400, 45, 0.6432464377175127, 0.6332468287022245, 0.6532460467328008, 15229
393, 44, 0.6566196618325202, 0.646620095301538, 0.6666192283635024, 14963
397, 44, 0.6561581619022174, 0.6461584018968856, 0.6661579219075493, 14972
398, 45, 0.6447368421052632, 0.6347370632769757, 0.6547366209335507, 15200
397, 46, 0.6512306773701321, 0.6412310786258866, 0.6612302761143776, 15073
397, 44, 0.6532499501031203, 0.6432499528657462, 0.6632499473404944, 15031
399, 44, 0.6492853361566967, 0.6392858048165395, 0.6592848674968539, 15112
395, 46, 0.6464693083668491, 0.6364696875409975, 0.6564689291927007, 15167
400, 44, 0.6526189843126828, 0.6426190513605167, 0.662618917264849, 15044
398, 44, 0.6509484016447805, 0.6409485838420718, 0.6609482194474893, 15078
394, 45, 0.6537949400798935, 0.6437949774877032, 0.6637949026720837, 15020
395, 44, 0.6504506892895016, 0.6404508865005382, 0.660450492078465, 15088
399, 44, 0.6546690661867627, 0.6446694010730885, 0.6646687313004369, 15003
396, 46, 0.6498675496688742, 0.6398678722012062, 0.6598672271365421, 15100
402, 44, 0.6549309861972394, 0.6449311148316715, 0.6649308575628073, 14997
398, 45, 0.6482717599629899, 0.6382718931860644, 0.6582716267399155, 15131
# timestamp 14.04.2026 20:32:39 (1776191559), datastructure SAC
# timebound 10, expirations {"r1": 0, "r2": 0}
# alpha 0.1, gamma 1
# fixed points 5, uniform granularity 0.5
# scheduler goal: MAXIMIZING, scope: SEMIPROPHETIC, history: DISCRETE_HISTORY
# training runs 100000

[2026-04-14 20:33:04.834] [info] 2.1 Simulating on SAC: 25384
[2026-04-14 20:33:04.834] [info] Analysis finished; the goal is not reachable.
[2026-04-14 20:33:04.834] [info] Probability: 0.0
[2026-04-14 20:33:04.834] [info] 2 Analysis: 25384
[2026-04-14 20:33:04.834] [info] 0 Computation Time Complete: 25385
[2026-04-14 20:33:04.834] [info] Counters and timers:
Counters:

Timers:
0 Computation Time Complete: 25385
1 Model creation: 0
2 Analysis: 25384
2.0 Creating Unified Datastructure from SAC: 0
2.1 Simulating on SAC: 25384

timebound = 10, jump depth = 100, max expirations of random clocks = [{r1: 0}, {r2: 0}], combine absorbing locations in unrolling = 16, integration bound(s) = 10, integration samples = 500000, model = WATERTANK, model case = CASE_E, LTI analysis = rectangular analysis, scheduler = goal: MAXIMIZING, scope: SEMIPROPHETIC, history: HISTORY_DEPENDENT, multithreaded = 1, disableBackwardsRefinement = 0
simulating 0 runs after 1000000 training runs with parameters:
learning rate                 0.1
discount factor               1
exploration rate              0.15
uniform granularity           0.5
adaptive compartments         5


[2026-04-14 21:20:28.736] [warning] no flow specified for variable c1 in location all_off - assuming flow of 0
[2026-04-14 21:20:28.736] [warning] no flow specified for variable c1 in location v2_on - assuming flow of 0
[2026-04-14 21:20:28.736] [warning] no flow specified for variable c1 in location v1_block - assuming flow of 0
[2026-04-14 21:20:28.736] [warning] no flow specified for variable c1 in location v2_block - assuming flow of 0
[2026-04-14 21:20:28.736] [warning] no flow specified for variable c1 in location v1_block_v2_on - assuming flow of 0
[2026-04-14 21:20:28.736] [warning] no flow specified for variable c1 in location block_safe - assuming flow of 0
[2026-04-14 21:20:28.736] [warning] no flow specified for variable c1 in location block_unsafe - assuming flow of 0
[2026-04-14 21:20:28.736] [warning] no flow specified for variable c2 in location all_off - assuming flow of 0
[2026-04-14 21:20:28.736] [warning] no flow specified for variable c2 in location v1_on - assuming flow of 0
[2026-04-14 21:20:28.736] [warning] no flow specified for variable c2 in location v1_block - assuming flow of 0
[2026-04-14 21:20:28.736] [warning] no flow specified for variable c2 in location v2_block - assuming flow of 0
[2026-04-14 21:20:28.736] [warning] no flow specified for variable c2 in location v2_block_v1_on - assuming flow of 0
[2026-04-14 21:20:28.736] [warning] no flow specified for variable c2 in location block_safe - assuming flow of 0
[2026-04-14 21:20:28.736] [warning] no flow specified for variable c2 in location block_unsafe - assuming flow of 0
[2026-04-14 21:20:28.736] [warning] no constraints specified for variable c1 in initial constraint number 0 - assuming [0,0]
[2026-04-14 21:20:28.737] [warning] no constraints specified for variable c2 in initial constraint number 0 - assuming [0,0]
[2026-04-14 21:20:28.737] [info] 1 Model creation: 0
[2026-04-14 21:20:28.737] [info] 2.0 Creating Unified Datastructure from SAC: 0
[2026-04-14 21:20:32.616] [info] runs 16488 | prob 0.4608806404657933 | low 0.45088067348743394 | high 0.47088060744415267
[2026-04-14 21:20:36.463] [info] runs 16472 | prob 0.4578678970373968 | low 0.4478680040666922 | high 0.46786779000810136
[2026-04-14 21:20:40.222] [info] runs 16428 | prob 0.45063306549793036 | low 0.4406331507531908 | high 0.4606329802426699
[2026-04-14 21:20:44.016] [info] runs 16494 | prob 0.4619255486843701 | low 0.4519257779962552 | high 0.47192531937248494
[2026-04-14 21:20:47.810] [info] runs 16471 | prob 0.4576528443931759 | low 0.447653013828534 | high 0.46765267495781776
[2026-04-14 21:20:51.630] [info] runs 16522 | prob 0.4679215591332768 | low 0.4579218145186922 | high 0.47792130374786146
[2026-04-14 21:20:55.437] [info] runs 16468 | prob 0.457128977410736 | low 0.447129135463368 | high 0.46712881935810396
[2026-04-14 21:20:59.284] [info] runs 16497 | prob 0.46256895193065406 | low 0.45256911340171413 | high 0.472568790459594
[2026-04-14 21:21:03.112] [info] runs 16479 | prob 0.4590084349778506 | low 0.44900875706014465 | high 0.46900811289555655
[2026-04-14 21:21:06.945] [info] runs 16503 | prob 0.46379446161304005 | low 0.45379462657626596 | high 0.47379429664981415
[2026-04-14 21:21:10.696] [info] runs 16514 | prob 0.46621048807072785 | low 0.456210585782059 | high 0.4762103903593967
[2026-04-14 21:21:14.486] [info] runs 16470 | prob 0.45743776563448696 | low 0.447437999392023 | high 0.4674375318769509
[2026-04-14 21:21:18.272] [info] runs 16497 | prob 0.4624477177668667 | low 0.452448062072144 | high 0.47244737346158944
[2026-04-14 21:21:22.100] [info] runs 16504 | prob 0.4639481337857489 | low 0.45394837846873715 | high 0.47394788910276064
[2026-04-14 21:21:25.879] [info] runs 16467 | prob 0.45691382765531063 | low 0.4469140547048655 | high 0.46691360060575576
[2026-04-14 21:21:29.685] [info] runs 16496 | prob 0.46241513094083414 | low 0.45241522140469154 | high 0.47241504047697674
[2026-04-14 21:21:33.559] [info] runs 16496 | prob 0.4623545101842871 | low 0.452354692376473 | high 0.47235432799210114
[2026-04-14 21:21:37.375] [info] runs 16493 | prob 0.46183229248772206 | low 0.4518323616847766 | high 0.47183222329066754
[2026-04-14 21:21:41.172] [info] runs 16470 | prob 0.4575591985428051 | low 0.44755922435720374 | high 0.4675591727284064
[2026-04-14 21:21:44.996] [info] runs 16450 | prob 0.45398176291793313 | low 0.4439820925215554 | high 0.46398143331431085
[2026-04-14 21:21:48.803] [info] runs 16524 | prob 0.46847010409101913 | low 0.45847026401957897 | high 0.4784699441624593
[2026-04-14 21:21:52.634] [info] runs 16472 | prob 0.4578071879553181 | low 0.4478073981019897 | high 0.4678069778086465
[2026-04-14 21:21:56.404] [info] runs 16500 | prob 0.4632727272727273 | low 0.45327274832999004 | high 0.4732727062154645
[2026-04-14 21:22:00.205] [info] runs 16491 | prob 0.4614638287550785 | low 0.4514638601950875 | high 0.47146379731506954
[2026-04-14 21:22:03.970] [info] runs 16508 | prob 0.46492609643809063 | low 0.45492615456270413 | high 0.47492603831347713
[2026-04-14 21:22:04.011] [info] RESULT:
training_time, simulation_time, prob, low, high, runs
3831, 47, 0.4608806404657933, 0.45088067348743394, 0.47088060744415267, 16488
3781, 48, 0.4578678970373968, 0.4478680040666922, 0.46786779000810136, 16472
3670, 47, 0.45063306549793036, 0.4406331507531908, 0.4606329802426699, 16428
3706, 47, 0.4619255486843701, 0.4519257779962552, 0.47192531937248494, 16494
3704, 48, 0.4576528443931759, 0.447653013828534, 0.46765267495781776, 16471
3731, 47, 0.4679215591332768, 0.4579218145186922, 0.47792130374786146, 16522
3718, 47, 0.457128977410736, 0.447129135463368, 0.46712881935810396, 16468
3757, 48, 0.46256895193065406, 0.45256911340171413, 0.472568790459594, 16497
3737, 49, 0.4590084349778506, 0.44900875706014465, 0.46900811289555655, 16479
3743, 48, 0.46379446161304005, 0.45379462657626596, 0.47379429664981415, 16503
3662, 47, 0.46621048807072785, 0.456210585782059, 0.4762103903593967, 16514
3703, 47, 0.45743776563448696, 0.447437999392023, 0.4674375318769509, 16470
3697, 47, 0.4624477177668667, 0.452448062072144, 0.47244737346158944, 16497
3738, 48, 0.4639481337857489, 0.45394837846873715, 0.47394788910276064, 16504
3689, 48, 0.45691382765531063, 0.4469140547048655, 0.46691360060575576, 16467
3715, 49, 0.46241513094083414, 0.45241522140469154, 0.47241504047697674, 16496
3777, 48, 0.4623545101842871, 0.452354692376473, 0.47235432799210114, 16496
3728, 47, 0.46183229248772206, 0.4518323616847766, 0.47183222329066754, 16493
3707, 49, 0.4575591985428051, 0.44755922435720374, 0.4675591727284064, 16470
3739, 48, 0.45398176291793313, 0.4439820925215554, 0.46398143331431085, 16450
3724, 47, 0.46847010409101913, 0.45847026401957897, 0.4784699441624593, 16524
3743, 47, 0.4578071879553181, 0.4478073981019897, 0.4678069778086465, 16472
3675, 53, 0.4632727272727273, 0.45327274832999004, 0.4732727062154645, 16500
3719, 47, 0.4614638287550785, 0.4514638601950875, 0.47146379731506954, 16491
3676, 48, 0.46492609643809063, 0.45492615456270413, 0.47492603831347713, 16508
# timestamp 14.04.2026 21:20:28 (1776194428), datastructure SAC
# timebound 10, expirations {"r1": 0, "r2": 0}
# alpha 0.1, gamma 1
# fixed points 5, uniform granularity 0.5
# scheduler goal: MINIMIZING, scope: SEMIPROPHETIC, history: MEMORYLESS
# training runs 1000000

[2026-04-14 21:22:07.828] [info] runs 15125 | prob 0.648595041322314 | low 0.638595296403567 | high 0.658594786241061
[2026-04-14 21:22:11.502] [info] runs 14994 | prob 0.6550620248099239 | low 0.6450620519360756 | high 0.6650619976837723
[2026-04-14 21:22:15.263] [info] runs 15114 | prob 0.6491332539367474 | low 0.6391333878707558 | high 0.6591331200027389
[2026-04-14 21:22:18.985] [info] runs 15043 | prob 0.6526623678787475 | low 0.6426623946646219 | high 0.6626623410928731
[2026-04-14 21:22:22.696] [info] runs 15055 | prob 0.6520757223513782 | low 0.6420757946187517 | high 0.6620756500840047
[2026-04-14 21:22:26.376] [info] runs 14954 | prob 0.6570148455262806 | low 0.6470150199852212 | high 0.6670146710673401
[2026-04-14 21:22:30.104] [info] runs 15134 | prob 0.648143253601163 | low 0.6381435428577847 | high 0.6581429643445412
[2026-04-14 21:22:33.812] [info] runs 15018 | prob 0.6539485950193101 | low 0.6439490112574116 | high 0.6639481787812087
[2026-04-14 21:22:37.595] [info] runs 15072 | prob 0.6512738853503185 | low 0.6412742426211004 | high 0.6612735280795365
[2026-04-14 21:22:41.284] [info] runs 15074 | prob 0.6511211357303968 | low 0.6411211396526457 | high 0.6611211318081478
[2026-04-14 21:22:45.021] [info] runs 15043 | prob 0.6526623678787475 | low 0.6426623946646219 | high 0.6626623410928731
[2026-04-14 21:22:48.722] [info] runs 15077 | prob 0.6509915765735889 | low 0.640991714030472 | high 0.6609914391167058
[2026-04-14 21:22:52.420] [info] runs 15120 | prob 0.6488756613756613 | low 0.6388760948862301 | high 0.6588752278650926
[2026-04-14 21:22:56.146] [info] runs 15081 | prob 0.6508189112127843 | low 0.6408192283170306 | high 0.660818594108538
[2026-04-14 21:22:59.861] [info] runs 15087 | prob 0.6504938026115199 | low 0.6404939537597751 | high 0.6604936514632647
[2026-04-14 21:23:03.597] [info] runs 15138 | prob 0.6479059320914256 | low 0.6379060025402327 | high 0.6579058616426184
[2026-04-14 21:23:07.308] [info] runs 14995 | prob 0.6550183394464821 | low 0.6450184002887281 | high 0.6650182786042361
[2026-04-14 21:23:11.025] [info] runs 14892 | prob 0.6599516518936341 | low 0.6499517499884148 | high 0.6699515537988535
[2026-04-14 21:23:14.751] [info] runs 15079 | prob 0.6509052324424697 | low 0.6409054594944984 | high 0.660905005390441
[2026-04-14 21:23:18.472] [info] runs 15153 | prob 0.6471985745396951 | low 0.6371990237938878 | high 0.6571981252855024
[2026-04-14 21:23:22.159] [info] runs 15292 | prob 0.6398770599006016 | low 0.6298773505308575 | high 0.6498767692703458
[2026-04-14 21:23:25.946] [info] runs 15099 | prob 0.6499105901053049 | low 0.639910865034037 | high 0.6599103151765728
[2026-04-14 21:23:29.704] [info] runs 15103 | prob 0.6497384625571079 | low 0.6397389285771478 | high 0.659737996537068
[2026-04-14 21:23:33.482] [info] runs 15124 | prob 0.6486379264744776 | low 0.6386381306108585 | high 0.6586377223380967
[2026-04-14 21:23:37.237] [info] runs 15211 | prob 0.6441391098547105 | low 0.6341391803068589 | high 0.654139039402562
[2026-04-14 21:23:37.281] [info] RESULT:
training_time, simulation_time, prob, low, high, runs
3774, 42, 0.648595041322314, 0.638595296403567, 0.658594786241061, 15125
3585, 46, 0.6550620248099239, 0.6450620519360756, 0.6650619976837723, 14994
3674, 44, 0.6491332539367474, 0.6391333878707558, 0.6591331200027389, 15114
3634, 44, 0.6526623678787475, 0.6426623946646219, 0.6626623410928731, 15043
3626, 42, 0.6520757223513782, 0.6420757946187517, 0.6620756500840047, 15055
3595, 42, 0.6570148455262806, 0.6470150199852212, 0.6670146710673401, 14954
3642, 43, 0.648143253601163, 0.6381435428577847, 0.6581429643445412, 15134
3623, 41, 0.6539485950193101, 0.6439490112574116, 0.6639481787812087, 15018
3694, 48, 0.6512738853503185, 0.6412742426211004, 0.6612735280795365, 15072
3601, 42, 0.6511211357303968, 0.6411211396526457, 0.6611211318081478, 15074
3653, 42, 0.6526623678787475, 0.6426623946646219, 0.6626623410928731, 15043
3617, 41, 0.6509915765735889, 0.640991714030472, 0.6609914391167058, 15077
3612, 43, 0.6488756613756613, 0.6388760948862301, 0.6588752278650926, 15120
3640, 42, 0.6508189112127843, 0.6408192283170306, 0.660818594108538, 15081
3630, 42, 0.6504938026115199, 0.6404939537597751, 0.6604936514632647, 15087
3651, 43, 0.6479059320914256, 0.6379060025402327, 0.6579058616426184, 15138
3626, 42, 0.6550183394464821, 0.6450184002887281, 0.6650182786042361, 14995
3633, 42, 0.6599516518936341, 0.6499517499884148, 0.6699515537988535, 14892
3641, 42, 0.6509052324424697, 0.6409054594944984, 0.660905005390441, 15079
3636, 43, 0.6471985745396951, 0.6371990237938878, 0.6571981252855024, 15153
3602, 43, 0.6398770599006016, 0.6298773505308575, 0.6498767692703458, 15292
3701, 42, 0.6499105901053049, 0.639910865034037, 0.6599103151765728, 15099
3673, 42, 0.6497384625571079, 0.6397389285771478, 0.659737996537068, 15103
3691, 42, 0.6486379264744776, 0.6386381306108585, 0.6586377223380967, 15124
3665, 46, 0.6441391098547105, 0.6341391803068589, 0.654139039402562, 15211
# timestamp 14.04.2026 21:20:28 (1776194428), datastructure SAC
# timebound 10, expirations {"r1": 0, "r2": 0}
# alpha 0.1, gamma 1
# fixed points 5, uniform granularity 0.5
# scheduler goal: MAXIMIZING, scope: SEMIPROPHETIC, history: MEMORYLESS
# training runs 1000000

[2026-04-14 21:23:37.281] [info] 2.1 Simulating on SAC: 188544
[2026-04-14 21:23:37.281] [info] Analysis finished; the goal is not reachable.
[2026-04-14 21:23:37.281] [info] Probability: 0.0
[2026-04-14 21:23:37.281] [info] 2 Analysis: 188544
[2026-04-14 21:23:37.281] [info] 0 Computation Time Complete: 188544
[2026-04-14 21:23:37.281] [info] Counters and timers:
Counters:

Timers:
0 Computation Time Complete: 188544
1 Model creation: 0
2 Analysis: 188544
2.0 Creating Unified Datastructure from SAC: 0
2.1 Simulating on SAC: 188544

