timebound = 11, jump depth = 100, max expirations of random clocks = [{r1: 0}, {r2: 0}], combine absorbing locations in unrolling = 139, integration bound(s) = 11, integration samples = 500000, model = WATERTANK, model case = CASE_A, LTI analysis = rectangular analysis, scheduler = goal: MAXIMIZING, scope: SEMIPROPHETIC, history: HISTORY_DEPENDENT, multithreaded = 1, disableBackwardsRefinement = 0
simulating 0 runs after 100000 training runs with parameters:
learning rate                 0.1
discount factor               1
exploration rate              0.15
uniform granularity           0.5
adaptive compartments         5


[2026-04-08 13:23:55.995] [warning] no flow specified for variable c1 in location all_off - assuming flow of 0
[2026-04-08 13:23:55.995] [warning] no flow specified for variable c1 in location v2_on - assuming flow of 0
[2026-04-08 13:23:55.995] [warning] no flow specified for variable c1 in location v1_block - assuming flow of 0
[2026-04-08 13:23:55.995] [warning] no flow specified for variable c1 in location v2_block - assuming flow of 0
[2026-04-08 13:23:55.995] [warning] no flow specified for variable c1 in location v1_block_v2_on - assuming flow of 0
[2026-04-08 13:23:55.995] [warning] no flow specified for variable c1 in location block_safe - assuming flow of 0
[2026-04-08 13:23:55.995] [warning] no flow specified for variable c1 in location block_unsafe - assuming flow of 0
[2026-04-08 13:23:55.995] [warning] no flow specified for variable c2 in location all_off - assuming flow of 0
[2026-04-08 13:23:55.995] [warning] no flow specified for variable c2 in location v1_on - assuming flow of 0
[2026-04-08 13:23:55.995] [warning] no flow specified for variable c2 in location v1_block - assuming flow of 0
[2026-04-08 13:23:55.995] [warning] no flow specified for variable c2 in location v2_block - assuming flow of 0
[2026-04-08 13:23:55.995] [warning] no flow specified for variable c2 in location v2_block_v1_on - assuming flow of 0
[2026-04-08 13:23:55.995] [warning] no flow specified for variable c2 in location block_safe - assuming flow of 0
[2026-04-08 13:23:55.995] [warning] no flow specified for variable c2 in location block_unsafe - assuming flow of 0
[2026-04-08 13:23:55.995] [warning] no constraints specified for variable c1 in initial constraint number 0 - assuming [0,0]
[2026-04-08 13:23:55.995] [warning] no constraints specified for variable c2 in initial constraint number 0 - assuming [0,0]
[2026-04-08 13:23:55.995] [info] 1 Model creation: 0
[2026-04-08 13:23:55.995] [info] 2.0 Creating Unified Datastructure from SAC: 0
[2026-04-08 13:23:56.569] [info] runs 16189 | prob 0.5777379702266972 | low 0.5677381471031033 | high 0.587737793350291
[2026-04-08 13:23:57.202] [info] runs 16279 | prob 0.568401007432889 | low 0.558401016004337 | high 0.578400998861441
[2026-04-08 13:23:57.813] [info] runs 16242 | prob 0.5724048762467676 | low 0.5624050111779691 | high 0.5824047413155661
[2026-04-08 13:23:58.426] [info] runs 16229 | prob 0.573726045967096 | low 0.5637261228623084 | high 0.5837259690718836
[2026-04-08 13:23:59.032] [info] runs 16182 | prob 0.578420467185762 | low 0.56842066646474 | high 0.588420267906784
[2026-04-08 13:23:59.643] [info] runs 16211 | prob 0.5755351304669669 | low 0.5655351822564351 | high 0.5855350786774988
[2026-04-08 13:24:00.259] [info] runs 16203 | prob 0.5763130284515213 | low 0.5663130303794695 | high 0.5863130265235732
[2026-04-08 13:24:00.872] [info] runs 16212 | prob 0.5754379471996053 | low 0.5654380071265501 | high 0.5854378872726604
[2026-04-08 13:24:01.482] [info] runs 16220 | prob 0.5747225647348951 | low 0.5647228933500873 | high 0.584722236119703
[2026-04-08 13:24:02.090] [info] runs 16155 | prob 0.5809965954812751 | low 0.5709968730046863 | high 0.590996317957864
[2026-04-08 13:24:02.701] [info] runs 16221 | prob 0.5745638370014179 | low 0.564563989152209 | high 0.5845636848506268
[2026-04-08 13:24:03.310] [info] runs 16141 | prob 0.5823059290006815 | low 0.5723062651422575 | high 0.5923055928591054
[2026-04-08 13:24:03.922] [info] runs 16218 | prob 0.5748550992724134 | low 0.5648552168893668 | high 0.58485498165546
[2026-04-08 13:24:04.534] [info] runs 16134 | prob 0.5828684765092351 | low 0.5728685542875908 | high 0.5928683987308795
[2026-04-08 13:24:05.147] [info] runs 16213 | prob 0.5753407759205575 | low 0.565340844407507 | high 0.5853407074336081
[2026-04-08 13:24:05.760] [info] runs 16176 | prob 0.5789441147378833 | low 0.5689441496838266 | high 0.5889440797919401
[2026-04-08 13:24:06.373] [info] runs 16191 | prob 0.5776048421962818 | low 0.5676052128951601 | high 0.5876044714974036
[2026-04-08 13:24:06.988] [info] runs 16219 | prob 0.5748196559590604 | low 0.5648199733308362 | high 0.5848193385872845
[2026-04-08 13:24:07.600] [info] runs 16201 | prob 0.5766310721560397 | low 0.5666314530293337 | high 0.5866306912827457
[2026-04-08 13:24:08.211] [info] runs 16284 | prob 0.5678580201424711 | low 0.5578580564667253 | high 0.577857983818217
[2026-04-08 13:24:08.825] [info] runs 16285 | prob 0.5677617439361375 | low 0.55776182126841 | high 0.5777616666038651
[2026-04-08 13:24:09.437] [info] runs 16251 | prob 0.5714725247677066 | low 0.5614726899256104 | high 0.5814723596098028
[2026-04-08 13:24:10.045] [info] runs 16199 | prob 0.5768257299833323 | low 0.5668261054124627 | high 0.5868253545542018
[2026-04-08 13:24:10.650] [info] runs 16292 | prob 0.5670881414191014 | low 0.5570885171468706 | high 0.5770877656913321
[2026-04-08 13:24:11.259] [info] runs 16243 | prob 0.572308071169119 | low 0.5623082277624589 | high 0.582307914575779
[2026-04-08 13:24:11.331] [info] RESULT:
training_time, simulation_time, prob, low, high, runs
496, 77, 0.5777379702266972, 0.5677381471031033, 0.587737793350291, 16189
525, 80, 0.568401007432889, 0.558401016004337, 0.578400998861441, 16279
466, 73, 0.5724048762467676, 0.5624050111779691, 0.5824047413155661, 16242
467, 75, 0.573726045967096, 0.5637261228623084, 0.5837259690718836, 16229
464, 73, 0.578420467185762, 0.56842066646474, 0.588420267906784, 16182
466, 75, 0.5755351304669669, 0.5655351822564351, 0.5855350786774988, 16211
472, 73, 0.5763130284515213, 0.5663130303794695, 0.5863130265235732, 16203
465, 78, 0.5754379471996053, 0.5654380071265501, 0.5854378872726604, 16212
466, 74, 0.5747225647348951, 0.5647228933500873, 0.584722236119703, 16220
465, 73, 0.5809965954812751, 0.5709968730046863, 0.590996317957864, 16155
466, 75, 0.5745638370014179, 0.564563989152209, 0.5845636848506268, 16221
465, 73, 0.5823059290006815, 0.5723062651422575, 0.5923055928591054, 16141
466, 75, 0.5748550992724134, 0.5648552168893668, 0.58485498165546, 16218
467, 75, 0.5828684765092351, 0.5728685542875908, 0.5928683987308795, 16134
466, 76, 0.5753407759205575, 0.565340844407507, 0.5853407074336081, 16213
466, 75, 0.5789441147378833, 0.5689441496838266, 0.5889440797919401, 16176
465, 75, 0.5776048421962818, 0.5676052128951601, 0.5876044714974036, 16191
467, 76, 0.5748196559590604, 0.5648199733308362, 0.5848193385872845, 16219
466, 76, 0.5766310721560397, 0.5666314530293337, 0.5866306912827457, 16201
465, 76, 0.5678580201424711, 0.5578580564667253, 0.577857983818217, 16284
467, 75, 0.5677617439361375, 0.55776182126841, 0.5777616666038651, 16285
466, 75, 0.5714725247677066, 0.5614726899256104, 0.5814723596098028, 16251
464, 74, 0.5768257299833323, 0.5668261054124627, 0.5868253545542018, 16199
460, 74, 0.5670881414191014, 0.5570885171468706, 0.5770877656913321, 16292
465, 73, 0.572308071169119, 0.5623082277624589, 0.582307914575779, 16243
# timestamp 08.04.2026 13:23:55 (1775647435), datastructure SAC
# timebound 11, expirations {"r1": 0, "r2": 0}
# alpha 0.1, gamma 1
# fixed points 5, uniform granularity 0.5
# scheduler goal: MINIMIZING, scope: SEMIPROPHETIC, history: DISCRETE_HISTORY
# training runs 100000

[2026-04-08 13:24:11.844] [info] runs 14691 | prob 0.6691852154380232 | low 0.6591855423246274 | high 0.679184888551419
[2026-04-08 13:24:12.436] [info] runs 14753 | prob 0.6663729410967261 | low 0.6563730562759347 | high 0.6763728259175175
[2026-04-08 13:24:13.016] [info] runs 14734 | prob 0.6672322519343016 | low 0.6572323750047928 | high 0.6772321288638103
[2026-04-08 13:24:13.597] [info] runs 14674 | prob 0.6699604743083004 | low 0.6599609539447538 | high 0.679959994671847
[2026-04-08 13:24:14.170] [info] runs 14703 | prob 0.6686390532544378 | low 0.6586392970790449 | high 0.6786388094298308
[2026-04-08 13:24:14.749] [info] runs 14894 | prob 0.6598630320934604 | low 0.6498631702232498 | high 0.669862893963671
[2026-04-08 13:24:15.328] [info] runs 14779 | prob 0.6652006225049056 | low 0.65520080720472 | high 0.6752004378050913
[2026-04-08 13:24:15.911] [info] runs 14921 | prob 0.6586019703773206 | low 0.6486022256968563 | high 0.6686017150577849
[2026-04-08 13:24:16.490] [info] runs 14726 | prob 0.6675947304088008 | low 0.6575948717727719 | high 0.6775945890448297
[2026-04-08 13:24:17.078] [info] runs 14987 | prob 0.6554347100820711 | low 0.6454349636730216 | high 0.6654344564911207
[2026-04-08 13:24:17.658] [info] runs 14910 | prob 0.6590878604963112 | low 0.6490878621913442 | high 0.6690878588012782
[2026-04-08 13:24:18.236] [info] runs 14772 | prob 0.6655158407798538 | low 0.6555159976948441 | high 0.6755156838648635
[2026-04-08 13:24:18.816] [info] runs 14747 | prob 0.6666440631992948 | low 0.6566441754848623 | high 0.6766439509137273
[2026-04-08 13:24:19.398] [info] runs 14731 | prob 0.6673681352250357 | low 0.6573682641117989 | high 0.6773680063382724
[2026-04-08 13:24:19.980] [info] runs 14732 | prob 0.6673228346456693 | low 0.6573229614546553 | high 0.6773227078366834
[2026-04-08 13:24:20.564] [info] runs 14701 | prob 0.6687300183660976 | low 0.658730274618254 | high 0.6787297621139412
[2026-04-08 13:24:21.152] [info] runs 14988 | prob 0.6553909794502268 | low 0.6453912657263877 | high 0.665390693174066
[2026-04-08 13:24:21.736] [info] runs 14812 | prob 0.6637186065352417 | low 0.6537190112630508 | high 0.6737182018074327
[2026-04-08 13:24:22.319] [info] runs 14839 | prob 0.6624435608868522 | low 0.6524437639450863 | high 0.6724433578286181
[2026-04-08 13:24:22.892] [info] runs 14740 | prob 0.6669606512890095 | low 0.6569607664750692 | high 0.6769605361029498
[2026-04-08 13:24:23.474] [info] runs 14764 | prob 0.6658764562449201 | low 0.6558765895709743 | high 0.6758763229188659
[2026-04-08 13:24:24.056] [info] runs 14676 | prob 0.669869174161897 | low 0.6598696336827053 | high 0.6798687146410886
[2026-04-08 13:24:24.656] [info] runs 14848 | prob 0.662042025862069 | low 0.6520423480396288 | high 0.6720417036845091
[2026-04-08 13:24:25.235] [info] runs 14608 | prob 0.6728504928806134 | low 0.6628508865873582 | high 0.6828500991738685
[2026-04-08 13:24:25.814] [info] runs 14727 | prob 0.6675493990629456 | low 0.6575495376527802 | high 0.677549260473111
[2026-04-08 13:24:25.881] [info] RESULT:
training_time, simulation_time, prob, low, high, runs
452, 60, 0.6691852154380232, 0.6591855423246274, 0.679184888551419, 14691
455, 62, 0.6663729410967261, 0.6563730562759347, 0.6763728259175175, 14753
450, 60, 0.6672322519343016, 0.6572323750047928, 0.6772321288638103, 14734
451, 61, 0.6699604743083004, 0.6599609539447538, 0.679959994671847, 14674
450, 61, 0.6686390532544378, 0.6586392970790449, 0.6786388094298308, 14703
449, 61, 0.6598630320934604, 0.6498631702232498, 0.669862893963671, 14894
451, 60, 0.6652006225049056, 0.65520080720472, 0.6752004378050913, 14779
451, 61, 0.6586019703773206, 0.6486022256968563, 0.6686017150577849, 14921
449, 60, 0.6675947304088008, 0.6575948717727719, 0.6775945890448297, 14726
458, 61, 0.6554347100820711, 0.6454349636730216, 0.6654344564911207, 14987
452, 61, 0.6590878604963112, 0.6490878621913442, 0.6690878588012782, 14910
450, 60, 0.6655158407798538, 0.6555159976948441, 0.6755156838648635, 14772
452, 60, 0.6666440631992948, 0.6566441754848623, 0.6766439509137273, 14747
453, 61, 0.6673681352250357, 0.6573682641117989, 0.6773680063382724, 14731
452, 61, 0.6673228346456693, 0.6573229614546553, 0.6773227078366834, 14732
454, 60, 0.6687300183660976, 0.658730274618254, 0.6787297621139412, 14701
456, 62, 0.6553909794502268, 0.6453912657263877, 0.665390693174066, 14988
454, 60, 0.6637186065352417, 0.6537190112630508, 0.6737182018074327, 14812
451, 62, 0.6624435608868522, 0.6524437639450863, 0.6724433578286181, 14839
450, 60, 0.6669606512890095, 0.6569607664750692, 0.6769605361029498, 14740
453, 60, 0.6658764562449201, 0.6558765895709743, 0.6758763229188659, 14764
453, 61, 0.669869174161897, 0.6598696336827053, 0.6798687146410886, 14676
470, 60, 0.662042025862069, 0.6520423480396288, 0.6720417036845091, 14848
451, 60, 0.6728504928806134, 0.6628508865873582, 0.6828500991738685, 14608
450, 60, 0.6675493990629456, 0.6575495376527802, 0.677549260473111, 14727
# timestamp 08.04.2026 13:23:55 (1775647435), datastructure SAC
# timebound 11, expirations {"r1": 0, "r2": 0}
# alpha 0.1, gamma 1
# fixed points 5, uniform granularity 0.5
# scheduler goal: MAXIMIZING, scope: SEMIPROPHETIC, history: DISCRETE_HISTORY
# training runs 100000

[2026-04-08 13:24:25.881] [info] 2.1 Simulating on SAC: 29885
[2026-04-08 13:24:25.881] [info] Analysis finished; the goal is not reachable.
[2026-04-08 13:24:25.881] [info] Probability: 0.0
[2026-04-08 13:24:25.881] [info] 2 Analysis: 29885
[2026-04-08 13:24:25.881] [info] 0 Computation Time Complete: 29886
[2026-04-08 13:24:25.881] [info] Counters and timers:
Counters:

Timers:
0 Computation Time Complete: 29886
1 Model creation: 0
2 Analysis: 29885
2.0 Creating Unified Datastructure from SAC: 0
2.1 Simulating on SAC: 29885

timebound = 11, jump depth = 100, max expirations of random clocks = [{r1: 0}, {r2: 0}], combine absorbing locations in unrolling = 235, integration bound(s) = 11, integration samples = 500000, model = WATERTANK, model case = CASE_E, LTI analysis = rectangular analysis, scheduler = goal: MAXIMIZING, scope: SEMIPROPHETIC, history: HISTORY_DEPENDENT, multithreaded = 1, disableBackwardsRefinement = 0
simulating 0 runs after 100000 training runs with parameters:
learning rate                 0.1
discount factor               1
exploration rate              0.15
uniform granularity           0.5
adaptive compartments         5


[2026-04-14 20:33:04.854] [warning] no flow specified for variable c1 in location all_off - assuming flow of 0
[2026-04-14 20:33:04.854] [warning] no flow specified for variable c1 in location v2_on - assuming flow of 0
[2026-04-14 20:33:04.854] [warning] no flow specified for variable c1 in location v1_block - assuming flow of 0
[2026-04-14 20:33:04.854] [warning] no flow specified for variable c1 in location v2_block - assuming flow of 0
[2026-04-14 20:33:04.854] [warning] no flow specified for variable c1 in location v1_block_v2_on - assuming flow of 0
[2026-04-14 20:33:04.854] [warning] no flow specified for variable c1 in location block_safe - assuming flow of 0
[2026-04-14 20:33:04.854] [warning] no flow specified for variable c1 in location block_unsafe - assuming flow of 0
[2026-04-14 20:33:04.854] [warning] no flow specified for variable c2 in location all_off - assuming flow of 0
[2026-04-14 20:33:04.854] [warning] no flow specified for variable c2 in location v1_on - assuming flow of 0
[2026-04-14 20:33:04.854] [warning] no flow specified for variable c2 in location v1_block - assuming flow of 0
[2026-04-14 20:33:04.854] [warning] no flow specified for variable c2 in location v2_block - assuming flow of 0
[2026-04-14 20:33:04.854] [warning] no flow specified for variable c2 in location v2_block_v1_on - assuming flow of 0
[2026-04-14 20:33:04.854] [warning] no flow specified for variable c2 in location block_safe - assuming flow of 0
[2026-04-14 20:33:04.854] [warning] no flow specified for variable c2 in location block_unsafe - assuming flow of 0
[2026-04-14 20:33:04.854] [warning] no constraints specified for variable c1 in initial constraint number 0 - assuming [0,0]
[2026-04-14 20:33:04.854] [warning] no constraints specified for variable c2 in initial constraint number 0 - assuming [0,0]
[2026-04-14 20:33:04.854] [info] 1 Model creation: 0
[2026-04-14 20:33:04.854] [info] 2.0 Creating Unified Datastructure from SAC: 0
[2026-04-14 20:33:05.440] [info] runs 15233 | prob 0.6430118820980766 | low 0.6330121234670568 | high 0.6530116407290963
[2026-04-14 20:33:06.080] [info] runs 15171 | prob 0.6462329444334586 | low 0.6362331287515551 | high 0.656232760115362
[2026-04-14 20:33:06.704] [info] runs 15190 | prob 0.6452271231073075 | low 0.6352271580077785 | high 0.6552270882068364
[2026-04-14 20:33:07.336] [info] runs 15360 | prob 0.6361328125 | low 0.6261329138916387 | high 0.6461327111083612
[2026-04-14 20:33:07.961] [info] runs 15164 | prob 0.6465972039039831 | low 0.6365974140683895 | high 0.6565969937395767
[2026-04-14 20:33:08.591] [info] runs 15606 | prob 0.6217480456234782 | low 0.6117480948498757 | high 0.6317479963970807
[2026-04-14 20:33:09.221] [info] runs 15051 | prob 0.6523154607667264 | low 0.6423158129105584 | high 0.6623151086228944
[2026-04-14 20:33:09.854] [info] runs 15637 | prob 0.6198119843959838 | low 0.6098120226959547 | high 0.629811946096013
[2026-04-14 20:33:10.480] [info] runs 14977 | prob 0.6559391066301663 | low 0.6459395012363885 | high 0.6659387120239441
[2026-04-14 20:33:11.108] [info] runs 15391 | prob 0.634461698395166 | low 0.6244621223117749 | high 0.6444612744785571
[2026-04-14 20:33:11.738] [info] runs 15266 | prob 0.641228874623346 | low 0.6312289090161354 | high 0.6512288402305566
[2026-04-14 20:33:12.368] [info] runs 15317 | prob 0.638506234902396 | low 0.6285064195840978 | high 0.6485060502206942
[2026-04-14 20:33:12.996] [info] runs 15369 | prob 0.635695230659119 | low 0.6256956921233503 | high 0.6456947691948878
[2026-04-14 20:33:13.636] [info] runs 15140 | prob 0.6478203434610303 | low 0.6378205197246736 | high 0.6578201671973871
[2026-04-14 20:33:14.264] [info] runs 15197 | prob 0.6449299203790222 | low 0.6349303756223775 | high 0.6549294651356669
[2026-04-14 20:33:14.894] [info] runs 15373 | prob 0.6354647759058089 | low 0.625465189533092 | high 0.6454643622785257
[2026-04-14 20:33:15.534] [info] runs 15113 | prob 0.649176205915437 | low 0.6391762903112689 | high 0.6591761215196051
[2026-04-14 20:33:16.175] [info] runs 15350 | prob 0.6366775244299674 | low 0.6266775805990958 | high 0.6466774682608389
[2026-04-14 20:33:16.807] [info] runs 15315 | prob 0.6386549134835129 | low 0.628655337983017 | high 0.6486544889840088
[2026-04-14 20:33:17.447] [info] runs 15591 | prob 0.6226669232249374 | low 0.6126669414292124 | high 0.6326669050206625
[2026-04-14 20:33:18.076] [info] runs 15168 | prob 0.6463607594936709 | low 0.636360772973534 | high 0.6563607460138078
[2026-04-14 20:33:18.703] [info] runs 15317 | prob 0.638506234902396 | low 0.6285064195840978 | high 0.6485060502206942
[2026-04-14 20:33:19.337] [info] runs 15176 | prob 0.6460200316288878 | low 0.6360205028382506 | high 0.6560195604195249
[2026-04-14 20:33:19.973] [info] runs 15490 | prob 0.6287282117495158 | low 0.6187282670398498 | high 0.6387281564591817
[2026-04-14 20:33:20.607] [info] runs 15416 | prob 0.6330435910742086 | low 0.6230439582241565 | high 0.6430432239242607
[2026-04-14 20:33:20.691] [info] RESULT:
training_time, simulation_time, prob, low, high, runs
518, 67, 0.6430118820980766, 0.6330121234670568, 0.6530116407290963, 15233
542, 63, 0.6462329444334586, 0.6362331287515551, 0.656232760115362, 15171
482, 62, 0.6452271231073075, 0.6352271580077785, 0.6552270882068364, 15190
486, 62, 0.6361328125, 0.6261329138916387, 0.6461327111083612, 15360
481, 60, 0.6465972039039831, 0.6365974140683895, 0.6565969937395767, 15164
481, 64, 0.6217480456234782, 0.6117480948498757, 0.6317479963970807, 15606
484, 61, 0.6523154607667264, 0.6423158129105584, 0.6623151086228944, 15051
485, 65, 0.6198119843959838, 0.6098120226959547, 0.629811946096013, 15637
492, 61, 0.6559391066301663, 0.6459395012363885, 0.6659387120239441, 14977
482, 63, 0.634461698395166, 0.6244621223117749, 0.6444612744785571, 15391
485, 62, 0.641228874623346, 0.6312289090161354, 0.6512288402305566, 15266
484, 63, 0.638506234902396, 0.6285064195840978, 0.6485060502206942, 15317
482, 63, 0.635695230659119, 0.6256956921233503, 0.6456947691948878, 15369
491, 63, 0.6478203434610303, 0.6378205197246736, 0.6578201671973871, 15140
483, 62, 0.6449299203790222, 0.6349303756223775, 0.6549294651356669, 15197
484, 62, 0.6354647759058089, 0.625465189533092, 0.6454643622785257, 15373
491, 64, 0.649176205915437, 0.6391762903112689, 0.6591761215196051, 15113
487, 63, 0.6366775244299674, 0.6266775805990958, 0.6466774682608389, 15350
487, 61, 0.6386549134835129, 0.628655337983017, 0.6486544889840088, 15315
493, 64, 0.6226669232249374, 0.6126669414292124, 0.6326669050206625, 15591
485, 61, 0.6463607594936709, 0.636360772973534, 0.6563607460138078, 15168
484, 61, 0.638506234902396, 0.6285064195840978, 0.6485060502206942, 15317
489, 63, 0.6460200316288878, 0.6360205028382506, 0.6560195604195249, 15176
489, 62, 0.6287282117495158, 0.6187282670398498, 0.6387281564591817, 15490
487, 62, 0.6330435910742086, 0.6230439582241565, 0.6430432239242607, 15416
# timestamp 14.04.2026 20:33:04 (1776191584), datastructure SAC
# timebound 11, expirations {"r1": 0, "r2": 0}
# alpha 0.1, gamma 1
# fixed points 5, uniform granularity 0.5
# scheduler goal: MINIMIZING, scope: SEMIPROPHETIC, history: DISCRETE_HISTORY
# training runs 100000

[2026-04-14 20:33:21.190] [info] runs 11675 | prob 0.7721627408993575 | low 0.7621631045014358 | high 0.7821623772972793
[2026-04-14 20:33:21.782] [info] runs 11735 | prob 0.7705155517682147 | low 0.7605162046255468 | high 0.7805148989108827
[2026-04-14 20:33:22.377] [info] runs 11788 | prob 0.7690023752969121 | low 0.759002527432003 | high 0.7790022231618211
[2026-04-14 20:33:22.959] [info] runs 11833 | prob 0.7677681061438351 | low 0.757768695774055 | high 0.7777675165136151
[2026-04-14 20:33:23.539] [info] runs 11981 | prob 0.7635422752691762 | low 0.7535424451601636 | high 0.7735421053781888
[2026-04-14 20:33:24.121] [info] runs 11751 | prob 0.770062122372564 | low 0.7600626614913818 | high 0.7800615832537462
[2026-04-14 20:33:24.700] [info] runs 11779 | prob 0.7692503608116139 | low 0.7592504525136075 | high 0.7792502691096204
[2026-04-14 20:33:25.279] [info] runs 11772 | prob 0.7694529391777098 | low 0.7594531335512643 | high 0.7794527448041554
[2026-04-14 20:33:25.860] [info] runs 11561 | prob 0.7752789551076896 | low 0.7652789774775529 | high 0.7852789327378263
[2026-04-14 20:33:26.453] [info] runs 12016 | prob 0.7625665778961385 | low 0.752567137217359 | high 0.7725660185749179
[2026-04-14 20:33:27.027] [info] runs 11720 | prob 0.7709044368600683 | low 0.7609046518125746 | high 0.7809042219075619
[2026-04-14 20:33:27.609] [info] runs 11745 | prob 0.7702000851426138 | low 0.7602001758410167 | high 0.780199994444211
[2026-04-14 20:33:28.191] [info] runs 11866 | prob 0.7668127422888926 | low 0.7568129551658855 | high 0.7768125294118997
[2026-04-14 20:33:28.770] [info] runs 11760 | prob 0.769812925170068 | low 0.7598134947178867 | high 0.7798123556222494
[2026-04-14 20:33:29.344] [info] runs 11729 | prob 0.7706539346917896 | low 0.760654148543052 | high 0.7806537208405271
[2026-04-14 20:33:29.918] [info] runs 12048 | prob 0.7616201859229748 | low 0.7516203622848261 | high 0.7716200095611234
[2026-04-14 20:33:30.500] [info] runs 11740 | prob 0.7703577512776831 | low 0.7603581212021198 | high 0.7803573813532465
[2026-04-14 20:33:31.079] [info] runs 11976 | prob 0.7636940547762191 | low 0.7536943542466484 | high 0.7736937553057898
[2026-04-14 20:33:31.662] [info] runs 11960 | prob 0.7641304347826087 | low 0.754130435451505 | high 0.7741304341137123
[2026-04-14 20:33:32.242] [info] runs 11699 | prob 0.7715189332421575 | low 0.7615196264989088 | high 0.7815182399854061
[2026-04-14 20:33:32.821] [info] runs 11778 | prob 0.7693156732891833 | low 0.7593163313895512 | high 0.7793150151888153
[2026-04-14 20:33:33.402] [info] runs 11861 | prob 0.7669673720596915 | low 0.7569677861357074 | high 0.7769669579836755
[2026-04-14 20:33:33.977] [info] runs 11709 | prob 0.7712016397642839 | low 0.7612017230795876 | high 0.7812015564489803
[2026-04-14 20:33:34.554] [info] runs 11838 | prob 0.7676127724277749 | low 0.7576131428042743 | high 0.7776124020512756
[2026-04-14 20:33:35.130] [info] runs 11884 | prob 0.7663244698754628 | low 0.7563249878941075 | high 0.776323951856818
[2026-04-14 20:33:35.205] [info] RESULT:
training_time, simulation_time, prob, low, high, runs
460, 38, 0.7721627408993575, 0.7621631045014358, 0.7821623772972793, 11675
468, 38, 0.7705155517682147, 0.7605162046255468, 0.7805148989108827, 11735
477, 37, 0.7690023752969121, 0.759002527432003, 0.7790022231618211, 11788
462, 37, 0.7677681061438351, 0.757768695774055, 0.7777675165136151, 11833
465, 38, 0.7635422752691762, 0.7535424451601636, 0.7735421053781888, 11981
463, 38, 0.770062122372564, 0.7600626614913818, 0.7800615832537462, 11751
463, 37, 0.7692503608116139, 0.7592504525136075, 0.7792502691096204, 11779
462, 37, 0.7694529391777098, 0.7594531335512643, 0.7794527448041554, 11772
464, 36, 0.7752789551076896, 0.7652789774775529, 0.7852789327378263, 11561
475, 40, 0.7625665778961385, 0.752567137217359, 0.7725660185749179, 12016
459, 37, 0.7709044368600683, 0.7609046518125746, 0.7809042219075619, 11720
464, 39, 0.7702000851426138, 0.7602001758410167, 0.780199994444211, 11745
464, 38, 0.7668127422888926, 0.7568129551658855, 0.7768125294118997, 11866
462, 37, 0.769812925170068, 0.7598134947178867, 0.7798123556222494, 11760
459, 38, 0.7706539346917896, 0.760654148543052, 0.7806537208405271, 11729
458, 38, 0.7616201859229748, 0.7516203622848261, 0.7716200095611234, 12048
464, 37, 0.7703577512776831, 0.7603581212021198, 0.7803573813532465, 11740
461, 39, 0.7636940547762191, 0.7536943542466484, 0.7736937553057898, 11976
464, 39, 0.7641304347826087, 0.754130435451505, 0.7741304341137123, 11960
463, 37, 0.7715189332421575, 0.7615196264989088, 0.7815182399854061, 11699
461, 37, 0.7693156732891833, 0.7593163313895512, 0.7793150151888153, 11778
465, 38, 0.7669673720596915, 0.7569677861357074, 0.7769669579836755, 11861
459, 37, 0.7712016397642839, 0.7612017230795876, 0.7812015564489803, 11709
460, 37, 0.7676127724277749, 0.7576131428042743, 0.7776124020512756, 11838
458, 37, 0.7663244698754628, 0.7563249878941075, 0.776323951856818, 11884
# timestamp 14.04.2026 20:33:04 (1776191584), datastructure SAC
# timebound 11, expirations {"r1": 0, "r2": 0}
# alpha 0.1, gamma 1
# fixed points 5, uniform granularity 0.5
# scheduler goal: MAXIMIZING, scope: SEMIPROPHETIC, history: DISCRETE_HISTORY
# training runs 100000

[2026-04-14 20:33:35.205] [info] 2.1 Simulating on SAC: 30351
[2026-04-14 20:33:35.205] [info] Analysis finished; the goal is not reachable.
[2026-04-14 20:33:35.205] [info] Probability: 0.0
[2026-04-14 20:33:35.205] [info] 2 Analysis: 30351
[2026-04-14 20:33:35.205] [info] 0 Computation Time Complete: 30351
[2026-04-14 20:33:35.205] [info] Counters and timers:
Counters:

Timers:
0 Computation Time Complete: 30351
1 Model creation: 0
2 Analysis: 30351
2.0 Creating Unified Datastructure from SAC: 0
2.1 Simulating on SAC: 30351

timebound = 11, jump depth = 100, max expirations of random clocks = [{r1: 0}, {r2: 0}], combine absorbing locations in unrolling = 210, integration bound(s) = 11, integration samples = 500000, model = WATERTANK, model case = CASE_E, LTI analysis = rectangular analysis, scheduler = goal: MAXIMIZING, scope: SEMIPROPHETIC, history: HISTORY_DEPENDENT, multithreaded = 1, disableBackwardsRefinement = 0
simulating 0 runs after 1000000 training runs with parameters:
learning rate                 0.1
discount factor               1
exploration rate              0.15
uniform granularity           0.5
adaptive compartments         5


[2026-04-14 21:23:37.298] [warning] no flow specified for variable c1 in location all_off - assuming flow of 0
[2026-04-14 21:23:37.298] [warning] no flow specified for variable c1 in location v2_on - assuming flow of 0
[2026-04-14 21:23:37.298] [warning] no flow specified for variable c1 in location v1_block - assuming flow of 0
[2026-04-14 21:23:37.298] [warning] no flow specified for variable c1 in location v2_block - assuming flow of 0
[2026-04-14 21:23:37.298] [warning] no flow specified for variable c1 in location v1_block_v2_on - assuming flow of 0
[2026-04-14 21:23:37.298] [warning] no flow specified for variable c1 in location block_safe - assuming flow of 0
[2026-04-14 21:23:37.298] [warning] no flow specified for variable c1 in location block_unsafe - assuming flow of 0
[2026-04-14 21:23:37.298] [warning] no flow specified for variable c2 in location all_off - assuming flow of 0
[2026-04-14 21:23:37.298] [warning] no flow specified for variable c2 in location v1_on - assuming flow of 0
[2026-04-14 21:23:37.298] [warning] no flow specified for variable c2 in location v1_block - assuming flow of 0
[2026-04-14 21:23:37.298] [warning] no flow specified for variable c2 in location v2_block - assuming flow of 0
[2026-04-14 21:23:37.298] [warning] no flow specified for variable c2 in location v2_block_v1_on - assuming flow of 0
[2026-04-14 21:23:37.298] [warning] no flow specified for variable c2 in location block_safe - assuming flow of 0
[2026-04-14 21:23:37.298] [warning] no flow specified for variable c2 in location block_unsafe - assuming flow of 0
[2026-04-14 21:23:37.298] [warning] no constraints specified for variable c1 in initial constraint number 0 - assuming [0,0]
[2026-04-14 21:23:37.298] [warning] no constraints specified for variable c2 in initial constraint number 0 - assuming [0,0]
[2026-04-14 21:23:37.298] [info] 1 Model creation: 0
[2026-04-14 21:23:37.299] [info] 2.0 Creating Unified Datastructure from SAC: 0
[2026-04-14 21:23:41.601] [info] runs 16583 | prob 0.509919797382862 | low 0.49991982444721844 | high 0.5199197703185054
[2026-04-14 21:23:45.985] [info] runs 16577 | prob 0.5140857815044941 | low 0.5040860004828128 | high 0.5240855625261754
[2026-04-14 21:23:50.302] [info] runs 16586 | prob 0.5080791028578319 | low 0.4980793715510815 | high 0.5180788341645822
[2026-04-14 21:23:54.625] [info] runs 16581 | prob 0.5114287437428382 | low 0.5014288123147395 | high 0.5214286751709369
[2026-04-14 21:23:59.032] [info] runs 16575 | prob 0.5148114630467572 | low 0.5048114985002343 | high 0.52481142759328
[2026-04-14 21:24:03.392] [info] runs 16590 | prob 0.498794454490657 | low 0.4887946523348038 | high 0.5087942566465102
[2026-04-14 21:24:07.724] [info] runs 16589 | prob 0.50449092772319 | low 0.49449119848819095 | high 0.5144906569581892
[2026-04-14 21:24:12.042] [info] runs 16590 | prob 0.500783604581073 | low 0.4907837856393916 | high 0.5107834235227543
[2026-04-14 21:24:16.368] [info] runs 16583 | prob 0.510281613700778 | low 0.5002817870073736 | high 0.5202814403941823
[2026-04-14 21:24:20.720] [info] runs 16583 | prob 0.5100404028221672 | low 0.5000404780516419 | high 0.5200403275926926
[2026-04-14 21:24:25.040] [info] runs 16555 | prob 0.5229235880398672 | low 0.5129237180311287 | high 0.5329234580486056
[2026-04-14 21:24:29.364] [info] runs 16584 | prob 0.5098287506029908 | low 0.4998290431927463 | high 0.5198284580132354
[2026-04-14 21:24:33.707] [info] runs 16579 | prob 0.5128174196272393 | low 0.5028175588607547 | high 0.5228172803937238
[2026-04-14 21:24:38.019] [info] runs 16587 | prob 0.5066618436124676 | low 0.49666199583163634 | high 0.5166616913932989
[2026-04-14 21:24:42.313] [info] runs 16578 | prob 0.513692845940403 | low 0.5036931480573569 | high 0.5236925438234491
[2026-04-14 21:24:46.662] [info] runs 16588 | prob 0.5056064625030142 | low 0.4956066571592076 | high 0.5156062678468208
[2026-04-14 21:24:51.001] [info] runs 16589 | prob 0.504430646814154 | low 0.4944309068225716 | high 0.5144303868057363
[2026-04-14 21:24:55.303] [info] runs 16585 | prob 0.5085318058486584 | low 0.49853192351437664 | high 0.5185316881829402
[2026-04-14 21:24:59.646] [info] runs 16569 | prob 0.5178345102299475 | low 0.5078347113293427 | high 0.5278343091305524
[2026-04-14 21:25:04.000] [info] runs 16574 | prob 0.5153252081573549 | low 0.5053252518754924 | high 0.5253251644392175
[2026-04-14 21:25:08.292] [info] runs 16590 | prob 0.49795057263411696 | low 0.48795082541389817 | high 0.5079503198543358
[2026-04-14 21:25:12.588] [info] runs 16587 | prob 0.5061795381925605 | low 0.49617956652302836 | high 0.5161795098620926
[2026-04-14 21:25:16.929] [info] runs 16584 | prob 0.5092257597684515 | low 0.4992258224848424 | high 0.5192256970520607
[2026-04-14 21:25:21.268] [info] runs 16560 | prob 0.5213768115942029 | low 0.5113770783181035 | high 0.5313765448703023
[2026-04-14 21:25:25.627] [info] runs 16578 | prob 0.5132705995898178 | low 0.5032706738410219 | high 0.5232705253386137
[2026-04-14 21:25:25.687] [info] RESULT:
training_time, simulation_time, prob, low, high, runs
4246, 55, 0.509919797382862, 0.49991982444721844, 0.5199197703185054, 16583
4302, 56, 0.5140857815044941, 0.5040860004828128, 0.5240855625261754, 16577
4201, 54, 0.5080791028578319, 0.4980793715510815, 0.5180788341645822, 16586
4206, 56, 0.5114287437428382, 0.5014288123147395, 0.5214286751709369, 16581
4292, 55, 0.5148114630467572, 0.5048114985002343, 0.52481142759328, 16575
4242, 56, 0.498794454490657, 0.4887946523348038, 0.5087942566465102, 16590
4213, 58, 0.50449092772319, 0.49449119848819095, 0.5144906569581892, 16589
4197, 54, 0.500783604581073, 0.4907837856393916, 0.5107834235227543, 16590
4212, 54, 0.510281613700778, 0.5002817870073736, 0.5202814403941823, 16583
4241, 55, 0.5100404028221672, 0.5000404780516419, 0.5200403275926926, 16583
4204, 54, 0.5229235880398672, 0.5129237180311287, 0.5329234580486056, 16555
4210, 54, 0.5098287506029908, 0.4998290431927463, 0.5198284580132354, 16584
4226, 57, 0.5128174196272393, 0.5028175588607547, 0.5228172803937238, 16579
4188, 59, 0.5066618436124676, 0.49666199583163634, 0.5166616913932989, 16587
4176, 54, 0.513692845940403, 0.5036931480573569, 0.5236925438234491, 16578
4231, 55, 0.5056064625030142, 0.4956066571592076, 0.5156062678468208, 16588
4223, 55, 0.504430646814154, 0.4944309068225716, 0.5144303868057363, 16589
4187, 54, 0.5085318058486584, 0.49853192351437664, 0.5185316881829402, 16585
4228, 54, 0.5178345102299475, 0.5078347113293427, 0.5278343091305524, 16569
4238, 54, 0.5153252081573549, 0.5053252518754924, 0.5253251644392175, 16574
4174, 58, 0.49795057263411696, 0.48795082541389817, 0.5079503198543358, 16590
4180, 54, 0.5061795381925605, 0.49617956652302836, 0.5161795098620926, 16587
4225, 55, 0.5092257597684515, 0.4992258224848424, 0.5192256970520607, 16584
4230, 53, 0.5213768115942029, 0.5113770783181035, 0.5313765448703023, 16560
4243, 55, 0.5132705995898178, 0.5032706738410219, 0.5232705253386137, 16578
# timestamp 14.04.2026 21:23:37 (1776194617), datastructure SAC
# timebound 11, expirations {"r1": 0, "r2": 0}
# alpha 0.1, gamma 1
# fixed points 5, uniform granularity 0.5
# scheduler goal: MINIMIZING, scope: SEMIPROPHETIC, history: MEMORYLESS
# training runs 1000000

[2026-04-14 21:25:29.819] [info] runs 10713 | prob 0.7976290488191916 | low 0.787629857597574 | high 0.8076282400408092
[2026-04-14 21:25:33.969] [info] runs 10681 | prob 0.7984271135661455 | low 0.7884277215028589 | high 0.8084265056294321
[2026-04-14 21:25:38.093] [info] runs 10759 | prob 0.7964494841528023 | low 0.7864500568756094 | high 0.8064489114299951
[2026-04-14 21:25:42.252] [info] runs 10403 | prob 0.8053446121311161 | low 0.7953448273573233 | high 0.8153443969049089
[2026-04-14 21:25:46.394] [info] runs 10463 | prob 0.8038803402465832 | low 0.7938809385458326 | high 0.8138797419473337
[2026-04-14 21:25:50.541] [info] runs 10569 | prob 0.8012110890339673 | low 0.7912111244312441 | high 0.8112110536366905
[2026-04-14 21:25:54.671] [info] runs 10615 | prob 0.8000942063118229 | low 0.7900949174915216 | high 0.8100934951321243
[2026-04-14 21:25:58.798] [info] runs 10069 | prob 0.8134869401132188 | low 0.80348734065521 | high 0.8234865395712275
[2026-04-14 21:26:02.971] [info] runs 10425 | prob 0.8047961630695444 | low 0.7947962793398817 | high 0.814796046799207
[2026-04-14 21:26:07.095] [info] runs 10480 | prob 0.8034351145038168 | low 0.7934352620834513 | high 0.8134349669241823
[2026-04-14 21:26:11.217] [info] runs 10651 | prob 0.7991737864989202 | low 0.7891742128958557 | high 0.8091733601019848
[2026-04-14 21:26:15.348] [info] runs 10443 | prob 0.8043665613329503 | low 0.7943669811307846 | high 0.8143661415351159
[2026-04-14 21:26:19.472] [info] runs 10377 | prob 0.8060132986412258 | low 0.7960140577032513 | high 0.8160125395792004
[2026-04-14 21:26:23.582] [info] runs 10715 | prob 0.7975734951003266 | low 0.787574213115707 | high 0.8075727770849462
[2026-04-14 21:26:27.746] [info] runs 10526 | prob 0.8022990689720692 | low 0.7922993757355901 | high 0.8122987622085482
[2026-04-14 21:26:31.895] [info] runs 10428 | prob 0.8047564250095895 | low 0.7947572090236202 | high 0.8147556409955589
[2026-04-14 21:26:36.073] [info] runs 10189 | prob 0.8105800372951222 | low 0.8005802467616924 | high 0.820579827828552
[2026-04-14 21:26:40.253] [info] runs 10704 | prob 0.7978325859491778 | low 0.7878329481020931 | high 0.8078322237962625
[2026-04-14 21:26:44.397] [info] runs 10664 | prob 0.7988559639909978 | low 0.7888565715910896 | high 0.808855356390906
[2026-04-14 21:26:48.550] [info] runs 10578 | prob 0.8010020797882398 | low 0.7910024213029202 | high 0.8110017382735594
[2026-04-14 21:26:52.714] [info] runs 10771 | prob 0.796119208987095 | low 0.7861193229160878 | high 0.8061190950581022
[2026-04-14 21:26:56.895] [info] runs 10500 | prob 0.802952380952381 | low 0.7929528023150445 | high 0.8129519595897174
[2026-04-14 21:27:01.146] [info] runs 10370 | prob 0.8061716489874639 | low 0.7961721350160446 | high 0.8161711629588831
[2026-04-14 21:27:05.287] [info] runs 10153 | prob 0.8114842903575298 | low 0.801485153845821 | high 0.8214834268692386
[2026-04-14 21:27:09.414] [info] runs 10458 | prob 0.8039778160260088 | low 0.7939779038810958 | high 0.8139777281709218
[2026-04-14 21:27:09.475] [info] RESULT:
training_time, simulation_time, prob, low, high, runs
4101, 30, 0.7976290488191916, 0.787629857597574, 0.8076282400408092, 10713
4057, 30, 0.7984271135661455, 0.7884277215028589, 0.8084265056294321, 10681
4029, 30, 0.7964494841528023, 0.7864500568756094, 0.8064489114299951, 10759
4066, 28, 0.8053446121311161, 0.7953448273573233, 0.8153443969049089, 10403
4051, 29, 0.8038803402465832, 0.7938809385458326, 0.8138797419473337, 10463
4056, 29, 0.8012110890339673, 0.7912111244312441, 0.8112110536366905, 10569
4039, 29, 0.8000942063118229, 0.7900949174915216, 0.8100934951321243, 10615
4038, 28, 0.8134869401132188, 0.80348734065521, 0.8234865395712275, 10069
4082, 29, 0.8047961630695444, 0.7947962793398817, 0.814796046799207, 10425
4034, 29, 0.8034351145038168, 0.7934352620834513, 0.8134349669241823, 10480
4030, 29, 0.7991737864989202, 0.7891742128958557, 0.8091733601019848, 10651
4040, 29, 0.8043665613329503, 0.7943669811307846, 0.8143661415351159, 10443
4032, 28, 0.8060132986412258, 0.7960140577032513, 0.8160125395792004, 10377
4018, 30, 0.7975734951003266, 0.787574213115707, 0.8075727770849462, 10715
4073, 29, 0.8022990689720692, 0.7922993757355901, 0.8122987622085482, 10526
4059, 29, 0.8047564250095895, 0.7947572090236202, 0.8147556409955589, 10428
4088, 28, 0.8105800372951222, 0.8005802467616924, 0.820579827828552, 10189
4087, 29, 0.7978325859491778, 0.7878329481020931, 0.8078322237962625, 10704
4051, 31, 0.7988559639909978, 0.7888565715910896, 0.808855356390906, 10664
4062, 29, 0.8010020797882398, 0.7910024213029202, 0.8110017382735594, 10578
4073, 30, 0.796119208987095, 0.7861193229160878, 0.8061190950581022, 10771
4091, 29, 0.802952380952381, 0.7929528023150445, 0.8129519595897174, 10500
4157, 31, 0.8061716489874639, 0.7961721350160446, 0.8161711629588831, 10370
4051, 27, 0.8114842903575298, 0.801485153845821, 0.8214834268692386, 10153
4034, 29, 0.8039778160260088, 0.7939779038810958, 0.8139777281709218, 10458
# timestamp 14.04.2026 21:23:37 (1776194617), datastructure SAC
# timebound 11, expirations {"r1": 0, "r2": 0}
# alpha 0.1, gamma 1
# fixed points 5, uniform granularity 0.5
# scheduler goal: MAXIMIZING, scope: SEMIPROPHETIC, history: MEMORYLESS
# training runs 1000000

[2026-04-14 21:27:09.475] [info] 2.1 Simulating on SAC: 212176
[2026-04-14 21:27:09.475] [info] Analysis finished; the goal is not reachable.
[2026-04-14 21:27:09.475] [info] Probability: 0.0
[2026-04-14 21:27:09.475] [info] 2 Analysis: 212177
[2026-04-14 21:27:09.475] [info] 0 Computation Time Complete: 212177
[2026-04-14 21:27:09.475] [info] Counters and timers:
Counters:

Timers:
0 Computation Time Complete: 212177
1 Model creation: 0
2 Analysis: 212177
2.0 Creating Unified Datastructure from SAC: 0
2.1 Simulating on SAC: 212176

