timebound = 12, jump depth = 100, max expirations of random clocks = [{r1: 0}, {r2: 0}], combine absorbing locations in unrolling = 20, integration bound(s) = 12, integration samples = 500000, model = WATERTANK, model case = CASE_A, LTI analysis = rectangular analysis, scheduler = goal: MAXIMIZING, scope: SEMIPROPHETIC, history: HISTORY_DEPENDENT, multithreaded = 1, disableBackwardsRefinement = 0
simulating 0 runs after 100000 training runs with parameters:
learning rate                 0.1
discount factor               1
exploration rate              0.15
uniform granularity           0.5
adaptive compartments         5


[2026-04-08 13:24:25.895] [warning] no flow specified for variable c1 in location all_off - assuming flow of 0
[2026-04-08 13:24:25.895] [warning] no flow specified for variable c1 in location v2_on - assuming flow of 0
[2026-04-08 13:24:25.895] [warning] no flow specified for variable c1 in location v1_block - assuming flow of 0
[2026-04-08 13:24:25.895] [warning] no flow specified for variable c1 in location v2_block - assuming flow of 0
[2026-04-08 13:24:25.895] [warning] no flow specified for variable c1 in location v1_block_v2_on - assuming flow of 0
[2026-04-08 13:24:25.895] [warning] no flow specified for variable c1 in location block_safe - assuming flow of 0
[2026-04-08 13:24:25.895] [warning] no flow specified for variable c1 in location block_unsafe - assuming flow of 0
[2026-04-08 13:24:25.895] [warning] no flow specified for variable c2 in location all_off - assuming flow of 0
[2026-04-08 13:24:25.895] [warning] no flow specified for variable c2 in location v1_on - assuming flow of 0
[2026-04-08 13:24:25.895] [warning] no flow specified for variable c2 in location v1_block - assuming flow of 0
[2026-04-08 13:24:25.895] [warning] no flow specified for variable c2 in location v2_block - assuming flow of 0
[2026-04-08 13:24:25.895] [warning] no flow specified for variable c2 in location v2_block_v1_on - assuming flow of 0
[2026-04-08 13:24:25.895] [warning] no flow specified for variable c2 in location block_safe - assuming flow of 0
[2026-04-08 13:24:25.896] [warning] no flow specified for variable c2 in location block_unsafe - assuming flow of 0
[2026-04-08 13:24:25.896] [warning] no constraints specified for variable c1 in initial constraint number 0 - assuming [0,0]
[2026-04-08 13:24:25.896] [warning] no constraints specified for variable c2 in initial constraint number 0 - assuming [0,0]
[2026-04-08 13:24:25.896] [info] 1 Model creation: 0
[2026-04-08 13:24:25.896] [info] 2.0 Creating Unified Datastructure from SAC: 0
[2026-04-08 13:24:26.523] [info] runs 13728 | prob 0.7076777389277389 | low 0.6976779476487825 | high 0.7176775302066952
[2026-04-08 13:24:27.216] [info] runs 13939 | prob 0.699906736494727 | low 0.689907237071954 | high 0.7099062359175
[2026-04-08 13:24:27.891] [info] runs 13988 | prob 0.6980268801830141 | low 0.6880271504253147 | high 0.7080266099407134
[2026-04-08 13:24:28.568] [info] runs 13907 | prob 0.7010857841374847 | low 0.6910860605173198 | high 0.7110855077576496
[2026-04-08 13:24:29.242] [info] runs 13748 | prob 0.7069391911550771 | low 0.6969392832984224 | high 0.7169390990117318
[2026-04-08 13:24:29.915] [info] runs 13806 | prob 0.7048384760249167 | low 0.6948387846143198 | high 0.7148381674355135
[2026-04-08 13:24:30.592] [info] runs 14077 | prob 0.6946082261845564 | low 0.6846084695235388 | high 0.704607982845574
[2026-04-08 13:24:31.270] [info] runs 13805 | prob 0.7048895327779789 | low 0.6948899819830076 | high 0.7148890835729503
[2026-04-08 13:24:31.941] [info] runs 14030 | prob 0.6964362081254455 | low 0.6864366069522999 | high 0.7064358092985911
[2026-04-08 13:24:32.619] [info] runs 13909 | prob 0.7009849737579984 | low 0.6909850021710889 | high 0.7109849453449079
[2026-04-08 13:24:33.296] [info] runs 13778 | prob 0.7058353897517782 | low 0.6958353967761961 | high 0.7158353827273602
[2026-04-08 13:24:33.966] [info] runs 13993 | prob 0.6978489244622311 | low 0.6878493108142967 | high 0.7078485381101656
[2026-04-08 13:24:34.643] [info] runs 13956 | prob 0.6992691315563199 | low 0.689269671241679 | high 0.7092685918709607
[2026-04-08 13:24:35.316] [info] runs 13912 | prob 0.7009056929269695 | low 0.6909060396600777 | high 0.7109053461938613
[2026-04-08 13:24:35.997] [info] runs 13787 | prob 0.7055196924639153 | low 0.6955198382157995 | high 0.7155195467120311
[2026-04-08 13:24:36.671] [info] runs 13797 | prob 0.7051532941943901 | low 0.6951534453333471 | high 0.7151531430554331
[2026-04-08 13:24:37.348] [info] runs 13992 | prob 0.6978987993138936 | low 0.6878992963903258 | high 0.7078983022374615
[2026-04-08 13:24:38.025] [info] runs 14142 | prob 0.6920520435581955 | low 0.6820520784847331 | high 0.7020520086316578
[2026-04-08 13:24:38.702] [info] runs 14036 | prob 0.6962097463664861 | low 0.6862101804741915 | high 0.7062093122587808
[2026-04-08 13:24:39.381] [info] runs 13822 | prob 0.7042396180002894 | low 0.6942398335140505 | high 0.7142394024865284
[2026-04-08 13:24:40.058] [info] runs 13931 | prob 0.7001650994185629 | low 0.6901651907476013 | high 0.7101650080895244
[2026-04-08 13:24:40.735] [info] runs 13672 | prob 0.7096986541837331 | low 0.6996988533723368 | high 0.7196984549951294
[2026-04-08 13:24:41.413] [info] runs 13832 | prob 0.7038750722961249 | low 0.6938753337539182 | high 0.7138748108383316
[2026-04-08 13:24:42.092] [info] runs 13835 | prob 0.7037947235272859 | low 0.6937952836037264 | high 0.7137941634508453
[2026-04-08 13:24:42.768] [info] runs 13972 | prob 0.6986115087317493 | low 0.6886115600715319 | high 0.7086114573919666
[2026-04-08 13:24:42.866] [info] RESULT:
training_time, simulation_time, prob, low, high, runs
557, 70, 0.7076777389277389, 0.6976779476487825, 0.7176775302066952, 13728
588, 66, 0.699906736494727, 0.689907237071954, 0.7099062359175, 13939
507, 65, 0.6980268801830141, 0.6880271504253147, 0.7080266099407134, 13988
507, 65, 0.7010857841374847, 0.6910860605173198, 0.7110855077576496, 13907
508, 63, 0.7069391911550771, 0.6969392832984224, 0.7169390990117318, 13748
508, 64, 0.7048384760249167, 0.6948387846143198, 0.7148381674355135, 13806
509, 65, 0.6946082261845564, 0.6846084695235388, 0.704607982845574, 14077
510, 63, 0.7048895327779789, 0.6948899819830076, 0.7148890835729503, 13805
509, 66, 0.6964362081254455, 0.6864366069522999, 0.7064358092985911, 14030
511, 65, 0.7009849737579984, 0.6909850021710889, 0.7109849453449079, 13909
510, 64, 0.7058353897517782, 0.6958353967761961, 0.7158353827273602, 13778
504, 65, 0.6978489244622311, 0.6878493108142967, 0.7078485381101656, 13993
510, 65, 0.6992691315563199, 0.689269671241679, 0.7092685918709607, 13956
507, 65, 0.7009056929269695, 0.6909060396600777, 0.7109053461938613, 13912
512, 66, 0.7055196924639153, 0.6955198382157995, 0.7155195467120311, 13787
509, 64, 0.7051532941943901, 0.6951534453333471, 0.7151531430554331, 13797
510, 65, 0.6978987993138936, 0.6878992963903258, 0.7078983022374615, 13992
509, 65, 0.6920520435581955, 0.6820520784847331, 0.7020520086316578, 14142
510, 65, 0.6962097463664861, 0.6862101804741915, 0.7062093122587808, 14036
510, 66, 0.7042396180002894, 0.6942398335140505, 0.7142394024865284, 13822
512, 65, 0.7001650994185629, 0.6901651907476013, 0.7101650080895244, 13931
509, 63, 0.7096986541837331, 0.6996988533723368, 0.7196984549951294, 13672
511, 65, 0.7038750722961249, 0.6938753337539182, 0.7138748108383316, 13832
512, 65, 0.7037947235272859, 0.6937952836037264, 0.7137941634508453, 13835
509, 65, 0.6986115087317493, 0.6886115600715319, 0.7086114573919666, 13972
# timestamp 08.04.2026 13:24:25 (1775647465), datastructure SAC
# timebound 12, expirations {"r1": 0, "r2": 0}
# alpha 0.1, gamma 1
# fixed points 5, uniform granularity 0.5
# scheduler goal: MINIMIZING, scope: SEMIPROPHETIC, history: DISCRETE_HISTORY
# training runs 100000

[2026-04-08 13:24:43.413] [info] runs 12210 | prob 0.7569205569205569 | low 0.7469208495019585 | high 0.7669202643391554
[2026-04-08 13:24:44.053] [info] runs 12301 | prob 0.7542476221445411 | low 0.7442480483757312 | high 0.764247195913351
[2026-04-08 13:24:44.690] [info] runs 12329 | prob 0.7534268797144943 | low 0.7434274472151782 | high 0.7634263122138104
[2026-04-08 13:24:45.329] [info] runs 12116 | prob 0.759656652360515 | low 0.7496568606958907 | high 0.7696564440251394
[2026-04-08 13:24:45.966] [info] runs 12238 | prob 0.7560875960124204 | low 0.7460877425890028 | high 0.766087449435838
[2026-04-08 13:24:46.600] [info] runs 12268 | prob 0.7552168242582328 | low 0.7452171561554211 | high 0.7652164923610445
[2026-04-08 13:24:47.239] [info] runs 12350 | prob 0.7527935222672065 | low 0.742793977249442 | high 0.7627930672849711
[2026-04-08 13:24:47.876] [info] runs 12459 | prob 0.7494983546030982 | low 0.7394984720555811 | high 0.7594982371506154
[2026-04-08 13:24:48.510] [info] runs 12307 | prob 0.7540424148858373 | low 0.7440424665469771 | high 0.7640423632246975
[2026-04-08 13:24:49.146] [info] runs 12019 | prob 0.762459439221233 | low 0.75245969359667 | high 0.7724591848457961
[2026-04-08 13:24:49.779] [info] runs 12130 | prob 0.7592745259686727 | low 0.7492750809174848 | high 0.7692739710198606
[2026-04-08 13:24:50.407] [info] runs 12014 | prob 0.7626102879973364 | low 0.7526106489997654 | high 0.7726099269949075
[2026-04-08 13:24:51.041] [info] runs 12163 | prob 0.7582833182602976 | low 0.7482834433336477 | high 0.7682831931869475
[2026-04-08 13:24:51.678] [info] runs 12477 | prob 0.7489781197403222 | low 0.7389785543297401 | high 0.7589776851509044
[2026-04-08 13:24:52.308] [info] runs 12230 | prob 0.7563368765331153 | low 0.746337217965173 | high 0.7663365351010576
[2026-04-08 13:24:52.945] [info] runs 12288 | prob 0.754638671875 | low 0.7446391820506878 | high 0.7646381616993122
[2026-04-08 13:24:53.580] [info] runs 12130 | prob 0.7592745259686727 | low 0.7492750809174848 | high 0.7692739710198606
[2026-04-08 13:24:54.217] [info] runs 12379 | prob 0.7519185717747798 | low 0.7419189031156506 | high 0.7619182404339091
[2026-04-08 13:24:54.847] [info] runs 12101 | prob 0.760102470870176 | low 0.7501028349525943 | high 0.7701021067877577
[2026-04-08 13:24:55.482] [info] runs 12330 | prob 0.7533657745336577 | low 0.7433659141774321 | high 0.7633656348898833
[2026-04-08 13:24:56.119] [info] runs 12238 | prob 0.7560875960124204 | low 0.7460877425890028 | high 0.766087449435838
[2026-04-08 13:24:56.753] [info] runs 12368 | prob 0.7522639068564037 | low 0.7422644623357864 | high 0.762263351377021
[2026-04-08 13:24:57.385] [info] runs 12233 | prob 0.7562331398675713 | low 0.7462332652397072 | high 0.7662330144954355
[2026-04-08 13:24:58.015] [info] runs 12564 | prob 0.7463387456224132 | low 0.7363392761967286 | high 0.7563382150480978
[2026-04-08 13:24:58.645] [info] runs 12575 | prob 0.7460039761431412 | low 0.7360045312354468 | high 0.7560034210508355
[2026-04-08 13:24:58.740] [info] RESULT:
training_time, simulation_time, prob, low, high, runs
495, 52, 0.7569205569205569, 0.7469208495019585, 0.7669202643391554, 12210
497, 47, 0.7542476221445411, 0.7442480483757312, 0.764247195913351, 12301
495, 48, 0.7534268797144943, 0.7434274472151782, 0.7634263122138104, 12329
495, 46, 0.759656652360515, 0.7496568606958907, 0.7696564440251394, 12116
494, 48, 0.7560875960124204, 0.7460877425890028, 0.766087449435838, 12238
491, 47, 0.7552168242582328, 0.7452171561554211, 0.7652164923610445, 12268
497, 48, 0.7527935222672065, 0.742793977249442, 0.7627930672849711, 12350
494, 48, 0.7494983546030982, 0.7394984720555811, 0.7594982371506154, 12459
491, 47, 0.7540424148858373, 0.7440424665469771, 0.7640423632246975, 12307
496, 46, 0.762459439221233, 0.75245969359667, 0.7724591848457961, 12019
492, 47, 0.7592745259686727, 0.7492750809174848, 0.7692739710198606, 12130
489, 46, 0.7626102879973364, 0.7526106489997654, 0.7726099269949075, 12014
494, 46, 0.7582833182602976, 0.7482834433336477, 0.7682831931869475, 12163
494, 48, 0.7489781197403222, 0.7389785543297401, 0.7589776851509044, 12477
490, 47, 0.7563368765331153, 0.746337217965173, 0.7663365351010576, 12230
494, 48, 0.754638671875, 0.7446391820506878, 0.7646381616993122, 12288
495, 46, 0.7592745259686727, 0.7492750809174848, 0.7692739710198606, 12130
495, 48, 0.7519185717747798, 0.7419189031156506, 0.7619182404339091, 12379
488, 47, 0.760102470870176, 0.7501028349525943, 0.7701021067877577, 12101
495, 48, 0.7533657745336577, 0.7433659141774321, 0.7633656348898833, 12330
491, 47, 0.7560875960124204, 0.7460877425890028, 0.766087449435838, 12238
490, 48, 0.7522639068564037, 0.7422644623357864, 0.762263351377021, 12368
489, 47, 0.7562331398675713, 0.7462332652397072, 0.7662330144954355, 12233
487, 49, 0.7463387456224132, 0.7363392761967286, 0.7563382150480978, 12564
489, 48, 0.7460039761431412, 0.7360045312354468, 0.7560034210508355, 12575
# timestamp 08.04.2026 13:24:25 (1775647465), datastructure SAC
# timebound 12, expirations {"r1": 0, "r2": 0}
# alpha 0.1, gamma 1
# fixed points 5, uniform granularity 0.5
# scheduler goal: MAXIMIZING, scope: SEMIPROPHETIC, history: DISCRETE_HISTORY
# training runs 100000

[2026-04-08 13:24:58.741] [info] 2.1 Simulating on SAC: 32844
[2026-04-08 13:24:58.741] [info] Analysis finished; the goal is not reachable.
[2026-04-08 13:24:58.741] [info] Probability: 0.0
[2026-04-08 13:24:58.741] [info] 2 Analysis: 32844
[2026-04-08 13:24:58.741] [info] 0 Computation Time Complete: 32845
[2026-04-08 13:24:58.741] [info] Counters and timers:
Counters:

Timers:
0 Computation Time Complete: 32845
1 Model creation: 0
2 Analysis: 32844
2.0 Creating Unified Datastructure from SAC: 0
2.1 Simulating on SAC: 32844

timebound = 12, jump depth = 100, max expirations of random clocks = [{r1: 0}, {r2: 0}], combine absorbing locations in unrolling = 33, integration bound(s) = 12, integration samples = 500000, model = WATERTANK, model case = CASE_E, LTI analysis = rectangular analysis, scheduler = goal: MAXIMIZING, scope: SEMIPROPHETIC, history: HISTORY_DEPENDENT, multithreaded = 1, disableBackwardsRefinement = 0
simulating 0 runs after 100000 training runs with parameters:
learning rate                 0.1
discount factor               1
exploration rate              0.15
uniform granularity           0.5
adaptive compartments         5


[2026-04-14 20:33:35.222] [warning] no flow specified for variable c1 in location all_off - assuming flow of 0
[2026-04-14 20:33:35.222] [warning] no flow specified for variable c1 in location v2_on - assuming flow of 0
[2026-04-14 20:33:35.222] [warning] no flow specified for variable c1 in location v1_block - assuming flow of 0
[2026-04-14 20:33:35.222] [warning] no flow specified for variable c1 in location v2_block - assuming flow of 0
[2026-04-14 20:33:35.222] [warning] no flow specified for variable c1 in location v1_block_v2_on - assuming flow of 0
[2026-04-14 20:33:35.222] [warning] no flow specified for variable c1 in location block_safe - assuming flow of 0
[2026-04-14 20:33:35.222] [warning] no flow specified for variable c1 in location block_unsafe - assuming flow of 0
[2026-04-14 20:33:35.222] [warning] no flow specified for variable c2 in location all_off - assuming flow of 0
[2026-04-14 20:33:35.222] [warning] no flow specified for variable c2 in location v1_on - assuming flow of 0
[2026-04-14 20:33:35.222] [warning] no flow specified for variable c2 in location v1_block - assuming flow of 0
[2026-04-14 20:33:35.222] [warning] no flow specified for variable c2 in location v2_block - assuming flow of 0
[2026-04-14 20:33:35.222] [warning] no flow specified for variable c2 in location v2_block_v1_on - assuming flow of 0
[2026-04-14 20:33:35.222] [warning] no flow specified for variable c2 in location block_safe - assuming flow of 0
[2026-04-14 20:33:35.222] [warning] no flow specified for variable c2 in location block_unsafe - assuming flow of 0
[2026-04-14 20:33:35.222] [warning] no constraints specified for variable c1 in initial constraint number 0 - assuming [0,0]
[2026-04-14 20:33:35.222] [warning] no constraints specified for variable c2 in initial constraint number 0 - assuming [0,0]
[2026-04-14 20:33:35.222] [info] 1 Model creation: 0
[2026-04-14 20:33:35.222] [info] 2.0 Creating Unified Datastructure from SAC: 0
[2026-04-14 20:33:35.851] [info] runs 12615 | prob 0.7447483154974237 | low 0.7347485157173146 | high 0.7547481152775328
[2026-04-14 20:33:36.555] [info] runs 12806 | prob 0.7387943151647666 | low 0.7287944948856969 | high 0.7487941354438362
[2026-04-14 20:33:37.248] [info] runs 12618 | prob 0.7446504992867332 | low 0.7346506294699665 | high 0.7546503691034999
[2026-04-14 20:33:37.936] [info] runs 12785 | prob 0.7394603050449746 | low 0.7294605381681003 | high 0.7494600719218489
[2026-04-14 20:33:38.621] [info] runs 12692 | prob 0.7423573904821935 | low 0.7323574782142965 | high 0.7523573027500905
[2026-04-14 20:33:39.319] [info] runs 12969 | prob 0.7335954969542756 | low 0.7235956875442235 | high 0.7435953063643277
[2026-04-14 20:33:40.004] [info] runs 12534 | prob 0.7472474868358066 | low 0.7372479246323013 | high 0.7572470490393118
[2026-04-14 20:33:40.695] [info] runs 12842 | prob 0.7376576857187354 | low 0.7276578898532493 | high 0.7476574815842214
[2026-04-14 20:33:41.394] [info] runs 12424 | prob 0.7505634256278171 | low 0.7405636811431796 | high 0.7605631701124546
[2026-04-14 20:33:42.105] [info] runs 12740 | prob 0.740894819466248 | low 0.7308953381814939 | high 0.7508943007510022
[2026-04-14 20:33:42.803] [info] runs 13072 | prob 0.7302631578947368 | low 0.7202635109000826 | high 0.7402628048893911
[2026-04-14 20:33:43.504] [info] runs 12830 | prob 0.7380358534684334 | low 0.728036033330116 | high 0.7480356736067507
[2026-04-14 20:33:44.218] [info] runs 13111 | prob 0.7290061780184578 | low 0.7190067939538816 | high 0.739005562083034
[2026-04-14 20:33:44.926] [info] runs 12705 | prob 0.741991341991342 | low 0.7319919157153958 | high 0.7519907682672882
[2026-04-14 20:33:45.618] [info] runs 12749 | prob 0.7406071064397207 | low 0.7306075491592501 | high 0.7506066637201914
[2026-04-14 20:33:46.308] [info] runs 12607 | prob 0.7449829459823908 | low 0.7349829975597268 | high 0.7549828944050547
[2026-04-14 20:33:47.000] [info] runs 12758 | prob 0.7403197993415896 | low 0.7303201755530617 | high 0.7503194231301176
[2026-04-14 20:33:47.698] [info] runs 12584 | prob 0.7457088366179275 | low 0.7357091409464607 | high 0.7557085322893944
[2026-04-14 20:33:48.382] [info] runs 12432 | prob 0.7503217503217503 | low 0.7403219925161599 | high 0.7603215081273407
[2026-04-14 20:33:49.064] [info] runs 12811 | prob 0.7386620872687534 | low 0.7286625833114065 | high 0.7486615912261002
[2026-04-14 20:33:49.754] [info] runs 12767 | prob 0.7400328973133861 | low 0.7300332164553108 | high 0.7500325781714613
[2026-04-14 20:33:50.444] [info] runs 12603 | prob 0.7451400460207886 | low 0.7351405377746012 | high 0.7551395542669761
[2026-04-14 20:33:51.135] [info] runs 12505 | prob 0.7481007596961216 | low 0.7381008175506887 | high 0.7581007018415544
[2026-04-14 20:33:51.834] [info] runs 12675 | prob 0.742879684418146 | low 0.7328797002638339 | high 0.7528796685724581
[2026-04-14 20:33:52.525] [info] runs 12652 | prob 0.74359785014227 | low 0.7335979385390918 | high 0.7535977617454481
[2026-04-14 20:33:52.637] [info] RESULT:
training_time, simulation_time, prob, low, high, runs
568, 60, 0.7447483154974237, 0.7347485157173146, 0.7547481152775328, 12615
599, 62, 0.7387943151647666, 0.7287944948856969, 0.7487941354438362, 12806
523, 58, 0.7446504992867332, 0.7346506294699665, 0.7546503691034999, 12618
517, 58, 0.7394603050449746, 0.7294605381681003, 0.7494600719218489, 12785
515, 57, 0.7423573904821935, 0.7323574782142965, 0.7523573027500905, 12692
523, 61, 0.7335954969542756, 0.7235956875442235, 0.7435953063643277, 12969
515, 56, 0.7472474868358066, 0.7372479246323013, 0.7572470490393118, 12534
517, 59, 0.7376576857187354, 0.7276578898532493, 0.7476574815842214, 12842
524, 60, 0.7505634256278171, 0.7405636811431796, 0.7605631701124546, 12424
529, 60, 0.740894819466248, 0.7308953381814939, 0.7508943007510022, 12740
519, 61, 0.7302631578947368, 0.7202635109000826, 0.7402628048893911, 13072
529, 61, 0.7380358534684334, 0.728036033330116, 0.7480356736067507, 12830
530, 64, 0.7290061780184578, 0.7190067939538816, 0.739005562083034, 13111
529, 59, 0.741991341991342, 0.7319919157153958, 0.7519907682672882, 12705
521, 57, 0.7406071064397207, 0.7306075491592501, 0.7506066637201914, 12749
519, 59, 0.7449829459823908, 0.7349829975597268, 0.7549828944050547, 12607
523, 58, 0.7403197993415896, 0.7303201755530617, 0.7503194231301176, 12758
523, 60, 0.7457088366179275, 0.7357091409464607, 0.7557085322893944, 12584
516, 56, 0.7503217503217503, 0.7403219925161599, 0.7603215081273407, 12432
514, 59, 0.7386620872687534, 0.7286625833114065, 0.7486615912261002, 12811
517, 60, 0.7400328973133861, 0.7300332164553108, 0.7500325781714613, 12767
522, 59, 0.7451400460207886, 0.7351405377746012, 0.7551395542669761, 12603
519, 57, 0.7481007596961216, 0.7381008175506887, 0.7581007018415544, 12505
526, 59, 0.742879684418146, 0.7328797002638339, 0.7528796685724581, 12675
521, 57, 0.74359785014227, 0.7335979385390918, 0.7535977617454481, 12652
# timestamp 14.04.2026 20:33:35 (1776191615), datastructure SAC
# timebound 12, expirations {"r1": 0, "r2": 0}
# alpha 0.1, gamma 1
# fixed points 5, uniform granularity 0.5
# scheduler goal: MINIMIZING, scope: SEMIPROPHETIC, history: DISCRETE_HISTORY
# training runs 100000

[2026-04-14 20:33:53.171] [info] runs 9640 | prob 0.8236514522821576 | low 0.8136522577000604 | high 0.8336506468642548
[2026-04-14 20:33:53.807] [info] runs 9918 | prob 0.8171002218189151 | low 0.8071007269865711 | high 0.827099716651259
[2026-04-14 20:33:54.432] [info] runs 9615 | prob 0.8242329693187728 | low 0.8142337771808672 | high 0.8342321614566783
[2026-04-14 20:33:55.059] [info] runs 9615 | prob 0.8242329693187728 | low 0.8142337771808672 | high 0.8342321614566783
[2026-04-14 20:33:55.684] [info] runs 9637 | prob 0.8237003216768704 | low 0.81370065999154 | high 0.8336999833622007
[2026-04-14 20:33:56.315] [info] runs 9424 | prob 0.8286290322580645 | low 0.8186295637434116 | high 0.8386285007727174
[2026-04-14 20:33:56.941] [info] runs 9775 | prob 0.8204603580562659 | low 0.8104604397026315 | high 0.8304602764099004
[2026-04-14 20:33:57.573] [info] runs 9672 | prob 0.8228908188585607 | low 0.8128912940837361 | high 0.8328903436333854
[2026-04-14 20:33:58.208] [info] runs 9343 | prob 0.8304613079310714 | low 0.8204613816140507 | high 0.8404612342480922
[2026-04-14 20:33:58.843] [info] runs 9814 | prob 0.8195435092724679 | low 0.8095436222558409 | high 0.8295433962890949
[2026-04-14 20:33:59.482] [info] runs 9615 | prob 0.8242329693187728 | low 0.8142337771808672 | high 0.8342321614566783
[2026-04-14 20:34:00.157] [info] runs 9617 | prob 0.8241655401892483 | low 0.8141658792986388 | high 0.8341652010798577
[2026-04-14 20:34:00.792] [info] runs 9552 | prob 0.8256909547738693 | low 0.8156917047588651 | high 0.8356902047888736
[2026-04-14 20:34:01.428] [info] runs 9707 | prob 0.8220871536004944 | low 0.8120879380901503 | high 0.8320863691108386
[2026-04-14 20:34:02.054] [info] runs 9610 | prob 0.8243496357960458 | low 0.8143504550829567 | high 0.834348816509135
[2026-04-14 20:34:02.680] [info] runs 9906 | prob 0.8173834039975773 | low 0.8073838708061951 | high 0.8273829371889594
[2026-04-14 20:34:03.310] [info] runs 9843 | prob 0.8188560398252566 | low 0.8088560899404481 | high 0.828855989710065
[2026-04-14 20:34:03.936] [info] runs 9622 | prob 0.8240490542506755 | low 0.814049387709677 | high 0.834048720791674
[2026-04-14 20:34:04.561] [info] runs 9549 | prob 0.8257409152790868 | low 0.8157412254673354 | high 0.8357406050908381
[2026-04-14 20:34:05.188] [info] runs 9526 | prob 0.8262649590594163 | low 0.8162650984067875 | high 0.8362648197120451
[2026-04-14 20:34:05.822] [info] runs 9795 | prob 0.8200102092904543 | low 0.8100107341684097 | high 0.8300096844124989
[2026-04-14 20:34:06.450] [info] runs 9414 | prob 0.8288718929254302 | low 0.8188727415900622 | high 0.8388710442607982
[2026-04-14 20:34:07.079] [info] runs 9812 | prob 0.8196086424785977 | low 0.8096091440392673 | high 0.829608140917928
[2026-04-14 20:34:07.714] [info] runs 9537 | prob 0.8260459263919472 | low 0.8160468619809533 | high 0.836044990802941
[2026-04-14 20:34:08.345] [info] runs 9403 | prob 0.8290970966712752 | low 0.8190973255886843 | high 0.839096867753866
[2026-04-14 20:34:08.446] [info] RESULT:
training_time, simulation_time, prob, low, high, runs
497, 36, 0.8236514522821576, 0.8136522577000604, 0.8336506468642548, 9640
493, 34, 0.8171002218189151, 0.8071007269865711, 0.827099716651259, 9918
490, 32, 0.8242329693187728, 0.8142337771808672, 0.8342321614566783, 9615
489, 32, 0.8242329693187728, 0.8142337771808672, 0.8342321614566783, 9615
487, 33, 0.8237003216768704, 0.81370065999154, 0.8336999833622007, 9637
492, 32, 0.8286290322580645, 0.8186295637434116, 0.8386285007727174, 9424
489, 33, 0.8204603580562659, 0.8104604397026315, 0.8304602764099004, 9775
495, 33, 0.8228908188585607, 0.8128912940837361, 0.8328903436333854, 9672
498, 32, 0.8304613079310714, 0.8204613816140507, 0.8404612342480922, 9343
498, 33, 0.8195435092724679, 0.8095436222558409, 0.8295433962890949, 9814
501, 33, 0.8242329693187728, 0.8142337771808672, 0.8342321614566783, 9615
536, 36, 0.8241655401892483, 0.8141658792986388, 0.8341652010798577, 9617
499, 34, 0.8256909547738693, 0.8156917047588651, 0.8356902047888736, 9552
493, 33, 0.8220871536004944, 0.8120879380901503, 0.8320863691108386, 9707
489, 32, 0.8243496357960458, 0.8143504550829567, 0.834348816509135, 9610
490, 34, 0.8173834039975773, 0.8073838708061951, 0.8273829371889594, 9906
493, 34, 0.8188560398252566, 0.8088560899404481, 0.828855989710065, 9843
490, 33, 0.8240490542506755, 0.814049387709677, 0.834048720791674, 9622
489, 33, 0.8257409152790868, 0.8157412254673354, 0.8357406050908381, 9549
491, 35, 0.8262649590594163, 0.8162650984067875, 0.8362648197120451, 9526
491, 34, 0.8200102092904543, 0.8100107341684097, 0.8300096844124989, 9795
493, 33, 0.8288718929254302, 0.8188727415900622, 0.8388710442607982, 9414
491, 34, 0.8196086424785977, 0.8096091440392673, 0.829608140917928, 9812
498, 33, 0.8260459263919472, 0.8160468619809533, 0.836044990802941, 9537
495, 32, 0.8290970966712752, 0.8190973255886843, 0.839096867753866, 9403
# timestamp 14.04.2026 20:33:35 (1776191615), datastructure SAC
# timebound 12, expirations {"r1": 0, "r2": 0}
# alpha 0.1, gamma 1
# fixed points 5, uniform granularity 0.5
# scheduler goal: MAXIMIZING, scope: SEMIPROPHETIC, history: DISCRETE_HISTORY
# training runs 100000

[2026-04-14 20:34:08.446] [info] 2.1 Simulating on SAC: 33224
[2026-04-14 20:34:08.446] [info] Analysis finished; the goal is not reachable.
[2026-04-14 20:34:08.446] [info] Probability: 0.0
[2026-04-14 20:34:08.446] [info] 2 Analysis: 33224
[2026-04-14 20:34:08.446] [info] 0 Computation Time Complete: 33224
[2026-04-14 20:34:08.446] [info] Counters and timers:
Counters:

Timers:
0 Computation Time Complete: 33224
1 Model creation: 0
2 Analysis: 33224
2.0 Creating Unified Datastructure from SAC: 0
2.1 Simulating on SAC: 33224

timebound = 12, jump depth = 100, max expirations of random clocks = [{r1: 0}, {r2: 0}], combine absorbing locations in unrolling = 103, integration bound(s) = 12, integration samples = 500000, model = WATERTANK, model case = CASE_E, LTI analysis = rectangular analysis, scheduler = goal: MAXIMIZING, scope: SEMIPROPHETIC, history: HISTORY_DEPENDENT, multithreaded = 1, disableBackwardsRefinement = 0
simulating 0 runs after 1000000 training runs with parameters:
learning rate                 0.1
discount factor               1
exploration rate              0.15
uniform granularity           0.5
adaptive compartments         5


[2026-04-14 21:27:09.526] [warning] no flow specified for variable c1 in location all_off - assuming flow of 0
[2026-04-14 21:27:09.552] [warning] no flow specified for variable c1 in location v2_on - assuming flow of 0
[2026-04-14 21:27:09.552] [warning] no flow specified for variable c1 in location v1_block - assuming flow of 0
[2026-04-14 21:27:09.552] [warning] no flow specified for variable c1 in location v2_block - assuming flow of 0
[2026-04-14 21:27:09.552] [warning] no flow specified for variable c1 in location v1_block_v2_on - assuming flow of 0
[2026-04-14 21:27:09.552] [warning] no flow specified for variable c1 in location block_safe - assuming flow of 0
[2026-04-14 21:27:09.552] [warning] no flow specified for variable c1 in location block_unsafe - assuming flow of 0
[2026-04-14 21:27:09.552] [warning] no flow specified for variable c2 in location all_off - assuming flow of 0
[2026-04-14 21:27:09.552] [warning] no flow specified for variable c2 in location v1_on - assuming flow of 0
[2026-04-14 21:27:09.552] [warning] no flow specified for variable c2 in location v1_block - assuming flow of 0
[2026-04-14 21:27:09.552] [warning] no flow specified for variable c2 in location v2_block - assuming flow of 0
[2026-04-14 21:27:09.552] [warning] no flow specified for variable c2 in location v2_block_v1_on - assuming flow of 0
[2026-04-14 21:27:09.552] [warning] no flow specified for variable c2 in location block_safe - assuming flow of 0
[2026-04-14 21:27:09.552] [warning] no flow specified for variable c2 in location block_unsafe - assuming flow of 0
[2026-04-14 21:27:09.552] [warning] no constraints specified for variable c1 in initial constraint number 0 - assuming [0,0]
[2026-04-14 21:27:09.552] [warning] no constraints specified for variable c2 in initial constraint number 0 - assuming [0,0]
[2026-04-14 21:27:09.552] [info] 1 Model creation: 26
[2026-04-14 21:27:09.552] [info] 2.0 Creating Unified Datastructure from SAC: 0
[2026-04-14 21:27:14.109] [info] runs 13076 | prob 0.7301162434995412 | low 0.7201164097151528 | high 0.7401160772839296
[2026-04-14 21:27:18.766] [info] runs 13209 | prob 0.7257173139526081 | low 0.7157174560725809 | high 0.7357171718326353
[2026-04-14 21:27:23.415] [info] runs 13071 | prob 0.7303190268533395 | low 0.7203196505493091 | high 0.7403184031573699
[2026-04-14 21:27:28.049] [info] runs 13377 | prob 0.7200418628990057 | low 0.7100420490369056 | high 0.7300416767611059
[2026-04-14 21:27:32.696] [info] runs 13076 | prob 0.7301162434995412 | low 0.7201164097151528 | high 0.7401160772839296
[2026-04-14 21:27:37.345] [info] runs 12958 | prob 0.7339867263466584 | low 0.7239873565946472 | high 0.7439860960986696
[2026-04-14 21:27:42.036] [info] runs 13119 | prob 0.728714078816983 | low 0.7187143620141082 | high 0.7387137956198578
[2026-04-14 21:27:46.685] [info] runs 13281 | prob 0.7232889089676983 | low 0.7132889168770383 | high 0.7332889010583582
[2026-04-14 21:27:51.290] [info] runs 13125 | prob 0.7285333333333334 | low 0.7185338129174689 | high 0.7385328537491979
[2026-04-14 21:27:55.908] [info] runs 13132 | prob 0.7282972890648797 | low 0.7182977091816842 | high 0.7382968689480751
[2026-04-14 21:28:00.519] [info] runs 13412 | prob 0.7188338801073665 | low 0.7088339987085392 | high 0.7288337615061937
[2026-04-14 21:28:05.124] [info] runs 13220 | prob 0.725340393343419 | low 0.7153404288092993 | high 0.7353403578775388
[2026-04-14 21:28:09.727] [info] runs 13119 | prob 0.728714078816983 | low 0.7187143620141082 | high 0.7387137956198578
[2026-04-14 21:28:14.353] [info] runs 12976 | prob 0.7333538840937115 | low 0.7233538870993639 | high 0.7433538810880591
[2026-04-14 21:28:18.980] [info] runs 13245 | prob 0.7244998112495281 | low 0.7144998120308385 | high 0.7344998104682178
[2026-04-14 21:28:23.655] [info] runs 13032 | prob 0.7315837937384899 | low 0.7215843295793428 | high 0.741583257897637
[2026-04-14 21:28:28.264] [info] runs 13187 | prob 0.7264730416319102 | low 0.7164734405444246 | high 0.7364726427193957
[2026-04-14 21:28:32.902] [info] runs 12940 | prob 0.7345440494590417 | low 0.7245444207327758 | high 0.7445436781853076
[2026-04-14 21:28:37.590] [info] runs 12972 | prob 0.7335029293863706 | low 0.7235031703543141 | high 0.7435026884184271
[2026-04-14 21:28:42.221] [info] runs 13133 | prob 0.7282418335490749 | low 0.7182419947289095 | high 0.7382416723692403
[2026-04-14 21:28:46.855] [info] runs 13154 | prob 0.7275353504637373 | low 0.7175353718366229 | high 0.7375353290908517
[2026-04-14 21:28:51.489] [info] runs 13050 | prob 0.7309578544061303 | low 0.7209579250882728 | high 0.7409577837239877
[2026-04-14 21:28:56.111] [info] runs 12979 | prob 0.7332614222975576 | low 0.7232614781013739 | high 0.7432613664937414
[2026-04-14 21:29:00.693] [info] runs 13250 | prob 0.7243773584905661 | low 0.7143778696857479 | high 0.7343768472953842
[2026-04-14 21:29:05.326] [info] runs 13150 | prob 0.727680608365019 | low 0.7176807772064918 | high 0.7376804395235462
[2026-04-14 21:29:05.419] [info] RESULT:
training_time, simulation_time, prob, low, high, runs
4509, 47, 0.7301162434995412, 0.7201164097151528, 0.7401160772839296, 13076
4572, 48, 0.7257173139526081, 0.7157174560725809, 0.7357171718326353, 13209
4518, 48, 0.7303190268533395, 0.7203196505493091, 0.7403184031573699, 13071
4503, 47, 0.7200418628990057, 0.7100420490369056, 0.7300416767611059, 13377
4515, 47, 0.7301162434995412, 0.7201164097151528, 0.7401160772839296, 13076
4519, 46, 0.7339867263466584, 0.7239873565946472, 0.7439860960986696, 12958
4559, 48, 0.728714078816983, 0.7187143620141082, 0.7387137956198578, 13119
4516, 48, 0.7232889089676983, 0.7132889168770383, 0.7332889010583582, 13281
4473, 47, 0.7285333333333334, 0.7185338129174689, 0.7385328537491979, 13125
4492, 48, 0.7282972890648797, 0.7182977091816842, 0.7382968689480751, 13132
4475, 52, 0.7188338801073665, 0.7088339987085392, 0.7288337615061937, 13412
4469, 47, 0.725340393343419, 0.7153404288092993, 0.7353403578775388, 13220
4471, 47, 0.728714078816983, 0.7187143620141082, 0.7387137956198578, 13119
4503, 47, 0.7333538840937115, 0.7233538870993639, 0.7433538810880591, 12976
4500, 49, 0.7244998112495281, 0.7144998120308385, 0.7344998104682178, 13245
4544, 47, 0.7315837937384899, 0.7215843295793428, 0.741583257897637, 13032
4478, 47, 0.7264730416319102, 0.7164734405444246, 0.7364726427193957, 13187
4507, 47, 0.7345440494590417, 0.7245444207327758, 0.7445436781853076, 12940
4557, 47, 0.7335029293863706, 0.7235031703543141, 0.7435026884184271, 12972
4500, 47, 0.7282418335490749, 0.7182419947289095, 0.7382416723692403, 13133
4502, 46, 0.7275353504637373, 0.7175353718366229, 0.7375353290908517, 13154
4509, 46, 0.7309578544061303, 0.7209579250882728, 0.7409577837239877, 13050
4487, 47, 0.7332614222975576, 0.7232614781013739, 0.7432613664937414, 12979
4444, 47, 0.7243773584905661, 0.7143778696857479, 0.7343768472953842, 13250
4502, 47, 0.727680608365019, 0.7176807772064918, 0.7376804395235462, 13150
# timestamp 14.04.2026 21:27:09 (1776194829), datastructure SAC
# timebound 12, expirations {"r1": 0, "r2": 0}
# alpha 0.1, gamma 1
# fixed points 5, uniform granularity 0.5
# scheduler goal: MINIMIZING, scope: SEMIPROPHETIC, history: MEMORYLESS
# training runs 1000000

[2026-04-14 21:29:09.744] [info] runs 8311 | prob 0.8532065936710383 | low 0.8432066030368709 | high 0.8632065843052058
[2026-04-14 21:29:14.100] [info] runs 7969 | prob 0.8604592797088719 | low 0.850460210213767 | high 0.8704583492039768
[2026-04-14 21:29:18.481] [info] runs 8034 | prob 0.8590988299726163 | low 0.8490997783970191 | high 0.8690978815482135
[2026-04-14 21:29:22.855] [info] runs 7933 | prob 0.8612126559939494 | low 0.8512136399418111 | high 0.8712116720460876
[2026-04-14 21:29:27.196] [info] runs 7975 | prob 0.8603134796238244 | low 0.8503137990753249 | high 0.870313160172324
[2026-04-14 21:29:31.537] [info] runs 7860 | prob 0.8627226463104326 | low 0.8527233454853261 | high 0.8727219471355391
[2026-04-14 21:29:35.883] [info] runs 8240 | prob 0.8547330097087379 | low 0.8447334480988622 | high 0.8647325713186136
[2026-04-14 21:29:40.262] [info] runs 7800 | prob 0.8639743589743589 | low 0.8539752943606711 | high 0.8739734235880467
[2026-04-14 21:29:44.635] [info] runs 7910 | prob 0.8616940581542352 | low 0.8516951038112296 | high 0.8716930124972407
[2026-04-14 21:29:48.975] [info] runs 8318 | prob 0.8530896850204376 | low 0.8430906085214284 | high 0.8630887615194468
[2026-04-14 21:29:53.317] [info] runs 7939 | prob 0.8610656253936264 | low 0.8510659491545151 | high 0.8710653016327378
[2026-04-14 21:29:57.716] [info] runs 8143 | prob 0.8568095296573744 | low 0.8468106154238824 | high 0.8668084438908665
[2026-04-14 21:30:02.128] [info] runs 7962 | prob 0.8605877920120573 | low 0.8505881888465332 | high 0.8705873951775813
[2026-04-14 21:30:06.439] [info] runs 8043 | prob 0.8588835011811513 | low 0.8488836657951451 | high 0.8688833365671575
[2026-04-14 21:30:10.792] [info] runs 8072 | prob 0.8582755203171457 | low 0.8482757256923263 | high 0.8682753149419651
[2026-04-14 21:30:15.138] [info] runs 7880 | prob 0.8623096446700508 | low 0.8523104244773221 | high 0.8723088648627795
[2026-04-14 21:30:19.469] [info] runs 7988 | prob 0.8600400600901352 | low 0.8500403353674227 | high 0.8700397848128477
[2026-04-14 21:30:23.806] [info] runs 8040 | prob 0.858955223880597 | low 0.8489556475507269 | high 0.868954800210467
[2026-04-14 21:30:28.183] [info] runs 8243 | prob 0.8546645638723765 | low 0.8446648674251248 | high 0.8646642603196283
[2026-04-14 21:30:32.558] [info] runs 7626 | prob 0.8675583530028849 | low 0.857559294889791 | high 0.8775574111159787
[2026-04-14 21:30:36.909] [info] runs 7972 | prob 0.8603863522328149 | low 0.8503869760471708 | high 0.870385728418459
[2026-04-14 21:30:41.275] [info] runs 8209 | prob 0.8554026068948715 | low 0.8454033840509031 | high 0.8654018297388398
[2026-04-14 21:30:45.664] [info] runs 8059 | prob 0.8585432435786078 | low 0.8485432846566523 | high 0.8685432025005633
[2026-04-14 21:30:50.025] [info] runs 8117 | prob 0.8573364543550573 | low 0.8473369093889309 | high 0.8673359993211838
[2026-04-14 21:30:54.429] [info] runs 7880 | prob 0.8623096446700508 | low 0.8523104244773221 | high 0.8723088648627795
[2026-04-14 21:30:54.510] [info] RESULT:
training_time, simulation_time, prob, low, high, runs
4300, 24, 0.8532065936710383, 0.8432066030368709, 0.8632065843052058, 8311
4251, 23, 0.8604592797088719, 0.850460210213767, 0.8704583492039768, 7969
4272, 23, 0.8590988299726163, 0.8490997783970191, 0.8690978815482135, 8034
4268, 23, 0.8612126559939494, 0.8512136399418111, 0.8712116720460876, 7933
4234, 24, 0.8603134796238244, 0.8503137990753249, 0.870313160172324, 7975
4236, 22, 0.8627226463104326, 0.8527233454853261, 0.8727219471355391, 7860
4238, 24, 0.8547330097087379, 0.8447334480988622, 0.8647325713186136, 8240
4275, 22, 0.8639743589743589, 0.8539752943606711, 0.8739734235880467, 7800
4269, 23, 0.8616940581542352, 0.8516951038112296, 0.8716930124972407, 7910
4234, 24, 0.8530896850204376, 0.8430906085214284, 0.8630887615194468, 8318
4247, 22, 0.8610656253936264, 0.8510659491545151, 0.8710653016327378, 7939
4293, 23, 0.8568095296573744, 0.8468106154238824, 0.8668084438908665, 8143
4305, 24, 0.8605877920120573, 0.8505881888465332, 0.8705873951775813, 7962
4210, 23, 0.8588835011811513, 0.8488836657951451, 0.8688833365671575, 8043
4246, 23, 0.8582755203171457, 0.8482757256923263, 0.8682753149419651, 8072
4243, 23, 0.8623096446700508, 0.8523104244773221, 0.8723088648627795, 7880
4226, 23, 0.8600400600901352, 0.8500403353674227, 0.8700397848128477, 7988
4231, 23, 0.858955223880597, 0.8489556475507269, 0.868954800210467, 8040
4275, 26, 0.8546645638723765, 0.8446648674251248, 0.8646642603196283, 8243
4272, 22, 0.8675583530028849, 0.857559294889791, 0.8775574111159787, 7626
4248, 25, 0.8603863522328149, 0.8503869760471708, 0.870385728418459, 7972
4255, 23, 0.8554026068948715, 0.8454033840509031, 0.8654018297388398, 8209
4291, 23, 0.8585432435786078, 0.8485432846566523, 0.8685432025005633, 8059
4254, 23, 0.8573364543550573, 0.8473369093889309, 0.8673359993211838, 8117
4303, 23, 0.8623096446700508, 0.8523104244773221, 0.8723088648627795, 7880
# timestamp 14.04.2026 21:27:09 (1776194829), datastructure SAC
# timebound 12, expirations {"r1": 0, "r2": 0}
# alpha 0.1, gamma 1
# fixed points 5, uniform granularity 0.5
# scheduler goal: MAXIMIZING, scope: SEMIPROPHETIC, history: MEMORYLESS
# training runs 1000000

[2026-04-14 21:30:54.510] [info] 2.1 Simulating on SAC: 224958
[2026-04-14 21:30:54.510] [info] Analysis finished; the goal is not reachable.
[2026-04-14 21:30:54.510] [info] Probability: 0.0
[2026-04-14 21:30:54.510] [info] 2 Analysis: 224958
[2026-04-14 21:30:54.510] [info] 0 Computation Time Complete: 224984
[2026-04-14 21:30:54.510] [info] Counters and timers:
Counters:

Timers:
0 Computation Time Complete: 224984
1 Model creation: 26
2 Analysis: 224958
2.0 Creating Unified Datastructure from SAC: 0
2.1 Simulating on SAC: 224958

