timebound = 14, jump depth = 100, max expirations of random clocks = [{r1: 0}, {r2: 0}], combine absorbing locations in unrolling = 57, integration bound(s) = 14, integration samples = 500000, model = WATERTANK, model case = CASE_A, LTI analysis = rectangular analysis, scheduler = goal: MAXIMIZING, scope: SEMIPROPHETIC, history: HISTORY_DEPENDENT, multithreaded = 1, disableBackwardsRefinement = 0
simulating 0 runs after 100000 training runs with parameters:
learning rate                 0.1
discount factor               1
exploration rate              0.15
uniform granularity           0.5
adaptive compartments         5


[2026-04-08 13:24:58.756] [warning] no flow specified for variable c1 in location all_off - assuming flow of 0
[2026-04-08 13:24:58.756] [warning] no flow specified for variable c1 in location v2_on - assuming flow of 0
[2026-04-08 13:24:58.756] [warning] no flow specified for variable c1 in location v1_block - assuming flow of 0
[2026-04-08 13:24:58.756] [warning] no flow specified for variable c1 in location v2_block - assuming flow of 0
[2026-04-08 13:24:58.756] [warning] no flow specified for variable c1 in location v1_block_v2_on - assuming flow of 0
[2026-04-08 13:24:58.756] [warning] no flow specified for variable c1 in location block_safe - assuming flow of 0
[2026-04-08 13:24:58.756] [warning] no flow specified for variable c1 in location block_unsafe - assuming flow of 0
[2026-04-08 13:24:58.756] [warning] no flow specified for variable c2 in location all_off - assuming flow of 0
[2026-04-08 13:24:58.756] [warning] no flow specified for variable c2 in location v1_on - assuming flow of 0
[2026-04-08 13:24:58.756] [warning] no flow specified for variable c2 in location v1_block - assuming flow of 0
[2026-04-08 13:24:58.756] [warning] no flow specified for variable c2 in location v2_block - assuming flow of 0
[2026-04-08 13:24:58.756] [warning] no flow specified for variable c2 in location v2_block_v1_on - assuming flow of 0
[2026-04-08 13:24:58.756] [warning] no flow specified for variable c2 in location block_safe - assuming flow of 0
[2026-04-08 13:24:58.756] [warning] no flow specified for variable c2 in location block_unsafe - assuming flow of 0
[2026-04-08 13:24:58.756] [warning] no constraints specified for variable c1 in initial constraint number 0 - assuming [0,0]
[2026-04-08 13:24:58.756] [warning] no constraints specified for variable c2 in initial constraint number 0 - assuming [0,0]
[2026-04-08 13:24:58.756] [info] 1 Model creation: 0
[2026-04-08 13:24:58.756] [info] 2.0 Creating Unified Datastructure from SAC: 0
[2026-04-08 13:24:59.494] [info] runs 11299 | prob 0.7823701212496681 | low 0.7723703228942324 | high 0.7923699196051038
[2026-04-08 13:25:00.330] [info] runs 11278 | prob 0.7829402376307856 | low 0.7729406110608668 | high 0.7929398642007044
[2026-04-08 13:25:01.157] [info] runs 11309 | prob 0.7821204350517287 | low 0.7721209226593717 | high 0.7921199474440856
[2026-04-08 13:25:01.982] [info] runs 11133 | prob 0.7867600826372048 | low 0.7767601939535503 | high 0.7967599713208592
[2026-04-08 13:25:02.804] [info] runs 11032 | prob 0.7894307469180566 | low 0.7794313633215375 | high 0.7994301305145757
[2026-04-08 13:25:03.623] [info] runs 11470 | prob 0.7777680906713165 | low 0.7677682652228928 | high 0.7877679161197402
[2026-04-08 13:25:04.443] [info] runs 11328 | prob 0.7816031073446328 | low 0.7716034388046173 | high 0.7916027758846482
[2026-04-08 13:25:05.264] [info] runs 11028 | prob 0.7895357272397534 | low 0.7795363589341388 | high 0.7995350955453681
[2026-04-08 13:25:06.077] [info] runs 11247 | prob 0.7837645594380723 | low 0.7737649333802488 | high 0.7937641854958959
[2026-04-08 13:25:06.898] [info] runs 11218 | prob 0.7845426992333749 | low 0.7745432278727372 | high 0.7945421705940127
[2026-04-08 13:25:07.721] [info] runs 11179 | prob 0.7855801055550586 | low 0.775580746623482 | high 0.7955794644866353
[2026-04-08 13:25:08.546] [info] runs 10969 | prob 0.7910474974929347 | low 0.7810477873994598 | high 0.8010472075864096
[2026-04-08 13:25:09.370] [info] runs 11362 | prob 0.7806724168280232 | low 0.7706724281064161 | high 0.7906724055496304
[2026-04-08 13:25:10.191] [info] runs 10914 | prob 0.7924683892248489 | low 0.7824686888731317 | high 0.802468089576566
[2026-04-08 13:25:11.009] [info] runs 11272 | prob 0.7830908445706175 | low 0.7730910659948957 | high 0.7930906231463393
[2026-04-08 13:25:11.825] [info] runs 11374 | prob 0.7803762968173026 | low 0.7703767369096274 | high 0.7903758567249778
[2026-04-08 13:25:12.651] [info] runs 11282 | prob 0.7828399219996455 | low 0.772840398900192 | high 0.792839445099099
[2026-04-08 13:25:13.483] [info] runs 11468 | prob 0.7778165329612836 | low 0.7678166142123699 | high 0.7878164517101973
[2026-04-08 13:25:14.308] [info] runs 11299 | prob 0.7823701212496681 | low 0.7723703228942324 | high 0.7923699196051038
[2026-04-08 13:25:15.132] [info] runs 11210 | prob 0.7847457627118644 | low 0.7747461450088592 | high 0.7947453804148695
[2026-04-08 13:25:15.954] [info] runs 11086 | prob 0.7880209272956883 | low 0.778021530759259 | high 0.7980203238321176
[2026-04-08 13:25:16.778] [info] runs 11222 | prob 0.7844412760648726 | low 0.7744418805386095 | high 0.7944406715911356
[2026-04-08 13:25:17.600] [info] runs 11120 | prob 0.7871402877697842 | low 0.7771410643781611 | high 0.7971395111614072
[2026-04-08 13:25:18.419] [info] runs 10975 | prob 0.7908883826879272 | low 0.7808886066615223 | high 0.800888158714332
[2026-04-08 13:25:19.243] [info] runs 11183 | prob 0.7854779576142359 | low 0.7754786562200081 | high 0.7954772590084637
[2026-04-08 13:25:19.400] [info] RESULT:
training_time, simulation_time, prob, low, high, runs
650, 86, 0.7823701212496681, 0.7723703228942324, 0.7923699196051038, 11299
697, 82, 0.7829402376307856, 0.7729406110608668, 0.7929398642007044, 11278
584, 81, 0.7821204350517287, 0.7721209226593717, 0.7921199474440856, 11309
583, 81, 0.7867600826372048, 0.7767601939535503, 0.7967599713208592, 11133
579, 81, 0.7894307469180566, 0.7794313633215375, 0.7994301305145757, 11032
578, 82, 0.7777680906713165, 0.7677682652228928, 0.7877679161197402, 11470
579, 81, 0.7816031073446328, 0.7716034388046173, 0.7916027758846482, 11328
580, 79, 0.7895357272397534, 0.7795363589341388, 0.7995350955453681, 11028
579, 80, 0.7837645594380723, 0.7737649333802488, 0.7937641854958959, 11247
581, 80, 0.7845426992333749, 0.7745432278727372, 0.7945421705940127, 11218
581, 79, 0.7855801055550586, 0.775580746623482, 0.7955794644866353, 11179
585, 80, 0.7910474974929347, 0.7810477873994598, 0.8010472075864096, 10969
582, 82, 0.7806724168280232, 0.7706724281064161, 0.7906724055496304, 11362
580, 79, 0.7924683892248489, 0.7824686888731317, 0.802468089576566, 10914
583, 82, 0.7830908445706175, 0.7730910659948957, 0.7930906231463393, 11272
578, 84, 0.7803762968173026, 0.7703767369096274, 0.7903758567249778, 11374
581, 84, 0.7828399219996455, 0.772840398900192, 0.792839445099099, 11282
584, 86, 0.7778165329612836, 0.7678166142123699, 0.7878164517101973, 11468
581, 82, 0.7823701212496681, 0.7723703228942324, 0.7923699196051038, 11299
581, 82, 0.7847457627118644, 0.7747461450088592, 0.7947453804148695, 11210
582, 79, 0.7880209272956883, 0.778021530759259, 0.7980203238321176, 11086
583, 81, 0.7844412760648726, 0.7744418805386095, 0.7944406715911356, 11222
578, 79, 0.7871402877697842, 0.7771410643781611, 0.7971395111614072, 11120
577, 80, 0.7908883826879272, 0.7808886066615223, 0.800888158714332, 10975
582, 82, 0.7854779576142359, 0.7754786562200081, 0.7954772590084637, 11183
# timestamp 08.04.2026 13:24:58 (1775647498), datastructure SAC
# timebound 14, expirations {"r1": 0, "r2": 0}
# alpha 0.1, gamma 1
# fixed points 5, uniform granularity 0.5
# scheduler goal: MINIMIZING, scope: SEMIPROPHETIC, history: DISCRETE_HISTORY
# training runs 100000

[2026-04-08 13:25:20.012] [info] runs 9894 | prob 0.8176672730948049 | low 0.80766772146589 | high 0.8276668247237198
[2026-04-08 13:25:20.763] [info] runs 9741 | prob 0.8212709167436608 | low 0.8112712639047461 | high 0.8312705695825755
[2026-04-08 13:25:21.511] [info] runs 9980 | prob 0.8156312625250501 | low 0.8056319265522851 | high 0.8256305984978152
[2026-04-08 13:25:22.246] [info] runs 9677 | prob 0.8227756536116565 | low 0.8127761625638151 | high 0.8327751446594979
[2026-04-08 13:25:22.999] [info] runs 9841 | prob 0.8189208413779088 | low 0.8089212687581823 | high 0.8289204139976353
[2026-04-08 13:25:23.749] [info] runs 9968 | prob 0.8159109149277689 | low 0.8059114390938602 | high 0.8259103907616776
[2026-04-08 13:25:24.495] [info] runs 9817 | prob 0.819496791280432 | low 0.8094974232005933 | high 0.8294961593602707
[2026-04-08 13:25:25.243] [info] runs 9778 | prob 0.8204131724278994 | low 0.8104137620126697 | high 0.830412582843129
[2026-04-08 13:25:25.987] [info] runs 9719 | prob 0.8217923654696986 | low 0.8117928427483597 | high 0.8317918881910374
[2026-04-08 13:25:26.731] [info] runs 9739 | prob 0.8213368929048157 | low 0.8113376577373947 | high 0.8313361280722367
[2026-04-08 13:25:27.476] [info] runs 9424 | prob 0.8286290322580645 | low 0.8186295637434116 | high 0.8386285007727174
[2026-04-08 13:25:28.225] [info] runs 9992 | prob 0.8153522818254604 | low 0.80535310464246 | high 0.8253514590084607
[2026-04-08 13:25:28.974] [info] runs 9916 | prob 0.8171641791044776 | low 0.807165033256943 | high 0.8271633249520122
[2026-04-08 13:25:29.720] [info] runs 9445 | prob 0.8281630492323981 | low 0.8181639453348277 | high 0.8381621531299686
[2026-04-08 13:25:30.468] [info] runs 9731 | prob 0.8214983043880383 | low 0.8114984970886475 | high 0.831498111687429
[2026-04-08 13:25:31.212] [info] runs 9627 | prob 0.8239326893113119 | low 0.8139330207629151 | high 0.8339323578597088
[2026-04-08 13:25:31.956] [info] runs 9665 | prob 0.8230729436109674 | low 0.8130738365520893 | high 0.8330720506698455
[2026-04-08 13:25:32.702] [info] runs 9800 | prob 0.8198979591836735 | low 0.8098986029528336 | high 0.8298973154145134
[2026-04-08 13:25:33.451] [info] runs 9944 | prob 0.8164722445695897 | low 0.8064725464261947 | high 0.8264719427129846
[2026-04-08 13:25:34.200] [info] runs 9679 | prob 0.8227089575369356 | low 0.8127090237701239 | high 0.8327088913037474
[2026-04-08 13:25:34.945] [info] runs 9894 | prob 0.8176672730948049 | low 0.80766772146589 | high 0.8276668247237198
[2026-04-08 13:25:35.691] [info] runs 9778 | prob 0.8204131724278994 | low 0.8104137620126697 | high 0.830412582843129
[2026-04-08 13:25:36.437] [info] runs 9419 | prob 0.8287503981314365 | low 0.8187510861084812 | high 0.8387497101543917
[2026-04-08 13:25:37.190] [info] runs 9751 | prob 0.8210439954876423 | low 0.8110445105036593 | high 0.8310434804716252
[2026-04-08 13:25:37.938] [info] runs 9942 | prob 0.8165359082679541 | low 0.806536549264761 | high 0.8265352672711471
[2026-04-08 13:25:38.083] [info] RESULT:
training_time, simulation_time, prob, low, high, runs
566, 45, 0.8176672730948049, 0.80766772146589, 0.8276668247237198, 9894
559, 44, 0.8212709167436608, 0.8112712639047461, 0.8312705695825755, 9741
553, 45, 0.8156312625250501, 0.8056319265522851, 0.8256305984978152, 9980
557, 43, 0.8227756536116565, 0.8127761625638151, 0.8327751446594979, 9677
559, 45, 0.8189208413779088, 0.8089212687581823, 0.8289204139976353, 9841
555, 45, 0.8159109149277689, 0.8059114390938602, 0.8259103907616776, 9968
554, 44, 0.819496791280432, 0.8094974232005933, 0.8294961593602707, 9817
556, 44, 0.8204131724278994, 0.8104137620126697, 0.830412582843129, 9778
554, 44, 0.8217923654696986, 0.8117928427483597, 0.8317918881910374, 9719
555, 43, 0.8213368929048157, 0.8113376577373947, 0.8313361280722367, 9739
554, 42, 0.8286290322580645, 0.8186295637434116, 0.8386285007727174, 9424
557, 45, 0.8153522818254604, 0.80535310464246, 0.8253514590084607, 9992
557, 45, 0.8171641791044776, 0.807165033256943, 0.8271633249520122, 9916
557, 42, 0.8281630492323981, 0.8181639453348277, 0.8381621531299686, 9445
556, 44, 0.8214983043880383, 0.8114984970886475, 0.831498111687429, 9731
555, 43, 0.8239326893113119, 0.8139330207629151, 0.8339323578597088, 9627
553, 43, 0.8230729436109674, 0.8130738365520893, 0.8330720506698455, 9665
553, 44, 0.8198979591836735, 0.8098986029528336, 0.8298973154145134, 9800
556, 45, 0.8164722445695897, 0.8064725464261947, 0.8264719427129846, 9944
558, 43, 0.8227089575369356, 0.8127090237701239, 0.8327088913037474, 9679
554, 44, 0.8176672730948049, 0.80766772146589, 0.8276668247237198, 9894
554, 44, 0.8204131724278994, 0.8104137620126697, 0.830412582843129, 9778
556, 42, 0.8287503981314365, 0.8187510861084812, 0.8387497101543917, 9419
560, 44, 0.8210439954876423, 0.8110445105036593, 0.8310434804716252, 9751
554, 44, 0.8165359082679541, 0.806536549264761, 0.8265352672711471, 9942
# timestamp 08.04.2026 13:24:58 (1775647498), datastructure SAC
# timebound 14, expirations {"r1": 0, "r2": 0}
# alpha 0.1, gamma 1
# fixed points 5, uniform granularity 0.5
# scheduler goal: MAXIMIZING, scope: SEMIPROPHETIC, history: DISCRETE_HISTORY
# training runs 100000

[2026-04-08 13:25:38.083] [info] 2.1 Simulating on SAC: 39326
[2026-04-08 13:25:38.083] [info] Analysis finished; the goal is not reachable.
[2026-04-08 13:25:38.083] [info] Probability: 0.0
[2026-04-08 13:25:38.083] [info] 2 Analysis: 39326
[2026-04-08 13:25:38.083] [info] 0 Computation Time Complete: 39326
[2026-04-08 13:25:38.083] [info] Counters and timers:
Counters:

Timers:
0 Computation Time Complete: 39326
1 Model creation: 0
2 Analysis: 39326
2.0 Creating Unified Datastructure from SAC: 0
2.1 Simulating on SAC: 39326

