timebound = 16, jump depth = 100, max expirations of random clocks = [{r1: 0}, {r2: 0}], combine absorbing locations in unrolling = 192, integration bound(s) = 16, integration samples = 500000, model = WATERTANK, model case = CASE_A, LTI analysis = rectangular analysis, scheduler = goal: MAXIMIZING, scope: SEMIPROPHETIC, history: HISTORY_DEPENDENT, multithreaded = 1, disableBackwardsRefinement = 0
simulating 0 runs after 100000 training runs with parameters:
learning rate                 0.1
discount factor               1
exploration rate              0.15
uniform granularity           0.5
adaptive compartments         5


[2026-04-08 13:25:38.101] [warning] no flow specified for variable c1 in location all_off - assuming flow of 0
[2026-04-08 13:25:38.101] [warning] no flow specified for variable c1 in location v2_on - assuming flow of 0
[2026-04-08 13:25:38.101] [warning] no flow specified for variable c1 in location v1_block - assuming flow of 0
[2026-04-08 13:25:38.101] [warning] no flow specified for variable c1 in location v2_block - assuming flow of 0
[2026-04-08 13:25:38.101] [warning] no flow specified for variable c1 in location v1_block_v2_on - assuming flow of 0
[2026-04-08 13:25:38.101] [warning] no flow specified for variable c1 in location block_safe - assuming flow of 0
[2026-04-08 13:25:38.101] [warning] no flow specified for variable c1 in location block_unsafe - assuming flow of 0
[2026-04-08 13:25:38.101] [warning] no flow specified for variable c2 in location all_off - assuming flow of 0
[2026-04-08 13:25:38.101] [warning] no flow specified for variable c2 in location v1_on - assuming flow of 0
[2026-04-08 13:25:38.101] [warning] no flow specified for variable c2 in location v1_block - assuming flow of 0
[2026-04-08 13:25:38.101] [warning] no flow specified for variable c2 in location v2_block - assuming flow of 0
[2026-04-08 13:25:38.101] [warning] no flow specified for variable c2 in location v2_block_v1_on - assuming flow of 0
[2026-04-08 13:25:38.101] [warning] no flow specified for variable c2 in location block_safe - assuming flow of 0
[2026-04-08 13:25:38.101] [warning] no flow specified for variable c2 in location block_unsafe - assuming flow of 0
[2026-04-08 13:25:38.101] [warning] no constraints specified for variable c1 in initial constraint number 0 - assuming [0,0]
[2026-04-08 13:25:38.101] [warning] no constraints specified for variable c2 in initial constraint number 0 - assuming [0,0]
[2026-04-08 13:25:38.101] [info] 1 Model creation: 0
[2026-04-08 13:25:38.101] [info] 2.0 Creating Unified Datastructure from SAC: 0
[2026-04-08 13:25:38.868] [info] runs 7142 | prob 0.8773452814337721 | low 0.8673461255659134 | high 0.8873444373016308
[2026-04-08 13:25:39.765] [info] runs 6828 | prob 0.8835676625659051 | low 0.8735686798650942 | high 0.893566645266716
[2026-04-08 13:25:40.653] [info] runs 7096 | prob 0.8782412626832018 | low 0.8682413538185526 | high 0.888241171547851
[2026-04-08 13:25:41.543] [info] runs 7213 | prob 0.8759184805212811 | low 0.865919095549436 | high 0.8859178654931261
[2026-04-08 13:25:42.417] [info] runs 6486 | prob 0.8902251002158496 | low 0.8802260481734482 | high 0.9002241522582509
[2026-04-08 13:25:43.302] [info] runs 7008 | prob 0.879994292237443 | low 0.869994529606745 | high 0.889994054868141
[2026-04-08 13:25:44.184] [info] runs 6591 | prob 0.8881808526778942 | low 0.8781813363424802 | high 0.8981803690133081
[2026-04-08 13:25:45.064] [info] runs 6666 | prob 0.8867386738673867 | low 0.8767397824962756 | high 0.8967375652384978
[2026-04-08 13:25:45.951] [info] runs 7164 | prob 0.8768844221105527 | low 0.8668845199349544 | high 0.886884324286151
[2026-04-08 13:25:46.830] [info] runs 7157 | prob 0.8770434539611569 | low 0.8670442199266483 | high 0.8870426879956655
[2026-04-08 13:25:47.710] [info] runs 6879 | prob 0.8825410670155546 | low 0.8725412122768301 | high 0.892540921754279
[2026-04-08 13:25:48.588] [info] runs 7043 | prob 0.8793127928439586 | low 0.8693134990457884 | high 0.8893120866421288
[2026-04-08 13:25:49.471] [info] runs 7153 | prob 0.8771144974136725 | low 0.8671149529504413 | high 0.8871140418769038
[2026-04-08 13:25:50.351] [info] runs 7198 | prob 0.8762156154487357 | low 0.8662161136529353 | high 0.8862151172445362
[2026-04-08 13:25:51.234] [info] runs 7261 | prob 0.8749483542211817 | low 0.8649487328630756 | high 0.8849479755792877
[2026-04-08 13:25:52.116] [info] runs 6743 | prob 0.8852142963072817 | low 0.8752145866829906 | high 0.8952140059315727
[2026-04-08 13:25:52.995] [info] runs 7089 | prob 0.8784031598250811 | low 0.8684040472035492 | high 0.888402272446613
[2026-04-08 13:25:53.879] [info] runs 6919 | prob 0.8817748229512935 | low 0.8717757893659998 | high 0.8917738565365873
[2026-04-08 13:25:54.755] [info] runs 6694 | prob 0.8861667164625038 | low 0.8761668234514762 | high 0.8961666094735313
[2026-04-08 13:25:55.645] [info] runs 7228 | prob 0.875622578859989 | low 0.8656233608665558 | high 0.8856217968534221
[2026-04-08 13:25:56.532] [info] runs 6966 | prob 0.8808498420901522 | low 0.870850938632426 | high 0.8908487455478783
[2026-04-08 13:25:57.416] [info] runs 7001 | prob 0.8801599771461219 | low 0.8701611843274886 | high 0.8901587699647553
[2026-04-08 13:25:58.300] [info] runs 6875 | prob 0.8826181818181819 | low 0.872618265669858 | high 0.8926180979665057
[2026-04-08 13:25:59.206] [info] runs 7338 | prob 0.8733987462523849 | low 0.8633991540239069 | high 0.8833983384808629
[2026-04-08 13:26:00.095] [info] runs 6919 | prob 0.8817748229512935 | low 0.8717757893659998 | high 0.8917738565365873
[2026-04-08 13:26:00.293] [info] RESULT:
training_time, simulation_time, prob, low, high, runs
722, 44, 0.8773452814337721, 0.8673461255659134, 0.8873444373016308, 7142
786, 41, 0.8835676625659051, 0.8735686798650942, 0.893566645266716, 6828
650, 42, 0.8782412626832018, 0.8682413538185526, 0.888241171547851, 7096
649, 42, 0.8759184805212811, 0.865919095549436, 0.8859178654931261, 7213
639, 37, 0.8902251002158496, 0.8802260481734482, 0.9002241522582509, 6486
647, 41, 0.879994292237443, 0.869994529606745, 0.889994054868141, 7008
644, 38, 0.8881808526778942, 0.8781813363424802, 0.8981803690133081, 6591
646, 39, 0.8867386738673867, 0.8767397824962756, 0.8967375652384978, 6666
649, 42, 0.8768844221105527, 0.8668845199349544, 0.886884324286151, 7164
641, 41, 0.8770434539611569, 0.8670442199266483, 0.8870426879956655, 7157
644, 40, 0.8825410670155546, 0.8725412122768301, 0.892540921754279, 6879
642, 40, 0.8793127928439586, 0.8693134990457884, 0.8893120866421288, 7043
647, 41, 0.8771144974136725, 0.8671149529504413, 0.8871140418769038, 7153
640, 42, 0.8762156154487357, 0.8662161136529353, 0.8862151172445362, 7198
648, 42, 0.8749483542211817, 0.8649487328630756, 0.8849479755792877, 7261
641, 39, 0.8852142963072817, 0.8752145866829906, 0.8952140059315727, 6743
647, 41, 0.8784031598250811, 0.8684040472035492, 0.888402272446613, 7089
644, 39, 0.8817748229512935, 0.8717757893659998, 0.8917738565365873, 6919
644, 38, 0.8861667164625038, 0.8761668234514762, 0.8961666094735313, 6694
650, 42, 0.875622578859989, 0.8656233608665558, 0.8856217968534221, 7228
649, 40, 0.8808498420901522, 0.870850938632426, 0.8908487455478783, 6966
647, 41, 0.8801599771461219, 0.8701611843274886, 0.8901587699647553, 7001
647, 40, 0.8826181818181819, 0.872618265669858, 0.8926180979665057, 6875
666, 43, 0.8733987462523849, 0.8633991540239069, 0.8833983384808629, 7338
650, 40, 0.8817748229512935, 0.8717757893659998, 0.8917738565365873, 6919
# timestamp 08.04.2026 13:25:38 (1775647538), datastructure SAC
# timebound 16, expirations {"r1": 0, "r2": 0}
# alpha 0.1, gamma 1
# fixed points 5, uniform granularity 0.5
# scheduler goal: MINIMIZING, scope: SEMIPROPHETIC, history: DISCRETE_HISTORY
# training runs 100000

[2026-04-08 13:26:00.959] [info] runs 5794 | prob 0.9033482913358647 | low 0.8933485447311952 | high 0.9133480379405342
[2026-04-08 13:26:01.794] [info] runs 6125 | prob 0.8971428571428571 | low 0.8871442192078631 | high 0.9071414950778511
[2026-04-08 13:26:02.626] [info] runs 5986 | prob 0.8997661209488808 | low 0.8897672816224667 | high 0.9097649602752949
[2026-04-08 13:26:03.459] [info] runs 5986 | prob 0.8997661209488808 | low 0.8897672816224667 | high 0.9097649602752949
[2026-04-08 13:26:04.290] [info] runs 6166 | prob 0.8963671748297113 | low 0.8863686543735835 | high 0.9063656952858391
[2026-04-08 13:26:05.123] [info] runs 5862 | prob 0.9020812009553053 | low 0.892081688930904 | high 0.9120807129797066
[2026-04-08 13:26:05.959] [info] runs 5804 | prob 0.903170227429359 | low 0.8931708855065787 | high 0.9131695693521393
[2026-04-08 13:26:06.784] [info] runs 5986 | prob 0.8997661209488808 | low 0.8897672816224667 | high 0.9097649602752949
[2026-04-08 13:26:07.609] [info] runs 5726 | prob 0.9046454767726161 | low 0.894647087430468 | high 0.9146438661147642
[2026-04-08 13:26:08.436] [info] runs 5881 | prob 0.9017173950008502 | low 0.8917175372453884 | high 0.9117172527563121
[2026-04-08 13:26:09.271] [info] runs 6404 | prob 0.891786383510306 | low 0.8817865775885959 | high 0.9017861894320162
[2026-04-08 13:26:10.108] [info] runs 6138 | prob 0.896871945259042 | low 0.8868722664827712 | high 0.9068716240353129
[2026-04-08 13:26:10.945] [info] runs 6074 | prob 0.8980902206124465 | low 0.8880907644846807 | high 0.9080896767402122
[2026-04-08 13:26:11.777] [info] runs 6028 | prob 0.8989714664897147 | low 0.8889725206716595 | high 0.9089704123077699
[2026-04-08 13:26:12.611] [info] runs 6083 | prob 0.8979122143679106 | low 0.887912426618331 | high 0.9079120021174901
[2026-04-08 13:26:13.446] [info] runs 5814 | prob 0.9029927760577915 | low 0.8929938692370968 | high 0.9129916828784862
[2026-04-08 13:26:14.275] [info] runs 5750 | prob 0.9041739130434783 | low 0.8941743781595471 | high 0.9141734479274094
[2026-04-08 13:26:15.112] [info] runs 6387 | prob 0.8921246281509316 | low 0.8821252885598879 | high 0.9021239677419753
[2026-04-08 13:26:15.940] [info] runs 5891 | prob 0.9015447292480054 | low 0.8915455472752541 | high 0.9115439112207567
[2026-04-08 13:26:16.772] [info] runs 6005 | prob 0.8994171523730224 | low 0.8894187203328554 | high 0.9094155844131895
[2026-04-08 13:26:17.606] [info] runs 5819 | prob 0.9029042790857535 | low 0.8929056011189457 | high 0.9129029570525614
[2026-04-08 13:26:18.436] [info] runs 5819 | prob 0.9029042790857535 | low 0.8929056011189457 | high 0.9129029570525614
[2026-04-08 13:26:19.274] [info] runs 5804 | prob 0.903170227429359 | low 0.8931708855065787 | high 0.9131695693521393
[2026-04-08 13:26:20.101] [info] runs 5905 | prob 0.9012701100762066 | low 0.8912703928699373 | high 0.911269827282476
[2026-04-08 13:26:20.936] [info] runs 6251 | prob 0.8947368421052632 | low 0.8847378329321137 | high 0.9047358512784126
[2026-04-08 13:26:21.124] [info] RESULT:
training_time, simulation_time, prob, low, high, runs
637, 28, 0.9033482913358647, 0.8933485447311952, 0.9133480379405342, 5794
624, 28, 0.8971428571428571, 0.8871442192078631, 0.9071414950778511, 6125
620, 28, 0.8997661209488808, 0.8897672816224667, 0.9097649602752949, 5986
622, 28, 0.8997661209488808, 0.8897672816224667, 0.9097649602752949, 5986
616, 29, 0.8963671748297113, 0.8863686543735835, 0.9063656952858391, 6166
620, 27, 0.9020812009553053, 0.892081688930904, 0.9120807129797066, 5862
622, 26, 0.903170227429359, 0.8931708855065787, 0.9131695693521393, 5804
616, 27, 0.8997661209488808, 0.8897672816224667, 0.9097649602752949, 5986
613, 26, 0.9046454767726161, 0.894647087430468, 0.9146438661147642, 5726
617, 27, 0.9017173950008502, 0.8917175372453884, 0.9117172527563121, 5881
618, 30, 0.891786383510306, 0.8817865775885959, 0.9017861894320162, 6404
623, 29, 0.896871945259042, 0.8868722664827712, 0.9068716240353129, 6138
622, 29, 0.8980902206124465, 0.8880907644846807, 0.9080896767402122, 6074
622, 28, 0.8989714664897147, 0.8889725206716595, 0.9089704123077699, 6028
616, 28, 0.8979122143679106, 0.887912426618331, 0.9079120021174901, 6083
621, 27, 0.9029927760577915, 0.8929938692370968, 0.9129916828784862, 5814
619, 27, 0.9041739130434783, 0.8941743781595471, 0.9141734479274094, 5750
620, 30, 0.8921246281509316, 0.8821252885598879, 0.9021239677419753, 6387
615, 27, 0.9015447292480054, 0.8915455472752541, 0.9115439112207567, 5891
618, 28, 0.8994171523730224, 0.8894187203328554, 0.9094155844131895, 6005
619, 27, 0.9029042790857535, 0.8929056011189457, 0.9129029570525614, 5819
617, 27, 0.9029042790857535, 0.8929056011189457, 0.9129029570525614, 5819
626, 27, 0.903170227429359, 0.8931708855065787, 0.9131695693521393, 5804
616, 27, 0.9012701100762066, 0.8912703928699373, 0.911269827282476, 5905
623, 29, 0.8947368421052632, 0.8847378329321137, 0.9047358512784126, 6251
# timestamp 08.04.2026 13:25:38 (1775647538), datastructure SAC
# timebound 16, expirations {"r1": 0, "r2": 0}
# alpha 0.1, gamma 1
# fixed points 5, uniform granularity 0.5
# scheduler goal: MAXIMIZING, scope: SEMIPROPHETIC, history: DISCRETE_HISTORY
# training runs 100000

[2026-04-08 13:26:21.124] [info] 2.1 Simulating on SAC: 43023
[2026-04-08 13:26:21.124] [info] Analysis finished; the goal is not reachable.
[2026-04-08 13:26:21.124] [info] Probability: 0.0
[2026-04-08 13:26:21.124] [info] 2 Analysis: 43023
[2026-04-08 13:26:21.124] [info] 0 Computation Time Complete: 43023
[2026-04-08 13:26:21.124] [info] Counters and timers:
Counters:

Timers:
0 Computation Time Complete: 43023
1 Model creation: 0
2 Analysis: 43023
2.0 Creating Unified Datastructure from SAC: 0
2.1 Simulating on SAC: 43023

timebound = 16, jump depth = 100, max expirations of random clocks = [{r1: 0}, {r2: 0}], combine absorbing locations in unrolling = 198, integration bound(s) = 16, integration samples = 500000, model = WATERTANK, model case = CASE_E, LTI analysis = rectangular analysis, scheduler = goal: MAXIMIZING, scope: SEMIPROPHETIC, history: HISTORY_DEPENDENT, multithreaded = 1, disableBackwardsRefinement = 0
simulating 0 runs after 100000 training runs with parameters:
learning rate                 0.1
discount factor               1
exploration rate              0.15
uniform granularity           0.5
adaptive compartments         5


[2026-04-14 20:34:47.463] [warning] no flow specified for variable c1 in location all_off - assuming flow of 0
[2026-04-14 20:34:47.463] [warning] no flow specified for variable c1 in location v2_on - assuming flow of 0
[2026-04-14 20:34:47.463] [warning] no flow specified for variable c1 in location v1_block - assuming flow of 0
[2026-04-14 20:34:47.463] [warning] no flow specified for variable c1 in location v2_block - assuming flow of 0
[2026-04-14 20:34:47.463] [warning] no flow specified for variable c1 in location v1_block_v2_on - assuming flow of 0
[2026-04-14 20:34:47.463] [warning] no flow specified for variable c1 in location block_safe - assuming flow of 0
[2026-04-14 20:34:47.463] [warning] no flow specified for variable c1 in location block_unsafe - assuming flow of 0
[2026-04-14 20:34:47.463] [warning] no flow specified for variable c2 in location all_off - assuming flow of 0
[2026-04-14 20:34:47.463] [warning] no flow specified for variable c2 in location v1_on - assuming flow of 0
[2026-04-14 20:34:47.463] [warning] no flow specified for variable c2 in location v1_block - assuming flow of 0
[2026-04-14 20:34:47.463] [warning] no flow specified for variable c2 in location v2_block - assuming flow of 0
[2026-04-14 20:34:47.463] [warning] no flow specified for variable c2 in location v2_block_v1_on - assuming flow of 0
[2026-04-14 20:34:47.463] [warning] no flow specified for variable c2 in location block_safe - assuming flow of 0
[2026-04-14 20:34:47.463] [warning] no flow specified for variable c2 in location block_unsafe - assuming flow of 0
[2026-04-14 20:34:47.463] [warning] no constraints specified for variable c1 in initial constraint number 0 - assuming [0,0]
[2026-04-14 20:34:47.463] [warning] no constraints specified for variable c2 in initial constraint number 0 - assuming [0,0]
[2026-04-14 20:34:47.463] [info] 1 Model creation: 0
[2026-04-14 20:34:47.463] [info] 2.0 Creating Unified Datastructure from SAC: 0
[2026-04-14 20:34:48.206] [info] runs 5881 | prob 0.9017173950008502 | low 0.8917175372453884 | high 0.9117172527563121
[2026-04-14 20:34:49.084] [info] runs 6134 | prob 0.8969677208999022 | low 0.886968894380698 | high 0.9069665474191063
[2026-04-14 20:34:49.955] [info] runs 5824 | prob 0.9028159340659341 | low 0.8928174924328769 | high 0.9128143756989913
[2026-04-14 20:34:50.825] [info] runs 5896 | prob 0.9014586160108549 | low 0.8914597822704373 | high 0.9114574497512724
[2026-04-14 20:34:51.696] [info] runs 5948 | prob 0.9004707464694015 | low 0.8904714244093437 | high 0.9104700685294593
[2026-04-14 20:34:52.564] [info] runs 5853 | prob 0.9022723389714676 | low 0.8922738546332272 | high 0.9122708233097081
[2026-04-14 20:34:53.443] [info] runs 5915 | prob 0.9010989010989011 | low 0.8910999309277967 | high 0.9110978712700055
[2026-04-14 20:34:54.307] [info] runs 5809 | prob 0.903081425374419 | low 0.8930822972211645 | high 0.9130805535276736
[2026-04-14 20:34:55.183] [info] runs 5924 | prob 0.9009115462525321 | low 0.8909117549580573 | high 0.9109113375470069
[2026-04-14 20:34:56.049] [info] runs 5636 | prob 0.9063165365507452 | low 0.8963181070760879 | high 0.9163149660254024
[2026-04-14 20:34:56.917] [info] runs 5990 | prob 0.8996661101836394 | low 0.8896661803453901 | high 0.9096660400218887
[2026-04-14 20:34:57.822] [info] runs 6097 | prob 0.8976545842217484 | low 0.8876551233559631 | high 0.9076540450875337
[2026-04-14 20:34:58.682] [info] runs 5833 | prob 0.9026230070289731 | low 0.8926234387622096 | high 0.9126225752957366
[2026-04-14 20:34:59.543] [info] runs 5934 | prob 0.9007414897202561 | low 0.890742501703953 | high 0.9107404777365593
[2026-04-14 20:35:00.407] [info] runs 6019 | prob 0.8991526831699618 | low 0.8891542353786455 | high 0.9091511309612781
[2026-04-14 20:35:01.268] [info] runs 5857 | prob 0.9021683455694042 | low 0.8921685358048547 | high 0.9121681553339537
[2026-04-14 20:35:02.136] [info] runs 5701 | prob 0.9051043676547974 | low 0.8951056850945687 | high 0.9151030502150261
[2026-04-14 20:35:02.999] [info] runs 5872 | prob 0.9019073569482289 | low 0.8919084617077493 | high 0.9119062521887085
[2026-04-14 20:35:03.873] [info] runs 6304 | prob 0.8937182741116751 | low 0.8837190253101159 | high 0.9037175229132344
[2026-04-14 20:35:04.742] [info] runs 5814 | prob 0.9029927760577915 | low 0.8929938692370968 | high 0.9129916828784862
[2026-04-14 20:35:05.610] [info] runs 6409 | prob 0.8917147760961148 | low 0.8817159663718542 | high 0.9017135858203754
[2026-04-14 20:35:06.475] [info] runs 5910 | prob 0.9011844331641286 | low 0.8911850861105003 | high 0.9111837802177568
[2026-04-14 20:35:07.340] [info] runs 5804 | prob 0.903170227429359 | low 0.8931708855065787 | high 0.9131695693521393
[2026-04-14 20:35:08.209] [info] runs 6106 | prob 0.8974778905994104 | low 0.8874781644975689 | high 0.9074776167012519
[2026-04-14 20:35:09.086] [info] runs 6156 | prob 0.8965237166991553 | low 0.8865237660860547 | high 0.906523667312256
[2026-04-14 20:35:09.287] [info] RESULT:
training_time, simulation_time, prob, low, high, runs
707, 34, 0.9017173950008502, 0.8917175372453884, 0.9117172527563121, 5881
773, 37, 0.8969677208999022, 0.886968894380698, 0.9069665474191063, 6134
638, 32, 0.9028159340659341, 0.8928174924328769, 0.9128143756989913, 5824
638, 33, 0.9014586160108549, 0.8914597822704373, 0.9114574497512724, 5896
646, 33, 0.9004707464694015, 0.8904714244093437, 0.9104700685294593, 5948
640, 32, 0.9022723389714676, 0.8922738546332272, 0.9122708233097081, 5853
646, 35, 0.9010989010989011, 0.8910999309277967, 0.9110978712700055, 5915
634, 32, 0.903081425374419, 0.8930822972211645, 0.9130805535276736, 5809
644, 35, 0.9009115462525321, 0.8909117549580573, 0.9109113375470069, 5924
636, 31, 0.9063165365507452, 0.8963181070760879, 0.9163149660254024, 5636
635, 34, 0.8996661101836394, 0.8896661803453901, 0.9096660400218887, 5990
643, 36, 0.8976545842217484, 0.8876551233559631, 0.9076540450875337, 6097
631, 31, 0.9026230070289731, 0.8926234387622096, 0.9126225752957366, 5833
634, 33, 0.9007414897202561, 0.890742501703953, 0.9107404777365593, 5934
635, 33, 0.8991526831699618, 0.8891542353786455, 0.9091511309612781, 6019
632, 32, 0.9021683455694042, 0.8921685358048547, 0.9121681553339537, 5857
636, 31, 0.9051043676547974, 0.8951056850945687, 0.9151030502150261, 5701
636, 32, 0.9019073569482289, 0.8919084617077493, 0.9119062521887085, 5872
638, 36, 0.8937182741116751, 0.8837190253101159, 0.9037175229132344, 6304
637, 33, 0.9029927760577915, 0.8929938692370968, 0.9129916828784862, 5814
634, 35, 0.8917147760961148, 0.8817159663718542, 0.9017135858203754, 6409
634, 33, 0.9011844331641286, 0.8911850861105003, 0.9111837802177568, 5910
640, 31, 0.903170227429359, 0.8931708855065787, 0.9131695693521393, 5804
641, 33, 0.8974778905994104, 0.8874781644975689, 0.9074776167012519, 6106
641, 35, 0.8965237166991553, 0.8865237660860547, 0.906523667312256, 6156
# timestamp 14.04.2026 20:34:47 (1776191687), datastructure SAC
# timebound 16, expirations {"r1": 0, "r2": 0}
# alpha 0.1, gamma 1
# fixed points 5, uniform granularity 0.5
# scheduler goal: MINIMIZING, scope: SEMIPROPHETIC, history: DISCRETE_HISTORY
# training runs 100000

[2026-04-14 20:35:09.920] [info] runs 4531 | prob 0.9262855881703819 | low 0.9162856461163676 | high 0.9362855302243961
[2026-04-14 20:35:10.748] [info] runs 4386 | prob 0.9288645690834473 | low 0.918866164025626 | high 0.9388629741412685
[2026-04-14 20:35:11.554] [info] runs 4486 | prob 0.9271065537226928 | low 0.9171082738054411 | high 0.9371048336399445
[2026-04-14 20:35:12.373] [info] runs 4777 | prob 0.9219175214569814 | low 0.9119177271259818 | high 0.9319173157879809
[2026-04-14 20:35:13.176] [info] runs 4338 | prob 0.929691101890272 | low 0.9196916644455444 | high 0.9396905393349997
[2026-04-14 20:35:13.988] [info] runs 4325 | prob 0.9299421965317919 | low 0.919944290781445 | high 0.9399401022821388
[2026-04-14 20:35:14.797] [info] runs 4771 | prob 0.9220289247537204 | low 0.9120293810056421 | high 0.9320284685017988
[2026-04-14 20:35:15.603] [info] runs 3904 | prob 0.9372438524590164 | low 0.927245109772841 | high 0.9472425951451918
[2026-04-14 20:35:16.408] [info] runs 4345 | prob 0.9295742232451093 | low 0.9195751712357836 | high 0.939573275254435
[2026-04-14 20:35:17.212] [info] runs 4352 | prob 0.9294577205882353 | low 0.9194590794962311 | high 0.9394563616802395
[2026-04-14 20:35:18.012] [info] runs 4325 | prob 0.9299421965317919 | low 0.919944290781445 | high 0.9399401022821388
[2026-04-14 20:35:18.813] [info] runs 4156 | prob 0.9328681424446583 | low 0.9228685441801119 | high 0.9428677407092048
[2026-04-14 20:35:19.616] [info] runs 4986 | prob 0.9181708784596871 | low 0.9081712140984215 | high 0.9281705428209528
[2026-04-14 20:35:20.416] [info] runs 4248 | prob 0.931261770244821 | low 0.9212620312678845 | high 0.9412615092217576
[2026-04-14 20:35:21.227] [info] runs 4634 | prob 0.9244712990936556 | low 0.9144719767730194 | high 0.9344706214142917
[2026-04-14 20:35:22.026] [info] runs 4747 | prob 0.9224773541183906 | low 0.9124790027935853 | high 0.9324757054431959
[2026-04-14 20:35:22.832] [info] runs 4666 | prob 0.9239177025289327 | low 0.9139192694314666 | high 0.9339161356263987
[2026-04-14 20:35:23.632] [info] runs 4386 | prob 0.9288645690834473 | low 0.918866164025626 | high 0.9388629741412685
[2026-04-14 20:35:24.435] [info] runs 4844 | prob 0.9207266721717589 | low 0.9107273007917834 | high 0.9307260435517343
[2026-04-14 20:35:25.244] [info] runs 4697 | prob 0.9233553331913987 | low 0.9133562316227127 | high 0.9333544347600847
[2026-04-14 20:35:26.048] [info] runs 4777 | prob 0.9219175214569814 | low 0.9119177271259818 | high 0.9319173157879809
[2026-04-14 20:35:26.846] [info] runs 4331 | prob 0.9298083583468021 | low 0.9198085612093734 | high 0.9398081554842308
[2026-04-14 20:35:27.643] [info] runs 4453 | prob 0.9276891982932854 | low 0.9176909861062703 | high 0.9376874104803006
[2026-04-14 20:35:28.442] [info] runs 3973 | prob 0.9360684621193053 | low 0.9260708114334971 | high 0.9460661128051134
[2026-04-14 20:35:29.244] [info] runs 4283 | prob 0.9306560821853841 | low 0.9206567586865517 | high 0.9406554056842165
[2026-04-14 20:35:29.422] [info] RESULT:
training_time, simulation_time, prob, low, high, runs
613, 18, 0.9262855881703819, 0.9162856461163676, 0.9362855302243961, 4531
616, 18, 0.9288645690834473, 0.918866164025626, 0.9388629741412685, 4386
602, 18, 0.9271065537226928, 0.9171082738054411, 0.9371048336399445, 4486
614, 20, 0.9219175214569814, 0.9119177271259818, 0.9319173157879809, 4777
603, 17, 0.929691101890272, 0.9196916644455444, 0.9396905393349997, 4338
611, 19, 0.9299421965317919, 0.919944290781445, 0.9399401022821388, 4325
598, 20, 0.9220289247537204, 0.9120293810056421, 0.9320284685017988, 4771
605, 15, 0.9372438524590164, 0.927245109772841, 0.9472425951451918, 3904
606, 17, 0.9295742232451093, 0.9195751712357836, 0.939573275254435, 4345
603, 17, 0.9294577205882353, 0.9194590794962311, 0.9394563616802395, 4352
601, 17, 0.9299421965317919, 0.919944290781445, 0.9399401022821388, 4325
604, 17, 0.9328681424446583, 0.9228685441801119, 0.9428677407092048, 4156
602, 20, 0.9181708784596871, 0.9081712140984215, 0.9281705428209528, 4986
601, 16, 0.931261770244821, 0.9212620312678845, 0.9412615092217576, 4248
601, 18, 0.9244712990936556, 0.9144719767730194, 0.9344706214142917, 4634
597, 19, 0.9224773541183906, 0.9124790027935853, 0.9324757054431959, 4747
603, 19, 0.9239177025289327, 0.9139192694314666, 0.9339161356263987, 4666
601, 17, 0.9288645690834473, 0.918866164025626, 0.9388629741412685, 4386
602, 20, 0.9207266721717589, 0.9107273007917834, 0.9307260435517343, 4844
602, 19, 0.9233553331913987, 0.9133562316227127, 0.9333544347600847, 4697
600, 19, 0.9219175214569814, 0.9119177271259818, 0.9319173157879809, 4777
597, 17, 0.9298083583468021, 0.9198085612093734, 0.9398081554842308, 4331
597, 18, 0.9276891982932854, 0.9176909861062703, 0.9376874104803006, 4453
603, 15, 0.9360684621193053, 0.9260708114334971, 0.9460661128051134, 3973
602, 17, 0.9306560821853841, 0.9206567586865517, 0.9406554056842165, 4283
# timestamp 14.04.2026 20:34:47 (1776191687), datastructure SAC
# timebound 16, expirations {"r1": 0, "r2": 0}
# alpha 0.1, gamma 1
# fixed points 5, uniform granularity 0.5
# scheduler goal: MAXIMIZING, scope: SEMIPROPHETIC, history: DISCRETE_HISTORY
# training runs 100000

[2026-04-14 20:35:29.422] [info] 2.1 Simulating on SAC: 41958
[2026-04-14 20:35:29.422] [info] Analysis finished; the goal is not reachable.
[2026-04-14 20:35:29.422] [info] Probability: 0.0
[2026-04-14 20:35:29.422] [info] 2 Analysis: 41958
[2026-04-14 20:35:29.422] [info] 0 Computation Time Complete: 41959
[2026-04-14 20:35:29.422] [info] Counters and timers:
Counters:

Timers:
0 Computation Time Complete: 41959
1 Model creation: 0
2 Analysis: 41958
2.0 Creating Unified Datastructure from SAC: 0
2.1 Simulating on SAC: 41958

timebound = 16, jump depth = 100, max expirations of random clocks = [{r1: 0}, {r2: 0}], combine absorbing locations in unrolling = 238, integration bound(s) = 16, integration samples = 500000, model = WATERTANK, model case = CASE_E, LTI analysis = rectangular analysis, scheduler = goal: MAXIMIZING, scope: SEMIPROPHETIC, history: HISTORY_DEPENDENT, multithreaded = 1, disableBackwardsRefinement = 0
simulating 0 runs after 1000000 training runs with parameters:
learning rate                 0.1
discount factor               1
exploration rate              0.15
uniform granularity           0.5
adaptive compartments         5


[2026-04-14 21:35:18.628] [warning] no flow specified for variable c1 in location all_off - assuming flow of 0
[2026-04-14 21:35:18.628] [warning] no flow specified for variable c1 in location v2_on - assuming flow of 0
[2026-04-14 21:35:18.628] [warning] no flow specified for variable c1 in location v1_block - assuming flow of 0
[2026-04-14 21:35:18.628] [warning] no flow specified for variable c1 in location v2_block - assuming flow of 0
[2026-04-14 21:35:18.628] [warning] no flow specified for variable c1 in location v1_block_v2_on - assuming flow of 0
[2026-04-14 21:35:18.628] [warning] no flow specified for variable c1 in location block_safe - assuming flow of 0
[2026-04-14 21:35:18.628] [warning] no flow specified for variable c1 in location block_unsafe - assuming flow of 0
[2026-04-14 21:35:18.628] [warning] no flow specified for variable c2 in location all_off - assuming flow of 0
[2026-04-14 21:35:18.628] [warning] no flow specified for variable c2 in location v1_on - assuming flow of 0
[2026-04-14 21:35:18.628] [warning] no flow specified for variable c2 in location v1_block - assuming flow of 0
[2026-04-14 21:35:18.628] [warning] no flow specified for variable c2 in location v2_block - assuming flow of 0
[2026-04-14 21:35:18.628] [warning] no flow specified for variable c2 in location v2_block_v1_on - assuming flow of 0
[2026-04-14 21:35:18.628] [warning] no flow specified for variable c2 in location block_safe - assuming flow of 0
[2026-04-14 21:35:18.628] [warning] no flow specified for variable c2 in location block_unsafe - assuming flow of 0
[2026-04-14 21:35:18.628] [warning] no constraints specified for variable c1 in initial constraint number 0 - assuming [0,0]
[2026-04-14 21:35:18.628] [warning] no constraints specified for variable c2 in initial constraint number 0 - assuming [0,0]
[2026-04-14 21:35:18.628] [info] 1 Model creation: 0
[2026-04-14 21:35:18.628] [info] 2.0 Creating Unified Datastructure from SAC: 0
[2026-04-14 21:35:24.329] [info] runs 6344 | prob 0.8929697351828499 | low 0.882971210076388 | high 0.9029682602893119
[2026-04-14 21:35:30.033] [info] runs 6595 | prob 0.8880970432145565 | low 0.878097286093125 | high 0.898096800335988
[2026-04-14 21:35:35.776] [info] runs 6447 | prob 0.8909570342795099 | low 0.8809571671032915 | high 0.9009569014557283
[2026-04-14 21:35:41.440] [info] runs 6111 | prob 0.8973981345115366 | low 0.887399057193513 | high 0.9073972118295602
[2026-04-14 21:35:47.209] [info] runs 6633 | prob 0.8873812754409769 | low 0.8773823969090379 | high 0.8973801539729159
[2026-04-14 21:35:52.921] [info] runs 6352 | prob 0.8927896725440806 | low 0.882790052367652 | high 0.9027892927205092
[2026-04-14 21:35:58.591] [info] runs 6326 | prob 0.8932975023711666 | low 0.8832982710047952 | high 0.9032967337375379
[2026-04-14 21:36:04.400] [info] runs 6723 | prob 0.8856165402350141 | low 0.8756172591484978 | high 0.8956158213215305
[2026-04-14 21:36:10.122] [info] runs 6460 | prob 0.8907120743034056 | low 0.8807124343982461 | high 0.9007117142085651
[2026-04-14 21:36:15.783] [info] runs 6308 | prob 0.8936271401395054 | low 0.8836272872920984 | high 0.9036269929869124
[2026-04-14 21:36:21.451] [info] runs 5901 | prob 0.9013726487036096 | low 0.8913741700390615 | high 0.9113711273681576
[2026-04-14 21:36:27.124] [info] runs 6383 | prob 0.8922136926210246 | low 0.8822148513213558 | high 0.9022125339206933
[2026-04-14 21:36:32.816] [info] runs 6396 | prob 0.891963727329581 | low 0.8819648780000602 | high 0.9019625766591017
[2026-04-14 21:36:38.481] [info] runs 6229 | prob 0.8951677636859849 | low 0.8851692295064691 | high 0.9051662978655007
[2026-04-14 21:36:44.164] [info] runs 6439 | prob 0.8911321633794067 | low 0.8811331418844213 | high 0.9011311848743921
[2026-04-14 21:36:49.831] [info] runs 6179 | prob 0.8960996925068782 | low 0.8861003063190872 | high 0.9060990786946691
[2026-04-14 21:36:55.479] [info] runs 6184 | prob 0.8960219922380336 | low 0.8860233460925613 | high 0.9060206383835059
[2026-04-14 21:37:01.210] [info] runs 6494 | prob 0.8900523560209425 | low 0.8800525757461383 | high 0.9000521362957467
[2026-04-14 21:37:06.877] [info] runs 6641 | prob 0.8872157807559102 | low 0.877216519483933 | high 0.8972150420278875
[2026-04-14 21:37:12.616] [info] runs 6507 | prob 0.8898109727985246 | low 0.8798115827742098 | high 0.8998103628228394
[2026-04-14 21:37:18.351] [info] runs 6330 | prob 0.8932069510268562 | low 0.8832071457382494 | high 0.903206756315463
[2026-04-14 21:37:24.097] [info] runs 6482 | prob 0.8903116322122802 | low 0.8803129525157618 | high 0.9003103119087985
[2026-04-14 21:37:29.819] [info] runs 6477 | prob 0.8903813493901498 | low 0.8803815989142245 | high 0.9003810998660751
[2026-04-14 21:37:35.491] [info] runs 6088 | prob 0.8978318002628121 | low 0.8878326314829487 | high 0.9078309690426755
[2026-04-14 21:37:41.234] [info] runs 6507 | prob 0.8898109727985246 | low 0.8798115827742098 | high 0.8998103628228394
[2026-04-14 21:37:41.408] [info] RESULT:
training_time, simulation_time, prob, low, high, runs
5668, 32, 0.8929697351828499, 0.882971210076388, 0.9029682602893119, 6344
5604, 32, 0.8880970432145565, 0.878097286093125, 0.898096800335988, 6595
5533, 32, 0.8909570342795099, 0.8809571671032915, 0.9009569014557283, 6447
5457, 30, 0.8973981345115366, 0.887399057193513, 0.9073972118295602, 6111
5561, 32, 0.8873812754409769, 0.8773823969090379, 0.8973801539729159, 6633
5505, 31, 0.8927896725440806, 0.882790052367652, 0.9027892927205092, 6352
5466, 30, 0.8932975023711666, 0.8832982710047952, 0.9032967337375379, 6326
5600, 33, 0.8856165402350141, 0.8756172591484978, 0.8956158213215305, 6723
5513, 31, 0.8907120743034056, 0.8807124343982461, 0.9007117142085651, 6460
5454, 31, 0.8936271401395054, 0.8836272872920984, 0.9036269929869124, 6308
5467, 28, 0.9013726487036096, 0.8913741700390615, 0.9113711273681576, 5901
5466, 30, 0.8922136926210246, 0.8822148513213558, 0.9022125339206933, 6383
5487, 31, 0.891963727329581, 0.8819648780000602, 0.9019625766591017, 6396
5459, 30, 0.8951677636859849, 0.8851692295064691, 0.9051662978655007, 6229
5477, 32, 0.8911321633794067, 0.8811331418844213, 0.9011311848743921, 6439
5464, 30, 0.8960996925068782, 0.8861003063190872, 0.9060990786946691, 6179
5444, 29, 0.8960219922380336, 0.8860233460925613, 0.9060206383835059, 6184
5522, 32, 0.8900523560209425, 0.8800525757461383, 0.9000521362957467, 6494
5459, 33, 0.8872157807559102, 0.877216519483933, 0.8972150420278875, 6641
5529, 33, 0.8898109727985246, 0.8798115827742098, 0.8998103628228394, 6507
5519, 31, 0.8932069510268562, 0.8832071457382494, 0.903206756315463, 6330
5538, 32, 0.8903116322122802, 0.8803129525157618, 0.9003103119087985, 6482
5513, 32, 0.8903813493901498, 0.8803815989142245, 0.9003810998660751, 6477
5469, 29, 0.8978318002628121, 0.8878326314829487, 0.9078309690426755, 6088
5537, 32, 0.8898109727985246, 0.8798115827742098, 0.8998103628228394, 6507
# timestamp 14.04.2026 21:35:18 (1776195318), datastructure SAC
# timebound 16, expirations {"r1": 0, "r2": 0}
# alpha 0.1, gamma 1
# fixed points 5, uniform granularity 0.5
# scheduler goal: MINIMIZING, scope: SEMIPROPHETIC, history: MEMORYLESS
# training runs 1000000

[2026-04-14 21:37:46.464] [info] runs 3037 | prob 0.9519262430029635 | low 0.9419267232061942 | high 0.9619257627997327
[2026-04-14 21:37:51.700] [info] runs 3047 | prob 0.9517558254020347 | low 0.941755944130047 | high 0.9617557066740224
[2026-04-14 21:37:56.950] [info] runs 2976 | prob 0.9529569892473119 | low 0.9429589784951165 | high 0.9629549999995073
[2026-04-14 21:38:02.144] [info] runs 2986 | prob 0.9527796383121232 | low 0.9427805168180243 | high 0.9627787598062221
[2026-04-14 21:38:07.397] [info] runs 3068 | prob 0.9514341590612777 | low 0.9414370827448054 | high 0.96143123537775
[2026-04-14 21:38:12.571] [info] runs 3390 | prob 0.9460176991150443 | low 0.9360195102516563 | high 0.9560158879784323
[2026-04-14 21:38:17.744] [info] runs 3261 | prob 0.9481754063170806 | low 0.9381758033805834 | high 0.9581750092535779
[2026-04-14 21:38:22.922] [info] runs 2562 | prob 0.9597970335675253 | low 0.9497999102959866 | high 0.969794156839064
[2026-04-14 21:38:28.113] [info] runs 2892 | prob 0.9543568464730291 | low 0.944359380552287 | high 0.9643543123937712
[2026-04-14 21:38:33.296] [info] runs 3007 | prob 0.9524442966411706 | low 0.9424465933882016 | high 0.9624419998941396
[2026-04-14 21:38:38.464] [info] runs 2945 | prob 0.9534804753820034 | low 0.943483313023431 | high 0.9634776377405758
[2026-04-14 21:38:43.657] [info] runs 2816 | prob 0.9556107954545454 | low 0.9456128966104926 | high 0.9656086942985982
[2026-04-14 21:38:48.851] [info] runs 2924 | prob 0.9538303693570451 | low 0.9438333404559996 | high 0.9638273982580906
[2026-04-14 21:38:54.097] [info] runs 3176 | prob 0.9496221662468514 | low 0.9396244506572801 | high 0.9596198818364227
[2026-04-14 21:38:59.353] [info] runs 3381 | prob 0.9461697722567288 | low 0.9361715930541283 | high 0.9561679514593293
[2026-04-14 21:39:04.639] [info] runs 3399 | prob 0.9458664313033245 | low 0.9358683074590407 | high 0.9558645551476083
[2026-04-14 21:39:09.900] [info] runs 3078 | prob 0.9512670565302144 | low 0.9412699550378589 | high 0.9612641580225698
[2026-04-14 21:39:15.145] [info] runs 3354 | prob 0.9466308884913536 | low 0.9366331988320363 | high 0.9566285781506708
[2026-04-14 21:39:20.347] [info] runs 3335 | prob 0.9469265367316342 | low 0.9369266565269134 | high 0.9569264169363549
[2026-04-14 21:39:25.530] [info] runs 2860 | prob 0.9548951048951049 | low 0.9448985003042638 | high 0.9648917094859459
[2026-04-14 21:39:30.749] [info] runs 2794 | prob 0.9559770937723694 | low 0.9459794937968572 | high 0.9659746937478816
[2026-04-14 21:39:35.962] [info] runs 3470 | prob 0.9446685878962536 | low 0.9346707351608372 | high 0.95466644063167
[2026-04-14 21:39:41.190] [info] runs 3078 | prob 0.9512670565302144 | low 0.9412699550378589 | high 0.9612641580225698
[2026-04-14 21:39:46.400] [info] runs 3147 | prob 0.9501112170320941 | low 0.9401138378436004 | high 0.9601085962205879
[2026-04-14 21:39:51.617] [info] runs 3326 | prob 0.947083583884546 | low 0.9370841801864686 | high 0.9570829875826236
[2026-04-14 21:39:51.781] [info] RESULT:
training_time, simulation_time, prob, low, high, runs
5045, 9, 0.9519262430029635, 0.9419267232061942, 0.9619257627997327, 3037
5063, 10, 0.9517558254020347, 0.941755944130047, 0.9617557066740224, 3047
5075, 9, 0.9529569892473119, 0.9429589784951165, 0.9629549999995073, 2976
5019, 10, 0.9527796383121232, 0.9427805168180243, 0.9627787598062221, 2986
5076, 10, 0.9514341590612777, 0.9414370827448054, 0.96143123537775, 3068
4996, 11, 0.9460176991150443, 0.9360195102516563, 0.9560158879784323, 3390
4997, 11, 0.9481754063170806, 0.9381758033805834, 0.9581750092535779, 3261
5003, 8, 0.9597970335675253, 0.9497999102959866, 0.969794156839064, 2562
5018, 9, 0.9543568464730291, 0.944359380552287, 0.9643543123937712, 2892
5002, 9, 0.9524442966411706, 0.9424465933882016, 0.9624419998941396, 3007
4996, 9, 0.9534804753820034, 0.943483313023431, 0.9634776377405758, 2945
5017, 9, 0.9556107954545454, 0.9456128966104926, 0.9656086942985982, 2816
5018, 10, 0.9538303693570451, 0.9438333404559996, 0.9638273982580906, 2924
5070, 10, 0.9496221662468514, 0.9396244506572801, 0.9596198818364227, 3176
5076, 11, 0.9461697722567288, 0.9361715930541283, 0.9561679514593293, 3381
5110, 11, 0.9458664313033245, 0.9358683074590407, 0.9558645551476083, 3399
5084, 10, 0.9512670565302144, 0.9412699550378589, 0.9612641580225698, 3078
5067, 11, 0.9466308884913536, 0.9366331988320363, 0.9566285781506708, 3354
5026, 10, 0.9469265367316342, 0.9369266565269134, 0.9569264169363549, 3335
5016, 9, 0.9548951048951049, 0.9448985003042638, 0.9648917094859459, 2860
5046, 9, 0.9559770937723694, 0.9459794937968572, 0.9659746937478816, 2794
5036, 11, 0.9446685878962536, 0.9346707351608372, 0.95466644063167, 3470
5052, 10, 0.9512670565302144, 0.9412699550378589, 0.9612641580225698, 3078
5033, 10, 0.9501112170320941, 0.9401138378436004, 0.9601085962205879, 3147
5039, 10, 0.947083583884546, 0.9370841801864686, 0.9570829875826236, 3326
# timestamp 14.04.2026 21:35:18 (1776195318), datastructure SAC
# timebound 16, expirations {"r1": 0, "r2": 0}
# alpha 0.1, gamma 1
# fixed points 5, uniform granularity 0.5
# scheduler goal: MAXIMIZING, scope: SEMIPROPHETIC, history: MEMORYLESS
# training runs 1000000

[2026-04-14 21:39:51.781] [info] 2.1 Simulating on SAC: 273152
[2026-04-14 21:39:51.781] [info] Analysis finished; the goal is not reachable.
[2026-04-14 21:39:51.781] [info] Probability: 0.0
[2026-04-14 21:39:51.781] [info] 2 Analysis: 273152
[2026-04-14 21:39:51.781] [info] 0 Computation Time Complete: 273153
[2026-04-14 21:39:51.781] [info] Counters and timers:
Counters:

Timers:
0 Computation Time Complete: 273153
1 Model creation: 0
2 Analysis: 273152
2.0 Creating Unified Datastructure from SAC: 0
2.1 Simulating on SAC: 273152

