timebound = 18, jump depth = 100, max expirations of random clocks = [{r1: 0}, {r2: 0}], combine absorbing locations in unrolling = 188, integration bound(s) = 18, integration samples = 500000, model = WATERTANK, model case = CASE_A, LTI analysis = rectangular analysis, scheduler = goal: MAXIMIZING, scope: SEMIPROPHETIC, history: HISTORY_DEPENDENT, multithreaded = 1, disableBackwardsRefinement = 0
simulating 0 runs after 100000 training runs with parameters:
learning rate                 0.1
discount factor               1
exploration rate              0.15
uniform granularity           0.5
adaptive compartments         5


[2026-04-08 13:26:21.143] [warning] no flow specified for variable c1 in location all_off - assuming flow of 0
[2026-04-08 13:26:21.143] [warning] no flow specified for variable c1 in location v2_on - assuming flow of 0
[2026-04-08 13:26:21.143] [warning] no flow specified for variable c1 in location v1_block - assuming flow of 0
[2026-04-08 13:26:21.143] [warning] no flow specified for variable c1 in location v2_block - assuming flow of 0
[2026-04-08 13:26:21.143] [warning] no flow specified for variable c1 in location v1_block_v2_on - assuming flow of 0
[2026-04-08 13:26:21.143] [warning] no flow specified for variable c1 in location block_safe - assuming flow of 0
[2026-04-08 13:26:21.143] [warning] no flow specified for variable c1 in location block_unsafe - assuming flow of 0
[2026-04-08 13:26:21.143] [warning] no flow specified for variable c2 in location all_off - assuming flow of 0
[2026-04-08 13:26:21.143] [warning] no flow specified for variable c2 in location v1_on - assuming flow of 0
[2026-04-08 13:26:21.143] [warning] no flow specified for variable c2 in location v1_block - assuming flow of 0
[2026-04-08 13:26:21.143] [warning] no flow specified for variable c2 in location v2_block - assuming flow of 0
[2026-04-08 13:26:21.143] [warning] no flow specified for variable c2 in location v2_block_v1_on - assuming flow of 0
[2026-04-08 13:26:21.143] [warning] no flow specified for variable c2 in location block_safe - assuming flow of 0
[2026-04-08 13:26:21.143] [warning] no flow specified for variable c2 in location block_unsafe - assuming flow of 0
[2026-04-08 13:26:21.143] [warning] no constraints specified for variable c1 in initial constraint number 0 - assuming [0,0]
[2026-04-08 13:26:21.143] [warning] no constraints specified for variable c2 in initial constraint number 0 - assuming [0,0]
[2026-04-08 13:26:21.143] [info] 1 Model creation: 0
[2026-04-08 13:26:21.143] [info] 2.0 Creating Unified Datastructure from SAC: 0
[2026-04-08 13:26:21.905] [info] runs 5296 | prob 0.9125755287009063 | low 0.9025773064351647 | high 0.922573750966648
[2026-04-08 13:26:22.818] [info] runs 5130 | prob 0.9155945419103314 | low 0.9055962908174026 | high 0.9255927930032603
[2026-04-08 13:26:23.717] [info] runs 5429 | prob 0.9101123595505618 | low 0.9001127409860723 | high 0.9201119781150513
[2026-04-08 13:26:24.613] [info] runs 5528 | prob 0.9082850940665702 | low 0.8982852576065141 | high 0.9182849305266263
[2026-04-08 13:26:25.505] [info] runs 4862 | prob 0.9204031262854793 | low 0.9104036920316206 | high 0.9304025605393379
[2026-04-08 13:26:26.397] [info] runs 4928 | prob 0.919237012987013 | low 0.9092386143758677 | high 0.9292354115981583
[2026-04-08 13:26:27.293] [info] runs 4826 | prob 0.9210526315789473 | low 0.9110534776782503 | high 0.9310517854796444
[2026-04-08 13:26:28.188] [info] runs 5096 | prob 0.9162087912087912 | low 0.9062104580453387 | high 0.9262071243722436
[2026-04-08 13:26:29.086] [info] runs 5466 | prob 0.9094401756311745 | low 0.8994409608120488 | high 0.9194393904503002
[2026-04-08 13:26:29.983] [info] runs 5241 | prob 0.9135661133371494 | low 0.9035672463518845 | high 0.9235649803224144
[2026-04-08 13:26:30.884] [info] runs 5366 | prob 0.9112933283637719 | low 0.9012949915644246 | high 0.9212916651631191
[2026-04-08 13:26:31.780] [info] runs 4826 | prob 0.9210526315789473 | low 0.9110534776782503 | high 0.9310517854796444
[2026-04-08 13:26:32.674] [info] runs 5056 | prob 0.9169303797468354 | low 0.9069319541393 | high 0.9269288053543709
[2026-04-08 13:26:33.565] [info] runs 5290 | prob 0.9126654064272212 | low 0.9026661669622864 | high 0.9226646458921559
[2026-04-08 13:26:34.459] [info] runs 5174 | prob 0.9147661383842288 | low 0.9047662818553218 | high 0.9247659949131358
[2026-04-08 13:26:35.354] [info] runs 4886 | prob 0.9199754400327467 | low 0.9099761563076009 | high 0.9299747237578925
[2026-04-08 13:26:36.243] [info] runs 5296 | prob 0.9125755287009063 | low 0.9025773064351647 | high 0.922573750966648
[2026-04-08 13:26:37.141] [info] runs 5079 | prob 0.9165189998031108 | low 0.9065208115339736 | high 0.926517188072248
[2026-04-08 13:26:38.038] [info] runs 5285 | prob 0.9127719962157048 | low 0.9027735507201128 | high 0.9227704417112969
[2026-04-08 13:26:38.936] [info] runs 5268 | prob 0.9130599848139711 | low 0.9030603880704158 | high 0.9230595815575264
[2026-04-08 13:26:39.820] [info] runs 4945 | prob 0.9189079878665318 | low 0.9089082696425743 | high 0.9289077060904893
[2026-04-08 13:26:40.716] [info] runs 5146 | prob 0.9152739992226973 | low 0.9052741170205293 | high 0.9252738814248652
[2026-04-08 13:26:41.607] [info] runs 5067 | prob 0.9167160055259522 | low 0.9067167288132106 | high 0.9267152822386938
[2026-04-08 13:26:42.529] [info] runs 5403 | prob 0.9106052193225985 | low 0.9006063815047243 | high 0.9206040571404728
[2026-04-08 13:26:43.442] [info] runs 5241 | prob 0.9135661133371494 | low 0.9035672463518845 | high 0.9235649803224144
[2026-04-08 13:26:43.659] [info] RESULT:
training_time, simulation_time, prob, low, high, runs
727, 34, 0.9125755287009063, 0.9025773064351647, 0.922573750966648, 5296
800, 32, 0.9155945419103314, 0.9055962908174026, 0.9255927930032603, 5130
644, 32, 0.9101123595505618, 0.9001127409860723, 0.9201119781150513, 5429
641, 32, 0.9082850940665702, 0.8982852576065141, 0.9182849305266263, 5528
643, 28, 0.9204031262854793, 0.9104036920316206, 0.9304025605393379, 4862
642, 29, 0.919237012987013, 0.9092386143758677, 0.9292354115981583, 4928
644, 28, 0.9210526315789473, 0.9110534776782503, 0.9310517854796444, 4826
643, 30, 0.9162087912087912, 0.9062104580453387, 0.9262071243722436, 5096
641, 32, 0.9094401756311745, 0.8994409608120488, 0.9194393904503002, 5466
646, 31, 0.9135661133371494, 0.9035672463518845, 0.9235649803224144, 5241
647, 32, 0.9112933283637719, 0.9012949915644246, 0.9212916651631191, 5366
642, 28, 0.9210526315789473, 0.9110534776782503, 0.9310517854796444, 4826
644, 29, 0.9169303797468354, 0.9069319541393, 0.9269288053543709, 5056
640, 31, 0.9126654064272212, 0.9026661669622864, 0.9226646458921559, 5290
644, 30, 0.9147661383842288, 0.9047662818553218, 0.9247659949131358, 5174
643, 29, 0.9199754400327467, 0.9099761563076009, 0.9299747237578925, 4886
642, 31, 0.9125755287009063, 0.9025773064351647, 0.922573750966648, 5296
644, 30, 0.9165189998031108, 0.9065208115339736, 0.926517188072248, 5079
645, 31, 0.9127719962157048, 0.9027735507201128, 0.9227704417112969, 5285
641, 31, 0.9130599848139711, 0.9030603880704158, 0.9230595815575264, 5268
639, 28, 0.9189079878665318, 0.9089082696425743, 0.9289077060904893, 4945
643, 30, 0.9152739992226973, 0.9052741170205293, 0.9252738814248652, 5146
642, 29, 0.9167160055259522, 0.9067167288132106, 0.9267152822386938, 5067
663, 33, 0.9106052193225985, 0.9006063815047243, 0.9206040571404728, 5403
658, 31, 0.9135661133371494, 0.9035672463518845, 0.9235649803224144, 5241
# timestamp 08.04.2026 13:26:21 (1775647581), datastructure SAC
# timebound 18, expirations {"r1": 0, "r2": 0}
# alpha 0.1, gamma 1
# fixed points 5, uniform granularity 0.5
# scheduler goal: MINIMIZING, scope: SEMIPROPHETIC, history: DISCRETE_HISTORY
# training runs 100000

[2026-04-08 13:26:44.300] [info] runs 4227 | prob 0.931629997634256 | low 0.9216303599573343 | high 0.9416296353111777
[2026-04-08 13:26:45.145] [info] runs 4135 | prob 0.9332527206771463 | low 0.923254458559408 | high 0.9432509827948845
[2026-04-08 13:26:45.988] [info] runs 4557 | prob 0.9258283958744788 | low 0.9158286162606698 | high 0.9358281754882879
[2026-04-08 13:26:46.830] [info] runs 4473 | prob 0.9273418287502795 | low 0.9173439338794649 | high 0.9373397236210941
[2026-04-08 13:26:47.679] [info] runs 4518 | prob 0.9265161575918548 | low 0.9165162687447421 | high 0.9365160464389675
[2026-04-08 13:26:48.522] [info] runs 4345 | prob 0.9295742232451093 | low 0.9195751712357836 | high 0.939573275254435
[2026-04-08 13:26:49.369] [info] runs 4697 | prob 0.9233553331913987 | low 0.9133562316227127 | high 0.9333544347600847
[2026-04-08 13:26:50.221] [info] runs 4352 | prob 0.9294577205882353 | low 0.9194590794962311 | high 0.9394563616802395
[2026-04-08 13:26:51.070] [info] runs 4040 | prob 0.93490099009901 | low 0.9249027127981831 | high 0.9448992673998368
[2026-04-08 13:26:51.920] [info] runs 4697 | prob 0.9233553331913987 | low 0.9133562316227127 | high 0.9333544347600847
[2026-04-08 13:26:52.761] [info] runs 4512 | prob 0.9266400709219859 | low 0.9166413072672503 | high 0.9366388345767214
[2026-04-08 13:26:53.606] [info] runs 4499 | prob 0.926872638364081 | low 0.916874069424199 | high 0.9368712073039629
[2026-04-08 13:26:54.455] [info] runs 4304 | prob 0.9302973977695167 | low 0.9202986611995629 | high 0.9402961343394705
[2026-04-08 13:26:55.300] [info] runs 4433 | prob 0.9280397022332506 | low 0.9180413888048935 | high 0.9380380156616077
[2026-04-08 13:26:56.151] [info] runs 4634 | prob 0.9244712990936556 | low 0.9144719767730194 | high 0.9344706214142917
[2026-04-08 13:26:56.999] [info] runs 4512 | prob 0.9266400709219859 | low 0.9166413072672503 | high 0.9366388345767214
[2026-04-08 13:26:57.844] [info] runs 4453 | prob 0.9276891982932854 | low 0.9176909861062703 | high 0.9376874104803006
[2026-04-08 13:26:58.691] [info] runs 4047 | prob 0.9347664936990363 | low 0.9247672722606661 | high 0.9447657151374065
[2026-04-08 13:26:59.536] [info] runs 4099 | prob 0.9338863137350574 | low 0.9238886254658116 | high 0.9438840020043031
[2026-04-08 13:27:00.381] [info] runs 4379 | prob 0.9289792189997716 | low 0.9189802756569221 | high 0.9389781623426212
[2026-04-08 13:27:01.229] [info] runs 4790 | prob 0.9217118997912317 | low 0.9117136593551404 | high 0.931710140227323
[2026-04-08 13:27:02.070] [info] runs 4814 | prob 0.921271292064811 | low 0.9112723708403316 | high 0.9312702132892903
[2026-04-08 13:27:02.923] [info] runs 4641 | prob 0.9243697478991597 | low 0.9143718036571997 | high 0.9343676921411197
[2026-04-08 13:27:03.766] [info] runs 4178 | prob 0.932503590234562 | low 0.9225052656051459 | high 0.942501914863978
[2026-04-08 13:27:04.612] [info] runs 4590 | prob 0.9252723311546841 | low 0.9152742876793805 | high 0.9352703746299877
[2026-04-08 13:27:04.819] [info] RESULT:
training_time, simulation_time, prob, low, high, runs
620, 20, 0.931629997634256, 0.9216303599573343, 0.9416296353111777, 4227
618, 19, 0.9332527206771463, 0.923254458559408, 0.9432509827948845, 4135
613, 21, 0.9258283958744788, 0.9158286162606698, 0.9358281754882879, 4557
613, 21, 0.9273418287502795, 0.9173439338794649, 0.9373397236210941, 4473
613, 21, 0.9265161575918548, 0.9165162687447421, 0.9365160464389675, 4518
616, 20, 0.9295742232451093, 0.9195751712357836, 0.939573275254435, 4345
619, 23, 0.9233553331913987, 0.9133562316227127, 0.9333544347600847, 4697
619, 20, 0.9294577205882353, 0.9194590794962311, 0.9394563616802395, 4352
620, 19, 0.93490099009901, 0.9249027127981831, 0.9448992673998368, 4040
618, 23, 0.9233553331913987, 0.9133562316227127, 0.9333544347600847, 4697
613, 21, 0.9266400709219859, 0.9166413072672503, 0.9366388345767214, 4512
618, 22, 0.926872638364081, 0.916874069424199, 0.9368712073039629, 4499
617, 20, 0.9302973977695167, 0.9202986611995629, 0.9402961343394705, 4304
618, 21, 0.9280397022332506, 0.9180413888048935, 0.9380380156616077, 4433
617, 22, 0.9244712990936556, 0.9144719767730194, 0.9344706214142917, 4634
618, 22, 0.9266400709219859, 0.9166413072672503, 0.9366388345767214, 4512
616, 21, 0.9276891982932854, 0.9176909861062703, 0.9376874104803006, 4453
617, 18, 0.9347664936990363, 0.9247672722606661, 0.9447657151374065, 4047
617, 19, 0.9338863137350574, 0.9238886254658116, 0.9438840020043031, 4099
620, 21, 0.9289792189997716, 0.9189802756569221, 0.9389781623426212, 4379
617, 23, 0.9217118997912317, 0.9117136593551404, 0.931710140227323, 4790
611, 23, 0.921271292064811, 0.9112723708403316, 0.9312702132892903, 4814
620, 22, 0.9243697478991597, 0.9143718036571997, 0.9343676921411197, 4641
614, 19, 0.932503590234562, 0.9225052656051459, 0.942501914863978, 4178
617, 22, 0.9252723311546841, 0.9152742876793805, 0.9352703746299877, 4590
# timestamp 08.04.2026 13:26:21 (1775647581), datastructure SAC
# timebound 18, expirations {"r1": 0, "r2": 0}
# alpha 0.1, gamma 1
# fixed points 5, uniform granularity 0.5
# scheduler goal: MAXIMIZING, scope: SEMIPROPHETIC, history: DISCRETE_HISTORY
# training runs 100000

[2026-04-08 13:27:04.819] [info] 2.1 Simulating on SAC: 43676
[2026-04-08 13:27:04.819] [info] Analysis finished; the goal is not reachable.
[2026-04-08 13:27:04.819] [info] Probability: 0.0
[2026-04-08 13:27:04.819] [info] 2 Analysis: 43676
[2026-04-08 13:27:04.819] [info] 0 Computation Time Complete: 43676
[2026-04-08 13:27:04.819] [info] Counters and timers:
Counters:

Timers:
0 Computation Time Complete: 43676
1 Model creation: 0
2 Analysis: 43676
2.0 Creating Unified Datastructure from SAC: 0
2.1 Simulating on SAC: 43676

timebound = 18, jump depth = 100, max expirations of random clocks = [{r1: 0}, {r2: 0}], combine absorbing locations in unrolling = 72, integration bound(s) = 18, integration samples = 500000, model = WATERTANK, model case = CASE_E, LTI analysis = rectangular analysis, scheduler = goal: MAXIMIZING, scope: SEMIPROPHETIC, history: HISTORY_DEPENDENT, multithreaded = 1, disableBackwardsRefinement = 0
simulating 0 runs after 100000 training runs with parameters:
learning rate                 0.1
discount factor               1
exploration rate              0.15
uniform granularity           0.5
adaptive compartments         5


[2026-04-14 20:35:29.442] [warning] no flow specified for variable c1 in location all_off - assuming flow of 0
[2026-04-14 20:35:29.442] [warning] no flow specified for variable c1 in location v2_on - assuming flow of 0
[2026-04-14 20:35:29.442] [warning] no flow specified for variable c1 in location v1_block - assuming flow of 0
[2026-04-14 20:35:29.442] [warning] no flow specified for variable c1 in location v2_block - assuming flow of 0
[2026-04-14 20:35:29.442] [warning] no flow specified for variable c1 in location v1_block_v2_on - assuming flow of 0
[2026-04-14 20:35:29.442] [warning] no flow specified for variable c1 in location block_safe - assuming flow of 0
[2026-04-14 20:35:29.442] [warning] no flow specified for variable c1 in location block_unsafe - assuming flow of 0
[2026-04-14 20:35:29.442] [warning] no flow specified for variable c2 in location all_off - assuming flow of 0
[2026-04-14 20:35:29.442] [warning] no flow specified for variable c2 in location v1_on - assuming flow of 0
[2026-04-14 20:35:29.442] [warning] no flow specified for variable c2 in location v1_block - assuming flow of 0
[2026-04-14 20:35:29.442] [warning] no flow specified for variable c2 in location v2_block - assuming flow of 0
[2026-04-14 20:35:29.442] [warning] no flow specified for variable c2 in location v2_block_v1_on - assuming flow of 0
[2026-04-14 20:35:29.442] [warning] no flow specified for variable c2 in location block_safe - assuming flow of 0
[2026-04-14 20:35:29.442] [warning] no flow specified for variable c2 in location block_unsafe - assuming flow of 0
[2026-04-14 20:35:29.442] [warning] no constraints specified for variable c1 in initial constraint number 0 - assuming [0,0]
[2026-04-14 20:35:29.442] [warning] no constraints specified for variable c2 in initial constraint number 0 - assuming [0,0]
[2026-04-14 20:35:29.442] [info] 1 Model creation: 0
[2026-04-14 20:35:29.443] [info] 2.0 Creating Unified Datastructure from SAC: 0
[2026-04-14 20:35:30.209] [info] runs 4010 | prob 0.9354114713216958 | low 0.9254125600657234 | high 0.9454103825776682
[2026-04-14 20:35:31.117] [info] runs 4055 | prob 0.9346485819975339 | low 0.924650835679169 | high 0.9446463283158988
[2026-04-14 20:35:32.024] [info] runs 4206 | prob 0.932001902044698 | low 0.9220026387011794 | high 0.9420011653882167
[2026-04-14 20:35:32.915] [info] runs 3865 | prob 0.9379042690815006 | low 0.9279047010920357 | high 0.9479038370709655
[2026-04-14 20:35:33.818] [info] runs 4185 | prob 0.9323775388291518 | low 0.9223789314395947 | high 0.9423761462187088
[2026-04-14 20:35:34.715] [info] runs 4248 | prob 0.931261770244821 | low 0.9212620312678845 | high 0.9412615092217576
[2026-04-14 20:35:35.624] [info] runs 3834 | prob 0.9384454877412624 | low 0.9284465404999448 | high 0.9484444349825799
[2026-04-14 20:35:36.527] [info] runs 3950 | prob 0.9364556962025317 | low 0.9264573253411169 | high 0.9464540670639464
[2026-04-14 20:35:37.427] [info] runs 4213 | prob 0.9318775219558509 | low 0.9218781029733744 | high 0.9418769409383275
[2026-04-14 20:35:38.328] [info] runs 4077 | prob 0.9342653912190336 | low 0.924267516858124 | high 0.9442632655799432
[2026-04-14 20:35:39.221] [info] runs 4156 | prob 0.9328681424446583 | low 0.9228685441801119 | high 0.9428677407092048
[2026-04-14 20:35:40.119] [info] runs 4406 | prob 0.9285065819337267 | low 0.9185077530495029 | high 0.9385054108179505
[2026-04-14 20:35:41.031] [info] runs 4505 | prob 0.9267480577136515 | low 0.9167483138599781 | high 0.936747801567325
[2026-04-14 20:35:41.937] [info] runs 4128 | prob 0.9333817829457365 | low 0.9233840351457335 | high 0.9433795307457394
[2026-04-14 20:35:42.841] [info] runs 4653 | prob 0.9241349666881582 | low 0.9141357067030688 | high 0.9341342266732476
[2026-04-14 20:35:43.748] [info] runs 4234 | prob 0.9315068493150684 | low 0.9215071479502142 | high 0.9415065506799227
[2026-04-14 20:35:44.652] [info] runs 4199 | prob 0.9321266968325792 | low 0.9221276204167638 | high 0.9421257732483946
[2026-04-14 20:35:45.550] [info] runs 4234 | prob 0.9315068493150684 | low 0.9215071479502142 | high 0.9415065506799227
[2026-04-14 20:35:46.444] [info] runs 4551 | prob 0.9259503405844869 | low 0.9159515419666803 | high 0.9359491392022935
[2026-04-14 20:35:47.342] [info] runs 4220 | prob 0.9317535545023696 | low 0.9217540108480906 | high 0.9417530981566486
[2026-04-14 20:35:48.243] [info] runs 4241 | prob 0.9313841075218109 | low 0.9213843724927839 | high 0.9413838425508378
[2026-04-14 20:35:49.148] [info] runs 4084 | prob 0.9341332027424094 | low 0.9241345687794624 | high 0.9441318367053564
[2026-04-14 20:35:50.052] [info] runs 4557 | prob 0.9258283958744788 | low 0.9158286162606698 | high 0.9358281754882879
[2026-04-14 20:35:50.957] [info] runs 4399 | prob 0.928620140941123 | low 0.918620698837477 | high 0.938619583044769
[2026-04-14 20:35:51.868] [info] runs 4220 | prob 0.9317535545023696 | low 0.9217540108480906 | high 0.9417530981566486
[2026-04-14 20:35:52.084] [info] RESULT:
training_time, simulation_time, prob, low, high, runs
741, 24, 0.9354114713216958, 0.9254125600657234, 0.9454103825776682, 4010
806, 25, 0.9346485819975339, 0.924650835679169, 0.9446463283158988, 4055
660, 24, 0.932001902044698, 0.9220026387011794, 0.9420011653882167, 4206
658, 23, 0.9379042690815006, 0.9279047010920357, 0.9479038370709655, 3865
657, 24, 0.9323775388291518, 0.9223789314395947, 0.9423761462187088, 4185
652, 24, 0.931261770244821, 0.9212620312678845, 0.9412615092217576, 4248
665, 23, 0.9384454877412624, 0.9284465404999448, 0.9484444349825799, 3834
659, 23, 0.9364556962025317, 0.9264573253411169, 0.9464540670639464, 3950
661, 24, 0.9318775219558509, 0.9218781029733744, 0.9418769409383275, 4213
656, 24, 0.9342653912190336, 0.924267516858124, 0.9442632655799432, 4077
653, 24, 0.9328681424446583, 0.9228685441801119, 0.9428677407092048, 4156
655, 25, 0.9285065819337267, 0.9185077530495029, 0.9385054108179505, 4406
662, 27, 0.9267480577136515, 0.9167483138599781, 0.936747801567325, 4505
659, 26, 0.9333817829457365, 0.9233840351457335, 0.9433795307457394, 4128
659, 27, 0.9241349666881582, 0.9141357067030688, 0.9341342266732476, 4653
662, 25, 0.9315068493150684, 0.9215071479502142, 0.9415065506799227, 4234
660, 24, 0.9321266968325792, 0.9221276204167638, 0.9421257732483946, 4199
655, 25, 0.9315068493150684, 0.9215071479502142, 0.9415065506799227, 4234
650, 26, 0.9259503405844869, 0.9159515419666803, 0.9359491392022935, 4551
655, 25, 0.9317535545023696, 0.9217540108480906, 0.9417530981566486, 4220
658, 25, 0.9313841075218109, 0.9213843724927839, 0.9413838425508378, 4241
663, 24, 0.9341332027424094, 0.9241345687794624, 0.9441318367053564, 4084
658, 26, 0.9258283958744788, 0.9158286162606698, 0.9358281754882879, 4557
660, 27, 0.928620140941123, 0.918620698837477, 0.938619583044769, 4399
664, 24, 0.9317535545023696, 0.9217540108480906, 0.9417530981566486, 4220
# timestamp 14.04.2026 20:35:29 (1776191729), datastructure SAC
# timebound 18, expirations {"r1": 0, "r2": 0}
# alpha 0.1, gamma 1
# fixed points 5, uniform granularity 0.5
# scheduler goal: MINIMIZING, scope: SEMIPROPHETIC, history: DISCRETE_HISTORY
# training runs 100000

[2026-04-14 20:35:52.742] [info] runs 3233 | prob 0.9486545004639654 | low 0.9386556923541551 | high 0.9586533085737756
[2026-04-14 20:35:53.648] [info] runs 3665 | prob 0.9413369713506139 | low 0.9313378078973654 | high 0.9513361348038624
[2026-04-14 20:35:54.506] [info] runs 3539 | prob 0.9434868606951116 | low 0.9334880528544652 | high 0.9534856685357579
[2026-04-14 20:35:55.358] [info] runs 3573 | prob 0.9429051217464316 | low 0.9329059984497943 | high 0.9529042450430689
[2026-04-14 20:35:56.201] [info] runs 3452 | prob 0.9449594438006953 | low 0.9349604003189866 | high 0.954958487282404
[2026-04-14 20:35:57.044] [info] runs 3233 | prob 0.9486545004639654 | low 0.9386556923541551 | high 0.9586533085737756
[2026-04-14 20:35:57.887] [info] runs 3156 | prob 0.949936628643853 | low 0.9399369803664044 | high 0.9599362769213016
[2026-04-14 20:35:58.726] [info] runs 3317 | prob 0.9472414832680133 | low 0.937242639879329 | high 0.9572403266566976
[2026-04-14 20:35:59.566] [info] runs 3205 | prob 0.9491419656786272 | low 0.9391447925088929 | high 0.9591391388483614
[2026-04-14 20:36:00.419] [info] runs 3408 | prob 0.9457159624413145 | low 0.9357179770808159 | high 0.9557139478018131
[2026-04-14 20:36:01.255] [info] runs 3097 | prob 0.950920245398773 | low 0.9409202800713491 | high 0.9609202107261968
[2026-04-14 20:36:02.085] [info] runs 2870 | prob 0.9547038327526133 | low 0.9447045241685239 | high 0.9647031413367027
[2026-04-14 20:36:02.922] [info] runs 3214 | prob 0.9489732420659615 | low 0.938974418761757 | high 0.9589720653701659
[2026-04-14 20:36:03.760] [info] runs 3731 | prob 0.940230501206111 | low 0.9302330289178452 | high 0.9502279734943767
[2026-04-14 20:36:04.602] [info] runs 3017 | prob 0.9522704673516739 | low 0.9422720340812365 | high 0.9622689006221112
[2026-04-14 20:36:05.439] [info] runs 3399 | prob 0.9458664313033245 | low 0.9358683074590407 | high 0.9558645551476083
[2026-04-14 20:36:06.273] [info] runs 2902 | prob 0.9541695382494831 | low 0.9441698365474304 | high 0.9641692399515359
[2026-04-14 20:36:07.106] [info] runs 2892 | prob 0.9543568464730291 | low 0.944359380552287 | high 0.9643543123937712
[2026-04-14 20:36:07.942] [info] runs 2945 | prob 0.9534804753820034 | low 0.943483313023431 | high 0.9634776377405758
[2026-04-14 20:36:08.778] [info] runs 3243 | prob 0.948504471168671 | low 0.9385073067036783 | high 0.9585016356336636
[2026-04-14 20:36:09.616] [info] runs 3345 | prob 0.9467862481315397 | low 0.9367888794472671 | high 0.9567836168158123
[2026-04-14 20:36:10.449] [info] runs 3478 | prob 0.9445083381253594 | low 0.9345083880075284 | high 0.9545082882431903
[2026-04-14 20:36:11.282] [info] runs 3088 | prob 0.9511010362694301 | low 0.9411040207087978 | high 0.9610980518300624
[2026-04-14 20:36:12.112] [info] runs 2462 | prob 0.9614134849715679 | low 0.9514140671079144 | high 0.9714129028352213
[2026-04-14 20:36:12.946] [info] runs 3478 | prob 0.9445083381253594 | low 0.9345083880075284 | high 0.9545082882431903
[2026-04-14 20:36:13.150] [info] RESULT:
training_time, simulation_time, prob, low, high, runs
643, 13, 0.9486545004639654, 0.9386556923541551, 0.9586533085737756, 3233
687, 17, 0.9413369713506139, 0.9313378078973654, 0.9513361348038624, 3665
622, 15, 0.9434868606951116, 0.9334880528544652, 0.9534856685357579, 3539
632, 16, 0.9429051217464316, 0.9329059984497943, 0.9529042450430689, 3573
626, 15, 0.9449594438006953, 0.9349604003189866, 0.954958487282404, 3452
624, 14, 0.9486545004639654, 0.9386556923541551, 0.9586533085737756, 3233
624, 14, 0.949936628643853, 0.9399369803664044, 0.9599362769213016, 3156
621, 14, 0.9472414832680133, 0.937242639879329, 0.9572403266566976, 3317
623, 13, 0.9491419656786272, 0.9391447925088929, 0.9591391388483614, 3205
634, 14, 0.9457159624413145, 0.9357179770808159, 0.9557139478018131, 3408
620, 12, 0.950920245398773, 0.9409202800713491, 0.9609202107261968, 3097
622, 12, 0.9547038327526133, 0.9447045241685239, 0.9647031413367027, 2870
617, 13, 0.9489732420659615, 0.938974418761757, 0.9589720653701659, 3214
620, 16, 0.940230501206111, 0.9302330289178452, 0.9502279734943767, 3731
621, 12, 0.9522704673516739, 0.9422720340812365, 0.9622689006221112, 3017
620, 14, 0.9458664313033245, 0.9358683074590407, 0.9558645551476083, 3399
620, 12, 0.9541695382494831, 0.9441698365474304, 0.9641692399515359, 2902
617, 11, 0.9543568464730291, 0.944359380552287, 0.9643543123937712, 2892
622, 12, 0.9534804753820034, 0.943483313023431, 0.9634776377405758, 2945
620, 13, 0.948504471168671, 0.9385073067036783, 0.9585016356336636, 3243
619, 14, 0.9467862481315397, 0.9367888794472671, 0.9567836168158123, 3345
618, 14, 0.9445083381253594, 0.9345083880075284, 0.9545082882431903, 3478
619, 13, 0.9511010362694301, 0.9411040207087978, 0.9610980518300624, 3088
617, 10, 0.9614134849715679, 0.9514140671079144, 0.9714129028352213, 2462
618, 16, 0.9445083381253594, 0.9345083880075284, 0.9545082882431903, 3478
# timestamp 14.04.2026 20:35:29 (1776191729), datastructure SAC
# timebound 18, expirations {"r1": 0, "r2": 0}
# alpha 0.1, gamma 1
# fixed points 5, uniform granularity 0.5
# scheduler goal: MAXIMIZING, scope: SEMIPROPHETIC, history: DISCRETE_HISTORY
# training runs 100000

[2026-04-14 20:36:13.150] [info] 2.1 Simulating on SAC: 43707
[2026-04-14 20:36:13.150] [info] Analysis finished; the goal is not reachable.
[2026-04-14 20:36:13.150] [info] Probability: 0.0
[2026-04-14 20:36:13.150] [info] 2 Analysis: 43707
[2026-04-14 20:36:13.150] [info] 0 Computation Time Complete: 43707
[2026-04-14 20:36:13.150] [info] Counters and timers:
Counters:

Timers:
0 Computation Time Complete: 43707
1 Model creation: 0
2 Analysis: 43707
2.0 Creating Unified Datastructure from SAC: 0
2.1 Simulating on SAC: 43707

timebound = 18, jump depth = 100, max expirations of random clocks = [{r1: 0}, {r2: 0}], combine absorbing locations in unrolling = 254, integration bound(s) = 18, integration samples = 500000, model = WATERTANK, model case = CASE_E, LTI analysis = rectangular analysis, scheduler = goal: MAXIMIZING, scope: SEMIPROPHETIC, history: HISTORY_DEPENDENT, multithreaded = 1, disableBackwardsRefinement = 0
simulating 0 runs after 1000000 training runs with parameters:
learning rate                 0.1
discount factor               1
exploration rate              0.15
uniform granularity           0.5
adaptive compartments         5


[2026-04-14 21:39:51.801] [warning] no flow specified for variable c1 in location all_off - assuming flow of 0
[2026-04-14 21:39:51.801] [warning] no flow specified for variable c1 in location v2_on - assuming flow of 0
[2026-04-14 21:39:51.801] [warning] no flow specified for variable c1 in location v1_block - assuming flow of 0
[2026-04-14 21:39:51.801] [warning] no flow specified for variable c1 in location v2_block - assuming flow of 0
[2026-04-14 21:39:51.801] [warning] no flow specified for variable c1 in location v1_block_v2_on - assuming flow of 0
[2026-04-14 21:39:51.801] [warning] no flow specified for variable c1 in location block_safe - assuming flow of 0
[2026-04-14 21:39:51.801] [warning] no flow specified for variable c1 in location block_unsafe - assuming flow of 0
[2026-04-14 21:39:51.801] [warning] no flow specified for variable c2 in location all_off - assuming flow of 0
[2026-04-14 21:39:51.801] [warning] no flow specified for variable c2 in location v1_on - assuming flow of 0
[2026-04-14 21:39:51.801] [warning] no flow specified for variable c2 in location v1_block - assuming flow of 0
[2026-04-14 21:39:51.801] [warning] no flow specified for variable c2 in location v2_block - assuming flow of 0
[2026-04-14 21:39:51.801] [warning] no flow specified for variable c2 in location v2_block_v1_on - assuming flow of 0
[2026-04-14 21:39:51.801] [warning] no flow specified for variable c2 in location block_safe - assuming flow of 0
[2026-04-14 21:39:51.801] [warning] no flow specified for variable c2 in location block_unsafe - assuming flow of 0
[2026-04-14 21:39:51.801] [warning] no constraints specified for variable c1 in initial constraint number 0 - assuming [0,0]
[2026-04-14 21:39:51.801] [warning] no constraints specified for variable c2 in initial constraint number 0 - assuming [0,0]
[2026-04-14 21:39:51.801] [info] 1 Model creation: 0
[2026-04-14 21:39:51.801] [info] 2.0 Creating Unified Datastructure from SAC: 0
[2026-04-14 21:39:57.901] [info] runs 4784 | prob 0.9218227424749164 | low 0.911824717942645 | high 0.9318207670071877
[2026-04-14 21:40:04.016] [info] runs 4945 | prob 0.9189079878665318 | low 0.9089082696425743 | high 0.9289077060904893
[2026-04-14 21:40:10.048] [info] runs 4386 | prob 0.9288645690834473 | low 0.918866164025626 | high 0.9388629741412685
[2026-04-14 21:40:16.091] [info] runs 4741 | prob 0.9225901708500316 | low 0.9125921659057661 | high 0.9325881757942971
[2026-04-14 21:40:22.163] [info] runs 4844 | prob 0.9207266721717589 | low 0.9107273007917834 | high 0.9307260435517343
[2026-04-14 21:40:28.228] [info] runs 4886 | prob 0.9199754400327467 | low 0.9099761563076009 | high 0.9299747237578925
[2026-04-14 21:40:34.341] [info] runs 4951 | prob 0.9188042819632397 | low 0.9088048008569509 | high 0.9288037630695285
[2026-04-14 21:40:40.418] [info] runs 4596 | prob 0.9251523063533508 | low 0.9151534189495042 | high 0.9351511937571974
[2026-04-14 21:40:46.483] [info] runs 5044 | prob 0.9171292624900872 | low 0.907129856609827 | high 0.9271286683703474
[2026-04-14 21:40:52.530] [info] runs 4916 | prob 0.919446704637917 | low 0.9094479742548969 | high 0.9294454350209371
[2026-04-14 21:40:58.647] [info] runs 4691 | prob 0.9234704753783841 | low 0.9134718762298348 | high 0.9334690745269334
[2026-04-14 21:41:04.721] [info] runs 4365 | prob 0.9292096219931272 | low 0.9192096749639466 | high 0.9392095690223078
[2026-04-14 21:41:10.794] [info] runs 4032 | prob 0.9350198412698413 | low 0.9250201545478843 | high 0.9450195279917982
[2026-04-14 21:41:16.928] [info] runs 4453 | prob 0.9276891982932854 | low 0.9176909861062703 | high 0.9376874104803006
[2026-04-14 21:41:23.019] [info] runs 4365 | prob 0.9292096219931272 | low 0.9192096749639466 | high 0.9392095690223078
[2026-04-14 21:41:29.083] [info] runs 4406 | prob 0.9285065819337267 | low 0.9185077530495029 | high 0.9385054108179505
[2026-04-14 21:41:35.130] [info] runs 4459 | prob 0.9275622336846827 | low 0.9175626671053453 | high 0.9375618002640201
[2026-04-14 21:41:41.212] [info] runs 4596 | prob 0.9251523063533508 | low 0.9151534189495042 | high 0.9351511937571974
[2026-04-14 21:41:47.323] [info] runs 4570 | prob 0.925601750547046 | low 0.9156021834054465 | high 0.9356013176886454
[2026-04-14 21:41:53.391] [info] runs 4241 | prob 0.9313841075218109 | low 0.9213843724927839 | high 0.9413838425508378
[2026-04-14 21:41:59.459] [info] runs 4771 | prob 0.9220289247537204 | low 0.9120293810056421 | high 0.9320284685017988
[2026-04-14 21:42:05.519] [info] runs 4904 | prob 0.9196574225122349 | low 0.9096584229751508 | high 0.9296564220493191
[2026-04-14 21:42:11.623] [info] runs 4331 | prob 0.9298083583468021 | low 0.9198085612093734 | high 0.9398081554842308
[2026-04-14 21:42:17.622] [info] runs 4634 | prob 0.9244712990936556 | low 0.9144719767730194 | high 0.9344706214142917
[2026-04-14 21:42:23.635] [info] runs 4453 | prob 0.9276891982932854 | low 0.9176909861062703 | high 0.9376874104803006
[2026-04-14 21:42:23.847] [info] RESULT:
training_time, simulation_time, prob, low, high, runs
6073, 26, 0.9218227424749164, 0.911824717942645, 0.9318207670071877, 4784
6004, 28, 0.9189079878665318, 0.9089082696425743, 0.9289077060904893, 4945
5794, 23, 0.9288645690834473, 0.918866164025626, 0.9388629741412685, 4386
5805, 25, 0.9225901708500316, 0.9125921659057661, 0.9325881757942971, 4741
5835, 26, 0.9207266721717589, 0.9107273007917834, 0.9307260435517343, 4844
5824, 26, 0.9199754400327467, 0.9099761563076009, 0.9299747237578925, 4886
5871, 27, 0.9188042819632397, 0.9088048008569509, 0.9288037630695285, 4951
5832, 24, 0.9251523063533508, 0.9151534189495042, 0.9351511937571974, 4596
5822, 27, 0.9171292624900872, 0.907129856609827, 0.9271286683703474, 5044
5809, 26, 0.919446704637917, 0.9094479742548969, 0.9294454350209371, 4916
5880, 26, 0.9234704753783841, 0.9134718762298348, 0.9334690745269334, 4691
5837, 23, 0.9292096219931272, 0.9192096749639466, 0.9392095690223078, 4365
5839, 21, 0.9350198412698413, 0.9250201545478843, 0.9450195279917982, 4032
5898, 23, 0.9276891982932854, 0.9176909861062703, 0.9376874104803006, 4453
5852, 23, 0.9292096219931272, 0.9192096749639466, 0.9392095690223078, 4365
5826, 23, 0.9285065819337267, 0.9185077530495029, 0.9385054108179505, 4406
5812, 23, 0.9275622336846827, 0.9175626671053453, 0.9375618002640201, 4459
5846, 24, 0.9251523063533508, 0.9151534189495042, 0.9351511937571974, 4596
5871, 23, 0.925601750547046, 0.9156021834054465, 0.9356013176886454, 4570
5828, 23, 0.9313841075218109, 0.9213843724927839, 0.9413838425508378, 4241
5830, 25, 0.9220289247537204, 0.9120293810056421, 0.9320284685017988, 4771
5821, 26, 0.9196574225122349, 0.9096584229751508, 0.9296564220493191, 4904
5869, 23, 0.9298083583468021, 0.9198085612093734, 0.9398081554842308, 4331
5761, 24, 0.9244712990936556, 0.9144719767730194, 0.9344706214142917, 4634
5778, 23, 0.9276891982932854, 0.9176909861062703, 0.9376874104803006, 4453
# timestamp 14.04.2026 21:39:51 (1776195591), datastructure SAC
# timebound 18, expirations {"r1": 0, "r2": 0}
# alpha 0.1, gamma 1
# fixed points 5, uniform granularity 0.5
# scheduler goal: MINIMIZING, scope: SEMIPROPHETIC, history: MEMORYLESS
# training runs 1000000

[2026-04-14 21:42:29.215] [info] runs 2305 | prob 0.9639913232104121 | low 0.9539947641174626 | high 0.9739878823033616
[2026-04-14 21:42:34.717] [info] runs 2013 | prob 0.9687034277198212 | low 0.9587064718089515 | high 0.9787003836306909
[2026-04-14 21:42:40.286] [info] runs 2424 | prob 0.9620462046204621 | low 0.9520483890247852 | high 0.972044020216139
[2026-04-14 21:42:45.829] [info] runs 2986 | prob 0.9527796383121232 | low 0.9427805168180243 | high 0.9627787598062221
[2026-04-14 21:42:51.374] [info] runs 2044 | prob 0.9681996086105675 | low 0.958201816616828 | high 0.978197400604307
[2026-04-14 21:42:56.919] [info] runs 2263 | prob 0.9646486964206805 | low 0.954648906204562 | high 0.974648486636799
[2026-04-14 21:43:02.552] [info] runs 3185 | prob 0.9494505494505494 | low 0.9394508825113753 | high 0.9594502163897235
[2026-04-14 21:43:08.010] [info] runs 2692 | prob 0.9576523031203567 | low 0.9476539802394036 | high 0.9676506260013097
[2026-04-14 21:43:13.513] [info] runs 2345 | prob 0.9633262260127932 | low 0.953327632121223 | high 0.9733248199043634
[2026-04-14 21:43:18.981] [info] runs 2562 | prob 0.9597970335675253 | low 0.9497999102959866 | high 0.969794156839064
[2026-04-14 21:43:24.484] [info] runs 2827 | prob 0.9554297842235585 | low 0.9454319781022495 | high 0.9654275903448675
[2026-04-14 21:43:30.005] [info] runs 2075 | prob 0.967710843373494 | low 0.9577145737242022 | high 0.9777071130227858
[2026-04-14 21:43:35.556] [info] runs 2437 | prob 0.9618383258104226 | low 0.9518410230894168 | high 0.9718356285314285
[2026-04-14 21:43:41.046] [info] runs 2726 | prob 0.9570799706529713 | low 0.9470802687903997 | high 0.9670796725155429
[2026-04-14 21:43:46.566] [info] runs 2645 | prob 0.9584120982986768 | low 0.9484122671102474 | high 0.9684119294871062
[2026-04-14 21:43:52.231] [info] runs 2827 | prob 0.9554297842235585 | low 0.9454319781022495 | high 0.9654275903448675
[2026-04-14 21:43:57.766] [info] runs 2657 | prob 0.9582235604064735 | low 0.9482247296800549 | high 0.9682223911328921
[2026-04-14 21:44:03.295] [info] runs 2586 | prob 0.9593967517401392 | low 0.9493987983091168 | high 0.9693947051711616
[2026-04-14 21:44:08.856] [info] runs 2738 | prob 0.9569028487947406 | low 0.9469054424976376 | high 0.9669002550918436
[2026-04-14 21:44:14.421] [info] runs 2749 | prob 0.9567115314659876 | low 0.9467130256431082 | high 0.9667100372888671
[2026-04-14 21:44:19.877] [info] runs 2462 | prob 0.9614134849715679 | low 0.9514140671079144 | high 0.9714129028352213
[2026-04-14 21:44:25.424] [info] runs 2749 | prob 0.9567115314659876 | low 0.9467130256431082 | high 0.9667100372888671
[2026-04-14 21:44:30.995] [info] runs 2738 | prob 0.9569028487947406 | low 0.9469054424976376 | high 0.9669002550918436
[2026-04-14 21:44:36.636] [info] runs 2385 | prob 0.9626834381551362 | low 0.9526858733302609 | high 0.9726810029800116
[2026-04-14 21:44:42.182] [info] runs 2913 | prob 0.9539993134225884 | low 0.9440008835629309 | high 0.9639977432822459
[2026-04-14 21:44:42.382] [info] RESULT:
training_time, simulation_time, prob, low, high, runs
5358, 8, 0.9639913232104121, 0.9539947641174626, 0.9739878823033616, 2305
5295, 6, 0.9687034277198212, 0.9587064718089515, 0.9787003836306909, 2013
5361, 8, 0.9620462046204621, 0.9520483890247852, 0.972044020216139, 2424
5332, 10, 0.9527796383121232, 0.9427805168180243, 0.9627787598062221, 2986
5333, 6, 0.9681996086105675, 0.958201816616828, 0.978197400604307, 2044
5338, 8, 0.9646486964206805, 0.954648906204562, 0.974648486636799, 2263
5422, 11, 0.9494505494505494, 0.9394508825113753, 0.9594502163897235, 3185
5251, 9, 0.9576523031203567, 0.9476539802394036, 0.9676506260013097, 2692
5295, 8, 0.9633262260127932, 0.953327632121223, 0.9733248199043634, 2345
5258, 9, 0.9597970335675253, 0.9497999102959866, 0.969794156839064, 2562
5292, 9, 0.9554297842235585, 0.9454319781022495, 0.9654275903448675, 2827
5313, 7, 0.967710843373494, 0.9577145737242022, 0.9777071130227858, 2075
5343, 8, 0.9618383258104226, 0.9518410230894168, 0.9718356285314285, 2437
5279, 9, 0.9570799706529713, 0.9470802687903997, 0.9670796725155429, 2726
5311, 9, 0.9584120982986768, 0.9484122671102474, 0.9684119294871062, 2645
5453, 10, 0.9554297842235585, 0.9454319781022495, 0.9654275903448675, 2827
5324, 9, 0.9582235604064735, 0.9482247296800549, 0.9682223911328921, 2657
5319, 8, 0.9593967517401392, 0.9493987983091168, 0.9693947051711616, 2586
5351, 9, 0.9569028487947406, 0.9469054424976376, 0.9669002550918436, 2738
5354, 9, 0.9567115314659876, 0.9467130256431082, 0.9667100372888671, 2749
5247, 8, 0.9614134849715679, 0.9514140671079144, 0.9714129028352213, 2462
5335, 9, 0.9567115314659876, 0.9467130256431082, 0.9667100372888671, 2749
5361, 10, 0.9569028487947406, 0.9469054424976376, 0.9669002550918436, 2738
5429, 8, 0.9626834381551362, 0.9526858733302609, 0.9726810029800116, 2385
5336, 10, 0.9539993134225884, 0.9440008835629309, 0.9639977432822459, 2913
# timestamp 14.04.2026 21:39:51 (1776195591), datastructure SAC
# timebound 18, expirations {"r1": 0, "r2": 0}
# alpha 0.1, gamma 1
# fixed points 5, uniform granularity 0.5
# scheduler goal: MAXIMIZING, scope: SEMIPROPHETIC, history: MEMORYLESS
# training runs 1000000

[2026-04-14 21:44:42.382] [info] 2.1 Simulating on SAC: 290580
[2026-04-14 21:44:42.382] [info] Analysis finished; the goal is not reachable.
[2026-04-14 21:44:42.382] [info] Probability: 0.0
[2026-04-14 21:44:42.382] [info] 2 Analysis: 290580
[2026-04-14 21:44:42.382] [info] 0 Computation Time Complete: 290581
[2026-04-14 21:44:42.382] [info] Counters and timers:
Counters:

Timers:
0 Computation Time Complete: 290581
1 Model creation: 0
2 Analysis: 290580
2.0 Creating Unified Datastructure from SAC: 0
2.1 Simulating on SAC: 290580

