timebound = 20, jump depth = 100, max expirations of random clocks = [{r1: 0}, {r2: 0}], combine absorbing locations in unrolling = 126, integration bound(s) = 20, integration samples = 500000, model = WATERTANK, model case = CASE_A, LTI analysis = rectangular analysis, scheduler = goal: MAXIMIZING, scope: SEMIPROPHETIC, history: HISTORY_DEPENDENT, multithreaded = 1, disableBackwardsRefinement = 0
simulating 0 runs after 100000 training runs with parameters:
learning rate                 0.1
discount factor               1
exploration rate              0.15
uniform granularity           0.5
adaptive compartments         5


[2026-04-08 13:27:04.839] [warning] no flow specified for variable c1 in location all_off - assuming flow of 0
[2026-04-08 13:27:04.839] [warning] no flow specified for variable c1 in location v2_on - assuming flow of 0
[2026-04-08 13:27:04.839] [warning] no flow specified for variable c1 in location v1_block - assuming flow of 0
[2026-04-08 13:27:04.839] [warning] no flow specified for variable c1 in location v2_block - assuming flow of 0
[2026-04-08 13:27:04.839] [warning] no flow specified for variable c1 in location v1_block_v2_on - assuming flow of 0
[2026-04-08 13:27:04.839] [warning] no flow specified for variable c1 in location block_safe - assuming flow of 0
[2026-04-08 13:27:04.839] [warning] no flow specified for variable c1 in location block_unsafe - assuming flow of 0
[2026-04-08 13:27:04.839] [warning] no flow specified for variable c2 in location all_off - assuming flow of 0
[2026-04-08 13:27:04.839] [warning] no flow specified for variable c2 in location v1_on - assuming flow of 0
[2026-04-08 13:27:04.839] [warning] no flow specified for variable c2 in location v1_block - assuming flow of 0
[2026-04-08 13:27:04.839] [warning] no flow specified for variable c2 in location v2_block - assuming flow of 0
[2026-04-08 13:27:04.839] [warning] no flow specified for variable c2 in location v2_block_v1_on - assuming flow of 0
[2026-04-08 13:27:04.839] [warning] no flow specified for variable c2 in location block_safe - assuming flow of 0
[2026-04-08 13:27:04.839] [warning] no flow specified for variable c2 in location block_unsafe - assuming flow of 0
[2026-04-08 13:27:04.839] [warning] no constraints specified for variable c1 in initial constraint number 0 - assuming [0,0]
[2026-04-08 13:27:04.839] [warning] no constraints specified for variable c2 in initial constraint number 0 - assuming [0,0]
[2026-04-08 13:27:04.839] [info] 1 Model creation: 0
[2026-04-08 13:27:04.840] [info] 2.0 Creating Unified Datastructure from SAC: 0
[2026-04-08 13:27:05.625] [info] runs 3224 | prob 0.9488213399503722 | low 0.938823987121773 | high 0.9588186927789715
[2026-04-08 13:27:06.579] [info] runs 3214 | prob 0.9489732420659615 | low 0.938974418761757 | high 0.9589720653701659
[2026-04-08 13:27:07.524] [info] runs 3224 | prob 0.9488213399503722 | low 0.938823987121773 | high 0.9588186927789715
[2026-04-08 13:27:08.466] [info] runs 3632 | prob 0.9419052863436124 | low 0.931906555824274 | high 0.9519040168629508
[2026-04-08 13:27:09.402] [info] runs 2783 | prob 0.9561624146604384 | low 0.946165214170534 | high 0.9661596151503428
[2026-04-08 13:27:10.337] [info] runs 2794 | prob 0.9559770937723694 | low 0.9459794937968572 | high 0.9659746937478816
[2026-04-08 13:27:11.277] [info] runs 3599 | prob 0.9424840233398166 | low 0.9324866437244336 | high 0.9524814029551997
[2026-04-08 13:27:12.213] [info] runs 3335 | prob 0.9469265367316342 | low 0.9369266565269134 | high 0.9569264169363549
[2026-04-08 13:27:13.146] [info] runs 3037 | prob 0.9519262430029635 | low 0.9419267232061942 | high 0.9619257627997327
[2026-04-08 13:27:14.080] [info] runs 3078 | prob 0.9512670565302144 | low 0.9412699550378589 | high 0.9612641580225698
[2026-04-08 13:27:15.022] [info] runs 3156 | prob 0.949936628643853 | low 0.9399369803664044 | high 0.9599362769213016
[2026-04-08 13:27:15.970] [info] runs 3995 | prob 0.9356695869837297 | low 0.9256705795006219 | high 0.9456685944668375
[2026-04-08 13:27:16.914] [info] runs 3390 | prob 0.9460176991150443 | low 0.9360195102516563 | high 0.9560158879784323
[2026-04-08 13:27:17.856] [info] runs 3185 | prob 0.9494505494505494 | low 0.9394508825113753 | high 0.9594502163897235
[2026-04-08 13:27:18.800] [info] runs 3522 | prob 0.9437819420783645 | low 0.9337836703891853 | high 0.9537802137675437
[2026-04-08 13:27:19.745] [info] runs 3176 | prob 0.9496221662468514 | low 0.9396244506572801 | high 0.9596198818364227
[2026-04-08 13:27:20.681] [info] runs 3417 | prob 0.9455662862159789 | low 0.9355685116100622 | high 0.9555640608218957
[2026-04-08 13:27:21.627] [info] runs 3224 | prob 0.9488213399503722 | low 0.938823987121773 | high 0.9588186927789715
[2026-04-08 13:27:22.569] [info] runs 3185 | prob 0.9494505494505494 | low 0.9394508825113753 | high 0.9594502163897235
[2026-04-08 13:27:23.506] [info] runs 3117 | prob 0.9505935194096888 | low 0.9405942828848147 | high 0.960592755934563
[2026-04-08 13:27:24.452] [info] runs 2500 | prob 0.9608 | low 0.9508014877033159 | high 0.9707985122966841
[2026-04-08 13:27:25.389] [info] runs 3156 | prob 0.949936628643853 | low 0.9399369803664044 | high 0.9599362769213016
[2026-04-08 13:27:26.332] [info] runs 3698 | prob 0.9407787993510005 | low 0.9307800709822032 | high 0.9507775277197978
[2026-04-08 13:27:27.266] [info] runs 3252 | prob 0.948339483394834 | low 0.9383410518191045 | high 0.9583379149705634
[2026-04-08 13:27:28.199] [info] runs 3399 | prob 0.9458664313033245 | low 0.9358683074590407 | high 0.9558645551476083
[2026-04-08 13:27:28.434] [info] RESULT:
training_time, simulation_time, prob, low, high, runs
762, 22, 0.9488213399503722, 0.938823987121773, 0.9588186927789715, 3224
847, 22, 0.9489732420659615, 0.938974418761757, 0.9589720653701659, 3214
688, 20, 0.9488213399503722, 0.938823987121773, 0.9588186927789715, 3224
681, 24, 0.9419052863436124, 0.931906555824274, 0.9519040168629508, 3632
682, 17, 0.9561624146604384, 0.946165214170534, 0.9661596151503428, 2783
683, 17, 0.9559770937723694, 0.9459794937968572, 0.9659746937478816, 2794
682, 23, 0.9424840233398166, 0.9324866437244336, 0.9524814029551997, 3599
681, 21, 0.9469265367316342, 0.9369266565269134, 0.9569264169363549, 3335
677, 18, 0.9519262430029635, 0.9419267232061942, 0.9619257627997327, 3037
681, 19, 0.9512670565302144, 0.9412699550378589, 0.9612641580225698, 3078
687, 20, 0.949936628643853, 0.9399369803664044, 0.9599362769213016, 3156
687, 26, 0.9356695869837297, 0.9256705795006219, 0.9456685944668375, 3995
683, 23, 0.9460176991150443, 0.9360195102516563, 0.9560158879784323, 3390
683, 20, 0.9494505494505494, 0.9394508825113753, 0.9594502163897235, 3185
685, 23, 0.9437819420783645, 0.9337836703891853, 0.9537802137675437, 3522
683, 20, 0.9496221662468514, 0.9396244506572801, 0.9596198818364227, 3176
680, 21, 0.9455662862159789, 0.9355685116100622, 0.9555640608218957, 3417
686, 20, 0.9488213399503722, 0.938823987121773, 0.9588186927789715, 3224
685, 20, 0.9494505494505494, 0.9394508825113753, 0.9594502163897235, 3185
680, 19, 0.9505935194096888, 0.9405942828848147, 0.960592755934563, 3117
696, 15, 0.9608, 0.9508014877033159, 0.9707985122966841, 2500
684, 20, 0.949936628643853, 0.9399369803664044, 0.9599362769213016, 3156
685, 23, 0.9407787993510005, 0.9307800709822032, 0.9507775277197978, 3698
679, 20, 0.948339483394834, 0.9383410518191045, 0.9583379149705634, 3252
681, 21, 0.9458664313033245, 0.9358683074590407, 0.9558645551476083, 3399
# timestamp 08.04.2026 13:27:04 (1775647624), datastructure SAC
# timebound 20, expirations {"r1": 0, "r2": 0}
# alpha 0.1, gamma 1
# fixed points 5, uniform granularity 0.5
# scheduler goal: MINIMIZING, scope: SEMIPROPHETIC, history: DISCRETE_HISTORY
# training runs 100000

[2026-04-08 13:27:29.111] [info] runs 2838 | prob 0.9552501761804087 | low 0.9452526191256726 | high 0.9652477332351449
[2026-04-08 13:27:30.004] [info] runs 2945 | prob 0.9534804753820034 | low 0.943483313023431 | high 0.9634776377405758
[2026-04-08 13:27:30.902] [info] runs 2945 | prob 0.9534804753820034 | low 0.943483313023431 | high 0.9634776377405758
[2026-04-08 13:27:31.803] [info] runs 2738 | prob 0.9569028487947406 | low 0.9469054424976376 | high 0.9669002550918436
[2026-04-08 13:27:32.706] [info] runs 2827 | prob 0.9554297842235585 | low 0.9454319781022495 | high 0.9654275903448675
[2026-04-08 13:27:33.601] [info] runs 2193 | prob 0.9658002735978112 | low 0.9558030013112006 | high 0.9757975458844218
[2026-04-08 13:27:34.494] [info] runs 2783 | prob 0.9561624146604384 | low 0.946165214170534 | high 0.9661596151503428
[2026-04-08 13:27:35.384] [info] runs 2525 | prob 0.9603960396039604 | low 0.9503981196241477 | high 0.9703939595837731
[2026-04-08 13:27:36.279] [info] runs 2827 | prob 0.9554297842235585 | low 0.9454319781022495 | high 0.9654275903448675
[2026-04-08 13:27:37.180] [info] runs 2669 | prob 0.9580367178718622 | low 0.9480390806585146 | high 0.9680343550852097
[2026-04-08 13:27:38.070] [info] runs 2634 | prob 0.9586180713743356 | low 0.9486211530719484 | high 0.9686149896767229
[2026-04-08 13:27:38.963] [info] runs 2358 | prob 0.9631043256997456 | low 0.9531043636700305 | high 0.9731042877294607
[2026-04-08 13:27:39.851] [info] runs 2358 | prob 0.9631043256997456 | low 0.9531043636700305 | high 0.9731042877294607
[2026-04-08 13:27:40.748] [info] runs 2669 | prob 0.9580367178718622 | low 0.9480390806585146 | high 0.9680343550852097
[2026-04-08 13:27:41.643] [info] runs 2870 | prob 0.9547038327526133 | low 0.9447045241685239 | high 0.9647031413367027
[2026-04-08 13:27:42.532] [info] runs 2622 | prob 0.9588100686498856 | low 0.9488125702781068 | high 0.9688075670216644
[2026-04-08 13:27:43.426] [info] runs 2913 | prob 0.9539993134225884 | low 0.9440008835629309 | high 0.9639977432822459
[2026-04-08 13:27:44.325] [info] runs 2398 | prob 0.9624687239366139 | low 0.9524707673295313 | high 0.9724666805436964
[2026-04-08 13:27:45.221] [info] runs 3047 | prob 0.9517558254020347 | low 0.941755944130047 | high 0.9617557066740224
[2026-04-08 13:27:46.113] [info] runs 2450 | prob 0.9616326530612245 | low 0.9516361454268237 | high 0.9716291606956252
[2026-04-08 13:27:47.007] [info] runs 2450 | prob 0.9616326530612245 | low 0.9516361454268237 | high 0.9716291606956252
[2026-04-08 13:27:47.901] [info] runs 2913 | prob 0.9539993134225884 | low 0.9440008835629309 | high 0.9639977432822459
[2026-04-08 13:27:48.790] [info] runs 2462 | prob 0.9614134849715679 | low 0.9514140671079144 | high 0.9714129028352213
[2026-04-08 13:27:49.686] [info] runs 2726 | prob 0.9570799706529713 | low 0.9470802687903997 | high 0.9670796725155429
[2026-04-08 13:27:50.578] [info] runs 2715 | prob 0.9572744014732965 | low 0.9472761687315973 | high 0.9672726342149957
[2026-04-08 13:27:50.800] [info] RESULT:
training_time, simulation_time, prob, low, high, runs
662, 14, 0.9552501761804087, 0.9452526191256726, 0.9652477332351449, 2838
656, 15, 0.9534804753820034, 0.943483313023431, 0.9634776377405758, 2945
660, 15, 0.9534804753820034, 0.943483313023431, 0.9634776377405758, 2945
658, 14, 0.9569028487947406, 0.9469054424976376, 0.9669002550918436, 2738
656, 14, 0.9554297842235585, 0.9454319781022495, 0.9654275903448675, 2827
660, 11, 0.9658002735978112, 0.9558030013112006, 0.9757975458844218, 2193
656, 14, 0.9561624146604384, 0.946165214170534, 0.9661596151503428, 2783
653, 13, 0.9603960396039604, 0.9503981196241477, 0.9703939595837731, 2525
657, 14, 0.9554297842235585, 0.9454319781022495, 0.9654275903448675, 2827
659, 13, 0.9580367178718622, 0.9480390806585146, 0.9680343550852097, 2669
654, 13, 0.9586180713743356, 0.9486211530719484, 0.9686149896767229, 2634
657, 12, 0.9631043256997456, 0.9531043636700305, 0.9731042877294607, 2358
655, 12, 0.9631043256997456, 0.9531043636700305, 0.9731042877294607, 2358
658, 13, 0.9580367178718622, 0.9480390806585146, 0.9680343550852097, 2669
656, 14, 0.9547038327526133, 0.9447045241685239, 0.9647031413367027, 2870
651, 13, 0.9588100686498856, 0.9488125702781068, 0.9688075670216644, 2622
658, 15, 0.9539993134225884, 0.9440008835629309, 0.9639977432822459, 2913
659, 12, 0.9624687239366139, 0.9524707673295313, 0.9724666805436964, 2398
657, 15, 0.9517558254020347, 0.941755944130047, 0.9617557066740224, 3047
657, 12, 0.9616326530612245, 0.9516361454268237, 0.9716291606956252, 2450
658, 12, 0.9616326530612245, 0.9516361454268237, 0.9716291606956252, 2450
654, 15, 0.9539993134225884, 0.9440008835629309, 0.9639977432822459, 2913
654, 12, 0.9614134849715679, 0.9514140671079144, 0.9714129028352213, 2462
655, 14, 0.9570799706529713, 0.9470802687903997, 0.9670796725155429, 2726
655, 13, 0.9572744014732965, 0.9472761687315973, 0.9672726342149957, 2715
# timestamp 08.04.2026 13:27:04 (1775647624), datastructure SAC
# timebound 20, expirations {"r1": 0, "r2": 0}
# alpha 0.1, gamma 1
# fixed points 5, uniform granularity 0.5
# scheduler goal: MAXIMIZING, scope: SEMIPROPHETIC, history: DISCRETE_HISTORY
# training runs 100000

[2026-04-08 13:27:50.800] [info] 2.1 Simulating on SAC: 45960
[2026-04-08 13:27:50.800] [info] Analysis finished; the goal is not reachable.
[2026-04-08 13:27:50.800] [info] Probability: 0.0
[2026-04-08 13:27:50.800] [info] 2 Analysis: 45960
[2026-04-08 13:27:50.800] [info] 0 Computation Time Complete: 45960
[2026-04-08 13:27:50.800] [info] Counters and timers:
Counters:

Timers:
0 Computation Time Complete: 45960
1 Model creation: 0
2 Analysis: 45960
2.0 Creating Unified Datastructure from SAC: 0
2.1 Simulating on SAC: 45960

timebound = 20, jump depth = 100, max expirations of random clocks = [{r1: 0}, {r2: 0}], combine absorbing locations in unrolling = 121, integration bound(s) = 20, integration samples = 500000, model = WATERTANK, model case = CASE_E, LTI analysis = rectangular analysis, scheduler = goal: MAXIMIZING, scope: SEMIPROPHETIC, history: HISTORY_DEPENDENT, multithreaded = 1, disableBackwardsRefinement = 0
simulating 0 runs after 100000 training runs with parameters:
learning rate                 0.1
discount factor               1
exploration rate              0.15
uniform granularity           0.5
adaptive compartments         5


[2026-04-14 20:36:13.206] [warning] no flow specified for variable c1 in location all_off - assuming flow of 0
[2026-04-14 20:36:13.206] [warning] no flow specified for variable c1 in location v2_on - assuming flow of 0
[2026-04-14 20:36:13.206] [warning] no flow specified for variable c1 in location v1_block - assuming flow of 0
[2026-04-14 20:36:13.206] [warning] no flow specified for variable c1 in location v2_block - assuming flow of 0
[2026-04-14 20:36:13.206] [warning] no flow specified for variable c1 in location v1_block_v2_on - assuming flow of 0
[2026-04-14 20:36:13.206] [warning] no flow specified for variable c1 in location block_safe - assuming flow of 0
[2026-04-14 20:36:13.206] [warning] no flow specified for variable c1 in location block_unsafe - assuming flow of 0
[2026-04-14 20:36:13.206] [warning] no flow specified for variable c2 in location all_off - assuming flow of 0
[2026-04-14 20:36:13.206] [warning] no flow specified for variable c2 in location v1_on - assuming flow of 0
[2026-04-14 20:36:13.206] [warning] no flow specified for variable c2 in location v1_block - assuming flow of 0
[2026-04-14 20:36:13.206] [warning] no flow specified for variable c2 in location v2_block - assuming flow of 0
[2026-04-14 20:36:13.206] [warning] no flow specified for variable c2 in location v2_block_v1_on - assuming flow of 0
[2026-04-14 20:36:13.206] [warning] no flow specified for variable c2 in location block_safe - assuming flow of 0
[2026-04-14 20:36:13.206] [warning] no flow specified for variable c2 in location block_unsafe - assuming flow of 0
[2026-04-14 20:36:13.206] [warning] no constraints specified for variable c1 in initial constraint number 0 - assuming [0,0]
[2026-04-14 20:36:13.206] [warning] no constraints specified for variable c2 in initial constraint number 0 - assuming [0,0]
[2026-04-14 20:36:13.206] [info] 1 Model creation: 0
[2026-04-14 20:36:13.207] [info] 2.0 Creating Unified Datastructure from SAC: 0
[2026-04-14 20:36:13.984] [info] runs 2488 | prob 0.9610128617363344 | low 0.9510164082430757 | high 0.9710093152295931
[2026-04-14 20:36:14.978] [info] runs 2574 | prob 0.9595959595959596 | low 0.9495983035574309 | high 0.9695936156344882
[2026-04-14 20:36:15.899] [info] runs 2913 | prob 0.9539993134225884 | low 0.9440008835629309 | high 0.9639977432822459
[2026-04-14 20:36:16.812] [info] runs 2692 | prob 0.9576523031203567 | low 0.9476539802394036 | high 0.9676506260013097
[2026-04-14 20:36:17.724] [info] runs 2525 | prob 0.9603960396039604 | low 0.9503981196241477 | high 0.9703939595837731
[2026-04-14 20:36:18.637] [info] runs 3017 | prob 0.9522704673516739 | low 0.9422720340812365 | high 0.9622689006221112
[2026-04-14 20:36:19.547] [info] runs 2622 | prob 0.9588100686498856 | low 0.9488125702781068 | high 0.9688075670216644
[2026-04-14 20:36:20.467] [info] runs 2704 | prob 0.9574704142011834 | low 0.9474738496854874 | high 0.9674669787168794
[2026-04-14 20:36:21.372] [info] runs 2525 | prob 0.9603960396039604 | low 0.9503981196241477 | high 0.9703939595837731
[2026-04-14 20:36:22.286] [info] runs 3017 | prob 0.9522704673516739 | low 0.9422720340812365 | high 0.9622689006221112
[2026-04-14 20:36:23.200] [info] runs 2657 | prob 0.9582235604064735 | low 0.9482247296800549 | high 0.9682223911328921
[2026-04-14 20:36:24.115] [info] runs 2986 | prob 0.9527796383121232 | low 0.9427805168180243 | high 0.9627787598062221
[2026-04-14 20:36:25.037] [info] runs 3027 | prob 0.9520977865873802 | low 0.9420987486392236 | high 0.9620968245355368
[2026-04-14 20:36:25.956] [info] runs 3127 | prob 0.950431723696834 | low 0.9404330064203392 | high 0.9604304409733289
[2026-04-14 20:36:26.863] [info] runs 2318 | prob 0.9637618636755824 | low 0.9537628551502592 | high 0.9737608722009056
[2026-04-14 20:36:27.781] [info] runs 2704 | prob 0.9574704142011834 | low 0.9474738496854874 | high 0.9674669787168794
[2026-04-14 20:36:28.699] [info] runs 2488 | prob 0.9610128617363344 | low 0.9510164082430757 | high 0.9710093152295931
[2026-04-14 20:36:29.611] [info] runs 2704 | prob 0.9574704142011834 | low 0.9474738496854874 | high 0.9674669787168794
[2026-04-14 20:36:30.521] [info] runs 2562 | prob 0.9597970335675253 | low 0.9497999102959866 | high 0.969794156839064
[2026-04-14 20:36:31.423] [info] runs 2525 | prob 0.9603960396039604 | low 0.9503981196241477 | high 0.9703939595837731
[2026-04-14 20:36:32.331] [info] runs 2622 | prob 0.9588100686498856 | low 0.9488125702781068 | high 0.9688075670216644
[2026-04-14 20:36:33.240] [info] runs 2059 | prob 0.9679456046624575 | low 0.9579459050098658 | high 0.9779453043150492
[2026-04-14 20:36:34.148] [info] runs 2622 | prob 0.9588100686498856 | low 0.9488125702781068 | high 0.9688075670216644
[2026-04-14 20:36:35.061] [info] runs 2437 | prob 0.9618383258104226 | low 0.9518410230894168 | high 0.9718356285314285
[2026-04-14 20:36:35.971] [info] runs 2816 | prob 0.9556107954545454 | low 0.9456128966104926 | high 0.9656086942985982
[2026-04-14 20:36:36.200] [info] RESULT:
training_time, simulation_time, prob, low, high, runs
761, 16, 0.9610128617363344, 0.9510164082430757, 0.9710093152295931, 2488
893, 16, 0.9595959595959596, 0.9495983035574309, 0.9695936156344882, 2574
670, 19, 0.9539993134225884, 0.9440008835629309, 0.9639977432822459, 2913
667, 16, 0.9576523031203567, 0.9476539802394036, 0.9676506260013097, 2692
665, 15, 0.9603960396039604, 0.9503981196241477, 0.9703939595837731, 2525
664, 18, 0.9522704673516739, 0.9422720340812365, 0.9622689006221112, 3017
666, 15, 0.9588100686498856, 0.9488125702781068, 0.9688075670216644, 2622
670, 16, 0.9574704142011834, 0.9474738496854874, 0.9674669787168794, 2704
662, 15, 0.9603960396039604, 0.9503981196241477, 0.9703939595837731, 2525
668, 18, 0.9522704673516739, 0.9422720340812365, 0.9622689006221112, 3017
662, 16, 0.9582235604064735, 0.9482247296800549, 0.9682223911328921, 2657
669, 18, 0.9527796383121232, 0.9427805168180243, 0.9627787598062221, 2986
670, 18, 0.9520977865873802, 0.9420987486392236, 0.9620968245355368, 3027
668, 19, 0.950431723696834, 0.9404330064203392, 0.9604304409733289, 3127
665, 14, 0.9637618636755824, 0.9537628551502592, 0.9737608722009056, 2318
671, 17, 0.9574704142011834, 0.9474738496854874, 0.9674669787168794, 2704
670, 14, 0.9610128617363344, 0.9510164082430757, 0.9710093152295931, 2488
669, 17, 0.9574704142011834, 0.9474738496854874, 0.9674669787168794, 2704
664, 15, 0.9597970335675253, 0.9497999102959866, 0.969794156839064, 2562
660, 15, 0.9603960396039604, 0.9503981196241477, 0.9703939595837731, 2525
663, 16, 0.9588100686498856, 0.9488125702781068, 0.9688075670216644, 2622
668, 12, 0.9679456046624575, 0.9579459050098658, 0.9779453043150492, 2059
666, 16, 0.9588100686498856, 0.9488125702781068, 0.9688075670216644, 2622
668, 14, 0.9618383258104226, 0.9518410230894168, 0.9718356285314285, 2437
664, 17, 0.9556107954545454, 0.9456128966104926, 0.9656086942985982, 2816
# timestamp 14.04.2026 20:36:13 (1776191773), datastructure SAC
# timebound 20, expirations {"r1": 0, "r2": 0}
# alpha 0.1, gamma 1
# fixed points 5, uniform granularity 0.5
# scheduler goal: MINIMIZING, scope: SEMIPROPHETIC, history: DISCRETE_HISTORY
# training runs 100000

[2026-04-14 20:36:36.861] [info] runs 2059 | prob 0.9679456046624575 | low 0.9579459050098658 | high 0.9779453043150492
[2026-04-14 20:36:37.783] [info] runs 1933 | prob 0.9699948266942576 | low 0.9599991382655764 | high 0.9799905151229389
[2026-04-14 20:36:38.646] [info] runs 1349 | prob 0.9792438843587843 | low 0.969244843140145 | high 0.9892429255774235
[2026-04-14 20:36:39.489] [info] runs 1965 | prob 0.9694656488549618 | low 0.9594673723797518 | high 0.9794639253301718
[2026-04-14 20:36:40.339] [info] runs 2059 | prob 0.9679456046624575 | low 0.9579459050098658 | high 0.9779453043150492
[2026-04-14 20:36:41.193] [info] runs 1981 | prob 0.9692074709742554 | low 0.959208974973344 | high 0.9792059669751668
[2026-04-14 20:36:42.047] [info] runs 2075 | prob 0.967710843373494 | low 0.9577145737242022 | high 0.9777071130227858
[2026-04-14 20:36:42.895] [info] runs 1849 | prob 0.971335857220119 | low 0.9613397341848154 | high 0.9813319802554225
[2026-04-14 20:36:43.742] [info] runs 1649 | prob 0.9745300181928441 | low 0.9645358314784621 | high 0.9845242049072261
[2026-04-14 20:36:44.588] [info] runs 1250 | prob 0.9808 | low 0.9708015726542477 | high 0.9907984273457523
[2026-04-14 20:36:45.432] [info] runs 2135 | prob 0.9667447306791569 | low 0.9567485738648889 | high 0.9767408874934249
[2026-04-14 20:36:46.284] [info] runs 1916 | prob 0.9702505219206681 | low 0.9602521399476335 | high 0.9802489038937027
[2026-04-14 20:36:47.135] [info] runs 2105 | prob 0.9672209026128266 | low 0.9572236390764535 | high 0.9772181661491997
[2026-04-14 20:36:47.985] [info] runs 2372 | prob 0.9629005059021922 | low 0.9529036549394581 | high 0.9728973568649264
[2026-04-14 20:36:48.829] [info] runs 1250 | prob 0.9808 | low 0.9708015726542477 | high 0.9907984273457523
[2026-04-14 20:36:49.678] [info] runs 1084 | prob 0.9833948339483395 | low 0.9733967497393854 | high 0.9933929181572936
[2026-04-14 20:36:50.524] [info] runs 2105 | prob 0.9672209026128266 | low 0.9572236390764535 | high 0.9772181661491997
[2026-04-14 20:36:51.377] [info] runs 2398 | prob 0.9624687239366139 | low 0.9524707673295313 | high 0.9724666805436964
[2026-04-14 20:36:52.230] [info] runs 2135 | prob 0.9667447306791569 | low 0.9567485738648889 | high 0.9767408874934249
[2026-04-14 20:36:53.079] [info] runs 1649 | prob 0.9745300181928441 | low 0.9645358314784621 | high 0.9845242049072261
[2026-04-14 20:36:53.931] [info] runs 1814 | prob 0.9718853362734289 | low 0.9618876114567799 | high 0.9818830610900778
[2026-04-14 20:36:54.777] [info] runs 1609 | prob 0.9751398384089497 | low 0.9651409145793873 | high 0.985138762238512
[2026-04-14 20:36:55.622] [info] runs 1900 | prob 0.9705263157894737 | low 0.960531151680562 | high 0.9805214798983853
[2026-04-14 20:36:56.476] [info] runs 2207 | prob 0.9655641141821477 | low 0.9555654753791207 | high 0.9755627529851747
[2026-04-14 20:36:57.326] [info] runs 1997 | prob 0.9689534301452178 | low 0.9589553850604986 | high 0.9789514752299371
[2026-04-14 20:36:57.539] [info] RESULT:
training_time, simulation_time, prob, low, high, runs
652, 9, 0.9679456046624575, 0.9579459050098658, 0.9779453043150492, 2059
698, 9, 0.9699948266942576, 0.9599991382655764, 0.9799905151229389, 1933
633, 5, 0.9792438843587843, 0.969244843140145, 0.9892429255774235, 1349
626, 8, 0.9694656488549618, 0.9594673723797518, 0.9794639253301718, 1965
626, 9, 0.9679456046624575, 0.9579459050098658, 0.9779453043150492, 2059
630, 8, 0.9692074709742554, 0.959208974973344, 0.9792059669751668, 1981
629, 9, 0.967710843373494, 0.9577145737242022, 0.9777071130227858, 2075
627, 8, 0.971335857220119, 0.9613397341848154, 0.9813319802554225, 1849
630, 7, 0.9745300181928441, 0.9645358314784621, 0.9845242049072261, 1649
630, 5, 0.9808, 0.9708015726542477, 0.9907984273457523, 1250
623, 9, 0.9667447306791569, 0.9567485738648889, 0.9767408874934249, 2135
628, 8, 0.9702505219206681, 0.9602521399476335, 0.9802489038937027, 1916
629, 9, 0.9672209026128266, 0.9572236390764535, 0.9772181661491997, 2105
624, 10, 0.9629005059021922, 0.9529036549394581, 0.9728973568649264, 2372
628, 5, 0.9808, 0.9708015726542477, 0.9907984273457523, 1250
633, 4, 0.9833948339483395, 0.9733967497393854, 0.9933929181572936, 1084
626, 9, 0.9672209026128266, 0.9572236390764535, 0.9772181661491997, 2105
628, 10, 0.9624687239366139, 0.9524707673295313, 0.9724666805436964, 2398
627, 9, 0.9667447306791569, 0.9567485738648889, 0.9767408874934249, 2135
628, 7, 0.9745300181928441, 0.9645358314784621, 0.9845242049072261, 1649
633, 8, 0.9718853362734289, 0.9618876114567799, 0.9818830610900778, 1814
625, 7, 0.9751398384089497, 0.9651409145793873, 0.985138762238512, 1609
624, 8, 0.9705263157894737, 0.960531151680562, 0.9805214798983853, 1900
629, 10, 0.9655641141821477, 0.9555654753791207, 0.9755627529851747, 2207
626, 8, 0.9689534301452178, 0.9589553850604986, 0.9789514752299371, 1997
# timestamp 14.04.2026 20:36:13 (1776191773), datastructure SAC
# timebound 20, expirations {"r1": 0, "r2": 0}
# alpha 0.1, gamma 1
# fixed points 5, uniform granularity 0.5
# scheduler goal: MAXIMIZING, scope: SEMIPROPHETIC, history: DISCRETE_HISTORY
# training runs 100000

[2026-04-14 20:36:57.539] [info] 2.1 Simulating on SAC: 44332
[2026-04-14 20:36:57.539] [info] Analysis finished; the goal is not reachable.
[2026-04-14 20:36:57.539] [info] Probability: 0.0
[2026-04-14 20:36:57.539] [info] 2 Analysis: 44332
[2026-04-14 20:36:57.539] [info] 0 Computation Time Complete: 44333
[2026-04-14 20:36:57.539] [info] Counters and timers:
Counters:

Timers:
0 Computation Time Complete: 44333
1 Model creation: 0
2 Analysis: 44332
2.0 Creating Unified Datastructure from SAC: 0
2.1 Simulating on SAC: 44332

timebound = 20, jump depth = 100, max expirations of random clocks = [{r1: 0}, {r2: 0}], combine absorbing locations in unrolling = 129, integration bound(s) = 20, integration samples = 500000, model = WATERTANK, model case = CASE_E, LTI analysis = rectangular analysis, scheduler = goal: MAXIMIZING, scope: SEMIPROPHETIC, history: HISTORY_DEPENDENT, multithreaded = 1, disableBackwardsRefinement = 0
simulating 0 runs after 1000000 training runs with parameters:
learning rate                 0.1
discount factor               1
exploration rate              0.15
uniform granularity           0.5
adaptive compartments         5


[2026-04-14 21:44:42.403] [warning] no flow specified for variable c1 in location all_off - assuming flow of 0
[2026-04-14 21:44:42.403] [warning] no flow specified for variable c1 in location v2_on - assuming flow of 0
[2026-04-14 21:44:42.403] [warning] no flow specified for variable c1 in location v1_block - assuming flow of 0
[2026-04-14 21:44:42.403] [warning] no flow specified for variable c1 in location v2_block - assuming flow of 0
[2026-04-14 21:44:42.403] [warning] no flow specified for variable c1 in location v1_block_v2_on - assuming flow of 0
[2026-04-14 21:44:42.403] [warning] no flow specified for variable c1 in location block_safe - assuming flow of 0
[2026-04-14 21:44:42.403] [warning] no flow specified for variable c1 in location block_unsafe - assuming flow of 0
[2026-04-14 21:44:42.403] [warning] no flow specified for variable c2 in location all_off - assuming flow of 0
[2026-04-14 21:44:42.403] [warning] no flow specified for variable c2 in location v1_on - assuming flow of 0
[2026-04-14 21:44:42.403] [warning] no flow specified for variable c2 in location v1_block - assuming flow of 0
[2026-04-14 21:44:42.403] [warning] no flow specified for variable c2 in location v2_block - assuming flow of 0
[2026-04-14 21:44:42.403] [warning] no flow specified for variable c2 in location v2_block_v1_on - assuming flow of 0
[2026-04-14 21:44:42.403] [warning] no flow specified for variable c2 in location block_safe - assuming flow of 0
[2026-04-14 21:44:42.403] [warning] no flow specified for variable c2 in location block_unsafe - assuming flow of 0
[2026-04-14 21:44:42.403] [warning] no constraints specified for variable c1 in initial constraint number 0 - assuming [0,0]
[2026-04-14 21:44:42.403] [warning] no constraints specified for variable c2 in initial constraint number 0 - assuming [0,0]
[2026-04-14 21:44:42.403] [info] 1 Model creation: 0
[2026-04-14 21:44:42.403] [info] 2.0 Creating Unified Datastructure from SAC: 0
[2026-04-14 21:44:48.642] [info] runs 2574 | prob 0.9595959595959596 | low 0.9495983035574309 | high 0.9695936156344882
[2026-04-14 21:44:55.002] [info] runs 2680 | prob 0.9578358208955224 | low 0.9478359170574142 | high 0.9678357247336307
[2026-04-14 21:45:01.434] [info] runs 2657 | prob 0.9582235604064735 | low 0.9482247296800549 | high 0.9682223911328921
[2026-04-14 21:45:07.781] [info] runs 2462 | prob 0.9614134849715679 | low 0.9514140671079144 | high 0.9714129028352213
[2026-04-14 21:45:14.207] [info] runs 2207 | prob 0.9655641141821477 | low 0.9555654753791207 | high 0.9755627529851747
[2026-04-14 21:45:20.428] [info] runs 2680 | prob 0.9578358208955224 | low 0.9478359170574142 | high 0.9678357247336307
[2026-04-14 21:45:26.673] [info] runs 2149 | prob 0.9664960446719404 | low 0.9564966034492031 | high 0.9764954858946777
[2026-04-14 21:45:32.990] [info] runs 2610 | prob 0.9590038314176246 | low 0.9490059631233645 | high 0.9690016997118847
[2026-04-14 21:45:39.335] [info] runs 2805 | prob 0.9557932263814617 | low 0.9457953949541373 | high 0.965791057808786
[2026-04-14 21:45:45.579] [info] runs 2513 | prob 0.9606048547552726 | low 0.9506084609667697 | high 0.9706012485437755
[2026-04-14 21:45:51.928] [info] runs 2513 | prob 0.9606048547552726 | low 0.9506084609667697 | high 0.9706012485437755
[2026-04-14 21:45:58.178] [info] runs 2105 | prob 0.9672209026128266 | low 0.9572236390764535 | high 0.9772181661491997
[2026-04-14 21:46:04.541] [info] runs 2622 | prob 0.9588100686498856 | low 0.9488125702781068 | high 0.9688075670216644
[2026-04-14 21:46:10.865] [info] runs 2550 | prob 0.96 | low 0.9500036516785024 | high 0.9699963483214975
[2026-04-14 21:46:17.179] [info] runs 2221 | prob 0.9653309320126069 | low 0.9553313746987006 | high 0.9753304893265132
[2026-04-14 21:46:23.539] [info] runs 2586 | prob 0.9593967517401392 | low 0.9493987983091168 | high 0.9693947051711616
[2026-04-14 21:46:29.936] [info] runs 2704 | prob 0.9574704142011834 | low 0.9474738496854874 | high 0.9674669787168794
[2026-04-14 21:46:36.265] [info] runs 2462 | prob 0.9614134849715679 | low 0.9514140671079144 | high 0.9714129028352213
[2026-04-14 21:46:42.577] [info] runs 2726 | prob 0.9570799706529713 | low 0.9470802687903997 | high 0.9670796725155429
[2026-04-14 21:46:48.891] [info] runs 2437 | prob 0.9618383258104226 | low 0.9518410230894168 | high 0.9718356285314285
[2026-04-14 21:46:55.213] [info] runs 2437 | prob 0.9618383258104226 | low 0.9518410230894168 | high 0.9718356285314285
[2026-04-14 21:47:01.556] [info] runs 2013 | prob 0.9687034277198212 | low 0.9587064718089515 | high 0.9787003836306909
[2026-04-14 21:47:07.929] [info] runs 2277 | prob 0.9644268774703557 | low 0.9544277986900657 | high 0.9744259562506458
[2026-04-14 21:47:14.291] [info] runs 2475 | prob 0.9612121212121212 | low 0.9512140576984839 | high 0.9712101847257585
[2026-04-14 21:47:20.536] [info] runs 2424 | prob 0.9620462046204621 | low 0.9520483890247852 | high 0.972044020216139
[2026-04-14 21:47:20.778] [info] RESULT:
training_time, simulation_time, prob, low, high, runs
6223, 14, 0.9595959595959596, 0.9495983035574309, 0.9695936156344882, 2574
6251, 15, 0.9578358208955224, 0.9478359170574142, 0.9678357247336307, 2680
6172, 15, 0.9582235604064735, 0.9482247296800549, 0.9682223911328921, 2657
6086, 14, 0.9614134849715679, 0.9514140671079144, 0.9714129028352213, 2462
6171, 12, 0.9655641141821477, 0.9555654753791207, 0.9755627529851747, 2207
5960, 15, 0.9578358208955224, 0.9478359170574142, 0.9678357247336307, 2680
5993, 12, 0.9664960446719404, 0.9564966034492031, 0.9764954858946777, 2149
6062, 15, 0.9590038314176246, 0.9490059631233645, 0.9690016997118847, 2610
6084, 16, 0.9557932263814617, 0.9457953949541373, 0.965791057808786, 2805
5990, 14, 0.9606048547552726, 0.9506084609667697, 0.9706012485437755, 2513
6094, 14, 0.9606048547552726, 0.9506084609667697, 0.9706012485437755, 2513
5991, 14, 0.9672209026128266, 0.9572236390764535, 0.9772181661491997, 2105
6105, 15, 0.9588100686498856, 0.9488125702781068, 0.9688075670216644, 2622
6062, 14, 0.96, 0.9500036516785024, 0.9699963483214975, 2550
6058, 12, 0.9653309320126069, 0.9553313746987006, 0.9753304893265132, 2221
6105, 14, 0.9593967517401392, 0.9493987983091168, 0.9693947051711616, 2586
6137, 15, 0.9574704142011834, 0.9474738496854874, 0.9674669787168794, 2704
6071, 14, 0.9614134849715679, 0.9514140671079144, 0.9714129028352213, 2462
6047, 15, 0.9570799706529713, 0.9470802687903997, 0.9670796725155429, 2726
6060, 13, 0.9618383258104226, 0.9518410230894168, 0.9718356285314285, 2437
6062, 14, 0.9618383258104226, 0.9518410230894168, 0.9718356285314285, 2437
6084, 11, 0.9687034277198212, 0.9587064718089515, 0.9787003836306909, 2013
6117, 13, 0.9644268774703557, 0.9544277986900657, 0.9744259562506458, 2277
6102, 14, 0.9612121212121212, 0.9512140576984839, 0.9712101847257585, 2475
5990, 13, 0.9620462046204621, 0.9520483890247852, 0.972044020216139, 2424
# timestamp 14.04.2026 21:44:42 (1776195882), datastructure SAC
# timebound 20, expirations {"r1": 0, "r2": 0}
# alpha 0.1, gamma 1
# fixed points 5, uniform granularity 0.5
# scheduler goal: MINIMIZING, scope: SEMIPROPHETIC, history: MEMORYLESS
# training runs 1000000

[2026-04-14 21:47:26.366] [info] runs 1528 | prob 0.9764397905759162 | low 0.9664444754856503 | high 0.9864351056661822
[2026-04-14 21:47:32.169] [info] runs 1396 | prob 0.9785100286532952 | low 0.9685122456060832 | high 0.9885078117005072
[2026-04-14 21:47:37.939] [info] runs 1609 | prob 0.9751398384089497 | low 0.9651409145793873 | high 0.985138762238512
[2026-04-14 21:47:43.709] [info] runs 1349 | prob 0.9792438843587843 | low 0.969244843140145 | high 0.9892429255774235
[2026-04-14 21:47:49.498] [info] runs 1419 | prob 0.97815362931642 | low 0.9681571321901097 | high 0.9881501264427304
[2026-04-14 21:47:55.259] [info] runs 1250 | prob 0.9808 | low 0.9708015726542477 | high 0.9907984273457523
[2026-04-14 21:48:01.060] [info] runs 1250 | prob 0.9808 | low 0.9708015726542477 | high 0.9907984273457523
[2026-04-14 21:48:06.838] [info] runs 1170 | prob 0.982051282051282 | low 0.9720527388418739 | high 0.9920498252606901
[2026-04-14 21:48:12.806] [info] runs 1000 | prob 0.99 | low 0.9818948052213411 | high 0.9981051947786589
[2026-04-14 21:48:18.576] [info] runs 1224 | prob 0.9812091503267973 | low 0.9712112419217648 | high 0.9912070587318299
[2026-04-14 21:48:24.285] [info] runs 1464 | prob 0.9774590163934426 | low 0.9674656679507027 | high 0.9874523648361825
[2026-04-14 21:48:30.074] [info] runs 1485 | prob 0.9771043771043771 | low 0.9671060039107862 | high 0.9871027502979681
[2026-04-14 21:48:35.863] [info] runs 1054 | prob 0.9838709677419355 | low 0.9738755999015478 | high 0.9938663355823232
[2026-04-14 21:48:41.621] [info] runs 1464 | prob 0.9774590163934426 | low 0.9674656679507027 | high 0.9874523648361825
[2026-04-14 21:48:47.334] [info] runs 1549 | prob 0.9761136216914138 | low 0.966119480291616 | high 0.9861077630912116
[2026-04-14 21:48:53.068] [info] runs 1250 | prob 0.9808 | low 0.9708015726542477 | high 0.9907984273457523
[2026-04-14 21:48:58.783] [info] runs 1668 | prob 0.9742206235011991 | low 0.9642249353205339 | high 0.9842163116818643
[2026-04-14 21:49:04.567] [info] runs 1142 | prob 0.9824868651488616 | low 0.9724878292151417 | high 0.9924859010825816
[2026-04-14 21:49:10.316] [info] runs 1114 | prob 0.9829443447037702 | low 0.9729512056070148 | high 0.9929374838005257
[2026-04-14 21:49:16.048] [info] runs 1250 | prob 0.9808 | low 0.9708015726542477 | high 0.9907984273457523
[2026-04-14 21:49:21.827] [info] runs 1170 | prob 0.982051282051282 | low 0.9720527388418739 | high 0.9920498252606901
[2026-04-14 21:49:27.603] [info] runs 1250 | prob 0.9808 | low 0.9708015726542477 | high 0.9907984273457523
[2026-04-14 21:49:33.407] [info] runs 1485 | prob 0.9771043771043771 | low 0.9671060039107862 | high 0.9871027502979681
[2026-04-14 21:49:39.181] [info] runs 1569 | prob 0.975780752071383 | low 0.9657832653272805 | high 0.9857782388154855
[2026-04-14 21:49:44.953] [info] runs 1779 | prob 0.9724564362001125 | low 0.9624609706164283 | high 0.9824519017837966
[2026-04-14 21:49:45.181] [info] RESULT:
training_time, simulation_time, prob, low, high, runs
5582, 5, 0.9764397905759162, 0.9664444754856503, 0.9864351056661822, 1528
5568, 5, 0.9785100286532952, 0.9685122456060832, 0.9885078117005072, 1396
5534, 6, 0.9751398384089497, 0.9651409145793873, 0.985138762238512, 1609
5538, 5, 0.9792438843587843, 0.969244843140145, 0.9892429255774235, 1349
5557, 5, 0.97815362931642, 0.9681571321901097, 0.9881501264427304, 1419
5527, 4, 0.9808, 0.9708015726542477, 0.9907984273457523, 1250
5570, 4, 0.9808, 0.9708015726542477, 0.9907984273457523, 1250
5546, 4, 0.982051282051282, 0.9720527388418739, 0.9920498252606901, 1170
5737, 3, 0.99, 0.9818948052213411, 0.9981051947786589, 1000
5529, 4, 0.9812091503267973, 0.9712112419217648, 0.9912070587318299, 1224
5477, 5, 0.9774590163934426, 0.9674656679507027, 0.9874523648361825, 1464
5557, 5, 0.9771043771043771, 0.9671060039107862, 0.9871027502979681, 1485
5555, 4, 0.9838709677419355, 0.9738755999015478, 0.9938663355823232, 1054
5525, 5, 0.9774590163934426, 0.9674656679507027, 0.9874523648361825, 1464
5480, 5, 0.9761136216914138, 0.966119480291616, 0.9861077630912116, 1549
5508, 4, 0.9808, 0.9708015726542477, 0.9907984273457523, 1250
5481, 6, 0.9742206235011991, 0.9642249353205339, 0.9842163116818643, 1668
5554, 4, 0.9824868651488616, 0.9724878292151417, 0.9924859010825816, 1142
5518, 4, 0.9829443447037702, 0.9729512056070148, 0.9929374838005257, 1114
5502, 4, 0.9808, 0.9708015726542477, 0.9907984273457523, 1250
5547, 4, 0.982051282051282, 0.9720527388418739, 0.9920498252606901, 1170
5542, 4, 0.9808, 0.9708015726542477, 0.9907984273457523, 1250
5570, 5, 0.9771043771043771, 0.9671060039107862, 0.9871027502979681, 1485
5542, 6, 0.975780752071383, 0.9657832653272805, 0.9857782388154855, 1569
5537, 6, 0.9724564362001125, 0.9624609706164283, 0.9824519017837966, 1779
# timestamp 14.04.2026 21:44:42 (1776195882), datastructure SAC
# timebound 20, expirations {"r1": 0, "r2": 0}
# alpha 0.1, gamma 1
# fixed points 5, uniform granularity 0.5
# scheduler goal: MAXIMIZING, scope: SEMIPROPHETIC, history: MEMORYLESS
# training runs 1000000

[2026-04-14 21:49:45.217] [info] 2.1 Simulating on SAC: 302813
[2026-04-14 21:49:45.217] [info] Analysis finished; the goal is not reachable.
[2026-04-14 21:49:45.217] [info] Probability: 0.0
[2026-04-14 21:49:45.217] [info] 2 Analysis: 302814
[2026-04-14 21:49:45.217] [info] 0 Computation Time Complete: 302814
[2026-04-14 21:49:45.217] [info] Counters and timers:
Counters:

Timers:
0 Computation Time Complete: 302814
1 Model creation: 0
2 Analysis: 302814
2.0 Creating Unified Datastructure from SAC: 0
2.1 Simulating on SAC: 302813

