timebound = 8, jump depth = 100, max expirations of random clocks = [{r1: 0}, {r2: 0}], combine absorbing locations in unrolling = 80, integration bound(s) = 8, integration samples = 500000, model = WATERTANK, model case = CASE_A, LTI analysis = rectangular analysis, scheduler = goal: MAXIMIZING, scope: SEMIPROPHETIC, history: HISTORY_DEPENDENT, multithreaded = 1, disableBackwardsRefinement = 0
simulating 0 runs after 100000 training runs with parameters:
learning rate                 0.1
discount factor               1
exploration rate              0.15
uniform granularity           0.5
adaptive compartments         5


[2026-04-08 13:22:58.682] [warning] no flow specified for variable c1 in location all_off - assuming flow of 0
[2026-04-08 13:22:58.682] [warning] no flow specified for variable c1 in location v2_on - assuming flow of 0
[2026-04-08 13:22:58.682] [warning] no flow specified for variable c1 in location v1_block - assuming flow of 0
[2026-04-08 13:22:58.682] [warning] no flow specified for variable c1 in location v2_block - assuming flow of 0
[2026-04-08 13:22:58.682] [warning] no flow specified for variable c1 in location v1_block_v2_on - assuming flow of 0
[2026-04-08 13:22:58.682] [warning] no flow specified for variable c1 in location block_safe - assuming flow of 0
[2026-04-08 13:22:58.682] [warning] no flow specified for variable c1 in location block_unsafe - assuming flow of 0
[2026-04-08 13:22:58.682] [warning] no flow specified for variable c2 in location all_off - assuming flow of 0
[2026-04-08 13:22:58.682] [warning] no flow specified for variable c2 in location v1_on - assuming flow of 0
[2026-04-08 13:22:58.682] [warning] no flow specified for variable c2 in location v1_block - assuming flow of 0
[2026-04-08 13:22:58.682] [warning] no flow specified for variable c2 in location v2_block - assuming flow of 0
[2026-04-08 13:22:58.682] [warning] no flow specified for variable c2 in location v2_block_v1_on - assuming flow of 0
[2026-04-08 13:22:58.682] [warning] no flow specified for variable c2 in location block_safe - assuming flow of 0
[2026-04-08 13:22:58.682] [warning] no flow specified for variable c2 in location block_unsafe - assuming flow of 0
[2026-04-08 13:22:58.682] [warning] no constraints specified for variable c1 in initial constraint number 0 - assuming [0,0]
[2026-04-08 13:22:58.682] [warning] no constraints specified for variable c2 in initial constraint number 0 - assuming [0,0]
[2026-04-08 13:22:58.682] [info] 1 Model creation: 0
[2026-04-08 13:22:58.682] [info] 2.0 Creating Unified Datastructure from SAC: 0
[2026-04-08 13:22:59.009] [info] runs 9013 | prob 0.16209919005880394 | low 0.15209923839685108 | high 0.1720991417207568
[2026-04-08 13:22:59.341] [info] runs 9439 | prob 0.17173429388706432 | low 0.16173438092381484 | high 0.1817342068503138
[2026-04-08 13:22:59.668] [info] runs 9385 | prob 0.17048481619605754 | low 0.16048519051957877 | high 0.18048444187253632
[2026-04-08 13:22:59.997] [info] runs 9187 | prob 0.1659954283226298 | low 0.15599562911087347 | high 0.17599522753438615
[2026-04-08 13:23:00.321] [info] runs 9193 | prob 0.16610464483846404 | low 0.15610547616376572 | high 0.17610381351316237
[2026-04-08 13:23:00.644] [info] runs 9120 | prob 0.16447368421052633 | low 0.1544742203210238 | high 0.17447314810002887
[2026-04-08 13:23:00.969] [info] runs 9139 | prob 0.1648976912134807 | low 0.15489829793308246 | high 0.17489708449387892
[2026-04-08 13:23:01.292] [info] runs 9254 | prob 0.16749513723795115 | low 0.15749569900491736 | high 0.17749457547098493
[2026-04-08 13:23:01.616] [info] runs 9214 | prob 0.16659431300195354 | low 0.15659477188480128 | high 0.1765938541191058
[2026-04-08 13:23:01.939] [info] runs 9123 | prob 0.16452921188205635 | low 0.15453003698555848 | high 0.17452838677855423
[2026-04-08 13:23:02.265] [info] runs 9163 | prob 0.16544799738077048 | low 0.15544835486032427 | high 0.1754476399012167
[2026-04-08 13:23:02.590] [info] runs 8961 | prob 0.16091954022988506 | low 0.1509201431365562 | high 0.17091893732321392
[2026-04-08 13:23:02.915] [info] runs 9238 | prob 0.16713574366746048 | low 0.15713623500846075 | high 0.1771352523264602
[2026-04-08 13:23:03.239] [info] runs 8899 | prob 0.1595684908416676 | low 0.1495684911332837 | high 0.16956849055005152
[2026-04-08 13:23:03.564] [info] runs 9044 | prob 0.16275984077841663 | low 0.15276066424508564 | high 0.17275901731174761
[2026-04-08 13:23:03.889] [info] runs 9011 | prob 0.1620241926534236 | low 0.15202499766971383 | high 0.17202338763713337
[2026-04-08 13:23:04.213] [info] runs 9190 | prob 0.1660500544069641 | low 0.1560505700241391 | high 0.1760495387897891
[2026-04-08 13:23:04.537] [info] runs 9547 | prob 0.17419084529171466 | low 0.1641916532994099 | high 0.18419003728401942
[2026-04-08 13:23:04.862] [info] runs 9233 | prob 0.16700963933716018 | low 0.15701044065343886 | high 0.1770088380208815
[2026-04-08 13:23:05.185] [info] runs 9351 | prob 0.1697144690407443 | low 0.1597146992982465 | high 0.1797142387832421
[2026-04-08 13:23:05.508] [info] runs 8843 | prob 0.1583173131290286 | low 0.14831767120913514 | high 0.16831695504892208
[2026-04-08 13:23:05.832] [info] runs 9147 | prob 0.16508144746911554 | low 0.15508196072500022 | high 0.17508093421323087
[2026-04-08 13:23:06.156] [info] runs 9254 | prob 0.16749513723795115 | low 0.15749569900491736 | high 0.17749457547098493
[2026-04-08 13:23:06.480] [info] runs 8972 | prob 0.16116807846633974 | low 0.1511685800766977 | high 0.17116757685598177
[2026-04-08 13:23:06.803] [info] runs 9450 | prob 0.17195767195767195 | low 0.16195843174296068 | high 0.18195691217238322
[2026-04-08 13:23:06.806] [info] RESULT:
training_time, simulation_time, prob, low, high, runs
304, 22, 0.16209919005880394, 0.15209923839685108, 0.1720991417207568, 9013
304, 25, 0.17173429388706432, 0.16173438092381484, 0.1817342068503138, 9439
298, 23, 0.17048481619605754, 0.16048519051957877, 0.18048444187253632, 9385
302, 23, 0.1659954283226298, 0.15599562911087347, 0.17599522753438615, 9187
298, 23, 0.16610464483846404, 0.15610547616376572, 0.17610381351316237, 9193
297, 22, 0.16447368421052633, 0.1544742203210238, 0.17447314810002887, 9120
299, 23, 0.1648976912134807, 0.15489829793308246, 0.17489708449387892, 9139
296, 23, 0.16749513723795115, 0.15749569900491736, 0.17749457547098493, 9254
298, 23, 0.16659431300195354, 0.15659477188480128, 0.1765938541191058, 9214
297, 23, 0.16452921188205635, 0.15453003698555848, 0.17452838677855423, 9123
300, 23, 0.16544799738077048, 0.15544835486032427, 0.1754476399012167, 9163
300, 22, 0.16091954022988506, 0.1509201431365562, 0.17091893732321392, 8961
299, 23, 0.16713574366746048, 0.15713623500846075, 0.1771352523264602, 9238
298, 22, 0.1595684908416676, 0.1495684911332837, 0.16956849055005152, 8899
299, 23, 0.16275984077841663, 0.15276066424508564, 0.17275901731174761, 9044
299, 22, 0.1620241926534236, 0.15202499766971383, 0.17202338763713337, 9011
298, 23, 0.1660500544069641, 0.1560505700241391, 0.1760495387897891, 9190
297, 24, 0.17419084529171466, 0.1641916532994099, 0.18419003728401942, 9547
298, 23, 0.16700963933716018, 0.15701044065343886, 0.1770088380208815, 9233
297, 23, 0.1697144690407443, 0.1597146992982465, 0.1797142387832421, 9351
297, 22, 0.1583173131290286, 0.14831767120913514, 0.16831695504892208, 8843
298, 23, 0.16508144746911554, 0.15508196072500022, 0.17508093421323087, 9147
298, 23, 0.16749513723795115, 0.15749569900491736, 0.17749457547098493, 9254
299, 22, 0.16116807846633974, 0.1511685800766977, 0.17116757685598177, 8972
297, 23, 0.17195767195767195, 0.16195843174296068, 0.18195691217238322, 9450
# timestamp 08.04.2026 13:22:58 (1775647378), datastructure SAC
# timebound 8, expirations {"r1": 0, "r2": 0}
# alpha 0.1, gamma 1
# fixed points 5, uniform granularity 0.5
# scheduler goal: MINIMIZING, scope: SEMIPROPHETIC, history: DISCRETE_HISTORY
# training runs 100000

[2026-04-08 13:23:07.150] [info] runs 16560 | prob 0.47856280193236717 | low 0.46856312045744963 | high 0.4885624834072847
[2026-04-08 13:23:07.496] [info] runs 16558 | prob 0.47795627491242904 | low 0.4679565179847933 | high 0.48795603184006475
[2026-04-08 13:23:07.843] [info] runs 16560 | prob 0.4786231884057971 | low 0.4686234551296977 | high 0.48862292168189647
[2026-04-08 13:23:08.186] [info] runs 16503 | prob 0.46379446161304005 | low 0.45379462657626596 | high 0.47379429664981415
[2026-04-08 13:23:08.528] [info] runs 16537 | prob 0.47179053032593576 | low 0.4617906409246013 | high 0.4817904197272702
[2026-04-08 13:23:08.873] [info] runs 16557 | prob 0.47786434740593103 | low 0.46786436988811825 | high 0.4878643249237438
[2026-04-08 13:23:09.215] [info] runs 16546 | prob 0.47425359603529554 | low 0.464253761349704 | high 0.4842534307208871
[2026-04-08 13:23:09.557] [info] runs 16544 | prob 0.4737669245647969 | low 0.46376699277752553 | high 0.4837668563520683
[2026-04-08 13:23:09.900] [info] runs 16518 | prob 0.4669451507446422 | low 0.4569454728283916 | high 0.47694482866089283
[2026-04-08 13:23:10.244] [info] runs 16544 | prob 0.47370647969052226 | low 0.4637066115775655 | high 0.48370634780347904
[2026-04-08 13:23:10.587] [info] runs 16532 | prob 0.47030002419549966 | low 0.46030035489935534 | high 0.480299693491644
[2026-04-08 13:23:10.930] [info] runs 16544 | prob 0.4735855899419729 | low 0.4635858496185073 | high 0.48358533026543854
[2026-04-08 13:23:11.273] [info] runs 16514 | prob 0.46621048807072785 | low 0.456210585782059 | high 0.4762103903593967
[2026-04-08 13:23:11.617] [info] runs 16530 | prob 0.46993345432546885 | low 0.4599336198522979 | high 0.4799332887986398
[2026-04-08 13:23:11.960] [info] runs 16542 | prob 0.47309877886591706 | low 0.46309895463167383 | high 0.4830986031001603
[2026-04-08 13:23:12.303] [info] runs 16536 | prob 0.4714562167392356 | low 0.4614564056691878 | high 0.4814560278092834
[2026-04-08 13:23:12.647] [info] runs 16551 | prob 0.4757416470303909 | low 0.4657418311290165 | high 0.4857414629317653
[2026-04-08 13:23:12.992] [info] runs 16537 | prob 0.4716091189453952 | low 0.46160943555862444 | high 0.48160880233216596
[2026-04-08 13:23:13.333] [info] runs 16542 | prob 0.47315923104824087 | low 0.4631593416503102 | high 0.48315912044617154
[2026-04-08 13:23:13.674] [info] runs 16532 | prob 0.47048149044277765 | low 0.46048160547195577 | high 0.48048137541359953
[2026-04-08 13:23:14.017] [info] runs 16543 | prob 0.47349332043764736 | low 0.4634933758182283 | high 0.4834932650570664
[2026-04-08 13:23:14.358] [info] runs 16515 | prob 0.4663639115955192 | low 0.45636410423136253 | high 0.4763637189596759
[2026-04-08 13:23:14.700] [info] runs 16534 | prob 0.47102939397604937 | low 0.46102947072831735 | high 0.4810293172237814
[2026-04-08 13:23:15.043] [info] runs 16549 | prob 0.47507402259955284 | low 0.4650742607934895 | high 0.48507378440561616
[2026-04-08 13:23:15.386] [info] runs 16543 | prob 0.4733119748534123 | low 0.4633122237110383 | high 0.4833117259957863
[2026-04-08 13:23:15.388] [info] RESULT:
training_time, simulation_time, prob, low, high, runs
298, 45, 0.47856280193236717, 0.46856312045744963, 0.4885624834072847, 16560
299, 41, 0.47795627491242904, 0.4679565179847933, 0.48795603184006475, 16558
302, 41, 0.4786231884057971, 0.4686234551296977, 0.48862292168189647, 16560
298, 41, 0.46379446161304005, 0.45379462657626596, 0.47379429664981415, 16503
297, 41, 0.47179053032593576, 0.4617906409246013, 0.4817904197272702, 16537
299, 41, 0.47786434740593103, 0.46786436988811825, 0.4878643249237438, 16557
298, 41, 0.47425359603529554, 0.464253761349704, 0.4842534307208871, 16546
298, 41, 0.4737669245647969, 0.46376699277752553, 0.4837668563520683, 16544
298, 41, 0.4669451507446422, 0.4569454728283916, 0.47694482866089283, 16518
298, 41, 0.47370647969052226, 0.4637066115775655, 0.48370634780347904, 16544
299, 41, 0.47030002419549966, 0.46030035489935534, 0.480299693491644, 16532
298, 41, 0.4735855899419729, 0.4635858496185073, 0.48358533026543854, 16544
298, 41, 0.46621048807072785, 0.456210585782059, 0.4762103903593967, 16514
299, 41, 0.46993345432546885, 0.4599336198522979, 0.4799332887986398, 16530
299, 41, 0.47309877886591706, 0.46309895463167383, 0.4830986031001603, 16542
298, 41, 0.4714562167392356, 0.4614564056691878, 0.4814560278092834, 16536
298, 41, 0.4757416470303909, 0.4657418311290165, 0.4857414629317653, 16551
300, 41, 0.4716091189453952, 0.46160943555862444, 0.48160880233216596, 16537
296, 41, 0.47315923104824087, 0.4631593416503102, 0.48315912044617154, 16542
297, 40, 0.47048149044277765, 0.46048160547195577, 0.48048137541359953, 16532
298, 41, 0.47349332043764736, 0.4634933758182283, 0.4834932650570664, 16543
297, 41, 0.4663639115955192, 0.45636410423136253, 0.4763637189596759, 16515
297, 42, 0.47102939397604937, 0.46102947072831735, 0.4810293172237814, 16534
297, 41, 0.47507402259955284, 0.4650742607934895, 0.48507378440561616, 16549
299, 41, 0.4733119748534123, 0.4633122237110383, 0.4833117259957863, 16543
# timestamp 08.04.2026 13:22:58 (1775647378), datastructure SAC
# timebound 8, expirations {"r1": 0, "r2": 0}
# alpha 0.1, gamma 1
# fixed points 5, uniform granularity 0.5
# scheduler goal: MAXIMIZING, scope: SEMIPROPHETIC, history: DISCRETE_HISTORY
# training runs 100000

[2026-04-08 13:23:15.388] [info] 2.1 Simulating on SAC: 16706
[2026-04-08 13:23:15.388] [info] Analysis finished; the goal is not reachable.
[2026-04-08 13:23:15.388] [info] Probability: 0.0
[2026-04-08 13:23:15.388] [info] 2 Analysis: 16706
[2026-04-08 13:23:15.388] [info] 0 Computation Time Complete: 16706
[2026-04-08 13:23:15.388] [info] Counters and timers:
Counters:

Timers:
0 Computation Time Complete: 16706
1 Model creation: 0
2 Analysis: 16706
2.0 Creating Unified Datastructure from SAC: 0
2.1 Simulating on SAC: 16706

