timebound = 9, jump depth = 100, max expirations of random clocks = [{r1: 0}, {r2: 0}], combine absorbing locations in unrolling = 182, integration bound(s) = 9, integration samples = 500000, model = WATERTANK, model case = CASE_A, LTI analysis = rectangular analysis, scheduler = goal: MAXIMIZING, scope: SEMIPROPHETIC, history: HISTORY_DEPENDENT, multithreaded = 1, disableBackwardsRefinement = 0
simulating 0 runs after 100000 training runs with parameters:
learning rate                 0.1
discount factor               1
exploration rate              0.15
uniform granularity           0.5
adaptive compartments         5


[2026-04-08 13:23:15.400] [warning] no flow specified for variable c1 in location all_off - assuming flow of 0
[2026-04-08 13:23:15.400] [warning] no flow specified for variable c1 in location v2_on - assuming flow of 0
[2026-04-08 13:23:15.400] [warning] no flow specified for variable c1 in location v1_block - assuming flow of 0
[2026-04-08 13:23:15.400] [warning] no flow specified for variable c1 in location v2_block - assuming flow of 0
[2026-04-08 13:23:15.400] [warning] no flow specified for variable c1 in location v1_block_v2_on - assuming flow of 0
[2026-04-08 13:23:15.400] [warning] no flow specified for variable c1 in location block_safe - assuming flow of 0
[2026-04-08 13:23:15.400] [warning] no flow specified for variable c1 in location block_unsafe - assuming flow of 0
[2026-04-08 13:23:15.400] [warning] no flow specified for variable c2 in location all_off - assuming flow of 0
[2026-04-08 13:23:15.400] [warning] no flow specified for variable c2 in location v1_on - assuming flow of 0
[2026-04-08 13:23:15.400] [warning] no flow specified for variable c2 in location v1_block - assuming flow of 0
[2026-04-08 13:23:15.400] [warning] no flow specified for variable c2 in location v2_block - assuming flow of 0
[2026-04-08 13:23:15.400] [warning] no flow specified for variable c2 in location v2_block_v1_on - assuming flow of 0
[2026-04-08 13:23:15.400] [warning] no flow specified for variable c2 in location block_safe - assuming flow of 0
[2026-04-08 13:23:15.400] [warning] no flow specified for variable c2 in location block_unsafe - assuming flow of 0
[2026-04-08 13:23:15.400] [warning] no constraints specified for variable c1 in initial constraint number 0 - assuming [0,0]
[2026-04-08 13:23:15.400] [warning] no constraints specified for variable c2 in initial constraint number 0 - assuming [0,0]
[2026-04-08 13:23:15.400] [info] 1 Model creation: 0
[2026-04-08 13:23:15.400] [info] 2.0 Creating Unified Datastructure from SAC: 0
[2026-04-08 13:23:15.807] [info] runs 16303 | prob 0.4342145617371036 | low 0.424214788097719 | high 0.4442143353764882
[2026-04-08 13:23:16.219] [info] runs 16288 | prob 0.4325884086444008 | low 0.42258844274063745 | high 0.44258837454816413
[2026-04-08 13:23:16.630] [info] runs 16203 | prob 0.4236869715484787 | low 0.41368697347642674 | high 0.4336869696205306
[2026-04-08 13:23:17.033] [info] runs 16226 | prob 0.4259829902625416 | low 0.4159830217443842 | high 0.43598295878069904
[2026-04-08 13:23:17.439] [info] runs 16313 | prob 0.43535830319377183 | low 0.42535856039975023 | high 0.44535804598779344
[2026-04-08 13:23:17.844] [info] runs 16291 | prob 0.43287704867718374 | low 0.42287721265358735 | high 0.4428768847007801
[2026-04-08 13:23:18.245] [info] runs 16210 | prob 0.42436767427513883 | low 0.41436771834988534 | high 0.4343676302003923
[2026-04-08 13:23:18.648] [info] runs 16253 | prob 0.4287208515351012 | low 0.41872106842039913 | high 0.43872063464980326
[2026-04-08 13:23:19.053] [info] runs 16237 | prob 0.4270493317731108 | low 0.4170495481722064 | high 0.43704911537401514
[2026-04-08 13:23:19.456] [info] runs 16264 | prob 0.4299680275454993 | low 0.4199680306562653 | high 0.43996802443473326
[2026-04-08 13:23:19.860] [info] runs 16332 | prob 0.4376071516042126 | low 0.4276074216205111 | high 0.4476068815879141
[2026-04-08 13:23:20.264] [info] runs 16316 | prob 0.43576857072811964 | low 0.42576867205599367 | high 0.4457684694002456
[2026-04-08 13:23:20.667] [info] runs 16306 | prob 0.43462529130381455 | low 0.42462534137168584 | high 0.44462524123594327
[2026-04-08 13:23:21.079] [info] runs 16246 | prob 0.42798227255939925 | low 0.41798249663046855 | high 0.43798204848832994
[2026-04-08 13:23:21.531] [info] runs 16326 | prob 0.43691044958961167 | low 0.426910658834581 | high 0.44691024034464233
[2026-04-08 13:23:21.978] [info] runs 16292 | prob 0.4329732383992143 | low 0.42297344647733925 | high 0.44297303032108937
[2026-04-08 13:23:22.432] [info] runs 16235 | prob 0.4268555589775177 | low 0.416855737995366 | high 0.4368553799596694
[2026-04-08 13:23:22.872] [info] runs 16275 | prob 0.4310906298003072 | low 0.4210908325396013 | high 0.44109042706101315
[2026-04-08 13:23:23.276] [info] runs 16337 | prob 0.43826896002938115 | low 0.42826909191773854 | high 0.44826882814102376
[2026-04-08 13:23:23.686] [info] runs 16232 | prob 0.42656481025135534 | low 0.41656493632725194 | high 0.43656468417545874
[2026-04-08 13:23:24.091] [info] runs 16338 | prob 0.4383033419023136 | low 0.42830369364322285 | high 0.4483029901614044
[2026-04-08 13:23:24.495] [info] runs 16293 | prob 0.4331307923648193 | low 0.4231308777153213 | high 0.4431307070143172
[2026-04-08 13:23:24.903] [info] runs 16252 | prob 0.4286857002215112 | low 0.41868571179173214 | high 0.43868568865129026
[2026-04-08 13:23:25.307] [info] runs 16264 | prob 0.4298450565666503 | low 0.41984541136111586 | high 0.4398447017721847
[2026-04-08 13:23:25.713] [info] runs 16273 | prob 0.4308978061820193 | low 0.4208979370177136 | high 0.44089767534632496
[2026-04-08 13:23:25.722] [info] RESULT:
training_time, simulation_time, prob, low, high, runs
359, 47, 0.4342145617371036, 0.424214788097719, 0.4442143353764882, 16303
358, 48, 0.4325884086444008, 0.42258844274063745, 0.44258837454816413, 16288
353, 48, 0.4236869715484787, 0.41368697347642674, 0.4336869696205306, 16203
345, 47, 0.4259829902625416, 0.4159830217443842, 0.43598295878069904, 16226
348, 48, 0.43535830319377183, 0.42535856039975023, 0.44535804598779344, 16313
347, 48, 0.43287704867718374, 0.42287721265358735, 0.4428768847007801, 16291
344, 47, 0.42436767427513883, 0.41436771834988534, 0.4343676302003923, 16210
346, 48, 0.4287208515351012, 0.41872106842039913, 0.43872063464980326, 16253
347, 48, 0.4270493317731108, 0.4170495481722064, 0.43704911537401514, 16237
347, 48, 0.4299680275454993, 0.4199680306562653, 0.43996802443473326, 16264
345, 48, 0.4376071516042126, 0.4276074216205111, 0.4476068815879141, 16332
347, 47, 0.43576857072811964, 0.42576867205599367, 0.4457684694002456, 16316
345, 48, 0.43462529130381455, 0.42462534137168584, 0.44462524123594327, 16306
351, 50, 0.42798227255939925, 0.41798249663046855, 0.43798204848832994, 16246
378, 59, 0.43691044958961167, 0.426910658834581, 0.44691024034464233, 16326
375, 52, 0.4329732383992143, 0.42297344647733925, 0.44297303032108937, 16292
386, 54, 0.4268555589775177, 0.416855737995366, 0.4368553799596694, 16235
372, 48, 0.4310906298003072, 0.4210908325396013, 0.44109042706101315, 16275
346, 48, 0.43826896002938115, 0.42826909191773854, 0.44826882814102376, 16337
353, 48, 0.42656481025135534, 0.41656493632725194, 0.43656468417545874, 16232
346, 48, 0.4383033419023136, 0.42830369364322285, 0.4483029901614044, 16338
346, 48, 0.4331307923648193, 0.4231308777153213, 0.4431307070143172, 16293
350, 48, 0.4286857002215112, 0.41868571179173214, 0.43868568865129026, 16252
347, 48, 0.4298450565666503, 0.41984541136111586, 0.4398447017721847, 16264
348, 48, 0.4308978061820193, 0.4208979370177136, 0.44089767534632496, 16273
# timestamp 08.04.2026 13:23:15 (1775647395), datastructure SAC
# timebound 9, expirations {"r1": 0, "r2": 0}
# alpha 0.1, gamma 1
# fixed points 5, uniform granularity 0.5
# scheduler goal: MINIMIZING, scope: SEMIPROPHETIC, history: DISCRETE_HISTORY
# training runs 100000

[2026-04-08 13:23:26.116] [info] runs 16466 | prob 0.5432406170290295 | low 0.5332408090889126 | high 0.5532404249691464
[2026-04-08 13:23:26.519] [info] runs 16470 | prob 0.5425015179113539 | low 0.5325016476225154 | high 0.5525013882001925
[2026-04-08 13:23:26.922] [info] runs 16500 | prob 0.5369090909090909 | low 0.5269093811906077 | high 0.5469088006275741
[2026-04-08 13:23:27.322] [info] runs 16485 | prob 0.5397634212920838 | low 0.5297635669477881 | high 0.5497632756363794
[2026-04-08 13:23:27.728] [info] runs 16493 | prob 0.5381677075122779 | low 0.5281677767093325 | high 0.5481676383152234
[2026-04-08 13:23:28.127] [info] runs 16503 | prob 0.53620553838696 | low 0.5262057033501858 | high 0.5462053734237341
[2026-04-08 13:23:28.526] [info] runs 16468 | prob 0.542871022589264 | low 0.532871180641896 | high 0.552870864536632
[2026-04-08 13:23:28.926] [info] runs 16458 | prob 0.5445983716125896 | low 0.5345985376619236 | high 0.5545982055632557
[2026-04-08 13:23:29.328] [info] runs 16444 | prob 0.5469472147895889 | low 0.5369474626709598 | high 0.5569469669082179
[2026-04-08 13:23:29.728] [info] runs 16501 | prob 0.5366341433852494 | low 0.5266343300805303 | high 0.5466339566899685
[2026-04-08 13:23:30.129] [info] runs 16462 | prob 0.5439800753249909 | low 0.5339803524214995 | high 0.5539797982284823
[2026-04-08 13:23:30.528] [info] runs 16451 | prob 0.5457419001884384 | low 0.5357420222983214 | high 0.5557417780785554
[2026-04-08 13:23:30.929] [info] runs 16510 | prob 0.5348273773470624 | low 0.5248276948547338 | high 0.5448270598393911
[2026-04-08 13:23:31.331] [info] runs 16483 | prob 0.5402535946126312 | low 0.5302539231143922 | high 0.5502532661108702
[2026-04-08 13:23:31.731] [info] runs 16457 | prob 0.5448137570638634 | low 0.5348140075640382 | high 0.5548135065636886
[2026-04-08 13:23:32.133] [info] runs 16492 | prob 0.538442881397041 | low 0.5284430715383219 | high 0.5484426912557601
[2026-04-08 13:23:32.532] [info] runs 16492 | prob 0.538442881397041 | low 0.5284430715383219 | high 0.5484426912557601
[2026-04-08 13:23:32.933] [info] runs 16454 | prob 0.545338519508934 | low 0.535338812382424 | high 0.555338226635444
[2026-04-08 13:23:33.333] [info] runs 16450 | prob 0.5460182370820669 | low 0.5360185666856891 | high 0.5560179074784446
[2026-04-08 13:23:33.733] [info] runs 16466 | prob 0.5432406170290295 | low 0.5332408090889126 | high 0.5532404249691464
[2026-04-08 13:23:34.148] [info] runs 16467 | prob 0.5431468998603267 | low 0.533147232425989 | high 0.5531465672946644
[2026-04-08 13:23:34.548] [info] runs 16474 | prob 0.5417627777103314 | low 0.5317628677112051 | high 0.5517626877094578
[2026-04-08 13:23:34.947] [info] runs 16466 | prob 0.543179885825337 | low 0.5331799721284124 | high 0.5531797995222617
[2026-04-08 13:23:35.346] [info] runs 16496 | prob 0.5375848690591658 | low 0.5275849595230232 | high 0.5475847785953084
[2026-04-08 13:23:35.748] [info] runs 16472 | prob 0.5421928120446818 | low 0.5321930221913534 | high 0.5521926018980102
[2026-04-08 13:23:35.759] [info] RESULT:
training_time, simulation_time, prob, low, high, runs
346, 47, 0.5432406170290295, 0.5332408090889126, 0.5532404249691464, 16466
343, 47, 0.5425015179113539, 0.5325016476225154, 0.5525013882001925, 16470
343, 46, 0.5369090909090909, 0.5269093811906077, 0.5469088006275741, 16500
343, 46, 0.5397634212920838, 0.5297635669477881, 0.5497632756363794, 16485
348, 46, 0.5381677075122779, 0.5281677767093325, 0.5481676383152234, 16493
341, 46, 0.53620553838696, 0.5262057033501858, 0.5462053734237341, 16503
342, 46, 0.542871022589264, 0.532871180641896, 0.552870864536632, 16468
341, 46, 0.5445983716125896, 0.5345985376619236, 0.5545982055632557, 16458
343, 46, 0.5469472147895889, 0.5369474626709598, 0.5569469669082179, 16444
342, 46, 0.5366341433852494, 0.5266343300805303, 0.5466339566899685, 16501
342, 46, 0.5439800753249909, 0.5339803524214995, 0.5539797982284823, 16462
342, 45, 0.5457419001884384, 0.5357420222983214, 0.5557417780785554, 16451
343, 47, 0.5348273773470624, 0.5248276948547338, 0.5448270598393911, 16510
343, 46, 0.5402535946126312, 0.5302539231143922, 0.5502532661108702, 16483
344, 46, 0.5448137570638634, 0.5348140075640382, 0.5548135065636886, 16457
343, 46, 0.538442881397041, 0.5284430715383219, 0.5484426912557601, 16492
341, 46, 0.538442881397041, 0.5284430715383219, 0.5484426912557601, 16492
342, 46, 0.545338519508934, 0.535338812382424, 0.555338226635444, 16454
343, 46, 0.5460182370820669, 0.5360185666856891, 0.5560179074784446, 16450
342, 46, 0.5432406170290295, 0.5332408090889126, 0.5532404249691464, 16466
358, 45, 0.5431468998603267, 0.533147232425989, 0.5531465672946644, 16467
341, 46, 0.5417627777103314, 0.5317628677112051, 0.5517626877094578, 16474
341, 46, 0.543179885825337, 0.5331799721284124, 0.5531797995222617, 16466
342, 46, 0.5375848690591658, 0.5275849595230232, 0.5475847785953084, 16496
344, 45, 0.5421928120446818, 0.5321930221913534, 0.5521926018980102, 16472
# timestamp 08.04.2026 13:23:15 (1775647395), datastructure SAC
# timebound 9, expirations {"r1": 0, "r2": 0}
# alpha 0.1, gamma 1
# fixed points 5, uniform granularity 0.5
# scheduler goal: MAXIMIZING, scope: SEMIPROPHETIC, history: DISCRETE_HISTORY
# training runs 100000

[2026-04-08 13:23:35.759] [info] 2.1 Simulating on SAC: 20358
[2026-04-08 13:23:35.759] [info] Analysis finished; the goal is not reachable.
[2026-04-08 13:23:35.759] [info] Probability: 0.0
[2026-04-08 13:23:35.759] [info] 2 Analysis: 20358
[2026-04-08 13:23:35.759] [info] 0 Computation Time Complete: 20359
[2026-04-08 13:23:35.759] [info] Counters and timers:
Counters:

Timers:
0 Computation Time Complete: 20359
1 Model creation: 0
2 Analysis: 20358
2.0 Creating Unified Datastructure from SAC: 0
2.1 Simulating on SAC: 20358

timebound = 9, jump depth = 100, max expirations of random clocks = [{r1: 0}, {r2: 0}], combine absorbing locations in unrolling = 73, integration bound(s) = 9, integration samples = 500000, model = WATERTANK, model case = CASE_E, LTI analysis = rectangular analysis, scheduler = goal: MAXIMIZING, scope: SEMIPROPHETIC, history: HISTORY_DEPENDENT, multithreaded = 1, disableBackwardsRefinement = 0
simulating 0 runs after 100000 training runs with parameters:
learning rate                 0.1
discount factor               1
exploration rate              0.15
uniform granularity           0.5
adaptive compartments         5


[2026-04-14 20:32:18.480] [warning] no flow specified for variable c1 in location all_off - assuming flow of 0
[2026-04-14 20:32:18.480] [warning] no flow specified for variable c1 in location v2_on - assuming flow of 0
[2026-04-14 20:32:18.480] [warning] no flow specified for variable c1 in location v1_block - assuming flow of 0
[2026-04-14 20:32:18.480] [warning] no flow specified for variable c1 in location v2_block - assuming flow of 0
[2026-04-14 20:32:18.480] [warning] no flow specified for variable c1 in location v1_block_v2_on - assuming flow of 0
[2026-04-14 20:32:18.480] [warning] no flow specified for variable c1 in location block_safe - assuming flow of 0
[2026-04-14 20:32:18.480] [warning] no flow specified for variable c1 in location block_unsafe - assuming flow of 0
[2026-04-14 20:32:18.480] [warning] no flow specified for variable c2 in location all_off - assuming flow of 0
[2026-04-14 20:32:18.480] [warning] no flow specified for variable c2 in location v1_on - assuming flow of 0
[2026-04-14 20:32:18.480] [warning] no flow specified for variable c2 in location v1_block - assuming flow of 0
[2026-04-14 20:32:18.480] [warning] no flow specified for variable c2 in location v2_block - assuming flow of 0
[2026-04-14 20:32:18.480] [warning] no flow specified for variable c2 in location v2_block_v1_on - assuming flow of 0
[2026-04-14 20:32:18.480] [warning] no flow specified for variable c2 in location block_safe - assuming flow of 0
[2026-04-14 20:32:18.480] [warning] no flow specified for variable c2 in location block_unsafe - assuming flow of 0
[2026-04-14 20:32:18.480] [warning] no constraints specified for variable c1 in initial constraint number 0 - assuming [0,0]
[2026-04-14 20:32:18.480] [warning] no constraints specified for variable c2 in initial constraint number 0 - assuming [0,0]
[2026-04-14 20:32:18.480] [info] 1 Model creation: 0
[2026-04-14 20:32:18.481] [info] 2.0 Creating Unified Datastructure from SAC: 0
[2026-04-14 20:32:18.913] [info] runs 16474 | prob 0.4581765205778803 | low 0.44817671276786103 | high 0.4681763283878995
[2026-04-14 20:32:19.382] [info] runs 16425 | prob 0.4501674277016743 | low 0.4401675328003753 | high 0.46016732260297327
[2026-04-14 20:32:19.850] [info] runs 16439 | prob 0.45221728815621387 | low 0.44221761275894983 | high 0.4622169635534779
[2026-04-14 20:32:20.320] [info] runs 16448 | prob 0.4537329766536965 | low 0.4437331614517651 | high 0.4637327918556279
[2026-04-14 20:32:20.758] [info] runs 16451 | prob 0.4542580998115616 | low 0.44425822192144454 | high 0.4642579777016787
[2026-04-14 20:32:21.183] [info] runs 16459 | prob 0.4555562306336958 | low 0.4455564229543051 | high 0.46555603831308656
[2026-04-14 20:32:21.610] [info] runs 16432 | prob 0.45119279454722494 | low 0.4411929873721304 | high 0.46119260172231946
[2026-04-14 20:32:22.030] [info] runs 16437 | prob 0.45196812070329134 | low 0.4419683188644674 | high 0.4619679225421153
[2026-04-14 20:32:22.450] [info] runs 16443 | prob 0.4528978896794989 | low 0.4428981274461343 | high 0.4628976519128635
[2026-04-14 20:32:22.873] [info] runs 16400 | prob 0.44646341463414635 | low 0.436463644012915 | high 0.4564631852553777
[2026-04-14 20:32:23.294] [info] runs 16401 | prob 0.44661910859093956 | low 0.43661930606120947 | high 0.45661891112066966
[2026-04-14 20:32:23.715] [info] runs 16428 | prob 0.45057219381543706 | low 0.44057240053047997 | high 0.46057198710039415
[2026-04-14 20:32:24.136] [info] runs 16465 | prob 0.4566656544184634 | low 0.4466657063313295 | high 0.4666656025055973
[2026-04-14 20:32:24.559] [info] runs 16442 | prob 0.4528037951587398 | low 0.44280390788880747 | high 0.46280368242867215
[2026-04-14 20:32:24.975] [info] runs 16453 | prob 0.45456755606880206 | low 0.4445677169873671 | high 0.46456739515023704
[2026-04-14 20:32:25.396] [info] runs 16410 | prob 0.44783668494820233 | low 0.4378370262775823 | high 0.45783634361882236
[2026-04-14 20:32:25.817] [info] runs 16410 | prob 0.44783668494820233 | low 0.4378370262775823 | high 0.45783634361882236
[2026-04-14 20:32:26.238] [info] runs 16425 | prob 0.4501674277016743 | low 0.4401675328003753 | high 0.46016732260297327
[2026-04-14 20:32:26.659] [info] runs 16424 | prob 0.44995129079396007 | low 0.43995152757855227 | high 0.45995105400936787
[2026-04-14 20:32:27.083] [info] runs 16393 | prob 0.4454340267187214 | low 0.43543437340011953 | high 0.45543368003732326
[2026-04-14 20:32:27.503] [info] runs 16461 | prob 0.45592612842476155 | low 0.4459262682584571 | high 0.465925988591066
[2026-04-14 20:32:27.925] [info] runs 16389 | prob 0.4449325767282934 | low 0.4349328161209802 | high 0.45493233733560656
[2026-04-14 20:32:28.344] [info] runs 16454 | prob 0.45478303148170657 | low 0.44478310239688806 | high 0.46478296056652507
[2026-04-14 20:32:28.763] [info] runs 16427 | prob 0.4503561210202715 | low 0.44035645574198606 | high 0.46035578629855695
[2026-04-14 20:32:29.185] [info] runs 16425 | prob 0.4500456621004566 | low 0.4400460126499456 | high 0.4600453115509676
[2026-04-14 20:32:29.204] [info] RESULT:
training_time, simulation_time, prob, low, high, runs
383, 48, 0.4581765205778803, 0.44817671276786103, 0.4681763283878995, 16474
409, 51, 0.4501674277016743, 0.4401675328003753, 0.46016732260297327, 16425
392, 51, 0.45221728815621387, 0.44221761275894983, 0.4622169635534779, 16439
392, 52, 0.4537329766536965, 0.4437331614517651, 0.4637327918556279, 16448
360, 48, 0.4542580998115616, 0.44425822192144454, 0.4642579777016787, 16451
358, 47, 0.4555562306336958, 0.4455564229543051, 0.46555603831308656, 16459
360, 47, 0.45119279454722494, 0.4411929873721304, 0.46119260172231946, 16432
353, 47, 0.45196812070329134, 0.4419683188644674, 0.4619679225421153, 16437
353, 47, 0.4528978896794989, 0.4428981274461343, 0.4628976519128635, 16443
356, 47, 0.44646341463414635, 0.436463644012915, 0.4564631852553777, 16400
355, 46, 0.44661910859093956, 0.43661930606120947, 0.45661891112066966, 16401
355, 47, 0.45057219381543706, 0.44057240053047997, 0.46057198710039415, 16428
354, 47, 0.4566656544184634, 0.4466657063313295, 0.4666656025055973, 16465
356, 47, 0.4528037951587398, 0.44280390788880747, 0.46280368242867215, 16442
353, 47, 0.45456755606880206, 0.4445677169873671, 0.46456739515023704, 16453
354, 47, 0.44783668494820233, 0.4378370262775823, 0.45783634361882236, 16410
354, 46, 0.44783668494820233, 0.4378370262775823, 0.45783634361882236, 16410
355, 47, 0.4501674277016743, 0.4401675328003753, 0.46016732260297327, 16425
355, 47, 0.44995129079396007, 0.43995152757855227, 0.45995105400936787, 16424
356, 49, 0.4454340267187214, 0.43543437340011953, 0.45543368003732326, 16393
353, 47, 0.45592612842476155, 0.4459262682584571, 0.465925988591066, 16461
352, 46, 0.4449325767282934, 0.4349328161209802, 0.45493233733560656, 16389
352, 46, 0.45478303148170657, 0.44478310239688806, 0.46478296056652507, 16454
352, 47, 0.4503561210202715, 0.44035645574198606, 0.46035578629855695, 16427
355, 47, 0.4500456621004566, 0.4400460126499456, 0.4600453115509676, 16425
# timestamp 14.04.2026 20:32:18 (1776191538), datastructure SAC
# timebound 9, expirations {"r1": 0, "r2": 0}
# alpha 0.1, gamma 1
# fixed points 5, uniform granularity 0.5
# scheduler goal: MINIMIZING, scope: SEMIPROPHETIC, history: DISCRETE_HISTORY
# training runs 100000

[2026-04-14 20:32:29.598] [info] runs 15039 | prob 0.6529024536205865 | low 0.6429027690420542 | high 0.6629021381991188
[2026-04-14 20:32:30.009] [info] runs 15070 | prob 0.6513603185136032 | low 0.6413605881587927 | high 0.6613600488684137
[2026-04-14 20:32:30.419] [info] runs 15106 | prob 0.6495432278564809 | low 0.639543403394912 | high 0.6595430523180498
[2026-04-14 20:32:30.828] [info] runs 15179 | prob 0.6458264707820014 | low 0.635826695314258 | high 0.6558262462497448
[2026-04-14 20:32:31.232] [info] runs 15168 | prob 0.6463607594936709 | low 0.636360772973534 | high 0.6563607460138078
[2026-04-14 20:32:31.639] [info] runs 15035 | prob 0.6530761556368474 | low 0.6430763137907554 | high 0.6630759974829394
[2026-04-14 20:32:32.051] [info] runs 15219 | prob 0.6437348051777384 | low 0.6337349665006409 | high 0.6537346438548359
[2026-04-14 20:32:32.461] [info] runs 15091 | prob 0.6503213836061229 | low 0.640321719687174 | high 0.6603210475250718
[2026-04-14 20:32:32.868] [info] runs 15095 | prob 0.6500828088771117 | low 0.6400828945212391 | high 0.6600827232329842
[2026-04-14 20:32:33.280] [info] runs 15034 | prob 0.6531195955833444 | low 0.6431197147133733 | high 0.6631194764533156
[2026-04-14 20:32:33.693] [info] runs 15272 | prob 0.6409769512833945 | low 0.6309774055085325 | high 0.6509764970582564
[2026-04-14 20:32:34.107] [info] runs 15049 | prob 0.6524021529669746 | low 0.6424024230728824 | high 0.6624018828610667
[2026-04-14 20:32:34.520] [info] runs 15150 | prob 0.6473267326732673 | low 0.6373270185541912 | high 0.6573264467923435
[2026-04-14 20:32:34.931] [info] runs 15151 | prob 0.6472840076562603 | low 0.6372843478855239 | high 0.6572836674269966
[2026-04-14 20:32:35.340] [info] runs 15080 | prob 0.6508620689655172 | low 0.6408623409865515 | high 0.660861796944483
[2026-04-14 20:32:35.748] [info] runs 15161 | prob 0.6467251500560649 | low 0.6367251921876903 | high 0.6567251079244395
[2026-04-14 20:32:36.158] [info] runs 15189 | prob 0.6453354401211403 | low 0.6353358333399272 | high 0.6553350469023534
[2026-04-14 20:32:36.562] [info] runs 14956 | prob 0.6569269858250869 | low 0.6469272169831711 | high 0.6669267546670027
[2026-04-14 20:32:36.966] [info] runs 15214 | prob 0.6440120941238333 | low 0.6340123523276033 | high 0.6540118359200633
[2026-04-14 20:32:37.377] [info] runs 15121 | prob 0.6487666159645527 | low 0.6387666679338966 | high 0.6587665639952087
[2026-04-14 20:32:37.786] [info] runs 15016 | prob 0.654035695258391 | low 0.644036038320744 | high 0.664035352196038
[2026-04-14 20:32:38.191] [info] runs 15100 | prob 0.6498675496688742 | low 0.6398678722012062 | high 0.6598672271365421
[2026-04-14 20:32:38.598] [info] runs 15261 | prob 0.6415044885656248 | low 0.6315045789773354 | high 0.6515043981539143
[2026-04-14 20:32:39.007] [info] runs 15087 | prob 0.6504938026115199 | low 0.6404939537597751 | high 0.6604936514632647
[2026-04-14 20:32:39.415] [info] runs 15140 | prob 0.6478203434610303 | low 0.6378205197246736 | high 0.6578201671973871
[2026-04-14 20:32:39.435] [info] RESULT:
training_time, simulation_time, prob, low, high, runs
354, 40, 0.6529024536205865, 0.6429027690420542, 0.6629021381991188, 15039
349, 40, 0.6513603185136032, 0.6413605881587927, 0.6613600488684137, 15070
345, 41, 0.6495432278564809, 0.639543403394912, 0.6595430523180498, 15106
345, 41, 0.6458264707820014, 0.635826695314258, 0.6558262462497448, 15179
345, 41, 0.6463607594936709, 0.636360772973534, 0.6563607460138078, 15168
346, 39, 0.6530761556368474, 0.6430763137907554, 0.6630759974829394, 15035
348, 41, 0.6437348051777384, 0.6337349665006409, 0.6537346438548359, 15219
348, 41, 0.6503213836061229, 0.640321719687174, 0.6603210475250718, 15091
346, 40, 0.6500828088771117, 0.6400828945212391, 0.6600827232329842, 15095
352, 39, 0.6531195955833444, 0.6431197147133733, 0.6631194764533156, 15034
350, 42, 0.6409769512833945, 0.6309774055085325, 0.6509764970582564, 15272
351, 41, 0.6524021529669746, 0.6424024230728824, 0.6624018828610667, 15049
349, 41, 0.6473267326732673, 0.6373270185541912, 0.6573264467923435, 15150
348, 40, 0.6472840076562603, 0.6372843478855239, 0.6572836674269966, 15151
347, 41, 0.6508620689655172, 0.6408623409865515, 0.660861796944483, 15080
344, 41, 0.6467251500560649, 0.6367251921876903, 0.6567251079244395, 15161
347, 41, 0.6453354401211403, 0.6353358333399272, 0.6553350469023534, 15189
344, 42, 0.6569269858250869, 0.6469272169831711, 0.6669267546670027, 14956
345, 41, 0.6440120941238333, 0.6340123523276033, 0.6540118359200633, 15214
346, 40, 0.6487666159645527, 0.6387666679338966, 0.6587665639952087, 15121
347, 40, 0.654035695258391, 0.644036038320744, 0.664035352196038, 15016
344, 40, 0.6498675496688742, 0.6398678722012062, 0.6598672271365421, 15100
346, 40, 0.6415044885656248, 0.6315045789773354, 0.6515043981539143, 15261
348, 40, 0.6504938026115199, 0.6404939537597751, 0.6604936514632647, 15087
347, 40, 0.6478203434610303, 0.6378205197246736, 0.6578201671973871, 15140
# timestamp 14.04.2026 20:32:18 (1776191538), datastructure SAC
# timebound 9, expirations {"r1": 0, "r2": 0}
# alpha 0.1, gamma 1
# fixed points 5, uniform granularity 0.5
# scheduler goal: MAXIMIZING, scope: SEMIPROPHETIC, history: DISCRETE_HISTORY
# training runs 100000

[2026-04-14 20:32:39.435] [info] 2.1 Simulating on SAC: 20954
[2026-04-14 20:32:39.435] [info] Analysis finished; the goal is not reachable.
[2026-04-14 20:32:39.435] [info] Probability: 0.0
[2026-04-14 20:32:39.435] [info] 2 Analysis: 20954
[2026-04-14 20:32:39.435] [info] 0 Computation Time Complete: 20955
[2026-04-14 20:32:39.435] [info] Counters and timers:
Counters:

Timers:
0 Computation Time Complete: 20955
1 Model creation: 0
2 Analysis: 20954
2.0 Creating Unified Datastructure from SAC: 0
2.1 Simulating on SAC: 20954

timebound = 9, jump depth = 100, max expirations of random clocks = [{r1: 0}, {r2: 0}], combine absorbing locations in unrolling = 101, integration bound(s) = 9, integration samples = 500000, model = WATERTANK, model case = CASE_E, LTI analysis = rectangular analysis, scheduler = goal: MAXIMIZING, scope: SEMIPROPHETIC, history: HISTORY_DEPENDENT, multithreaded = 1, disableBackwardsRefinement = 0
simulating 0 runs after 1000000 training runs with parameters:
learning rate                 0.1
discount factor               1
exploration rate              0.15
uniform granularity           0.5
adaptive compartments         5


[2026-04-14 21:17:43.791] [warning] no flow specified for variable c1 in location all_off - assuming flow of 0
[2026-04-14 21:17:43.791] [warning] no flow specified for variable c1 in location v2_on - assuming flow of 0
[2026-04-14 21:17:43.791] [warning] no flow specified for variable c1 in location v1_block - assuming flow of 0
[2026-04-14 21:17:43.791] [warning] no flow specified for variable c1 in location v2_block - assuming flow of 0
[2026-04-14 21:17:43.791] [warning] no flow specified for variable c1 in location v1_block_v2_on - assuming flow of 0
[2026-04-14 21:17:43.791] [warning] no flow specified for variable c1 in location block_safe - assuming flow of 0
[2026-04-14 21:17:43.791] [warning] no flow specified for variable c1 in location block_unsafe - assuming flow of 0
[2026-04-14 21:17:43.791] [warning] no flow specified for variable c2 in location all_off - assuming flow of 0
[2026-04-14 21:17:43.791] [warning] no flow specified for variable c2 in location v1_on - assuming flow of 0
[2026-04-14 21:17:43.791] [warning] no flow specified for variable c2 in location v1_block - assuming flow of 0
[2026-04-14 21:17:43.791] [warning] no flow specified for variable c2 in location v2_block - assuming flow of 0
[2026-04-14 21:17:43.791] [warning] no flow specified for variable c2 in location v2_block_v1_on - assuming flow of 0
[2026-04-14 21:17:43.791] [warning] no flow specified for variable c2 in location block_safe - assuming flow of 0
[2026-04-14 21:17:43.791] [warning] no flow specified for variable c2 in location block_unsafe - assuming flow of 0
[2026-04-14 21:17:43.791] [warning] no constraints specified for variable c1 in initial constraint number 0 - assuming [0,0]
[2026-04-14 21:17:43.791] [warning] no constraints specified for variable c2 in initial constraint number 0 - assuming [0,0]
[2026-04-14 21:17:43.791] [info] 1 Model creation: 0
[2026-04-14 21:17:43.792] [info] 2.0 Creating Unified Datastructure from SAC: 0
[2026-04-14 21:17:47.180] [info] runs 16213 | prob 0.424597545179794 | low 0.41459780394093315 | high 0.4345972864186548
[2026-04-14 21:17:50.518] [info] runs 16200 | prob 0.4232716049382716 | low 0.4132719828767481 | high 0.4332712269997951
[2026-04-14 21:17:53.871] [info] runs 16342 | prob 0.4389303634806021 | low 0.42893037611658025 | high 0.44893035084462396
[2026-04-14 21:17:57.234] [info] runs 16238 | prob 0.42720778420987804 | low 0.4172078366506356 | high 0.4372077317691205
[2026-04-14 21:18:00.557] [info] runs 16271 | prob 0.4307049351607154 | low 0.42070499572596853 | high 0.44070487459546226
[2026-04-14 21:18:03.847] [info] runs 16164 | prob 0.41988369215540705 | low 0.4098838423143362 | high 0.4298835419964779
[2026-04-14 21:18:07.184] [info] runs 16264 | prob 0.4299680275454993 | low 0.4199680306562653 | high 0.43996802443473326
[2026-04-14 21:18:10.491] [info] runs 16250 | prob 0.4284307692307692 | low 0.4184309091451111 | high 0.43843062931642734
[2026-04-14 21:18:13.783] [info] runs 16227 | prob 0.4260183644543046 | low 0.4160185970199533 | high 0.43601813188865585
[2026-04-14 21:18:17.106] [info] runs 16171 | prob 0.4205676828891225 | low 0.41056775827816494 | high 0.43056760750008005
[2026-04-14 21:18:20.413] [info] runs 16212 | prob 0.4245620528003948 | low 0.41456211272733956 | high 0.43456199287345
[2026-04-14 21:18:23.741] [info] runs 16224 | prob 0.42578895463510846 | low 0.4157889579373156 | high 0.43578895133290135
[2026-04-14 21:18:27.074] [info] runs 16251 | prob 0.4285274752322934 | low 0.41852764039019724 | high 0.43852731007438955
[2026-04-14 21:18:30.408] [info] runs 16313 | prob 0.43541960399681234 | low 0.4254197000868574 | high 0.44541950790676726
[2026-04-14 21:18:33.695] [info] runs 16295 | prob 0.4333844737649586 | low 0.42338448330042217 | high 0.443384464229495
[2026-04-14 21:18:37.022] [info] runs 16254 | prob 0.4288790451581149 | low 0.4188791098108695 | high 0.43887898050536034
[2026-04-14 21:18:40.351] [info] runs 16258 | prob 0.4292655923237791 | low 0.41926576809267846 | high 0.4392654165548797
[2026-04-14 21:18:43.638] [info] runs 16244 | prob 0.4277271607978331 | low 0.4177275211488677 | high 0.43772680044679846
[2026-04-14 21:18:46.940] [info] runs 16254 | prob 0.4288790451581149 | low 0.4188791098108695 | high 0.43887898050536034
[2026-04-14 21:18:50.249] [info] runs 16256 | prob 0.429072342519685 | low 0.4190724619059187 | high 0.43907222313345134
[2026-04-14 21:18:53.516] [info] runs 16226 | prob 0.4259829902625416 | low 0.4159830217443842 | high 0.43598295878069904
[2026-04-14 21:18:56.825] [info] runs 16252 | prob 0.42856263844449916 | low 0.41856300866200863 | high 0.4385622682269897
[2026-04-14 21:19:00.103] [info] runs 16242 | prob 0.42753355498091367 | low 0.41753387212326437 | high 0.43753323783856296
[2026-04-14 21:19:03.421] [info] runs 16302 | prob 0.4341798552324868 | low 0.42417986785572137 | high 0.44417984260925225
[2026-04-14 21:19:06.780] [info] runs 16314 | prob 0.43545421110702465 | low 0.4254545227981661 | high 0.4454538994158832
[2026-04-14 21:19:06.794] [info] RESULT:
training_time, simulation_time, prob, low, high, runs
3342, 45, 0.424597545179794, 0.41459780394093315, 0.4345972864186548, 16213
3284, 44, 0.4232716049382716, 0.4132719828767481, 0.4332712269997951, 16200
3292, 44, 0.4389303634806021, 0.42893037611658025, 0.44893035084462396, 16342
3301, 43, 0.42720778420987804, 0.4172078366506356, 0.4372077317691205, 16238
3262, 43, 0.4307049351607154, 0.42070499572596853, 0.44070487459546226, 16271
3229, 44, 0.41988369215540705, 0.4098838423143362, 0.4298835419964779, 16164
3275, 44, 0.4299680275454993, 0.4199680306562653, 0.43996802443473326, 16264
3246, 43, 0.4284307692307692, 0.4184309091451111, 0.43843062931642734, 16250
3231, 43, 0.4260183644543046, 0.4160185970199533, 0.43601813188865585, 16227
3265, 43, 0.4205676828891225, 0.41056775827816494, 0.43056760750008005, 16171
3245, 43, 0.4245620528003948, 0.41456211272733956, 0.43456199287345, 16212
3266, 44, 0.42578895463510846, 0.4157889579373156, 0.43578895133290135, 16224
3270, 44, 0.4285274752322934, 0.41852764039019724, 0.43852731007438955, 16251
3273, 44, 0.43541960399681234, 0.4254197000868574, 0.44541950790676726, 16313
3225, 43, 0.4333844737649586, 0.42338448330042217, 0.443384464229495, 16295
3267, 44, 0.4288790451581149, 0.4188791098108695, 0.43887898050536034, 16254
3269, 43, 0.4292655923237791, 0.41926576809267846, 0.4392654165548797, 16258
3226, 43, 0.4277271607978331, 0.4177275211488677, 0.43772680044679846, 16244
3242, 43, 0.4288790451581149, 0.4188791098108695, 0.43887898050536034, 16254
3245, 46, 0.429072342519685, 0.4190724619059187, 0.43907222313345134, 16256
3205, 43, 0.4259829902625416, 0.4159830217443842, 0.43598295878069904, 16226
3250, 43, 0.42856263844449916, 0.41856300866200863, 0.4385622682269897, 16252
3215, 45, 0.42753355498091367, 0.41753387212326437, 0.43753323783856296, 16242
3256, 44, 0.4341798552324868, 0.42417986785572137, 0.44417984260925225, 16302
3296, 44, 0.43545421110702465, 0.4254545227981661, 0.4454538994158832, 16314
# timestamp 14.04.2026 21:17:43 (1776194263), datastructure SAC
# timebound 9, expirations {"r1": 0, "r2": 0}
# alpha 0.1, gamma 1
# fixed points 5, uniform granularity 0.5
# scheduler goal: MINIMIZING, scope: SEMIPROPHETIC, history: MEMORYLESS
# training runs 1000000

[2026-04-14 21:19:10.178] [info] runs 15074 | prob 0.6511211357303968 | low 0.6411211396526457 | high 0.6611211318081478
[2026-04-14 21:19:13.420] [info] runs 15003 | prob 0.6546690661867627 | low 0.6446694010730885 | high 0.6646687313004369
[2026-04-14 21:19:16.709] [info] runs 15145 | prob 0.6476064707824365 | low 0.6376069135097042 | high 0.6576060280551688
[2026-04-14 21:19:19.933] [info] runs 15072 | prob 0.6512738853503185 | low 0.6412742426211004 | high 0.6612735280795365
[2026-04-14 21:19:23.202] [info] runs 15190 | prob 0.6452271231073075 | low 0.6352271580077785 | high 0.6552270882068364
[2026-04-14 21:19:26.478] [info] runs 15240 | prob 0.6426509186351707 | low 0.6326512115997069 | high 0.6526506256706344
[2026-04-14 21:19:29.746] [info] runs 15078 | prob 0.6509484016447805 | low 0.6409485838420718 | high 0.6609482194474893
[2026-04-14 21:19:33.044] [info] runs 15183 | prob 0.645590463017849 | low 0.63559050179891 | high 0.6555904242367879
[2026-04-14 21:19:36.299] [info] runs 15130 | prob 0.648314606741573 | low 0.6383146881748721 | high 0.658314525308274
[2026-04-14 21:19:39.553] [info] runs 15108 | prob 0.649457241196717 | low 0.6394575139932032 | high 0.6594569684002308
[2026-04-14 21:19:42.815] [info] runs 15016 | prob 0.654035695258391 | low 0.644036038320744 | high 0.664035352196038
[2026-04-14 21:19:46.091] [info] runs 15168 | prob 0.646426687763713 | low 0.6364271234912731 | high 0.656426252036153
[2026-04-14 21:19:49.311] [info] runs 15204 | prob 0.6445672191528545 | low 0.6345676848326527 | high 0.6545667534730564
[2026-04-14 21:19:52.586] [info] runs 15220 | prob 0.6436925098554533 | low 0.6336927346709309 | high 0.6536922850399758
[2026-04-14 21:19:55.858] [info] runs 15112 | prob 0.6492853361566967 | low 0.6392858048165395 | high 0.6592848674968539
[2026-04-14 21:19:59.119] [info] runs 15057 | prob 0.6519891080560537 | low 0.6419892641223415 | high 0.6619889519897659
[2026-04-14 21:20:02.412] [info] runs 15098 | prob 0.649953636243211 | low 0.639953863681262 | high 0.6599534088051601
[2026-04-14 21:20:05.714] [info] runs 15112 | prob 0.649219163578613 | low 0.6392191985482141 | high 0.6592191286090119
[2026-04-14 21:20:08.986] [info] runs 15107 | prob 0.6495002316806778 | low 0.6395004557919509 | high 0.6595000075694047
[2026-04-14 21:20:12.286] [info] runs 15195 | prob 0.6450148075024679 | low 0.6350151421149866 | high 0.6550144728899492
[2026-04-14 21:20:15.559] [info] runs 15026 | prob 0.6535338746173299 | low 0.6435341369310089 | high 0.6635336123036509
[2026-04-14 21:20:18.845] [info] runs 15120 | prob 0.6488095238095238 | low 0.6388095252792476 | high 0.6588095223398001
[2026-04-14 21:20:22.149] [info] runs 15093 | prob 0.6502352083747432 | low 0.6402356376032532 | high 0.6602347791462333
[2026-04-14 21:20:25.435] [info] runs 15135 | prob 0.6481004294681203 | low 0.6381007709571338 | high 0.6581000879791068
[2026-04-14 21:20:28.706] [info] runs 14968 | prob 0.6563335114911811 | low 0.6463336299859641 | high 0.6663333929963982
[2026-04-14 21:20:28.723] [info] RESULT:
training_time, simulation_time, prob, low, high, runs
3341, 42, 0.6511211357303968, 0.6411211396526457, 0.6611211318081478, 15074
3184, 38, 0.6546690661867627, 0.6446694010730885, 0.6646687313004369, 15003
3232, 39, 0.6476064707824365, 0.6376069135097042, 0.6576060280551688, 15145
3167, 38, 0.6512738853503185, 0.6412742426211004, 0.6612735280795365, 15072
3209, 39, 0.6452271231073075, 0.6352271580077785, 0.6552270882068364, 15190
3219, 39, 0.6426509186351707, 0.6326512115997069, 0.6526506256706344, 15240
3210, 40, 0.6509484016447805, 0.6409485838420718, 0.6609482194474893, 15078
3240, 39, 0.645590463017849, 0.63559050179891, 0.6555904242367879, 15183
3198, 39, 0.648314606741573, 0.6383146881748721, 0.658314525308274, 15130
3198, 39, 0.649457241196717, 0.6394575139932032, 0.6594569684002308, 15108
3206, 38, 0.654035695258391, 0.644036038320744, 0.664035352196038, 15016
3219, 38, 0.646426687763713, 0.6364271234912731, 0.656426252036153, 15168
3163, 39, 0.6445672191528545, 0.6345676848326527, 0.6545667534730564, 15204
3218, 39, 0.6436925098554533, 0.6336927346709309, 0.6536922850399758, 15220
3215, 38, 0.6492853361566967, 0.6392858048165395, 0.6592848674968539, 15112
3205, 38, 0.6519891080560537, 0.6419892641223415, 0.6619889519897659, 15057
3236, 38, 0.649953636243211, 0.639953863681262, 0.6599534088051601, 15098
3244, 39, 0.649219163578613, 0.6392191985482141, 0.6592191286090119, 15112
3215, 39, 0.6495002316806778, 0.6395004557919509, 0.6595000075694047, 15107
3244, 39, 0.6450148075024679, 0.6350151421149866, 0.6550144728899492, 15195
3214, 40, 0.6535338746173299, 0.6435341369310089, 0.6635336123036509, 15026
3226, 39, 0.6488095238095238, 0.6388095252792476, 0.6588095223398001, 15120
3249, 39, 0.6502352083747432, 0.6402356376032532, 0.6602347791462333, 15093
3228, 40, 0.6481004294681203, 0.6381007709571338, 0.6581000879791068, 15135
3214, 38, 0.6563335114911811, 0.6463336299859641, 0.6663333929963982, 14968
# timestamp 14.04.2026 21:17:43 (1776194263), datastructure SAC
# timebound 9, expirations {"r1": 0, "r2": 0}
# alpha 0.1, gamma 1
# fixed points 5, uniform granularity 0.5
# scheduler goal: MAXIMIZING, scope: SEMIPROPHETIC, history: MEMORYLESS
# training runs 1000000

[2026-04-14 21:20:28.723] [info] 2.1 Simulating on SAC: 164931
[2026-04-14 21:20:28.723] [info] Analysis finished; the goal is not reachable.
[2026-04-14 21:20:28.723] [info] Probability: 0.0
[2026-04-14 21:20:28.723] [info] 2 Analysis: 164931
[2026-04-14 21:20:28.723] [info] 0 Computation Time Complete: 164932
[2026-04-14 21:20:28.723] [info] Counters and timers:
Counters:

Timers:
0 Computation Time Complete: 164932
1 Model creation: 0
2 Analysis: 164931
2.0 Creating Unified Datastructure from SAC: 0
2.1 Simulating on SAC: 164931

