timebound = 11, jump depth = 256, max expirations of random clocks = [{r1: 2}, {r2: 4}], combine absorbing locations in unrolling = 194, integration bound(s) = 11, integration samples = 500000, model = WATERTANK, model case = CASE_A, LTI analysis = rectangular analysis, scheduler = goal: MAXIMIZING, scope: PROPHETIC, history: HISTORY_DEPENDENT, multithreaded = 1, disableBackwardsRefinement = 0
simulating 1000000 runs after 1000000 training runs with parameters:
learning rate                 0.1
discount factor               0.99
exploration rate              0.1
discretization method         UNIFORM_GRANULARITY
uniform granularity           0.25
adaptive compartments         5


[2025-08-27 20:11:37.491] [warning] no flow specified for variable c1 in location all_off - assuming flow of 0
[2025-08-27 20:11:37.491] [warning] no flow specified for variable c1 in location v2_on - assuming flow of 0
[2025-08-27 20:11:37.491] [warning] no flow specified for variable c1 in location v1_block - assuming flow of 0
[2025-08-27 20:11:37.491] [warning] no flow specified for variable c1 in location v2_block - assuming flow of 0
[2025-08-27 20:11:37.491] [warning] no flow specified for variable c1 in location v1_block_v2_on - assuming flow of 0
[2025-08-27 20:11:37.491] [warning] no flow specified for variable c1 in location block_safe - assuming flow of 0
[2025-08-27 20:11:37.491] [warning] no flow specified for variable c1 in location block_unsafe - assuming flow of 0
[2025-08-27 20:11:37.491] [warning] no flow specified for variable c2 in location all_off - assuming flow of 0
[2025-08-27 20:11:37.491] [warning] no flow specified for variable c2 in location v1_on - assuming flow of 0
[2025-08-27 20:11:37.491] [warning] no flow specified for variable c2 in location v1_block - assuming flow of 0
[2025-08-27 20:11:37.491] [warning] no flow specified for variable c2 in location v2_block - assuming flow of 0
[2025-08-27 20:11:37.491] [warning] no flow specified for variable c2 in location v2_block_v1_on - assuming flow of 0
[2025-08-27 20:11:37.491] [warning] no flow specified for variable c2 in location block_safe - assuming flow of 0
[2025-08-27 20:11:37.491] [warning] no flow specified for variable c2 in location block_unsafe - assuming flow of 0
[2025-08-27 20:11:37.493] [warning] no constraints specified for variable c1 in initial constraint number 0 - assuming [0,0]
[2025-08-27 20:11:37.493] [warning] no constraints specified for variable c2 in initial constraint number 0 - assuming [0,0]
[2025-08-27 20:11:37.493] [info] 1 Model creation: 2
[2025-08-27 20:11:37.493] [info] 2.0 Creating Unified Datastructure from SAC: 0
[2025-08-27 20:15:24.099] [info] 2.1 Simulating on SAC: 226605
[2025-08-27 20:20:15.535] [info] 2.2 Reachability Analysis: 291436
[2025-08-27 20:20:15.544] [info] 2.3 Augment Reach Tree: 8
[2025-08-27 20:20:15.549] [info] 2.4 Creating Unified Datastructure from Reach Tree: 2
[2025-08-27 20:24:02.034] [info] 2.5 Simulating on full Reach Tree: 226484
[2025-08-27 20:24:06.286] [info] 2.6.0 Labeling Reach Tree Nodes: 4251
[2025-08-27 20:24:06.287] [info] 2.6.1 Removing Unfulfilling Subtrees: 0
[2025-08-27 20:24:06.287] [info] 2.6 Pre-checking and Reduction: 4251
[2025-08-27 20:24:06.287] [info] node count before and after reduction 14244 11227
[2025-08-27 20:27:42.270] [info] 2.7 Simulating on reduced Reach Tree: 215982
[2025-08-27 20:27:42.436] [info] Analysis finished; the goal is not reachable.
[2025-08-27 20:27:42.436] [info] Probability: 0.0
[2025-08-27 20:27:42.436] [info] 2 Analysis: 964943
[2025-08-27 20:27:42.436] [info] 0 Computation Time Complete: 964945
[2025-08-27 20:27:42.436] [info] Counters and timers:
Counters:

Timers:
0 Computation Time Complete: 964945
1 Model creation: 2
2 Analysis: 964943
2.0 Creating Unified Datastructure from SAC: 0
2.1 Simulating on SAC: 226605
2.2 Reachability Analysis: 291436
2.3 Augment Reach Tree: 8
2.4 Creating Unified Datastructure from Reach Tree: 2
2.5 Simulating on full Reach Tree: 226484
2.6 Pre-checking and Reduction: 4251
2.6.0 Labeling Reach Tree Nodes: 4251
2.6.1 Removing Unfulfilling Subtrees: 0
2.7 Simulating on reduced Reach Tree: 215982

