timebound = 9, jump depth = 256, max expirations of random clocks = [{r1: 2}, {r2: 4}], combine absorbing locations in unrolling = 70, integration bound(s) = 9, integration samples = 500000, model = WATERTANK, model case = CASE_A, LTI analysis = rectangular analysis, scheduler = goal: MAXIMIZING, scope: PROPHETIC, history: HISTORY_DEPENDENT, multithreaded = 1, disableBackwardsRefinement = 0
simulating 1000000 runs after 1000000 training runs with parameters:
learning rate                 0.1
discount factor               0.99
exploration rate              0.1
discretization method         UNIFORM_GRANULARITY
uniform granularity           0.25
adaptive compartments         5


[2025-08-27 19:48:10.251] [warning] no flow specified for variable c1 in location all_off - assuming flow of 0
[2025-08-27 19:48:10.251] [warning] no flow specified for variable c1 in location v2_on - assuming flow of 0
[2025-08-27 19:48:10.251] [warning] no flow specified for variable c1 in location v1_block - assuming flow of 0
[2025-08-27 19:48:10.251] [warning] no flow specified for variable c1 in location v2_block - assuming flow of 0
[2025-08-27 19:48:10.251] [warning] no flow specified for variable c1 in location v1_block_v2_on - assuming flow of 0
[2025-08-27 19:48:10.251] [warning] no flow specified for variable c1 in location block_safe - assuming flow of 0
[2025-08-27 19:48:10.251] [warning] no flow specified for variable c1 in location block_unsafe - assuming flow of 0
[2025-08-27 19:48:10.251] [warning] no flow specified for variable c2 in location all_off - assuming flow of 0
[2025-08-27 19:48:10.251] [warning] no flow specified for variable c2 in location v1_on - assuming flow of 0
[2025-08-27 19:48:10.251] [warning] no flow specified for variable c2 in location v1_block - assuming flow of 0
[2025-08-27 19:48:10.251] [warning] no flow specified for variable c2 in location v2_block - assuming flow of 0
[2025-08-27 19:48:10.251] [warning] no flow specified for variable c2 in location v2_block_v1_on - assuming flow of 0
[2025-08-27 19:48:10.251] [warning] no flow specified for variable c2 in location block_safe - assuming flow of 0
[2025-08-27 19:48:10.251] [warning] no flow specified for variable c2 in location block_unsafe - assuming flow of 0
[2025-08-27 19:48:10.253] [warning] no constraints specified for variable c1 in initial constraint number 0 - assuming [0,0]
[2025-08-27 19:48:10.253] [warning] no constraints specified for variable c2 in initial constraint number 0 - assuming [0,0]
[2025-08-27 19:48:10.253] [info] 1 Model creation: 2
[2025-08-27 19:48:10.254] [info] 2.0 Creating Unified Datastructure from SAC: 0
[2025-08-27 19:51:18.823] [info] 2.1 Simulating on SAC: 188569
[2025-08-27 19:52:07.668] [info] 2.2 Reachability Analysis: 48845
[2025-08-27 19:52:07.670] [info] 2.3 Augment Reach Tree: 1
[2025-08-27 19:52:07.670] [info] 2.4 Creating Unified Datastructure from Reach Tree: 0
[2025-08-27 19:55:14.728] [info] 2.5 Simulating on full Reach Tree: 187057
[2025-08-27 19:55:15.066] [info] 2.6.0 Labeling Reach Tree Nodes: 337
[2025-08-27 19:55:15.066] [info] 2.6.1 Removing Unfulfilling Subtrees: 0
[2025-08-27 19:55:15.066] [info] 2.6 Pre-checking and Reduction: 338
[2025-08-27 19:55:15.066] [info] node count before and after reduction 2279 1889
[2025-08-27 19:58:21.477] [info] 2.7 Simulating on reduced Reach Tree: 186411
[2025-08-27 19:58:21.497] [info] Analysis finished; the goal is not reachable.
[2025-08-27 19:58:21.497] [info] Probability: 0.0
[2025-08-27 19:58:21.497] [info] 2 Analysis: 611243
[2025-08-27 19:58:21.497] [info] 0 Computation Time Complete: 611246
[2025-08-27 19:58:21.497] [info] Counters and timers:
Counters:

Timers:
0 Computation Time Complete: 611246
1 Model creation: 2
2 Analysis: 611243
2.0 Creating Unified Datastructure from SAC: 0
2.1 Simulating on SAC: 188569
2.2 Reachability Analysis: 48845
2.3 Augment Reach Tree: 1
2.4 Creating Unified Datastructure from Reach Tree: 0
2.5 Simulating on full Reach Tree: 187057
2.6 Pre-checking and Reduction: 338
2.6.0 Labeling Reach Tree Nodes: 337
2.6.1 Removing Unfulfilling Subtrees: 0
2.7 Simulating on reduced Reach Tree: 186411

