timebound = 8, jump depth = 100, max expirations of random clocks = [{r1: 2}, {r2: 4}], combine absorbing locations in unrolling = 49, integration bound(s) = 8, integration samples = 500000, model = WATERTANK, model case = CASE_A, LTI analysis = rectangular analysis, scheduler = goal: MAXIMIZING, scope: PROPHETIC, history: HISTORY_DEPENDENT, multithreaded = 1, disableBackwardsRefinement = 0
simulating 0 runs after 5000 training runs with parameters:
learning rate                 0.1
discount factor               1
exploration rate              0.15
discretization method         UNIFORM_GRANULARITY
uniform granularity           0.25
adaptive compartments         5


[2025-08-28 20:40:01.226] [warning] no flow specified for variable c1 in location all_off - assuming flow of 0
[2025-08-28 20:40:01.226] [warning] no flow specified for variable c1 in location v2_on - assuming flow of 0
[2025-08-28 20:40:01.226] [warning] no flow specified for variable c1 in location v1_block - assuming flow of 0
[2025-08-28 20:40:01.226] [warning] no flow specified for variable c1 in location v2_block - assuming flow of 0
[2025-08-28 20:40:01.226] [warning] no flow specified for variable c1 in location v1_block_v2_on - assuming flow of 0
[2025-08-28 20:40:01.226] [warning] no flow specified for variable c1 in location block_safe - assuming flow of 0
[2025-08-28 20:40:01.226] [warning] no flow specified for variable c1 in location block_unsafe - assuming flow of 0
[2025-08-28 20:40:01.226] [warning] no flow specified for variable c2 in location all_off - assuming flow of 0
[2025-08-28 20:40:01.226] [warning] no flow specified for variable c2 in location v1_on - assuming flow of 0
[2025-08-28 20:40:01.226] [warning] no flow specified for variable c2 in location v1_block - assuming flow of 0
[2025-08-28 20:40:01.226] [warning] no flow specified for variable c2 in location v2_block - assuming flow of 0
[2025-08-28 20:40:01.226] [warning] no flow specified for variable c2 in location v2_block_v1_on - assuming flow of 0
[2025-08-28 20:40:01.226] [warning] no flow specified for variable c2 in location block_safe - assuming flow of 0
[2025-08-28 20:40:01.226] [warning] no flow specified for variable c2 in location block_unsafe - assuming flow of 0
[2025-08-28 20:40:01.228] [warning] no constraints specified for variable c1 in initial constraint number 0 - assuming [0,0]
[2025-08-28 20:40:01.228] [warning] no constraints specified for variable c2 in initial constraint number 0 - assuming [0,0]
[2025-08-28 20:40:01.228] [info] 1 Model creation: 2
[2025-08-28 20:40:14.181] [info] 2.2 Reachability Analysis: 12952
[2025-08-28 20:40:14.181] [info] 2.3 Augment Reach Tree: 0
[2025-08-28 20:40:14.182] [info] 2.4 Creating Unified Datastructure from Reach Tree: 0
[2025-08-28 20:40:14.223] [info] runs 16502 | prob 0.5363592291843413 | low 0.5263593153956284 | high 0.5463591429730542
[2025-08-28 20:40:14.264] [info] runs 16506 | prob 0.5356234096692112 | low 0.5256236428629211 | high 0.5456231764755013
[2025-08-28 20:40:14.264] [info] 2.5 Simulating on full Reach Tree: 82
[2025-08-28 20:40:14.361] [info] 2.6.0 Labeling Reach Tree Nodes: 96
[2025-08-28 20:40:14.361] [info] 2.6.1 Removing Unfulfilling Subtrees: 0
[2025-08-28 20:40:14.361] [info] 2.6 Pre-checking and Reduction: 96
[2025-08-28 20:40:14.361] [info] node count before and after reduction 607 495
[2025-08-28 20:40:14.404] [info] runs 14146 | prob 0.3080729534850841 | low 0.29807327650116844 | high 0.3180726304689998
[2025-08-28 20:40:14.445] [info] runs 16512 | prob 0.5343386627906976 | low 0.5243389066583699 | high 0.5443384189230254
[2025-08-28 20:40:14.445] [info] 2.7 Simulating on reduced Reach Tree: 84
[2025-08-28 20:40:14.452] [info] Analysis finished; the goal is not reachable.
[2025-08-28 20:40:14.452] [info] Probability: 0.0
[2025-08-28 20:40:14.452] [info] 2 Analysis: 13224
[2025-08-28 20:40:14.452] [info] 0 Computation Time Complete: 13226
[2025-08-28 20:40:14.452] [info] Counters and timers:
Counters:

Timers:
0 Computation Time Complete: 13226
1 Model creation: 2
2 Analysis: 13224
2.2 Reachability Analysis: 12952
2.3 Augment Reach Tree: 0
2.4 Creating Unified Datastructure from Reach Tree: 0
2.5 Simulating on full Reach Tree: 82
2.6 Pre-checking and Reduction: 96
2.6.0 Labeling Reach Tree Nodes: 96
2.6.1 Removing Unfulfilling Subtrees: 0
2.7 Simulating on reduced Reach Tree: 84

timebound = 8, jump depth = 100, max expirations of random clocks = [{r1: 2}, {r2: 4}], combine absorbing locations in unrolling = 186, integration bound(s) = 8, integration samples = 500000, model = WATERTANK, model case = CASE_A, LTI analysis = rectangular analysis, scheduler = goal: MAXIMIZING, scope: PROPHETIC, history: HISTORY_DEPENDENT, multithreaded = 1, disableBackwardsRefinement = 0
simulating 0 runs after 20000 training runs with parameters:
learning rate                 0.1
discount factor               1
exploration rate              0.15
discretization method         UNIFORM_GRANULARITY
uniform granularity           0.25
adaptive compartments         5


[2025-08-28 20:40:14.487] [warning] no flow specified for variable c1 in location all_off - assuming flow of 0
[2025-08-28 20:40:14.487] [warning] no flow specified for variable c1 in location v2_on - assuming flow of 0
[2025-08-28 20:40:14.487] [warning] no flow specified for variable c1 in location v1_block - assuming flow of 0
[2025-08-28 20:40:14.487] [warning] no flow specified for variable c1 in location v2_block - assuming flow of 0
[2025-08-28 20:40:14.487] [warning] no flow specified for variable c1 in location v1_block_v2_on - assuming flow of 0
[2025-08-28 20:40:14.487] [warning] no flow specified for variable c1 in location block_safe - assuming flow of 0
[2025-08-28 20:40:14.487] [warning] no flow specified for variable c1 in location block_unsafe - assuming flow of 0
[2025-08-28 20:40:14.487] [warning] no flow specified for variable c2 in location all_off - assuming flow of 0
[2025-08-28 20:40:14.487] [warning] no flow specified for variable c2 in location v1_on - assuming flow of 0
[2025-08-28 20:40:14.487] [warning] no flow specified for variable c2 in location v1_block - assuming flow of 0
[2025-08-28 20:40:14.487] [warning] no flow specified for variable c2 in location v2_block - assuming flow of 0
[2025-08-28 20:40:14.487] [warning] no flow specified for variable c2 in location v2_block_v1_on - assuming flow of 0
[2025-08-28 20:40:14.487] [warning] no flow specified for variable c2 in location block_safe - assuming flow of 0
[2025-08-28 20:40:14.487] [warning] no flow specified for variable c2 in location block_unsafe - assuming flow of 0
[2025-08-28 20:40:14.489] [warning] no constraints specified for variable c1 in initial constraint number 0 - assuming [0,0]
[2025-08-28 20:40:14.489] [warning] no constraints specified for variable c2 in initial constraint number 0 - assuming [0,0]
[2025-08-28 20:40:14.489] [info] 1 Model creation: 2
[2025-08-28 20:40:27.211] [info] 2.2 Reachability Analysis: 12721
[2025-08-28 20:40:27.212] [info] 2.3 Augment Reach Tree: 0
[2025-08-28 20:40:27.212] [info] 2.4 Creating Unified Datastructure from Reach Tree: 0
[2025-08-28 20:40:27.374] [info] runs 16444 | prob 0.45311359766480175 | low 0.443113730409544 | high 0.4631134649200595
[2025-08-28 20:40:27.384] [info] 2.5 Simulating on full Reach Tree: 172
[2025-08-28 20:40:27.484] [info] 2.6.0 Labeling Reach Tree Nodes: 99
[2025-08-28 20:40:27.484] [info] 2.6.1 Removing Unfulfilling Subtrees: 0
[2025-08-28 20:40:27.484] [info] 2.6 Pre-checking and Reduction: 99
[2025-08-28 20:40:27.484] [info] node count before and after reduction 607 495
[2025-08-28 20:40:27.632] [info] runs 16434 | prob 0.45156383108190334 | low 0.44156390393407025 | high 0.46156375822973644
[2025-08-28 20:40:27.640] [info] 2.7 Simulating on reduced Reach Tree: 156
[2025-08-28 20:40:27.647] [info] Analysis finished; the goal is not reachable.
[2025-08-28 20:40:27.647] [info] Probability: 0.0
[2025-08-28 20:40:27.647] [info] 2 Analysis: 13157
[2025-08-28 20:40:27.647] [info] 0 Computation Time Complete: 13159
[2025-08-28 20:40:27.647] [info] Counters and timers:
Counters:

Timers:
0 Computation Time Complete: 13159
1 Model creation: 2
2 Analysis: 13157
2.2 Reachability Analysis: 12721
2.3 Augment Reach Tree: 0
2.4 Creating Unified Datastructure from Reach Tree: 0
2.5 Simulating on full Reach Tree: 172
2.6 Pre-checking and Reduction: 99
2.6.0 Labeling Reach Tree Nodes: 99
2.6.1 Removing Unfulfilling Subtrees: 0
2.7 Simulating on reduced Reach Tree: 156

timebound = 8, jump depth = 100, max expirations of random clocks = [{r1: 2}, {r2: 4}], combine absorbing locations in unrolling = 109, integration bound(s) = 8, integration samples = 500000, model = WATERTANK, model case = CASE_A, LTI analysis = rectangular analysis, scheduler = goal: MAXIMIZING, scope: PROPHETIC, history: HISTORY_DEPENDENT, multithreaded = 1, disableBackwardsRefinement = 0
simulating 0 runs after 1000000 training runs with parameters:
learning rate                 0.1
discount factor               1
exploration rate              0.15
discretization method         UNIFORM_GRANULARITY
uniform granularity           0.25
adaptive compartments         5


[2025-08-28 20:40:27.680] [warning] no flow specified for variable c1 in location all_off - assuming flow of 0
[2025-08-28 20:40:27.680] [warning] no flow specified for variable c1 in location v2_on - assuming flow of 0
[2025-08-28 20:40:27.680] [warning] no flow specified for variable c1 in location v1_block - assuming flow of 0
[2025-08-28 20:40:27.680] [warning] no flow specified for variable c1 in location v2_block - assuming flow of 0
[2025-08-28 20:40:27.680] [warning] no flow specified for variable c1 in location v1_block_v2_on - assuming flow of 0
[2025-08-28 20:40:27.680] [warning] no flow specified for variable c1 in location block_safe - assuming flow of 0
[2025-08-28 20:40:27.680] [warning] no flow specified for variable c1 in location block_unsafe - assuming flow of 0
[2025-08-28 20:40:27.680] [warning] no flow specified for variable c2 in location all_off - assuming flow of 0
[2025-08-28 20:40:27.680] [warning] no flow specified for variable c2 in location v1_on - assuming flow of 0
[2025-08-28 20:40:27.680] [warning] no flow specified for variable c2 in location v1_block - assuming flow of 0
[2025-08-28 20:40:27.680] [warning] no flow specified for variable c2 in location v2_block - assuming flow of 0
[2025-08-28 20:40:27.680] [warning] no flow specified for variable c2 in location v2_block_v1_on - assuming flow of 0
[2025-08-28 20:40:27.680] [warning] no flow specified for variable c2 in location block_safe - assuming flow of 0
[2025-08-28 20:40:27.680] [warning] no flow specified for variable c2 in location block_unsafe - assuming flow of 0
[2025-08-28 20:40:27.682] [warning] no constraints specified for variable c1 in initial constraint number 0 - assuming [0,0]
[2025-08-28 20:40:27.682] [warning] no constraints specified for variable c2 in initial constraint number 0 - assuming [0,0]
[2025-08-28 20:40:27.682] [info] 1 Model creation: 2
[2025-08-28 20:40:40.388] [info] 2.2 Reachability Analysis: 12705
[2025-08-28 20:40:40.388] [info] 2.3 Augment Reach Tree: 0
[2025-08-28 20:40:40.389] [info] 2.4 Creating Unified Datastructure from Reach Tree: 0
[2025-08-28 20:40:44.718] [info] runs 15813 | prob 0.608170492632644 | low 0.5981704934419455 | high 0.6181704918233425
[2025-08-28 20:40:44.857] [info] 2.5 Simulating on full Reach Tree: 4468
[2025-08-28 20:40:44.946] [info] 2.6.0 Labeling Reach Tree Nodes: 88
[2025-08-28 20:40:44.946] [info] 2.6.1 Removing Unfulfilling Subtrees: 0
[2025-08-28 20:40:44.946] [info] 2.6 Pre-checking and Reduction: 88
[2025-08-28 20:40:44.946] [info] node count before and after reduction 607 495
[2025-08-28 20:40:49.294] [info] runs 15935 | prob 0.5993096956385315 | low 0.5893096980892937 | high 0.6093096931877694
[2025-08-28 20:40:49.430] [info] 2.7 Simulating on reduced Reach Tree: 4484
[2025-08-28 20:40:49.435] [info] Analysis finished; the goal is not reachable.
[2025-08-28 20:40:49.435] [info] Probability: 0.0
[2025-08-28 20:40:49.435] [info] 2 Analysis: 21752
[2025-08-28 20:40:49.435] [info] 0 Computation Time Complete: 21755
[2025-08-28 20:40:49.435] [info] Counters and timers:
Counters:

Timers:
0 Computation Time Complete: 21755
1 Model creation: 2
2 Analysis: 21752
2.2 Reachability Analysis: 12705
2.3 Augment Reach Tree: 0
2.4 Creating Unified Datastructure from Reach Tree: 0
2.5 Simulating on full Reach Tree: 4468
2.6 Pre-checking and Reduction: 88
2.6.0 Labeling Reach Tree Nodes: 88
2.6.1 Removing Unfulfilling Subtrees: 0
2.7 Simulating on reduced Reach Tree: 4484

