timebound = 10, jump depth = 100, max expirations of random clocks = [{r: 1}, {r1: 0}, {r2: 0}], combine absorbing locations in unrolling = 237, integration bound(s) = 10, integration samples = 500000, model = WATERTANK, model case = CASE_A, LTI analysis = rectangular analysis, scheduler = goal: MAXIMIZING, scope: PROPHETIC, history: HISTORY_DEPENDENT, multithreaded = 1, disableBackwardsRefinement = 0
simulating 0 runs after 1000000 training runs with parameters:
learning rate                 0.1
discount factor               0.99
exploration rate              0.15
discretization method         UNIFORM_GRANULARITY
uniform granularity           0.25
adaptive compartments         5


[2025-09-05 11:35:21.054] [debug] using cli max expirations 0 for random clock r1
[2025-09-05 11:35:21.054] [debug] using cli max expirations 0 for random clock r2
[2025-09-05 11:35:21.054] [warning] no flow specified for variable c1 in location all_off - assuming flow of 0
[2025-09-05 11:35:21.054] [warning] no flow specified for variable c1 in location v2_on - assuming flow of 0
[2025-09-05 11:35:21.054] [warning] no flow specified for variable c1 in location v1_block - assuming flow of 0
[2025-09-05 11:35:21.054] [warning] no flow specified for variable c1 in location v2_block - assuming flow of 0
[2025-09-05 11:35:21.054] [warning] no flow specified for variable c1 in location v1_block_v2_on - assuming flow of 0
[2025-09-05 11:35:21.054] [warning] no flow specified for variable c1 in location block_safe - assuming flow of 0
[2025-09-05 11:35:21.054] [warning] no flow specified for variable c1 in location block_unsafe - assuming flow of 0
[2025-09-05 11:35:21.054] [warning] no flow specified for variable c2 in location all_off - assuming flow of 0
[2025-09-05 11:35:21.055] [warning] no flow specified for variable c2 in location v1_on - assuming flow of 0
[2025-09-05 11:35:21.055] [warning] no flow specified for variable c2 in location v1_block - assuming flow of 0
[2025-09-05 11:35:21.055] [warning] no flow specified for variable c2 in location v2_block - assuming flow of 0
[2025-09-05 11:35:21.055] [warning] no flow specified for variable c2 in location v2_block_v1_on - assuming flow of 0
[2025-09-05 11:35:21.055] [warning] no flow specified for variable c2 in location block_safe - assuming flow of 0
[2025-09-05 11:35:21.055] [warning] no flow specified for variable c2 in location block_unsafe - assuming flow of 0
[2025-09-05 11:35:21.055] [debug] Clock index for the created transition is: 4
[2025-09-05 11:35:21.055] [debug] Clock index for the created transition is: 4
[2025-09-05 11:35:21.055] [debug] Clock index for the created transition is: 4
[2025-09-05 11:35:21.055] [debug] Clock index for the created transition is: 4
[2025-09-05 11:35:21.055] [debug] Clock index for the created transition is: 5
[2025-09-05 11:35:21.055] [debug] Clock index for the created transition is: 5
[2025-09-05 11:35:21.055] [debug] Clock index for the created transition is: 5
[2025-09-05 11:35:21.055] [debug] Clock index for the created transition is: 5
[2025-09-05 11:35:21.055] [warning] no constraints specified for variable c1 in initial constraint number 0 - assuming [0,0]
[2025-09-05 11:35:21.055] [warning] no constraints specified for variable c2 in initial constraint number 0 - assuming [0,0]
[2025-09-05 11:35:21.055] [debug] Underlying Hybrid Automaton: initial states (1): 
all_off:  - x0 ≤ 0
x0 ≤ 0
 - x1 ≤ -4
x1 ≤ 4
 - x2 ≤ 0
x2 ≤ 0
 - 1·x3 ≤ 0
1·x3 ≤ 0

locations (9): 
all_off @0x639067f64700 {
Flow.: 
t: [1, 1], x: [4, 4], c1: [0, 0], c2: [0, 0], 
Inv.:
x1 ≤ 16
 - x0 ≤ 0
x0 ≤ 10
Transitions: 
{ @0x639067f6ba70 all_off (@0x639067f64700) -->*v1_on (@0x639067f66630)
Guard:
 - x1 ≤ -16

Reset:
Identity
 }
{ @0x639067f6be50 all_off (@0x639067f64700) -->*v2_on (@0x639067f67070)
Guard:
 - x1 ≤ -16

Reset:
Identity
 }

}
v1_on @0x639067f66630 {
Flow.: 
t: [1, 1], x: [-2, -2], c1: [1, 1], c2: [0, 0], 
Inv.:
x2 ≤ 2
 - x0 ≤ 0
x0 ≤ 10
Transitions: 
{ @0x639067f6c180 v1_on (@0x639067f66630) --> v1_block (@0x639067f67a90)
Guard:
x1 ≤ 16
 - x2 ≤ -2

Reset:
Identity
]0, 0[, ]0, 0[, [0, 0], 
 }
{ @0x639067f6e290 v1_on (@0x639067f66630) --> v1_block_v2_on (@0x639067f68f60)
Guard:
 - x1 ≤ -16
 - x2 ≤ -2

Reset:
Identity
]0, 0[, ]0, 0[, [0, 0], 
 }

}
v2_on @0x639067f67070 {
Flow.: 
t: [1, 1], x: [0, 0], c1: [0, 0], c2: [1, 1], 
Inv.:
1·x3 ≤ 1
 - x0 ≤ 0
x0 ≤ 10
Transitions: 
{ @0x639067f6d080 v2_on (@0x639067f67070) --> v2_block (@0x639067f684d0)
Guard:
x1 ≤ 16
 - 1·x3 ≤ -1

Reset:
Identity
]0, 0[, ]0, 0[, ]0, 0[, [0, 0], 
 }
{ @0x639067f6ea80 v2_on (@0x639067f67070) --> v2_block_v1_on (@0x639067f69a10)
Guard:
 - x1 ≤ -16
 - 1·x3 ≤ -1

Reset:
Identity
]0, 0[, ]0, 0[, ]0, 0[, [0, 0], 
 }

}
v1_block @0x639067f67a90 {
Flow.: 
t: [1, 1], x: [4, 4], c1: [0, 0], c2: [0, 0], 
Inv.:
x1 ≤ 16
 - x0 ≤ 0
x0 ≤ 10
Transitions: 
{ @0x639067f6fd00 v1_block (@0x639067f67a90) --> v1_block_v2_on (@0x639067f68f60)
Guard:
 - x1 ≤ -16

Reset:
Identity
 }
{ @0x639067f73e90 v1_block (@0x639067f67a90) --> all_off (@0x639067f64700)
Guard:

Reset:
Identity
 }

}
v2_block @0x639067f684d0 {
Flow.: 
t: [1, 1], x: [4, 4], c1: [0, 0], c2: [0, 0], 
Inv.:
x1 ≤ 16
 - x0 ≤ 0
x0 ≤ 10
Transitions: 
{ @0x639067f70120 v2_block (@0x639067f684d0) --> v2_block_v1_on (@0x639067f69a10)
Guard:
 - x1 ≤ -16

Reset:
Identity
 }
{ @0x639067f745d0 v2_block (@0x639067f684d0) --> all_off (@0x639067f64700)
Guard:

Reset:
Identity
 }

}
v1_block_v2_on @0x639067f68f60 {
Flow.: 
t: [1, 1], x: [0, 0], c1: [0, 0], c2: [1, 1], 
Inv.:
1·x3 ≤ 1
 - x0 ≤ 0
x0 ≤ 10
Transitions: 
{ @0x639067f704b0 v1_block_v2_on (@0x639067f68f60) --> block_safe (@0x639067f6a4c0)
Guard:
x1 ≤ 16
 - 1·x3 ≤ -1

Reset:
Identity
]0, 0[, ]0, 0[, ]0, 0[, [0, 0], 
 }
{ @0x639067f72000 v1_block_v2_on (@0x639067f68f60) --> block_unsafe (@0x639067f6afd0)
Guard:
 - x1 ≤ -16
 - 1·x3 ≤ -1

Reset:
Identity
]0, 0[, ]0, 0[, ]0, 0[, [0, 0], 
 }
{ @0x639067f74030 v1_block_v2_on (@0x639067f68f60) --> v2_on (@0x639067f67070)
Guard:

Reset:
Identity
 }

}
v2_block_v1_on @0x639067f69a10 {
Flow.: 
t: [1, 1], x: [-2, -2], c1: [1, 1], c2: [0, 0], 
Inv.:
x2 ≤ 2
 - x0 ≤ 0
x0 ≤ 10
Transitions: 
{ @0x639067f717f0 v2_block_v1_on (@0x639067f69a10) --> block_safe (@0x639067f6a4c0)
Guard:
x1 ≤ 16
 - x2 ≤ -2

Reset:
Identity
]0, 0[, ]0, 0[, [0, 0], 
 }
{ @0x639067f73280 v2_block_v1_on (@0x639067f69a10) --> block_unsafe (@0x639067f6afd0)
Guard:
 - x1 ≤ -16
 - x2 ≤ -2

Reset:
Identity
]0, 0[, ]0, 0[, [0, 0], 
 }
{ @0x639067f747b0 v2_block_v1_on (@0x639067f69a10) --> v1_on (@0x639067f66630)
Guard:

Reset:
Identity
 }

}
block_safe @0x639067f6a4c0 {
Flow.: 
t: [1, 1], x: [4, 4], c1: [0, 0], c2: [0, 0], 
Inv.:
x1 ≤ 16
 - x0 ≤ 0
x0 ≤ 10
Transitions: 
{ @0x639067f73a70 block_safe (@0x639067f6a4c0) --> block_unsafe (@0x639067f6afd0)
Guard:
 - x1 ≤ -16

Reset:
Identity
 }
{ @0x639067f74210 block_safe (@0x639067f6a4c0) --> v2_block (@0x639067f684d0)
Guard:

Reset:
Identity
 }
{ @0x639067f74990 block_safe (@0x639067f6a4c0) --> v1_block (@0x639067f67a90)
Guard:

Reset:
Identity
 }

}
block_unsafe @0x639067f6afd0 {
Flow.: 
t: [1, 1], x: [4, 4], c1: [0, 0], c2: [0, 0], 
Inv.:
 - x0 ≤ 0
x0 ≤ 10
Transitions: 
{ @0x639067f743f0 block_unsafe (@0x639067f6afd0) --> v2_block_v1_on (@0x639067f69a10)
Guard:

Reset:
Identity
 }
{ @0x639067f74ba0 block_unsafe (@0x639067f6afd0) --> v1_block_v2_on (@0x639067f68f60)
Guard:

Reset:
Identity
 }

}
local bad states (0): 

[2025-09-05 11:35:21.055] [debug] Stochasticity Cache:
[2025-09-05 11:35:21.055] [debug] v1_block -> all_off is stochastic transition with random event r4(STOCHASTIC) (index 4)
[2025-09-05 11:35:21.055] [debug] v1_block_v2_on -> v2_on is stochastic transition with random event r4(STOCHASTIC) (index 4)
[2025-09-05 11:35:21.055] [debug] block_safe -> v2_block is stochastic transition with random event r4(STOCHASTIC) (index 4)
[2025-09-05 11:35:21.055] [debug] block_unsafe -> v2_block_v1_on is stochastic transition with random event r4(STOCHASTIC) (index 4)
[2025-09-05 11:35:21.055] [debug] v2_block -> all_off is stochastic transition with random event r5(STOCHASTIC) (index 5)
[2025-09-05 11:35:21.055] [debug] v2_block_v1_on -> v1_on is stochastic transition with random event r5(STOCHASTIC) (index 5)
[2025-09-05 11:35:21.055] [debug] block_safe -> v1_block is stochastic transition with random event r5(STOCHASTIC) (index 5)
[2025-09-05 11:35:21.055] [debug] block_unsafe -> v1_block_v2_on is stochastic transition with random event r5(STOCHASTIC) (index 5)
[2025-09-05 11:35:21.055] [debug] Specification: ( goal location: block_unsafe, constraints:  - x1 ≤ -18
 )
[2025-09-05 11:35:21.055] [info] 1 Model creation: 0
[2025-09-05 11:35:21.055] [info] 2.0 Creating Unified Datastructure from SAC: 0
[2025-09-05 11:35:25.566] [info] runs 15040 | prob 0.6528590425531915 | low 0.6428593975842453 | high 0.6628586875221377
[2025-09-05 11:35:25.638] [debug] RESULT:
training_time, simulation_time, prob, low, high, runs, scheduler_variant, success_path_count, failure_path_count
3955, 49, 0.6528590425531915, 0.6428593975842453, 0.6628586875221377, 15040, 0
# timestamp 05.09.2025 11:35:21 (1757064921), datastructure sac
# timebound 10, expirations {"r": 1, "r1": 0, "r2": 0}
# alpha 0.1, gamma 0.99
# discretization method UNIFORM_GRANULARITY, adaptive compartments 5, uniform granularity 0.25
# scheduler goal: MAXIMIZING, scope: PROPHETIC, history: MEMORYLESS
# training runs 1000000

[2025-09-05 11:35:25.744] [info] 2.1 Simulating on SAC: 4689
[2025-09-05 11:35:25.744] [info] Analysis finished; the goal is not reachable.
[2025-09-05 11:35:25.744] [info] Probability: 0.0
[2025-09-05 11:35:25.744] [info] 2 Analysis: 4689
[2025-09-05 11:35:25.744] [info] 0 Computation Time Complete: 4690
[2025-09-05 11:35:25.744] [info] Counters and timers:
Counters:

Timers:
0 Computation Time Complete: 4690
1 Model creation: 0
2 Analysis: 4689
2.0 Creating Unified Datastructure from SAC: 0
2.1 Simulating on SAC: 4689

