timebound = 16, jump depth = 100, max expirations of random clocks = [{r: 1}, {r1: 0}, {r2: 0}], combine absorbing locations in unrolling = 47, integration bound(s) = 16, integration samples = 500000, model = WATERTANK, model case = CASE_A, LTI analysis = rectangular analysis, scheduler = goal: MAXIMIZING, scope: PROPHETIC, history: HISTORY_DEPENDENT, multithreaded = 1, disableBackwardsRefinement = 0
simulating 0 runs after 1000000 training runs with parameters:
learning rate                 0.1
discount factor               0.99
exploration rate              0.15
discretization method         UNIFORM_GRANULARITY
uniform granularity           0.25
adaptive compartments         5


[2025-09-05 11:35:59.203] [debug] using cli max expirations 0 for random clock r1
[2025-09-05 11:35:59.203] [debug] using cli max expirations 0 for random clock r2
[2025-09-05 11:35:59.203] [warning] no flow specified for variable c1 in location all_off - assuming flow of 0
[2025-09-05 11:35:59.203] [warning] no flow specified for variable c1 in location v2_on - assuming flow of 0
[2025-09-05 11:35:59.203] [warning] no flow specified for variable c1 in location v1_block - assuming flow of 0
[2025-09-05 11:35:59.203] [warning] no flow specified for variable c1 in location v2_block - assuming flow of 0
[2025-09-05 11:35:59.203] [warning] no flow specified for variable c1 in location v1_block_v2_on - assuming flow of 0
[2025-09-05 11:35:59.203] [warning] no flow specified for variable c1 in location block_safe - assuming flow of 0
[2025-09-05 11:35:59.203] [warning] no flow specified for variable c1 in location block_unsafe - assuming flow of 0
[2025-09-05 11:35:59.203] [warning] no flow specified for variable c2 in location all_off - assuming flow of 0
[2025-09-05 11:35:59.203] [warning] no flow specified for variable c2 in location v1_on - assuming flow of 0
[2025-09-05 11:35:59.203] [warning] no flow specified for variable c2 in location v1_block - assuming flow of 0
[2025-09-05 11:35:59.203] [warning] no flow specified for variable c2 in location v2_block - assuming flow of 0
[2025-09-05 11:35:59.203] [warning] no flow specified for variable c2 in location v2_block_v1_on - assuming flow of 0
[2025-09-05 11:35:59.203] [warning] no flow specified for variable c2 in location block_safe - assuming flow of 0
[2025-09-05 11:35:59.203] [warning] no flow specified for variable c2 in location block_unsafe - assuming flow of 0
[2025-09-05 11:35:59.204] [debug] Clock index for the created transition is: 4
[2025-09-05 11:35:59.204] [debug] Clock index for the created transition is: 4
[2025-09-05 11:35:59.204] [debug] Clock index for the created transition is: 4
[2025-09-05 11:35:59.204] [debug] Clock index for the created transition is: 4
[2025-09-05 11:35:59.204] [debug] Clock index for the created transition is: 5
[2025-09-05 11:35:59.204] [debug] Clock index for the created transition is: 5
[2025-09-05 11:35:59.204] [debug] Clock index for the created transition is: 5
[2025-09-05 11:35:59.204] [debug] Clock index for the created transition is: 5
[2025-09-05 11:35:59.204] [warning] no constraints specified for variable c1 in initial constraint number 0 - assuming [0,0]
[2025-09-05 11:35:59.204] [warning] no constraints specified for variable c2 in initial constraint number 0 - assuming [0,0]
[2025-09-05 11:35:59.204] [debug] Underlying Hybrid Automaton: initial states (1): 
all_off:  - x0 ≤ 0
x0 ≤ 0
 - x1 ≤ -4
x1 ≤ 4
 - x2 ≤ 0
x2 ≤ 0
 - 1·x3 ≤ 0
1·x3 ≤ 0

locations (9): 
all_off @0x5693cfee7700 {
Flow.: 
t: [1, 1], x: [4, 4], c1: [0, 0], c2: [0, 0], 
Inv.:
x1 ≤ 16
 - x0 ≤ 0
x0 ≤ 16
Transitions: 
{ @0x5693cfeeea70 all_off (@0x5693cfee7700) -->*v1_on (@0x5693cfee9630)
Guard:
 - x1 ≤ -16

Reset:
Identity
 }
{ @0x5693cfeeee50 all_off (@0x5693cfee7700) -->*v2_on (@0x5693cfeea070)
Guard:
 - x1 ≤ -16

Reset:
Identity
 }

}
v1_on @0x5693cfee9630 {
Flow.: 
t: [1, 1], x: [-2, -2], c1: [1, 1], c2: [0, 0], 
Inv.:
x2 ≤ 2
 - x0 ≤ 0
x0 ≤ 16
Transitions: 
{ @0x5693cfeef180 v1_on (@0x5693cfee9630) --> v1_block (@0x5693cfeeaa90)
Guard:
x1 ≤ 16
 - x2 ≤ -2

Reset:
Identity
]0, 0[, ]0, 0[, [0, 0], 
 }
{ @0x5693cfef1290 v1_on (@0x5693cfee9630) --> v1_block_v2_on (@0x5693cfeebf60)
Guard:
 - x1 ≤ -16
 - x2 ≤ -2

Reset:
Identity
]0, 0[, ]0, 0[, [0, 0], 
 }

}
v2_on @0x5693cfeea070 {
Flow.: 
t: [1, 1], x: [0, 0], c1: [0, 0], c2: [1, 1], 
Inv.:
1·x3 ≤ 1
 - x0 ≤ 0
x0 ≤ 16
Transitions: 
{ @0x5693cfef0080 v2_on (@0x5693cfeea070) --> v2_block (@0x5693cfeeb4d0)
Guard:
x1 ≤ 16
 - 1·x3 ≤ -1

Reset:
Identity
]0, 0[, ]0, 0[, ]0, 0[, [0, 0], 
 }
{ @0x5693cfef1a80 v2_on (@0x5693cfeea070) --> v2_block_v1_on (@0x5693cfeeca10)
Guard:
 - x1 ≤ -16
 - 1·x3 ≤ -1

Reset:
Identity
]0, 0[, ]0, 0[, ]0, 0[, [0, 0], 
 }

}
v1_block @0x5693cfeeaa90 {
Flow.: 
t: [1, 1], x: [4, 4], c1: [0, 0], c2: [0, 0], 
Inv.:
x1 ≤ 16
 - x0 ≤ 0
x0 ≤ 16
Transitions: 
{ @0x5693cfef2d00 v1_block (@0x5693cfeeaa90) --> v1_block_v2_on (@0x5693cfeebf60)
Guard:
 - x1 ≤ -16

Reset:
Identity
 }
{ @0x5693cfef6e90 v1_block (@0x5693cfeeaa90) --> all_off (@0x5693cfee7700)
Guard:

Reset:
Identity
 }

}
v2_block @0x5693cfeeb4d0 {
Flow.: 
t: [1, 1], x: [4, 4], c1: [0, 0], c2: [0, 0], 
Inv.:
x1 ≤ 16
 - x0 ≤ 0
x0 ≤ 16
Transitions: 
{ @0x5693cfef3120 v2_block (@0x5693cfeeb4d0) --> v2_block_v1_on (@0x5693cfeeca10)
Guard:
 - x1 ≤ -16

Reset:
Identity
 }
{ @0x5693cfef75d0 v2_block (@0x5693cfeeb4d0) --> all_off (@0x5693cfee7700)
Guard:

Reset:
Identity
 }

}
v1_block_v2_on @0x5693cfeebf60 {
Flow.: 
t: [1, 1], x: [0, 0], c1: [0, 0], c2: [1, 1], 
Inv.:
1·x3 ≤ 1
 - x0 ≤ 0
x0 ≤ 16
Transitions: 
{ @0x5693cfef34b0 v1_block_v2_on (@0x5693cfeebf60) --> block_safe (@0x5693cfeed4c0)
Guard:
x1 ≤ 16
 - 1·x3 ≤ -1

Reset:
Identity
]0, 0[, ]0, 0[, ]0, 0[, [0, 0], 
 }
{ @0x5693cfef5000 v1_block_v2_on (@0x5693cfeebf60) --> block_unsafe (@0x5693cfeedfd0)
Guard:
 - x1 ≤ -16
 - 1·x3 ≤ -1

Reset:
Identity
]0, 0[, ]0, 0[, ]0, 0[, [0, 0], 
 }
{ @0x5693cfef7030 v1_block_v2_on (@0x5693cfeebf60) --> v2_on (@0x5693cfeea070)
Guard:

Reset:
Identity
 }

}
v2_block_v1_on @0x5693cfeeca10 {
Flow.: 
t: [1, 1], x: [-2, -2], c1: [1, 1], c2: [0, 0], 
Inv.:
x2 ≤ 2
 - x0 ≤ 0
x0 ≤ 16
Transitions: 
{ @0x5693cfef47f0 v2_block_v1_on (@0x5693cfeeca10) --> block_safe (@0x5693cfeed4c0)
Guard:
x1 ≤ 16
 - x2 ≤ -2

Reset:
Identity
]0, 0[, ]0, 0[, [0, 0], 
 }
{ @0x5693cfef6280 v2_block_v1_on (@0x5693cfeeca10) --> block_unsafe (@0x5693cfeedfd0)
Guard:
 - x1 ≤ -16
 - x2 ≤ -2

Reset:
Identity
]0, 0[, ]0, 0[, [0, 0], 
 }
{ @0x5693cfef77b0 v2_block_v1_on (@0x5693cfeeca10) --> v1_on (@0x5693cfee9630)
Guard:

Reset:
Identity
 }

}
block_safe @0x5693cfeed4c0 {
Flow.: 
t: [1, 1], x: [4, 4], c1: [0, 0], c2: [0, 0], 
Inv.:
x1 ≤ 16
 - x0 ≤ 0
x0 ≤ 16
Transitions: 
{ @0x5693cfef6a70 block_safe (@0x5693cfeed4c0) --> block_unsafe (@0x5693cfeedfd0)
Guard:
 - x1 ≤ -16

Reset:
Identity
 }
{ @0x5693cfef7210 block_safe (@0x5693cfeed4c0) --> v2_block (@0x5693cfeeb4d0)
Guard:

Reset:
Identity
 }
{ @0x5693cfef7990 block_safe (@0x5693cfeed4c0) --> v1_block (@0x5693cfeeaa90)
Guard:

Reset:
Identity
 }

}
block_unsafe @0x5693cfeedfd0 {
Flow.: 
t: [1, 1], x: [4, 4], c1: [0, 0], c2: [0, 0], 
Inv.:
 - x0 ≤ 0
x0 ≤ 16
Transitions: 
{ @0x5693cfef73f0 block_unsafe (@0x5693cfeedfd0) --> v2_block_v1_on (@0x5693cfeeca10)
Guard:

Reset:
Identity
 }
{ @0x5693cfef7ba0 block_unsafe (@0x5693cfeedfd0) --> v1_block_v2_on (@0x5693cfeebf60)
Guard:

Reset:
Identity
 }

}
local bad states (0): 

[2025-09-05 11:35:59.204] [debug] Stochasticity Cache:
[2025-09-05 11:35:59.204] [debug] v1_block -> all_off is stochastic transition with random event r4(STOCHASTIC) (index 4)
[2025-09-05 11:35:59.204] [debug] v1_block_v2_on -> v2_on is stochastic transition with random event r4(STOCHASTIC) (index 4)
[2025-09-05 11:35:59.204] [debug] block_safe -> v2_block is stochastic transition with random event r4(STOCHASTIC) (index 4)
[2025-09-05 11:35:59.204] [debug] block_unsafe -> v2_block_v1_on is stochastic transition with random event r4(STOCHASTIC) (index 4)
[2025-09-05 11:35:59.204] [debug] v2_block -> all_off is stochastic transition with random event r5(STOCHASTIC) (index 5)
[2025-09-05 11:35:59.204] [debug] v2_block_v1_on -> v1_on is stochastic transition with random event r5(STOCHASTIC) (index 5)
[2025-09-05 11:35:59.204] [debug] block_safe -> v1_block is stochastic transition with random event r5(STOCHASTIC) (index 5)
[2025-09-05 11:35:59.204] [debug] block_unsafe -> v1_block_v2_on is stochastic transition with random event r5(STOCHASTIC) (index 5)
[2025-09-05 11:35:59.204] [debug] Specification: ( goal location: block_unsafe, constraints:  - x1 ≤ -18
 )
[2025-09-05 11:35:59.204] [info] 1 Model creation: 0
[2025-09-05 11:35:59.204] [info] 2.0 Creating Unified Datastructure from SAC: 0
[2025-09-05 11:36:05.621] [info] runs 3390 | prob 0.9460176991150443 | low 0.9360195102516563 | high 0.9560158879784323
[2025-09-05 11:36:05.779] [debug] RESULT:
training_time, simulation_time, prob, low, high, runs, scheduler_variant, success_path_count, failure_path_count
5204, 16, 0.9460176991150443, 0.9360195102516563, 0.9560158879784323, 3390, 0
# timestamp 05.09.2025 11:35:59 (1757064959), datastructure sac
# timebound 16, expirations {"r": 1, "r1": 0, "r2": 0}
# alpha 0.1, gamma 0.99
# discretization method UNIFORM_GRANULARITY, adaptive compartments 5, uniform granularity 0.25
# scheduler goal: MAXIMIZING, scope: PROPHETIC, history: MEMORYLESS
# training runs 1000000

[2025-09-05 11:36:06.029] [info] 2.1 Simulating on SAC: 6825
[2025-09-05 11:36:06.030] [info] Analysis finished; the goal is not reachable.
[2025-09-05 11:36:06.030] [info] Probability: 0.0
[2025-09-05 11:36:06.030] [info] 2 Analysis: 6825
[2025-09-05 11:36:06.030] [info] 0 Computation Time Complete: 6826
[2025-09-05 11:36:06.030] [info] Counters and timers:
Counters:

Timers:
0 Computation Time Complete: 6826
1 Model creation: 0
2 Analysis: 6825
2.0 Creating Unified Datastructure from SAC: 0
2.1 Simulating on SAC: 6825

