timebound = 9, jump depth = 100, max expirations of random clocks = [{r: 1}, {r1: 0}, {r2: 0}], combine absorbing locations in unrolling = 54, integration bound(s) = 9, integration samples = 500000, model = WATERTANK, model case = CASE_A, LTI analysis = rectangular analysis, scheduler = goal: MAXIMIZING, scope: PROPHETIC, history: HISTORY_DEPENDENT, multithreaded = 1, disableBackwardsRefinement = 0
simulating 0 runs after 1000000 training runs with parameters:
learning rate                 0.1
discount factor               0.99
exploration rate              0.15
discretization method         UNIFORM_GRANULARITY
uniform granularity           0.25
adaptive compartments         5


[2025-09-05 11:35:14.081] [debug] using cli max expirations 0 for random clock r1
[2025-09-05 11:35:14.081] [debug] using cli max expirations 0 for random clock r2
[2025-09-05 11:35:14.082] [warning] no flow specified for variable c1 in location all_off - assuming flow of 0
[2025-09-05 11:35:14.082] [warning] no flow specified for variable c1 in location v2_on - assuming flow of 0
[2025-09-05 11:35:14.082] [warning] no flow specified for variable c1 in location v1_block - assuming flow of 0
[2025-09-05 11:35:14.082] [warning] no flow specified for variable c1 in location v2_block - assuming flow of 0
[2025-09-05 11:35:14.082] [warning] no flow specified for variable c1 in location v1_block_v2_on - assuming flow of 0
[2025-09-05 11:35:14.082] [warning] no flow specified for variable c1 in location block_safe - assuming flow of 0
[2025-09-05 11:35:14.082] [warning] no flow specified for variable c1 in location block_unsafe - assuming flow of 0
[2025-09-05 11:35:14.082] [warning] no flow specified for variable c2 in location all_off - assuming flow of 0
[2025-09-05 11:35:14.082] [warning] no flow specified for variable c2 in location v1_on - assuming flow of 0
[2025-09-05 11:35:14.082] [warning] no flow specified for variable c2 in location v1_block - assuming flow of 0
[2025-09-05 11:35:14.082] [warning] no flow specified for variable c2 in location v2_block - assuming flow of 0
[2025-09-05 11:35:14.082] [warning] no flow specified for variable c2 in location v2_block_v1_on - assuming flow of 0
[2025-09-05 11:35:14.082] [warning] no flow specified for variable c2 in location block_safe - assuming flow of 0
[2025-09-05 11:35:14.082] [warning] no flow specified for variable c2 in location block_unsafe - assuming flow of 0
[2025-09-05 11:35:14.082] [debug] Clock index for the created transition is: 4
[2025-09-05 11:35:14.082] [debug] Clock index for the created transition is: 4
[2025-09-05 11:35:14.082] [debug] Clock index for the created transition is: 4
[2025-09-05 11:35:14.082] [debug] Clock index for the created transition is: 4
[2025-09-05 11:35:14.082] [debug] Clock index for the created transition is: 5
[2025-09-05 11:35:14.082] [debug] Clock index for the created transition is: 5
[2025-09-05 11:35:14.082] [debug] Clock index for the created transition is: 5
[2025-09-05 11:35:14.082] [debug] Clock index for the created transition is: 5
[2025-09-05 11:35:14.082] [warning] no constraints specified for variable c1 in initial constraint number 0 - assuming [0,0]
[2025-09-05 11:35:14.082] [warning] no constraints specified for variable c2 in initial constraint number 0 - assuming [0,0]
[2025-09-05 11:35:14.082] [debug] Underlying Hybrid Automaton: initial states (1): 
all_off:  - x0 ≤ 0
x0 ≤ 0
 - x1 ≤ -4
x1 ≤ 4
 - x2 ≤ 0
x2 ≤ 0
 - 1·x3 ≤ 0
1·x3 ≤ 0

locations (9): 
all_off @0x648acb91b700 {
Flow.: 
t: [1, 1], x: [4, 4], c1: [0, 0], c2: [0, 0], 
Inv.:
x1 ≤ 16
 - x0 ≤ 0
x0 ≤ 9
Transitions: 
{ @0x648acb922a70 all_off (@0x648acb91b700) -->*v1_on (@0x648acb91d630)
Guard:
 - x1 ≤ -16

Reset:
Identity
 }
{ @0x648acb922e50 all_off (@0x648acb91b700) -->*v2_on (@0x648acb91e070)
Guard:
 - x1 ≤ -16

Reset:
Identity
 }

}
v1_on @0x648acb91d630 {
Flow.: 
t: [1, 1], x: [-2, -2], c1: [1, 1], c2: [0, 0], 
Inv.:
x2 ≤ 2
 - x0 ≤ 0
x0 ≤ 9
Transitions: 
{ @0x648acb923180 v1_on (@0x648acb91d630) --> v1_block (@0x648acb91ea90)
Guard:
x1 ≤ 16
 - x2 ≤ -2

Reset:
Identity
]0, 0[, ]0, 0[, [0, 0], 
 }
{ @0x648acb925290 v1_on (@0x648acb91d630) --> v1_block_v2_on (@0x648acb91ff60)
Guard:
 - x1 ≤ -16
 - x2 ≤ -2

Reset:
Identity
]0, 0[, ]0, 0[, [0, 0], 
 }

}
v2_on @0x648acb91e070 {
Flow.: 
t: [1, 1], x: [0, 0], c1: [0, 0], c2: [1, 1], 
Inv.:
1·x3 ≤ 1
 - x0 ≤ 0
x0 ≤ 9
Transitions: 
{ @0x648acb924080 v2_on (@0x648acb91e070) --> v2_block (@0x648acb91f4d0)
Guard:
x1 ≤ 16
 - 1·x3 ≤ -1

Reset:
Identity
]0, 0[, ]0, 0[, ]0, 0[, [0, 0], 
 }
{ @0x648acb925a80 v2_on (@0x648acb91e070) --> v2_block_v1_on (@0x648acb920a10)
Guard:
 - x1 ≤ -16
 - 1·x3 ≤ -1

Reset:
Identity
]0, 0[, ]0, 0[, ]0, 0[, [0, 0], 
 }

}
v1_block @0x648acb91ea90 {
Flow.: 
t: [1, 1], x: [4, 4], c1: [0, 0], c2: [0, 0], 
Inv.:
x1 ≤ 16
 - x0 ≤ 0
x0 ≤ 9
Transitions: 
{ @0x648acb926d00 v1_block (@0x648acb91ea90) --> v1_block_v2_on (@0x648acb91ff60)
Guard:
 - x1 ≤ -16

Reset:
Identity
 }
{ @0x648acb92ae90 v1_block (@0x648acb91ea90) --> all_off (@0x648acb91b700)
Guard:

Reset:
Identity
 }

}
v2_block @0x648acb91f4d0 {
Flow.: 
t: [1, 1], x: [4, 4], c1: [0, 0], c2: [0, 0], 
Inv.:
x1 ≤ 16
 - x0 ≤ 0
x0 ≤ 9
Transitions: 
{ @0x648acb927120 v2_block (@0x648acb91f4d0) --> v2_block_v1_on (@0x648acb920a10)
Guard:
 - x1 ≤ -16

Reset:
Identity
 }
{ @0x648acb92b5d0 v2_block (@0x648acb91f4d0) --> all_off (@0x648acb91b700)
Guard:

Reset:
Identity
 }

}
v1_block_v2_on @0x648acb91ff60 {
Flow.: 
t: [1, 1], x: [0, 0], c1: [0, 0], c2: [1, 1], 
Inv.:
1·x3 ≤ 1
 - x0 ≤ 0
x0 ≤ 9
Transitions: 
{ @0x648acb9274b0 v1_block_v2_on (@0x648acb91ff60) --> block_safe (@0x648acb9214c0)
Guard:
x1 ≤ 16
 - 1·x3 ≤ -1

Reset:
Identity
]0, 0[, ]0, 0[, ]0, 0[, [0, 0], 
 }
{ @0x648acb929000 v1_block_v2_on (@0x648acb91ff60) --> block_unsafe (@0x648acb921fd0)
Guard:
 - x1 ≤ -16
 - 1·x3 ≤ -1

Reset:
Identity
]0, 0[, ]0, 0[, ]0, 0[, [0, 0], 
 }
{ @0x648acb92b030 v1_block_v2_on (@0x648acb91ff60) --> v2_on (@0x648acb91e070)
Guard:

Reset:
Identity
 }

}
v2_block_v1_on @0x648acb920a10 {
Flow.: 
t: [1, 1], x: [-2, -2], c1: [1, 1], c2: [0, 0], 
Inv.:
x2 ≤ 2
 - x0 ≤ 0
x0 ≤ 9
Transitions: 
{ @0x648acb9287f0 v2_block_v1_on (@0x648acb920a10) --> block_safe (@0x648acb9214c0)
Guard:
x1 ≤ 16
 - x2 ≤ -2

Reset:
Identity
]0, 0[, ]0, 0[, [0, 0], 
 }
{ @0x648acb92a280 v2_block_v1_on (@0x648acb920a10) --> block_unsafe (@0x648acb921fd0)
Guard:
 - x1 ≤ -16
 - x2 ≤ -2

Reset:
Identity
]0, 0[, ]0, 0[, [0, 0], 
 }
{ @0x648acb92b7b0 v2_block_v1_on (@0x648acb920a10) --> v1_on (@0x648acb91d630)
Guard:

Reset:
Identity
 }

}
block_safe @0x648acb9214c0 {
Flow.: 
t: [1, 1], x: [4, 4], c1: [0, 0], c2: [0, 0], 
Inv.:
x1 ≤ 16
 - x0 ≤ 0
x0 ≤ 9
Transitions: 
{ @0x648acb92aa70 block_safe (@0x648acb9214c0) --> block_unsafe (@0x648acb921fd0)
Guard:
 - x1 ≤ -16

Reset:
Identity
 }
{ @0x648acb92b210 block_safe (@0x648acb9214c0) --> v2_block (@0x648acb91f4d0)
Guard:

Reset:
Identity
 }
{ @0x648acb92b990 block_safe (@0x648acb9214c0) --> v1_block (@0x648acb91ea90)
Guard:

Reset:
Identity
 }

}
block_unsafe @0x648acb921fd0 {
Flow.: 
t: [1, 1], x: [4, 4], c1: [0, 0], c2: [0, 0], 
Inv.:
 - x0 ≤ 0
x0 ≤ 9
Transitions: 
{ @0x648acb92b3f0 block_unsafe (@0x648acb921fd0) --> v2_block_v1_on (@0x648acb920a10)
Guard:

Reset:
Identity
 }
{ @0x648acb92bba0 block_unsafe (@0x648acb921fd0) --> v1_block_v2_on (@0x648acb91ff60)
Guard:

Reset:
Identity
 }

}
local bad states (0): 

[2025-09-05 11:35:14.082] [debug] Stochasticity Cache:
[2025-09-05 11:35:14.082] [debug] v1_block -> all_off is stochastic transition with random event r4(STOCHASTIC) (index 4)
[2025-09-05 11:35:14.082] [debug] v1_block_v2_on -> v2_on is stochastic transition with random event r4(STOCHASTIC) (index 4)
[2025-09-05 11:35:14.082] [debug] block_safe -> v2_block is stochastic transition with random event r4(STOCHASTIC) (index 4)
[2025-09-05 11:35:14.082] [debug] block_unsafe -> v2_block_v1_on is stochastic transition with random event r4(STOCHASTIC) (index 4)
[2025-09-05 11:35:14.082] [debug] v2_block -> all_off is stochastic transition with random event r5(STOCHASTIC) (index 5)
[2025-09-05 11:35:14.082] [debug] v2_block_v1_on -> v1_on is stochastic transition with random event r5(STOCHASTIC) (index 5)
[2025-09-05 11:35:14.082] [debug] block_safe -> v1_block is stochastic transition with random event r5(STOCHASTIC) (index 5)
[2025-09-05 11:35:14.082] [debug] block_unsafe -> v1_block_v2_on is stochastic transition with random event r5(STOCHASTIC) (index 5)
[2025-09-05 11:35:14.082] [debug] Specification: ( goal location: block_unsafe, constraints:  - x1 ≤ -18
 )
[2025-09-05 11:35:14.082] [info] 1 Model creation: 0
[2025-09-05 11:35:14.082] [info] 2.0 Creating Unified Datastructure from SAC: 0
[2025-09-05 11:35:17.784] [info] runs 15217 | prob 0.6438851284747322 | low 0.6338855753774224 | high 0.653884681572042
[2025-09-05 11:35:17.819] [debug] RESULT:
training_time, simulation_time, prob, low, high, runs, scheduler_variant, success_path_count, failure_path_count
3423, 44, 0.6438851284747322, 0.6338855753774224, 0.653884681572042, 15217, 0
# timestamp 05.09.2025 11:35:14 (1757064914), datastructure sac
# timebound 9, expirations {"r": 1, "r1": 0, "r2": 0}
# alpha 0.1, gamma 0.99
# discretization method UNIFORM_GRANULARITY, adaptive compartments 5, uniform granularity 0.25
# scheduler goal: MAXIMIZING, scope: PROPHETIC, history: MEMORYLESS
# training runs 1000000

[2025-09-05 11:35:17.870] [info] 2.1 Simulating on SAC: 3787
[2025-09-05 11:35:17.870] [info] Analysis finished; the goal is not reachable.
[2025-09-05 11:35:17.870] [info] Probability: 0.0
[2025-09-05 11:35:17.870] [info] 2 Analysis: 3787
[2025-09-05 11:35:17.870] [info] 0 Computation Time Complete: 3788
[2025-09-05 11:35:17.870] [info] Counters and timers:
Counters:

Timers:
0 Computation Time Complete: 3788
1 Model creation: 0
2 Analysis: 3787
2.0 Creating Unified Datastructure from SAC: 0
2.1 Simulating on SAC: 3787

