timebound = 10, jump depth = 256, max expirations of random clocks = [{r1: 5}, {r2: 5}], combine absorbing locations in unrolling = 63, integration bound(s) = 10, integration samples = 500000, model = WATERTANK, model case = CASE_A, LTI analysis = rectangular analysis, scheduler = goal: MAXIMIZING, scope: PROPHETIC, history: HISTORY_DEPENDENT, multithreaded = 1, disableBackwardsRefinement = 0
simulating 0 runs after 1000000 training runs with parameters:
learning rate                 0.1
discount factor               0.99
exploration rate              0.15
discretization method         UNIFORM_GRANULARITY
uniform granularity           0.25
adaptive compartments         5


[2025-08-29 11:41:34.744] [warning] no flow specified for variable c1 in location all_off - assuming flow of 0
[2025-08-29 11:41:34.744] [warning] no flow specified for variable c1 in location v2_on - assuming flow of 0
[2025-08-29 11:41:34.744] [warning] no flow specified for variable c1 in location v1_block - assuming flow of 0
[2025-08-29 11:41:34.744] [warning] no flow specified for variable c1 in location v2_block - assuming flow of 0
[2025-08-29 11:41:34.744] [warning] no flow specified for variable c1 in location v1_block_v2_on - assuming flow of 0
[2025-08-29 11:41:34.744] [warning] no flow specified for variable c1 in location block_safe - assuming flow of 0
[2025-08-29 11:41:34.744] [warning] no flow specified for variable c1 in location block_unsafe - assuming flow of 0
[2025-08-29 11:41:34.744] [warning] no flow specified for variable c2 in location all_off - assuming flow of 0
[2025-08-29 11:41:34.744] [warning] no flow specified for variable c2 in location v1_on - assuming flow of 0
[2025-08-29 11:41:34.744] [warning] no flow specified for variable c2 in location v1_block - assuming flow of 0
[2025-08-29 11:41:34.744] [warning] no flow specified for variable c2 in location v2_block - assuming flow of 0
[2025-08-29 11:41:34.744] [warning] no flow specified for variable c2 in location v2_block_v1_on - assuming flow of 0
[2025-08-29 11:41:34.744] [warning] no flow specified for variable c2 in location block_safe - assuming flow of 0
[2025-08-29 11:41:34.744] [warning] no flow specified for variable c2 in location block_unsafe - assuming flow of 0
[2025-08-29 11:41:34.749] [warning] no constraints specified for variable c1 in initial constraint number 0 - assuming [0,0]
[2025-08-29 11:41:34.749] [warning] no constraints specified for variable c2 in initial constraint number 0 - assuming [0,0]
[2025-08-29 11:41:34.749] [info] 1 Model creation: 4
[2025-08-29 11:41:34.750] [info] 2.0 Creating Unified Datastructure from SAC: 0
[2025-08-29 11:41:41.224] [info] runs 15100 | prob 0.6498675496688742 | low 0.6398678722012062 | high 0.6598672271365421
[2025-08-29 11:41:41.728] [info] 2.1 Simulating on SAC: 6977
[2025-08-29 11:44:34.166] [info] 2.2 Reachability Analysis: 172437
[2025-08-29 11:44:34.174] [info] 2.3 Augment Reach Tree: 8
[2025-08-29 11:44:34.177] [info] 2.4 Creating Unified Datastructure from Reach Tree: 1
[2025-08-29 11:44:40.515] [info] runs 14984 | prob 0.6555659369994661 | low 0.6455660932586841 | high 0.6655657807402481
[2025-08-29 11:44:41.030] [info] 2.5 Simulating on full Reach Tree: 6853
[2025-08-29 11:44:42.257] [info] 2.6.0 Labeling Reach Tree Nodes: 1226
[2025-08-29 11:44:42.258] [info] 2.6.1 Removing Unfulfilling Subtrees: 0
[2025-08-29 11:44:42.258] [info] 2.6 Pre-checking and Reduction: 1227
[2025-08-29 11:44:42.258] [info] node count before and after reduction 8264 6939
[2025-08-29 11:44:48.470] [info] runs 15099 | prob 0.6499105901053049 | low 0.639910865034037 | high 0.6599103151765728
[2025-08-29 11:44:48.920] [info] 2.7 Simulating on reduced Reach Tree: 6661
[2025-08-29 11:44:49.005] [info] Analysis finished; the goal is not reachable.
[2025-08-29 11:44:49.005] [info] Probability: 0.0
[2025-08-29 11:44:49.005] [info] 2 Analysis: 194256
[2025-08-29 11:44:49.005] [info] 0 Computation Time Complete: 194260
[2025-08-29 11:44:49.005] [info] Counters and timers:
Counters:

Timers:
0 Computation Time Complete: 194260
1 Model creation: 4
2 Analysis: 194256
2.0 Creating Unified Datastructure from SAC: 0
2.1 Simulating on SAC: 6977
2.2 Reachability Analysis: 172437
2.3 Augment Reach Tree: 8
2.4 Creating Unified Datastructure from Reach Tree: 1
2.5 Simulating on full Reach Tree: 6853
2.6 Pre-checking and Reduction: 1227
2.6.0 Labeling Reach Tree Nodes: 1226
2.6.1 Removing Unfulfilling Subtrees: 0
2.7 Simulating on reduced Reach Tree: 6661

