timebound = 10, jump depth = 100, max expirations of random clocks = [{r1: 0}, {r2: 0}], combine absorbing locations in unrolling = 175, integration bound(s) = 10, integration samples = 500000, model = WATERTANK, model case = CASE_A, LTI analysis = rectangular analysis, scheduler = goal: MAXIMIZING, scope: SEMIPROPHETIC, history: HISTORY_DEPENDENT, multithreaded = 1, disableBackwardsRefinement = 0
simulating 0 runs after 5000 training runs with parameters:
learning rate                 0.15
discount factor               1
exploration rate              0.15
uniform granularity           0.5
adaptive compartments         5


[2025-10-02 22:51:42.372] [warning] no flow specified for variable c1 in location all_off - assuming flow of 0
[2025-10-02 22:51:42.372] [warning] no flow specified for variable c1 in location v2_on - assuming flow of 0
[2025-10-02 22:51:42.372] [warning] no flow specified for variable c1 in location v1_block - assuming flow of 0
[2025-10-02 22:51:42.372] [warning] no flow specified for variable c1 in location v2_block - assuming flow of 0
[2025-10-02 22:51:42.372] [warning] no flow specified for variable c1 in location v1_block_v2_on - assuming flow of 0
[2025-10-02 22:51:42.372] [warning] no flow specified for variable c1 in location block_safe - assuming flow of 0
[2025-10-02 22:51:42.372] [warning] no flow specified for variable c1 in location block_unsafe - assuming flow of 0
[2025-10-02 22:51:42.372] [warning] no flow specified for variable c2 in location all_off - assuming flow of 0
[2025-10-02 22:51:42.372] [warning] no flow specified for variable c2 in location v1_on - assuming flow of 0
[2025-10-02 22:51:42.372] [warning] no flow specified for variable c2 in location v1_block - assuming flow of 0
[2025-10-02 22:51:42.372] [warning] no flow specified for variable c2 in location v2_block - assuming flow of 0
[2025-10-02 22:51:42.372] [warning] no flow specified for variable c2 in location v2_block_v1_on - assuming flow of 0
[2025-10-02 22:51:42.372] [warning] no flow specified for variable c2 in location block_safe - assuming flow of 0
[2025-10-02 22:51:42.372] [warning] no flow specified for variable c2 in location block_unsafe - assuming flow of 0
[2025-10-02 22:51:42.373] [warning] no constraints specified for variable c1 in initial constraint number 0 - assuming [0,0]
[2025-10-02 22:51:42.373] [warning] no constraints specified for variable c2 in initial constraint number 0 - assuming [0,0]
[2025-10-02 22:51:42.373] [info] 1 Model creation: 0
[2025-10-02 22:51:42.373] [info] 2.0 Creating Unified Datastructure from SAC: 0
[2025-10-02 22:51:42.424] [info] runs 15250 | prob 0.6420983606557377 | low 0.6320985089127681 | high 0.6520982123987072
[2025-10-02 22:51:42.475] [info] runs 15293 | prob 0.6398352187275224 | low 0.6298355823754365 | high 0.6498348550796083
[2025-10-02 22:51:42.525] [info] runs 15037 | prob 0.6529892930770765 | low 0.6429895296304816 | high 0.6629890565236715
[2025-10-02 22:51:42.576] [info] runs 15210 | prob 0.6442472057856673 | low 0.6342476275318789 | high 0.6542467840394557
[2025-10-02 22:51:42.625] [info] runs 16263 | prob 0.5702514911148004 | low 0.5602518150440359 | high 0.580251167185565
[2025-10-02 22:51:42.675] [info] runs 15074 | prob 0.6511874751227279 | low 0.6411879204781569 | high 0.6611870297672989
[2025-10-02 22:51:42.725] [info] runs 16289 | prob 0.5673153661980478 | low 0.5573154431832933 | high 0.5773152892128023
[2025-10-02 22:51:42.775] [info] runs 15210 | prob 0.644181459566075 | low 0.6341814676451238 | high 0.6541814514870261
[2025-10-02 22:51:42.826] [info] runs 15363 | prob 0.636008592071861 | low 0.6260089397361853 | high 0.6460082444075367
[2025-10-02 22:51:42.875] [info] runs 16253 | prob 0.5712176213622101 | low 0.5612176592672197 | high 0.5812175834572005
[2025-10-02 22:51:42.925] [info] runs 16235 | prob 0.5731444410224823 | low 0.5631446200403306 | high 0.583144262004634
[2025-10-02 22:51:42.975] [info] runs 15214 | prob 0.6440120941238333 | low 0.6340123523276033 | high 0.6540118359200633
[2025-10-02 22:51:43.026] [info] runs 15297 | prob 0.6396025364450546 | low 0.6296027971654193 | high 0.6496022757246899
[2025-10-02 22:51:43.076] [info] runs 16200 | prob 0.5766666666666667 | low 0.5666668506705543 | high 0.586666482662779
[2025-10-02 22:51:43.125] [info] runs 16304 | prob 0.565689401373896 | low 0.5556896774452833 | high 0.5756891253025087
[2025-10-02 22:51:43.175] [info] runs 16309 | prob 0.5650867619106015 | low 0.5550869674703517 | high 0.5750865563508513
[2025-10-02 22:51:43.225] [info] runs 15120 | prob 0.6488756613756613 | low 0.6388760948862301 | high 0.6588752278650926
[2025-10-02 22:51:43.276] [info] runs 15206 | prob 0.6444166776272524 | low 0.6344168516301731 | high 0.6544165036243317
[2025-10-02 22:51:43.325] [info] runs 16221 | prob 0.5746254854817828 | low 0.5646258257612103 | high 0.5846251452023553
[2025-10-02 22:51:43.377] [info] runs 15228 | prob 0.6432886787496717 | low 0.6332890051280263 | high 0.653288352371317
[2025-10-02 22:51:43.428] [info] runs 15340 | prob 0.6372229465449805 | low 0.6272229744836421 | high 0.6472229186063189
[2025-10-02 22:51:43.478] [info] runs 15054 | prob 0.6521190381294009 | low 0.6421190686711093 | high 0.6621190075876924
[2025-10-02 22:51:43.529] [info] runs 15137 | prob 0.6480147981766532 | low 0.6380152444619082 | high 0.6580143518913982
[2025-10-02 22:51:43.581] [info] runs 15367 | prob 0.6357779657708076 | low 0.6257782614853222 | high 0.6457776700562929
[2025-10-02 22:51:43.632] [info] runs 15305 | prob 0.6392028748774911 | low 0.6292033334106312 | high 0.6492024163443509
[2025-10-02 22:51:43.632] [info] RESULT:
training_time, simulation_time, prob, low, high, runs
14, 36, 0.6420983606557377, 0.6320985089127681, 0.6520982123987072, 15250
13, 37, 0.6398352187275224, 0.6298355823754365, 0.6498348550796083, 15293
13, 36, 0.6529892930770765, 0.6429895296304816, 0.6629890565236715, 15037
13, 36, 0.6442472057856673, 0.6342476275318789, 0.6542467840394557, 15210
13, 35, 0.5702514911148004, 0.5602518150440359, 0.580251167185565, 16263
13, 36, 0.6511874751227279, 0.6411879204781569, 0.6611870297672989, 15074
13, 35, 0.5673153661980478, 0.5573154431832933, 0.5773152892128023, 16289
13, 36, 0.644181459566075, 0.6341814676451238, 0.6541814514870261, 15210
13, 37, 0.636008592071861, 0.6260089397361853, 0.6460082444075367, 15363
13, 35, 0.5712176213622101, 0.5612176592672197, 0.5812175834572005, 16253
13, 35, 0.5731444410224823, 0.5631446200403306, 0.583144262004634, 16235
13, 37, 0.6440120941238333, 0.6340123523276033, 0.6540118359200633, 15214
13, 37, 0.6396025364450546, 0.6296027971654193, 0.6496022757246899, 15297
13, 35, 0.5766666666666667, 0.5666668506705543, 0.586666482662779, 16200
13, 35, 0.565689401373896, 0.5556896774452833, 0.5756891253025087, 16304
13, 35, 0.5650867619106015, 0.5550869674703517, 0.5750865563508513, 16309
13, 36, 0.6488756613756613, 0.6388760948862301, 0.6588752278650926, 15120
13, 37, 0.6444166776272524, 0.6344168516301731, 0.6544165036243317, 15206
13, 35, 0.5746254854817828, 0.5646258257612103, 0.5846251452023553, 16221
13, 37, 0.6432886787496717, 0.6332890051280263, 0.653288352371317, 15228
13, 37, 0.6372229465449805, 0.6272229744836421, 0.6472229186063189, 15340
13, 36, 0.6521190381294009, 0.6421190686711093, 0.6621190075876924, 15054
13, 36, 0.6480147981766532, 0.6380152444619082, 0.6580143518913982, 15137
13, 37, 0.6357779657708076, 0.6257782614853222, 0.6457776700562929, 15367
13, 37, 0.6392028748774911, 0.6292033334106312, 0.6492024163443509, 15305
# timestamp 02.10.2025 22:51:42 (1759438302), datastructure SAC
# timebound 10, expirations {"r1": 0, "r2": 0}
# alpha 0.15, gamma 1
# fixed points 5, uniform granularity 0.5
# scheduler goal: MAXIMIZING, scope: NONPROPHETIC, history: MEMORYLESS
# training runs 5000

[2025-10-02 22:51:43.632] [info] 2.1 Simulating on SAC: 1259
[2025-10-02 22:51:43.632] [info] Analysis finished; the goal is not reachable.
[2025-10-02 22:51:43.632] [info] Probability: 0.0
[2025-10-02 22:51:43.632] [info] 2 Analysis: 1259
[2025-10-02 22:51:43.632] [info] 0 Computation Time Complete: 1259
[2025-10-02 22:51:43.632] [info] Counters and timers:
Counters:

Timers:
0 Computation Time Complete: 1259
1 Model creation: 0
2 Analysis: 1259
2.0 Creating Unified Datastructure from SAC: 0
2.1 Simulating on SAC: 1259

