timebound = 10, jump depth = 100, max expirations of random clocks = [{r1: 0}, {r2: 0}], combine absorbing locations in unrolling = 163, integration bound(s) = 10, integration samples = 500000, model = WATERTANK, model case = CASE_A, LTI analysis = rectangular analysis, scheduler = goal: MAXIMIZING, scope: PROPHETIC, history: HISTORY_DEPENDENT, multithreaded = 1, disableBackwardsRefinement = 0
simulating 0 runs after 5000 training runs with parameters:
learning rate                 0.25
discount factor               1
exploration rate              0.15
uniform granularity           0.5
adaptive compartments         5


[2025-09-21 00:09:54.121] [warning] no flow specified for variable c1 in location all_off - assuming flow of 0
[2025-09-21 00:09:54.121] [warning] no flow specified for variable c1 in location v2_on - assuming flow of 0
[2025-09-21 00:09:54.121] [warning] no flow specified for variable c1 in location v1_block - assuming flow of 0
[2025-09-21 00:09:54.121] [warning] no flow specified for variable c1 in location v2_block - assuming flow of 0
[2025-09-21 00:09:54.121] [warning] no flow specified for variable c1 in location v1_block_v2_on - assuming flow of 0
[2025-09-21 00:09:54.121] [warning] no flow specified for variable c1 in location block_safe - assuming flow of 0
[2025-09-21 00:09:54.121] [warning] no flow specified for variable c1 in location block_unsafe - assuming flow of 0
[2025-09-21 00:09:54.121] [warning] no flow specified for variable c2 in location all_off - assuming flow of 0
[2025-09-21 00:09:54.121] [warning] no flow specified for variable c2 in location v1_on - assuming flow of 0
[2025-09-21 00:09:54.121] [warning] no flow specified for variable c2 in location v1_block - assuming flow of 0
[2025-09-21 00:09:54.121] [warning] no flow specified for variable c2 in location v2_block - assuming flow of 0
[2025-09-21 00:09:54.121] [warning] no flow specified for variable c2 in location v2_block_v1_on - assuming flow of 0
[2025-09-21 00:09:54.121] [warning] no flow specified for variable c2 in location block_safe - assuming flow of 0
[2025-09-21 00:09:54.121] [warning] no flow specified for variable c2 in location block_unsafe - assuming flow of 0
[2025-09-21 00:09:54.121] [warning] no constraints specified for variable c1 in initial constraint number 0 - assuming [0,0]
[2025-09-21 00:09:54.121] [warning] no constraints specified for variable c2 in initial constraint number 0 - assuming [0,0]
[2025-09-21 00:09:54.121] [info] 1 Model creation: 0
[2025-09-21 00:09:54.121] [info] 

========== ConditionRepresentations ==========
rectangular: 1
0 1 0 0 <= 16
-1 0 0 0 <= 0
1 0 0 0 <= 10
x0 range(-0, 10), x1 below(16), 
========== +++++++++++++++++++ ==========
[2025-09-21 00:09:54.121] [info] 

========== ConditionRepresentations ==========
rectangular: 1
0 0 1 0 <= 2
-1 0 0 0 <= 0
1 0 0 0 <= 10
x0 range(-0, 10), x2 below(2), 
========== +++++++++++++++++++ ==========
[2025-09-21 00:09:54.121] [info] 

========== ConditionRepresentations ==========
rectangular: 1
0 0 0 1 <= 1
-1 0 0 0 <= 0
1 0 0 0 <= 10
x0 range(-0, 10), x3 below(1), 
========== +++++++++++++++++++ ==========
[2025-09-21 00:09:54.121] [info] 

========== ConditionRepresentations ==========
rectangular: 1
0 1 0 0 <= 16
-1 0 0 0 <= 0
1 0 0 0 <= 10
x0 range(-0, 10), x1 below(16), 
========== +++++++++++++++++++ ==========
[2025-09-21 00:09:54.121] [info] 

========== ConditionRepresentations ==========
rectangular: 1
0 1 0 0 <= 16
-1 0 0 0 <= 0
1 0 0 0 <= 10
x0 range(-0, 10), x1 below(16), 
========== +++++++++++++++++++ ==========
[2025-09-21 00:09:54.121] [info] 

========== ConditionRepresentations ==========
rectangular: 1
0 0 0 1 <= 1
-1 0 0 0 <= 0
1 0 0 0 <= 10
x0 range(-0, 10), x3 below(1), 
========== +++++++++++++++++++ ==========
[2025-09-21 00:09:54.121] [info] 

========== ConditionRepresentations ==========
rectangular: 1
0 0 1 0 <= 2
-1 0 0 0 <= 0
1 0 0 0 <= 10
x0 range(-0, 10), x2 below(2), 
========== +++++++++++++++++++ ==========
[2025-09-21 00:09:54.121] [info] 

========== ConditionRepresentations ==========
rectangular: 1
0 1 0 0 <= 16
-1 0 0 0 <= 0
1 0 0 0 <= 10
x0 range(-0, 10), x1 below(16), 
========== +++++++++++++++++++ ==========
[2025-09-21 00:09:54.121] [info] 

========== ConditionRepresentations ==========
rectangular: 1
-1 0 0 0 <= 0
1 0 0 0 <= 10
x0 range(-0, 10), 
========== +++++++++++++++++++ ==========
[2025-09-21 00:09:54.121] [info] 

========== ConditionRepresentations ==========
rectangular: 1
0 -1 0 0 <= -16
x1 above(16), 
========== +++++++++++++++++++ ==========
[2025-09-21 00:09:54.121] [info] 

========== ConditionRepresentations ==========
rectangular: 1
0 -1 0 0 <= -16
x1 above(16), 
========== +++++++++++++++++++ ==========
[2025-09-21 00:09:54.121] [info] 

========== ConditionRepresentations ==========
rectangular: 1
0 1 0 0 <= 16
0 0 -1 0 <= -2
x1 below(16), x2 above(2), 
========== +++++++++++++++++++ ==========
[2025-09-21 00:09:54.121] [info] 

========== ConditionRepresentations ==========
rectangular: 1
0 -1 0 0 <= -16
0 0 -1 0 <= -2
x1 above(16), x2 above(2), 
========== +++++++++++++++++++ ==========
[2025-09-21 00:09:54.121] [info] 

========== ConditionRepresentations ==========
rectangular: 1
0 1 0 0 <= 16
0 0 0 -1 <= -1
x1 below(16), x3 above(1), 
========== +++++++++++++++++++ ==========
[2025-09-21 00:09:54.121] [info] 

========== ConditionRepresentations ==========
rectangular: 1
0 -1 0 0 <= -16
0 0 0 -1 <= -1
x1 above(16), x3 above(1), 
========== +++++++++++++++++++ ==========
[2025-09-21 00:09:54.121] [info] 

========== ConditionRepresentations ==========
rectangular: 1
0 -1 0 0 <= -16
x1 above(16), 
========== +++++++++++++++++++ ==========
[2025-09-21 00:09:54.121] [info] 

========== ConditionRepresentations ==========
rectangular: 1

========== +++++++++++++++++++ ==========
[2025-09-21 00:09:54.121] [info] 

========== ConditionRepresentations ==========
rectangular: 1
0 -1 0 0 <= -16
x1 above(16), 
========== +++++++++++++++++++ ==========
[2025-09-21 00:09:54.121] [info] 

========== ConditionRepresentations ==========
rectangular: 1

========== +++++++++++++++++++ ==========
[2025-09-21 00:09:54.121] [info] 

========== ConditionRepresentations ==========
rectangular: 1
0 1 0 0 <= 16
0 0 0 -1 <= -1
x1 below(16), x3 above(1), 
========== +++++++++++++++++++ ==========
[2025-09-21 00:09:54.121] [info] 

========== ConditionRepresentations ==========
rectangular: 1
0 -1 0 0 <= -16
0 0 0 -1 <= -1
x1 above(16), x3 above(1), 
========== +++++++++++++++++++ ==========
[2025-09-21 00:09:54.121] [info] 

========== ConditionRepresentations ==========
rectangular: 1

========== +++++++++++++++++++ ==========
[2025-09-21 00:09:54.121] [info] 

========== ConditionRepresentations ==========
rectangular: 1
0 1 0 0 <= 16
0 0 -1 0 <= -2
x1 below(16), x2 above(2), 
========== +++++++++++++++++++ ==========
[2025-09-21 00:09:54.121] [info] 

========== ConditionRepresentations ==========
rectangular: 1
0 -1 0 0 <= -16
0 0 -1 0 <= -2
x1 above(16), x2 above(2), 
========== +++++++++++++++++++ ==========
[2025-09-21 00:09:54.121] [info] 

========== ConditionRepresentations ==========
rectangular: 1

========== +++++++++++++++++++ ==========
[2025-09-21 00:09:54.121] [info] 

========== ConditionRepresentations ==========
rectangular: 1
0 -1 0 0 <= -16
x1 above(16), 
========== +++++++++++++++++++ ==========
[2025-09-21 00:09:54.121] [info] 

========== ConditionRepresentations ==========
rectangular: 1

========== +++++++++++++++++++ ==========
[2025-09-21 00:09:54.121] [info] 

========== ConditionRepresentations ==========
rectangular: 1

========== +++++++++++++++++++ ==========
[2025-09-21 00:09:54.121] [info] 

========== ConditionRepresentations ==========
rectangular: 1

========== +++++++++++++++++++ ==========
[2025-09-21 00:09:54.121] [info] 

========== ConditionRepresentations ==========
rectangular: 1

========== +++++++++++++++++++ ==========
[2025-09-21 00:09:54.121] [info] 

========== ConditionRepresentations ==========
rectangular: 1
-1 0 0 0 <= 0
1 0 0 0 <= 0
0 -1 0 0 <= -4
0 1 0 0 <= 4
0 0 -1 0 <= 0
0 0 1 0 <= 0
0 0 0 -1 <= 0
0 0 0 1 <= 0
x0 point(-0), x1 point(4), x2 point(-0), x3 point(-0), 
========== +++++++++++++++++++ ==========
[2025-09-21 00:09:54.121] [info] 

========== ConditionRepresentations ==========
rectangular: 1
0 -1 0 0 <= -18
x1 above(18), 
========== +++++++++++++++++++ ==========
[2025-09-21 00:09:54.121] [info] 2.0 Creating Unified Datastructure from SAC: 0
[2025-09-21 00:09:54.169] [info] runs 15204 | prob 0.6445672191528545 | low 0.6345676848326527 | high 0.6545667534730564
[2025-09-21 00:09:54.223] [info] runs 15252 | prob 0.6420141620771046 | low 0.6320144455779905 | high 0.6520138785762187
[2025-09-21 00:09:54.273] [info] runs 16255 | prob 0.5710243002153184 | low 0.5610243920285544 | high 0.5810242084020824
[2025-09-21 00:09:54.322] [info] runs 15200 | prob 0.6447368421052632 | low 0.6347370632769757 | high 0.6547366209335507
[2025-09-21 00:09:54.374] [info] runs 15112 | prob 0.649219163578613 | low 0.6392191985482141 | high 0.6592191286090119
[2025-09-21 00:09:54.423] [info] runs 15123 | prob 0.6486808172981551 | low 0.6386809706008874 | high 0.6586806639954228
[2025-09-21 00:09:54.475] [info] runs 15278 | prob 0.6405943186280927 | low 0.6305943965434833 | high 0.6505942407127021
[2025-09-21 00:09:54.530] [info] runs 15117 | prob 0.6490044320963154 | low 0.639004715315928 | high 0.6590041488767029
[2025-09-21 00:09:54.585] [info] runs 15321 | prob 0.638274264081979 | low 0.628274363700241 | high 0.6482741644637169
[2025-09-21 00:09:54.636] [info] runs 15107 | prob 0.6495002316806778 | low 0.6395004557919509 | high 0.6595000075694047
[2025-09-21 00:09:54.686] [info] runs 15011 | prob 0.6542535473985743 | low 0.644253709598271 | high 0.6642533851988777
[2025-09-21 00:09:54.737] [info] runs 16286 | prob 0.5676654795529903 | low 0.5576655982986877 | high 0.5776653608072929
[2025-09-21 00:09:54.787] [info] runs 15179 | prob 0.6458264707820014 | low 0.635826695314258 | high 0.6558262462497448
[2025-09-21 00:09:54.838] [info] runs 15241 | prob 0.6426087527065153 | low 0.6326091118678214 | high 0.6526083935452092
[2025-09-21 00:09:54.887] [info] runs 15288 | prob 0.6401098901098901 | low 0.6301102873818303 | high 0.6501094928379498
[2025-09-21 00:09:54.938] [info] runs 15201 | prob 0.644694427998158 | low 0.6346947101377783 | high 0.6546941458585377
[2025-09-21 00:09:54.986] [info] runs 16259 | prob 0.5705762962051787 | low 0.5605763235451814 | high 0.580576268865176
[2025-09-21 00:09:55.042] [info] runs 15242 | prob 0.6425009841228185 | low 0.6325010024523712 | high 0.6525009657932659
[2025-09-21 00:09:55.098] [info] runs 15310 | prob 0.6388634879163945 | low 0.6288635340356199 | high 0.648863441797169
[2025-09-21 00:09:55.147] [info] runs 15190 | prob 0.6452271231073075 | low 0.6352271580077785 | high 0.6552270882068364
[2025-09-21 00:09:55.199] [info] runs 15296 | prob 0.6396443514644351 | low 0.6296445385994474 | high 0.6496441643294228
[2025-09-21 00:09:55.251] [info] runs 15306 | prob 0.6390957794329021 | low 0.6290959185220384 | high 0.6490956403437658
[2025-09-21 00:09:55.305] [info] runs 15227 | prob 0.6433309253300059 | low 0.6333311872063514 | high 0.6533306634536604
[2025-09-21 00:09:55.352] [info] runs 16264 | prob 0.5700319724545008 | low 0.5600319755652667 | high 0.5800319693437348
[2025-09-21 00:09:55.407] [info] runs 15258 | prob 0.6416961593917945 | low 0.6316964470938611 | high 0.6516958716897279
[2025-09-21 00:09:55.407] [info] RESULT:
training_time, simulation_time, prob, low, high, runs
13, 34, 0.6445672191528545, 0.6345676848326527, 0.6545667534730564, 15204
13, 39, 0.6420141620771046, 0.6320144455779905, 0.6520138785762187, 15252
13, 36, 0.5710243002153184, 0.5610243920285544, 0.5810242084020824, 16255
13, 34, 0.6447368421052632, 0.6347370632769757, 0.6547366209335507, 15200
13, 38, 0.649219163578613, 0.6392191985482141, 0.6592191286090119, 15112
13, 34, 0.6486808172981551, 0.6386809706008874, 0.6586806639954228, 15123
13, 39, 0.6405943186280927, 0.6305943965434833, 0.6505942407127021, 15278
13, 40, 0.6490044320963154, 0.639004715315928, 0.6590041488767029, 15117
13, 41, 0.638274264081979, 0.628274363700241, 0.6482741644637169, 15321
13, 36, 0.6495002316806778, 0.6395004557919509, 0.6595000075694047, 15107
14, 36, 0.6542535473985743, 0.644253709598271, 0.6642533851988777, 15011
13, 37, 0.5676654795529903, 0.5576655982986877, 0.5776653608072929, 16286
13, 36, 0.6458264707820014, 0.635826695314258, 0.6558262462497448, 15179
13, 36, 0.6426087527065153, 0.6326091118678214, 0.6526083935452092, 15241
13, 35, 0.6401098901098901, 0.6301102873818303, 0.6501094928379498, 15288
13, 37, 0.644694427998158, 0.6346947101377783, 0.6546941458585377, 15201
13, 34, 0.5705762962051787, 0.5605763235451814, 0.580576268865176, 16259
13, 42, 0.6425009841228185, 0.6325010024523712, 0.6525009657932659, 15242
13, 41, 0.6388634879163945, 0.6288635340356199, 0.648863441797169, 15310
13, 35, 0.6452271231073075, 0.6352271580077785, 0.6552270882068364, 15190
13, 38, 0.6396443514644351, 0.6296445385994474, 0.6496441643294228, 15296
13, 37, 0.6390957794329021, 0.6290959185220384, 0.6490956403437658, 15306
14, 39, 0.6433309253300059, 0.6333311872063514, 0.6533306634536604, 15227
13, 33, 0.5700319724545008, 0.5600319755652667, 0.5800319693437348, 16264
13, 41, 0.6416961593917945, 0.6316964470938611, 0.6516958716897279, 15258
# timestamp 21.09.2025 00:09:54 (1758406194), datastructure sac
# timebound 10, expirations {"r1": 0, "r2": 0}
# alpha 0.25, gamma 1
# fixed points 5, uniform granularity 0.5
# scheduler goal: MAXIMIZING, scope: NONPROPHETIC, history: MEMORYLESS
# training runs 5000

[2025-09-21 00:09:55.408] [info] 2.1 Simulating on SAC: 1286
[2025-09-21 00:09:55.408] [info] Analysis finished; the goal is not reachable.
[2025-09-21 00:09:55.408] [info] Probability: 0.0
[2025-09-21 00:09:55.408] [info] 2 Analysis: 1286
[2025-09-21 00:09:55.408] [info] 0 Computation Time Complete: 1287
[2025-09-21 00:09:55.408] [info] Counters and timers:
Counters:

Timers:
0 Computation Time Complete: 1287
1 Model creation: 0
2 Analysis: 1286
2.0 Creating Unified Datastructure from SAC: 0
2.1 Simulating on SAC: 1286

