timebound = 10, jump depth = 100, max expirations of random clocks = [{r1: 0}, {r2: 0}], combine absorbing locations in unrolling = 4, integration bound(s) = 10, integration samples = 500000, model = WATERTANK, model case = CASE_A, LTI analysis = rectangular analysis, scheduler = goal: MAXIMIZING, scope: SEMIPROPHETIC, history: HISTORY_DEPENDENT, multithreaded = 1, disableBackwardsRefinement = 0
simulating 0 runs after 5000 training runs with parameters:
learning rate                 0.1
discount factor               1
exploration rate              0.15
uniform granularity           0.1
adaptive compartments         5


[2025-10-02 22:51:54.786] [warning] no flow specified for variable c1 in location all_off - assuming flow of 0
[2025-10-02 22:51:54.786] [warning] no flow specified for variable c1 in location v2_on - assuming flow of 0
[2025-10-02 22:51:54.786] [warning] no flow specified for variable c1 in location v1_block - assuming flow of 0
[2025-10-02 22:51:54.786] [warning] no flow specified for variable c1 in location v2_block - assuming flow of 0
[2025-10-02 22:51:54.786] [warning] no flow specified for variable c1 in location v1_block_v2_on - assuming flow of 0
[2025-10-02 22:51:54.786] [warning] no flow specified for variable c1 in location block_safe - assuming flow of 0
[2025-10-02 22:51:54.786] [warning] no flow specified for variable c1 in location block_unsafe - assuming flow of 0
[2025-10-02 22:51:54.786] [warning] no flow specified for variable c2 in location all_off - assuming flow of 0
[2025-10-02 22:51:54.786] [warning] no flow specified for variable c2 in location v1_on - assuming flow of 0
[2025-10-02 22:51:54.786] [warning] no flow specified for variable c2 in location v1_block - assuming flow of 0
[2025-10-02 22:51:54.786] [warning] no flow specified for variable c2 in location v2_block - assuming flow of 0
[2025-10-02 22:51:54.786] [warning] no flow specified for variable c2 in location v2_block_v1_on - assuming flow of 0
[2025-10-02 22:51:54.786] [warning] no flow specified for variable c2 in location block_safe - assuming flow of 0
[2025-10-02 22:51:54.786] [warning] no flow specified for variable c2 in location block_unsafe - assuming flow of 0
[2025-10-02 22:51:54.786] [warning] no constraints specified for variable c1 in initial constraint number 0 - assuming [0,0]
[2025-10-02 22:51:54.786] [warning] no constraints specified for variable c2 in initial constraint number 0 - assuming [0,0]
[2025-10-02 22:51:54.786] [info] 1 Model creation: 0
[2025-10-02 22:51:54.786] [info] 2.0 Creating Unified Datastructure from SAC: 0
[2025-10-02 22:51:54.836] [info] runs 16313 | prob 0.5645803960031877 | low 0.5545804920932327 | high 0.5745802999131426
[2025-10-02 22:51:54.887] [info] runs 16309 | prob 0.5650867619106015 | low 0.5550869674703517 | high 0.5750865563508513
[2025-10-02 22:51:54.938] [info] runs 15145 | prob 0.6475404423902278 | low 0.6375404581730495 | high 0.6575404266074061
[2025-10-02 22:51:54.988] [info] runs 16257 | prob 0.5708310266346804 | low 0.5608311740062085 | high 0.5808308792631524
[2025-10-02 22:51:55.038] [info] runs 16289 | prob 0.5673153661980478 | low 0.5573154431832933 | high 0.5773152892128023
[2025-10-02 22:51:55.088] [info] runs 16230 | prob 0.573690696241528 | low 0.5636909746760426 | high 0.5836904178070135
[2025-10-02 22:51:55.138] [info] runs 16222 | prob 0.5744667735174455 | low 0.5644669380207991 | high 0.5844666090140919
[2025-10-02 22:51:55.189] [info] runs 16330 | prob 0.5625842008573179 | low 0.5525843444263208 | high 0.572584057288315
[2025-10-02 22:51:55.238] [info] runs 16230 | prob 0.573690696241528 | low 0.5636909746760426 | high 0.5836904178070135
[2025-10-02 22:51:55.291] [info] runs 15123 | prob 0.6486808172981551 | low 0.6386809706008874 | high 0.6586806639954228
[2025-10-02 22:51:55.338] [info] runs 16283 | prob 0.5680771356629614 | low 0.5580774718473991 | high 0.5780767994785236
[2025-10-02 22:51:55.385] [info] runs 16333 | prob 0.5622359639992653 | low 0.5522361429396516 | high 0.5722357850588791
[2025-10-02 22:51:55.433] [info] runs 15175 | prob 0.6460626029654036 | low 0.6360630165806958 | high 0.6560621893501115
[2025-10-02 22:51:55.481] [info] runs 15234 | prob 0.6429696730996455 | low 0.6329699797676241 | high 0.6529693664316668
[2025-10-02 22:51:55.530] [info] runs 15217 | prob 0.6438194124991785 | low 0.6338194471517266 | high 0.6538193778466305
[2025-10-02 22:51:55.578] [info] runs 15220 | prob 0.6436925098554533 | low 0.6336927346709309 | high 0.6536922850399758
[2025-10-02 22:51:55.626] [info] runs 15147 | prob 0.6474549415725886 | low 0.6374550650656967 | high 0.6574548180794806
[2025-10-02 22:51:55.674] [info] runs 16319 | prob 0.5638825908450272 | low 0.5538827026939903 | high 0.5738824789960641
[2025-10-02 22:51:55.721] [info] runs 16252 | prob 0.5713758306669948 | low 0.5613760214819575 | high 0.5813756398520321
[2025-10-02 22:51:55.769] [info] runs 15364 | prob 0.6359021088258267 | low 0.6259021566314037 | high 0.6459020610202496
[2025-10-02 22:51:55.817] [info] runs 16287 | prob 0.5675692269908515 | low 0.5575693875551655 | high 0.5775690664265376
[2025-10-02 22:51:55.864] [info] runs 16279 | prob 0.568462436267584 | low 0.5584626161944465 | high 0.5784622563407215
[2025-10-02 22:51:55.911] [info] runs 16298 | prob 0.5663271567063444 | low 0.5563273061564457 | high 0.5763270072562431
[2025-10-02 22:51:55.959] [info] runs 16318 | prob 0.5639784287290109 | low 0.553978483329577 | high 0.5739783741284449
[2025-10-02 22:51:56.006] [info] runs 16316 | prob 0.5642927188036283 | low 0.5542929803183818 | high 0.5742924572888748
[2025-10-02 22:51:56.006] [info] RESULT:
training_time, simulation_time, prob, low, high, runs
14, 36, 0.5645803960031877, 0.5545804920932327, 0.5745802999131426, 16313
13, 36, 0.5650867619106015, 0.5550869674703517, 0.5750865563508513, 16309
13, 37, 0.6475404423902278, 0.6375404581730495, 0.6575404266074061, 15145
13, 36, 0.5708310266346804, 0.5608311740062085, 0.5808308792631524, 16257
13, 36, 0.5673153661980478, 0.5573154431832933, 0.5773152892128023, 16289
13, 36, 0.573690696241528, 0.5636909746760426, 0.5836904178070135, 16230
13, 36, 0.5744667735174455, 0.5644669380207991, 0.5844666090140919, 16222
13, 36, 0.5625842008573179, 0.5525843444263208, 0.572584057288315, 16330
13, 36, 0.573690696241528, 0.5636909746760426, 0.5836904178070135, 16230
15, 36, 0.6486808172981551, 0.6386809706008874, 0.6586806639954228, 15123
13, 34, 0.5680771356629614, 0.5580774718473991, 0.5780767994785236, 16283
13, 34, 0.5622359639992653, 0.5522361429396516, 0.5722357850588791, 16333
13, 34, 0.6460626029654036, 0.6360630165806958, 0.6560621893501115, 15175
13, 35, 0.6429696730996455, 0.6329699797676241, 0.6529693664316668, 15234
13, 35, 0.6438194124991785, 0.6338194471517266, 0.6538193778466305, 15217
13, 35, 0.6436925098554533, 0.6336927346709309, 0.6536922850399758, 15220
13, 34, 0.6474549415725886, 0.6374550650656967, 0.6574548180794806, 15147
13, 34, 0.5638825908450272, 0.5538827026939903, 0.5738824789960641, 16319
13, 33, 0.5713758306669948, 0.5613760214819575, 0.5813756398520321, 16252
13, 35, 0.6359021088258267, 0.6259021566314037, 0.6459020610202496, 15364
13, 33, 0.5675692269908515, 0.5575693875551655, 0.5775690664265376, 16287
13, 34, 0.568462436267584, 0.5584626161944465, 0.5784622563407215, 16279
13, 33, 0.5663271567063444, 0.5563273061564457, 0.5763270072562431, 16298
13, 34, 0.5639784287290109, 0.553978483329577, 0.5739783741284449, 16318
13, 34, 0.5642927188036283, 0.5542929803183818, 0.5742924572888748, 16316
# timestamp 02.10.2025 22:51:54 (1759438314), datastructure SAC
# timebound 10, expirations {"r1": 0, "r2": 0}
# alpha 0.1, gamma 1
# fixed points 5, uniform granularity 0.1
# scheduler goal: MAXIMIZING, scope: NONPROPHETIC, history: MEMORYLESS
# training runs 5000

[2025-10-02 22:51:56.006] [info] 2.1 Simulating on SAC: 1220
[2025-10-02 22:51:56.006] [info] Analysis finished; the goal is not reachable.
[2025-10-02 22:51:56.006] [info] Probability: 0.0
[2025-10-02 22:51:56.006] [info] 2 Analysis: 1220
[2025-10-02 22:51:56.006] [info] 0 Computation Time Complete: 1220
[2025-10-02 22:51:56.006] [info] Counters and timers:
Counters:

Timers:
0 Computation Time Complete: 1220
1 Model creation: 0
2 Analysis: 1220
2.0 Creating Unified Datastructure from SAC: 0
2.1 Simulating on SAC: 1220

