timebound = 10, jump depth = 100, max expirations of random clocks = [{r1: 0}, {r2: 0}], combine absorbing locations in unrolling = 220, integration bound(s) = 10, integration samples = 500000, model = WATERTANK, model case = CASE_A, LTI analysis = rectangular analysis, scheduler = goal: MAXIMIZING, scope: SEMIPROPHETIC, history: HISTORY_DEPENDENT, multithreaded = 1, disableBackwardsRefinement = 0
simulating 0 runs after 5000 training runs with parameters:
learning rate                 0.1
discount factor               1
exploration rate              0.15
uniform granularity           0.25
adaptive compartments         5


[2025-10-02 22:51:56.018] [warning] no flow specified for variable c1 in location all_off - assuming flow of 0
[2025-10-02 22:51:56.018] [warning] no flow specified for variable c1 in location v2_on - assuming flow of 0
[2025-10-02 22:51:56.018] [warning] no flow specified for variable c1 in location v1_block - assuming flow of 0
[2025-10-02 22:51:56.018] [warning] no flow specified for variable c1 in location v2_block - assuming flow of 0
[2025-10-02 22:51:56.018] [warning] no flow specified for variable c1 in location v1_block_v2_on - assuming flow of 0
[2025-10-02 22:51:56.018] [warning] no flow specified for variable c1 in location block_safe - assuming flow of 0
[2025-10-02 22:51:56.018] [warning] no flow specified for variable c1 in location block_unsafe - assuming flow of 0
[2025-10-02 22:51:56.018] [warning] no flow specified for variable c2 in location all_off - assuming flow of 0
[2025-10-02 22:51:56.018] [warning] no flow specified for variable c2 in location v1_on - assuming flow of 0
[2025-10-02 22:51:56.018] [warning] no flow specified for variable c2 in location v1_block - assuming flow of 0
[2025-10-02 22:51:56.018] [warning] no flow specified for variable c2 in location v2_block - assuming flow of 0
[2025-10-02 22:51:56.018] [warning] no flow specified for variable c2 in location v2_block_v1_on - assuming flow of 0
[2025-10-02 22:51:56.018] [warning] no flow specified for variable c2 in location block_safe - assuming flow of 0
[2025-10-02 22:51:56.018] [warning] no flow specified for variable c2 in location block_unsafe - assuming flow of 0
[2025-10-02 22:51:56.018] [warning] no constraints specified for variable c1 in initial constraint number 0 - assuming [0,0]
[2025-10-02 22:51:56.018] [warning] no constraints specified for variable c2 in initial constraint number 0 - assuming [0,0]
[2025-10-02 22:51:56.018] [info] 1 Model creation: 0
[2025-10-02 22:51:56.018] [info] 2.0 Creating Unified Datastructure from SAC: 0
[2025-10-02 22:51:56.066] [info] runs 15220 | prob 0.6436925098554533 | low 0.6336927346709309 | high 0.6536922850399758
[2025-10-02 22:51:56.117] [info] runs 16323 | prob 0.5634993567358941 | low 0.5534997015487741 | high 0.5734990119230141
[2025-10-02 22:51:56.166] [info] runs 16222 | prob 0.5744667735174455 | low 0.5644669380207991 | high 0.5844666090140919
[2025-10-02 22:51:56.217] [info] runs 15272 | prob 0.6409769512833945 | low 0.6309774055085325 | high 0.6509764970582564
[2025-10-02 22:51:56.268] [info] runs 15261 | prob 0.6415044885656248 | low 0.6315045789773354 | high 0.6515043981539143
[2025-10-02 22:51:56.319] [info] runs 15131 | prob 0.6482717599629899 | low 0.6382718931860644 | high 0.6582716267399155
[2025-10-02 22:51:56.369] [info] runs 15238 | prob 0.6427352670954194 | low 0.6327354279771494 | high 0.6527351062136894
[2025-10-02 22:51:56.420] [info] runs 15190 | prob 0.6452929558920343 | low 0.6352934085583352 | high 0.6552925032257334
[2025-10-02 22:51:56.471] [info] runs 16333 | prob 0.5622359639992653 | low 0.5522361429396516 | high 0.5722357850588791
[2025-10-02 22:51:56.521] [info] runs 15111 | prob 0.6493283038845874 | low 0.6393287234103358 | high 0.659327884358839
[2025-10-02 22:51:56.571] [info] runs 16231 | prob 0.5735937403733596 | low 0.5635940349347304 | high 0.5835934458119889
[2025-10-02 22:51:56.621] [info] runs 15189 | prob 0.6453354401211403 | low 0.6353358333399272 | high 0.6553350469023534
[2025-10-02 22:51:56.672] [info] runs 15226 | prob 0.6433731774596085 | low 0.6333733749383488 | high 0.6533729799808683
[2025-10-02 22:51:56.722] [info] runs 16177 | prob 0.5788465104778389 | low 0.5688465386285203 | high 0.5888464823271574
[2025-10-02 22:51:56.773] [info] runs 15294 | prob 0.6397933830260233 | low 0.6297938197917309 | high 0.6497929462603157
[2025-10-02 22:51:56.824] [info] runs 15277 | prob 0.6406362505727564 | low 0.630636257316291 | high 0.6506362438292218
[2025-10-02 22:51:56.875] [info] runs 15155 | prob 0.6470471791487957 | low 0.6370473129042656 | high 0.6570470453933258
[2025-10-02 22:51:56.925] [info] runs 15250 | prob 0.6420983606557377 | low 0.6320985089127681 | high 0.6520982123987072
[2025-10-02 22:51:56.976] [info] runs 15135 | prob 0.6481004294681203 | low 0.6381007709571338 | high 0.6581000879791068
[2025-10-02 22:51:57.027] [info] runs 15190 | prob 0.6452929558920343 | low 0.6352934085583352 | high 0.6552925032257334
[2025-10-02 22:51:57.078] [info] runs 15341 | prob 0.6371814092953523 | low 0.6271815166454486 | high 0.6471813019452559
[2025-10-02 22:51:57.130] [info] runs 15286 | prob 0.6401936412403506 | low 0.6301938939165506 | high 0.6501933885641507
[2025-10-02 22:51:57.181] [info] runs 15272 | prob 0.640911471974856 | low 0.6309115251872723 | high 0.6509114187624396
[2025-10-02 22:51:57.232] [info] runs 15185 | prob 0.6455054329930853 | low 0.6355055894916042 | high 0.6555052764945664
[2025-10-02 22:51:57.284] [info] runs 15325 | prob 0.638042414355628 | low 0.6280424320094076 | high 0.6480423967018485
[2025-10-02 22:51:57.284] [info] RESULT:
training_time, simulation_time, prob, low, high, runs
13, 34, 0.6436925098554533, 0.6336927346709309, 0.6536922850399758, 15220
13, 36, 0.5634993567358941, 0.5534997015487741, 0.5734990119230141, 16323
13, 35, 0.5744667735174455, 0.5644669380207991, 0.5844666090140919, 16222
13, 36, 0.6409769512833945, 0.6309774055085325, 0.6509764970582564, 15272
13, 37, 0.6415044885656248, 0.6315045789773354, 0.6515043981539143, 15261
13, 37, 0.6482717599629899, 0.6382718931860644, 0.6582716267399155, 15131
13, 36, 0.6427352670954194, 0.6327354279771494, 0.6527351062136894, 15238
13, 36, 0.6452929558920343, 0.6352934085583352, 0.6552925032257334, 15190
13, 36, 0.5622359639992653, 0.5522361429396516, 0.5722357850588791, 16333
13, 36, 0.6493283038845874, 0.6393287234103358, 0.659327884358839, 15111
13, 36, 0.5735937403733596, 0.5635940349347304, 0.5835934458119889, 16231
13, 36, 0.6453354401211403, 0.6353358333399272, 0.6553350469023534, 15189
13, 36, 0.6433731774596085, 0.6333733749383488, 0.6533729799808683, 15226
13, 35, 0.5788465104778389, 0.5688465386285203, 0.5888464823271574, 16177
13, 37, 0.6397933830260233, 0.6297938197917309, 0.6497929462603157, 15294
13, 37, 0.6406362505727564, 0.630636257316291, 0.6506362438292218, 15277
13, 36, 0.6470471791487957, 0.6370473129042656, 0.6570470453933258, 15155
13, 37, 0.6420983606557377, 0.6320985089127681, 0.6520982123987072, 15250
13, 36, 0.6481004294681203, 0.6381007709571338, 0.6581000879791068, 15135
13, 37, 0.6452929558920343, 0.6352934085583352, 0.6552925032257334, 15190
13, 37, 0.6371814092953523, 0.6271815166454486, 0.6471813019452559, 15341
13, 37, 0.6401936412403506, 0.6301938939165506, 0.6501933885641507, 15286
13, 37, 0.640911471974856, 0.6309115251872723, 0.6509114187624396, 15272
13, 36, 0.6455054329930853, 0.6355055894916042, 0.6555052764945664, 15185
14, 37, 0.638042414355628, 0.6280424320094076, 0.6480423967018485, 15325
# timestamp 02.10.2025 22:51:56 (1759438316), datastructure SAC
# timebound 10, expirations {"r1": 0, "r2": 0}
# alpha 0.1, gamma 1
# fixed points 5, uniform granularity 0.25
# scheduler goal: MAXIMIZING, scope: NONPROPHETIC, history: MEMORYLESS
# training runs 5000

[2025-10-02 22:51:57.284] [info] 2.1 Simulating on SAC: 1265
[2025-10-02 22:51:57.284] [info] Analysis finished; the goal is not reachable.
[2025-10-02 22:51:57.284] [info] Probability: 0.0
[2025-10-02 22:51:57.284] [info] 2 Analysis: 1265
[2025-10-02 22:51:57.284] [info] 0 Computation Time Complete: 1266
[2025-10-02 22:51:57.284] [info] Counters and timers:
Counters:

Timers:
0 Computation Time Complete: 1266
1 Model creation: 0
2 Analysis: 1265
2.0 Creating Unified Datastructure from SAC: 0
2.1 Simulating on SAC: 1265

