timebound = 10, jump depth = 100, max expirations of random clocks = [{r1: 0}, {r2: 0}], combine absorbing locations in unrolling = 124, integration bound(s) = 10, integration samples = 500000, model = WATERTANK, model case = CASE_A, LTI analysis = rectangular analysis, scheduler = goal: MAXIMIZING, scope: PROPHETIC, history: HISTORY_DEPENDENT, multithreaded = 1, disableBackwardsRefinement = 0
simulating 0 runs after 5000 training runs with parameters:
learning rate                 0.1
discount factor               1
exploration rate              0.15
uniform granularity           3
adaptive compartments         5


[2025-09-21 00:10:12.501] [warning] no flow specified for variable c1 in location all_off - assuming flow of 0
[2025-09-21 00:10:12.501] [warning] no flow specified for variable c1 in location v2_on - assuming flow of 0
[2025-09-21 00:10:12.501] [warning] no flow specified for variable c1 in location v1_block - assuming flow of 0
[2025-09-21 00:10:12.501] [warning] no flow specified for variable c1 in location v2_block - assuming flow of 0
[2025-09-21 00:10:12.501] [warning] no flow specified for variable c1 in location v1_block_v2_on - assuming flow of 0
[2025-09-21 00:10:12.501] [warning] no flow specified for variable c1 in location block_safe - assuming flow of 0
[2025-09-21 00:10:12.501] [warning] no flow specified for variable c1 in location block_unsafe - assuming flow of 0
[2025-09-21 00:10:12.501] [warning] no flow specified for variable c2 in location all_off - assuming flow of 0
[2025-09-21 00:10:12.501] [warning] no flow specified for variable c2 in location v1_on - assuming flow of 0
[2025-09-21 00:10:12.501] [warning] no flow specified for variable c2 in location v1_block - assuming flow of 0
[2025-09-21 00:10:12.501] [warning] no flow specified for variable c2 in location v2_block - assuming flow of 0
[2025-09-21 00:10:12.501] [warning] no flow specified for variable c2 in location v2_block_v1_on - assuming flow of 0
[2025-09-21 00:10:12.501] [warning] no flow specified for variable c2 in location block_safe - assuming flow of 0
[2025-09-21 00:10:12.501] [warning] no flow specified for variable c2 in location block_unsafe - assuming flow of 0
[2025-09-21 00:10:12.501] [warning] no constraints specified for variable c1 in initial constraint number 0 - assuming [0,0]
[2025-09-21 00:10:12.501] [warning] no constraints specified for variable c2 in initial constraint number 0 - assuming [0,0]
[2025-09-21 00:10:12.501] [info] 1 Model creation: 0
[2025-09-21 00:10:12.501] [info] 

========== ConditionRepresentations ==========
rectangular: 1
0 1 0 0 <= 16
-1 0 0 0 <= 0
1 0 0 0 <= 10
x0 range(-0, 10), x1 below(16), 
========== +++++++++++++++++++ ==========
[2025-09-21 00:10:12.501] [info] 

========== ConditionRepresentations ==========
rectangular: 1
0 0 1 0 <= 2
-1 0 0 0 <= 0
1 0 0 0 <= 10
x0 range(-0, 10), x2 below(2), 
========== +++++++++++++++++++ ==========
[2025-09-21 00:10:12.501] [info] 

========== ConditionRepresentations ==========
rectangular: 1
0 0 0 1 <= 1
-1 0 0 0 <= 0
1 0 0 0 <= 10
x0 range(-0, 10), x3 below(1), 
========== +++++++++++++++++++ ==========
[2025-09-21 00:10:12.501] [info] 

========== ConditionRepresentations ==========
rectangular: 1
0 1 0 0 <= 16
-1 0 0 0 <= 0
1 0 0 0 <= 10
x0 range(-0, 10), x1 below(16), 
========== +++++++++++++++++++ ==========
[2025-09-21 00:10:12.501] [info] 

========== ConditionRepresentations ==========
rectangular: 1
0 1 0 0 <= 16
-1 0 0 0 <= 0
1 0 0 0 <= 10
x0 range(-0, 10), x1 below(16), 
========== +++++++++++++++++++ ==========
[2025-09-21 00:10:12.501] [info] 

========== ConditionRepresentations ==========
rectangular: 1
0 0 0 1 <= 1
-1 0 0 0 <= 0
1 0 0 0 <= 10
x0 range(-0, 10), x3 below(1), 
========== +++++++++++++++++++ ==========
[2025-09-21 00:10:12.501] [info] 

========== ConditionRepresentations ==========
rectangular: 1
0 0 1 0 <= 2
-1 0 0 0 <= 0
1 0 0 0 <= 10
x0 range(-0, 10), x2 below(2), 
========== +++++++++++++++++++ ==========
[2025-09-21 00:10:12.501] [info] 

========== ConditionRepresentations ==========
rectangular: 1
0 1 0 0 <= 16
-1 0 0 0 <= 0
1 0 0 0 <= 10
x0 range(-0, 10), x1 below(16), 
========== +++++++++++++++++++ ==========
[2025-09-21 00:10:12.501] [info] 

========== ConditionRepresentations ==========
rectangular: 1
-1 0 0 0 <= 0
1 0 0 0 <= 10
x0 range(-0, 10), 
========== +++++++++++++++++++ ==========
[2025-09-21 00:10:12.501] [info] 

========== ConditionRepresentations ==========
rectangular: 1
0 -1 0 0 <= -16
x1 above(16), 
========== +++++++++++++++++++ ==========
[2025-09-21 00:10:12.501] [info] 

========== ConditionRepresentations ==========
rectangular: 1
0 -1 0 0 <= -16
x1 above(16), 
========== +++++++++++++++++++ ==========
[2025-09-21 00:10:12.501] [info] 

========== ConditionRepresentations ==========
rectangular: 1
0 1 0 0 <= 16
0 0 -1 0 <= -2
x1 below(16), x2 above(2), 
========== +++++++++++++++++++ ==========
[2025-09-21 00:10:12.501] [info] 

========== ConditionRepresentations ==========
rectangular: 1
0 -1 0 0 <= -16
0 0 -1 0 <= -2
x1 above(16), x2 above(2), 
========== +++++++++++++++++++ ==========
[2025-09-21 00:10:12.501] [info] 

========== ConditionRepresentations ==========
rectangular: 1
0 1 0 0 <= 16
0 0 0 -1 <= -1
x1 below(16), x3 above(1), 
========== +++++++++++++++++++ ==========
[2025-09-21 00:10:12.501] [info] 

========== ConditionRepresentations ==========
rectangular: 1
0 -1 0 0 <= -16
0 0 0 -1 <= -1
x1 above(16), x3 above(1), 
========== +++++++++++++++++++ ==========
[2025-09-21 00:10:12.501] [info] 

========== ConditionRepresentations ==========
rectangular: 1
0 -1 0 0 <= -16
x1 above(16), 
========== +++++++++++++++++++ ==========
[2025-09-21 00:10:12.501] [info] 

========== ConditionRepresentations ==========
rectangular: 1

========== +++++++++++++++++++ ==========
[2025-09-21 00:10:12.501] [info] 

========== ConditionRepresentations ==========
rectangular: 1
0 -1 0 0 <= -16
x1 above(16), 
========== +++++++++++++++++++ ==========
[2025-09-21 00:10:12.501] [info] 

========== ConditionRepresentations ==========
rectangular: 1

========== +++++++++++++++++++ ==========
[2025-09-21 00:10:12.501] [info] 

========== ConditionRepresentations ==========
rectangular: 1
0 1 0 0 <= 16
0 0 0 -1 <= -1
x1 below(16), x3 above(1), 
========== +++++++++++++++++++ ==========
[2025-09-21 00:10:12.501] [info] 

========== ConditionRepresentations ==========
rectangular: 1
0 -1 0 0 <= -16
0 0 0 -1 <= -1
x1 above(16), x3 above(1), 
========== +++++++++++++++++++ ==========
[2025-09-21 00:10:12.501] [info] 

========== ConditionRepresentations ==========
rectangular: 1

========== +++++++++++++++++++ ==========
[2025-09-21 00:10:12.501] [info] 

========== ConditionRepresentations ==========
rectangular: 1
0 1 0 0 <= 16
0 0 -1 0 <= -2
x1 below(16), x2 above(2), 
========== +++++++++++++++++++ ==========
[2025-09-21 00:10:12.501] [info] 

========== ConditionRepresentations ==========
rectangular: 1
0 -1 0 0 <= -16
0 0 -1 0 <= -2
x1 above(16), x2 above(2), 
========== +++++++++++++++++++ ==========
[2025-09-21 00:10:12.501] [info] 

========== ConditionRepresentations ==========
rectangular: 1

========== +++++++++++++++++++ ==========
[2025-09-21 00:10:12.501] [info] 

========== ConditionRepresentations ==========
rectangular: 1
0 -1 0 0 <= -16
x1 above(16), 
========== +++++++++++++++++++ ==========
[2025-09-21 00:10:12.501] [info] 

========== ConditionRepresentations ==========
rectangular: 1

========== +++++++++++++++++++ ==========
[2025-09-21 00:10:12.501] [info] 

========== ConditionRepresentations ==========
rectangular: 1

========== +++++++++++++++++++ ==========
[2025-09-21 00:10:12.501] [info] 

========== ConditionRepresentations ==========
rectangular: 1

========== +++++++++++++++++++ ==========
[2025-09-21 00:10:12.501] [info] 

========== ConditionRepresentations ==========
rectangular: 1

========== +++++++++++++++++++ ==========
[2025-09-21 00:10:12.501] [info] 

========== ConditionRepresentations ==========
rectangular: 1
-1 0 0 0 <= 0
1 0 0 0 <= 0
0 -1 0 0 <= -4
0 1 0 0 <= 4
0 0 -1 0 <= 0
0 0 1 0 <= 0
0 0 0 -1 <= 0
0 0 0 1 <= 0
x0 point(-0), x1 point(4), x2 point(-0), x3 point(-0), 
========== +++++++++++++++++++ ==========
[2025-09-21 00:10:12.501] [info] 

========== ConditionRepresentations ==========
rectangular: 1
0 -1 0 0 <= -18
x1 above(18), 
========== +++++++++++++++++++ ==========
[2025-09-21 00:10:12.501] [info] 2.0 Creating Unified Datastructure from SAC: 0
[2025-09-21 00:10:12.551] [info] runs 16311 | prob 0.5648335479124518 | low 0.5548336973446668 | high 0.5748333984802367
[2025-09-21 00:10:12.600] [info] runs 16315 | prob 0.5644498927367453 | low 0.554450259311624 | high 0.5744495261618666
[2025-09-21 00:10:12.646] [info] runs 16244 | prob 0.572272839202167 | low 0.5622731995532015 | high 0.5822724788511324
[2025-09-21 00:10:12.695] [info] runs 15172 | prob 0.6461903506459267 | low 0.6361905921263432 | high 0.6561901091655101
[2025-09-21 00:10:12.744] [info] runs 16296 | prob 0.5665807560137457 | low 0.5565809780816698 | high 0.5765805339458215
[2025-09-21 00:10:12.793] [info] runs 15067 | prob 0.6514900112829363 | low 0.6414901503515436 | high 0.661489872214329
[2025-09-21 00:10:12.844] [info] runs 15210 | prob 0.6442472057856673 | low 0.6342476275318789 | high 0.6542467840394557
[2025-09-21 00:10:12.890] [info] runs 16300 | prob 0.5660736196319018 | low 0.5560736992681329 | high 0.5760735399956708
[2025-09-21 00:10:12.940] [info] runs 16278 | prob 0.5686202236146947 | low 0.5586205372677691 | high 0.5786199099616203
[2025-09-21 00:10:12.989] [info] runs 15245 | prob 0.6423745490324697 | low 0.6323747673964328 | high 0.6523743306685066
[2025-09-21 00:10:13.038] [info] runs 15364 | prob 0.6359021088258267 | low 0.6259021566314037 | high 0.6459020610202496
[2025-09-21 00:10:13.086] [info] runs 15259 | prob 0.6416541057736418 | low 0.63165446203738 | high 0.6516537495099036
[2025-09-21 00:10:13.133] [info] runs 16277 | prob 0.5686551575843214 | low 0.5586552618228948 | high 0.578655053345748
[2025-09-21 00:10:13.180] [info] runs 15186 | prob 0.6454629263795602 | low 0.6354631418975631 | high 0.6554627108615572
[2025-09-21 00:10:13.227] [info] runs 15165 | prob 0.6465545664358721 | low 0.6365548328283855 | high 0.6565543000433586
[2025-09-21 00:10:13.275] [info] runs 15242 | prob 0.6425009841228185 | low 0.6325010024523712 | high 0.6525009657932659
[2025-09-21 00:10:13.325] [info] runs 16246 | prob 0.5719561738274037 | low 0.5619562169068819 | high 0.5819561307479255
[2025-09-21 00:10:13.377] [info] runs 15197 | prob 0.6448641179180101 | low 0.63486415682325 | high 0.6548640790127702
[2025-09-21 00:10:13.426] [info] runs 16264 | prob 0.5700319724545008 | low 0.5600319755652667 | high 0.5800319693437348
[2025-09-21 00:10:13.473] [info] runs 15323 | prob 0.6381909547738693 | low 0.6281912082811165 | high 0.6481907012666221
[2025-09-21 00:10:13.522] [info] runs 16296 | prob 0.5665807560137457 | low 0.5565809780816698 | high 0.5765805339458215
[2025-09-21 00:10:13.576] [info] runs 15213 | prob 0.6440544271346874 | low 0.6340546226492529 | high 0.6540542316201219
[2025-09-21 00:10:13.623] [info] runs 15171 | prob 0.6462329444334586 | low 0.6362331287515551 | high 0.656232760115362
[2025-09-21 00:10:13.670] [info] runs 16338 | prob 0.5615742440935243 | low 0.5515742893819608 | high 0.5715741988050878
[2025-09-21 00:10:13.719] [info] runs 15263 | prob 0.6414204284871913 | low 0.631420657077661 | high 0.6514201998967215
[2025-09-21 00:10:13.719] [info] RESULT:
training_time, simulation_time, prob, low, high, runs
14, 35, 0.5648335479124518, 0.5548336973446668, 0.5748333984802367, 16311
13, 35, 0.5644498927367453, 0.554450259311624, 0.5744495261618666, 16315
13, 32, 0.572272839202167, 0.5622731995532015, 0.5822724788511324, 16244
13, 35, 0.6461903506459267, 0.6361905921263432, 0.6561901091655101, 15172
13, 35, 0.5665807560137457, 0.5565809780816698, 0.5765805339458215, 16296
13, 35, 0.6514900112829363, 0.6414901503515436, 0.661489872214329, 15067
13, 38, 0.6442472057856673, 0.6342476275318789, 0.6542467840394557, 15210
13, 32, 0.5660736196319018, 0.5560736992681329, 0.5760735399956708, 16300
13, 36, 0.5686202236146947, 0.5586205372677691, 0.5786199099616203, 16278
13, 35, 0.6423745490324697, 0.6323747673964328, 0.6523743306685066, 15245
12, 36, 0.6359021088258267, 0.6259021566314037, 0.6459020610202496, 15364
13, 34, 0.6416541057736418, 0.63165446203738, 0.6516537495099036, 15259
13, 33, 0.5686551575843214, 0.5586552618228948, 0.578655053345748, 16277
13, 34, 0.6454629263795602, 0.6354631418975631, 0.6554627108615572, 15186
13, 34, 0.6465545664358721, 0.6365548328283855, 0.6565543000433586, 15165
13, 34, 0.6425009841228185, 0.6325010024523712, 0.6525009657932659, 15242
13, 36, 0.5719561738274037, 0.5619562169068819, 0.5819561307479255, 16246
13, 38, 0.6448641179180101, 0.63486415682325, 0.6548640790127702, 15197
13, 35, 0.5700319724545008, 0.5600319755652667, 0.5800319693437348, 16264
13, 34, 0.6381909547738693, 0.6281912082811165, 0.6481907012666221, 15323
13, 35, 0.5665807560137457, 0.5565809780816698, 0.5765805339458215, 16296
13, 40, 0.6440544271346874, 0.6340546226492529, 0.6540542316201219, 15213
13, 33, 0.6462329444334586, 0.6362331287515551, 0.656232760115362, 15171
13, 33, 0.5615742440935243, 0.5515742893819608, 0.5715741988050878, 16338
13, 35, 0.6414204284871913, 0.631420657077661, 0.6514201998967215, 15263
# timestamp 21.09.2025 00:10:12 (1758406212), datastructure sac
# timebound 10, expirations {"r1": 0, "r2": 0}
# alpha 0.1, gamma 1
# fixed points 5, uniform granularity 3
# scheduler goal: MAXIMIZING, scope: NONPROPHETIC, history: MEMORYLESS
# training runs 5000

[2025-09-21 00:10:13.719] [info] 2.1 Simulating on SAC: 1217
[2025-09-21 00:10:13.719] [info] Analysis finished; the goal is not reachable.
[2025-09-21 00:10:13.719] [info] Probability: 0.0
[2025-09-21 00:10:13.719] [info] 2 Analysis: 1217
[2025-09-21 00:10:13.719] [info] 0 Computation Time Complete: 1217
[2025-09-21 00:10:13.719] [info] Counters and timers:
Counters:

Timers:
0 Computation Time Complete: 1217
1 Model creation: 0
2 Analysis: 1217
2.0 Creating Unified Datastructure from SAC: 0
2.1 Simulating on SAC: 1217

