timebound = 7, jump depth = 256, max expirations of random clocks = [{r1: 2}, {r2: 4}], combine absorbing locations in unrolling = 191, integration bound(s) = 7, integration samples = 500000, model = WATERTANK, model case = CASE_A, LTI analysis = rectangular analysis, scheduler = goal: MAXIMIZING, scope: PROPHETIC, history: HISTORY_DEPENDENT, multithreaded = 1, disableBackwardsRefinement = 0
simulating 1000000 runs after 1000000 training runs with parameters:
learning rate                 0.1
discount factor               0.99
exploration rate              0.1
discretization method         UNIFORM_GRANULARITY
uniform granularity           0.25
adaptive compartments         5


[2025-08-27 19:31:36.855] [warning] no flow specified for variable c1 in location all_off - assuming flow of 0
[2025-08-27 19:31:36.855] [warning] no flow specified for variable c1 in location v2_on - assuming flow of 0
[2025-08-27 19:31:36.855] [warning] no flow specified for variable c1 in location v1_block - assuming flow of 0
[2025-08-27 19:31:36.855] [warning] no flow specified for variable c1 in location v2_block - assuming flow of 0
[2025-08-27 19:31:36.855] [warning] no flow specified for variable c1 in location v1_block_v2_on - assuming flow of 0
[2025-08-27 19:31:36.855] [warning] no flow specified for variable c1 in location block_safe - assuming flow of 0
[2025-08-27 19:31:36.855] [warning] no flow specified for variable c1 in location block_unsafe - assuming flow of 0
[2025-08-27 19:31:36.855] [warning] no flow specified for variable c2 in location all_off - assuming flow of 0
[2025-08-27 19:31:36.855] [warning] no flow specified for variable c2 in location v1_on - assuming flow of 0
[2025-08-27 19:31:36.855] [warning] no flow specified for variable c2 in location v1_block - assuming flow of 0
[2025-08-27 19:31:36.855] [warning] no flow specified for variable c2 in location v2_block - assuming flow of 0
[2025-08-27 19:31:36.855] [warning] no flow specified for variable c2 in location v2_block_v1_on - assuming flow of 0
[2025-08-27 19:31:36.855] [warning] no flow specified for variable c2 in location block_safe - assuming flow of 0
[2025-08-27 19:31:36.855] [warning] no flow specified for variable c2 in location block_unsafe - assuming flow of 0
[2025-08-27 19:31:36.856] [warning] no constraints specified for variable c1 in initial constraint number 0 - assuming [0,0]
[2025-08-27 19:31:36.856] [warning] no constraints specified for variable c2 in initial constraint number 0 - assuming [0,0]
[2025-08-27 19:31:36.857] [info] 1 Model creation: 2
[2025-08-27 19:31:36.857] [info] 2.0 Creating Unified Datastructure from SAC: 0
[2025-08-27 19:34:21.136] [info] 2.1 Simulating on SAC: 164279
[2025-08-27 19:34:24.194] [info] 2.2 Reachability Analysis: 3057
[2025-08-27 19:34:24.194] [info] 2.3 Augment Reach Tree: 0
[2025-08-27 19:34:24.194] [info] 2.4 Creating Unified Datastructure from Reach Tree: 0
[2025-08-27 19:37:05.426] [info] 2.5 Simulating on full Reach Tree: 161232
[2025-08-27 19:37:05.443] [info] 2.6.0 Labeling Reach Tree Nodes: 16
[2025-08-27 19:37:05.443] [info] 2.6.1 Removing Unfulfilling Subtrees: 0
[2025-08-27 19:37:05.443] [info] 2.6 Pre-checking and Reduction: 16
[2025-08-27 19:37:05.443] [info] node count before and after reduction 150 124
[2025-08-27 19:39:44.318] [info] 2.7 Simulating on reduced Reach Tree: 158875
[2025-08-27 19:39:44.321] [info] Analysis finished; the goal is not reachable.
[2025-08-27 19:39:44.321] [info] Probability: 0.0
[2025-08-27 19:39:44.321] [info] 2 Analysis: 487464
[2025-08-27 19:39:44.321] [info] 0 Computation Time Complete: 487466
[2025-08-27 19:39:44.321] [info] Counters and timers:
Counters:

Timers:
0 Computation Time Complete: 487466
1 Model creation: 2
2 Analysis: 487464
2.0 Creating Unified Datastructure from SAC: 0
2.1 Simulating on SAC: 164279
2.2 Reachability Analysis: 3057
2.3 Augment Reach Tree: 0
2.4 Creating Unified Datastructure from Reach Tree: 0
2.5 Simulating on full Reach Tree: 161232
2.6 Pre-checking and Reduction: 16
2.6.0 Labeling Reach Tree Nodes: 16
2.6.1 Removing Unfulfilling Subtrees: 0
2.7 Simulating on reduced Reach Tree: 158875

