timebound = 11, jump depth = 100, max expirations of random clocks = [{r1: 0}, {r2: 0}], combine absorbing locations in unrolling = 124, integration bound(s) = 11, integration samples = 500000, model = WATERTANK, model case = CASE_A, LTI analysis = rectangular analysis, scheduler = goal: MAXIMIZING, scope: SEMIPROPHETIC, history: HISTORY_DEPENDENT, multithreaded = 1, disableBackwardsRefinement = 0
simulating 0 runs after 5000 training runs with parameters:
learning rate                 0.1
discount factor               1
exploration rate              0.15
uniform granularity           1
adaptive compartments         5


[2025-10-02 23:18:23.270] [warning] no flow specified for variable c1 in location all_off - assuming flow of 0
[2025-10-02 23:18:23.270] [warning] no flow specified for variable c1 in location v2_on - assuming flow of 0
[2025-10-02 23:18:23.270] [warning] no flow specified for variable c1 in location v1_block - assuming flow of 0
[2025-10-02 23:18:23.270] [warning] no flow specified for variable c1 in location v2_block - assuming flow of 0
[2025-10-02 23:18:23.270] [warning] no flow specified for variable c1 in location v1_block_v2_on - assuming flow of 0
[2025-10-02 23:18:23.270] [warning] no flow specified for variable c1 in location block_safe - assuming flow of 0
[2025-10-02 23:18:23.270] [warning] no flow specified for variable c1 in location block_unsafe - assuming flow of 0
[2025-10-02 23:18:23.270] [warning] no flow specified for variable c2 in location all_off - assuming flow of 0
[2025-10-02 23:18:23.270] [warning] no flow specified for variable c2 in location v1_on - assuming flow of 0
[2025-10-02 23:18:23.270] [warning] no flow specified for variable c2 in location v1_block - assuming flow of 0
[2025-10-02 23:18:23.270] [warning] no flow specified for variable c2 in location v2_block - assuming flow of 0
[2025-10-02 23:18:23.270] [warning] no flow specified for variable c2 in location v2_block_v1_on - assuming flow of 0
[2025-10-02 23:18:23.270] [warning] no flow specified for variable c2 in location block_safe - assuming flow of 0
[2025-10-02 23:18:23.270] [warning] no flow specified for variable c2 in location block_unsafe - assuming flow of 0
[2025-10-02 23:18:23.270] [warning] no constraints specified for variable c1 in initial constraint number 0 - assuming [0,0]
[2025-10-02 23:18:23.270] [warning] no constraints specified for variable c2 in initial constraint number 0 - assuming [0,0]
[2025-10-02 23:18:23.270] [info] 1 Model creation: 0
[2025-10-02 23:18:40.591] [info] 2.2 Reachability Analysis: 17320
[2025-10-02 23:18:40.592] [info] 2.3 Augment Reach Tree: 0
[2025-10-02 23:18:40.626] [info] 2.4 Creating Unified Datastructure from Reach Tree: 0
[2025-10-02 23:18:40.626] [info] 2.5 Simulating on full Reach Tree: 0
[2025-10-02 23:18:40.851] [info] 2.6.0 Labeling Reach Tree Nodes: 225
[2025-10-02 23:18:40.851] [info] 2.6.1 Removing Unfulfilling Subtrees: 0
[2025-10-02 23:18:40.851] [info] 2.6 Pre-checking and Reduction: 225
[2025-10-02 23:18:40.851] [info] node count before and after reduction 890 167
[2025-10-02 23:18:40.851] [info] reach tree compilation time in ms 17320
[2025-10-02 23:18:40.851] [info] reach tree node counts: full 890, reduced 167, goal 22
[2025-10-02 23:18:40.890] [info] runs 12842 | prob 0.7376576857187354 | low 0.7276578898532493 | high 0.7476574815842214
[2025-10-02 23:18:40.929] [info] runs 12962 | prob 0.7338373707761148 | low 0.7238377552692556 | high 0.7438369862829739
[2025-10-02 23:18:40.967] [info] runs 12910 | prob 0.7354763749031759 | low 0.725476390242216 | high 0.7454763595641357
[2025-10-02 23:18:41.005] [info] runs 12752 | prob 0.7405112923462986 | low 0.730511711844724 | high 0.7505108728478733
[2025-10-02 23:18:41.044] [info] runs 12753 | prob 0.7404532266917588 | low 0.7304533116363287 | high 0.750453141747189
[2025-10-02 23:18:41.082] [info] runs 13019 | prob 0.7320070665949766 | low 0.7220076110671374 | high 0.7420065221228158
[2025-10-02 23:18:41.121] [info] runs 12848 | prob 0.7374688667496887 | low 0.7274690890226532 | high 0.7474686444767242
[2025-10-02 23:18:41.159] [info] runs 12711 | prob 0.741798442294076 | low 0.7317989399432323 | high 0.7517979446449197
[2025-10-02 23:18:41.197] [info] runs 12841 | prob 0.73771513122031 | low 0.7277156515957484 | high 0.7477146108448716
[2025-10-02 23:18:41.235] [info] runs 12836 | prob 0.7378466812090994 | low 0.727846871201914 | high 0.7478464912162847
[2025-10-02 23:18:41.273] [info] runs 12723 | prob 0.7414131887133538 | low 0.731413547124723 | high 0.7514128303019847
[2025-10-02 23:18:41.312] [info] runs 12773 | prob 0.7398418539105927 | low 0.7298421402256215 | high 0.7498415675955638
[2025-10-02 23:18:41.355] [info] runs 15283 | prob 0.640319309036184 | low 0.6303193455731841 | high 0.6503192724991838
[2025-10-02 23:18:41.394] [info] runs 12975 | prob 0.7334104046242774 | low 0.7234106968964155 | high 0.7434101123521394
[2025-10-02 23:18:41.433] [info] runs 12879 | prob 0.7364702228433885 | low 0.7264702866134568 | high 0.7464701590733201
[2025-10-02 23:18:41.471] [info] runs 12646 | prob 0.7437925035584374 | low 0.73379270883685 | high 0.7537922982800248
[2025-10-02 23:18:41.510] [info] runs 13026 | prob 0.7317672347612467 | low 0.7217676327530567 | high 0.7417668367694368
[2025-10-02 23:18:41.549] [info] runs 12987 | prob 0.733040733040733 | low 0.7230412397598915 | high 0.7430402263215745
[2025-10-02 23:18:41.587] [info] runs 12691 | prob 0.7424158852730282 | low 0.7324163203884911 | high 0.7524154501575652
[2025-10-02 23:18:41.625] [info] runs 12814 | prob 0.7385671921336039 | low 0.7285676860597012 | high 0.7485666982075065
[2025-10-02 23:18:41.664] [info] runs 12781 | prob 0.7396134887723965 | low 0.7296140622337943 | high 0.7496129153109987
[2025-10-02 23:18:41.703] [info] runs 13045 | prob 0.7311613645074742 | low 0.7211619107688223 | high 0.741160818246126
[2025-10-02 23:18:41.741] [info] runs 12931 | prob 0.7348232928621143 | low 0.7248235473699625 | high 0.7448230383542662
[2025-10-02 23:18:41.779] [info] runs 12706 | prob 0.7419329450653235 | low 0.7319331743065871 | high 0.7519327158240598
[2025-10-02 23:18:41.818] [info] runs 12851 | prob 0.7373745233833943 | low 0.7273747562200622 | high 0.7473742905467263
[2025-10-02 23:18:41.818] [info] RESULT:
training_time, simulation_time, prob, low, high, runs
12, 25, 0.7376576857187354, 0.7276578898532493, 0.7476574815842214, 12842
12, 26, 0.7338373707761148, 0.7238377552692556, 0.7438369862829739, 12962
12, 26, 0.7354763749031759, 0.725476390242216, 0.7454763595641357, 12910
12, 25, 0.7405112923462986, 0.730511711844724, 0.7505108728478733, 12752
12, 25, 0.7404532266917588, 0.7304533116363287, 0.750453141747189, 12753
12, 26, 0.7320070665949766, 0.7220076110671374, 0.7420065221228158, 13019
12, 25, 0.7374688667496887, 0.7274690890226532, 0.7474686444767242, 12848
12, 25, 0.741798442294076, 0.7317989399432323, 0.7517979446449197, 12711
12, 25, 0.73771513122031, 0.7277156515957484, 0.7477146108448716, 12841
12, 25, 0.7378466812090994, 0.727846871201914, 0.7478464912162847, 12836
12, 25, 0.7414131887133538, 0.731413547124723, 0.7514128303019847, 12723
12, 25, 0.7398418539105927, 0.7298421402256215, 0.7498415675955638, 12773
12, 31, 0.640319309036184, 0.6303193455731841, 0.6503192724991838, 15283
12, 26, 0.7334104046242774, 0.7234106968964155, 0.7434101123521394, 12975
12, 25, 0.7364702228433885, 0.7264702866134568, 0.7464701590733201, 12879
12, 25, 0.7437925035584374, 0.73379270883685, 0.7537922982800248, 12646
12, 26, 0.7317672347612467, 0.7217676327530567, 0.7417668367694368, 13026
12, 26, 0.733040733040733, 0.7230412397598915, 0.7430402263215745, 12987
12, 25, 0.7424158852730282, 0.7324163203884911, 0.7524154501575652, 12691
12, 25, 0.7385671921336039, 0.7285676860597012, 0.7485666982075065, 12814
12, 25, 0.7396134887723965, 0.7296140622337943, 0.7496129153109987, 12781
12, 26, 0.7311613645074742, 0.7211619107688223, 0.741160818246126, 13045
12, 25, 0.7348232928621143, 0.7248235473699625, 0.7448230383542662, 12931
12, 25, 0.7419329450653235, 0.7319331743065871, 0.7519327158240598, 12706
12, 25, 0.7373745233833943, 0.7273747562200622, 0.7473742905467263, 12851
# timestamp 02.10.2025 23:18:23 (1759439903), datastructure TREE
# timebound 11, expirations {"r1": 0, "r2": 0}
# alpha 0.1, gamma 1
# fixed points 5, uniform granularity 1
# scheduler goal: MAXIMIZING, scope: NONPROPHETIC, history: DISCRETE_HISTORY
# training runs 5000
# reach tree compilation time in ms 17320
# reach tree node counts: full 890, reduced 167, goal 22

[2025-10-02 23:18:41.859] [info] runs 15296 | prob 0.6396443514644351 | low 0.6296445385994474 | high 0.6496441643294228
[2025-10-02 23:18:41.896] [info] runs 12982 | prob 0.7331690032352488 | low 0.7231691127594313 | high 0.7431688937110663
[2025-10-02 23:18:41.932] [info] runs 13007 | prob 0.7323748750672715 | low 0.7223751640708882 | high 0.7423745860636548
[2025-10-02 23:18:41.969] [info] runs 12982 | prob 0.7331690032352488 | low 0.7231691127594313 | high 0.7431688937110663
[2025-10-02 23:18:42.005] [info] runs 13072 | prob 0.7302631578947368 | low 0.7202635109000826 | high 0.7402628048893911
[2025-10-02 23:18:42.042] [info] runs 12891 | prob 0.736094949965092 | low 0.7260951036836072 | high 0.7460947962465767
[2025-10-02 23:18:42.083] [info] runs 15198 | prob 0.6448216870640874 | low 0.6348217866185527 | high 0.654821587509622
[2025-10-02 23:18:42.119] [info] runs 12773 | prob 0.7398418539105927 | low 0.7298421402256215 | high 0.7498415675955638
[2025-10-02 23:18:42.155] [info] runs 12800 | prob 0.738984375 | low 0.7289845648516619 | high 0.7489841851483382
[2025-10-02 23:18:42.190] [info] runs 12712 | prob 0.7417400881057269 | low 0.7317402425706439 | high 0.7517399336408099
[2025-10-02 23:18:42.226] [info] runs 12655 | prob 0.743500592651126 | low 0.7335006242780558 | high 0.7535005610241962
[2025-10-02 23:18:42.262] [info] runs 12803 | prob 0.7388893228149652 | low 0.728889507090328 | high 0.7488891385396025
[2025-10-02 23:18:42.298] [info] runs 12562 | prob 0.746377965292151 | low 0.7363782102806289 | high 0.756377720303673
[2025-10-02 23:18:42.334] [info] runs 12759 | prob 0.740261776001254 | low 0.7302618189280754 | high 0.7502617330744326
[2025-10-02 23:18:42.370] [info] runs 12998 | prob 0.7326511771041698 | low 0.722651284027146 | high 0.7426510701811937
[2025-10-02 23:18:42.407] [info] runs 12994 | prob 0.732799753732492 | low 0.7228000873285592 | high 0.7427994201364247
[2025-10-02 23:18:42.443] [info] runs 12876 | prob 0.7365641503572538 | low 0.7265641940806512 | high 0.7465641066338563
[2025-10-02 23:18:42.479] [info] runs 12806 | prob 0.7387943151647666 | low 0.7287944948856969 | high 0.7487941354438362
[2025-10-02 23:18:42.515] [info] runs 12703 | prob 0.7420294418641266 | low 0.7320297101126662 | high 0.752029173615587
[2025-10-02 23:18:42.551] [info] runs 12869 | prob 0.736809386898749 | low 0.7268097039324272 | high 0.7468090698650708
[2025-10-02 23:18:42.588] [info] runs 13032 | prob 0.7315837937384899 | low 0.7215843295793428 | high 0.741583257897637
[2025-10-02 23:18:42.624] [info] runs 12937 | prob 0.7346370874236685 | low 0.7246374188293428 | high 0.7446367560179942
[2025-10-02 23:18:42.660] [info] runs 12922 | prob 0.7351029252437703 | low 0.7251030715250683 | high 0.7451027789624723
[2025-10-02 23:18:42.697] [info] runs 12979 | prob 0.7332614222975576 | low 0.7232614781013739 | high 0.7432613664937414
[2025-10-02 23:18:42.733] [info] runs 12793 | prob 0.7392323927147659 | low 0.7292329228856942 | high 0.7492318625438377
[2025-10-02 23:18:42.733] [info] RESULT:
training_time, simulation_time, prob, low, high, runs
11, 29, 0.6396443514644351, 0.6296445385994474, 0.6496441643294228, 15296
11, 25, 0.7331690032352488, 0.7231691127594313, 0.7431688937110663, 12982
11, 24, 0.7323748750672715, 0.7223751640708882, 0.7423745860636548, 13007
11, 24, 0.7331690032352488, 0.7231691127594313, 0.7431688937110663, 12982
11, 25, 0.7302631578947368, 0.7202635109000826, 0.7402628048893911, 13072
11, 24, 0.736094949965092, 0.7260951036836072, 0.7460947962465767, 12891
11, 29, 0.6448216870640874, 0.6348217866185527, 0.654821587509622, 15198
11, 24, 0.7398418539105927, 0.7298421402256215, 0.7498415675955638, 12773
11, 24, 0.738984375, 0.7289845648516619, 0.7489841851483382, 12800
11, 24, 0.7417400881057269, 0.7317402425706439, 0.7517399336408099, 12712
11, 24, 0.743500592651126, 0.7335006242780558, 0.7535005610241962, 12655
11, 24, 0.7388893228149652, 0.728889507090328, 0.7488891385396025, 12803
11, 23, 0.746377965292151, 0.7363782102806289, 0.756377720303673, 12562
11, 24, 0.740261776001254, 0.7302618189280754, 0.7502617330744326, 12759
11, 24, 0.7326511771041698, 0.722651284027146, 0.7426510701811937, 12998
11, 24, 0.732799753732492, 0.7228000873285592, 0.7427994201364247, 12994
11, 24, 0.7365641503572538, 0.7265641940806512, 0.7465641066338563, 12876
11, 24, 0.7387943151647666, 0.7287944948856969, 0.7487941354438362, 12806
11, 24, 0.7420294418641266, 0.7320297101126662, 0.752029173615587, 12703
11, 24, 0.736809386898749, 0.7268097039324272, 0.7468090698650708, 12869
11, 24, 0.7315837937384899, 0.7215843295793428, 0.741583257897637, 13032
11, 24, 0.7346370874236685, 0.7246374188293428, 0.7446367560179942, 12937
11, 24, 0.7351029252437703, 0.7251030715250683, 0.7451027789624723, 12922
11, 24, 0.7332614222975576, 0.7232614781013739, 0.7432613664937414, 12979
11, 24, 0.7392323927147659, 0.7292329228856942, 0.7492318625438377, 12793
# timestamp 02.10.2025 23:18:23 (1759439903), datastructure TREE
# timebound 11, expirations {"r1": 0, "r2": 0}
# alpha 0.1, gamma 1
# fixed points 5, uniform granularity 1
# scheduler goal: MAXIMIZING, scope: NONPROPHETIC, history: MEMORYLESS
# training runs 5000
# reach tree compilation time in ms 17320
# reach tree node counts: full 890, reduced 167, goal 22

[2025-10-02 23:18:42.733] [info] 2.7 Simulating on reduced Reach Tree: 1881
[2025-10-02 23:18:42.745] [info] Analysis finished; the goal is not reachable.
[2025-10-02 23:18:42.745] [info] Probability: 0.0
[2025-10-02 23:18:42.745] [info] 2 Analysis: 19474
[2025-10-02 23:18:42.745] [info] 0 Computation Time Complete: 19474
[2025-10-02 23:18:42.745] [info] Counters and timers:
Counters:

Timers:
0 Computation Time Complete: 19474
1 Model creation: 0
2 Analysis: 19474
2.2 Reachability Analysis: 17320
2.3 Augment Reach Tree: 0
2.4 Creating Unified Datastructure from Reach Tree: 0
2.5 Simulating on full Reach Tree: 0
2.6 Pre-checking and Reduction: 225
2.6.0 Labeling Reach Tree Nodes: 225
2.6.1 Removing Unfulfilling Subtrees: 0
2.7 Simulating on reduced Reach Tree: 1881

timebound = 11, jump depth = 100, max expirations of random clocks = [{r1: 0}, {r2: 0}], combine absorbing locations in unrolling = 78, integration bound(s) = 11, integration samples = 500000, model = WATERTANK, model case = CASE_A, LTI analysis = rectangular analysis, scheduler = goal: MAXIMIZING, scope: SEMIPROPHETIC, history: HISTORY_DEPENDENT, multithreaded = 1, disableBackwardsRefinement = 0
simulating 0 runs after 20000 training runs with parameters:
learning rate                 0.1
discount factor               1
exploration rate              0.15
uniform granularity           1
adaptive compartments         5


[2025-10-02 23:18:42.782] [warning] no flow specified for variable c1 in location all_off - assuming flow of 0
[2025-10-02 23:18:42.782] [warning] no flow specified for variable c1 in location v2_on - assuming flow of 0
[2025-10-02 23:18:42.782] [warning] no flow specified for variable c1 in location v1_block - assuming flow of 0
[2025-10-02 23:18:42.782] [warning] no flow specified for variable c1 in location v2_block - assuming flow of 0
[2025-10-02 23:18:42.782] [warning] no flow specified for variable c1 in location v1_block_v2_on - assuming flow of 0
[2025-10-02 23:18:42.782] [warning] no flow specified for variable c1 in location block_safe - assuming flow of 0
[2025-10-02 23:18:42.782] [warning] no flow specified for variable c1 in location block_unsafe - assuming flow of 0
[2025-10-02 23:18:42.782] [warning] no flow specified for variable c2 in location all_off - assuming flow of 0
[2025-10-02 23:18:42.782] [warning] no flow specified for variable c2 in location v1_on - assuming flow of 0
[2025-10-02 23:18:42.782] [warning] no flow specified for variable c2 in location v1_block - assuming flow of 0
[2025-10-02 23:18:42.782] [warning] no flow specified for variable c2 in location v2_block - assuming flow of 0
[2025-10-02 23:18:42.782] [warning] no flow specified for variable c2 in location v2_block_v1_on - assuming flow of 0
[2025-10-02 23:18:42.782] [warning] no flow specified for variable c2 in location block_safe - assuming flow of 0
[2025-10-02 23:18:42.782] [warning] no flow specified for variable c2 in location block_unsafe - assuming flow of 0
[2025-10-02 23:18:42.782] [warning] no constraints specified for variable c1 in initial constraint number 0 - assuming [0,0]
[2025-10-02 23:18:42.782] [warning] no constraints specified for variable c2 in initial constraint number 0 - assuming [0,0]
[2025-10-02 23:18:42.782] [info] 1 Model creation: 0
[2025-10-02 23:18:59.985] [info] 2.2 Reachability Analysis: 17202
[2025-10-02 23:18:59.986] [info] 2.3 Augment Reach Tree: 0
[2025-10-02 23:18:59.986] [info] 2.4 Creating Unified Datastructure from Reach Tree: 0
[2025-10-02 23:18:59.986] [info] 2.5 Simulating on full Reach Tree: 0
[2025-10-02 23:19:00.215] [info] 2.6.0 Labeling Reach Tree Nodes: 229
[2025-10-02 23:19:00.215] [info] 2.6.1 Removing Unfulfilling Subtrees: 0
[2025-10-02 23:19:00.215] [info] 2.6 Pre-checking and Reduction: 229
[2025-10-02 23:19:00.215] [info] node count before and after reduction 890 167
[2025-10-02 23:19:00.215] [info] reach tree compilation time in ms 17202
[2025-10-02 23:19:00.215] [info] reach tree node counts: full 890, reduced 167, goal 22
[2025-10-02 23:19:00.299] [info] runs 12712 | prob 0.7417400881057269 | low 0.7317402425706439 | high 0.7517399336408099
[2025-10-02 23:19:00.384] [info] runs 12669 | prob 0.7430736443286763 | low 0.7330737606567097 | high 0.7530735280006429
[2025-10-02 23:19:00.470] [info] runs 12410 | prob 0.7510072522159549 | low 0.7410078190427103 | high 0.7610066853891995
[2025-10-02 23:19:00.555] [info] runs 12615 | prob 0.7447483154974237 | low 0.7347485157173146 | high 0.7547481152775328
[2025-10-02 23:19:00.640] [info] runs 12597 | prob 0.7453361911566246 | low 0.7353368355376202 | high 0.7553355467756291
[2025-10-02 23:19:00.723] [info] runs 12403 | prob 0.7511892284124808 | low 0.7411894183337376 | high 0.761189038491224
[2025-10-02 23:19:00.808] [info] runs 12405 | prob 0.7511487303506651 | low 0.741149182255646 | high 0.7611482784456842
[2025-10-02 23:19:00.894] [info] runs 12705 | prob 0.741991341991342 | low 0.7319919157153958 | high 0.7519907682672882
[2025-10-02 23:19:00.978] [info] runs 12573 | prob 0.7460431082478327 | low 0.7360433761772638 | high 0.7560428403184016
[2025-10-02 23:19:01.063] [info] runs 12567 | prob 0.7462401527810933 | low 0.7362405946399583 | high 0.7562397109222284
[2025-10-02 23:19:01.148] [info] runs 12414 | prob 0.7508458192363461 | low 0.7408458316449092 | high 0.7608458068277829
[2025-10-02 23:19:01.233] [info] runs 12677 | prob 0.7428413662538456 | low 0.7328416838112282 | high 0.752841048696463
[2025-10-02 23:19:01.319] [info] runs 12632 | prob 0.7442210259658011 | low 0.734221182804286 | high 0.7542208691273161
[2025-10-02 23:19:01.405] [info] runs 12342 | prob 0.7530384054448226 | low 0.7430389497386651 | high 0.76303786115098
[2025-10-02 23:19:01.490] [info] runs 12561 | prob 0.7464373855584746 | low 0.7364380060181168 | high 0.7564367650988324
[2025-10-02 23:19:01.576] [info] runs 12342 | prob 0.7530384054448226 | low 0.7430389497386651 | high 0.76303786115098
[2025-10-02 23:19:01.661] [info] runs 12648 | prob 0.7437539531941809 | low 0.7337544560470076 | high 0.7537534503413542
[2025-10-02 23:19:01.747] [info] runs 12342 | prob 0.7530384054448226 | low 0.7430389497386651 | high 0.76303786115098
[2025-10-02 23:19:01.832] [info] runs 12539 | prob 0.7471090198580429 | low 0.7371096399902904 | high 0.7571083997257954
[2025-10-02 23:19:01.918] [info] runs 12906 | prob 0.7356268402293507 | low 0.7256271282217243 | high 0.745626552236977
[2025-10-02 23:19:02.003] [info] runs 12475 | prob 0.7490180360721442 | low 0.7390181978058581 | high 0.7590178743384304
[2025-10-02 23:19:02.088] [info] runs 12474 | prob 0.7490780824114157 | low 0.739078638866911 | high 0.7590775259559204
[2025-10-02 23:19:02.172] [info] runs 12394 | prob 0.751492657737615 | low 0.7414933002299534 | high 0.7614920152452765
[2025-10-02 23:19:02.258] [info] runs 12617 | prob 0.7447095189030672 | low 0.7347100123219579 | high 0.7547090254841766
[2025-10-02 23:19:02.342] [info] runs 12316 | prob 0.7538161740824944 | low 0.7438167841864631 | high 0.7638155639785256
[2025-10-02 23:19:02.342] [info] RESULT:
training_time, simulation_time, prob, low, high, runs
55, 28, 0.7417400881057269, 0.7317402425706439, 0.7517399336408099, 12712
56, 28, 0.7430736443286763, 0.7330737606567097, 0.7530735280006429, 12669
56, 28, 0.7510072522159549, 0.7410078190427103, 0.7610066853891995, 12410
56, 28, 0.7447483154974237, 0.7347485157173146, 0.7547481152775328, 12615
56, 28, 0.7453361911566246, 0.7353368355376202, 0.7553355467756291, 12597
55, 27, 0.7511892284124808, 0.7411894183337376, 0.761189038491224, 12403
56, 28, 0.7511487303506651, 0.741149182255646, 0.7611482784456842, 12405
56, 28, 0.741991341991342, 0.7319919157153958, 0.7519907682672882, 12705
56, 28, 0.7460431082478327, 0.7360433761772638, 0.7560428403184016, 12573
56, 28, 0.7462401527810933, 0.7362405946399583, 0.7562397109222284, 12567
55, 28, 0.7508458192363461, 0.7408458316449092, 0.7608458068277829, 12414
56, 28, 0.7428413662538456, 0.7328416838112282, 0.752841048696463, 12677
56, 29, 0.7442210259658011, 0.734221182804286, 0.7542208691273161, 12632
56, 28, 0.7530384054448226, 0.7430389497386651, 0.76303786115098, 12342
57, 28, 0.7464373855584746, 0.7364380060181168, 0.7564367650988324, 12561
57, 28, 0.7530384054448226, 0.7430389497386651, 0.76303786115098, 12342
56, 28, 0.7437539531941809, 0.7337544560470076, 0.7537534503413542, 12648
56, 28, 0.7530384054448226, 0.7430389497386651, 0.76303786115098, 12342
56, 28, 0.7471090198580429, 0.7371096399902904, 0.7571083997257954, 12539
56, 29, 0.7356268402293507, 0.7256271282217243, 0.745626552236977, 12906
56, 28, 0.7490180360721442, 0.7390181978058581, 0.7590178743384304, 12475
56, 28, 0.7490780824114157, 0.739078638866911, 0.7590775259559204, 12474
56, 27, 0.751492657737615, 0.7414933002299534, 0.7614920152452765, 12394
56, 28, 0.7447095189030672, 0.7347100123219579, 0.7547090254841766, 12617
56, 27, 0.7538161740824944, 0.7438167841864631, 0.7638155639785256, 12316
# timestamp 02.10.2025 23:18:42 (1759439922), datastructure TREE
# timebound 11, expirations {"r1": 0, "r2": 0}
# alpha 0.1, gamma 1
# fixed points 5, uniform granularity 1
# scheduler goal: MAXIMIZING, scope: SEMIPROPHETIC, history: MEMORYLESS
# training runs 20000
# reach tree compilation time in ms 17202
# reach tree node counts: full 890, reduced 167, goal 22

[2025-10-02 23:19:02.342] [info] 2.7 Simulating on reduced Reach Tree: 2126
[2025-10-02 23:19:02.352] [info] Analysis finished; the goal is not reachable.
[2025-10-02 23:19:02.352] [info] Probability: 0.0
[2025-10-02 23:19:02.352] [info] 2 Analysis: 19570
[2025-10-02 23:19:02.352] [info] 0 Computation Time Complete: 19570
[2025-10-02 23:19:02.352] [info] Counters and timers:
Counters:

Timers:
0 Computation Time Complete: 19570
1 Model creation: 0
2 Analysis: 19570
2.2 Reachability Analysis: 17202
2.3 Augment Reach Tree: 0
2.4 Creating Unified Datastructure from Reach Tree: 0
2.5 Simulating on full Reach Tree: 0
2.6 Pre-checking and Reduction: 229
2.6.0 Labeling Reach Tree Nodes: 229
2.6.1 Removing Unfulfilling Subtrees: 0
2.7 Simulating on reduced Reach Tree: 2126

timebound = 11, jump depth = 100, max expirations of random clocks = [{r1: 0}, {r2: 0}], combine absorbing locations in unrolling = 198, integration bound(s) = 11, integration samples = 500000, model = WATERTANK, model case = CASE_A, LTI analysis = rectangular analysis, scheduler = goal: MAXIMIZING, scope: SEMIPROPHETIC, history: HISTORY_DEPENDENT, multithreaded = 1, disableBackwardsRefinement = 0
simulating 0 runs after 1000000 training runs with parameters:
learning rate                 0.1
discount factor               1
exploration rate              0.15
uniform granularity           0.5
adaptive compartments         5


[2025-10-02 23:19:02.388] [warning] no flow specified for variable c1 in location all_off - assuming flow of 0
[2025-10-02 23:19:02.388] [warning] no flow specified for variable c1 in location v2_on - assuming flow of 0
[2025-10-02 23:19:02.388] [warning] no flow specified for variable c1 in location v1_block - assuming flow of 0
[2025-10-02 23:19:02.388] [warning] no flow specified for variable c1 in location v2_block - assuming flow of 0
[2025-10-02 23:19:02.388] [warning] no flow specified for variable c1 in location v1_block_v2_on - assuming flow of 0
[2025-10-02 23:19:02.388] [warning] no flow specified for variable c1 in location block_safe - assuming flow of 0
[2025-10-02 23:19:02.388] [warning] no flow specified for variable c1 in location block_unsafe - assuming flow of 0
[2025-10-02 23:19:02.388] [warning] no flow specified for variable c2 in location all_off - assuming flow of 0
[2025-10-02 23:19:02.388] [warning] no flow specified for variable c2 in location v1_on - assuming flow of 0
[2025-10-02 23:19:02.388] [warning] no flow specified for variable c2 in location v1_block - assuming flow of 0
[2025-10-02 23:19:02.388] [warning] no flow specified for variable c2 in location v2_block - assuming flow of 0
[2025-10-02 23:19:02.388] [warning] no flow specified for variable c2 in location v2_block_v1_on - assuming flow of 0
[2025-10-02 23:19:02.388] [warning] no flow specified for variable c2 in location block_safe - assuming flow of 0
[2025-10-02 23:19:02.388] [warning] no flow specified for variable c2 in location block_unsafe - assuming flow of 0
[2025-10-02 23:19:02.388] [warning] no constraints specified for variable c1 in initial constraint number 0 - assuming [0,0]
[2025-10-02 23:19:02.388] [warning] no constraints specified for variable c2 in initial constraint number 0 - assuming [0,0]
[2025-10-02 23:19:02.388] [info] 1 Model creation: 0
[2025-10-02 23:19:19.558] [info] 2.2 Reachability Analysis: 17170
[2025-10-02 23:19:19.559] [info] 2.3 Augment Reach Tree: 0
[2025-10-02 23:19:19.559] [info] 2.4 Creating Unified Datastructure from Reach Tree: 0
[2025-10-02 23:19:19.559] [info] 2.5 Simulating on full Reach Tree: 0
[2025-10-02 23:19:19.784] [info] 2.6.0 Labeling Reach Tree Nodes: 225
[2025-10-02 23:19:19.784] [info] 2.6.1 Removing Unfulfilling Subtrees: 0
[2025-10-02 23:19:19.784] [info] 2.6 Pre-checking and Reduction: 225
[2025-10-02 23:19:19.784] [info] node count before and after reduction 890 167
[2025-10-02 23:19:19.784] [info] reach tree compilation time in ms 17170
[2025-10-02 23:19:19.784] [info] reach tree node counts: full 890, reduced 167, goal 22
[2025-10-02 23:19:22.986] [info] runs 11284 | prob 0.782789790854307 | low 0.77279032012846 | high 0.792789261580154
[2025-10-02 23:19:26.194] [info] runs 11639 | prob 0.7731763897242031 | low 0.7631770471885453 | high 0.7831757322598609
[2025-10-02 23:19:29.400] [info] runs 11587 | prob 0.7745749546906016 | low 0.7645751121132524 | high 0.7845747972679508
[2025-10-02 23:19:32.626] [info] runs 11192 | prob 0.7852037169406719 | low 0.7752037960974384 | high 0.7952036377839055
[2025-10-02 23:19:35.841] [info] runs 11493 | prob 0.7771687113895415 | low 0.7671692894352655 | high 0.7871681333438174
[2025-10-02 23:19:39.057] [info] runs 11251 | prob 0.7836636743400587 | low 0.7736641376324179 | high 0.7936632110476994
[2025-10-02 23:19:42.278] [info] runs 11485 | prob 0.777361776229865 | low 0.7673619647130733 | high 0.7873615877466568
[2025-10-02 23:19:45.483] [info] runs 11508 | prob 0.7767639902676399 | low 0.7667646211645184 | high 0.7867633593707614
[2025-10-02 23:19:48.701] [info] runs 11421 | prob 0.7790911478854742 | low 0.7690912748180905 | high 0.7890910209528579
[2025-10-02 23:19:51.909] [info] runs 11372 | prob 0.7804256067534294 | low 0.7704259743728165 | high 0.7904252391340424
[2025-10-02 23:19:55.123] [info] runs 11376 | prob 0.7803270042194093 | low 0.7703275171850791 | high 0.7903264912537394
[2025-10-02 23:19:58.357] [info] runs 11534 | prob 0.7760534073174961 | low 0.7660540078199597 | high 0.7860528068150324
[2025-10-02 23:20:01.574] [info] runs 11552 | prob 0.775536703601108 | low 0.7655369081830212 | high 0.7855364990191949
[2025-10-02 23:20:04.767] [info] runs 11362 | prob 0.7806724168280232 | low 0.7706724281064161 | high 0.7906724055496304
[2025-10-02 23:20:07.969] [info] runs 11576 | prob 0.7748790601243953 | low 0.7648792556411637 | high 0.784878864607627
[2025-10-02 23:20:11.174] [info] runs 11633 | prob 0.7733172870282816 | low 0.7633175620722862 | high 0.7833170119842771
[2025-10-02 23:20:14.370] [info] runs 11270 | prob 0.7831410825199645 | low 0.7731412541310925 | high 0.7931409109088365
[2025-10-02 23:20:17.585] [info] runs 11502 | prob 0.7769083637628239 | low 0.7669086925695985 | high 0.7869080349560493
[2025-10-02 23:20:20.824] [info] runs 11489 | prob 0.7772652102010619 | low 0.7672655927240923 | high 0.7872648276780314
[2025-10-02 23:20:24.052] [info] runs 11567 | prob 0.7751361632229619 | low 0.7651365247527354 | high 0.7851358016931883
[2025-10-02 23:20:27.260] [info] runs 11461 | prob 0.7780298403280691 | low 0.7680303002196678 | high 0.7880293804364704
[2025-10-02 23:20:30.464] [info] runs 11511 | prob 0.7766484232473286 | low 0.766648513611177 | high 0.7866483328834802
[2025-10-02 23:20:33.665] [info] runs 11286 | prob 0.7827396774765196 | low 0.7727402595491499 | high 0.7927390954038893
[2025-10-02 23:20:36.867] [info] runs 11511 | prob 0.7766484232473286 | low 0.766648513611177 | high 0.7866483328834802
[2025-10-02 23:20:40.071] [info] runs 11659 | prob 0.7726220087486062 | low 0.7626226313975757 | high 0.7826213860996367
[2025-10-02 23:20:40.075] [info] RESULT:
training_time, simulation_time, prob, low, high, runs
3173, 28, 0.782789790854307, 0.77279032012846, 0.792789261580154, 11284
3175, 29, 0.7731763897242031, 0.7631770471885453, 0.7831757322598609, 11639
3174, 29, 0.7745749546906016, 0.7645751121132524, 0.7845747972679508, 11587
3195, 28, 0.7852037169406719, 0.7752037960974384, 0.7952036377839055, 11192
3183, 28, 0.7771687113895415, 0.7671692894352655, 0.7871681333438174, 11493
3183, 28, 0.7836636743400587, 0.7736641376324179, 0.7936632110476994, 11251
3188, 29, 0.777361776229865, 0.7673619647130733, 0.7873615877466568, 11485
3172, 29, 0.7767639902676399, 0.7667646211645184, 0.7867633593707614, 11508
3186, 28, 0.7790911478854742, 0.7690912748180905, 0.7890910209528579, 11421
3176, 28, 0.7804256067534294, 0.7704259743728165, 0.7904252391340424, 11372
3183, 28, 0.7803270042194093, 0.7703275171850791, 0.7903264912537394, 11376
3172, 28, 0.7760534073174961, 0.7660540078199597, 0.7860528068150324, 11534
3185, 28, 0.775536703601108, 0.7655369081830212, 0.7855364990191949, 11552
3160, 28, 0.7806724168280232, 0.7706724281064161, 0.7906724055496304, 11362
3170, 29, 0.7748790601243953, 0.7648792556411637, 0.784878864607627, 11576
3172, 29, 0.7733172870282816, 0.7633175620722862, 0.7833170119842771, 11633
3164, 28, 0.7831410825199645, 0.7731412541310925, 0.7931409109088365, 11270
3182, 28, 0.7769083637628239, 0.7669086925695985, 0.7869080349560493, 11502
3207, 29, 0.7772652102010619, 0.7672655927240923, 0.7872648276780314, 11489
3194, 28, 0.7751361632229619, 0.7651365247527354, 0.7851358016931883, 11567
3175, 28, 0.7780298403280691, 0.7680303002196678, 0.7880293804364704, 11461
3172, 29, 0.7766484232473286, 0.766648513611177, 0.7866483328834802, 11511
3170, 28, 0.7827396774765196, 0.7727402595491499, 0.7927390954038893, 11286
3169, 28, 0.7766484232473286, 0.766648513611177, 0.7866483328834802, 11511
3172, 29, 0.7726220087486062, 0.7626226313975757, 0.7826213860996367, 11659
# timestamp 02.10.2025 23:19:02 (1759439942), datastructure TREE
# timebound 11, expirations {"r1": 0, "r2": 0}
# alpha 0.1, gamma 1
# fixed points 5, uniform granularity 0.5
# scheduler goal: MAXIMIZING, scope: SEMIPROPHETIC, history: HISTORY_DEPENDENT
# training runs 1000000
# reach tree compilation time in ms 17170
# reach tree node counts: full 890, reduced 167, goal 22

[2025-10-02 23:20:40.075] [info] 2.7 Simulating on reduced Reach Tree: 80290
[2025-10-02 23:20:40.084] [info] Analysis finished; the goal is not reachable.
[2025-10-02 23:20:40.084] [info] Probability: 0.0
[2025-10-02 23:20:40.084] [info] 2 Analysis: 97696
[2025-10-02 23:20:40.084] [info] 0 Computation Time Complete: 97696
[2025-10-02 23:20:40.084] [info] Counters and timers:
Counters:

Timers:
0 Computation Time Complete: 97696
1 Model creation: 0
2 Analysis: 97696
2.2 Reachability Analysis: 17170
2.3 Augment Reach Tree: 0
2.4 Creating Unified Datastructure from Reach Tree: 0
2.5 Simulating on full Reach Tree: 0
2.6 Pre-checking and Reduction: 225
2.6.0 Labeling Reach Tree Nodes: 225
2.6.1 Removing Unfulfilling Subtrees: 0
2.7 Simulating on reduced Reach Tree: 80290

