timebound = 14, jump depth = 100, max expirations of random clocks = [{r1: 2}, {r2: 4}], combine absorbing locations in unrolling = 2, integration bound(s) = 14, integration samples = 500000, model = WATERTANK, model case = CASE_A, LTI analysis = rectangular analysis, scheduler = goal: MAXIMIZING, scope: PROPHETIC, history: HISTORY_DEPENDENT, multithreaded = 1, disableBackwardsRefinement = 0
simulating 0 runs after 1000000 training runs with parameters:
learning rate                 0.1
discount factor               1
exploration rate              0.15
discretization method         UNIFORM_GRANULARITY
uniform granularity           0.25
adaptive compartments         5


[2025-08-28 21:19:13.498] [warning] no flow specified for variable c1 in location all_off - assuming flow of 0
[2025-08-28 21:19:13.498] [warning] no flow specified for variable c1 in location v2_on - assuming flow of 0
[2025-08-28 21:19:13.498] [warning] no flow specified for variable c1 in location v1_block - assuming flow of 0
[2025-08-28 21:19:13.498] [warning] no flow specified for variable c1 in location v2_block - assuming flow of 0
[2025-08-28 21:19:13.498] [warning] no flow specified for variable c1 in location v1_block_v2_on - assuming flow of 0
[2025-08-28 21:19:13.498] [warning] no flow specified for variable c1 in location block_safe - assuming flow of 0
[2025-08-28 21:19:13.498] [warning] no flow specified for variable c1 in location block_unsafe - assuming flow of 0
[2025-08-28 21:19:13.498] [warning] no flow specified for variable c2 in location all_off - assuming flow of 0
[2025-08-28 21:19:13.498] [warning] no flow specified for variable c2 in location v1_on - assuming flow of 0
[2025-08-28 21:19:13.498] [warning] no flow specified for variable c2 in location v1_block - assuming flow of 0
[2025-08-28 21:19:13.498] [warning] no flow specified for variable c2 in location v2_block - assuming flow of 0
[2025-08-28 21:19:13.498] [warning] no flow specified for variable c2 in location v2_block_v1_on - assuming flow of 0
[2025-08-28 21:19:13.498] [warning] no flow specified for variable c2 in location block_safe - assuming flow of 0
[2025-08-28 21:19:13.498] [warning] no flow specified for variable c2 in location block_unsafe - assuming flow of 0
[2025-08-28 21:19:13.500] [warning] no constraints specified for variable c1 in initial constraint number 0 - assuming [0,0]
[2025-08-28 21:19:13.500] [warning] no constraints specified for variable c2 in initial constraint number 0 - assuming [0,0]
[2025-08-28 21:19:13.500] [info] 1 Model creation: 2
[2025-08-28 22:00:07.923] [info] 2.2 Reachability Analysis: 2454423
[2025-08-28 22:00:08.038] [info] 2.3 Augment Reach Tree: 114
[2025-08-28 22:00:08.152] [info] 2.4 Creating Unified Datastructure from Reach Tree: 71
[2025-08-28 22:00:14.355] [info] runs 4466 | prob 0.9274518584863413 | low 0.9174531171620817 | high 0.9374505998106009
[2025-08-28 22:00:23.386] [info] runs 4248 | prob 0.931261770244821 | low 0.9212620312678845 | high 0.9412615092217576
[2025-08-28 22:00:27.270] [info] runs 3763 | prob 0.9396757905926123 | low 0.929677780105083 | high 0.9496738010801417
[2025-08-28 22:00:30.761] [info] runs 3478 | prob 0.9445083381253594 | low 0.9345083880075284 | high 0.9545082882431903
[2025-08-28 22:00:30.772] [info] 2.5 Simulating on full Reach Tree: 22619
[2025-08-28 22:02:28.873] [info] 2.6.0 Labeling Reach Tree Nodes: 118099
[2025-08-28 22:02:28.876] [info] 2.6.1 Removing Unfulfilling Subtrees: 3
[2025-08-28 22:02:28.876] [info] 2.6 Pre-checking and Reduction: 118102
[2025-08-28 22:02:28.878] [info] node count before and after reduction 126805 100036
[2025-08-28 22:02:35.147] [info] runs 4505 | prob 0.9267480577136515 | low 0.9167483138599781 | high 0.936747801567325
[2025-08-28 22:02:44.048] [info] runs 4352 | prob 0.9294577205882353 | low 0.9194590794962311 | high 0.9394563616802395
[2025-08-28 22:02:47.943] [info] runs 4047 | prob 0.9347664936990363 | low 0.9247672722606661 | high 0.9447657151374065
[2025-08-28 22:02:51.521] [info] runs 3834 | prob 0.9384454877412624 | low 0.9284465404999448 | high 0.9484444349825799
[2025-08-28 22:02:51.531] [info] 2.7 Simulating on reduced Reach Tree: 22653
[2025-08-28 22:02:53.321] [info] Analysis finished; the goal is not reachable.
[2025-08-28 22:02:53.321] [info] Probability: 0.0
[2025-08-28 22:02:53.321] [info] 2 Analysis: 2619820
[2025-08-28 22:02:53.321] [info] 0 Computation Time Complete: 2619823
[2025-08-28 22:02:53.321] [info] Counters and timers:
Counters:

Timers:
0 Computation Time Complete: 2619823
1 Model creation: 2
2 Analysis: 2619820
2.2 Reachability Analysis: 2454423
2.3 Augment Reach Tree: 114
2.4 Creating Unified Datastructure from Reach Tree: 71
2.5 Simulating on full Reach Tree: 22619
2.6 Pre-checking and Reduction: 118102
2.6.0 Labeling Reach Tree Nodes: 118099
2.6.1 Removing Unfulfilling Subtrees: 3
2.7 Simulating on reduced Reach Tree: 22653

