timebound = 16, jump depth = 100, max expirations of random clocks = [{r1: 0}, {r2: 0}], combine absorbing locations in unrolling = 127, integration bound(s) = 16, integration samples = 500000, model = WATERTANK, model case = CASE_A, LTI analysis = rectangular analysis, scheduler = goal: MAXIMIZING, scope: SEMIPROPHETIC, history: HISTORY_DEPENDENT, multithreaded = 1, disableBackwardsRefinement = 0
simulating 0 runs after 1000000 training runs with parameters:
learning rate                 0.1
discount factor               1
exploration rate              0.15
uniform granularity           0.5
adaptive compartments         5


[2025-10-02 23:29:44.833] [warning] no flow specified for variable c1 in location all_off - assuming flow of 0
[2025-10-02 23:29:44.833] [warning] no flow specified for variable c1 in location v2_on - assuming flow of 0
[2025-10-02 23:29:44.833] [warning] no flow specified for variable c1 in location v1_block - assuming flow of 0
[2025-10-02 23:29:44.833] [warning] no flow specified for variable c1 in location v2_block - assuming flow of 0
[2025-10-02 23:29:44.833] [warning] no flow specified for variable c1 in location v1_block_v2_on - assuming flow of 0
[2025-10-02 23:29:44.833] [warning] no flow specified for variable c1 in location block_safe - assuming flow of 0
[2025-10-02 23:29:44.833] [warning] no flow specified for variable c1 in location block_unsafe - assuming flow of 0
[2025-10-02 23:29:44.833] [warning] no flow specified for variable c2 in location all_off - assuming flow of 0
[2025-10-02 23:29:44.833] [warning] no flow specified for variable c2 in location v1_on - assuming flow of 0
[2025-10-02 23:29:44.833] [warning] no flow specified for variable c2 in location v1_block - assuming flow of 0
[2025-10-02 23:29:44.833] [warning] no flow specified for variable c2 in location v2_block - assuming flow of 0
[2025-10-02 23:29:44.833] [warning] no flow specified for variable c2 in location v2_block_v1_on - assuming flow of 0
[2025-10-02 23:29:44.833] [warning] no flow specified for variable c2 in location block_safe - assuming flow of 0
[2025-10-02 23:29:44.833] [warning] no flow specified for variable c2 in location block_unsafe - assuming flow of 0
[2025-10-02 23:29:44.833] [warning] no constraints specified for variable c1 in initial constraint number 0 - assuming [0,0]
[2025-10-02 23:29:44.833] [warning] no constraints specified for variable c2 in initial constraint number 0 - assuming [0,0]
[2025-10-02 23:29:44.833] [info] 1 Model creation: 0
[2025-10-02 23:45:20.954] [info] 2.2 Reachability Analysis: 936121
[2025-10-02 23:45:20.990] [info] 2.3 Augment Reach Tree: 35
[2025-10-02 23:45:21.022] [info] 2.4 Creating Unified Datastructure from Reach Tree: 20
[2025-10-02 23:45:21.022] [info] 2.5 Simulating on full Reach Tree: 0
[2025-10-02 23:45:34.018] [info] 2.6.0 Labeling Reach Tree Nodes: 12994
[2025-10-02 23:45:34.019] [info] 2.6.1 Removing Unfulfilling Subtrees: 1
[2025-10-02 23:45:34.019] [info] 2.6 Pre-checking and Reduction: 12996
[2025-10-02 23:45:34.020] [info] node count before and after reduction 47894 12126
[2025-10-02 23:45:34.021] [info] reach tree compilation time in ms 936121
[2025-10-02 23:45:34.021] [info] reach tree node counts: full 47894, reduced 12126, goal 1716
[2025-10-02 23:45:38.263] [info] runs 3007 | prob 0.9524442966411706 | low 0.9424465933882016 | high 0.9624419998941396
[2025-10-02 23:45:42.540] [info] runs 3233 | prob 0.9486545004639654 | low 0.9386556923541551 | high 0.9586533085737756
[2025-10-02 23:45:46.774] [info] runs 2805 | prob 0.9557932263814617 | low 0.9457953949541373 | high 0.965791057808786
[2025-10-02 23:45:51.041] [info] runs 2562 | prob 0.9597970335675253 | low 0.9497999102959866 | high 0.969794156839064
[2025-10-02 23:45:55.324] [info] runs 2657 | prob 0.9582235604064735 | low 0.9482247296800549 | high 0.9682223911328921
[2025-10-02 23:45:59.582] [info] runs 2860 | prob 0.9548951048951049 | low 0.9448985003042638 | high 0.9648917094859459
[2025-10-02 23:46:03.848] [info] runs 2772 | prob 0.9563492063492064 | low 0.9463525774837673 | high 0.9663458352146455
[2025-10-02 23:46:08.123] [info] runs 2586 | prob 0.9593967517401392 | low 0.9493987983091168 | high 0.9693947051711616
[2025-10-02 23:46:12.402] [info] runs 3176 | prob 0.9496221662468514 | low 0.9396244506572801 | high 0.9596198818364227
[2025-10-02 23:46:16.666] [info] runs 3137 | prob 0.9502709595154606 | low 0.9402728620103834 | high 0.9602690570205378
[2025-10-02 23:46:20.931] [info] runs 2827 | prob 0.9554297842235585 | low 0.9454319781022495 | high 0.9654275903448675
[2025-10-02 23:46:25.191] [info] runs 2657 | prob 0.9582235604064735 | low 0.9482247296800549 | high 0.9682223911328921
[2025-10-02 23:46:29.434] [info] runs 3261 | prob 0.9481754063170806 | low 0.9381758033805834 | high 0.9581750092535779
[2025-10-02 23:46:33.682] [info] runs 2513 | prob 0.9606048547552726 | low 0.9506084609667697 | high 0.9706012485437755
[2025-10-02 23:46:37.956] [info] runs 3289 | prob 0.9477044694435999 | low 0.9377048684032712 | high 0.9577040704839286
[2025-10-02 23:46:42.216] [info] runs 2634 | prob 0.9586180713743356 | low 0.9486211530719484 | high 0.9686149896767229
[2025-10-02 23:46:46.463] [info] runs 2680 | prob 0.9578358208955224 | low 0.9478359170574142 | high 0.9678357247336307
[2025-10-02 23:46:50.742] [info] runs 2462 | prob 0.9614134849715679 | low 0.9514140671079144 | high 0.9714129028352213
[2025-10-02 23:46:54.999] [info] runs 3426 | prob 0.9454173963806188 | low 0.9354199036270815 | high 0.9554148891341562
[2025-10-02 23:46:59.266] [info] runs 2860 | prob 0.9548951048951049 | low 0.9448985003042638 | high 0.9648917094859459
[2025-10-02 23:47:03.517] [info] runs 2838 | prob 0.9552501761804087 | low 0.9452526191256726 | high 0.9652477332351449
[2025-10-02 23:47:07.788] [info] runs 3166 | prob 0.9497789008212255 | low 0.9397801724786315 | high 0.9597776291638195
[2025-10-02 23:47:12.059] [info] runs 3443 | prob 0.945106012198664 | low 0.9351064726816442 | high 0.9551055517156838
[2025-10-02 23:47:16.337] [info] runs 3326 | prob 0.947083583884546 | low 0.9370841801864686 | high 0.9570829875826236
[2025-10-02 23:47:20.611] [info] runs 2955 | prob 0.9532994923857868 | low 0.9433008140385739 | high 0.9632981707329997
[2025-10-02 23:47:20.651] [info] RESULT:
training_time, simulation_time, prob, low, high, runs
4232, 10, 0.9524442966411706, 0.9424465933882016, 0.9624419998941396, 3007
4224, 10, 0.9486545004639654, 0.9386556923541551, 0.9586533085737756, 3233
4184, 8, 0.9557932263814617, 0.9457953949541373, 0.965791057808786, 2805
4218, 8, 0.9597970335675253, 0.9497999102959866, 0.969794156839064, 2562
4235, 8, 0.9582235604064735, 0.9482247296800549, 0.9682223911328921, 2657
4210, 9, 0.9548951048951049, 0.9448985003042638, 0.9648917094859459, 2860
4216, 9, 0.9563492063492064, 0.9463525774837673, 0.9663458352146455, 2772
4226, 8, 0.9593967517401392, 0.9493987983091168, 0.9693947051711616, 2586
4230, 10, 0.9496221662468514, 0.9396244506572801, 0.9596198818364227, 3176
4212, 10, 0.9502709595154606, 0.9402728620103834, 0.9602690570205378, 3137
4216, 9, 0.9554297842235585, 0.9454319781022495, 0.9654275903448675, 2827
4212, 8, 0.9582235604064735, 0.9482247296800549, 0.9682223911328921, 2657
4201, 10, 0.9481754063170806, 0.9381758033805834, 0.9581750092535779, 3261
4199, 8, 0.9606048547552726, 0.9506084609667697, 0.9706012485437755, 2513
4223, 10, 0.9477044694435999, 0.9377048684032712, 0.9577040704839286, 3289
4211, 8, 0.9586180713743356, 0.9486211530719484, 0.9686149896767229, 2634
4199, 8, 0.9578358208955224, 0.9478359170574142, 0.9678357247336307, 2680
4232, 8, 0.9614134849715679, 0.9514140671079144, 0.9714129028352213, 2462
4207, 11, 0.9454173963806188, 0.9354199036270815, 0.9554148891341562, 3426
4218, 9, 0.9548951048951049, 0.9448985003042638, 0.9648917094859459, 2860
4201, 8, 0.9552501761804087, 0.9452526191256726, 0.9652477332351449, 2838
4222, 10, 0.9497789008212255, 0.9397801724786315, 0.9597776291638195, 3166
4223, 11, 0.945106012198664, 0.9351064726816442, 0.9551055517156838, 3443
4227, 10, 0.947083583884546, 0.9370841801864686, 0.9570829875826236, 3326
4227, 9, 0.9532994923857868, 0.9433008140385739, 0.9632981707329997, 2955
# timestamp 02.10.2025 23:29:44 (1759440584), datastructure TREE
# timebound 16, expirations {"r1": 0, "r2": 0}
# alpha 0.1, gamma 1
# fixed points 5, uniform granularity 0.5
# scheduler goal: MAXIMIZING, scope: SEMIPROPHETIC, history: MEMORYLESS
# training runs 1000000
# reach tree compilation time in ms 936121
# reach tree node counts: full 47894, reduced 12126, goal 1716

[2025-10-02 23:47:23.739] [info] runs 3912 | prob 0.9371165644171779 | low 0.9271186049123271 | high 0.9471145239220288
[2025-10-02 23:47:26.788] [info] runs 3731 | prob 0.940230501206111 | low 0.9302330289178452 | high 0.9502279734943767
[2025-10-02 23:47:29.846] [info] runs 3470 | prob 0.9446685878962536 | low 0.9346707351608372 | high 0.95466644063167
[2025-10-02 23:47:32.915] [info] runs 3942 | prob 0.9365804160324708 | low 0.9265810658173219 | high 0.9465797662476196
[2025-10-02 23:47:35.987] [info] runs 3919 | prob 0.9369737177851493 | low 0.926974114366136 | high 0.9469733212041626
[2025-10-02 23:47:39.078] [info] runs 4025 | prob 0.9351552795031056 | low 0.9251566127795645 | high 0.9451539462266467
[2025-10-02 23:47:42.141] [info] runs 3995 | prob 0.9356695869837297 | low 0.9256705795006219 | high 0.9456685944668375
[2025-10-02 23:47:45.202] [info] runs 3632 | prob 0.9419052863436124 | low 0.931906555824274 | high 0.9519040168629508
[2025-10-02 23:47:48.277] [info] runs 3539 | prob 0.9434868606951116 | low 0.9334880528544652 | high 0.9534856685357579
[2025-10-02 23:47:51.352] [info] runs 3755 | prob 0.9398135818908122 | low 0.9298156310867571 | high 0.9498115326948673
[2025-10-02 23:47:54.429] [info] runs 3399 | prob 0.9458664313033245 | low 0.9358683074590407 | high 0.9558645551476083
[2025-10-02 23:47:57.497] [info] runs 4062 | prob 0.9345150172328902 | low 0.9245164009843884 | high 0.9445136334813921
[2025-10-02 23:48:00.558] [info] runs 3706 | prob 0.940636805180788 | low 0.930637662442257 | high 0.9506359479193189
[2025-10-02 23:48:03.645] [info] runs 3873 | prob 0.9377743351407178 | low 0.9277753469738842 | high 0.9477733233075515
[2025-10-02 23:48:06.727] [info] runs 3950 | prob 0.9364556962025317 | low 0.9264573253411169 | high 0.9464540670639464
[2025-10-02 23:48:09.778] [info] runs 3665 | prob 0.9413369713506139 | low 0.9313378078973654 | high 0.9513361348038624
[2025-10-02 23:48:12.839] [info] runs 4185 | prob 0.9323775388291518 | low 0.9223789314395947 | high 0.9423761462187088
[2025-10-02 23:48:15.909] [info] runs 3632 | prob 0.9419052863436124 | low 0.931906555824274 | high 0.9519040168629508
[2025-10-02 23:48:18.980] [info] runs 3722 | prob 0.9403546480386888 | low 0.9303548365058949 | high 0.9503544595714828
[2025-10-02 23:48:22.028] [info] runs 3747 | prob 0.9399519615692554 | low 0.9299541199195985 | high 0.9499498032189123
[2025-10-02 23:48:25.100] [info] runs 3722 | prob 0.9403546480386888 | low 0.9303548365058949 | high 0.9503544595714828
[2025-10-02 23:48:28.157] [info] runs 4178 | prob 0.932503590234562 | low 0.9225052656051459 | high 0.942501914863978
[2025-10-02 23:48:31.208] [info] runs 3755 | prob 0.9398135818908122 | low 0.9298156310867571 | high 0.9498115326948673
[2025-10-02 23:48:34.264] [info] runs 3904 | prob 0.9372438524590164 | low 0.927245109772841 | high 0.9472425951451918
[2025-10-02 23:48:37.335] [info] runs 3787 | prob 0.9392659096910483 | low 0.9292680105422053 | high 0.9492638088398913
[2025-10-02 23:48:37.335] [info] RESULT:
training_time, simulation_time, prob, low, high, runs
3076, 10, 0.9371165644171779, 0.9271186049123271, 0.9471145239220288, 3912
3039, 8, 0.940230501206111, 0.9302330289178452, 0.9502279734943767, 3731
3049, 8, 0.9446685878962536, 0.9346707351608372, 0.95466644063167, 3470
3058, 10, 0.9365804160324708, 0.9265810658173219, 0.9465797662476196, 3942
3062, 9, 0.9369737177851493, 0.926974114366136, 0.9469733212041626, 3919
3079, 10, 0.9351552795031056, 0.9251566127795645, 0.9451539462266467, 4025
3054, 9, 0.9356695869837297, 0.9256705795006219, 0.9456685944668375, 3995
3051, 8, 0.9419052863436124, 0.931906555824274, 0.9519040168629508, 3632
3065, 8, 0.9434868606951116, 0.9334880528544652, 0.9534856685357579, 3539
3066, 8, 0.9398135818908122, 0.9298156310867571, 0.9498115326948673, 3755
3069, 8, 0.9458664313033245, 0.9358683074590407, 0.9558645551476083, 3399
3056, 10, 0.9345150172328902, 0.9245164009843884, 0.9445136334813921, 4062
3052, 8, 0.940636805180788, 0.930637662442257, 0.9506359479193189, 3706
3077, 9, 0.9377743351407178, 0.9277753469738842, 0.9477733233075515, 3873
3071, 9, 0.9364556962025317, 0.9264573253411169, 0.9464540670639464, 3950
3042, 8, 0.9413369713506139, 0.9313378078973654, 0.9513361348038624, 3665
3049, 11, 0.9323775388291518, 0.9223789314395947, 0.9423761462187088, 4185
3061, 8, 0.9419052863436124, 0.931906555824274, 0.9519040168629508, 3632
3061, 8, 0.9403546480386888, 0.9303548365058949, 0.9503544595714828, 3722
3039, 9, 0.9399519615692554, 0.9299541199195985, 0.9499498032189123, 3747
3062, 9, 0.9403546480386888, 0.9303548365058949, 0.9503544595714828, 3722
3045, 11, 0.932503590234562, 0.9225052656051459, 0.942501914863978, 4178
3042, 9, 0.9398135818908122, 0.9298156310867571, 0.9498115326948673, 3755
3045, 9, 0.9372438524590164, 0.927245109772841, 0.9472425951451918, 3904
3061, 9, 0.9392659096910483, 0.9292680105422053, 0.9492638088398913, 3787
# timestamp 02.10.2025 23:29:44 (1759440584), datastructure TREE
# timebound 16, expirations {"r1": 0, "r2": 0}
# alpha 0.1, gamma 1
# fixed points 5, uniform granularity 0.5
# scheduler goal: MAXIMIZING, scope: NONPROPHETIC, history: MEMORYLESS
# training runs 1000000
# reach tree compilation time in ms 936121
# reach tree node counts: full 47894, reduced 12126, goal 1716

[2025-10-02 23:48:37.335] [info] 2.7 Simulating on reduced Reach Tree: 183314
[2025-10-02 23:48:37.904] [info] Analysis finished; the goal is not reachable.
[2025-10-02 23:48:37.904] [info] Probability: 0.0
[2025-10-02 23:48:37.904] [info] 2 Analysis: 1133071
[2025-10-02 23:48:37.904] [info] 0 Computation Time Complete: 1133071
[2025-10-02 23:48:37.904] [info] Counters and timers:
Counters:

Timers:
0 Computation Time Complete: 1133071
1 Model creation: 0
2 Analysis: 1133071
2.2 Reachability Analysis: 936121
2.3 Augment Reach Tree: 35
2.4 Creating Unified Datastructure from Reach Tree: 20
2.5 Simulating on full Reach Tree: 0
2.6 Pre-checking and Reduction: 12996
2.6.0 Labeling Reach Tree Nodes: 12994
2.6.1 Removing Unfulfilling Subtrees: 1
2.7 Simulating on reduced Reach Tree: 183314

