timebound = 18, jump depth = 100, max expirations of random clocks = [{r1: 2}, {r2: 4}], combine absorbing locations in unrolling = 228, integration bound(s) = 18, integration samples = 500000, model = WATERTANK, model case = CASE_A, LTI analysis = rectangular analysis, scheduler = goal: MAXIMIZING, scope: PROPHETIC, history: HISTORY_DEPENDENT, multithreaded = 1, disableBackwardsRefinement = 0
simulating 0 runs after 1000000 training runs with parameters:
learning rate                 0.1
discount factor               1
exploration rate              0.15
discretization method         UNIFORM_GRANULARITY
uniform granularity           0.25
adaptive compartments         5


[2025-08-28 23:05:05.705] [warning] no flow specified for variable c1 in location all_off - assuming flow of 0
[2025-08-28 23:05:05.705] [warning] no flow specified for variable c1 in location v2_on - assuming flow of 0
[2025-08-28 23:05:05.705] [warning] no flow specified for variable c1 in location v1_block - assuming flow of 0
[2025-08-28 23:05:05.705] [warning] no flow specified for variable c1 in location v2_block - assuming flow of 0
[2025-08-28 23:05:05.705] [warning] no flow specified for variable c1 in location v1_block_v2_on - assuming flow of 0
[2025-08-28 23:05:05.705] [warning] no flow specified for variable c1 in location block_safe - assuming flow of 0
[2025-08-28 23:05:05.705] [warning] no flow specified for variable c1 in location block_unsafe - assuming flow of 0
[2025-08-28 23:05:05.705] [warning] no flow specified for variable c2 in location all_off - assuming flow of 0
[2025-08-28 23:05:05.705] [warning] no flow specified for variable c2 in location v1_on - assuming flow of 0
[2025-08-28 23:05:05.705] [warning] no flow specified for variable c2 in location v1_block - assuming flow of 0
[2025-08-28 23:05:05.705] [warning] no flow specified for variable c2 in location v2_block - assuming flow of 0
[2025-08-28 23:05:05.705] [warning] no flow specified for variable c2 in location v2_block_v1_on - assuming flow of 0
[2025-08-28 23:05:05.705] [warning] no flow specified for variable c2 in location block_safe - assuming flow of 0
[2025-08-28 23:05:05.705] [warning] no flow specified for variable c2 in location block_unsafe - assuming flow of 0
[2025-08-28 23:05:05.707] [warning] no constraints specified for variable c1 in initial constraint number 0 - assuming [0,0]
[2025-08-28 23:05:05.707] [warning] no constraints specified for variable c2 in initial constraint number 0 - assuming [0,0]
[2025-08-28 23:05:05.707] [info] 1 Model creation: 2
[2025-08-29 00:01:43.947] [info] 2.2 Reachability Analysis: 3398239
[2025-08-29 00:01:44.112] [info] 2.3 Augment Reach Tree: 165
[2025-08-29 00:01:44.289] [info] 2.4 Creating Unified Datastructure from Reach Tree: 114
[2025-08-29 00:01:50.675] [info] runs 1000 | prob 1 | low 1 | high 1
[2025-08-29 00:02:00.010] [info] runs 1000 | prob 1 | low 1 | high 1
[2025-08-29 00:02:03.977] [info] runs 1000 | prob 1 | low 1 | high 1
[2025-08-29 00:02:07.498] [info] runs 1000 | prob 1 | low 1 | high 1
[2025-08-29 00:02:07.510] [info] 2.5 Simulating on full Reach Tree: 23220
[2025-08-29 00:06:40.255] [info] 2.6.0 Labeling Reach Tree Nodes: 272741
[2025-08-29 00:06:40.260] [info] 2.6.1 Removing Unfulfilling Subtrees: 4
[2025-08-29 00:06:40.260] [info] 2.6 Pre-checking and Reduction: 272746
[2025-08-29 00:06:40.262] [info] node count before and after reduction 182043 182043
[2025-08-29 00:06:46.505] [info] runs 1000 | prob 1 | low 1 | high 1
[2025-08-29 00:06:55.643] [info] runs 1000 | prob 1 | low 1 | high 1
[2025-08-29 00:06:59.632] [info] runs 1000 | prob 1 | low 1 | high 1
[2025-08-29 00:07:03.248] [info] runs 1000 | prob 1 | low 1 | high 1
[2025-08-29 00:07:03.256] [info] 2.7 Simulating on reduced Reach Tree: 22993
[2025-08-29 00:07:05.563] [info] Analysis finished; the goal is not reachable.
[2025-08-29 00:07:05.563] [info] Probability: 0.0
[2025-08-29 00:07:05.563] [info] 2 Analysis: 3719855
[2025-08-29 00:07:05.563] [info] 0 Computation Time Complete: 3719858
[2025-08-29 00:07:05.563] [info] Counters and timers:
Counters:

Timers:
0 Computation Time Complete: 3719858
1 Model creation: 2
2 Analysis: 3719855
2.2 Reachability Analysis: 3398239
2.3 Augment Reach Tree: 165
2.4 Creating Unified Datastructure from Reach Tree: 114
2.5 Simulating on full Reach Tree: 23220
2.6 Pre-checking and Reduction: 272746
2.6.0 Labeling Reach Tree Nodes: 272741
2.6.1 Removing Unfulfilling Subtrees: 4
2.7 Simulating on reduced Reach Tree: 22993

