timebound = 20, jump depth = 100, max expirations of random clocks = [{r1: 0}, {r2: 0}], combine absorbing locations in unrolling = 216, integration bound(s) = 20, integration samples = 500000, model = WATERTANK, model case = CASE_A, LTI analysis = rectangular analysis, scheduler = goal: MAXIMIZING, scope: SEMIPROPHETIC, history: HISTORY_DEPENDENT, multithreaded = 1, disableBackwardsRefinement = 0
simulating 0 runs after 1000000 training runs with parameters:
learning rate                 0.1
discount factor               1
exploration rate              0.15
uniform granularity           0.5
adaptive compartments         5


[2025-10-03 01:13:51.331] [warning] no flow specified for variable c1 in location all_off - assuming flow of 0
[2025-10-03 01:13:51.331] [warning] no flow specified for variable c1 in location v2_on - assuming flow of 0
[2025-10-03 01:13:51.331] [warning] no flow specified for variable c1 in location v1_block - assuming flow of 0
[2025-10-03 01:13:51.331] [warning] no flow specified for variable c1 in location v2_block - assuming flow of 0
[2025-10-03 01:13:51.331] [warning] no flow specified for variable c1 in location v1_block_v2_on - assuming flow of 0
[2025-10-03 01:13:51.331] [warning] no flow specified for variable c1 in location block_safe - assuming flow of 0
[2025-10-03 01:13:51.331] [warning] no flow specified for variable c1 in location block_unsafe - assuming flow of 0
[2025-10-03 01:13:51.331] [warning] no flow specified for variable c2 in location all_off - assuming flow of 0
[2025-10-03 01:13:51.331] [warning] no flow specified for variable c2 in location v1_on - assuming flow of 0
[2025-10-03 01:13:51.331] [warning] no flow specified for variable c2 in location v1_block - assuming flow of 0
[2025-10-03 01:13:51.331] [warning] no flow specified for variable c2 in location v2_block - assuming flow of 0
[2025-10-03 01:13:51.331] [warning] no flow specified for variable c2 in location v2_block_v1_on - assuming flow of 0
[2025-10-03 01:13:51.331] [warning] no flow specified for variable c2 in location block_safe - assuming flow of 0
[2025-10-03 01:13:51.331] [warning] no flow specified for variable c2 in location block_unsafe - assuming flow of 0
[2025-10-03 01:13:51.332] [warning] no constraints specified for variable c1 in initial constraint number 0 - assuming [0,0]
[2025-10-03 01:13:51.332] [warning] no constraints specified for variable c2 in initial constraint number 0 - assuming [0,0]
[2025-10-03 01:13:51.332] [info] 1 Model creation: 0
[2025-10-03 08:05:53.097] [info] 2.2 Reachability Analysis: 24721765
[2025-10-03 08:05:54.053] [info] 2.3 Augment Reach Tree: 956
[2025-10-03 08:05:55.296] [info] 2.4 Creating Unified Datastructure from Reach Tree: 807
[2025-10-03 08:05:55.296] [info] 2.5 Simulating on full Reach Tree: 0
[2025-10-03 08:11:38.554] [info] 2.6.0 Labeling Reach Tree Nodes: 343243
[2025-10-03 08:11:38.581] [info] 2.6.1 Removing Unfulfilling Subtrees: 26
[2025-10-03 08:11:38.581] [info] 2.6 Pre-checking and Reduction: 343270
[2025-10-03 08:11:38.611] [info] node count before and after reduction 1255945 306193
[2025-10-03 08:11:38.639] [info] reach tree compilation time in ms 24721765
[2025-10-03 08:11:38.639] [info] reach tree node counts: full 1255945, reduced 306193, goal 44250
[2025-10-03 08:11:43.618] [info] runs 1054 | prob 0.9838709677419355 | low 0.9738755999015478 | high 0.9938663355823232
[2025-10-03 08:11:48.632] [info] runs 1000 | prob 0.988 | low 0.9791301769884625 | high 0.9968698230115375
[2025-10-03 08:11:53.624] [info] runs 1023 | prob 0.9843597262952102 | low 0.974366467494181 | high 0.9943529850962394
[2025-10-03 08:11:58.636] [info] runs 1000 | prob 0.989 | low 0.9805034944180563 | high 0.9974965055819437
[2025-10-03 08:12:03.668] [info] runs 1000 | prob 0.988 | low 0.9791301769884625 | high 0.9968698230115375
[2025-10-03 08:12:08.677] [info] runs 1301 | prob 0.9800153727901614 | low 0.9700206286657813 | high 0.9900101169145414
[2025-10-03 08:12:13.701] [info] runs 1589 | prob 0.9754562617998741 | low 0.9654572250290147 | high 0.9854552985707336
[2025-10-03 08:12:18.736] [info] runs 1170 | prob 0.982051282051282 | low 0.9720527388418739 | high 0.9920498252606901
[2025-10-03 08:12:23.752] [info] runs 1170 | prob 0.982051282051282 | low 0.9720527388418739 | high 0.9920498252606901
[2025-10-03 08:12:28.761] [info] runs 1000 | prob 0.986 | low 0.976429197948761 | high 0.9955708020512389
[2025-10-03 08:12:33.821] [info] runs 1276 | prob 0.9804075235109718 | low 0.9704128524301917 | high 0.9904021945917519
[2025-10-03 08:12:38.894] [info] runs 1349 | prob 0.9792438843587843 | low 0.969244843140145 | high 0.9892429255774235
[2025-10-03 08:12:43.921] [info] runs 1084 | prob 0.9833948339483395 | low 0.9733967497393854 | high 0.9933929181572936
[2025-10-03 08:12:48.915] [info] runs 1054 | prob 0.9838709677419355 | low 0.9738755999015478 | high 0.9938663355823232
[2025-10-03 08:12:53.917] [info] runs 1142 | prob 0.9824868651488616 | low 0.9724878292151417 | high 0.9924859010825816
[2025-10-03 08:12:58.910] [info] runs 1114 | prob 0.9829443447037702 | low 0.9729512056070148 | high 0.9929374838005257
[2025-10-03 08:13:03.971] [info] runs 1349 | prob 0.9792438843587843 | low 0.969244843140145 | high 0.9892429255774235
[2025-10-03 08:13:08.982] [info] runs 1000 | prob 0.987 | low 0.9777726687576526 | high 0.9962273312423474
[2025-10-03 08:13:13.971] [info] runs 1000 | prob 0.986 | low 0.976429197948761 | high 0.9955708020512389
[2025-10-03 08:13:19.002] [info] runs 1023 | prob 0.9843597262952102 | low 0.974366467494181 | high 0.9943529850962394
[2025-10-03 08:13:24.017] [info] runs 1054 | prob 0.9838709677419355 | low 0.9738755999015478 | high 0.9938663355823232
[2025-10-03 08:13:29.034] [info] runs 1349 | prob 0.9792438843587843 | low 0.969244843140145 | high 0.9892429255774235
[2025-10-03 08:13:34.070] [info] runs 1396 | prob 0.9785100286532952 | low 0.9685122456060832 | high 0.9885078117005072
[2025-10-03 08:13:39.072] [info] runs 1000 | prob 0.993 | low 0.986208440607931 | high 0.999791559392069
[2025-10-03 08:13:44.070] [info] runs 1000 | prob 0.985 | low 0.9750983036604832 | high 0.9949016963395168
[2025-10-03 08:13:44.142] [info] RESULT:
training_time, simulation_time, prob, low, high, runs
4975, 3, 0.9838709677419355, 0.9738755999015478, 0.9938663355823232, 1054
4929, 3, 0.988, 0.9791301769884625, 0.9968698230115375, 1000
4918, 3, 0.9843597262952102, 0.974366467494181, 0.9943529850962394, 1023
4935, 3, 0.989, 0.9805034944180563, 0.9974965055819437, 1000
4955, 4, 0.988, 0.9791301769884625, 0.9968698230115375, 1000
4933, 5, 0.9800153727901614, 0.9700206286657813, 0.9900101169145414, 1301
4949, 6, 0.9754562617998741, 0.9654572250290147, 0.9854552985707336, 1589
4962, 4, 0.982051282051282, 0.9720527388418739, 0.9920498252606901, 1170
4940, 4, 0.982051282051282, 0.9720527388418739, 0.9920498252606901, 1170
4933, 3, 0.986, 0.976429197948761, 0.9955708020512389, 1000
4984, 4, 0.9804075235109718, 0.9704128524301917, 0.9904021945917519, 1276
4995, 5, 0.9792438843587843, 0.969244843140145, 0.9892429255774235, 1349
4950, 4, 0.9833948339483395, 0.9733967497393854, 0.9933929181572936, 1084
4922, 4, 0.9838709677419355, 0.9738755999015478, 0.9938663355823232, 1054
4929, 4, 0.9824868651488616, 0.9724878292151417, 0.9924859010825816, 1142
4917, 4, 0.9829443447037702, 0.9729512056070148, 0.9929374838005257, 1114
4987, 5, 0.9792438843587843, 0.969244843140145, 0.9892429255774235, 1349
4935, 3, 0.987, 0.9777726687576526, 0.9962273312423474, 1000
4916, 3, 0.986, 0.976429197948761, 0.9955708020512389, 1000
4957, 3, 0.9843597262952102, 0.974366467494181, 0.9943529850962394, 1023
4939, 4, 0.9838709677419355, 0.9738755999015478, 0.9938663355823232, 1054
4940, 5, 0.9792438843587843, 0.969244843140145, 0.9892429255774235, 1349
4958, 5, 0.9785100286532952, 0.9685122456060832, 0.9885078117005072, 1396
4926, 3, 0.993, 0.986208440607931, 0.999791559392069, 1000
4922, 3, 0.985, 0.9750983036604832, 0.9949016963395168, 1000
# timestamp 03.10.2025 01:13:51 (1759446831), datastructure TREE
# timebound 20, expirations {"r1": 0, "r2": 0}
# alpha 0.1, gamma 1
# fixed points 5, uniform granularity 0.5
# scheduler goal: MAXIMIZING, scope: SEMIPROPHETIC, history: MEMORYLESS
# training runs 1000000
# reach tree compilation time in ms 24721765
# reach tree node counts: full 1255945, reduced 306193, goal 44250

[2025-10-03 08:13:47.399] [info] runs 1198 | prob 0.9816360601001669 | low 0.9716435261404355 | high 0.9916285940598983
[2025-10-03 08:13:50.632] [info] runs 1373 | prob 0.9788783685360525 | low 0.9688820822351734 | high 0.9888746548369316
[2025-10-03 08:13:53.880] [info] runs 1276 | prob 0.9804075235109718 | low 0.9704128524301917 | high 0.9904021945917519
[2025-10-03 08:13:57.129] [info] runs 1373 | prob 0.9788783685360525 | low 0.9688820822351734 | high 0.9888746548369316
[2025-10-03 08:14:00.375] [info] runs 1441 | prob 0.9777931991672449 | low 0.9677936510812322 | high 0.9877927472532577
[2025-10-03 08:14:03.629] [info] runs 1084 | prob 0.9833948339483395 | low 0.9733967497393854 | high 0.9933929181572936
[2025-10-03 08:14:06.871] [info] runs 1250 | prob 0.9808 | low 0.9708015726542477 | high 0.9907984273457523
[2025-10-03 08:14:10.124] [info] runs 1349 | prob 0.9792438843587843 | low 0.969244843140145 | high 0.9892429255774235
[2025-10-03 08:14:13.373] [info] runs 1000 | prob 0.988 | low 0.9791301769884625 | high 0.9968698230115375
[2025-10-03 08:14:16.621] [info] runs 1507 | prob 0.9767750497677505 | low 0.966780484523591 | high 0.9867696150119101
[2025-10-03 08:14:19.853] [info] runs 1396 | prob 0.9785100286532952 | low 0.9685122456060832 | high 0.9885078117005072
[2025-10-03 08:14:23.097] [info] runs 1569 | prob 0.975780752071383 | low 0.9657832653272805 | high 0.9857782388154855
[2025-10-03 08:14:26.349] [info] runs 1250 | prob 0.9808 | low 0.9708015726542477 | high 0.9907984273457523
[2025-10-03 08:14:29.585] [info] runs 1419 | prob 0.97815362931642 | low 0.9681571321901097 | high 0.9881501264427304
[2025-10-03 08:14:32.840] [info] runs 1224 | prob 0.9812091503267973 | low 0.9712112419217648 | high 0.9912070587318299
[2025-10-03 08:14:36.103] [info] runs 1325 | prob 0.979622641509434 | low 0.969623993735661 | high 0.989621289283207
[2025-10-03 08:14:39.341] [info] runs 1668 | prob 0.9742206235011991 | low 0.9642249353205339 | high 0.9842163116818643
[2025-10-03 08:14:42.600] [info] runs 1276 | prob 0.9804075235109718 | low 0.9704128524301917 | high 0.9904021945917519
[2025-10-03 08:14:45.851] [info] runs 1464 | prob 0.9774590163934426 | low 0.9674656679507027 | high 0.9874523648361825
[2025-10-03 08:14:49.093] [info] runs 1464 | prob 0.9774590163934426 | low 0.9674656679507027 | high 0.9874523648361825
[2025-10-03 08:14:52.333] [info] runs 1441 | prob 0.9777931991672449 | low 0.9677936510812322 | high 0.9877927472532577
[2025-10-03 08:14:55.576] [info] runs 1396 | prob 0.9785100286532952 | low 0.9685122456060832 | high 0.9885078117005072
[2025-10-03 08:14:58.818] [info] runs 1301 | prob 0.9800153727901614 | low 0.9700206286657813 | high 0.9900101169145414
[2025-10-03 08:15:02.063] [info] runs 1250 | prob 0.9808 | low 0.9708015726542477 | high 0.9907984273457523
[2025-10-03 08:15:05.305] [info] runs 1084 | prob 0.9833948339483395 | low 0.9733967497393854 | high 0.9933929181572936
[2025-10-03 08:15:05.306] [info] RESULT:
training_time, simulation_time, prob, low, high, runs
3253, 3, 0.9816360601001669, 0.9716435261404355, 0.9916285940598983, 1198
3229, 3, 0.9788783685360525, 0.9688820822351734, 0.9888746548369316, 1373
3243, 3, 0.9804075235109718, 0.9704128524301917, 0.9904021945917519, 1276
3244, 3, 0.9788783685360525, 0.9688820822351734, 0.9888746548369316, 1373
3242, 3, 0.9777931991672449, 0.9677936510812322, 0.9877927472532577, 1441
3249, 2, 0.9833948339483395, 0.9733967497393854, 0.9933929181572936, 1084
3238, 3, 0.9808, 0.9708015726542477, 0.9907984273457523, 1250
3248, 3, 0.9792438843587843, 0.969244843140145, 0.9892429255774235, 1349
3245, 2, 0.988, 0.9791301769884625, 0.9968698230115375, 1000
3244, 3, 0.9767750497677505, 0.966780484523591, 0.9867696150119101, 1507
3227, 3, 0.9785100286532952, 0.9685122456060832, 0.9885078117005072, 1396
3239, 4, 0.975780752071383, 0.9657832653272805, 0.9857782388154855, 1569
3247, 3, 0.9808, 0.9708015726542477, 0.9907984273457523, 1250
3232, 3, 0.97815362931642, 0.9681571321901097, 0.9881501264427304, 1419
3250, 3, 0.9812091503267973, 0.9712112419217648, 0.9912070587318299, 1224
3258, 3, 0.979622641509434, 0.969623993735661, 0.989621289283207, 1325
3233, 4, 0.9742206235011991, 0.9642249353205339, 0.9842163116818643, 1668
3254, 3, 0.9804075235109718, 0.9704128524301917, 0.9904021945917519, 1276
3246, 3, 0.9774590163934426, 0.9674656679507027, 0.9874523648361825, 1464
3237, 3, 0.9774590163934426, 0.9674656679507027, 0.9874523648361825, 1464
3235, 3, 0.9777931991672449, 0.9677936510812322, 0.9877927472532577, 1441
3239, 3, 0.9785100286532952, 0.9685122456060832, 0.9885078117005072, 1396
3238, 3, 0.9800153727901614, 0.9700206286657813, 0.9900101169145414, 1301
3241, 3, 0.9808, 0.9708015726542477, 0.9907984273457523, 1250
3238, 2, 0.9833948339483395, 0.9733967497393854, 0.9933929181572936, 1084
# timestamp 03.10.2025 01:13:51 (1759446831), datastructure TREE
# timebound 20, expirations {"r1": 0, "r2": 0}
# alpha 0.1, gamma 1
# fixed points 5, uniform granularity 0.5
# scheduler goal: MAXIMIZING, scope: NONPROPHETIC, history: MEMORYLESS
# training runs 1000000
# reach tree compilation time in ms 24721765
# reach tree node counts: full 1255945, reduced 306193, goal 44250

[2025-10-03 08:15:05.306] [info] 2.7 Simulating on reduced Reach Tree: 206667
[2025-10-03 08:15:24.133] [info] Analysis finished; the goal is not reachable.
[2025-10-03 08:15:24.133] [info] Probability: 0.0
[2025-10-03 08:15:24.133] [info] 2 Analysis: 25292801
[2025-10-03 08:15:24.133] [info] 0 Computation Time Complete: 25292802
[2025-10-03 08:15:24.133] [info] Counters and timers:
Counters:

Timers:
0 Computation Time Complete: 25292802
1 Model creation: 0
2 Analysis: 25292801
2.2 Reachability Analysis: 24721765
2.3 Augment Reach Tree: 956
2.4 Creating Unified Datastructure from Reach Tree: 807
2.5 Simulating on full Reach Tree: 0
2.6 Pre-checking and Reduction: 343270
2.6.0 Labeling Reach Tree Nodes: 343243
2.6.1 Removing Unfulfilling Subtrees: 26
2.7 Simulating on reduced Reach Tree: 206667

