timebound = 8, jump depth = 100, max expirations of random clocks = [{r1: 0}, {r2: 0}], combine absorbing locations in unrolling = 124, integration bound(s) = 8, integration samples = 500000, model = WATERTANK, model case = CASE_A, LTI analysis = rectangular analysis, scheduler = goal: MAXIMIZING, scope: SEMIPROPHETIC, history: HISTORY_DEPENDENT, multithreaded = 1, disableBackwardsRefinement = 0
simulating 0 runs after 5000 training runs with parameters:
learning rate                 0.1
discount factor               1
exploration rate              0.15
uniform granularity           1
adaptive compartments         5


[2025-10-02 23:14:25.221] [warning] no flow specified for variable c1 in location all_off - assuming flow of 0
[2025-10-02 23:14:25.221] [warning] no flow specified for variable c1 in location v2_on - assuming flow of 0
[2025-10-02 23:14:25.221] [warning] no flow specified for variable c1 in location v1_block - assuming flow of 0
[2025-10-02 23:14:25.221] [warning] no flow specified for variable c1 in location v2_block - assuming flow of 0
[2025-10-02 23:14:25.221] [warning] no flow specified for variable c1 in location v1_block_v2_on - assuming flow of 0
[2025-10-02 23:14:25.221] [warning] no flow specified for variable c1 in location block_safe - assuming flow of 0
[2025-10-02 23:14:25.221] [warning] no flow specified for variable c1 in location block_unsafe - assuming flow of 0
[2025-10-02 23:14:25.221] [warning] no flow specified for variable c2 in location all_off - assuming flow of 0
[2025-10-02 23:14:25.221] [warning] no flow specified for variable c2 in location v1_on - assuming flow of 0
[2025-10-02 23:14:25.221] [warning] no flow specified for variable c2 in location v1_block - assuming flow of 0
[2025-10-02 23:14:25.221] [warning] no flow specified for variable c2 in location v2_block - assuming flow of 0
[2025-10-02 23:14:25.221] [warning] no flow specified for variable c2 in location v2_block_v1_on - assuming flow of 0
[2025-10-02 23:14:25.221] [warning] no flow specified for variable c2 in location block_safe - assuming flow of 0
[2025-10-02 23:14:25.221] [warning] no flow specified for variable c2 in location block_unsafe - assuming flow of 0
[2025-10-02 23:14:25.222] [warning] no constraints specified for variable c1 in initial constraint number 0 - assuming [0,0]
[2025-10-02 23:14:25.222] [warning] no constraints specified for variable c2 in initial constraint number 0 - assuming [0,0]
[2025-10-02 23:14:25.222] [info] 1 Model creation: 0
[2025-10-02 23:14:26.713] [info] 2.2 Reachability Analysis: 1491
[2025-10-02 23:14:26.713] [info] 2.3 Augment Reach Tree: 0
[2025-10-02 23:14:26.713] [info] 2.4 Creating Unified Datastructure from Reach Tree: 0
[2025-10-02 23:14:26.713] [info] 2.5 Simulating on full Reach Tree: 0
[2025-10-02 23:14:26.744] [info] 2.6.0 Labeling Reach Tree Nodes: 30
[2025-10-02 23:14:26.744] [info] 2.6.1 Removing Unfulfilling Subtrees: 0
[2025-10-02 23:14:26.744] [info] 2.6 Pre-checking and Reduction: 30
[2025-10-02 23:14:26.744] [info] node count before and after reduction 80 24
[2025-10-02 23:14:26.744] [info] reach tree compilation time in ms 1491
[2025-10-02 23:14:26.744] [info] reach tree node counts: full 80, reduced 24, goal 2
[2025-10-02 23:14:26.778] [info] runs 16506 | prob 0.5355022416091119 | low 0.5255023015658203 | high 0.5455021816524034
[2025-10-02 23:14:26.811] [info] runs 16519 | prob 0.5327198982989285 | low 0.5227200805362123 | high 0.5427197160616447
[2025-10-02 23:14:26.845] [info] runs 16497 | prob 0.5373704309874523 | low 0.52737050126436 | high 0.5473703607105446
[2025-10-02 23:14:26.878] [info] runs 16514 | prob 0.5337895119292722 | low 0.5237896096406033 | high 0.543789414217941
[2025-10-02 23:14:26.912] [info] runs 16508 | prob 0.5351950569420887 | low 0.5251952861755891 | high 0.5451948277085883
[2025-10-02 23:14:26.946] [info] runs 16498 | prob 0.5373378591344405 | low 0.5273381835416527 | high 0.5473375347272283
[2025-10-02 23:14:26.979] [info] runs 16520 | prob 0.5325060532687651 | low 0.5225062580213817 | high 0.5425058485161485
[2025-10-02 23:14:27.013] [info] runs 16512 | prob 0.5343386627906976 | low 0.5243389066583699 | high 0.5443384189230254
[2025-10-02 23:14:27.047] [info] runs 16507 | prob 0.5353486399709214 | low 0.5253487840833976 | high 0.5453484958584452
[2025-10-02 23:14:27.080] [info] runs 16476 | prob 0.5415149308084487 | low 0.5315152121007268 | high 0.5515146495161706
[2025-10-02 23:14:27.114] [info] runs 16518 | prob 0.5329337692214554 | low 0.5229339308121169 | high 0.5429336076307939
[2025-10-02 23:14:27.148] [info] runs 16526 | prob 0.5310419944330147 | low 0.5210421465269607 | high 0.5410418423390687
[2025-10-02 23:14:27.181] [info] runs 16499 | prob 0.5369416328262319 | low 0.5269416684008753 | high 0.5469415972515884
[2025-10-02 23:14:27.215] [info] runs 16515 | prob 0.5336360884044807 | low 0.5236362810403241 | high 0.5436358957686374
[2025-10-02 23:14:27.248] [info] runs 16509 | prob 0.5349203464776788 | low 0.5249204914550962 | high 0.5449202015002614
[2025-10-02 23:14:27.282] [info] runs 16521 | prob 0.5323527631499304 | low 0.5223530708698632 | high 0.5423524554299977
[2025-10-02 23:14:27.316] [info] runs 16501 | prob 0.5366947457729835 | low 0.5266950218248051 | high 0.5466944697211619
[2025-10-02 23:14:27.349] [info] runs 16515 | prob 0.5335149863760218 | low 0.5235150156343269 | high 0.5435149571177167
[2025-10-02 23:14:27.383] [info] runs 16497 | prob 0.5374310480693459 | low 0.527431209540406 | high 0.5474308865982859
[2025-10-02 23:14:27.417] [info] runs 16535 | prob 0.5287571817357122 | low 0.5187573136512622 | high 0.5387570498201621
[2025-10-02 23:14:27.451] [info] runs 16523 | prob 0.5317436300913878 | low 0.5217437589825942 | high 0.5417435012001814
[2025-10-02 23:14:27.484] [info] runs 16508 | prob 0.5352556336321783 | low 0.5252559486424854 | high 0.5452553186218713
[2025-10-02 23:14:27.518] [info] runs 16487 | prob 0.5393946745921029 | low 0.5293948393559043 | high 0.5493945098283015
[2025-10-02 23:14:27.552] [info] runs 16530 | prob 0.5301270417422868 | low 0.5201272803619863 | high 0.5401268031225872
[2025-10-02 23:14:27.585] [info] runs 16512 | prob 0.5342781007751938 | low 0.5242782611400024 | high 0.5442779404103851
[2025-10-02 23:14:27.585] [info] RESULT:
training_time, simulation_time, prob, low, high, runs
9, 24, 0.5355022416091119, 0.5255023015658203, 0.5455021816524034, 16506
8, 24, 0.5327198982989285, 0.5227200805362123, 0.5427197160616447, 16519
8, 24, 0.5373704309874523, 0.52737050126436, 0.5473703607105446, 16497
8, 24, 0.5337895119292722, 0.5237896096406033, 0.543789414217941, 16514
9, 24, 0.5351950569420887, 0.5251952861755891, 0.5451948277085883, 16508
9, 24, 0.5373378591344405, 0.5273381835416527, 0.5473375347272283, 16498
8, 24, 0.5325060532687651, 0.5225062580213817, 0.5425058485161485, 16520
8, 24, 0.5343386627906976, 0.5243389066583699, 0.5443384189230254, 16512
8, 24, 0.5353486399709214, 0.5253487840833976, 0.5453484958584452, 16507
9, 24, 0.5415149308084487, 0.5315152121007268, 0.5515146495161706, 16476
9, 24, 0.5329337692214554, 0.5229339308121169, 0.5429336076307939, 16518
8, 24, 0.5310419944330147, 0.5210421465269607, 0.5410418423390687, 16526
8, 24, 0.5369416328262319, 0.5269416684008753, 0.5469415972515884, 16499
8, 24, 0.5336360884044807, 0.5236362810403241, 0.5436358957686374, 16515
8, 24, 0.5349203464776788, 0.5249204914550962, 0.5449202015002614, 16509
9, 24, 0.5323527631499304, 0.5223530708698632, 0.5423524554299977, 16521
8, 24, 0.5366947457729835, 0.5266950218248051, 0.5466944697211619, 16501
8, 24, 0.5335149863760218, 0.5235150156343269, 0.5435149571177167, 16515
8, 24, 0.5374310480693459, 0.527431209540406, 0.5474308865982859, 16497
9, 24, 0.5287571817357122, 0.5187573136512622, 0.5387570498201621, 16535
9, 24, 0.5317436300913878, 0.5217437589825942, 0.5417435012001814, 16523
8, 24, 0.5352556336321783, 0.5252559486424854, 0.5452553186218713, 16508
8, 24, 0.5393946745921029, 0.5293948393559043, 0.5493945098283015, 16487
8, 24, 0.5301270417422868, 0.5201272803619863, 0.5401268031225872, 16530
8, 24, 0.5342781007751938, 0.5242782611400024, 0.5442779404103851, 16512
# timestamp 02.10.2025 23:14:25 (1759439665), datastructure TREE
# timebound 8, expirations {"r1": 0, "r2": 0}
# alpha 0.1, gamma 1
# fixed points 5, uniform granularity 1
# scheduler goal: MAXIMIZING, scope: NONPROPHETIC, history: DISCRETE_HISTORY
# training runs 5000
# reach tree compilation time in ms 1491
# reach tree node counts: full 80, reduced 24, goal 2

[2025-10-02 23:14:27.617] [info] runs 16529 | prob 0.5302801137394881 | low 0.5202802354819842 | high 0.5402799919969921
[2025-10-02 23:14:27.649] [info] runs 16546 | prob 0.5257464039647045 | low 0.5157465692791129 | high 0.5357462386502961
[2025-10-02 23:14:27.681] [info] runs 16532 | prob 0.5296394870554076 | low 0.5196397457203195 | high 0.5396392283904958
[2025-10-02 23:14:27.713] [info] runs 16489 | prob 0.5390260173448966 | low 0.5290262068248864 | high 0.5490258278649068
[2025-10-02 23:14:27.745] [info] runs 16507 | prob 0.5352880596110741 | low 0.5252881177113199 | high 0.5452880015108282
[2025-10-02 23:14:27.776] [info] runs 16504 | prob 0.5359306834706737 | low 0.5259307527868804 | high 0.5459306141544671
[2025-10-02 23:14:27.808] [info] runs 16521 | prob 0.5322922341262636 | low 0.5222924632619236 | high 0.5422920049906036
[2025-10-02 23:14:27.840] [info] runs 16483 | prob 0.5401929260450161 | low 0.5301931563021964 | high 0.5501926957878358
[2025-10-02 23:14:27.872] [info] runs 16481 | prob 0.5404405072507736 | low 0.530440532667484 | high 0.5504404818340632
[2025-10-02 23:14:27.903] [info] runs 16519 | prob 0.5327198982989285 | low 0.5227200805362123 | high 0.5427197160616447
[2025-10-02 23:14:27.935] [info] runs 16518 | prob 0.5328732292045042 | low 0.5228733107704462 | high 0.5428731476385622
[2025-10-02 23:14:27.967] [info] runs 16522 | prob 0.5318968647863455 | low 0.5218968868924971 | high 0.5418968426801938
[2025-10-02 23:14:27.998] [info] runs 16504 | prob 0.5359306834706737 | low 0.5259307527868804 | high 0.5459306141544671
[2025-10-02 23:14:28.030] [info] runs 16474 | prob 0.5418234794221197 | low 0.5318236716121005 | high 0.5518232872321389
[2025-10-02 23:14:28.062] [info] runs 16493 | prob 0.5381677075122779 | low 0.5281677767093325 | high 0.5481676383152234
[2025-10-02 23:14:28.093] [info] runs 16496 | prob 0.5375848690591658 | low 0.5275849595230232 | high 0.5475847785953084
[2025-10-02 23:14:28.125] [info] runs 16502 | prob 0.5364198278996485 | low 0.5264200027858239 | high 0.5464196530134731
[2025-10-02 23:14:28.157] [info] runs 16518 | prob 0.5329337692214554 | low 0.5229339308121169 | high 0.5429336076307939
[2025-10-02 23:14:28.188] [info] runs 16516 | prob 0.5334221361104383 | low 0.5234223432504991 | high 0.5434219289703776
[2025-10-02 23:14:28.220] [info] runs 16504 | prob 0.536051866214251 | low 0.5260521108972392 | high 0.5460516215312629
[2025-10-02 23:14:28.252] [info] runs 16524 | prob 0.5315904139433552 | low 0.5215906505743378 | high 0.5415901773123725
[2025-10-02 23:14:28.284] [info] runs 16503 | prob 0.5361449433436345 | low 0.5261450201649215 | high 0.5461448665223475
[2025-10-02 23:14:28.316] [info] runs 16507 | prob 0.5354092203307688 | low 0.5254094506037509 | high 0.5454089900577866
[2025-10-02 23:14:28.348] [info] runs 16497 | prob 0.5375522822331333 | low 0.5275526265384106 | high 0.5475519379278561
[2025-10-02 23:14:28.380] [info] runs 16536 | prob 0.5285437832607643 | low 0.5185439721907165 | high 0.5385435943308122
[2025-10-02 23:14:28.380] [info] RESULT:
training_time, simulation_time, prob, low, high, runs
8, 23, 0.5302801137394881, 0.5202802354819842, 0.5402799919969921, 16529
8, 23, 0.5257464039647045, 0.5157465692791129, 0.5357462386502961, 16546
8, 23, 0.5296394870554076, 0.5196397457203195, 0.5396392283904958, 16532
8, 23, 0.5390260173448966, 0.5290262068248864, 0.5490258278649068, 16489
8, 23, 0.5352880596110741, 0.5252881177113199, 0.5452880015108282, 16507
8, 23, 0.5359306834706737, 0.5259307527868804, 0.5459306141544671, 16504
8, 23, 0.5322922341262636, 0.5222924632619236, 0.5422920049906036, 16521
8, 23, 0.5401929260450161, 0.5301931563021964, 0.5501926957878358, 16483
8, 23, 0.5404405072507736, 0.530440532667484, 0.5504404818340632, 16481
8, 23, 0.5327198982989285, 0.5227200805362123, 0.5427197160616447, 16519
8, 23, 0.5328732292045042, 0.5228733107704462, 0.5428731476385622, 16518
8, 23, 0.5318968647863455, 0.5218968868924971, 0.5418968426801938, 16522
8, 23, 0.5359306834706737, 0.5259307527868804, 0.5459306141544671, 16504
8, 23, 0.5418234794221197, 0.5318236716121005, 0.5518232872321389, 16474
8, 23, 0.5381677075122779, 0.5281677767093325, 0.5481676383152234, 16493
8, 23, 0.5375848690591658, 0.5275849595230232, 0.5475847785953084, 16496
8, 23, 0.5364198278996485, 0.5264200027858239, 0.5464196530134731, 16502
8, 23, 0.5329337692214554, 0.5229339308121169, 0.5429336076307939, 16518
8, 23, 0.5334221361104383, 0.5234223432504991, 0.5434219289703776, 16516
8, 23, 0.536051866214251, 0.5260521108972392, 0.5460516215312629, 16504
8, 23, 0.5315904139433552, 0.5215906505743378, 0.5415901773123725, 16524
8, 23, 0.5361449433436345, 0.5261450201649215, 0.5461448665223475, 16503
8, 23, 0.5354092203307688, 0.5254094506037509, 0.5454089900577866, 16507
8, 23, 0.5375522822331333, 0.5275526265384106, 0.5475519379278561, 16497
8, 23, 0.5285437832607643, 0.5185439721907165, 0.5385435943308122, 16536
# timestamp 02.10.2025 23:14:25 (1759439665), datastructure TREE
# timebound 8, expirations {"r1": 0, "r2": 0}
# alpha 0.1, gamma 1
# fixed points 5, uniform granularity 1
# scheduler goal: MAXIMIZING, scope: NONPROPHETIC, history: MEMORYLESS
# training runs 5000
# reach tree compilation time in ms 1491
# reach tree node counts: full 80, reduced 24, goal 2

[2025-10-02 23:14:28.380] [info] 2.7 Simulating on reduced Reach Tree: 1635
[2025-10-02 23:14:28.381] [info] Analysis finished; the goal is not reachable.
[2025-10-02 23:14:28.381] [info] Probability: 0.0
[2025-10-02 23:14:28.381] [info] 2 Analysis: 3159
[2025-10-02 23:14:28.381] [info] 0 Computation Time Complete: 3159
[2025-10-02 23:14:28.381] [info] Counters and timers:
Counters:

Timers:
0 Computation Time Complete: 3159
1 Model creation: 0
2 Analysis: 3159
2.2 Reachability Analysis: 1491
2.3 Augment Reach Tree: 0
2.4 Creating Unified Datastructure from Reach Tree: 0
2.5 Simulating on full Reach Tree: 0
2.6 Pre-checking and Reduction: 30
2.6.0 Labeling Reach Tree Nodes: 30
2.6.1 Removing Unfulfilling Subtrees: 0
2.7 Simulating on reduced Reach Tree: 1635

timebound = 8, jump depth = 100, max expirations of random clocks = [{r1: 0}, {r2: 0}], combine absorbing locations in unrolling = 195, integration bound(s) = 8, integration samples = 500000, model = WATERTANK, model case = CASE_A, LTI analysis = rectangular analysis, scheduler = goal: MAXIMIZING, scope: SEMIPROPHETIC, history: HISTORY_DEPENDENT, multithreaded = 1, disableBackwardsRefinement = 0
simulating 0 runs after 20000 training runs with parameters:
learning rate                 0.1
discount factor               1
exploration rate              0.15
uniform granularity           1
adaptive compartments         5


[2025-10-02 23:14:28.418] [warning] no flow specified for variable c1 in location all_off - assuming flow of 0
[2025-10-02 23:14:28.418] [warning] no flow specified for variable c1 in location v2_on - assuming flow of 0
[2025-10-02 23:14:28.418] [warning] no flow specified for variable c1 in location v1_block - assuming flow of 0
[2025-10-02 23:14:28.418] [warning] no flow specified for variable c1 in location v2_block - assuming flow of 0
[2025-10-02 23:14:28.418] [warning] no flow specified for variable c1 in location v1_block_v2_on - assuming flow of 0
[2025-10-02 23:14:28.418] [warning] no flow specified for variable c1 in location block_safe - assuming flow of 0
[2025-10-02 23:14:28.418] [warning] no flow specified for variable c1 in location block_unsafe - assuming flow of 0
[2025-10-02 23:14:28.418] [warning] no flow specified for variable c2 in location all_off - assuming flow of 0
[2025-10-02 23:14:28.418] [warning] no flow specified for variable c2 in location v1_on - assuming flow of 0
[2025-10-02 23:14:28.418] [warning] no flow specified for variable c2 in location v1_block - assuming flow of 0
[2025-10-02 23:14:28.418] [warning] no flow specified for variable c2 in location v2_block - assuming flow of 0
[2025-10-02 23:14:28.418] [warning] no flow specified for variable c2 in location v2_block_v1_on - assuming flow of 0
[2025-10-02 23:14:28.418] [warning] no flow specified for variable c2 in location block_safe - assuming flow of 0
[2025-10-02 23:14:28.418] [warning] no flow specified for variable c2 in location block_unsafe - assuming flow of 0
[2025-10-02 23:14:28.418] [warning] no constraints specified for variable c1 in initial constraint number 0 - assuming [0,0]
[2025-10-02 23:14:28.418] [warning] no constraints specified for variable c2 in initial constraint number 0 - assuming [0,0]
[2025-10-02 23:14:28.418] [info] 1 Model creation: 0
[2025-10-02 23:14:29.933] [info] 2.2 Reachability Analysis: 1514
[2025-10-02 23:14:29.933] [info] 2.3 Augment Reach Tree: 0
[2025-10-02 23:14:29.933] [info] 2.4 Creating Unified Datastructure from Reach Tree: 0
[2025-10-02 23:14:29.933] [info] 2.5 Simulating on full Reach Tree: 0
[2025-10-02 23:14:29.961] [info] 2.6.0 Labeling Reach Tree Nodes: 28
[2025-10-02 23:14:29.961] [info] 2.6.1 Removing Unfulfilling Subtrees: 0
[2025-10-02 23:14:29.961] [info] 2.6 Pre-checking and Reduction: 28
[2025-10-02 23:14:29.961] [info] node count before and after reduction 80 24
[2025-10-02 23:14:29.961] [info] reach tree compilation time in ms 1514
[2025-10-02 23:14:29.961] [info] reach tree node counts: full 80, reduced 24, goal 2
[2025-10-02 23:14:30.029] [info] runs 16034 | prob 0.5914930772109268 | low 0.5814930895885877 | high 0.6014930648332659
[2025-10-02 23:14:30.099] [info] runs 15924 | prob 0.6002260738507913 | low 0.5902264322289699 | high 0.6102257154726127
[2025-10-02 23:14:30.168] [info] runs 15953 | prob 0.5980066445182725 | low 0.5880069411281305 | high 0.6080063479084145
[2025-10-02 23:14:30.237] [info] runs 15895 | prob 0.6023906888958792 | low 0.5923910805401326 | high 0.6123902972516259
[2025-10-02 23:14:30.307] [info] runs 15913 | prob 0.6010180355684032 | low 0.5910182609479707 | high 0.6110178101888356
[2025-10-02 23:14:30.376] [info] runs 15975 | prob 0.5963067292644757 | low 0.5863070508038344 | high 0.606306407725117
[2025-10-02 23:14:30.445] [info] runs 15908 | prob 0.601395524264521 | low 0.5913957718171776 | high 0.6113952767118644
[2025-10-02 23:14:30.514] [info] runs 15959 | prob 0.5975311736324331 | low 0.587531417040342 | high 0.6075309302245243
[2025-10-02 23:14:30.583] [info] runs 15917 | prob 0.6007413457309795 | low 0.5907416639110152 | high 0.6107410275509437
[2025-10-02 23:14:30.652] [info] runs 15991 | prob 0.595022199987493 | low 0.5850224247144186 | high 0.6050219752605673
[2025-10-02 23:14:30.721] [info] runs 15974 | prob 0.5964066608238388 | low 0.5864070693802637 | high 0.6064062522674138
[2025-10-02 23:14:30.790] [info] runs 16012 | prob 0.5933050212340745 | low 0.5833051021667769 | high 0.603304940301372
[2025-10-02 23:14:30.860] [info] runs 15984 | prob 0.5955955955955956 | low 0.5855958995220683 | high 0.605595291669123
[2025-10-02 23:14:30.929] [info] runs 15999 | prob 0.5944121507594224 | low 0.5844124789499625 | high 0.6044118225688824
[2025-10-02 23:14:30.999] [info] runs 16005 | prob 0.5938769134645423 | low 0.5838770267536267 | high 0.6038768001754579
[2025-10-02 23:14:31.068] [info] runs 16005 | prob 0.5938769134645423 | low 0.5838770267536267 | high 0.6038768001754579
[2025-10-02 23:14:31.137] [info] runs 16028 | prob 0.5920888445220863 | low 0.5820892492534936 | high 0.602088439790679
[2025-10-02 23:14:31.207] [info] runs 16008 | prob 0.5936406796601699 | low 0.5836408118201585 | high 0.6036405475001813
[2025-10-02 23:14:31.277] [info] runs 16023 | prob 0.5924608375460276 | low 0.5824611037045404 | high 0.6024605713875149
[2025-10-02 23:14:31.346] [info] runs 15943 | prob 0.5987580756444835 | low 0.5887583132703887 | high 0.6087578380185782
[2025-10-02 23:14:31.415] [info] runs 15990 | prob 0.5951219512195122 | low 0.585122256830415 | high 0.6051216456086094
[2025-10-02 23:14:31.483] [info] runs 15902 | prob 0.6018110929442837 | low 0.5918112159709068 | high 0.6118109699176606
[2025-10-02 23:14:31.552] [info] runs 15994 | prob 0.5947855445792172 | low 0.5847857752894604 | high 0.6047853138689739
[2025-10-02 23:14:31.621] [info] runs 16084 | prob 0.5872917184779906 | low 0.5772917793420809 | high 0.5972916576139002
[2025-10-02 23:14:31.690] [info] runs 15945 | prob 0.5985575415490749 | low 0.5885575829437508 | high 0.608557500154399
[2025-10-02 23:14:31.690] [info] RESULT:
training_time, simulation_time, prob, low, high, runs
40, 28, 0.5914930772109268, 0.5814930895885877, 0.6014930648332659, 16034
41, 28, 0.6002260738507913, 0.5902264322289699, 0.6102257154726127, 15924
40, 28, 0.5980066445182725, 0.5880069411281305, 0.6080063479084145, 15953
40, 28, 0.6023906888958792, 0.5923910805401326, 0.6123902972516259, 15895
41, 28, 0.6010180355684032, 0.5910182609479707, 0.6110178101888356, 15913
40, 28, 0.5963067292644757, 0.5863070508038344, 0.606306407725117, 15975
40, 28, 0.601395524264521, 0.5913957718171776, 0.6113952767118644, 15908
40, 28, 0.5975311736324331, 0.587531417040342, 0.6075309302245243, 15959
40, 28, 0.6007413457309795, 0.5907416639110152, 0.6107410275509437, 15917
40, 28, 0.595022199987493, 0.5850224247144186, 0.6050219752605673, 15991
40, 28, 0.5964066608238388, 0.5864070693802637, 0.6064062522674138, 15974
40, 28, 0.5933050212340745, 0.5833051021667769, 0.603304940301372, 16012
40, 28, 0.5955955955955956, 0.5855958995220683, 0.605595291669123, 15984
41, 28, 0.5944121507594224, 0.5844124789499625, 0.6044118225688824, 15999
41, 28, 0.5938769134645423, 0.5838770267536267, 0.6038768001754579, 16005
40, 28, 0.5938769134645423, 0.5838770267536267, 0.6038768001754579, 16005
40, 28, 0.5920888445220863, 0.5820892492534936, 0.602088439790679, 16028
42, 28, 0.5936406796601699, 0.5836408118201585, 0.6036405475001813, 16008
40, 28, 0.5924608375460276, 0.5824611037045404, 0.6024605713875149, 16023
40, 28, 0.5987580756444835, 0.5887583132703887, 0.6087578380185782, 15943
40, 28, 0.5951219512195122, 0.585122256830415, 0.6051216456086094, 15990
40, 27, 0.6018110929442837, 0.5918112159709068, 0.6118109699176606, 15902
40, 28, 0.5947855445792172, 0.5847857752894604, 0.6047853138689739, 15994
40, 28, 0.5872917184779906, 0.5772917793420809, 0.5972916576139002, 16084
40, 28, 0.5985575415490749, 0.5885575829437508, 0.608557500154399, 15945
# timestamp 02.10.2025 23:14:28 (1759439668), datastructure TREE
# timebound 8, expirations {"r1": 0, "r2": 0}
# alpha 0.1, gamma 1
# fixed points 5, uniform granularity 1
# scheduler goal: MAXIMIZING, scope: SEMIPROPHETIC, history: MEMORYLESS
# training runs 20000
# reach tree compilation time in ms 1514
# reach tree node counts: full 80, reduced 24, goal 2

[2025-10-02 23:14:31.690] [info] 2.7 Simulating on reduced Reach Tree: 1729
[2025-10-02 23:14:31.697] [info] Analysis finished; the goal is not reachable.
[2025-10-02 23:14:31.697] [info] Probability: 0.0
[2025-10-02 23:14:31.697] [info] 2 Analysis: 3278
[2025-10-02 23:14:31.697] [info] 0 Computation Time Complete: 3279
[2025-10-02 23:14:31.697] [info] Counters and timers:
Counters:

Timers:
0 Computation Time Complete: 3279
1 Model creation: 0
2 Analysis: 3278
2.2 Reachability Analysis: 1514
2.3 Augment Reach Tree: 0
2.4 Creating Unified Datastructure from Reach Tree: 0
2.5 Simulating on full Reach Tree: 0
2.6 Pre-checking and Reduction: 28
2.6.0 Labeling Reach Tree Nodes: 28
2.6.1 Removing Unfulfilling Subtrees: 0
2.7 Simulating on reduced Reach Tree: 1729

timebound = 8, jump depth = 100, max expirations of random clocks = [{r1: 0}, {r2: 0}], combine absorbing locations in unrolling = 25, integration bound(s) = 8, integration samples = 500000, model = WATERTANK, model case = CASE_A, LTI analysis = rectangular analysis, scheduler = goal: MAXIMIZING, scope: SEMIPROPHETIC, history: HISTORY_DEPENDENT, multithreaded = 1, disableBackwardsRefinement = 0
simulating 0 runs after 1000000 training runs with parameters:
learning rate                 0.1
discount factor               1
exploration rate              0.15
uniform granularity           0.5
adaptive compartments         5


[2025-10-02 23:14:31.728] [warning] no flow specified for variable c1 in location all_off - assuming flow of 0
[2025-10-02 23:14:31.728] [warning] no flow specified for variable c1 in location v2_on - assuming flow of 0
[2025-10-02 23:14:31.728] [warning] no flow specified for variable c1 in location v1_block - assuming flow of 0
[2025-10-02 23:14:31.728] [warning] no flow specified for variable c1 in location v2_block - assuming flow of 0
[2025-10-02 23:14:31.728] [warning] no flow specified for variable c1 in location v1_block_v2_on - assuming flow of 0
[2025-10-02 23:14:31.728] [warning] no flow specified for variable c1 in location block_safe - assuming flow of 0
[2025-10-02 23:14:31.728] [warning] no flow specified for variable c1 in location block_unsafe - assuming flow of 0
[2025-10-02 23:14:31.728] [warning] no flow specified for variable c2 in location all_off - assuming flow of 0
[2025-10-02 23:14:31.728] [warning] no flow specified for variable c2 in location v1_on - assuming flow of 0
[2025-10-02 23:14:31.728] [warning] no flow specified for variable c2 in location v1_block - assuming flow of 0
[2025-10-02 23:14:31.728] [warning] no flow specified for variable c2 in location v2_block - assuming flow of 0
[2025-10-02 23:14:31.728] [warning] no flow specified for variable c2 in location v2_block_v1_on - assuming flow of 0
[2025-10-02 23:14:31.728] [warning] no flow specified for variable c2 in location block_safe - assuming flow of 0
[2025-10-02 23:14:31.728] [warning] no flow specified for variable c2 in location block_unsafe - assuming flow of 0
[2025-10-02 23:14:31.728] [warning] no constraints specified for variable c1 in initial constraint number 0 - assuming [0,0]
[2025-10-02 23:14:31.728] [warning] no constraints specified for variable c2 in initial constraint number 0 - assuming [0,0]
[2025-10-02 23:14:31.728] [info] 1 Model creation: 0
[2025-10-02 23:14:33.228] [info] 2.2 Reachability Analysis: 1499
[2025-10-02 23:14:33.228] [info] 2.3 Augment Reach Tree: 0
[2025-10-02 23:14:33.228] [info] 2.4 Creating Unified Datastructure from Reach Tree: 0
[2025-10-02 23:14:33.228] [info] 2.5 Simulating on full Reach Tree: 0
[2025-10-02 23:14:33.256] [info] 2.6.0 Labeling Reach Tree Nodes: 28
[2025-10-02 23:14:33.256] [info] 2.6.1 Removing Unfulfilling Subtrees: 0
[2025-10-02 23:14:33.256] [info] 2.6 Pre-checking and Reduction: 28
[2025-10-02 23:14:33.256] [info] node count before and after reduction 80 24
[2025-10-02 23:14:33.256] [info] reach tree compilation time in ms 1499
[2025-10-02 23:14:33.256] [info] reach tree node counts: full 80, reduced 24, goal 2
[2025-10-02 23:14:35.465] [info] runs 15821 | prob 0.6076733455533784 | low 0.5976736242895898 | high 0.6176730668171669
[2025-10-02 23:14:37.689] [info] runs 15879 | prob 0.6035014799420618 | low 0.5935016125845666 | high 0.6135013472995571
[2025-10-02 23:14:39.911] [info] runs 15888 | prob 0.6028449144008057 | low 0.5928450500696686 | high 0.6128447787319428
[2025-10-02 23:14:42.154] [info] runs 15877 | prob 0.6036404862379543 | low 0.5936405907768577 | high 0.6136403816990509
[2025-10-02 23:14:44.381] [info] runs 15816 | prob 0.6079919069296914 | low 0.5979920463201338 | high 0.617991767539249
[2025-10-02 23:14:46.646] [info] runs 15925 | prob 0.6001255886970173 | low 0.5901258415741714 | high 0.6101253358198632
[2025-10-02 23:14:48.917] [info] runs 15820 | prob 0.6077117572692794 | low 0.5977118934785632 | high 0.6177116210599956
[2025-10-02 23:14:51.182] [info] runs 15803 | prob 0.6089350123394293 | low 0.5989353340290489 | high 0.6189346906498097
[2025-10-02 23:14:53.439] [info] runs 15894 | prob 0.6024285894048068 | low 0.592428828533036 | high 0.6124283502765776
[2025-10-02 23:14:55.686] [info] runs 15834 | prob 0.6067323481116584 | low 0.5967325040876997 | high 0.6167321921356171
[2025-10-02 23:14:57.932] [info] runs 15859 | prob 0.6049561763036762 | low 0.5949563477354228 | high 0.6149560048719295
[2025-10-02 23:15:00.181] [info] runs 15858 | prob 0.6050573842855341 | low 0.5950576851413555 | high 0.6150570834297128
[2025-10-02 23:15:02.414] [info] runs 15926 | prob 0.6000879065678765 | low 0.590088316211257 | high 0.6100874969244959
[2025-10-02 23:15:04.658] [info] runs 15910 | prob 0.6011942174732873 | low 0.5911942430408159 | high 0.6111941919057586
[2025-10-02 23:15:06.913] [info] runs 15848 | prob 0.6057546693589096 | low 0.5957548928949078 | high 0.6157544458229115
[2025-10-02 23:15:09.167] [info] runs 15797 | prob 0.6092929037158954 | low 0.5992929668237356 | high 0.6192928406080552
[2025-10-02 23:15:11.403] [info] runs 15914 | prob 0.6009174311926605 | low 0.5909175471879854 | high 0.6109173151973356
[2025-10-02 23:15:13.644] [info] runs 15807 | prob 0.6085911305117986 | low 0.5985911472566898 | high 0.6185911137669073
[2025-10-02 23:15:15.883] [info] runs 15947 | prob 0.5984197654731297 | low 0.588419869298839 | high 0.6084196616474203
[2025-10-02 23:15:18.112] [info] runs 15895 | prob 0.6023277760301982 | low 0.592327898825192 | high 0.6123276532352043
[2025-10-02 23:15:20.379] [info] runs 15843 | prob 0.6060720823076438 | low 0.5960721360156985 | high 0.616072028599589
[2025-10-02 23:15:22.614] [info] runs 15865 | prob 0.6045382918373778 | low 0.5945385233202631 | high 0.6145380603544925
[2025-10-02 23:15:24.853] [info] runs 15911 | prob 0.6011564326566526 | low 0.5911566130362542 | high 0.6111562522770511
[2025-10-02 23:15:27.109] [info] runs 15947 | prob 0.59848247319245 | low 0.5884828339183785 | high 0.6084821124665214
[2025-10-02 23:15:29.344] [info] runs 15857 | prob 0.6050955414012739 | low 0.595095694738999 | high 0.6150953880635487
[2025-10-02 23:15:29.344] [info] RESULT:
training_time, simulation_time, prob, low, high, runs
2180, 28, 0.6076733455533784, 0.5976736242895898, 0.6176730668171669, 15821
2195, 28, 0.6035014799420618, 0.5935016125845666, 0.6135013472995571, 15879
2193, 28, 0.6028449144008057, 0.5928450500696686, 0.6128447787319428, 15888
2214, 28, 0.6036404862379543, 0.5936405907768577, 0.6136403816990509, 15877
2198, 28, 0.6079919069296914, 0.5979920463201338, 0.617991767539249, 15816
2235, 28, 0.6001255886970173, 0.5901258415741714, 0.6101253358198632, 15925
2242, 28, 0.6077117572692794, 0.5977118934785632, 0.6177116210599956, 15820
2236, 29, 0.6089350123394293, 0.5989353340290489, 0.6189346906498097, 15803
2227, 28, 0.6024285894048068, 0.592428828533036, 0.6124283502765776, 15894
2218, 28, 0.6067323481116584, 0.5967325040876997, 0.6167321921356171, 15834
2217, 28, 0.6049561763036762, 0.5949563477354228, 0.6149560048719295, 15859
2219, 28, 0.6050573842855341, 0.5950576851413555, 0.6150570834297128, 15858
2204, 28, 0.6000879065678765, 0.590088316211257, 0.6100874969244959, 15926
2214, 28, 0.6011942174732873, 0.5911942430408159, 0.6111941919057586, 15910
2226, 28, 0.6057546693589096, 0.5957548928949078, 0.6157544458229115, 15848
2225, 28, 0.6092929037158954, 0.5992929668237356, 0.6192928406080552, 15797
2207, 28, 0.6009174311926605, 0.5909175471879854, 0.6109173151973356, 15914
2212, 28, 0.6085911305117986, 0.5985911472566898, 0.6185911137669073, 15807
2210, 28, 0.5984197654731297, 0.588419869298839, 0.6084196616474203, 15947
2199, 28, 0.6023277760301982, 0.592327898825192, 0.6123276532352043, 15895
2238, 28, 0.6060720823076438, 0.5960721360156985, 0.616072028599589, 15843
2206, 28, 0.6045382918373778, 0.5945385233202631, 0.6145380603544925, 15865
2210, 28, 0.6011564326566526, 0.5911566130362542, 0.6111562522770511, 15911
2226, 28, 0.59848247319245, 0.5884828339183785, 0.6084821124665214, 15947
2206, 28, 0.6050955414012739, 0.595095694738999, 0.6150953880635487, 15857
# timestamp 02.10.2025 23:14:31 (1759439671), datastructure TREE
# timebound 8, expirations {"r1": 0, "r2": 0}
# alpha 0.1, gamma 1
# fixed points 5, uniform granularity 0.5
# scheduler goal: MAXIMIZING, scope: SEMIPROPHETIC, history: HISTORY_DEPENDENT
# training runs 1000000
# reach tree compilation time in ms 1499
# reach tree node counts: full 80, reduced 24, goal 2

[2025-10-02 23:15:29.344] [info] 2.7 Simulating on reduced Reach Tree: 56087
[2025-10-02 23:15:29.348] [info] Analysis finished; the goal is not reachable.
[2025-10-02 23:15:29.348] [info] Probability: 0.0
[2025-10-02 23:15:29.348] [info] 2 Analysis: 57619
[2025-10-02 23:15:29.348] [info] 0 Computation Time Complete: 57620
[2025-10-02 23:15:29.348] [info] Counters and timers:
Counters:

Timers:
0 Computation Time Complete: 57620
1 Model creation: 0
2 Analysis: 57619
2.2 Reachability Analysis: 1499
2.3 Augment Reach Tree: 0
2.4 Creating Unified Datastructure from Reach Tree: 0
2.5 Simulating on full Reach Tree: 0
2.6 Pre-checking and Reduction: 28
2.6.0 Labeling Reach Tree Nodes: 28
2.6.1 Removing Unfulfilling Subtrees: 0
2.7 Simulating on reduced Reach Tree: 56087

