timebound = 9, jump depth = 100, max expirations of random clocks = [{r1: 0}, {r2: 0}], combine absorbing locations in unrolling = 70, integration bound(s) = 9, integration samples = 500000, model = WATERTANK, model case = CASE_A, LTI analysis = rectangular analysis, scheduler = goal: MAXIMIZING, scope: SEMIPROPHETIC, history: HISTORY_DEPENDENT, multithreaded = 1, disableBackwardsRefinement = 0
simulating 0 runs after 5000 training runs with parameters:
learning rate                 0.1
discount factor               1
exploration rate              0.15
uniform granularity           1
adaptive compartments         5


[2025-10-02 23:15:29.382] [warning] no flow specified for variable c1 in location all_off - assuming flow of 0
[2025-10-02 23:15:29.382] [warning] no flow specified for variable c1 in location v2_on - assuming flow of 0
[2025-10-02 23:15:29.382] [warning] no flow specified for variable c1 in location v1_block - assuming flow of 0
[2025-10-02 23:15:29.382] [warning] no flow specified for variable c1 in location v2_block - assuming flow of 0
[2025-10-02 23:15:29.382] [warning] no flow specified for variable c1 in location v1_block_v2_on - assuming flow of 0
[2025-10-02 23:15:29.382] [warning] no flow specified for variable c1 in location block_safe - assuming flow of 0
[2025-10-02 23:15:29.382] [warning] no flow specified for variable c1 in location block_unsafe - assuming flow of 0
[2025-10-02 23:15:29.382] [warning] no flow specified for variable c2 in location all_off - assuming flow of 0
[2025-10-02 23:15:29.382] [warning] no flow specified for variable c2 in location v1_on - assuming flow of 0
[2025-10-02 23:15:29.382] [warning] no flow specified for variable c2 in location v1_block - assuming flow of 0
[2025-10-02 23:15:29.382] [warning] no flow specified for variable c2 in location v2_block - assuming flow of 0
[2025-10-02 23:15:29.382] [warning] no flow specified for variable c2 in location v2_block_v1_on - assuming flow of 0
[2025-10-02 23:15:29.382] [warning] no flow specified for variable c2 in location block_safe - assuming flow of 0
[2025-10-02 23:15:29.382] [warning] no flow specified for variable c2 in location block_unsafe - assuming flow of 0
[2025-10-02 23:15:29.382] [warning] no constraints specified for variable c1 in initial constraint number 0 - assuming [0,0]
[2025-10-02 23:15:29.382] [warning] no constraints specified for variable c2 in initial constraint number 0 - assuming [0,0]
[2025-10-02 23:15:29.382] [info] 1 Model creation: 0
[2025-10-02 23:15:32.325] [info] 2.2 Reachability Analysis: 2942
[2025-10-02 23:15:32.325] [info] 2.3 Augment Reach Tree: 0
[2025-10-02 23:15:32.325] [info] 2.4 Creating Unified Datastructure from Reach Tree: 0
[2025-10-02 23:15:32.325] [info] 2.5 Simulating on full Reach Tree: 0
[2025-10-02 23:15:32.369] [info] 2.6.0 Labeling Reach Tree Nodes: 43
[2025-10-02 23:15:32.369] [info] 2.6.1 Removing Unfulfilling Subtrees: 0
[2025-10-02 23:15:32.369] [info] 2.6 Pre-checking and Reduction: 43
[2025-10-02 23:15:32.369] [info] node count before and after reduction 153 50
[2025-10-02 23:15:32.369] [info] reach tree compilation time in ms 2942
[2025-10-02 23:15:32.369] [info] reach tree node counts: full 153, reduced 50, goal 6
[2025-10-02 23:15:32.410] [info] runs 15504 | prob 0.6279669762641898 | low 0.6179673647581387 | high 0.637966587770241
[2025-10-02 23:15:32.451] [info] runs 15603 | prob 0.6219316798051657 | low 0.611931719226269 | high 0.6319316403840625
[2025-10-02 23:15:32.491] [info] runs 15405 | prob 0.6336254462836741 | low 0.6236255852751293 | high 0.6436253072922189
[2025-10-02 23:15:32.532] [info] runs 15538 | prob 0.6258849272750676 | low 0.6158849698843903 | high 0.6358848846657449
[2025-10-02 23:15:32.573] [info] runs 15509 | prob 0.6276355664452898 | low 0.6176357545656932 | high 0.6376353783248865
[2025-10-02 23:15:32.608] [info] runs 16247 | prob 0.5718594202006524 | low 0.561859486867497 | high 0.5818593535338078
[2025-10-02 23:15:32.649] [info] runs 15508 | prob 0.6276760381738458 | low 0.6176761249599481 | high 0.6376759513877435
[2025-10-02 23:15:32.690] [info] runs 15457 | prob 0.6306527786763279 | low 0.6206528746923029 | high 0.6406526826603528
[2025-10-02 23:15:32.731] [info] runs 15634 | prob 0.6200588461046437 | low 0.6100591816446063 | high 0.6300585105646811
[2025-10-02 23:15:32.771] [info] runs 15358 | prob 0.6362807657247037 | low 0.6262810867311929 | high 0.6462804447182146
[2025-10-02 23:15:32.812] [info] runs 15570 | prob 0.623956326268465 | low 0.6139563771092377 | high 0.6339562754276923
[2025-10-02 23:15:32.853] [info] runs 15552 | prob 0.6250643004115226 | low 0.6150644505483808 | high 0.6350641502746645
[2025-10-02 23:15:32.888] [info] runs 16318 | prob 0.5639784287290109 | low 0.553978483329577 | high 0.5739783741284449
[2025-10-02 23:15:32.929] [info] runs 15554 | prob 0.624983926964125 | low 0.6149842913061354 | high 0.6349835626221145
[2025-10-02 23:15:32.970] [info] runs 15511 | prob 0.6275546386435433 | low 0.6175550296920931 | high 0.6375542475949936
[2025-10-02 23:15:33.010] [info] runs 15528 | prob 0.6264811952601752 | low 0.6164812331868317 | high 0.6364811573335187
[2025-10-02 23:15:33.051] [info] runs 15538 | prob 0.6258849272750676 | low 0.6158849698843903 | high 0.6358848846657449
[2025-10-02 23:15:33.092] [info] runs 15437 | prob 0.6317937423074431 | low 0.6217937964367772 | high 0.641793688178109
[2025-10-02 23:15:33.133] [info] runs 15591 | prob 0.6226669232249374 | low 0.6126669414292124 | high 0.6326669050206625
[2025-10-02 23:15:33.173] [info] runs 15449 | prob 0.6311088096316914 | low 0.6211088801996867 | high 0.641108739063696
[2025-10-02 23:15:33.214] [info] runs 15525 | prob 0.6267310789049919 | low 0.6167315029009567 | high 0.6367306549090271
[2025-10-02 23:15:33.255] [info] runs 15645 | prob 0.6193672099712368 | low 0.6093675489313637 | high 0.62936687101111
[2025-10-02 23:15:33.296] [info] runs 15442 | prob 0.6315244139360187 | low 0.6215245632342261 | high 0.6415242646378112
[2025-10-02 23:15:33.336] [info] runs 15450 | prob 0.6310679611650486 | low 0.6210681253672142 | high 0.641067796962883
[2025-10-02 23:15:33.377] [info] runs 15464 | prob 0.630237972064149 | low 0.620238009453671 | high 0.640237934674627
[2025-10-02 23:15:33.377] [info] RESULT:
training_time, simulation_time, prob, low, high, runs
10, 29, 0.6279669762641898, 0.6179673647581387, 0.637966587770241, 15504
10, 30, 0.6219316798051657, 0.611931719226269, 0.6319316403840625, 15603
10, 29, 0.6336254462836741, 0.6236255852751293, 0.6436253072922189, 15405
10, 29, 0.6258849272750676, 0.6158849698843903, 0.6358848846657449, 15538
10, 29, 0.6276355664452898, 0.6176357545656932, 0.6376353783248865, 15509
10, 24, 0.5718594202006524, 0.561859486867497, 0.5818593535338078, 16247
10, 30, 0.6276760381738458, 0.6176761249599481, 0.6376759513877435, 15508
10, 29, 0.6306527786763279, 0.6206528746923029, 0.6406526826603528, 15457
10, 30, 0.6200588461046437, 0.6100591816446063, 0.6300585105646811, 15634
10, 29, 0.6362807657247037, 0.6262810867311929, 0.6462804447182146, 15358
10, 30, 0.623956326268465, 0.6139563771092377, 0.6339562754276923, 15570
10, 30, 0.6250643004115226, 0.6150644505483808, 0.6350641502746645, 15552
10, 24, 0.5639784287290109, 0.553978483329577, 0.5739783741284449, 16318
10, 30, 0.624983926964125, 0.6149842913061354, 0.6349835626221145, 15554
10, 29, 0.6275546386435433, 0.6175550296920931, 0.6375542475949936, 15511
10, 29, 0.6264811952601752, 0.6164812331868317, 0.6364811573335187, 15528
10, 30, 0.6258849272750676, 0.6158849698843903, 0.6358848846657449, 15538
10, 29, 0.6317937423074431, 0.6217937964367772, 0.641793688178109, 15437
10, 30, 0.6226669232249374, 0.6126669414292124, 0.6326669050206625, 15591
10, 29, 0.6311088096316914, 0.6211088801996867, 0.641108739063696, 15449
10, 30, 0.6267310789049919, 0.6167315029009567, 0.6367306549090271, 15525
10, 30, 0.6193672099712368, 0.6093675489313637, 0.62936687101111, 15645
10, 29, 0.6315244139360187, 0.6215245632342261, 0.6415242646378112, 15442
10, 29, 0.6310679611650486, 0.6210681253672142, 0.641067796962883, 15450
10, 29, 0.630237972064149, 0.620238009453671, 0.640237934674627, 15464
# timestamp 02.10.2025 23:15:29 (1759439729), datastructure TREE
# timebound 9, expirations {"r1": 0, "r2": 0}
# alpha 0.1, gamma 1
# fixed points 5, uniform granularity 1
# scheduler goal: MAXIMIZING, scope: NONPROPHETIC, history: DISCRETE_HISTORY
# training runs 5000
# reach tree compilation time in ms 2942
# reach tree node counts: full 153, reduced 50, goal 6

[2025-10-02 23:15:33.416] [info] runs 15557 | prob 0.6247348460500096 | low 0.6147348479494266 | high 0.6347348441505927
[2025-10-02 23:15:33.455] [info] runs 15579 | prob 0.6234674882855126 | low 0.6134678517095944 | high 0.6334671248614308
[2025-10-02 23:15:33.494] [info] runs 15606 | prob 0.6217480456234782 | low 0.6117480948498757 | high 0.6317479963970807
[2025-10-02 23:15:33.533] [info] runs 15620 | prob 0.6208706786171575 | low 0.6108706876941223 | high 0.6308706695401927
[2025-10-02 23:15:33.572] [info] runs 15565 | prob 0.6242852553806617 | low 0.6142854406334342 | high 0.6342850701278893
[2025-10-02 23:15:33.611] [info] runs 15495 | prob 0.6284607938044531 | low 0.6184609898064657 | high 0.6384605978024405
[2025-10-02 23:15:33.645] [info] runs 16295 | prob 0.5666768947529918 | low 0.5566770708452978 | high 0.5766767186606857
[2025-10-02 23:15:33.679] [info] runs 16310 | prob 0.564990803188228 | low 0.5549910613783284 | high 0.5749905449981276
[2025-10-02 23:15:33.718] [info] runs 15588 | prob 0.6229150628688734 | low 0.6129154158758985 | high 0.6329147098618484
[2025-10-02 23:15:33.757] [info] runs 15531 | prob 0.6262957955057626 | low 0.6162957980626429 | high 0.6362957929488824
[2025-10-02 23:15:33.791] [info] runs 16295 | prob 0.5666768947529918 | low 0.5566770708452978 | high 0.5766767186606857
[2025-10-02 23:15:33.832] [info] runs 15408 | prob 0.6335020768431984 | low 0.6235024796891115 | high 0.6435016739972852
[2025-10-02 23:15:33.871] [info] runs 15448 | prob 0.6312143966856552 | low 0.6212147384875593 | high 0.641214054883751
[2025-10-02 23:15:33.910] [info] runs 15613 | prob 0.6213411900339461 | low 0.6113413792100308 | high 0.6313410008578613
[2025-10-02 23:15:33.949] [info] runs 15554 | prob 0.624983926964125 | low 0.6149842913061354 | high 0.6349835626221145
[2025-10-02 23:15:33.988] [info] runs 15559 | prob 0.6246545407802558 | low 0.6146547583236833 | high 0.6346543232368284
[2025-10-02 23:15:34.027] [info] runs 15485 | prob 0.6290603810138844 | low 0.6190606565963995 | high 0.6390601054313693
[2025-10-02 23:15:34.061] [info] runs 16306 | prob 0.5654360358150374 | low 0.5554362491189231 | high 0.5754358225111518
[2025-10-02 23:15:34.100] [info] runs 15587 | prob 0.6229550266247514 | low 0.6129552680273813 | high 0.6329547852221216
[2025-10-02 23:15:34.134] [info] runs 16287 | prob 0.5675692269908515 | low 0.5575693875551655 | high 0.5775690664265376
[2025-10-02 23:15:34.173] [info] runs 15585 | prob 0.6230349695219762 | low 0.6130349879611902 | high 0.6330349510827623
[2025-10-02 23:15:34.212] [info] runs 15603 | prob 0.6219316798051657 | low 0.611931719226269 | high 0.6319316403840625
[2025-10-02 23:15:34.251] [info] runs 15566 | prob 0.6242451496852114 | low 0.6142454436849653 | high 0.6342448556854575
[2025-10-02 23:15:34.289] [info] runs 15576 | prob 0.6236517719568567 | low 0.6136521424925876 | high 0.6336514014211259
[2025-10-02 23:15:34.328] [info] runs 15519 | prob 0.6270378246021007 | low 0.6170379798758008 | high 0.6370376693284006
[2025-10-02 23:15:34.328] [info] RESULT:
training_time, simulation_time, prob, low, high, runs
10, 28, 0.6247348460500096, 0.6147348479494266, 0.6347348441505927, 15557
10, 28, 0.6234674882855126, 0.6134678517095944, 0.6334671248614308, 15579
10, 28, 0.6217480456234782, 0.6117480948498757, 0.6317479963970807, 15606
10, 28, 0.6208706786171575, 0.6108706876941223, 0.6308706695401927, 15620
10, 28, 0.6242852553806617, 0.6142854406334342, 0.6342850701278893, 15565
10, 28, 0.6284607938044531, 0.6184609898064657, 0.6384605978024405, 15495
10, 24, 0.5666768947529918, 0.5566770708452978, 0.5766767186606857, 16295
9, 23, 0.564990803188228, 0.5549910613783284, 0.5749905449981276, 16310
10, 29, 0.6229150628688734, 0.6129154158758985, 0.6329147098618484, 15588
10, 28, 0.6262957955057626, 0.6162957980626429, 0.6362957929488824, 15531
10, 23, 0.5666768947529918, 0.5566770708452978, 0.5766767186606857, 16295
10, 30, 0.6335020768431984, 0.6235024796891115, 0.6435016739972852, 15408
10, 29, 0.6312143966856552, 0.6212147384875593, 0.641214054883751, 15448
10, 28, 0.6213411900339461, 0.6113413792100308, 0.6313410008578613, 15613
10, 28, 0.624983926964125, 0.6149842913061354, 0.6349835626221145, 15554
10, 28, 0.6246545407802558, 0.6146547583236833, 0.6346543232368284, 15559
10, 28, 0.6290603810138844, 0.6190606565963995, 0.6390601054313693, 15485
10, 23, 0.5654360358150374, 0.5554362491189231, 0.5754358225111518, 16306
10, 28, 0.6229550266247514, 0.6129552680273813, 0.6329547852221216, 15587
10, 23, 0.5675692269908515, 0.5575693875551655, 0.5775690664265376, 16287
10, 28, 0.6230349695219762, 0.6130349879611902, 0.6330349510827623, 15585
10, 28, 0.6219316798051657, 0.611931719226269, 0.6319316403840625, 15603
10, 28, 0.6242451496852114, 0.6142454436849653, 0.6342448556854575, 15566
10, 28, 0.6236517719568567, 0.6136521424925876, 0.6336514014211259, 15576
10, 28, 0.6270378246021007, 0.6170379798758008, 0.6370376693284006, 15519
# timestamp 02.10.2025 23:15:29 (1759439729), datastructure TREE
# timebound 9, expirations {"r1": 0, "r2": 0}
# alpha 0.1, gamma 1
# fixed points 5, uniform granularity 1
# scheduler goal: MAXIMIZING, scope: NONPROPHETIC, history: MEMORYLESS
# training runs 5000
# reach tree compilation time in ms 2942
# reach tree node counts: full 153, reduced 50, goal 6

[2025-10-02 23:15:34.328] [info] 2.7 Simulating on reduced Reach Tree: 1958
[2025-10-02 23:15:34.332] [info] Analysis finished; the goal is not reachable.
[2025-10-02 23:15:34.332] [info] Probability: 0.0
[2025-10-02 23:15:34.332] [info] 2 Analysis: 4949
[2025-10-02 23:15:34.332] [info] 0 Computation Time Complete: 4949
[2025-10-02 23:15:34.332] [info] Counters and timers:
Counters:

Timers:
0 Computation Time Complete: 4949
1 Model creation: 0
2 Analysis: 4949
2.2 Reachability Analysis: 2942
2.3 Augment Reach Tree: 0
2.4 Creating Unified Datastructure from Reach Tree: 0
2.5 Simulating on full Reach Tree: 0
2.6 Pre-checking and Reduction: 43
2.6.0 Labeling Reach Tree Nodes: 43
2.6.1 Removing Unfulfilling Subtrees: 0
2.7 Simulating on reduced Reach Tree: 1958

timebound = 9, jump depth = 100, max expirations of random clocks = [{r1: 0}, {r2: 0}], combine absorbing locations in unrolling = 153, integration bound(s) = 9, integration samples = 500000, model = WATERTANK, model case = CASE_A, LTI analysis = rectangular analysis, scheduler = goal: MAXIMIZING, scope: SEMIPROPHETIC, history: HISTORY_DEPENDENT, multithreaded = 1, disableBackwardsRefinement = 0
simulating 0 runs after 20000 training runs with parameters:
learning rate                 0.1
discount factor               1
exploration rate              0.15
uniform granularity           1
adaptive compartments         5


[2025-10-02 23:15:34.365] [warning] no flow specified for variable c1 in location all_off - assuming flow of 0
[2025-10-02 23:15:34.365] [warning] no flow specified for variable c1 in location v2_on - assuming flow of 0
[2025-10-02 23:15:34.365] [warning] no flow specified for variable c1 in location v1_block - assuming flow of 0
[2025-10-02 23:15:34.365] [warning] no flow specified for variable c1 in location v2_block - assuming flow of 0
[2025-10-02 23:15:34.365] [warning] no flow specified for variable c1 in location v1_block_v2_on - assuming flow of 0
[2025-10-02 23:15:34.365] [warning] no flow specified for variable c1 in location block_safe - assuming flow of 0
[2025-10-02 23:15:34.365] [warning] no flow specified for variable c1 in location block_unsafe - assuming flow of 0
[2025-10-02 23:15:34.365] [warning] no flow specified for variable c2 in location all_off - assuming flow of 0
[2025-10-02 23:15:34.365] [warning] no flow specified for variable c2 in location v1_on - assuming flow of 0
[2025-10-02 23:15:34.365] [warning] no flow specified for variable c2 in location v1_block - assuming flow of 0
[2025-10-02 23:15:34.365] [warning] no flow specified for variable c2 in location v2_block - assuming flow of 0
[2025-10-02 23:15:34.365] [warning] no flow specified for variable c2 in location v2_block_v1_on - assuming flow of 0
[2025-10-02 23:15:34.365] [warning] no flow specified for variable c2 in location block_safe - assuming flow of 0
[2025-10-02 23:15:34.365] [warning] no flow specified for variable c2 in location block_unsafe - assuming flow of 0
[2025-10-02 23:15:34.366] [warning] no constraints specified for variable c1 in initial constraint number 0 - assuming [0,0]
[2025-10-02 23:15:34.366] [warning] no constraints specified for variable c2 in initial constraint number 0 - assuming [0,0]
[2025-10-02 23:15:34.366] [info] 1 Model creation: 0
[2025-10-02 23:15:37.333] [info] 2.2 Reachability Analysis: 2967
[2025-10-02 23:15:37.334] [info] 2.3 Augment Reach Tree: 0
[2025-10-02 23:15:37.367] [info] 2.4 Creating Unified Datastructure from Reach Tree: 0
[2025-10-02 23:15:37.367] [info] 2.5 Simulating on full Reach Tree: 0
[2025-10-02 23:15:37.410] [info] 2.6.0 Labeling Reach Tree Nodes: 42
[2025-10-02 23:15:37.410] [info] 2.6.1 Removing Unfulfilling Subtrees: 0
[2025-10-02 23:15:37.410] [info] 2.6 Pre-checking and Reduction: 42
[2025-10-02 23:15:37.410] [info] node count before and after reduction 153 50
[2025-10-02 23:15:37.410] [info] reach tree compilation time in ms 2967
[2025-10-02 23:15:37.410] [info] reach tree node counts: full 153, reduced 50, goal 6
[2025-10-02 23:15:37.487] [info] runs 15217 | prob 0.6438194124991785 | low 0.6338194471517266 | high 0.6538193778466305
[2025-10-02 23:15:37.565] [info] runs 15087 | prob 0.6504938026115199 | low 0.6404939537597751 | high 0.6604936514632647
[2025-10-02 23:15:37.643] [info] runs 15232 | prob 0.6430540966386554 | low 0.6330542728126459 | high 0.6530539204646649
[2025-10-02 23:15:37.721] [info] runs 15168 | prob 0.6463607594936709 | low 0.636360772973534 | high 0.6563607460138078
[2025-10-02 23:15:37.798] [info] runs 15270 | prob 0.6410609037328094 | low 0.6310612176072339 | high 0.651060589858385
[2025-10-02 23:15:37.876] [info] runs 15109 | prob 0.6494142564034682 | low 0.639414577997478 | high 0.6594139348094583
[2025-10-02 23:15:37.954] [info] runs 15217 | prob 0.6438194124991785 | low 0.6338194471517266 | high 0.6538193778466305
[2025-10-02 23:15:38.032] [info] runs 15229 | prob 0.6432464377175127 | low 0.6332468287022245 | high 0.6532460467328008
[2025-10-02 23:15:38.109] [info] runs 15416 | prob 0.6330435910742086 | low 0.6230439582241565 | high 0.6430432239242607
[2025-10-02 23:15:38.187] [info] runs 15130 | prob 0.648314606741573 | low 0.6383146881748721 | high 0.658314525308274
[2025-10-02 23:15:38.265] [info] runs 15558 | prob 0.6246946908342975 | low 0.6146948005139597 | high 0.6346945811546353
[2025-10-02 23:15:38.342] [info] runs 15325 | prob 0.6381076672104404 | low 0.6281080749994499 | high 0.648107259421431
[2025-10-02 23:15:38.420] [info] runs 15407 | prob 0.6335431946517817 | low 0.6235435094533092 | high 0.6435428798502542
[2025-10-02 23:15:38.497] [info] runs 15070 | prob 0.6513603185136032 | low 0.6413605881587927 | high 0.6613600488684137
[2025-10-02 23:15:38.573] [info] runs 15411 | prob 0.6333138667185776 | low 0.6233141616637716 | high 0.6433135717733836
[2025-10-02 23:15:38.651] [info] runs 15217 | prob 0.6438851284747322 | low 0.6338855753774224 | high 0.653884681572042
[2025-10-02 23:15:38.728] [info] runs 15339 | prob 0.6373296825086381 | low 0.6273300183594844 | high 0.6473293466577917
[2025-10-02 23:15:38.806] [info] runs 15248 | prob 0.6421825813221406 | low 0.6321825947468623 | high 0.6521825678974188
[2025-10-02 23:15:38.883] [info] runs 15272 | prob 0.640911471974856 | low 0.6309115251872723 | high 0.6509114187624396
[2025-10-02 23:15:38.961] [info] runs 15202 | prob 0.6446520194711223 | low 0.634652362684764 | high 0.6546516762574806
[2025-10-02 23:15:39.038] [info] runs 15140 | prob 0.6478203434610303 | low 0.6378205197246736 | high 0.6578201671973871
[2025-10-02 23:15:39.115] [info] runs 15140 | prob 0.6478203434610303 | low 0.6378205197246736 | high 0.6578201671973871
[2025-10-02 23:15:39.193] [info] runs 15293 | prob 0.6398352187275224 | low 0.6298355823754365 | high 0.6498348550796083
[2025-10-02 23:15:39.271] [info] runs 15184 | prob 0.6455479452054794 | low 0.6355480427916652 | high 0.6555478476192936
[2025-10-02 23:15:39.348] [info] runs 15053 | prob 0.6522287916030027 | low 0.6422292262495489 | high 0.6622283569564565
[2025-10-02 23:15:39.348] [info] RESULT:
training_time, simulation_time, prob, low, high, runs
48, 28, 0.6438194124991785, 0.6338194471517266, 0.6538193778466305, 15217
48, 28, 0.6504938026115199, 0.6404939537597751, 0.6604936514632647, 15087
48, 29, 0.6430540966386554, 0.6330542728126459, 0.6530539204646649, 15232
48, 28, 0.6463607594936709, 0.636360772973534, 0.6563607460138078, 15168
48, 29, 0.6410609037328094, 0.6310612176072339, 0.651060589858385, 15270
48, 29, 0.6494142564034682, 0.639414577997478, 0.6594139348094583, 15109
48, 29, 0.6438194124991785, 0.6338194471517266, 0.6538193778466305, 15217
48, 29, 0.6432464377175127, 0.6332468287022245, 0.6532460467328008, 15229
48, 28, 0.6330435910742086, 0.6230439582241565, 0.6430432239242607, 15416
48, 28, 0.648314606741573, 0.6383146881748721, 0.658314525308274, 15130
48, 29, 0.6246946908342975, 0.6146948005139597, 0.6346945811546353, 15558
48, 28, 0.6381076672104404, 0.6281080749994499, 0.648107259421431, 15325
48, 29, 0.6335431946517817, 0.6235435094533092, 0.6435428798502542, 15407
48, 28, 0.6513603185136032, 0.6413605881587927, 0.6613600488684137, 15070
47, 28, 0.6333138667185776, 0.6233141616637716, 0.6433135717733836, 15411
48, 28, 0.6438851284747322, 0.6338855753774224, 0.653884681572042, 15217
48, 29, 0.6373296825086381, 0.6273300183594844, 0.6473293466577917, 15339
48, 29, 0.6421825813221406, 0.6321825947468623, 0.6521825678974188, 15248
48, 29, 0.640911471974856, 0.6309115251872723, 0.6509114187624396, 15272
48, 28, 0.6446520194711223, 0.634652362684764, 0.6546516762574806, 15202
47, 29, 0.6478203434610303, 0.6378205197246736, 0.6578201671973871, 15140
48, 28, 0.6478203434610303, 0.6378205197246736, 0.6578201671973871, 15140
48, 29, 0.6398352187275224, 0.6298355823754365, 0.6498348550796083, 15293
49, 28, 0.6455479452054794, 0.6355480427916652, 0.6555478476192936, 15184
48, 28, 0.6522287916030027, 0.6422292262495489, 0.6622283569564565, 15053
# timestamp 02.10.2025 23:15:34 (1759439734), datastructure TREE
# timebound 9, expirations {"r1": 0, "r2": 0}
# alpha 0.1, gamma 1
# fixed points 5, uniform granularity 1
# scheduler goal: MAXIMIZING, scope: SEMIPROPHETIC, history: MEMORYLESS
# training runs 20000
# reach tree compilation time in ms 2967
# reach tree node counts: full 153, reduced 50, goal 6

[2025-10-02 23:15:39.348] [info] 2.7 Simulating on reduced Reach Tree: 1938
[2025-10-02 23:15:39.351] [info] Analysis finished; the goal is not reachable.
[2025-10-02 23:15:39.351] [info] Probability: 0.0
[2025-10-02 23:15:39.351] [info] 2 Analysis: 4985
[2025-10-02 23:15:39.351] [info] 0 Computation Time Complete: 4985
[2025-10-02 23:15:39.351] [info] Counters and timers:
Counters:

Timers:
0 Computation Time Complete: 4985
1 Model creation: 0
2 Analysis: 4985
2.2 Reachability Analysis: 2967
2.3 Augment Reach Tree: 0
2.4 Creating Unified Datastructure from Reach Tree: 0
2.5 Simulating on full Reach Tree: 0
2.6 Pre-checking and Reduction: 42
2.6.0 Labeling Reach Tree Nodes: 42
2.6.1 Removing Unfulfilling Subtrees: 0
2.7 Simulating on reduced Reach Tree: 1938

timebound = 9, jump depth = 100, max expirations of random clocks = [{r1: 0}, {r2: 0}], combine absorbing locations in unrolling = 185, integration bound(s) = 9, integration samples = 500000, model = WATERTANK, model case = CASE_A, LTI analysis = rectangular analysis, scheduler = goal: MAXIMIZING, scope: SEMIPROPHETIC, history: HISTORY_DEPENDENT, multithreaded = 1, disableBackwardsRefinement = 0
simulating 0 runs after 1000000 training runs with parameters:
learning rate                 0.1
discount factor               1
exploration rate              0.15
uniform granularity           0.5
adaptive compartments         5


[2025-10-02 23:15:39.386] [warning] no flow specified for variable c1 in location all_off - assuming flow of 0
[2025-10-02 23:15:39.386] [warning] no flow specified for variable c1 in location v2_on - assuming flow of 0
[2025-10-02 23:15:39.386] [warning] no flow specified for variable c1 in location v1_block - assuming flow of 0
[2025-10-02 23:15:39.386] [warning] no flow specified for variable c1 in location v2_block - assuming flow of 0
[2025-10-02 23:15:39.386] [warning] no flow specified for variable c1 in location v1_block_v2_on - assuming flow of 0
[2025-10-02 23:15:39.386] [warning] no flow specified for variable c1 in location block_safe - assuming flow of 0
[2025-10-02 23:15:39.386] [warning] no flow specified for variable c1 in location block_unsafe - assuming flow of 0
[2025-10-02 23:15:39.386] [warning] no flow specified for variable c2 in location all_off - assuming flow of 0
[2025-10-02 23:15:39.386] [warning] no flow specified for variable c2 in location v1_on - assuming flow of 0
[2025-10-02 23:15:39.386] [warning] no flow specified for variable c2 in location v1_block - assuming flow of 0
[2025-10-02 23:15:39.386] [warning] no flow specified for variable c2 in location v2_block - assuming flow of 0
[2025-10-02 23:15:39.386] [warning] no flow specified for variable c2 in location v2_block_v1_on - assuming flow of 0
[2025-10-02 23:15:39.386] [warning] no flow specified for variable c2 in location block_safe - assuming flow of 0
[2025-10-02 23:15:39.386] [warning] no flow specified for variable c2 in location block_unsafe - assuming flow of 0
[2025-10-02 23:15:39.387] [warning] no constraints specified for variable c1 in initial constraint number 0 - assuming [0,0]
[2025-10-02 23:15:39.387] [warning] no constraints specified for variable c2 in initial constraint number 0 - assuming [0,0]
[2025-10-02 23:15:39.387] [info] 1 Model creation: 0
[2025-10-02 23:15:42.326] [info] 2.2 Reachability Analysis: 2939
[2025-10-02 23:15:42.326] [info] 2.3 Augment Reach Tree: 0
[2025-10-02 23:15:42.327] [info] 2.4 Creating Unified Datastructure from Reach Tree: 0
[2025-10-02 23:15:42.327] [info] 2.5 Simulating on full Reach Tree: 0
[2025-10-02 23:15:42.372] [info] 2.6.0 Labeling Reach Tree Nodes: 45
[2025-10-02 23:15:42.372] [info] 2.6.1 Removing Unfulfilling Subtrees: 0
[2025-10-02 23:15:42.372] [info] 2.6 Pre-checking and Reduction: 45
[2025-10-02 23:15:42.372] [info] node count before and after reduction 153 50
[2025-10-02 23:15:42.372] [info] reach tree compilation time in ms 2939
[2025-10-02 23:15:42.372] [info] reach tree node counts: full 153, reduced 50, goal 6
[2025-10-02 23:15:45.041] [info] runs 15156 | prob 0.6470044866719451 | low 0.6370046754994315 | high 0.6570042978444587
[2025-10-02 23:15:47.710] [info] runs 15024 | prob 0.6536208732694355 | low 0.6436210601422035 | high 0.6636206863966675
[2025-10-02 23:15:50.378] [info] runs 15137 | prob 0.6480147981766532 | low 0.6380152444619082 | high 0.6580143518913982
[2025-10-02 23:15:53.078] [info] runs 15169 | prob 0.64631814885622 | low 0.6363182191739818 | high 0.6563180785384581
[2025-10-02 23:15:55.745] [info] runs 15009 | prob 0.6543407288959957 | low 0.6443408195826567 | high 0.6643406382093348
[2025-10-02 23:15:58.437] [info] runs 15202 | prob 0.6446520194711223 | low 0.634652362684764 | high 0.6546516762574806
[2025-10-02 23:16:01.114] [info] runs 15132 | prob 0.6482289188474756 | low 0.6382291039710685 | high 0.6582287337238827
[2025-10-02 23:16:03.791] [info] runs 15137 | prob 0.6479487348880227 | low 0.6379487525947797 | high 0.6579487171812658
[2025-10-02 23:16:06.460] [info] runs 15043 | prob 0.6526623678787475 | low 0.6426623946646219 | high 0.6626623410928731
[2025-10-02 23:16:09.124] [info] runs 15248 | prob 0.6421825813221406 | low 0.6321825947468623 | high 0.6521825678974188
[2025-10-02 23:16:11.793] [info] runs 15061 | prob 0.6518159484761968 | low 0.6418162735289089 | high 0.6618156234234848
[2025-10-02 23:16:14.437] [info] runs 15127 | prob 0.6485092880280293 | low 0.6385096453324581 | high 0.6585089307236005
[2025-10-02 23:16:17.102] [info] runs 15043 | prob 0.6526623678787475 | low 0.6426623946646219 | high 0.6626623410928731
[2025-10-02 23:16:19.758] [info] runs 15103 | prob 0.6497384625571079 | low 0.6397389285771478 | high 0.659737996537068
[2025-10-02 23:16:22.435] [info] runs 15095 | prob 0.6500828088771117 | low 0.6400828945212391 | high 0.6600827232329842
[2025-10-02 23:16:25.099] [info] runs 15069 | prob 0.6514035436989847 | low 0.6414037697036775 | high 0.6614033176942918
[2025-10-02 23:16:27.768] [info] runs 15009 | prob 0.6543407288959957 | low 0.6443408195826567 | high 0.6643406382093348
[2025-10-02 23:16:30.465] [info] runs 15168 | prob 0.646426687763713 | low 0.6364271234912731 | high 0.656426252036153
[2025-10-02 23:16:33.120] [info] runs 15112 | prob 0.649219163578613 | low 0.6392191985482141 | high 0.6592191286090119
[2025-10-02 23:16:35.782] [info] runs 15047 | prob 0.6524888682129328 | low 0.6424890567462062 | high 0.6624886796796595
[2025-10-02 23:16:38.438] [info] runs 15087 | prob 0.6504938026115199 | low 0.6404939537597751 | high 0.6604936514632647
[2025-10-02 23:16:41.098] [info] runs 15091 | prob 0.6503213836061229 | low 0.640321719687174 | high 0.6603210475250718
[2025-10-02 23:16:43.764] [info] runs 15143 | prob 0.647692002905633 | low 0.637692338717483 | high 0.657691667093783
[2025-10-02 23:16:46.438] [info] runs 15128 | prob 0.6484664198836594 | low 0.6384668284662727 | high 0.6584660113010461
[2025-10-02 23:16:49.096] [info] runs 15156 | prob 0.6470044866719451 | low 0.6370046754994315 | high 0.6570042978444587
[2025-10-02 23:16:49.098] [info] RESULT:
training_time, simulation_time, prob, low, high, runs
2639, 30, 0.6470044866719451, 0.6370046754994315, 0.6570042978444587, 15156
2637, 29, 0.6536208732694355, 0.6436210601422035, 0.6636206863966675, 15024
2636, 29, 0.6480147981766532, 0.6380152444619082, 0.6580143518913982, 15137
2634, 29, 0.64631814885622, 0.6363182191739818, 0.6563180785384581, 15169
2636, 29, 0.6543407288959957, 0.6443408195826567, 0.6643406382093348, 15009
2660, 30, 0.6446520194711223, 0.634652362684764, 0.6546516762574806, 15202
2646, 29, 0.6482289188474756, 0.6382291039710685, 0.6582287337238827, 15132
2645, 29, 0.6479487348880227, 0.6379487525947797, 0.6579487171812658, 15137
2637, 30, 0.6526623678787475, 0.6426623946646219, 0.6626623410928731, 15043
2633, 29, 0.6421825813221406, 0.6321825947468623, 0.6521825678974188, 15248
2638, 29, 0.6518159484761968, 0.6418162735289089, 0.6618156234234848, 15061
2613, 29, 0.6485092880280293, 0.6385096453324581, 0.6585089307236005, 15127
2634, 29, 0.6526623678787475, 0.6426623946646219, 0.6626623410928731, 15043
2624, 29, 0.6497384625571079, 0.6397389285771478, 0.659737996537068, 15103
2644, 30, 0.6500828088771117, 0.6400828945212391, 0.6600827232329842, 15095
2633, 29, 0.6514035436989847, 0.6414037697036775, 0.6614033176942918, 15069
2638, 29, 0.6543407288959957, 0.6443408195826567, 0.6643406382093348, 15009
2645, 29, 0.646426687763713, 0.6364271234912731, 0.656426252036153, 15168
2624, 29, 0.649219163578613, 0.6392191985482141, 0.6592191286090119, 15112
2632, 29, 0.6524888682129328, 0.6424890567462062, 0.6624886796796595, 15047
2625, 29, 0.6504938026115199, 0.6404939537597751, 0.6604936514632647, 15087
2629, 29, 0.6503213836061229, 0.640321719687174, 0.6603210475250718, 15091
2634, 29, 0.647692002905633, 0.637692338717483, 0.657691667093783, 15143
2642, 29, 0.6484664198836594, 0.6384668284662727, 0.6584660113010461, 15128
2627, 30, 0.6470044866719451, 0.6370046754994315, 0.6570042978444587, 15156
# timestamp 02.10.2025 23:15:39 (1759439739), datastructure TREE
# timebound 9, expirations {"r1": 0, "r2": 0}
# alpha 0.1, gamma 1
# fixed points 5, uniform granularity 0.5
# scheduler goal: MAXIMIZING, scope: SEMIPROPHETIC, history: HISTORY_DEPENDENT
# training runs 1000000
# reach tree compilation time in ms 2939
# reach tree node counts: full 153, reduced 50, goal 6

[2025-10-02 23:16:49.098] [info] 2.7 Simulating on reduced Reach Tree: 66725
[2025-10-02 23:16:49.100] [info] Analysis finished; the goal is not reachable.
[2025-10-02 23:16:49.100] [info] Probability: 0.0
[2025-10-02 23:16:49.100] [info] 2 Analysis: 69713
[2025-10-02 23:16:49.100] [info] 0 Computation Time Complete: 69713
[2025-10-02 23:16:49.100] [info] Counters and timers:
Counters:

Timers:
0 Computation Time Complete: 69713
1 Model creation: 0
2 Analysis: 69713
2.2 Reachability Analysis: 2939
2.3 Augment Reach Tree: 0
2.4 Creating Unified Datastructure from Reach Tree: 0
2.5 Simulating on full Reach Tree: 0
2.6 Pre-checking and Reduction: 45
2.6.0 Labeling Reach Tree Nodes: 45
2.6.1 Removing Unfulfilling Subtrees: 0
2.7 Simulating on reduced Reach Tree: 66725

