timebound = 10, jump depth = 100, max expirations of random clocks = [{r: 1}, {r1: 0}, {r2: 0}], combine absorbing locations in unrolling = 121, integration bound(s) = 10, integration samples = 500000, model = WATERTANK, model case = CASE_A, LTI analysis = rectangular analysis, scheduler = goal: MAXIMIZING, scope: PROPHETIC, history: HISTORY_DEPENDENT, multithreaded = 1, disableBackwardsRefinement = 0
simulating 0 runs after 1000000 training runs with parameters:
learning rate                 0.1
discount factor               0.99
exploration rate              0.15
discretization method         UNIFORM_GRANULARITY
uniform granularity           0.25
adaptive compartments         5


[2025-09-05 11:35:25.764] [debug] not adding time variable 't' due to setting 'doNotAddTime == true'
[2025-09-05 11:35:25.764] [debug] using cli max expirations 0 for random clock r1
[2025-09-05 11:35:25.764] [debug] using cli max expirations 0 for random clock r2
[2025-09-05 11:35:25.764] [warning] no flow specified for variable c1 in location all_off - assuming flow of 0
[2025-09-05 11:35:25.764] [warning] no flow specified for variable c1 in location v2_on - assuming flow of 0
[2025-09-05 11:35:25.764] [warning] no flow specified for variable c1 in location v1_block - assuming flow of 0
[2025-09-05 11:35:25.764] [warning] no flow specified for variable c1 in location v2_block - assuming flow of 0
[2025-09-05 11:35:25.764] [warning] no flow specified for variable c1 in location v1_block_v2_on - assuming flow of 0
[2025-09-05 11:35:25.764] [warning] no flow specified for variable c1 in location block_safe - assuming flow of 0
[2025-09-05 11:35:25.764] [warning] no flow specified for variable c1 in location block_unsafe - assuming flow of 0
[2025-09-05 11:35:25.764] [warning] no flow specified for variable c2 in location all_off - assuming flow of 0
[2025-09-05 11:35:25.764] [warning] no flow specified for variable c2 in location v1_on - assuming flow of 0
[2025-09-05 11:35:25.764] [warning] no flow specified for variable c2 in location v1_block - assuming flow of 0
[2025-09-05 11:35:25.764] [warning] no flow specified for variable c2 in location v2_block - assuming flow of 0
[2025-09-05 11:35:25.764] [warning] no flow specified for variable c2 in location v2_block_v1_on - assuming flow of 0
[2025-09-05 11:35:25.764] [warning] no flow specified for variable c2 in location block_safe - assuming flow of 0
[2025-09-05 11:35:25.764] [warning] no flow specified for variable c2 in location block_unsafe - assuming flow of 0
[2025-09-05 11:35:25.764] [debug] Clock index for the created transition is: 3
[2025-09-05 11:35:25.764] [debug] Clock index for the created transition is: 3
[2025-09-05 11:35:25.764] [debug] Clock index for the created transition is: 3
[2025-09-05 11:35:25.764] [debug] Clock index for the created transition is: 3
[2025-09-05 11:35:25.764] [debug] Clock index for the created transition is: 4
[2025-09-05 11:35:25.764] [debug] Clock index for the created transition is: 4
[2025-09-05 11:35:25.764] [debug] Clock index for the created transition is: 4
[2025-09-05 11:35:25.764] [debug] Clock index for the created transition is: 4
[2025-09-05 11:35:25.764] [warning] no constraints specified for variable c1 in initial constraint number 0 - assuming [0,0]
[2025-09-05 11:35:25.764] [warning] no constraints specified for variable c2 in initial constraint number 0 - assuming [0,0]
[2025-09-05 11:35:25.765] [debug] Underlying Hybrid Automaton: initial states (1): 
all_off:  - x0 ≤ -4
x0 ≤ 4
 - x1 ≤ 0
x1 ≤ 0
 - 1·x2 ≤ 0
1·x2 ≤ 0

locations (9): 
all_off @0x5a135c537b60 {
Flow.: 
x: [4, 4], c1: [0, 0], c2: [0, 0], 
Inv.:
x0 ≤ 16
Transitions: 
{ @0x5a135c53e730 all_off (@0x5a135c537b60) -->*v1_on (@0x5a135c539010)
Guard:
 - x0 ≤ -16

Reset:
Identity
 }
{ @0x5a135c53eb40 all_off (@0x5a135c537b60) -->*v2_on (@0x5a135c53ba30)
Guard:
 - x0 ≤ -16

Reset:
Identity
 }

}
v1_on @0x5a135c539010 {
Flow.: 
x: [-2, -2], c1: [1, 1], c2: [0, 0], 
Inv.:
x1 ≤ 2
Transitions: 
{ @0x5a135c53eeb0 v1_on (@0x5a135c539010) --> v1_block (@0x5a135c53c060)
Guard:
x0 ≤ 16
 - x1 ≤ -2

Reset:
Identity
]0, 0[, [0, 0], 
 }
{ @0x5a135c5408a0 v1_on (@0x5a135c539010) --> v1_block_v2_on (@0x5a135c53cd50)
Guard:
 - x0 ≤ -16
 - x1 ≤ -2

Reset:
Identity
]0, 0[, [0, 0], 
 }

}
v2_on @0x5a135c53ba30 {
Flow.: 
x: [0, 0], c1: [0, 0], c2: [1, 1], 
Inv.:
1·x2 ≤ 1
Transitions: 
{ @0x5a135c53f8f0 v2_on (@0x5a135c53ba30) --> v2_block (@0x5a135c53c6b0)
Guard:
x0 ≤ 16
 - 1·x2 ≤ -1

Reset:
Identity
]0, 0[, ]0, 0[, [0, 0], 
 }
{ @0x5a135c540e30 v2_on (@0x5a135c53ba30) --> v2_block_v1_on (@0x5a135c53d410)
Guard:
 - x0 ≤ -16
 - 1·x2 ≤ -1

Reset:
Identity
]0, 0[, ]0, 0[, [0, 0], 
 }

}
v1_block @0x5a135c53c060 {
Flow.: 
x: [4, 4], c1: [0, 0], c2: [0, 0], 
Inv.:
x0 ≤ 16
Transitions: 
{ @0x5a135c541c20 v1_block (@0x5a135c53c060) --> v1_block_v2_on (@0x5a135c53cd50)
Guard:
 - x0 ≤ -16

Reset:
Identity
 }
{ @0x5a135c5450c0 v1_block (@0x5a135c53c060) --> all_off (@0x5a135c537b60)
Guard:

Reset:
Identity
 }

}
v2_block @0x5a135c53c6b0 {
Flow.: 
x: [4, 4], c1: [0, 0], c2: [0, 0], 
Inv.:
x0 ≤ 16
Transitions: 
{ @0x5a135c542000 v2_block (@0x5a135c53c6b0) --> v2_block_v1_on (@0x5a135c53d410)
Guard:
 - x0 ≤ -16

Reset:
Identity
 }
{ @0x5a135c545800 v2_block (@0x5a135c53c6b0) --> all_off (@0x5a135c537b60)
Guard:

Reset:
Identity
 }

}
v1_block_v2_on @0x5a135c53cd50 {
Flow.: 
x: [0, 0], c1: [0, 0], c2: [1, 1], 
Inv.:
1·x2 ≤ 1
Transitions: 
{ @0x5a135c5423b0 v1_block_v2_on (@0x5a135c53cd50) --> block_safe (@0x5a135c53db00)
Guard:
x0 ≤ 16
 - 1·x2 ≤ -1

Reset:
Identity
]0, 0[, ]0, 0[, [0, 0], 
 }
{ @0x5a135c5438d0 v1_block_v2_on (@0x5a135c53cd50) --> block_unsafe (@0x5a135c53e1f0)
Guard:
 - x0 ≤ -16
 - 1·x2 ≤ -1

Reset:
Identity
]0, 0[, ]0, 0[, [0, 0], 
 }
{ @0x5a135c545260 v1_block_v2_on (@0x5a135c53cd50) --> v2_on (@0x5a135c53ba30)
Guard:

Reset:
Identity
 }

}
v2_block_v1_on @0x5a135c53d410 {
Flow.: 
x: [-2, -2], c1: [1, 1], c2: [0, 0], 
Inv.:
x1 ≤ 2
Transitions: 
{ @0x5a135c543320 v2_block_v1_on (@0x5a135c53d410) --> block_safe (@0x5a135c53db00)
Guard:
x0 ≤ 16
 - x1 ≤ -2

Reset:
Identity
]0, 0[, [0, 0], 
 }
{ @0x5a135c5446c0 v2_block_v1_on (@0x5a135c53d410) --> block_unsafe (@0x5a135c53e1f0)
Guard:
 - x0 ≤ -16
 - x1 ≤ -2

Reset:
Identity
]0, 0[, [0, 0], 
 }
{ @0x5a135c5459e0 v2_block_v1_on (@0x5a135c53d410) --> v1_on (@0x5a135c539010)
Guard:

Reset:
Identity
 }

}
block_safe @0x5a135c53db00 {
Flow.: 
x: [4, 4], c1: [0, 0], c2: [0, 0], 
Inv.:
x0 ≤ 16
Transitions: 
{ @0x5a135c544c50 block_safe (@0x5a135c53db00) --> block_unsafe (@0x5a135c53e1f0)
Guard:
 - x0 ≤ -16

Reset:
Identity
 }
{ @0x5a135c545440 block_safe (@0x5a135c53db00) --> v2_block (@0x5a135c53c6b0)
Guard:

Reset:
Identity
 }
{ @0x5a135c545bc0 block_safe (@0x5a135c53db00) --> v1_block (@0x5a135c53c060)
Guard:

Reset:
Identity
 }

}
block_unsafe @0x5a135c53e1f0 {
Flow.: 
x: [4, 4], c1: [0, 0], c2: [0, 0], 
Inv.:
Transitions: 
{ @0x5a135c545620 block_unsafe (@0x5a135c53e1f0) --> v2_block_v1_on (@0x5a135c53d410)
Guard:

Reset:
Identity
 }
{ @0x5a135c545dd0 block_unsafe (@0x5a135c53e1f0) --> v1_block_v2_on (@0x5a135c53cd50)
Guard:

Reset:
Identity
 }

}
local bad states (0): 

[2025-09-05 11:35:25.765] [debug] Stochasticity Cache:
[2025-09-05 11:35:25.765] [debug] v1_block -> all_off is stochastic transition with random event r3(STOCHASTIC) (index 3)
[2025-09-05 11:35:25.765] [debug] v1_block_v2_on -> v2_on is stochastic transition with random event r3(STOCHASTIC) (index 3)
[2025-09-05 11:35:25.765] [debug] block_safe -> v2_block is stochastic transition with random event r3(STOCHASTIC) (index 3)
[2025-09-05 11:35:25.765] [debug] block_unsafe -> v2_block_v1_on is stochastic transition with random event r3(STOCHASTIC) (index 3)
[2025-09-05 11:35:25.765] [debug] v2_block -> all_off is stochastic transition with random event r4(STOCHASTIC) (index 4)
[2025-09-05 11:35:25.765] [debug] v2_block_v1_on -> v1_on is stochastic transition with random event r4(STOCHASTIC) (index 4)
[2025-09-05 11:35:25.765] [debug] block_safe -> v1_block is stochastic transition with random event r4(STOCHASTIC) (index 4)
[2025-09-05 11:35:25.765] [debug] block_unsafe -> v1_block_v2_on is stochastic transition with random event r4(STOCHASTIC) (index 4)
[2025-09-05 11:35:25.765] [debug] Specification: ( goal location: block_unsafe, constraints:  - x0 ≤ -18
 )
[2025-09-05 11:35:25.765] [info] 1 Model creation: 0
[2025-09-05 11:35:25.765] [info] 2.0 Creating Unified Datastructure from SAC: 0
[2025-09-05 11:35:29.360] [info] runs 15445 | prob 0.6313370022661056 | low 0.6213370644505349 | high 0.6413369400816762
[2025-09-05 11:35:29.389] [debug] RESULT:
training_time, simulation_time, prob, low, high, runs, scheduler_variant, success_path_count, failure_path_count
3359, 48, 0.6313370022661056, 0.6213370644505349, 0.6413369400816762, 15445, 0
# timestamp 05.09.2025 11:35:25 (1757064925), datastructure sac
# timebound 10, expirations {"r": 1, "r1": 0, "r2": 0}
# alpha 0.1, gamma 0.99
# discretization method UNIFORM_GRANULARITY, adaptive compartments 5, uniform granularity 0.25
# scheduler goal: MAXIMIZING, scope: PROPHETIC, history: MEMORYLESS
# training runs 1000000

[2025-09-05 11:35:29.426] [info] 2.1 Simulating on SAC: 3661
[2025-09-05 11:35:29.426] [info] Analysis finished; the goal is not reachable.
[2025-09-05 11:35:29.426] [info] Probability: 0.0
[2025-09-05 11:35:29.426] [info] 2 Analysis: 3661
[2025-09-05 11:35:29.426] [info] 0 Computation Time Complete: 3662
[2025-09-05 11:35:29.426] [info] Counters and timers:
Counters:

Timers:
0 Computation Time Complete: 3662
1 Model creation: 0
2 Analysis: 3661
2.0 Creating Unified Datastructure from SAC: 0
2.1 Simulating on SAC: 3661

