timebound = 12, jump depth = 100, max expirations of random clocks = [{r1: 0}, {r2: 0}], combine absorbing locations in unrolling = 255, integration bound(s) = 12, integration samples = 500000, model = WATERTANK, model case = CASE_A, LTI analysis = rectangular analysis, scheduler = goal: MAXIMIZING, scope: PROPHETIC, history: HISTORY_DEPENDENT, multithreaded = 1, disableBackwardsRefinement = 0
simulating 0 runs after 1000000 training runs with parameters:
learning rate                 0.5
discount factor               0.95
exploration rate              0.15
discretization method         UNIFORM_GRANULARITY
uniform granularity           0.25
adaptive compartments         5


[2025-09-16 12:52:29.423] [debug] not adding time variable 't' due to setting 'doNotAddTime == true'
[2025-09-16 12:52:29.423] [debug] using cli max expirations 0 for random clock r1
[2025-09-16 12:52:29.423] [debug] using cli max expirations 0 for random clock r2
[2025-09-16 12:52:29.423] [warning] no flow specified for variable c1 in location all_off - assuming flow of 0
[2025-09-16 12:52:29.423] [warning] no flow specified for variable c1 in location v2_on - assuming flow of 0
[2025-09-16 12:52:29.423] [warning] no flow specified for variable c1 in location v1_block - assuming flow of 0
[2025-09-16 12:52:29.423] [warning] no flow specified for variable c1 in location v2_block - assuming flow of 0
[2025-09-16 12:52:29.423] [warning] no flow specified for variable c1 in location v1_block_v2_on - assuming flow of 0
[2025-09-16 12:52:29.423] [warning] no flow specified for variable c1 in location block_safe - assuming flow of 0
[2025-09-16 12:52:29.423] [warning] no flow specified for variable c1 in location block_unsafe - assuming flow of 0
[2025-09-16 12:52:29.423] [warning] no flow specified for variable c2 in location all_off - assuming flow of 0
[2025-09-16 12:52:29.423] [warning] no flow specified for variable c2 in location v1_on - assuming flow of 0
[2025-09-16 12:52:29.423] [warning] no flow specified for variable c2 in location v1_block - assuming flow of 0
[2025-09-16 12:52:29.423] [warning] no flow specified for variable c2 in location v2_block - assuming flow of 0
[2025-09-16 12:52:29.423] [warning] no flow specified for variable c2 in location v2_block_v1_on - assuming flow of 0
[2025-09-16 12:52:29.423] [warning] no flow specified for variable c2 in location block_safe - assuming flow of 0
[2025-09-16 12:52:29.423] [warning] no flow specified for variable c2 in location block_unsafe - assuming flow of 0
[2025-09-16 12:52:29.423] [debug] Clock index for the created transition is: 3
[2025-09-16 12:52:29.423] [debug] Clock index for the created transition is: 3
[2025-09-16 12:52:29.423] [debug] Clock index for the created transition is: 3
[2025-09-16 12:52:29.423] [debug] Clock index for the created transition is: 3
[2025-09-16 12:52:29.423] [debug] Clock index for the created transition is: 4
[2025-09-16 12:52:29.423] [debug] Clock index for the created transition is: 4
[2025-09-16 12:52:29.423] [debug] Clock index for the created transition is: 4
[2025-09-16 12:52:29.423] [debug] Clock index for the created transition is: 4
[2025-09-16 12:52:29.423] [warning] no constraints specified for variable c1 in initial constraint number 0 - assuming [0,0]
[2025-09-16 12:52:29.423] [warning] no constraints specified for variable c2 in initial constraint number 0 - assuming [0,0]
[2025-09-16 12:52:29.423] [debug] Underlying Hybrid Automaton: initial states (1): 
all_off:  - x0 ≤ -4
x0 ≤ 4
 - x1 ≤ 0
x1 ≤ 0
 - 1·x2 ≤ 0
1·x2 ≤ 0

locations (9): 
all_off @0x596ddce1aed0 {
Flow.: 
x: [4, 4], c1: [0, 0], c2: [0, 0], 
Inv.:
x0 ≤ 16
Transitions: 
{ @0x596ddce1fea0 all_off (@0x596ddce1aed0) -->*v1_on (@0x596ddce0ea00)
Guard:
 - x0 ≤ -16

Reset:
Identity
 }
{ @0x596ddce202b0 all_off (@0x596ddce1aed0) -->*v2_on (@0x596ddce0f070)
Guard:
 - x0 ≤ -16

Reset:
Identity
 }

}
v1_on @0x596ddce0ea00 {
Flow.: 
x: [-2, -2], c1: [1, 1], c2: [0, 0], 
Inv.:
x1 ≤ 2
Transitions: 
{ @0x596ddce20620 v1_on (@0x596ddce0ea00) --> v1_block (@0x596ddce0f6a0)
Guard:
x0 ≤ 16
 - x1 ≤ -2

Reset:
Identity
]0, 0[, [0, 0], 
 }
{ @0x596ddce21f80 v1_on (@0x596ddce0ea00) --> v1_block_v2_on (@0x596ddce1e510)
Guard:
 - x0 ≤ -16
 - x1 ≤ -2

Reset:
Identity
]0, 0[, [0, 0], 
 }

}
v2_on @0x596ddce0f070 {
Flow.: 
x: [0, 0], c1: [0, 0], c2: [1, 1], 
Inv.:
1·x2 ≤ 1
Transitions: 
{ @0x596ddce20fd0 v2_on (@0x596ddce0f070) --> v2_block (@0x596ddce1ddf0)
Guard:
x0 ≤ 16
 - 1·x2 ≤ -1

Reset:
Identity
]0, 0[, ]0, 0[, [0, 0], 
 }
{ @0x596ddce22510 v2_on (@0x596ddce0f070) --> v2_block_v1_on (@0x596ddce1eb80)
Guard:
 - x0 ≤ -16
 - 1·x2 ≤ -1

Reset:
Identity
]0, 0[, ]0, 0[, [0, 0], 
 }

}
v1_block @0x596ddce0f6a0 {
Flow.: 
x: [4, 4], c1: [0, 0], c2: [0, 0], 
Inv.:
x0 ≤ 16
Transitions: 
{ @0x596ddce23300 v1_block (@0x596ddce0f6a0) --> v1_block_v2_on (@0x596ddce1e510)
Guard:
 - x0 ≤ -16

Reset:
Identity
 }
{ @0x596ddce267a0 v1_block (@0x596ddce0f6a0) --> all_off (@0x596ddce1aed0)
Guard:

Reset:
Identity
 }

}
v2_block @0x596ddce1ddf0 {
Flow.: 
x: [4, 4], c1: [0, 0], c2: [0, 0], 
Inv.:
x0 ≤ 16
Transitions: 
{ @0x596ddce236e0 v2_block (@0x596ddce1ddf0) --> v2_block_v1_on (@0x596ddce1eb80)
Guard:
 - x0 ≤ -16

Reset:
Identity
 }
{ @0x596ddce26ee0 v2_block (@0x596ddce1ddf0) --> all_off (@0x596ddce1aed0)
Guard:

Reset:
Identity
 }

}
v1_block_v2_on @0x596ddce1e510 {
Flow.: 
x: [0, 0], c1: [0, 0], c2: [1, 1], 
Inv.:
1·x2 ≤ 1
Transitions: 
{ @0x596ddce23a90 v1_block_v2_on (@0x596ddce1e510) --> block_safe (@0x596ddce1f270)
Guard:
x0 ≤ 16
 - 1·x2 ≤ -1

Reset:
Identity
]0, 0[, ]0, 0[, [0, 0], 
 }
{ @0x596ddce24fb0 v1_block_v2_on (@0x596ddce1e510) --> block_unsafe (@0x596ddce1f960)
Guard:
 - x0 ≤ -16
 - 1·x2 ≤ -1

Reset:
Identity
]0, 0[, ]0, 0[, [0, 0], 
 }
{ @0x596ddce26940 v1_block_v2_on (@0x596ddce1e510) --> v2_on (@0x596ddce0f070)
Guard:

Reset:
Identity
 }

}
v2_block_v1_on @0x596ddce1eb80 {
Flow.: 
x: [-2, -2], c1: [1, 1], c2: [0, 0], 
Inv.:
x1 ≤ 2
Transitions: 
{ @0x596ddce24a00 v2_block_v1_on (@0x596ddce1eb80) --> block_safe (@0x596ddce1f270)
Guard:
x0 ≤ 16
 - x1 ≤ -2

Reset:
Identity
]0, 0[, [0, 0], 
 }
{ @0x596ddce25da0 v2_block_v1_on (@0x596ddce1eb80) --> block_unsafe (@0x596ddce1f960)
Guard:
 - x0 ≤ -16
 - x1 ≤ -2

Reset:
Identity
]0, 0[, [0, 0], 
 }
{ @0x596ddce270c0 v2_block_v1_on (@0x596ddce1eb80) --> v1_on (@0x596ddce0ea00)
Guard:

Reset:
Identity
 }

}
block_safe @0x596ddce1f270 {
Flow.: 
x: [4, 4], c1: [0, 0], c2: [0, 0], 
Inv.:
x0 ≤ 16
Transitions: 
{ @0x596ddce26330 block_safe (@0x596ddce1f270) --> block_unsafe (@0x596ddce1f960)
Guard:
 - x0 ≤ -16

Reset:
Identity
 }
{ @0x596ddce26b20 block_safe (@0x596ddce1f270) --> v2_block (@0x596ddce1ddf0)
Guard:

Reset:
Identity
 }
{ @0x596ddce272a0 block_safe (@0x596ddce1f270) --> v1_block (@0x596ddce0f6a0)
Guard:

Reset:
Identity
 }

}
block_unsafe @0x596ddce1f960 {
Flow.: 
x: [4, 4], c1: [0, 0], c2: [0, 0], 
Inv.:
Transitions: 
{ @0x596ddce26d00 block_unsafe (@0x596ddce1f960) --> v2_block_v1_on (@0x596ddce1eb80)
Guard:

Reset:
Identity
 }
{ @0x596ddce274b0 block_unsafe (@0x596ddce1f960) --> v1_block_v2_on (@0x596ddce1e510)
Guard:

Reset:
Identity
 }

}
local bad states (0): 

[2025-09-16 12:52:29.423] [debug] Stochasticity Cache:
[2025-09-16 12:52:29.423] [debug] v1_block -> all_off is stochastic transition with random event r3(STOCHASTIC) (index 3)
[2025-09-16 12:52:29.423] [debug] v1_block_v2_on -> v2_on is stochastic transition with random event r3(STOCHASTIC) (index 3)
[2025-09-16 12:52:29.423] [debug] block_safe -> v2_block is stochastic transition with random event r3(STOCHASTIC) (index 3)
[2025-09-16 12:52:29.423] [debug] block_unsafe -> v2_block_v1_on is stochastic transition with random event r3(STOCHASTIC) (index 3)
[2025-09-16 12:52:29.423] [debug] v2_block -> all_off is stochastic transition with random event r4(STOCHASTIC) (index 4)
[2025-09-16 12:52:29.423] [debug] v2_block_v1_on -> v1_on is stochastic transition with random event r4(STOCHASTIC) (index 4)
[2025-09-16 12:52:29.423] [debug] block_safe -> v1_block is stochastic transition with random event r4(STOCHASTIC) (index 4)
[2025-09-16 12:52:29.423] [debug] block_unsafe -> v1_block_v2_on is stochastic transition with random event r4(STOCHASTIC) (index 4)
[2025-09-16 12:52:29.423] [debug] Specification: ( goal location: block_unsafe, constraints:  - x0 ≤ -18
 )
[2025-09-16 12:52:29.423] [info] 1 Model creation: 0
[2025-09-16 12:52:29.423] [info] 2.0 Creating Unified Datastructure from SAC: 0
[2025-09-16 12:52:33.009] [info] runs 8636 | prob 0.8462251042149143 | low 0.836225674893177 | high 0.8562245335366515
[2025-09-16 12:52:33.041] [debug] RESULT:
training_time, simulation_time, prob, low, high, runs
3559, 26, 0.8462251042149143, 0.836225674893177, 0.8562245335366515, 8636
# timestamp 16.09.2025 12:52:29 (1758019949), datastructure sac
# timebound 12, expirations {"r1": 0, "r2": 0}
# alpha 0.5, gamma 0.95
# discretization method UNIFORM_GRANULARITY, adaptive compartments 5, uniform granularity 0.25
# scheduler goal: MAXIMIZING, scope: PROPHETIC, history: MEMORYLESS
# training runs 1000000

[2025-09-16 12:52:33.090] [info] 2.1 Simulating on SAC: 3666
[2025-09-16 12:52:33.090] [info] Analysis finished; the goal is not reachable.
[2025-09-16 12:52:33.090] [info] Probability: 0.0
[2025-09-16 12:52:33.090] [info] 2 Analysis: 3666
[2025-09-16 12:52:33.090] [info] 0 Computation Time Complete: 3667
[2025-09-16 12:52:33.090] [info] Counters and timers:
Counters:

Timers:
0 Computation Time Complete: 3667
1 Model creation: 0
2 Analysis: 3666
2.0 Creating Unified Datastructure from SAC: 0
2.1 Simulating on SAC: 3666

