timebound = 14, jump depth = 100, max expirations of random clocks = [{r1: 0}, {r2: 0}], combine absorbing locations in unrolling = 255, integration bound(s) = 14, integration samples = 500000, model = WATERTANK, model case = CASE_A, LTI analysis = rectangular analysis, scheduler = goal: MAXIMIZING, scope: PROPHETIC, history: HISTORY_DEPENDENT, multithreaded = 1, disableBackwardsRefinement = 0
simulating 0 runs after 1000000 training runs with parameters:
learning rate                 0.5
discount factor               0.95
exploration rate              0.15
discretization method         UNIFORM_GRANULARITY
uniform granularity           0.25
adaptive compartments         5


[2025-09-16 12:52:37.831] [debug] not adding time variable 't' due to setting 'doNotAddTime == true'
[2025-09-16 12:52:37.831] [debug] using cli max expirations 0 for random clock r1
[2025-09-16 12:52:37.831] [debug] using cli max expirations 0 for random clock r2
[2025-09-16 12:52:37.831] [warning] no flow specified for variable c1 in location all_off - assuming flow of 0
[2025-09-16 12:52:37.831] [warning] no flow specified for variable c1 in location v2_on - assuming flow of 0
[2025-09-16 12:52:37.831] [warning] no flow specified for variable c1 in location v1_block - assuming flow of 0
[2025-09-16 12:52:37.831] [warning] no flow specified for variable c1 in location v2_block - assuming flow of 0
[2025-09-16 12:52:37.831] [warning] no flow specified for variable c1 in location v1_block_v2_on - assuming flow of 0
[2025-09-16 12:52:37.831] [warning] no flow specified for variable c1 in location block_safe - assuming flow of 0
[2025-09-16 12:52:37.831] [warning] no flow specified for variable c1 in location block_unsafe - assuming flow of 0
[2025-09-16 12:52:37.831] [warning] no flow specified for variable c2 in location all_off - assuming flow of 0
[2025-09-16 12:52:37.831] [warning] no flow specified for variable c2 in location v1_on - assuming flow of 0
[2025-09-16 12:52:37.831] [warning] no flow specified for variable c2 in location v1_block - assuming flow of 0
[2025-09-16 12:52:37.831] [warning] no flow specified for variable c2 in location v2_block - assuming flow of 0
[2025-09-16 12:52:37.831] [warning] no flow specified for variable c2 in location v2_block_v1_on - assuming flow of 0
[2025-09-16 12:52:37.831] [warning] no flow specified for variable c2 in location block_safe - assuming flow of 0
[2025-09-16 12:52:37.831] [warning] no flow specified for variable c2 in location block_unsafe - assuming flow of 0
[2025-09-16 12:52:37.831] [debug] Clock index for the created transition is: 3
[2025-09-16 12:52:37.831] [debug] Clock index for the created transition is: 3
[2025-09-16 12:52:37.831] [debug] Clock index for the created transition is: 3
[2025-09-16 12:52:37.831] [debug] Clock index for the created transition is: 3
[2025-09-16 12:52:37.831] [debug] Clock index for the created transition is: 4
[2025-09-16 12:52:37.831] [debug] Clock index for the created transition is: 4
[2025-09-16 12:52:37.831] [debug] Clock index for the created transition is: 4
[2025-09-16 12:52:37.831] [debug] Clock index for the created transition is: 4
[2025-09-16 12:52:37.831] [warning] no constraints specified for variable c1 in initial constraint number 0 - assuming [0,0]
[2025-09-16 12:52:37.831] [warning] no constraints specified for variable c2 in initial constraint number 0 - assuming [0,0]
[2025-09-16 12:52:37.832] [debug] Underlying Hybrid Automaton: initial states (1): 
all_off:  - x0 ≤ -4
x0 ≤ 4
 - x1 ≤ 0
x1 ≤ 0
 - 1·x2 ≤ 0
1·x2 ≤ 0

locations (9): 
all_off @0x56021403eed0 {
Flow.: 
x: [4, 4], c1: [0, 0], c2: [0, 0], 
Inv.:
x0 ≤ 16
Transitions: 
{ @0x560214043ea0 all_off (@0x56021403eed0) -->*v1_on (@0x560214032a00)
Guard:
 - x0 ≤ -16

Reset:
Identity
 }
{ @0x5602140442b0 all_off (@0x56021403eed0) -->*v2_on (@0x560214033070)
Guard:
 - x0 ≤ -16

Reset:
Identity
 }

}
v1_on @0x560214032a00 {
Flow.: 
x: [-2, -2], c1: [1, 1], c2: [0, 0], 
Inv.:
x1 ≤ 2
Transitions: 
{ @0x560214044620 v1_on (@0x560214032a00) --> v1_block (@0x5602140336a0)
Guard:
x0 ≤ 16
 - x1 ≤ -2

Reset:
Identity
]0, 0[, [0, 0], 
 }
{ @0x560214045f80 v1_on (@0x560214032a00) --> v1_block_v2_on (@0x560214042510)
Guard:
 - x0 ≤ -16
 - x1 ≤ -2

Reset:
Identity
]0, 0[, [0, 0], 
 }

}
v2_on @0x560214033070 {
Flow.: 
x: [0, 0], c1: [0, 0], c2: [1, 1], 
Inv.:
1·x2 ≤ 1
Transitions: 
{ @0x560214044fd0 v2_on (@0x560214033070) --> v2_block (@0x560214041df0)
Guard:
x0 ≤ 16
 - 1·x2 ≤ -1

Reset:
Identity
]0, 0[, ]0, 0[, [0, 0], 
 }
{ @0x560214046510 v2_on (@0x560214033070) --> v2_block_v1_on (@0x560214042b80)
Guard:
 - x0 ≤ -16
 - 1·x2 ≤ -1

Reset:
Identity
]0, 0[, ]0, 0[, [0, 0], 
 }

}
v1_block @0x5602140336a0 {
Flow.: 
x: [4, 4], c1: [0, 0], c2: [0, 0], 
Inv.:
x0 ≤ 16
Transitions: 
{ @0x560214047300 v1_block (@0x5602140336a0) --> v1_block_v2_on (@0x560214042510)
Guard:
 - x0 ≤ -16

Reset:
Identity
 }
{ @0x56021404a7a0 v1_block (@0x5602140336a0) --> all_off (@0x56021403eed0)
Guard:

Reset:
Identity
 }

}
v2_block @0x560214041df0 {
Flow.: 
x: [4, 4], c1: [0, 0], c2: [0, 0], 
Inv.:
x0 ≤ 16
Transitions: 
{ @0x5602140476e0 v2_block (@0x560214041df0) --> v2_block_v1_on (@0x560214042b80)
Guard:
 - x0 ≤ -16

Reset:
Identity
 }
{ @0x56021404aee0 v2_block (@0x560214041df0) --> all_off (@0x56021403eed0)
Guard:

Reset:
Identity
 }

}
v1_block_v2_on @0x560214042510 {
Flow.: 
x: [0, 0], c1: [0, 0], c2: [1, 1], 
Inv.:
1·x2 ≤ 1
Transitions: 
{ @0x560214047a90 v1_block_v2_on (@0x560214042510) --> block_safe (@0x560214043270)
Guard:
x0 ≤ 16
 - 1·x2 ≤ -1

Reset:
Identity
]0, 0[, ]0, 0[, [0, 0], 
 }
{ @0x560214048fb0 v1_block_v2_on (@0x560214042510) --> block_unsafe (@0x560214043960)
Guard:
 - x0 ≤ -16
 - 1·x2 ≤ -1

Reset:
Identity
]0, 0[, ]0, 0[, [0, 0], 
 }
{ @0x56021404a940 v1_block_v2_on (@0x560214042510) --> v2_on (@0x560214033070)
Guard:

Reset:
Identity
 }

}
v2_block_v1_on @0x560214042b80 {
Flow.: 
x: [-2, -2], c1: [1, 1], c2: [0, 0], 
Inv.:
x1 ≤ 2
Transitions: 
{ @0x560214048a00 v2_block_v1_on (@0x560214042b80) --> block_safe (@0x560214043270)
Guard:
x0 ≤ 16
 - x1 ≤ -2

Reset:
Identity
]0, 0[, [0, 0], 
 }
{ @0x560214049da0 v2_block_v1_on (@0x560214042b80) --> block_unsafe (@0x560214043960)
Guard:
 - x0 ≤ -16
 - x1 ≤ -2

Reset:
Identity
]0, 0[, [0, 0], 
 }
{ @0x56021404b0c0 v2_block_v1_on (@0x560214042b80) --> v1_on (@0x560214032a00)
Guard:

Reset:
Identity
 }

}
block_safe @0x560214043270 {
Flow.: 
x: [4, 4], c1: [0, 0], c2: [0, 0], 
Inv.:
x0 ≤ 16
Transitions: 
{ @0x56021404a330 block_safe (@0x560214043270) --> block_unsafe (@0x560214043960)
Guard:
 - x0 ≤ -16

Reset:
Identity
 }
{ @0x56021404ab20 block_safe (@0x560214043270) --> v2_block (@0x560214041df0)
Guard:

Reset:
Identity
 }
{ @0x56021404b2a0 block_safe (@0x560214043270) --> v1_block (@0x5602140336a0)
Guard:

Reset:
Identity
 }

}
block_unsafe @0x560214043960 {
Flow.: 
x: [4, 4], c1: [0, 0], c2: [0, 0], 
Inv.:
Transitions: 
{ @0x56021404ad00 block_unsafe (@0x560214043960) --> v2_block_v1_on (@0x560214042b80)
Guard:

Reset:
Identity
 }
{ @0x56021404b4b0 block_unsafe (@0x560214043960) --> v1_block_v2_on (@0x560214042510)
Guard:

Reset:
Identity
 }

}
local bad states (0): 

[2025-09-16 12:52:37.832] [debug] Stochasticity Cache:
[2025-09-16 12:52:37.832] [debug] v1_block -> all_off is stochastic transition with random event r3(STOCHASTIC) (index 3)
[2025-09-16 12:52:37.832] [debug] v1_block_v2_on -> v2_on is stochastic transition with random event r3(STOCHASTIC) (index 3)
[2025-09-16 12:52:37.832] [debug] block_safe -> v2_block is stochastic transition with random event r3(STOCHASTIC) (index 3)
[2025-09-16 12:52:37.832] [debug] block_unsafe -> v2_block_v1_on is stochastic transition with random event r3(STOCHASTIC) (index 3)
[2025-09-16 12:52:37.832] [debug] v2_block -> all_off is stochastic transition with random event r4(STOCHASTIC) (index 4)
[2025-09-16 12:52:37.832] [debug] v2_block_v1_on -> v1_on is stochastic transition with random event r4(STOCHASTIC) (index 4)
[2025-09-16 12:52:37.832] [debug] block_safe -> v1_block is stochastic transition with random event r4(STOCHASTIC) (index 4)
[2025-09-16 12:52:37.832] [debug] block_unsafe -> v1_block_v2_on is stochastic transition with random event r4(STOCHASTIC) (index 4)
[2025-09-16 12:52:37.832] [debug] Specification: ( goal location: block_unsafe, constraints:  - x0 ≤ -18
 )
[2025-09-16 12:52:37.832] [info] 1 Model creation: 0
[2025-09-16 12:52:37.832] [info] 2.0 Creating Unified Datastructure from SAC: 0
[2025-09-16 12:52:41.596] [info] runs 6528 | prob 0.8893995098039216 | low 0.8793999068860078 | high 0.8993991127218354
[2025-09-16 12:52:41.634] [debug] RESULT:
training_time, simulation_time, prob, low, high, runs
3743, 21, 0.8893995098039216, 0.8793999068860078, 0.8993991127218354, 6528
# timestamp 16.09.2025 12:52:37 (1758019957), datastructure sac
# timebound 14, expirations {"r1": 0, "r2": 0}
# alpha 0.5, gamma 0.95
# discretization method UNIFORM_GRANULARITY, adaptive compartments 5, uniform granularity 0.25
# scheduler goal: MAXIMIZING, scope: PROPHETIC, history: MEMORYLESS
# training runs 1000000

[2025-09-16 12:52:41.693] [info] 2.1 Simulating on SAC: 3860
[2025-09-16 12:52:41.693] [info] Analysis finished; the goal is not reachable.
[2025-09-16 12:52:41.693] [info] Probability: 0.0
[2025-09-16 12:52:41.693] [info] 2 Analysis: 3861
[2025-09-16 12:52:41.693] [info] 0 Computation Time Complete: 3861
[2025-09-16 12:52:41.693] [info] Counters and timers:
Counters:

Timers:
0 Computation Time Complete: 3861
1 Model creation: 0
2 Analysis: 3861
2.0 Creating Unified Datastructure from SAC: 0
2.1 Simulating on SAC: 3860

