timebound = 16, jump depth = 100, max expirations of random clocks = [{r: 1}, {r1: 0}, {r2: 0}], combine absorbing locations in unrolling = 195, integration bound(s) = 16, integration samples = 500000, model = WATERTANK, model case = CASE_A, LTI analysis = rectangular analysis, scheduler = goal: MAXIMIZING, scope: PROPHETIC, history: HISTORY_DEPENDENT, multithreaded = 1, disableBackwardsRefinement = 0
simulating 0 runs after 1000000 training runs with parameters:
learning rate                 0.1
discount factor               0.99
exploration rate              0.15
discretization method         UNIFORM_GRANULARITY
uniform granularity           0.25
adaptive compartments         5


[2025-09-05 11:36:06.057] [debug] not adding time variable 't' due to setting 'doNotAddTime == true'
[2025-09-05 11:36:06.057] [debug] using cli max expirations 0 for random clock r1
[2025-09-05 11:36:06.057] [debug] using cli max expirations 0 for random clock r2
[2025-09-05 11:36:06.058] [warning] no flow specified for variable c1 in location all_off - assuming flow of 0
[2025-09-05 11:36:06.058] [warning] no flow specified for variable c1 in location v2_on - assuming flow of 0
[2025-09-05 11:36:06.058] [warning] no flow specified for variable c1 in location v1_block - assuming flow of 0
[2025-09-05 11:36:06.058] [warning] no flow specified for variable c1 in location v2_block - assuming flow of 0
[2025-09-05 11:36:06.058] [warning] no flow specified for variable c1 in location v1_block_v2_on - assuming flow of 0
[2025-09-05 11:36:06.058] [warning] no flow specified for variable c1 in location block_safe - assuming flow of 0
[2025-09-05 11:36:06.058] [warning] no flow specified for variable c1 in location block_unsafe - assuming flow of 0
[2025-09-05 11:36:06.058] [warning] no flow specified for variable c2 in location all_off - assuming flow of 0
[2025-09-05 11:36:06.058] [warning] no flow specified for variable c2 in location v1_on - assuming flow of 0
[2025-09-05 11:36:06.058] [warning] no flow specified for variable c2 in location v1_block - assuming flow of 0
[2025-09-05 11:36:06.058] [warning] no flow specified for variable c2 in location v2_block - assuming flow of 0
[2025-09-05 11:36:06.058] [warning] no flow specified for variable c2 in location v2_block_v1_on - assuming flow of 0
[2025-09-05 11:36:06.058] [warning] no flow specified for variable c2 in location block_safe - assuming flow of 0
[2025-09-05 11:36:06.058] [warning] no flow specified for variable c2 in location block_unsafe - assuming flow of 0
[2025-09-05 11:36:06.058] [debug] Clock index for the created transition is: 3
[2025-09-05 11:36:06.058] [debug] Clock index for the created transition is: 3
[2025-09-05 11:36:06.058] [debug] Clock index for the created transition is: 3
[2025-09-05 11:36:06.058] [debug] Clock index for the created transition is: 3
[2025-09-05 11:36:06.058] [debug] Clock index for the created transition is: 4
[2025-09-05 11:36:06.058] [debug] Clock index for the created transition is: 4
[2025-09-05 11:36:06.058] [debug] Clock index for the created transition is: 4
[2025-09-05 11:36:06.058] [debug] Clock index for the created transition is: 4
[2025-09-05 11:36:06.058] [warning] no constraints specified for variable c1 in initial constraint number 0 - assuming [0,0]
[2025-09-05 11:36:06.058] [warning] no constraints specified for variable c2 in initial constraint number 0 - assuming [0,0]
[2025-09-05 11:36:06.058] [debug] Underlying Hybrid Automaton: initial states (1): 
all_off:  - x0 ≤ -4
x0 ≤ 4
 - x1 ≤ 0
x1 ≤ 0
 - 1·x2 ≤ 0
1·x2 ≤ 0

locations (9): 
all_off @0x63d92360db60 {
Flow.: 
x: [4, 4], c1: [0, 0], c2: [0, 0], 
Inv.:
x0 ≤ 16
Transitions: 
{ @0x63d923614730 all_off (@0x63d92360db60) -->*v1_on (@0x63d92360f010)
Guard:
 - x0 ≤ -16

Reset:
Identity
 }
{ @0x63d923614b40 all_off (@0x63d92360db60) -->*v2_on (@0x63d923611a30)
Guard:
 - x0 ≤ -16

Reset:
Identity
 }

}
v1_on @0x63d92360f010 {
Flow.: 
x: [-2, -2], c1: [1, 1], c2: [0, 0], 
Inv.:
x1 ≤ 2
Transitions: 
{ @0x63d923614eb0 v1_on (@0x63d92360f010) --> v1_block (@0x63d923612060)
Guard:
x0 ≤ 16
 - x1 ≤ -2

Reset:
Identity
]0, 0[, [0, 0], 
 }
{ @0x63d9236168a0 v1_on (@0x63d92360f010) --> v1_block_v2_on (@0x63d923612d50)
Guard:
 - x0 ≤ -16
 - x1 ≤ -2

Reset:
Identity
]0, 0[, [0, 0], 
 }

}
v2_on @0x63d923611a30 {
Flow.: 
x: [0, 0], c1: [0, 0], c2: [1, 1], 
Inv.:
1·x2 ≤ 1
Transitions: 
{ @0x63d9236158f0 v2_on (@0x63d923611a30) --> v2_block (@0x63d9236126b0)
Guard:
x0 ≤ 16
 - 1·x2 ≤ -1

Reset:
Identity
]0, 0[, ]0, 0[, [0, 0], 
 }
{ @0x63d923616e30 v2_on (@0x63d923611a30) --> v2_block_v1_on (@0x63d923613410)
Guard:
 - x0 ≤ -16
 - 1·x2 ≤ -1

Reset:
Identity
]0, 0[, ]0, 0[, [0, 0], 
 }

}
v1_block @0x63d923612060 {
Flow.: 
x: [4, 4], c1: [0, 0], c2: [0, 0], 
Inv.:
x0 ≤ 16
Transitions: 
{ @0x63d923617c20 v1_block (@0x63d923612060) --> v1_block_v2_on (@0x63d923612d50)
Guard:
 - x0 ≤ -16

Reset:
Identity
 }
{ @0x63d92361b0c0 v1_block (@0x63d923612060) --> all_off (@0x63d92360db60)
Guard:

Reset:
Identity
 }

}
v2_block @0x63d9236126b0 {
Flow.: 
x: [4, 4], c1: [0, 0], c2: [0, 0], 
Inv.:
x0 ≤ 16
Transitions: 
{ @0x63d923618000 v2_block (@0x63d9236126b0) --> v2_block_v1_on (@0x63d923613410)
Guard:
 - x0 ≤ -16

Reset:
Identity
 }
{ @0x63d92361b800 v2_block (@0x63d9236126b0) --> all_off (@0x63d92360db60)
Guard:

Reset:
Identity
 }

}
v1_block_v2_on @0x63d923612d50 {
Flow.: 
x: [0, 0], c1: [0, 0], c2: [1, 1], 
Inv.:
1·x2 ≤ 1
Transitions: 
{ @0x63d9236183b0 v1_block_v2_on (@0x63d923612d50) --> block_safe (@0x63d923613b00)
Guard:
x0 ≤ 16
 - 1·x2 ≤ -1

Reset:
Identity
]0, 0[, ]0, 0[, [0, 0], 
 }
{ @0x63d9236198d0 v1_block_v2_on (@0x63d923612d50) --> block_unsafe (@0x63d9236141f0)
Guard:
 - x0 ≤ -16
 - 1·x2 ≤ -1

Reset:
Identity
]0, 0[, ]0, 0[, [0, 0], 
 }
{ @0x63d92361b260 v1_block_v2_on (@0x63d923612d50) --> v2_on (@0x63d923611a30)
Guard:

Reset:
Identity
 }

}
v2_block_v1_on @0x63d923613410 {
Flow.: 
x: [-2, -2], c1: [1, 1], c2: [0, 0], 
Inv.:
x1 ≤ 2
Transitions: 
{ @0x63d923619320 v2_block_v1_on (@0x63d923613410) --> block_safe (@0x63d923613b00)
Guard:
x0 ≤ 16
 - x1 ≤ -2

Reset:
Identity
]0, 0[, [0, 0], 
 }
{ @0x63d92361a6c0 v2_block_v1_on (@0x63d923613410) --> block_unsafe (@0x63d9236141f0)
Guard:
 - x0 ≤ -16
 - x1 ≤ -2

Reset:
Identity
]0, 0[, [0, 0], 
 }
{ @0x63d92361b9e0 v2_block_v1_on (@0x63d923613410) --> v1_on (@0x63d92360f010)
Guard:

Reset:
Identity
 }

}
block_safe @0x63d923613b00 {
Flow.: 
x: [4, 4], c1: [0, 0], c2: [0, 0], 
Inv.:
x0 ≤ 16
Transitions: 
{ @0x63d92361ac50 block_safe (@0x63d923613b00) --> block_unsafe (@0x63d9236141f0)
Guard:
 - x0 ≤ -16

Reset:
Identity
 }
{ @0x63d92361b440 block_safe (@0x63d923613b00) --> v2_block (@0x63d9236126b0)
Guard:

Reset:
Identity
 }
{ @0x63d92361bbc0 block_safe (@0x63d923613b00) --> v1_block (@0x63d923612060)
Guard:

Reset:
Identity
 }

}
block_unsafe @0x63d9236141f0 {
Flow.: 
x: [4, 4], c1: [0, 0], c2: [0, 0], 
Inv.:
Transitions: 
{ @0x63d92361b620 block_unsafe (@0x63d9236141f0) --> v2_block_v1_on (@0x63d923613410)
Guard:

Reset:
Identity
 }
{ @0x63d92361bdd0 block_unsafe (@0x63d9236141f0) --> v1_block_v2_on (@0x63d923612d50)
Guard:

Reset:
Identity
 }

}
local bad states (0): 

[2025-09-05 11:36:06.058] [debug] Stochasticity Cache:
[2025-09-05 11:36:06.058] [debug] v1_block -> all_off is stochastic transition with random event r3(STOCHASTIC) (index 3)
[2025-09-05 11:36:06.058] [debug] v1_block_v2_on -> v2_on is stochastic transition with random event r3(STOCHASTIC) (index 3)
[2025-09-05 11:36:06.058] [debug] block_safe -> v2_block is stochastic transition with random event r3(STOCHASTIC) (index 3)
[2025-09-05 11:36:06.058] [debug] block_unsafe -> v2_block_v1_on is stochastic transition with random event r3(STOCHASTIC) (index 3)
[2025-09-05 11:36:06.058] [debug] v2_block -> all_off is stochastic transition with random event r4(STOCHASTIC) (index 4)
[2025-09-05 11:36:06.058] [debug] v2_block_v1_on -> v1_on is stochastic transition with random event r4(STOCHASTIC) (index 4)
[2025-09-05 11:36:06.058] [debug] block_safe -> v1_block is stochastic transition with random event r4(STOCHASTIC) (index 4)
[2025-09-05 11:36:06.058] [debug] block_unsafe -> v1_block_v2_on is stochastic transition with random event r4(STOCHASTIC) (index 4)
[2025-09-05 11:36:06.058] [debug] Specification: ( goal location: block_unsafe, constraints:  - x0 ≤ -18
 )
[2025-09-05 11:36:06.058] [info] 1 Model creation: 0
[2025-09-05 11:36:06.058] [info] 2.0 Creating Unified Datastructure from SAC: 0
[2025-09-05 11:36:10.509] [info] runs 3088 | prob 0.9511010362694301 | low 0.9411040207087978 | high 0.9610980518300624
[2025-09-05 11:36:10.553] [debug] RESULT:
training_time, simulation_time, prob, low, high, runs, scheduler_variant, success_path_count, failure_path_count
4123, 15, 0.9511010362694301, 0.9411040207087978, 0.9610980518300624, 3088, 0
# timestamp 05.09.2025 11:36:06 (1757064966), datastructure sac
# timebound 16, expirations {"r": 1, "r1": 0, "r2": 0}
# alpha 0.1, gamma 0.99
# discretization method UNIFORM_GRANULARITY, adaptive compartments 5, uniform granularity 0.25
# scheduler goal: MAXIMIZING, scope: PROPHETIC, history: MEMORYLESS
# training runs 1000000

[2025-09-05 11:36:10.615] [info] 2.1 Simulating on SAC: 4556
[2025-09-05 11:36:10.615] [info] Analysis finished; the goal is not reachable.
[2025-09-05 11:36:10.615] [info] Probability: 0.0
[2025-09-05 11:36:10.615] [info] 2 Analysis: 4557
[2025-09-05 11:36:10.615] [info] 0 Computation Time Complete: 4557
[2025-09-05 11:36:10.615] [info] Counters and timers:
Counters:

Timers:
0 Computation Time Complete: 4557
1 Model creation: 0
2 Analysis: 4557
2.0 Creating Unified Datastructure from SAC: 0
2.1 Simulating on SAC: 4556

