timebound = 18, jump depth = 100, max expirations of random clocks = [{r1: 0}, {r2: 0}], combine absorbing locations in unrolling = 255, integration bound(s) = 18, integration samples = 500000, model = WATERTANK, model case = CASE_A, LTI analysis = rectangular analysis, scheduler = goal: MAXIMIZING, scope: PROPHETIC, history: HISTORY_DEPENDENT, multithreaded = 1, disableBackwardsRefinement = 0
simulating 0 runs after 1000000 training runs with parameters:
learning rate                 0.5
discount factor               0.95
exploration rate              0.15
discretization method         UNIFORM_GRANULARITY
uniform granularity           0.25
adaptive compartments         5


[2025-09-16 12:52:55.998] [debug] not adding time variable 't' due to setting 'doNotAddTime == true'
[2025-09-16 12:52:55.998] [debug] using cli max expirations 0 for random clock r1
[2025-09-16 12:52:55.998] [debug] using cli max expirations 0 for random clock r2
[2025-09-16 12:52:55.998] [warning] no flow specified for variable c1 in location all_off - assuming flow of 0
[2025-09-16 12:52:55.998] [warning] no flow specified for variable c1 in location v2_on - assuming flow of 0
[2025-09-16 12:52:55.998] [warning] no flow specified for variable c1 in location v1_block - assuming flow of 0
[2025-09-16 12:52:55.998] [warning] no flow specified for variable c1 in location v2_block - assuming flow of 0
[2025-09-16 12:52:55.998] [warning] no flow specified for variable c1 in location v1_block_v2_on - assuming flow of 0
[2025-09-16 12:52:55.998] [warning] no flow specified for variable c1 in location block_safe - assuming flow of 0
[2025-09-16 12:52:55.998] [warning] no flow specified for variable c1 in location block_unsafe - assuming flow of 0
[2025-09-16 12:52:55.998] [warning] no flow specified for variable c2 in location all_off - assuming flow of 0
[2025-09-16 12:52:55.998] [warning] no flow specified for variable c2 in location v1_on - assuming flow of 0
[2025-09-16 12:52:55.998] [warning] no flow specified for variable c2 in location v1_block - assuming flow of 0
[2025-09-16 12:52:55.998] [warning] no flow specified for variable c2 in location v2_block - assuming flow of 0
[2025-09-16 12:52:55.998] [warning] no flow specified for variable c2 in location v2_block_v1_on - assuming flow of 0
[2025-09-16 12:52:55.998] [warning] no flow specified for variable c2 in location block_safe - assuming flow of 0
[2025-09-16 12:52:55.999] [warning] no flow specified for variable c2 in location block_unsafe - assuming flow of 0
[2025-09-16 12:52:55.999] [debug] Clock index for the created transition is: 3
[2025-09-16 12:52:55.999] [debug] Clock index for the created transition is: 3
[2025-09-16 12:52:55.999] [debug] Clock index for the created transition is: 3
[2025-09-16 12:52:55.999] [debug] Clock index for the created transition is: 3
[2025-09-16 12:52:55.999] [debug] Clock index for the created transition is: 4
[2025-09-16 12:52:55.999] [debug] Clock index for the created transition is: 4
[2025-09-16 12:52:55.999] [debug] Clock index for the created transition is: 4
[2025-09-16 12:52:55.999] [debug] Clock index for the created transition is: 4
[2025-09-16 12:52:55.999] [warning] no constraints specified for variable c1 in initial constraint number 0 - assuming [0,0]
[2025-09-16 12:52:55.999] [warning] no constraints specified for variable c2 in initial constraint number 0 - assuming [0,0]
[2025-09-16 12:52:55.999] [debug] Underlying Hybrid Automaton: initial states (1): 
all_off:  - x0 ≤ -4
x0 ≤ 4
 - x1 ≤ 0
x1 ≤ 0
 - 1·x2 ≤ 0
1·x2 ≤ 0

locations (9): 
all_off @0x5f0bcaa59ed0 {
Flow.: 
x: [4, 4], c1: [0, 0], c2: [0, 0], 
Inv.:
x0 ≤ 16
Transitions: 
{ @0x5f0bcaa5eea0 all_off (@0x5f0bcaa59ed0) -->*v1_on (@0x5f0bcaa4da00)
Guard:
 - x0 ≤ -16

Reset:
Identity
 }
{ @0x5f0bcaa5f2b0 all_off (@0x5f0bcaa59ed0) -->*v2_on (@0x5f0bcaa4e070)
Guard:
 - x0 ≤ -16

Reset:
Identity
 }

}
v1_on @0x5f0bcaa4da00 {
Flow.: 
x: [-2, -2], c1: [1, 1], c2: [0, 0], 
Inv.:
x1 ≤ 2
Transitions: 
{ @0x5f0bcaa5f620 v1_on (@0x5f0bcaa4da00) --> v1_block (@0x5f0bcaa4e6a0)
Guard:
x0 ≤ 16
 - x1 ≤ -2

Reset:
Identity
]0, 0[, [0, 0], 
 }
{ @0x5f0bcaa60f80 v1_on (@0x5f0bcaa4da00) --> v1_block_v2_on (@0x5f0bcaa5d510)
Guard:
 - x0 ≤ -16
 - x1 ≤ -2

Reset:
Identity
]0, 0[, [0, 0], 
 }

}
v2_on @0x5f0bcaa4e070 {
Flow.: 
x: [0, 0], c1: [0, 0], c2: [1, 1], 
Inv.:
1·x2 ≤ 1
Transitions: 
{ @0x5f0bcaa5ffd0 v2_on (@0x5f0bcaa4e070) --> v2_block (@0x5f0bcaa5cdf0)
Guard:
x0 ≤ 16
 - 1·x2 ≤ -1

Reset:
Identity
]0, 0[, ]0, 0[, [0, 0], 
 }
{ @0x5f0bcaa61510 v2_on (@0x5f0bcaa4e070) --> v2_block_v1_on (@0x5f0bcaa5db80)
Guard:
 - x0 ≤ -16
 - 1·x2 ≤ -1

Reset:
Identity
]0, 0[, ]0, 0[, [0, 0], 
 }

}
v1_block @0x5f0bcaa4e6a0 {
Flow.: 
x: [4, 4], c1: [0, 0], c2: [0, 0], 
Inv.:
x0 ≤ 16
Transitions: 
{ @0x5f0bcaa62300 v1_block (@0x5f0bcaa4e6a0) --> v1_block_v2_on (@0x5f0bcaa5d510)
Guard:
 - x0 ≤ -16

Reset:
Identity
 }
{ @0x5f0bcaa657a0 v1_block (@0x5f0bcaa4e6a0) --> all_off (@0x5f0bcaa59ed0)
Guard:

Reset:
Identity
 }

}
v2_block @0x5f0bcaa5cdf0 {
Flow.: 
x: [4, 4], c1: [0, 0], c2: [0, 0], 
Inv.:
x0 ≤ 16
Transitions: 
{ @0x5f0bcaa626e0 v2_block (@0x5f0bcaa5cdf0) --> v2_block_v1_on (@0x5f0bcaa5db80)
Guard:
 - x0 ≤ -16

Reset:
Identity
 }
{ @0x5f0bcaa65ee0 v2_block (@0x5f0bcaa5cdf0) --> all_off (@0x5f0bcaa59ed0)
Guard:

Reset:
Identity
 }

}
v1_block_v2_on @0x5f0bcaa5d510 {
Flow.: 
x: [0, 0], c1: [0, 0], c2: [1, 1], 
Inv.:
1·x2 ≤ 1
Transitions: 
{ @0x5f0bcaa62a90 v1_block_v2_on (@0x5f0bcaa5d510) --> block_safe (@0x5f0bcaa5e270)
Guard:
x0 ≤ 16
 - 1·x2 ≤ -1

Reset:
Identity
]0, 0[, ]0, 0[, [0, 0], 
 }
{ @0x5f0bcaa63fb0 v1_block_v2_on (@0x5f0bcaa5d510) --> block_unsafe (@0x5f0bcaa5e960)
Guard:
 - x0 ≤ -16
 - 1·x2 ≤ -1

Reset:
Identity
]0, 0[, ]0, 0[, [0, 0], 
 }
{ @0x5f0bcaa65940 v1_block_v2_on (@0x5f0bcaa5d510) --> v2_on (@0x5f0bcaa4e070)
Guard:

Reset:
Identity
 }

}
v2_block_v1_on @0x5f0bcaa5db80 {
Flow.: 
x: [-2, -2], c1: [1, 1], c2: [0, 0], 
Inv.:
x1 ≤ 2
Transitions: 
{ @0x5f0bcaa63a00 v2_block_v1_on (@0x5f0bcaa5db80) --> block_safe (@0x5f0bcaa5e270)
Guard:
x0 ≤ 16
 - x1 ≤ -2

Reset:
Identity
]0, 0[, [0, 0], 
 }
{ @0x5f0bcaa64da0 v2_block_v1_on (@0x5f0bcaa5db80) --> block_unsafe (@0x5f0bcaa5e960)
Guard:
 - x0 ≤ -16
 - x1 ≤ -2

Reset:
Identity
]0, 0[, [0, 0], 
 }
{ @0x5f0bcaa660c0 v2_block_v1_on (@0x5f0bcaa5db80) --> v1_on (@0x5f0bcaa4da00)
Guard:

Reset:
Identity
 }

}
block_safe @0x5f0bcaa5e270 {
Flow.: 
x: [4, 4], c1: [0, 0], c2: [0, 0], 
Inv.:
x0 ≤ 16
Transitions: 
{ @0x5f0bcaa65330 block_safe (@0x5f0bcaa5e270) --> block_unsafe (@0x5f0bcaa5e960)
Guard:
 - x0 ≤ -16

Reset:
Identity
 }
{ @0x5f0bcaa65b20 block_safe (@0x5f0bcaa5e270) --> v2_block (@0x5f0bcaa5cdf0)
Guard:

Reset:
Identity
 }
{ @0x5f0bcaa662a0 block_safe (@0x5f0bcaa5e270) --> v1_block (@0x5f0bcaa4e6a0)
Guard:

Reset:
Identity
 }

}
block_unsafe @0x5f0bcaa5e960 {
Flow.: 
x: [4, 4], c1: [0, 0], c2: [0, 0], 
Inv.:
Transitions: 
{ @0x5f0bcaa65d00 block_unsafe (@0x5f0bcaa5e960) --> v2_block_v1_on (@0x5f0bcaa5db80)
Guard:

Reset:
Identity
 }
{ @0x5f0bcaa664b0 block_unsafe (@0x5f0bcaa5e960) --> v1_block_v2_on (@0x5f0bcaa5d510)
Guard:

Reset:
Identity
 }

}
local bad states (0): 

[2025-09-16 12:52:55.999] [debug] Stochasticity Cache:
[2025-09-16 12:52:55.999] [debug] v1_block -> all_off is stochastic transition with random event r3(STOCHASTIC) (index 3)
[2025-09-16 12:52:55.999] [debug] v1_block_v2_on -> v2_on is stochastic transition with random event r3(STOCHASTIC) (index 3)
[2025-09-16 12:52:55.999] [debug] block_safe -> v2_block is stochastic transition with random event r3(STOCHASTIC) (index 3)
[2025-09-16 12:52:55.999] [debug] block_unsafe -> v2_block_v1_on is stochastic transition with random event r3(STOCHASTIC) (index 3)
[2025-09-16 12:52:55.999] [debug] v2_block -> all_off is stochastic transition with random event r4(STOCHASTIC) (index 4)
[2025-09-16 12:52:55.999] [debug] v2_block_v1_on -> v1_on is stochastic transition with random event r4(STOCHASTIC) (index 4)
[2025-09-16 12:52:55.999] [debug] block_safe -> v1_block is stochastic transition with random event r4(STOCHASTIC) (index 4)
[2025-09-16 12:52:55.999] [debug] block_unsafe -> v1_block_v2_on is stochastic transition with random event r4(STOCHASTIC) (index 4)
[2025-09-16 12:52:55.999] [debug] Specification: ( goal location: block_unsafe, constraints:  - x0 ≤ -18
 )
[2025-09-16 12:52:55.999] [info] 1 Model creation: 0
[2025-09-16 12:52:55.999] [info] 2.0 Creating Unified Datastructure from SAC: 0
[2025-09-16 12:52:59.855] [info] runs 1849 | prob 0.971335857220119 | low 0.9613397341848154 | high 0.9813319802554225
[2025-09-16 12:52:59.897] [debug] RESULT:
training_time, simulation_time, prob, low, high, runs
3850, 6, 0.971335857220119, 0.9613397341848154, 0.9813319802554225, 1849
# timestamp 16.09.2025 12:52:55 (1758019975), datastructure sac
# timebound 18, expirations {"r1": 0, "r2": 0}
# alpha 0.5, gamma 0.95
# discretization method UNIFORM_GRANULARITY, adaptive compartments 5, uniform granularity 0.25
# scheduler goal: MAXIMIZING, scope: PROPHETIC, history: MEMORYLESS
# training runs 1000000

[2025-09-16 12:52:59.953] [info] 2.1 Simulating on SAC: 3954
[2025-09-16 12:52:59.953] [info] Analysis finished; the goal is not reachable.
[2025-09-16 12:52:59.953] [info] Probability: 0.0
[2025-09-16 12:52:59.953] [info] 2 Analysis: 3954
[2025-09-16 12:52:59.953] [info] 0 Computation Time Complete: 3955
[2025-09-16 12:52:59.953] [info] Counters and timers:
Counters:

Timers:
0 Computation Time Complete: 3955
1 Model creation: 0
2 Analysis: 3954
2.0 Creating Unified Datastructure from SAC: 0
2.1 Simulating on SAC: 3954

