timebound = 9, jump depth = 100, max expirations of random clocks = [{r1: 0}, {r2: 0}], combine absorbing locations in unrolling = 255, integration bound(s) = 9, integration samples = 500000, model = WATERTANK, model case = CASE_A, LTI analysis = rectangular analysis, scheduler = goal: MAXIMIZING, scope: PROPHETIC, history: HISTORY_DEPENDENT, multithreaded = 1, disableBackwardsRefinement = 0
simulating 0 runs after 1000000 training runs with parameters:
learning rate                 0.5
discount factor               0.95
exploration rate              0.15
discretization method         UNIFORM_GRANULARITY
uniform granularity           0.25
adaptive compartments         5


[2025-09-16 12:52:07.316] [debug] not adding time variable 't' due to setting 'doNotAddTime == true'
[2025-09-16 12:52:07.316] [debug] using cli max expirations 0 for random clock r1
[2025-09-16 12:52:07.316] [debug] using cli max expirations 0 for random clock r2
[2025-09-16 12:52:07.316] [warning] no flow specified for variable c1 in location all_off - assuming flow of 0
[2025-09-16 12:52:07.316] [warning] no flow specified for variable c1 in location v2_on - assuming flow of 0
[2025-09-16 12:52:07.316] [warning] no flow specified for variable c1 in location v1_block - assuming flow of 0
[2025-09-16 12:52:07.316] [warning] no flow specified for variable c1 in location v2_block - assuming flow of 0
[2025-09-16 12:52:07.316] [warning] no flow specified for variable c1 in location v1_block_v2_on - assuming flow of 0
[2025-09-16 12:52:07.316] [warning] no flow specified for variable c1 in location block_safe - assuming flow of 0
[2025-09-16 12:52:07.316] [warning] no flow specified for variable c1 in location block_unsafe - assuming flow of 0
[2025-09-16 12:52:07.316] [warning] no flow specified for variable c2 in location all_off - assuming flow of 0
[2025-09-16 12:52:07.316] [warning] no flow specified for variable c2 in location v1_on - assuming flow of 0
[2025-09-16 12:52:07.316] [warning] no flow specified for variable c2 in location v1_block - assuming flow of 0
[2025-09-16 12:52:07.316] [warning] no flow specified for variable c2 in location v2_block - assuming flow of 0
[2025-09-16 12:52:07.316] [warning] no flow specified for variable c2 in location v2_block_v1_on - assuming flow of 0
[2025-09-16 12:52:07.316] [warning] no flow specified for variable c2 in location block_safe - assuming flow of 0
[2025-09-16 12:52:07.316] [warning] no flow specified for variable c2 in location block_unsafe - assuming flow of 0
[2025-09-16 12:52:07.317] [debug] Clock index for the created transition is: 3
[2025-09-16 12:52:07.317] [debug] Clock index for the created transition is: 3
[2025-09-16 12:52:07.317] [debug] Clock index for the created transition is: 3
[2025-09-16 12:52:07.317] [debug] Clock index for the created transition is: 3
[2025-09-16 12:52:07.317] [debug] Clock index for the created transition is: 4
[2025-09-16 12:52:07.317] [debug] Clock index for the created transition is: 4
[2025-09-16 12:52:07.317] [debug] Clock index for the created transition is: 4
[2025-09-16 12:52:07.317] [debug] Clock index for the created transition is: 4
[2025-09-16 12:52:07.317] [warning] no constraints specified for variable c1 in initial constraint number 0 - assuming [0,0]
[2025-09-16 12:52:07.317] [warning] no constraints specified for variable c2 in initial constraint number 0 - assuming [0,0]
[2025-09-16 12:52:07.317] [debug] Underlying Hybrid Automaton: initial states (1): 
all_off:  - x0 ≤ -4
x0 ≤ 4
 - x1 ≤ 0
x1 ≤ 0
 - 1·x2 ≤ 0
1·x2 ≤ 0

locations (9): 
all_off @0x60d33a994ed0 {
Flow.: 
x: [4, 4], c1: [0, 0], c2: [0, 0], 
Inv.:
x0 ≤ 16
Transitions: 
{ @0x60d33a999ea0 all_off (@0x60d33a994ed0) -->*v1_on (@0x60d33a988a00)
Guard:
 - x0 ≤ -16

Reset:
Identity
 }
{ @0x60d33a99a2b0 all_off (@0x60d33a994ed0) -->*v2_on (@0x60d33a989070)
Guard:
 - x0 ≤ -16

Reset:
Identity
 }

}
v1_on @0x60d33a988a00 {
Flow.: 
x: [-2, -2], c1: [1, 1], c2: [0, 0], 
Inv.:
x1 ≤ 2
Transitions: 
{ @0x60d33a99a620 v1_on (@0x60d33a988a00) --> v1_block (@0x60d33a9896a0)
Guard:
x0 ≤ 16
 - x1 ≤ -2

Reset:
Identity
]0, 0[, [0, 0], 
 }
{ @0x60d33a99bf80 v1_on (@0x60d33a988a00) --> v1_block_v2_on (@0x60d33a998510)
Guard:
 - x0 ≤ -16
 - x1 ≤ -2

Reset:
Identity
]0, 0[, [0, 0], 
 }

}
v2_on @0x60d33a989070 {
Flow.: 
x: [0, 0], c1: [0, 0], c2: [1, 1], 
Inv.:
1·x2 ≤ 1
Transitions: 
{ @0x60d33a99afd0 v2_on (@0x60d33a989070) --> v2_block (@0x60d33a997df0)
Guard:
x0 ≤ 16
 - 1·x2 ≤ -1

Reset:
Identity
]0, 0[, ]0, 0[, [0, 0], 
 }
{ @0x60d33a99c510 v2_on (@0x60d33a989070) --> v2_block_v1_on (@0x60d33a998b80)
Guard:
 - x0 ≤ -16
 - 1·x2 ≤ -1

Reset:
Identity
]0, 0[, ]0, 0[, [0, 0], 
 }

}
v1_block @0x60d33a9896a0 {
Flow.: 
x: [4, 4], c1: [0, 0], c2: [0, 0], 
Inv.:
x0 ≤ 16
Transitions: 
{ @0x60d33a99d300 v1_block (@0x60d33a9896a0) --> v1_block_v2_on (@0x60d33a998510)
Guard:
 - x0 ≤ -16

Reset:
Identity
 }
{ @0x60d33a9a07a0 v1_block (@0x60d33a9896a0) --> all_off (@0x60d33a994ed0)
Guard:

Reset:
Identity
 }

}
v2_block @0x60d33a997df0 {
Flow.: 
x: [4, 4], c1: [0, 0], c2: [0, 0], 
Inv.:
x0 ≤ 16
Transitions: 
{ @0x60d33a99d6e0 v2_block (@0x60d33a997df0) --> v2_block_v1_on (@0x60d33a998b80)
Guard:
 - x0 ≤ -16

Reset:
Identity
 }
{ @0x60d33a9a0ee0 v2_block (@0x60d33a997df0) --> all_off (@0x60d33a994ed0)
Guard:

Reset:
Identity
 }

}
v1_block_v2_on @0x60d33a998510 {
Flow.: 
x: [0, 0], c1: [0, 0], c2: [1, 1], 
Inv.:
1·x2 ≤ 1
Transitions: 
{ @0x60d33a99da90 v1_block_v2_on (@0x60d33a998510) --> block_safe (@0x60d33a999270)
Guard:
x0 ≤ 16
 - 1·x2 ≤ -1

Reset:
Identity
]0, 0[, ]0, 0[, [0, 0], 
 }
{ @0x60d33a99efb0 v1_block_v2_on (@0x60d33a998510) --> block_unsafe (@0x60d33a999960)
Guard:
 - x0 ≤ -16
 - 1·x2 ≤ -1

Reset:
Identity
]0, 0[, ]0, 0[, [0, 0], 
 }
{ @0x60d33a9a0940 v1_block_v2_on (@0x60d33a998510) --> v2_on (@0x60d33a989070)
Guard:

Reset:
Identity
 }

}
v2_block_v1_on @0x60d33a998b80 {
Flow.: 
x: [-2, -2], c1: [1, 1], c2: [0, 0], 
Inv.:
x1 ≤ 2
Transitions: 
{ @0x60d33a99ea00 v2_block_v1_on (@0x60d33a998b80) --> block_safe (@0x60d33a999270)
Guard:
x0 ≤ 16
 - x1 ≤ -2

Reset:
Identity
]0, 0[, [0, 0], 
 }
{ @0x60d33a99fda0 v2_block_v1_on (@0x60d33a998b80) --> block_unsafe (@0x60d33a999960)
Guard:
 - x0 ≤ -16
 - x1 ≤ -2

Reset:
Identity
]0, 0[, [0, 0], 
 }
{ @0x60d33a9a10c0 v2_block_v1_on (@0x60d33a998b80) --> v1_on (@0x60d33a988a00)
Guard:

Reset:
Identity
 }

}
block_safe @0x60d33a999270 {
Flow.: 
x: [4, 4], c1: [0, 0], c2: [0, 0], 
Inv.:
x0 ≤ 16
Transitions: 
{ @0x60d33a9a0330 block_safe (@0x60d33a999270) --> block_unsafe (@0x60d33a999960)
Guard:
 - x0 ≤ -16

Reset:
Identity
 }
{ @0x60d33a9a0b20 block_safe (@0x60d33a999270) --> v2_block (@0x60d33a997df0)
Guard:

Reset:
Identity
 }
{ @0x60d33a9a12a0 block_safe (@0x60d33a999270) --> v1_block (@0x60d33a9896a0)
Guard:

Reset:
Identity
 }

}
block_unsafe @0x60d33a999960 {
Flow.: 
x: [4, 4], c1: [0, 0], c2: [0, 0], 
Inv.:
Transitions: 
{ @0x60d33a9a0d00 block_unsafe (@0x60d33a999960) --> v2_block_v1_on (@0x60d33a998b80)
Guard:

Reset:
Identity
 }
{ @0x60d33a9a14b0 block_unsafe (@0x60d33a999960) --> v1_block_v2_on (@0x60d33a998510)
Guard:

Reset:
Identity
 }

}
local bad states (0): 

[2025-09-16 12:52:07.317] [debug] Stochasticity Cache:
[2025-09-16 12:52:07.317] [debug] v1_block -> all_off is stochastic transition with random event r3(STOCHASTIC) (index 3)
[2025-09-16 12:52:07.317] [debug] v1_block_v2_on -> v2_on is stochastic transition with random event r3(STOCHASTIC) (index 3)
[2025-09-16 12:52:07.317] [debug] block_safe -> v2_block is stochastic transition with random event r3(STOCHASTIC) (index 3)
[2025-09-16 12:52:07.317] [debug] block_unsafe -> v2_block_v1_on is stochastic transition with random event r3(STOCHASTIC) (index 3)
[2025-09-16 12:52:07.317] [debug] v2_block -> all_off is stochastic transition with random event r4(STOCHASTIC) (index 4)
[2025-09-16 12:52:07.317] [debug] v2_block_v1_on -> v1_on is stochastic transition with random event r4(STOCHASTIC) (index 4)
[2025-09-16 12:52:07.317] [debug] block_safe -> v1_block is stochastic transition with random event r4(STOCHASTIC) (index 4)
[2025-09-16 12:52:07.317] [debug] block_unsafe -> v1_block_v2_on is stochastic transition with random event r4(STOCHASTIC) (index 4)
[2025-09-16 12:52:07.317] [debug] Specification: ( goal location: block_unsafe, constraints:  - x0 ≤ -18
 )
[2025-09-16 12:52:07.317] [info] 1 Model creation: 0
[2025-09-16 12:52:07.317] [info] 2.0 Creating Unified Datastructure from SAC: 0
[2025-09-16 12:52:10.083] [info] runs 15094 | prob 0.6501258778322512 | low 0.6401259164379798 | high 0.6601258392265226
[2025-09-16 12:52:10.100] [debug] RESULT:
training_time, simulation_time, prob, low, high, runs
2730, 36, 0.6501258778322512, 0.6401259164379798, 0.6601258392265226, 15094
# timestamp 16.09.2025 12:52:07 (1758019927), datastructure sac
# timebound 9, expirations {"r1": 0, "r2": 0}
# alpha 0.5, gamma 0.95
# discretization method UNIFORM_GRANULARITY, adaptive compartments 5, uniform granularity 0.25
# scheduler goal: MAXIMIZING, scope: PROPHETIC, history: MEMORYLESS
# training runs 1000000

[2025-09-16 12:52:10.121] [info] 2.1 Simulating on SAC: 2804
[2025-09-16 12:52:10.122] [info] Analysis finished; the goal is not reachable.
[2025-09-16 12:52:10.122] [info] Probability: 0.0
[2025-09-16 12:52:10.122] [info] 2 Analysis: 2804
[2025-09-16 12:52:10.122] [info] 0 Computation Time Complete: 2805
[2025-09-16 12:52:10.122] [info] Counters and timers:
Counters:

Timers:
0 Computation Time Complete: 2805
1 Model creation: 0
2 Analysis: 2804
2.0 Creating Unified Datastructure from SAC: 0
2.1 Simulating on SAC: 2804

