timebound = 14, jump depth = 100, max expirations of random clocks = [{r1: 2}, {r2: 4}], combine absorbing locations in unrolling = 172, integration bound(s) = 14, integration samples = 500000, model = WATERTANK, model case = CASE_A, LTI analysis = rectangular analysis, scheduler = goal: MAXIMIZING, scope: PROPHETIC, history: HISTORY_DEPENDENT, multithreaded = 1, disableBackwardsRefinement = 0
simulating 0 runs after 1000000 training runs with parameters:
learning rate                 0.1
discount factor               1
exploration rate              0.15
uniform granularity           0.5
adaptive compartments         5


[2025-09-22 13:58:19.327] [warning] no flow specified for variable c1 in location all_off - assuming flow of 0
[2025-09-22 13:58:19.327] [warning] no flow specified for variable c1 in location v2_on - assuming flow of 0
[2025-09-22 13:58:19.327] [warning] no flow specified for variable c1 in location v1_block - assuming flow of 0
[2025-09-22 13:58:19.327] [warning] no flow specified for variable c1 in location v2_block - assuming flow of 0
[2025-09-22 13:58:19.327] [warning] no flow specified for variable c1 in location v1_block_v2_on - assuming flow of 0
[2025-09-22 13:58:19.327] [warning] no flow specified for variable c1 in location block_safe - assuming flow of 0
[2025-09-22 13:58:19.327] [warning] no flow specified for variable c1 in location block_unsafe - assuming flow of 0
[2025-09-22 13:58:19.327] [warning] no flow specified for variable c2 in location all_off - assuming flow of 0
[2025-09-22 13:58:19.327] [warning] no flow specified for variable c2 in location v1_on - assuming flow of 0
[2025-09-22 13:58:19.327] [warning] no flow specified for variable c2 in location v1_block - assuming flow of 0
[2025-09-22 13:58:19.327] [warning] no flow specified for variable c2 in location v2_block - assuming flow of 0
[2025-09-22 13:58:19.327] [warning] no flow specified for variable c2 in location v2_block_v1_on - assuming flow of 0
[2025-09-22 13:58:19.327] [warning] no flow specified for variable c2 in location block_safe - assuming flow of 0
[2025-09-22 13:58:19.327] [warning] no flow specified for variable c2 in location block_unsafe - assuming flow of 0
[2025-09-22 13:58:19.329] [warning] no constraints specified for variable c1 in initial constraint number 0 - assuming [0,0]
[2025-09-22 13:58:19.329] [warning] no constraints specified for variable c2 in initial constraint number 0 - assuming [0,0]
[2025-09-22 13:58:19.329] [info] 1 Model creation: 2
[2025-09-22 13:58:19.329] [info] 

========== ConditionRepresentations ==========
rectangular: 1
0 1 0 0 <= 16
-1 0 0 0 <= 0
1 0 0 0 <= 14
x0 range(-0, 14), x1 below(16), 
========== +++++++++++++++++++ ==========
[2025-09-22 13:58:19.329] [info] 

========== ConditionRepresentations ==========
rectangular: 1
0 0 1 0 <= 2
-1 0 0 0 <= 0
1 0 0 0 <= 14
x0 range(-0, 14), x2 below(2), 
========== +++++++++++++++++++ ==========
[2025-09-22 13:58:19.329] [info] 

========== ConditionRepresentations ==========
rectangular: 1
0 0 0 1 <= 1
-1 0 0 0 <= 0
1 0 0 0 <= 14
x0 range(-0, 14), x3 below(1), 
========== +++++++++++++++++++ ==========
[2025-09-22 13:58:19.329] [info] 

========== ConditionRepresentations ==========
rectangular: 1
0 1 0 0 <= 16
-1 0 0 0 <= 0
1 0 0 0 <= 14
x0 range(-0, 14), x1 below(16), 
========== +++++++++++++++++++ ==========
[2025-09-22 13:58:19.329] [info] 

========== ConditionRepresentations ==========
rectangular: 1
0 1 0 0 <= 16
-1 0 0 0 <= 0
1 0 0 0 <= 14
x0 range(-0, 14), x1 below(16), 
========== +++++++++++++++++++ ==========
[2025-09-22 13:58:19.329] [info] 

========== ConditionRepresentations ==========
rectangular: 1
0 0 0 1 <= 1
-1 0 0 0 <= 0
1 0 0 0 <= 14
x0 range(-0, 14), x3 below(1), 
========== +++++++++++++++++++ ==========
[2025-09-22 13:58:19.329] [info] 

========== ConditionRepresentations ==========
rectangular: 1
0 0 1 0 <= 2
-1 0 0 0 <= 0
1 0 0 0 <= 14
x0 range(-0, 14), x2 below(2), 
========== +++++++++++++++++++ ==========
[2025-09-22 13:58:19.329] [info] 

========== ConditionRepresentations ==========
rectangular: 1
0 1 0 0 <= 16
-1 0 0 0 <= 0
1 0 0 0 <= 14
x0 range(-0, 14), x1 below(16), 
========== +++++++++++++++++++ ==========
[2025-09-22 13:58:19.329] [info] 

========== ConditionRepresentations ==========
rectangular: 1
-1 0 0 0 <= 0
1 0 0 0 <= 14
x0 range(-0, 14), 
========== +++++++++++++++++++ ==========
[2025-09-22 13:58:19.329] [info] 

========== ConditionRepresentations ==========
rectangular: 1
0 1 0 0 <= 16
-1 0 0 0 <= 0
1 0 0 0 <= 14
x0 range(-0, 14), x1 below(16), 
========== +++++++++++++++++++ ==========
[2025-09-22 13:58:19.329] [info] 

========== ConditionRepresentations ==========
rectangular: 1
0 0 1 0 <= 2
-1 0 0 0 <= 0
1 0 0 0 <= 14
x0 range(-0, 14), x2 below(2), 
========== +++++++++++++++++++ ==========
[2025-09-22 13:58:19.329] [info] 

========== ConditionRepresentations ==========
rectangular: 1
0 0 0 1 <= 1
-1 0 0 0 <= 0
1 0 0 0 <= 14
x0 range(-0, 14), x3 below(1), 
========== +++++++++++++++++++ ==========
[2025-09-22 13:58:19.329] [info] 

========== ConditionRepresentations ==========
rectangular: 1
0 1 0 0 <= 16
-1 0 0 0 <= 0
1 0 0 0 <= 14
x0 range(-0, 14), x1 below(16), 
========== +++++++++++++++++++ ==========
[2025-09-22 13:58:19.329] [info] 

========== ConditionRepresentations ==========
rectangular: 1
0 1 0 0 <= 16
-1 0 0 0 <= 0
1 0 0 0 <= 14
x0 range(-0, 14), x1 below(16), 
========== +++++++++++++++++++ ==========
[2025-09-22 13:58:19.329] [info] 

========== ConditionRepresentations ==========
rectangular: 1
0 0 0 1 <= 1
-1 0 0 0 <= 0
1 0 0 0 <= 14
x0 range(-0, 14), x3 below(1), 
========== +++++++++++++++++++ ==========
[2025-09-22 13:58:19.329] [info] 

========== ConditionRepresentations ==========
rectangular: 1
0 0 1 0 <= 2
-1 0 0 0 <= 0
1 0 0 0 <= 14
x0 range(-0, 14), x2 below(2), 
========== +++++++++++++++++++ ==========
[2025-09-22 13:58:19.329] [info] 

========== ConditionRepresentations ==========
rectangular: 1
0 1 0 0 <= 16
-1 0 0 0 <= 0
1 0 0 0 <= 14
x0 range(-0, 14), x1 below(16), 
========== +++++++++++++++++++ ==========
[2025-09-22 13:58:19.329] [info] 

========== ConditionRepresentations ==========
rectangular: 1
-1 0 0 0 <= 0
1 0 0 0 <= 14
x0 range(-0, 14), 
========== +++++++++++++++++++ ==========
[2025-09-22 13:58:19.329] [info] 

========== ConditionRepresentations ==========
rectangular: 1
0 1 0 0 <= 16
-1 0 0 0 <= 0
1 0 0 0 <= 14
x0 range(-0, 14), x1 below(16), 
========== +++++++++++++++++++ ==========
[2025-09-22 13:58:19.329] [info] 

========== ConditionRepresentations ==========
rectangular: 1
0 0 1 0 <= 2
-1 0 0 0 <= 0
1 0 0 0 <= 14
x0 range(-0, 14), x2 below(2), 
========== +++++++++++++++++++ ==========
[2025-09-22 13:58:19.329] [info] 

========== ConditionRepresentations ==========
rectangular: 1
0 0 0 1 <= 1
-1 0 0 0 <= 0
1 0 0 0 <= 14
x0 range(-0, 14), x3 below(1), 
========== +++++++++++++++++++ ==========
[2025-09-22 13:58:19.329] [info] 

========== ConditionRepresentations ==========
rectangular: 1
0 1 0 0 <= 16
-1 0 0 0 <= 0
1 0 0 0 <= 14
x0 range(-0, 14), x1 below(16), 
========== +++++++++++++++++++ ==========
[2025-09-22 13:58:19.329] [info] 

========== ConditionRepresentations ==========
rectangular: 1
0 1 0 0 <= 16
-1 0 0 0 <= 0
1 0 0 0 <= 14
x0 range(-0, 14), x1 below(16), 
========== +++++++++++++++++++ ==========
[2025-09-22 13:58:19.329] [info] 

========== ConditionRepresentations ==========
rectangular: 1
0 0 0 1 <= 1
-1 0 0 0 <= 0
1 0 0 0 <= 14
x0 range(-0, 14), x3 below(1), 
========== +++++++++++++++++++ ==========
[2025-09-22 13:58:19.329] [info] 

========== ConditionRepresentations ==========
rectangular: 1
0 0 1 0 <= 2
-1 0 0 0 <= 0
1 0 0 0 <= 14
x0 range(-0, 14), x2 below(2), 
========== +++++++++++++++++++ ==========
[2025-09-22 13:58:19.329] [info] 

========== ConditionRepresentations ==========
rectangular: 1
0 1 0 0 <= 16
-1 0 0 0 <= 0
1 0 0 0 <= 14
x0 range(-0, 14), x1 below(16), 
========== +++++++++++++++++++ ==========
[2025-09-22 13:58:19.329] [info] 

========== ConditionRepresentations ==========
rectangular: 1
-1 0 0 0 <= 0
1 0 0 0 <= 14
x0 range(-0, 14), 
========== +++++++++++++++++++ ==========
[2025-09-22 13:58:19.329] [info] 

========== ConditionRepresentations ==========
rectangular: 1
0 1 0 0 <= 16
-1 0 0 0 <= 0
1 0 0 0 <= 14
x0 range(-0, 14), x1 below(16), 
========== +++++++++++++++++++ ==========
[2025-09-22 13:58:19.329] [info] 

========== ConditionRepresentations ==========
rectangular: 1
0 0 1 0 <= 2
-1 0 0 0 <= 0
1 0 0 0 <= 14
x0 range(-0, 14), x2 below(2), 
========== +++++++++++++++++++ ==========
[2025-09-22 13:58:19.329] [info] 

========== ConditionRepresentations ==========
rectangular: 1
0 0 0 1 <= 1
-1 0 0 0 <= 0
1 0 0 0 <= 14
x0 range(-0, 14), x3 below(1), 
========== +++++++++++++++++++ ==========
[2025-09-22 13:58:19.329] [info] 

========== ConditionRepresentations ==========
rectangular: 1
0 1 0 0 <= 16
-1 0 0 0 <= 0
1 0 0 0 <= 14
x0 range(-0, 14), x1 below(16), 
========== +++++++++++++++++++ ==========
[2025-09-22 13:58:19.329] [info] 

========== ConditionRepresentations ==========
rectangular: 1
0 1 0 0 <= 16
-1 0 0 0 <= 0
1 0 0 0 <= 14
x0 range(-0, 14), x1 below(16), 
========== +++++++++++++++++++ ==========
[2025-09-22 13:58:19.329] [info] 

========== ConditionRepresentations ==========
rectangular: 1
0 0 0 1 <= 1
-1 0 0 0 <= 0
1 0 0 0 <= 14
x0 range(-0, 14), x3 below(1), 
========== +++++++++++++++++++ ==========
[2025-09-22 13:58:19.329] [info] 

========== ConditionRepresentations ==========
rectangular: 1
0 0 1 0 <= 2
-1 0 0 0 <= 0
1 0 0 0 <= 14
x0 range(-0, 14), x2 below(2), 
========== +++++++++++++++++++ ==========
[2025-09-22 13:58:19.329] [info] 

========== ConditionRepresentations ==========
rectangular: 1
0 1 0 0 <= 16
-1 0 0 0 <= 0
1 0 0 0 <= 14
x0 range(-0, 14), x1 below(16), 
========== +++++++++++++++++++ ==========
[2025-09-22 13:58:19.330] [info] 

========== ConditionRepresentations ==========
rectangular: 1
-1 0 0 0 <= 0
1 0 0 0 <= 14
x0 range(-0, 14), 
========== +++++++++++++++++++ ==========
[2025-09-22 13:58:19.330] [info] 

========== ConditionRepresentations ==========
rectangular: 1
0 1 0 0 <= 16
-1 0 0 0 <= 0
1 0 0 0 <= 14
x0 range(-0, 14), x1 below(16), 
========== +++++++++++++++++++ ==========
[2025-09-22 13:58:19.330] [info] 

========== ConditionRepresentations ==========
rectangular: 1
0 0 1 0 <= 2
-1 0 0 0 <= 0
1 0 0 0 <= 14
x0 range(-0, 14), x2 below(2), 
========== +++++++++++++++++++ ==========
[2025-09-22 13:58:19.330] [info] 

========== ConditionRepresentations ==========
rectangular: 1
0 0 0 1 <= 1
-1 0 0 0 <= 0
1 0 0 0 <= 14
x0 range(-0, 14), x3 below(1), 
========== +++++++++++++++++++ ==========
[2025-09-22 13:58:19.330] [info] 

========== ConditionRepresentations ==========
rectangular: 1
0 1 0 0 <= 16
-1 0 0 0 <= 0
1 0 0 0 <= 14
x0 range(-0, 14), x1 below(16), 
========== +++++++++++++++++++ ==========
[2025-09-22 13:58:19.330] [info] 

========== ConditionRepresentations ==========
rectangular: 1
0 1 0 0 <= 16
-1 0 0 0 <= 0
1 0 0 0 <= 14
x0 range(-0, 14), x1 below(16), 
========== +++++++++++++++++++ ==========
[2025-09-22 13:58:19.330] [info] 

========== ConditionRepresentations ==========
rectangular: 1
0 0 0 1 <= 1
-1 0 0 0 <= 0
1 0 0 0 <= 14
x0 range(-0, 14), x3 below(1), 
========== +++++++++++++++++++ ==========
[2025-09-22 13:58:19.330] [info] 

========== ConditionRepresentations ==========
rectangular: 1
0 0 1 0 <= 2
-1 0 0 0 <= 0
1 0 0 0 <= 14
x0 range(-0, 14), x2 below(2), 
========== +++++++++++++++++++ ==========
[2025-09-22 13:58:19.330] [info] 

========== ConditionRepresentations ==========
rectangular: 1
0 1 0 0 <= 16
-1 0 0 0 <= 0
1 0 0 0 <= 14
x0 range(-0, 14), x1 below(16), 
========== +++++++++++++++++++ ==========
[2025-09-22 13:58:19.330] [info] 

========== ConditionRepresentations ==========
rectangular: 1
-1 0 0 0 <= 0
1 0 0 0 <= 14
x0 range(-0, 14), 
========== +++++++++++++++++++ ==========
[2025-09-22 13:58:19.330] [info] 

========== ConditionRepresentations ==========
rectangular: 1
0 1 0 0 <= 16
-1 0 0 0 <= 0
1 0 0 0 <= 14
x0 range(-0, 14), x1 below(16), 
========== +++++++++++++++++++ ==========
[2025-09-22 13:58:19.330] [info] 

========== ConditionRepresentations ==========
rectangular: 1
0 0 1 0 <= 2
-1 0 0 0 <= 0
1 0 0 0 <= 14
x0 range(-0, 14), x2 below(2), 
========== +++++++++++++++++++ ==========
[2025-09-22 13:58:19.330] [info] 

========== ConditionRepresentations ==========
rectangular: 1
0 0 0 1 <= 1
-1 0 0 0 <= 0
1 0 0 0 <= 14
x0 range(-0, 14), x3 below(1), 
========== +++++++++++++++++++ ==========
[2025-09-22 13:58:19.330] [info] 

========== ConditionRepresentations ==========
rectangular: 1
0 1 0 0 <= 16
-1 0 0 0 <= 0
1 0 0 0 <= 14
x0 range(-0, 14), x1 below(16), 
========== +++++++++++++++++++ ==========
[2025-09-22 13:58:19.330] [info] 

========== ConditionRepresentations ==========
rectangular: 1
0 1 0 0 <= 16
-1 0 0 0 <= 0
1 0 0 0 <= 14
x0 range(-0, 14), x1 below(16), 
========== +++++++++++++++++++ ==========
[2025-09-22 13:58:19.330] [info] 

========== ConditionRepresentations ==========
rectangular: 1
0 0 0 1 <= 1
-1 0 0 0 <= 0
1 0 0 0 <= 14
x0 range(-0, 14), x3 below(1), 
========== +++++++++++++++++++ ==========
[2025-09-22 13:58:19.330] [info] 

========== ConditionRepresentations ==========
rectangular: 1
0 0 1 0 <= 2
-1 0 0 0 <= 0
1 0 0 0 <= 14
x0 range(-0, 14), x2 below(2), 
========== +++++++++++++++++++ ==========
[2025-09-22 13:58:19.330] [info] 

========== ConditionRepresentations ==========
rectangular: 1
0 1 0 0 <= 16
-1 0 0 0 <= 0
1 0 0 0 <= 14
x0 range(-0, 14), x1 below(16), 
========== +++++++++++++++++++ ==========
[2025-09-22 13:58:19.330] [info] 

========== ConditionRepresentations ==========
rectangular: 1
-1 0 0 0 <= 0
1 0 0 0 <= 14
x0 range(-0, 14), 
========== +++++++++++++++++++ ==========
[2025-09-22 13:58:19.330] [info] 

========== ConditionRepresentations ==========
rectangular: 1
0 1 0 0 <= 16
-1 0 0 0 <= 0
1 0 0 0 <= 14
x0 range(-0, 14), x1 below(16), 
========== +++++++++++++++++++ ==========
[2025-09-22 13:58:19.330] [info] 

========== ConditionRepresentations ==========
rectangular: 1
0 0 1 0 <= 2
-1 0 0 0 <= 0
1 0 0 0 <= 14
x0 range(-0, 14), x2 below(2), 
========== +++++++++++++++++++ ==========
[2025-09-22 13:58:19.330] [info] 

========== ConditionRepresentations ==========
rectangular: 1
0 0 0 1 <= 1
-1 0 0 0 <= 0
1 0 0 0 <= 14
x0 range(-0, 14), x3 below(1), 
========== +++++++++++++++++++ ==========
[2025-09-22 13:58:19.330] [info] 

========== ConditionRepresentations ==========
rectangular: 1
0 1 0 0 <= 16
-1 0 0 0 <= 0
1 0 0 0 <= 14
x0 range(-0, 14), x1 below(16), 
========== +++++++++++++++++++ ==========
[2025-09-22 13:58:19.330] [info] 

========== ConditionRepresentations ==========
rectangular: 1
0 1 0 0 <= 16
-1 0 0 0 <= 0
1 0 0 0 <= 14
x0 range(-0, 14), x1 below(16), 
========== +++++++++++++++++++ ==========
[2025-09-22 13:58:19.330] [info] 

========== ConditionRepresentations ==========
rectangular: 1
0 0 0 1 <= 1
-1 0 0 0 <= 0
1 0 0 0 <= 14
x0 range(-0, 14), x3 below(1), 
========== +++++++++++++++++++ ==========
[2025-09-22 13:58:19.330] [info] 

========== ConditionRepresentations ==========
rectangular: 1
0 0 1 0 <= 2
-1 0 0 0 <= 0
1 0 0 0 <= 14
x0 range(-0, 14), x2 below(2), 
========== +++++++++++++++++++ ==========
[2025-09-22 13:58:19.330] [info] 

========== ConditionRepresentations ==========
rectangular: 1
0 1 0 0 <= 16
-1 0 0 0 <= 0
1 0 0 0 <= 14
x0 range(-0, 14), x1 below(16), 
========== +++++++++++++++++++ ==========
[2025-09-22 13:58:19.330] [info] 

========== ConditionRepresentations ==========
rectangular: 1
-1 0 0 0 <= 0
1 0 0 0 <= 14
x0 range(-0, 14), 
========== +++++++++++++++++++ ==========
[2025-09-22 13:58:19.330] [info] 

========== ConditionRepresentations ==========
rectangular: 1
0 1 0 0 <= 16
-1 0 0 0 <= 0
1 0 0 0 <= 14
x0 range(-0, 14), x1 below(16), 
========== +++++++++++++++++++ ==========
[2025-09-22 13:58:19.330] [info] 

========== ConditionRepresentations ==========
rectangular: 1
0 0 1 0 <= 2
-1 0 0 0 <= 0
1 0 0 0 <= 14
x0 range(-0, 14), x2 below(2), 
========== +++++++++++++++++++ ==========
[2025-09-22 13:58:19.330] [info] 

========== ConditionRepresentations ==========
rectangular: 1
0 0 0 1 <= 1
-1 0 0 0 <= 0
1 0 0 0 <= 14
x0 range(-0, 14), x3 below(1), 
========== +++++++++++++++++++ ==========
[2025-09-22 13:58:19.330] [info] 

========== ConditionRepresentations ==========
rectangular: 1
0 1 0 0 <= 16
-1 0 0 0 <= 0
1 0 0 0 <= 14
x0 range(-0, 14), x1 below(16), 
========== +++++++++++++++++++ ==========
[2025-09-22 13:58:19.330] [info] 

========== ConditionRepresentations ==========
rectangular: 1
0 1 0 0 <= 16
-1 0 0 0 <= 0
1 0 0 0 <= 14
x0 range(-0, 14), x1 below(16), 
========== +++++++++++++++++++ ==========
[2025-09-22 13:58:19.330] [info] 

========== ConditionRepresentations ==========
rectangular: 1
0 0 0 1 <= 1
-1 0 0 0 <= 0
1 0 0 0 <= 14
x0 range(-0, 14), x3 below(1), 
========== +++++++++++++++++++ ==========
[2025-09-22 13:58:19.330] [info] 

========== ConditionRepresentations ==========
rectangular: 1
0 0 1 0 <= 2
-1 0 0 0 <= 0
1 0 0 0 <= 14
x0 range(-0, 14), x2 below(2), 
========== +++++++++++++++++++ ==========
[2025-09-22 13:58:19.330] [info] 

========== ConditionRepresentations ==========
rectangular: 1
0 1 0 0 <= 16
-1 0 0 0 <= 0
1 0 0 0 <= 14
x0 range(-0, 14), x1 below(16), 
========== +++++++++++++++++++ ==========
[2025-09-22 13:58:19.330] [info] 

========== ConditionRepresentations ==========
rectangular: 1
-1 0 0 0 <= 0
1 0 0 0 <= 14
x0 range(-0, 14), 
========== +++++++++++++++++++ ==========
[2025-09-22 13:58:19.330] [info] 

========== ConditionRepresentations ==========
rectangular: 1
0 1 0 0 <= 16
-1 0 0 0 <= 0
1 0 0 0 <= 14
x0 range(-0, 14), x1 below(16), 
========== +++++++++++++++++++ ==========
[2025-09-22 13:58:19.330] [info] 

========== ConditionRepresentations ==========
rectangular: 1
0 0 1 0 <= 2
-1 0 0 0 <= 0
1 0 0 0 <= 14
x0 range(-0, 14), x2 below(2), 
========== +++++++++++++++++++ ==========
[2025-09-22 13:58:19.330] [info] 

========== ConditionRepresentations ==========
rectangular: 1
0 0 0 1 <= 1
-1 0 0 0 <= 0
1 0 0 0 <= 14
x0 range(-0, 14), x3 below(1), 
========== +++++++++++++++++++ ==========
[2025-09-22 13:58:19.330] [info] 

========== ConditionRepresentations ==========
rectangular: 1
0 1 0 0 <= 16
-1 0 0 0 <= 0
1 0 0 0 <= 14
x0 range(-0, 14), x1 below(16), 
========== +++++++++++++++++++ ==========
[2025-09-22 13:58:19.330] [info] 

========== ConditionRepresentations ==========
rectangular: 1
0 1 0 0 <= 16
-1 0 0 0 <= 0
1 0 0 0 <= 14
x0 range(-0, 14), x1 below(16), 
========== +++++++++++++++++++ ==========
[2025-09-22 13:58:19.330] [info] 

========== ConditionRepresentations ==========
rectangular: 1
0 0 0 1 <= 1
-1 0 0 0 <= 0
1 0 0 0 <= 14
x0 range(-0, 14), x3 below(1), 
========== +++++++++++++++++++ ==========
[2025-09-22 13:58:19.330] [info] 

========== ConditionRepresentations ==========
rectangular: 1
0 0 1 0 <= 2
-1 0 0 0 <= 0
1 0 0 0 <= 14
x0 range(-0, 14), x2 below(2), 
========== +++++++++++++++++++ ==========
[2025-09-22 13:58:19.330] [info] 

========== ConditionRepresentations ==========
rectangular: 1
0 1 0 0 <= 16
-1 0 0 0 <= 0
1 0 0 0 <= 14
x0 range(-0, 14), x1 below(16), 
========== +++++++++++++++++++ ==========
[2025-09-22 13:58:19.330] [info] 

========== ConditionRepresentations ==========
rectangular: 1
-1 0 0 0 <= 0
1 0 0 0 <= 14
x0 range(-0, 14), 
========== +++++++++++++++++++ ==========
[2025-09-22 13:58:19.330] [info] 

========== ConditionRepresentations ==========
rectangular: 1
0 1 0 0 <= 16
-1 0 0 0 <= 0
1 0 0 0 <= 14
x0 range(-0, 14), x1 below(16), 
========== +++++++++++++++++++ ==========
[2025-09-22 13:58:19.330] [info] 

========== ConditionRepresentations ==========
rectangular: 1
0 0 1 0 <= 2
-1 0 0 0 <= 0
1 0 0 0 <= 14
x0 range(-0, 14), x2 below(2), 
========== +++++++++++++++++++ ==========
[2025-09-22 13:58:19.330] [info] 

========== ConditionRepresentations ==========
rectangular: 1
0 0 0 1 <= 1
-1 0 0 0 <= 0
1 0 0 0 <= 14
x0 range(-0, 14), x3 below(1), 
========== +++++++++++++++++++ ==========
[2025-09-22 13:58:19.330] [info] 

========== ConditionRepresentations ==========
rectangular: 1
0 1 0 0 <= 16
-1 0 0 0 <= 0
1 0 0 0 <= 14
x0 range(-0, 14), x1 below(16), 
========== +++++++++++++++++++ ==========
[2025-09-22 13:58:19.330] [info] 

========== ConditionRepresentations ==========
rectangular: 1
0 1 0 0 <= 16
-1 0 0 0 <= 0
1 0 0 0 <= 14
x0 range(-0, 14), x1 below(16), 
========== +++++++++++++++++++ ==========
[2025-09-22 13:58:19.330] [info] 

========== ConditionRepresentations ==========
rectangular: 1
0 0 0 1 <= 1
-1 0 0 0 <= 0
1 0 0 0 <= 14
x0 range(-0, 14), x3 below(1), 
========== +++++++++++++++++++ ==========
[2025-09-22 13:58:19.330] [info] 

========== ConditionRepresentations ==========
rectangular: 1
0 0 1 0 <= 2
-1 0 0 0 <= 0
1 0 0 0 <= 14
x0 range(-0, 14), x2 below(2), 
========== +++++++++++++++++++ ==========
[2025-09-22 13:58:19.330] [info] 

========== ConditionRepresentations ==========
rectangular: 1
0 1 0 0 <= 16
-1 0 0 0 <= 0
1 0 0 0 <= 14
x0 range(-0, 14), x1 below(16), 
========== +++++++++++++++++++ ==========
[2025-09-22 13:58:19.330] [info] 

========== ConditionRepresentations ==========
rectangular: 1
-1 0 0 0 <= 0
1 0 0 0 <= 14
x0 range(-0, 14), 
========== +++++++++++++++++++ ==========
[2025-09-22 13:58:19.330] [info] 

========== ConditionRepresentations ==========
rectangular: 1
0 1 0 0 <= 16
-1 0 0 0 <= 0
1 0 0 0 <= 14
x0 range(-0, 14), x1 below(16), 
========== +++++++++++++++++++ ==========
[2025-09-22 13:58:19.330] [info] 

========== ConditionRepresentations ==========
rectangular: 1
0 0 1 0 <= 2
-1 0 0 0 <= 0
1 0 0 0 <= 14
x0 range(-0, 14), x2 below(2), 
========== +++++++++++++++++++ ==========
[2025-09-22 13:58:19.330] [info] 

========== ConditionRepresentations ==========
rectangular: 1
0 0 0 1 <= 1
-1 0 0 0 <= 0
1 0 0 0 <= 14
x0 range(-0, 14), x3 below(1), 
========== +++++++++++++++++++ ==========
[2025-09-22 13:58:19.330] [info] 

========== ConditionRepresentations ==========
rectangular: 1
0 1 0 0 <= 16
-1 0 0 0 <= 0
1 0 0 0 <= 14
x0 range(-0, 14), x1 below(16), 
========== +++++++++++++++++++ ==========
[2025-09-22 13:58:19.330] [info] 

========== ConditionRepresentations ==========
rectangular: 1
0 1 0 0 <= 16
-1 0 0 0 <= 0
1 0 0 0 <= 14
x0 range(-0, 14), x1 below(16), 
========== +++++++++++++++++++ ==========
[2025-09-22 13:58:19.330] [info] 

========== ConditionRepresentations ==========
rectangular: 1
0 0 0 1 <= 1
-1 0 0 0 <= 0
1 0 0 0 <= 14
x0 range(-0, 14), x3 below(1), 
========== +++++++++++++++++++ ==========
[2025-09-22 13:58:19.330] [info] 

========== ConditionRepresentations ==========
rectangular: 1
0 0 1 0 <= 2
-1 0 0 0 <= 0
1 0 0 0 <= 14
x0 range(-0, 14), x2 below(2), 
========== +++++++++++++++++++ ==========
[2025-09-22 13:58:19.330] [info] 

========== ConditionRepresentations ==========
rectangular: 1
0 1 0 0 <= 16
-1 0 0 0 <= 0
1 0 0 0 <= 14
x0 range(-0, 14), x1 below(16), 
========== +++++++++++++++++++ ==========
[2025-09-22 13:58:19.330] [info] 

========== ConditionRepresentations ==========
rectangular: 1
-1 0 0 0 <= 0
1 0 0 0 <= 14
x0 range(-0, 14), 
========== +++++++++++++++++++ ==========
[2025-09-22 13:58:19.330] [info] 

========== ConditionRepresentations ==========
rectangular: 1
0 1 0 0 <= 16
-1 0 0 0 <= 0
1 0 0 0 <= 14
x0 range(-0, 14), x1 below(16), 
========== +++++++++++++++++++ ==========
[2025-09-22 13:58:19.330] [info] 

========== ConditionRepresentations ==========
rectangular: 1
0 0 1 0 <= 2
-1 0 0 0 <= 0
1 0 0 0 <= 14
x0 range(-0, 14), x2 below(2), 
========== +++++++++++++++++++ ==========
[2025-09-22 13:58:19.330] [info] 

========== ConditionRepresentations ==========
rectangular: 1
0 0 0 1 <= 1
-1 0 0 0 <= 0
1 0 0 0 <= 14
x0 range(-0, 14), x3 below(1), 
========== +++++++++++++++++++ ==========
[2025-09-22 13:58:19.330] [info] 

========== ConditionRepresentations ==========
rectangular: 1
0 1 0 0 <= 16
-1 0 0 0 <= 0
1 0 0 0 <= 14
x0 range(-0, 14), x1 below(16), 
========== +++++++++++++++++++ ==========
[2025-09-22 13:58:19.330] [info] 

========== ConditionRepresentations ==========
rectangular: 1
0 1 0 0 <= 16
-1 0 0 0 <= 0
1 0 0 0 <= 14
x0 range(-0, 14), x1 below(16), 
========== +++++++++++++++++++ ==========
[2025-09-22 13:58:19.330] [info] 

========== ConditionRepresentations ==========
rectangular: 1
0 0 0 1 <= 1
-1 0 0 0 <= 0
1 0 0 0 <= 14
x0 range(-0, 14), x3 below(1), 
========== +++++++++++++++++++ ==========
[2025-09-22 13:58:19.330] [info] 

========== ConditionRepresentations ==========
rectangular: 1
0 0 1 0 <= 2
-1 0 0 0 <= 0
1 0 0 0 <= 14
x0 range(-0, 14), x2 below(2), 
========== +++++++++++++++++++ ==========
[2025-09-22 13:58:19.330] [info] 

========== ConditionRepresentations ==========
rectangular: 1
0 1 0 0 <= 16
-1 0 0 0 <= 0
1 0 0 0 <= 14
x0 range(-0, 14), x1 below(16), 
========== +++++++++++++++++++ ==========
[2025-09-22 13:58:19.330] [info] 

========== ConditionRepresentations ==========
rectangular: 1
-1 0 0 0 <= 0
1 0 0 0 <= 14
x0 range(-0, 14), 
========== +++++++++++++++++++ ==========
[2025-09-22 13:58:19.330] [info] 

========== ConditionRepresentations ==========
rectangular: 1
0 1 0 0 <= 16
-1 0 0 0 <= 0
1 0 0 0 <= 14
x0 range(-0, 14), x1 below(16), 
========== +++++++++++++++++++ ==========
[2025-09-22 13:58:19.330] [info] 

========== ConditionRepresentations ==========
rectangular: 1
0 0 1 0 <= 2
-1 0 0 0 <= 0
1 0 0 0 <= 14
x0 range(-0, 14), x2 below(2), 
========== +++++++++++++++++++ ==========
[2025-09-22 13:58:19.330] [info] 

========== ConditionRepresentations ==========
rectangular: 1
0 0 0 1 <= 1
-1 0 0 0 <= 0
1 0 0 0 <= 14
x0 range(-0, 14), x3 below(1), 
========== +++++++++++++++++++ ==========
[2025-09-22 13:58:19.330] [info] 

========== ConditionRepresentations ==========
rectangular: 1
0 1 0 0 <= 16
-1 0 0 0 <= 0
1 0 0 0 <= 14
x0 range(-0, 14), x1 below(16), 
========== +++++++++++++++++++ ==========
[2025-09-22 13:58:19.330] [info] 

========== ConditionRepresentations ==========
rectangular: 1
0 1 0 0 <= 16
-1 0 0 0 <= 0
1 0 0 0 <= 14
x0 range(-0, 14), x1 below(16), 
========== +++++++++++++++++++ ==========
[2025-09-22 13:58:19.330] [info] 

========== ConditionRepresentations ==========
rectangular: 1
0 0 0 1 <= 1
-1 0 0 0 <= 0
1 0 0 0 <= 14
x0 range(-0, 14), x3 below(1), 
========== +++++++++++++++++++ ==========
[2025-09-22 13:58:19.330] [info] 

========== ConditionRepresentations ==========
rectangular: 1
0 0 1 0 <= 2
-1 0 0 0 <= 0
1 0 0 0 <= 14
x0 range(-0, 14), x2 below(2), 
========== +++++++++++++++++++ ==========
[2025-09-22 13:58:19.330] [info] 

========== ConditionRepresentations ==========
rectangular: 1
0 1 0 0 <= 16
-1 0 0 0 <= 0
1 0 0 0 <= 14
x0 range(-0, 14), x1 below(16), 
========== +++++++++++++++++++ ==========
[2025-09-22 13:58:19.330] [info] 

========== ConditionRepresentations ==========
rectangular: 1
-1 0 0 0 <= 0
1 0 0 0 <= 14
x0 range(-0, 14), 
========== +++++++++++++++++++ ==========
[2025-09-22 13:58:19.330] [info] 

========== ConditionRepresentations ==========
rectangular: 1
0 1 0 0 <= 16
-1 0 0 0 <= 0
1 0 0 0 <= 14
x0 range(-0, 14), x1 below(16), 
========== +++++++++++++++++++ ==========
[2025-09-22 13:58:19.330] [info] 

========== ConditionRepresentations ==========
rectangular: 1
0 0 1 0 <= 2
-1 0 0 0 <= 0
1 0 0 0 <= 14
x0 range(-0, 14), x2 below(2), 
========== +++++++++++++++++++ ==========
[2025-09-22 13:58:19.330] [info] 

========== ConditionRepresentations ==========
rectangular: 1
0 0 0 1 <= 1
-1 0 0 0 <= 0
1 0 0 0 <= 14
x0 range(-0, 14), x3 below(1), 
========== +++++++++++++++++++ ==========
[2025-09-22 13:58:19.330] [info] 

========== ConditionRepresentations ==========
rectangular: 1
0 1 0 0 <= 16
-1 0 0 0 <= 0
1 0 0 0 <= 14
x0 range(-0, 14), x1 below(16), 
========== +++++++++++++++++++ ==========
[2025-09-22 13:58:19.330] [info] 

========== ConditionRepresentations ==========
rectangular: 1
0 1 0 0 <= 16
-1 0 0 0 <= 0
1 0 0 0 <= 14
x0 range(-0, 14), x1 below(16), 
========== +++++++++++++++++++ ==========
[2025-09-22 13:58:19.330] [info] 

========== ConditionRepresentations ==========
rectangular: 1
0 0 0 1 <= 1
-1 0 0 0 <= 0
1 0 0 0 <= 14
x0 range(-0, 14), x3 below(1), 
========== +++++++++++++++++++ ==========
[2025-09-22 13:58:19.330] [info] 

========== ConditionRepresentations ==========
rectangular: 1
0 0 1 0 <= 2
-1 0 0 0 <= 0
1 0 0 0 <= 14
x0 range(-0, 14), x2 below(2), 
========== +++++++++++++++++++ ==========
[2025-09-22 13:58:19.330] [info] 

========== ConditionRepresentations ==========
rectangular: 1
0 1 0 0 <= 16
-1 0 0 0 <= 0
1 0 0 0 <= 14
x0 range(-0, 14), x1 below(16), 
========== +++++++++++++++++++ ==========
[2025-09-22 13:58:19.330] [info] 

========== ConditionRepresentations ==========
rectangular: 1
-1 0 0 0 <= 0
1 0 0 0 <= 14
x0 range(-0, 14), 
========== +++++++++++++++++++ ==========
[2025-09-22 13:58:19.330] [info] 

========== ConditionRepresentations ==========
rectangular: 1
0 1 0 0 <= 16
-1 0 0 0 <= 0
1 0 0 0 <= 14
x0 range(-0, 14), x1 below(16), 
========== +++++++++++++++++++ ==========
[2025-09-22 13:58:19.330] [info] 

========== ConditionRepresentations ==========
rectangular: 1
0 0 1 0 <= 2
-1 0 0 0 <= 0
1 0 0 0 <= 14
x0 range(-0, 14), x2 below(2), 
========== +++++++++++++++++++ ==========
[2025-09-22 13:58:19.330] [info] 

========== ConditionRepresentations ==========
rectangular: 1
0 0 0 1 <= 1
-1 0 0 0 <= 0
1 0 0 0 <= 14
x0 range(-0, 14), x3 below(1), 
========== +++++++++++++++++++ ==========
[2025-09-22 13:58:19.330] [info] 

========== ConditionRepresentations ==========
rectangular: 1
0 1 0 0 <= 16
-1 0 0 0 <= 0
1 0 0 0 <= 14
x0 range(-0, 14), x1 below(16), 
========== +++++++++++++++++++ ==========
[2025-09-22 13:58:19.330] [info] 

========== ConditionRepresentations ==========
rectangular: 1
0 1 0 0 <= 16
-1 0 0 0 <= 0
1 0 0 0 <= 14
x0 range(-0, 14), x1 below(16), 
========== +++++++++++++++++++ ==========
[2025-09-22 13:58:19.330] [info] 

========== ConditionRepresentations ==========
rectangular: 1
0 0 0 1 <= 1
-1 0 0 0 <= 0
1 0 0 0 <= 14
x0 range(-0, 14), x3 below(1), 
========== +++++++++++++++++++ ==========
[2025-09-22 13:58:19.330] [info] 

========== ConditionRepresentations ==========
rectangular: 1
0 0 1 0 <= 2
-1 0 0 0 <= 0
1 0 0 0 <= 14
x0 range(-0, 14), x2 below(2), 
========== +++++++++++++++++++ ==========
[2025-09-22 13:58:19.330] [info] 

========== ConditionRepresentations ==========
rectangular: 1
0 1 0 0 <= 16
-1 0 0 0 <= 0
1 0 0 0 <= 14
x0 range(-0, 14), x1 below(16), 
========== +++++++++++++++++++ ==========
[2025-09-22 13:58:19.330] [info] 

========== ConditionRepresentations ==========
rectangular: 1
-1 0 0 0 <= 0
1 0 0 0 <= 14
x0 range(-0, 14), 
========== +++++++++++++++++++ ==========
[2025-09-22 13:58:19.330] [info] 

========== ConditionRepresentations ==========
rectangular: 1
0 -1 0 0 <= -16
x1 above(16), 
========== +++++++++++++++++++ ==========
[2025-09-22 13:58:19.330] [info] 

========== ConditionRepresentations ==========
rectangular: 1
0 -1 0 0 <= -16
x1 above(16), 
========== +++++++++++++++++++ ==========
[2025-09-22 13:58:19.330] [info] 

========== ConditionRepresentations ==========
rectangular: 1
0 1 0 0 <= 16
0 0 -1 0 <= -2
x1 below(16), x2 above(2), 
========== +++++++++++++++++++ ==========
[2025-09-22 13:58:19.330] [info] 

========== ConditionRepresentations ==========
rectangular: 1
0 -1 0 0 <= -16
0 0 -1 0 <= -2
x1 above(16), x2 above(2), 
========== +++++++++++++++++++ ==========
[2025-09-22 13:58:19.330] [info] 

========== ConditionRepresentations ==========
rectangular: 1
0 1 0 0 <= 16
0 0 0 -1 <= -1
x1 below(16), x3 above(1), 
========== +++++++++++++++++++ ==========
[2025-09-22 13:58:19.330] [info] 

========== ConditionRepresentations ==========
rectangular: 1
0 -1 0 0 <= -16
0 0 0 -1 <= -1
x1 above(16), x3 above(1), 
========== +++++++++++++++++++ ==========
[2025-09-22 13:58:19.330] [info] 

========== ConditionRepresentations ==========
rectangular: 1
0 -1 0 0 <= -16
x1 above(16), 
========== +++++++++++++++++++ ==========
[2025-09-22 13:58:19.330] [info] 

========== ConditionRepresentations ==========
rectangular: 1

========== +++++++++++++++++++ ==========
[2025-09-22 13:58:19.330] [info] 

========== ConditionRepresentations ==========
rectangular: 1
0 -1 0 0 <= -16
x1 above(16), 
========== +++++++++++++++++++ ==========
[2025-09-22 13:58:19.330] [info] 

========== ConditionRepresentations ==========
rectangular: 1

========== +++++++++++++++++++ ==========
[2025-09-22 13:58:19.330] [info] 

========== ConditionRepresentations ==========
rectangular: 1
0 1 0 0 <= 16
0 0 0 -1 <= -1
x1 below(16), x3 above(1), 
========== +++++++++++++++++++ ==========
[2025-09-22 13:58:19.330] [info] 

========== ConditionRepresentations ==========
rectangular: 1
0 -1 0 0 <= -16
0 0 0 -1 <= -1
x1 above(16), x3 above(1), 
========== +++++++++++++++++++ ==========
[2025-09-22 13:58:19.330] [info] 

========== ConditionRepresentations ==========
rectangular: 1

========== +++++++++++++++++++ ==========
[2025-09-22 13:58:19.330] [info] 

========== ConditionRepresentations ==========
rectangular: 1
0 1 0 0 <= 16
0 0 -1 0 <= -2
x1 below(16), x2 above(2), 
========== +++++++++++++++++++ ==========
[2025-09-22 13:58:19.330] [info] 

========== ConditionRepresentations ==========
rectangular: 1
0 -1 0 0 <= -16
0 0 -1 0 <= -2
x1 above(16), x2 above(2), 
========== +++++++++++++++++++ ==========
[2025-09-22 13:58:19.330] [info] 

========== ConditionRepresentations ==========
rectangular: 1

========== +++++++++++++++++++ ==========
[2025-09-22 13:58:19.330] [info] 

========== ConditionRepresentations ==========
rectangular: 1
0 -1 0 0 <= -16
x1 above(16), 
========== +++++++++++++++++++ ==========
[2025-09-22 13:58:19.330] [info] 

========== ConditionRepresentations ==========
rectangular: 1

========== +++++++++++++++++++ ==========
[2025-09-22 13:58:19.330] [info] 

========== ConditionRepresentations ==========
rectangular: 1

========== +++++++++++++++++++ ==========
[2025-09-22 13:58:19.330] [info] 

========== ConditionRepresentations ==========
rectangular: 1

========== +++++++++++++++++++ ==========
[2025-09-22 13:58:19.330] [info] 

========== ConditionRepresentations ==========
rectangular: 1

========== +++++++++++++++++++ ==========
[2025-09-22 13:58:19.330] [info] 

========== ConditionRepresentations ==========
rectangular: 1
0 -1 0 0 <= -16
x1 above(16), 
========== +++++++++++++++++++ ==========
[2025-09-22 13:58:19.330] [info] 

========== ConditionRepresentations ==========
rectangular: 1
0 -1 0 0 <= -16
x1 above(16), 
========== +++++++++++++++++++ ==========
[2025-09-22 13:58:19.330] [info] 

========== ConditionRepresentations ==========
rectangular: 1
0 1 0 0 <= 16
0 0 -1 0 <= -2
x1 below(16), x2 above(2), 
========== +++++++++++++++++++ ==========
[2025-09-22 13:58:19.330] [info] 

========== ConditionRepresentations ==========
rectangular: 1
0 -1 0 0 <= -16
0 0 -1 0 <= -2
x1 above(16), x2 above(2), 
========== +++++++++++++++++++ ==========
[2025-09-22 13:58:19.330] [info] 

========== ConditionRepresentations ==========
rectangular: 1
0 1 0 0 <= 16
0 0 0 -1 <= -1
x1 below(16), x3 above(1), 
========== +++++++++++++++++++ ==========
[2025-09-22 13:58:19.330] [info] 

========== ConditionRepresentations ==========
rectangular: 1
0 -1 0 0 <= -16
0 0 0 -1 <= -1
x1 above(16), x3 above(1), 
========== +++++++++++++++++++ ==========
[2025-09-22 13:58:19.330] [info] 

========== ConditionRepresentations ==========
rectangular: 1
0 -1 0 0 <= -16
x1 above(16), 
========== +++++++++++++++++++ ==========
[2025-09-22 13:58:19.330] [info] 

========== ConditionRepresentations ==========
rectangular: 1

========== +++++++++++++++++++ ==========
[2025-09-22 13:58:19.330] [info] 

========== ConditionRepresentations ==========
rectangular: 1
0 -1 0 0 <= -16
x1 above(16), 
========== +++++++++++++++++++ ==========
[2025-09-22 13:58:19.330] [info] 

========== ConditionRepresentations ==========
rectangular: 1

========== +++++++++++++++++++ ==========
[2025-09-22 13:58:19.330] [info] 

========== ConditionRepresentations ==========
rectangular: 1
0 1 0 0 <= 16
0 0 0 -1 <= -1
x1 below(16), x3 above(1), 
========== +++++++++++++++++++ ==========
[2025-09-22 13:58:19.330] [info] 

========== ConditionRepresentations ==========
rectangular: 1
0 -1 0 0 <= -16
0 0 0 -1 <= -1
x1 above(16), x3 above(1), 
========== +++++++++++++++++++ ==========
[2025-09-22 13:58:19.330] [info] 

========== ConditionRepresentations ==========
rectangular: 1

========== +++++++++++++++++++ ==========
[2025-09-22 13:58:19.330] [info] 

========== ConditionRepresentations ==========
rectangular: 1
0 1 0 0 <= 16
0 0 -1 0 <= -2
x1 below(16), x2 above(2), 
========== +++++++++++++++++++ ==========
[2025-09-22 13:58:19.330] [info] 

========== ConditionRepresentations ==========
rectangular: 1
0 -1 0 0 <= -16
0 0 -1 0 <= -2
x1 above(16), x2 above(2), 
========== +++++++++++++++++++ ==========
[2025-09-22 13:58:19.330] [info] 

========== ConditionRepresentations ==========
rectangular: 1

========== +++++++++++++++++++ ==========
[2025-09-22 13:58:19.330] [info] 

========== ConditionRepresentations ==========
rectangular: 1
0 -1 0 0 <= -16
x1 above(16), 
========== +++++++++++++++++++ ==========
[2025-09-22 13:58:19.330] [info] 

========== ConditionRepresentations ==========
rectangular: 1

========== +++++++++++++++++++ ==========
[2025-09-22 13:58:19.330] [info] 

========== ConditionRepresentations ==========
rectangular: 1

========== +++++++++++++++++++ ==========
[2025-09-22 13:58:19.330] [info] 

========== ConditionRepresentations ==========
rectangular: 1

========== +++++++++++++++++++ ==========
[2025-09-22 13:58:19.330] [info] 

========== ConditionRepresentations ==========
rectangular: 1

========== +++++++++++++++++++ ==========
[2025-09-22 13:58:19.330] [info] 

========== ConditionRepresentations ==========
rectangular: 1
0 -1 0 0 <= -16
x1 above(16), 
========== +++++++++++++++++++ ==========
[2025-09-22 13:58:19.330] [info] 

========== ConditionRepresentations ==========
rectangular: 1
0 -1 0 0 <= -16
x1 above(16), 
========== +++++++++++++++++++ ==========
[2025-09-22 13:58:19.330] [info] 

========== ConditionRepresentations ==========
rectangular: 1
0 1 0 0 <= 16
0 0 -1 0 <= -2
x1 below(16), x2 above(2), 
========== +++++++++++++++++++ ==========
[2025-09-22 13:58:19.330] [info] 

========== ConditionRepresentations ==========
rectangular: 1
0 -1 0 0 <= -16
0 0 -1 0 <= -2
x1 above(16), x2 above(2), 
========== +++++++++++++++++++ ==========
[2025-09-22 13:58:19.330] [info] 

========== ConditionRepresentations ==========
rectangular: 1
0 1 0 0 <= 16
0 0 0 -1 <= -1
x1 below(16), x3 above(1), 
========== +++++++++++++++++++ ==========
[2025-09-22 13:58:19.330] [info] 

========== ConditionRepresentations ==========
rectangular: 1
0 -1 0 0 <= -16
0 0 0 -1 <= -1
x1 above(16), x3 above(1), 
========== +++++++++++++++++++ ==========
[2025-09-22 13:58:19.330] [info] 

========== ConditionRepresentations ==========
rectangular: 1
0 -1 0 0 <= -16
x1 above(16), 
========== +++++++++++++++++++ ==========
[2025-09-22 13:58:19.330] [info] 

========== ConditionRepresentations ==========
rectangular: 1

========== +++++++++++++++++++ ==========
[2025-09-22 13:58:19.330] [info] 

========== ConditionRepresentations ==========
rectangular: 1
0 -1 0 0 <= -16
x1 above(16), 
========== +++++++++++++++++++ ==========
[2025-09-22 13:58:19.330] [info] 

========== ConditionRepresentations ==========
rectangular: 1

========== +++++++++++++++++++ ==========
[2025-09-22 13:58:19.330] [info] 

========== ConditionRepresentations ==========
rectangular: 1
0 1 0 0 <= 16
0 0 0 -1 <= -1
x1 below(16), x3 above(1), 
========== +++++++++++++++++++ ==========
[2025-09-22 13:58:19.330] [info] 

========== ConditionRepresentations ==========
rectangular: 1
0 -1 0 0 <= -16
0 0 0 -1 <= -1
x1 above(16), x3 above(1), 
========== +++++++++++++++++++ ==========
[2025-09-22 13:58:19.330] [info] 

========== ConditionRepresentations ==========
rectangular: 1

========== +++++++++++++++++++ ==========
[2025-09-22 13:58:19.330] [info] 

========== ConditionRepresentations ==========
rectangular: 1
0 1 0 0 <= 16
0 0 -1 0 <= -2
x1 below(16), x2 above(2), 
========== +++++++++++++++++++ ==========
[2025-09-22 13:58:19.330] [info] 

========== ConditionRepresentations ==========
rectangular: 1
0 -1 0 0 <= -16
0 0 -1 0 <= -2
x1 above(16), x2 above(2), 
========== +++++++++++++++++++ ==========
[2025-09-22 13:58:19.330] [info] 

========== ConditionRepresentations ==========
rectangular: 1

========== +++++++++++++++++++ ==========
[2025-09-22 13:58:19.330] [info] 

========== ConditionRepresentations ==========
rectangular: 1
0 -1 0 0 <= -16
x1 above(16), 
========== +++++++++++++++++++ ==========
[2025-09-22 13:58:19.330] [info] 

========== ConditionRepresentations ==========
rectangular: 1

========== +++++++++++++++++++ ==========
[2025-09-22 13:58:19.330] [info] 

========== ConditionRepresentations ==========
rectangular: 1

========== +++++++++++++++++++ ==========
[2025-09-22 13:58:19.330] [info] 

========== ConditionRepresentations ==========
rectangular: 1

========== +++++++++++++++++++ ==========
[2025-09-22 13:58:19.330] [info] 

========== ConditionRepresentations ==========
rectangular: 1

========== +++++++++++++++++++ ==========
[2025-09-22 13:58:19.330] [info] 

========== ConditionRepresentations ==========
rectangular: 1
0 -1 0 0 <= -16
x1 above(16), 
========== +++++++++++++++++++ ==========
[2025-09-22 13:58:19.330] [info] 

========== ConditionRepresentations ==========
rectangular: 1
0 -1 0 0 <= -16
x1 above(16), 
========== +++++++++++++++++++ ==========
[2025-09-22 13:58:19.330] [info] 

========== ConditionRepresentations ==========
rectangular: 1
0 1 0 0 <= 16
0 0 -1 0 <= -2
x1 below(16), x2 above(2), 
========== +++++++++++++++++++ ==========
[2025-09-22 13:58:19.330] [info] 

========== ConditionRepresentations ==========
rectangular: 1
0 -1 0 0 <= -16
0 0 -1 0 <= -2
x1 above(16), x2 above(2), 
========== +++++++++++++++++++ ==========
[2025-09-22 13:58:19.330] [info] 

========== ConditionRepresentations ==========
rectangular: 1
0 1 0 0 <= 16
0 0 0 -1 <= -1
x1 below(16), x3 above(1), 
========== +++++++++++++++++++ ==========
[2025-09-22 13:58:19.330] [info] 

========== ConditionRepresentations ==========
rectangular: 1
0 -1 0 0 <= -16
0 0 0 -1 <= -1
x1 above(16), x3 above(1), 
========== +++++++++++++++++++ ==========
[2025-09-22 13:58:19.330] [info] 

========== ConditionRepresentations ==========
rectangular: 1
0 -1 0 0 <= -16
x1 above(16), 
========== +++++++++++++++++++ ==========
[2025-09-22 13:58:19.330] [info] 

========== ConditionRepresentations ==========
rectangular: 1

========== +++++++++++++++++++ ==========
[2025-09-22 13:58:19.330] [info] 

========== ConditionRepresentations ==========
rectangular: 1
0 -1 0 0 <= -16
x1 above(16), 
========== +++++++++++++++++++ ==========
[2025-09-22 13:58:19.330] [info] 

========== ConditionRepresentations ==========
rectangular: 1

========== +++++++++++++++++++ ==========
[2025-09-22 13:58:19.330] [info] 

========== ConditionRepresentations ==========
rectangular: 1
0 1 0 0 <= 16
0 0 0 -1 <= -1
x1 below(16), x3 above(1), 
========== +++++++++++++++++++ ==========
[2025-09-22 13:58:19.330] [info] 

========== ConditionRepresentations ==========
rectangular: 1
0 -1 0 0 <= -16
0 0 0 -1 <= -1
x1 above(16), x3 above(1), 
========== +++++++++++++++++++ ==========
[2025-09-22 13:58:19.330] [info] 

========== ConditionRepresentations ==========
rectangular: 1

========== +++++++++++++++++++ ==========
[2025-09-22 13:58:19.330] [info] 

========== ConditionRepresentations ==========
rectangular: 1
0 1 0 0 <= 16
0 0 -1 0 <= -2
x1 below(16), x2 above(2), 
========== +++++++++++++++++++ ==========
[2025-09-22 13:58:19.330] [info] 

========== ConditionRepresentations ==========
rectangular: 1
0 -1 0 0 <= -16
0 0 -1 0 <= -2
x1 above(16), x2 above(2), 
========== +++++++++++++++++++ ==========
[2025-09-22 13:58:19.330] [info] 

========== ConditionRepresentations ==========
rectangular: 1

========== +++++++++++++++++++ ==========
[2025-09-22 13:58:19.330] [info] 

========== ConditionRepresentations ==========
rectangular: 1
0 -1 0 0 <= -16
x1 above(16), 
========== +++++++++++++++++++ ==========
[2025-09-22 13:58:19.330] [info] 

========== ConditionRepresentations ==========
rectangular: 1

========== +++++++++++++++++++ ==========
[2025-09-22 13:58:19.330] [info] 

========== ConditionRepresentations ==========
rectangular: 1

========== +++++++++++++++++++ ==========
[2025-09-22 13:58:19.330] [info] 

========== ConditionRepresentations ==========
rectangular: 1

========== +++++++++++++++++++ ==========
[2025-09-22 13:58:19.330] [info] 

========== ConditionRepresentations ==========
rectangular: 1

========== +++++++++++++++++++ ==========
[2025-09-22 13:58:19.330] [info] 

========== ConditionRepresentations ==========
rectangular: 1
0 -1 0 0 <= -16
x1 above(16), 
========== +++++++++++++++++++ ==========
[2025-09-22 13:58:19.330] [info] 

========== ConditionRepresentations ==========
rectangular: 1
0 -1 0 0 <= -16
x1 above(16), 
========== +++++++++++++++++++ ==========
[2025-09-22 13:58:19.330] [info] 

========== ConditionRepresentations ==========
rectangular: 1
0 1 0 0 <= 16
0 0 -1 0 <= -2
x1 below(16), x2 above(2), 
========== +++++++++++++++++++ ==========
[2025-09-22 13:58:19.330] [info] 

========== ConditionRepresentations ==========
rectangular: 1
0 -1 0 0 <= -16
0 0 -1 0 <= -2
x1 above(16), x2 above(2), 
========== +++++++++++++++++++ ==========
[2025-09-22 13:58:19.330] [info] 

========== ConditionRepresentations ==========
rectangular: 1
0 1 0 0 <= 16
0 0 0 -1 <= -1
x1 below(16), x3 above(1), 
========== +++++++++++++++++++ ==========
[2025-09-22 13:58:19.330] [info] 

========== ConditionRepresentations ==========
rectangular: 1
0 -1 0 0 <= -16
0 0 0 -1 <= -1
x1 above(16), x3 above(1), 
========== +++++++++++++++++++ ==========
[2025-09-22 13:58:19.330] [info] 

========== ConditionRepresentations ==========
rectangular: 1
0 -1 0 0 <= -16
x1 above(16), 
========== +++++++++++++++++++ ==========
[2025-09-22 13:58:19.330] [info] 

========== ConditionRepresentations ==========
rectangular: 1
0 -1 0 0 <= -16
x1 above(16), 
========== +++++++++++++++++++ ==========
[2025-09-22 13:58:19.330] [info] 

========== ConditionRepresentations ==========
rectangular: 1
0 1 0 0 <= 16
0 0 0 -1 <= -1
x1 below(16), x3 above(1), 
========== +++++++++++++++++++ ==========
[2025-09-22 13:58:19.330] [info] 

========== ConditionRepresentations ==========
rectangular: 1
0 -1 0 0 <= -16
0 0 0 -1 <= -1
x1 above(16), x3 above(1), 
========== +++++++++++++++++++ ==========
[2025-09-22 13:58:19.330] [info] 

========== ConditionRepresentations ==========
rectangular: 1
0 1 0 0 <= 16
0 0 -1 0 <= -2
x1 below(16), x2 above(2), 
========== +++++++++++++++++++ ==========
[2025-09-22 13:58:19.330] [info] 

========== ConditionRepresentations ==========
rectangular: 1
0 -1 0 0 <= -16
0 0 -1 0 <= -2
x1 above(16), x2 above(2), 
========== +++++++++++++++++++ ==========
[2025-09-22 13:58:19.330] [info] 

========== ConditionRepresentations ==========
rectangular: 1
0 -1 0 0 <= -16
x1 above(16), 
========== +++++++++++++++++++ ==========
[2025-09-22 13:58:19.330] [info] 

========== ConditionRepresentations ==========
rectangular: 1
0 -1 0 0 <= -16
x1 above(16), 
========== +++++++++++++++++++ ==========
[2025-09-22 13:58:19.330] [info] 

========== ConditionRepresentations ==========
rectangular: 1
0 -1 0 0 <= -16
x1 above(16), 
========== +++++++++++++++++++ ==========
[2025-09-22 13:58:19.330] [info] 

========== ConditionRepresentations ==========
rectangular: 1
0 1 0 0 <= 16
0 0 -1 0 <= -2
x1 below(16), x2 above(2), 
========== +++++++++++++++++++ ==========
[2025-09-22 13:58:19.330] [info] 

========== ConditionRepresentations ==========
rectangular: 1
0 -1 0 0 <= -16
0 0 -1 0 <= -2
x1 above(16), x2 above(2), 
========== +++++++++++++++++++ ==========
[2025-09-22 13:58:19.330] [info] 

========== ConditionRepresentations ==========
rectangular: 1
0 1 0 0 <= 16
0 0 0 -1 <= -1
x1 below(16), x3 above(1), 
========== +++++++++++++++++++ ==========
[2025-09-22 13:58:19.330] [info] 

========== ConditionRepresentations ==========
rectangular: 1
0 -1 0 0 <= -16
0 0 0 -1 <= -1
x1 above(16), x3 above(1), 
========== +++++++++++++++++++ ==========
[2025-09-22 13:58:19.330] [info] 

========== ConditionRepresentations ==========
rectangular: 1
0 -1 0 0 <= -16
x1 above(16), 
========== +++++++++++++++++++ ==========
[2025-09-22 13:58:19.330] [info] 

========== ConditionRepresentations ==========
rectangular: 1

========== +++++++++++++++++++ ==========
[2025-09-22 13:58:19.330] [info] 

========== ConditionRepresentations ==========
rectangular: 1
0 -1 0 0 <= -16
x1 above(16), 
========== +++++++++++++++++++ ==========
[2025-09-22 13:58:19.330] [info] 

========== ConditionRepresentations ==========
rectangular: 1

========== +++++++++++++++++++ ==========
[2025-09-22 13:58:19.330] [info] 

========== ConditionRepresentations ==========
rectangular: 1
0 1 0 0 <= 16
0 0 0 -1 <= -1
x1 below(16), x3 above(1), 
========== +++++++++++++++++++ ==========
[2025-09-22 13:58:19.330] [info] 

========== ConditionRepresentations ==========
rectangular: 1
0 -1 0 0 <= -16
0 0 0 -1 <= -1
x1 above(16), x3 above(1), 
========== +++++++++++++++++++ ==========
[2025-09-22 13:58:19.330] [info] 

========== ConditionRepresentations ==========
rectangular: 1

========== +++++++++++++++++++ ==========
[2025-09-22 13:58:19.330] [info] 

========== ConditionRepresentations ==========
rectangular: 1
0 1 0 0 <= 16
0 0 -1 0 <= -2
x1 below(16), x2 above(2), 
========== +++++++++++++++++++ ==========
[2025-09-22 13:58:19.330] [info] 

========== ConditionRepresentations ==========
rectangular: 1
0 -1 0 0 <= -16
0 0 -1 0 <= -2
x1 above(16), x2 above(2), 
========== +++++++++++++++++++ ==========
[2025-09-22 13:58:19.330] [info] 

========== ConditionRepresentations ==========
rectangular: 1

========== +++++++++++++++++++ ==========
[2025-09-22 13:58:19.330] [info] 

========== ConditionRepresentations ==========
rectangular: 1
0 -1 0 0 <= -16
x1 above(16), 
========== +++++++++++++++++++ ==========
[2025-09-22 13:58:19.330] [info] 

========== ConditionRepresentations ==========
rectangular: 1

========== +++++++++++++++++++ ==========
[2025-09-22 13:58:19.330] [info] 

========== ConditionRepresentations ==========
rectangular: 1

========== +++++++++++++++++++ ==========
[2025-09-22 13:58:19.330] [info] 

========== ConditionRepresentations ==========
rectangular: 1

========== +++++++++++++++++++ ==========
[2025-09-22 13:58:19.330] [info] 

========== ConditionRepresentations ==========
rectangular: 1

========== +++++++++++++++++++ ==========
[2025-09-22 13:58:19.330] [info] 

========== ConditionRepresentations ==========
rectangular: 1
0 -1 0 0 <= -16
x1 above(16), 
========== +++++++++++++++++++ ==========
[2025-09-22 13:58:19.330] [info] 

========== ConditionRepresentations ==========
rectangular: 1
0 -1 0 0 <= -16
x1 above(16), 
========== +++++++++++++++++++ ==========
[2025-09-22 13:58:19.330] [info] 

========== ConditionRepresentations ==========
rectangular: 1
0 1 0 0 <= 16
0 0 -1 0 <= -2
x1 below(16), x2 above(2), 
========== +++++++++++++++++++ ==========
[2025-09-22 13:58:19.330] [info] 

========== ConditionRepresentations ==========
rectangular: 1
0 -1 0 0 <= -16
0 0 -1 0 <= -2
x1 above(16), x2 above(2), 
========== +++++++++++++++++++ ==========
[2025-09-22 13:58:19.330] [info] 

========== ConditionRepresentations ==========
rectangular: 1
0 1 0 0 <= 16
0 0 0 -1 <= -1
x1 below(16), x3 above(1), 
========== +++++++++++++++++++ ==========
[2025-09-22 13:58:19.331] [info] 

========== ConditionRepresentations ==========
rectangular: 1
0 -1 0 0 <= -16
0 0 0 -1 <= -1
x1 above(16), x3 above(1), 
========== +++++++++++++++++++ ==========
[2025-09-22 13:58:19.331] [info] 

========== ConditionRepresentations ==========
rectangular: 1
0 -1 0 0 <= -16
x1 above(16), 
========== +++++++++++++++++++ ==========
[2025-09-22 13:58:19.331] [info] 

========== ConditionRepresentations ==========
rectangular: 1

========== +++++++++++++++++++ ==========
[2025-09-22 13:58:19.331] [info] 

========== ConditionRepresentations ==========
rectangular: 1
0 -1 0 0 <= -16
x1 above(16), 
========== +++++++++++++++++++ ==========
[2025-09-22 13:58:19.331] [info] 

========== ConditionRepresentations ==========
rectangular: 1

========== +++++++++++++++++++ ==========
[2025-09-22 13:58:19.331] [info] 

========== ConditionRepresentations ==========
rectangular: 1
0 1 0 0 <= 16
0 0 0 -1 <= -1
x1 below(16), x3 above(1), 
========== +++++++++++++++++++ ==========
[2025-09-22 13:58:19.331] [info] 

========== ConditionRepresentations ==========
rectangular: 1
0 -1 0 0 <= -16
0 0 0 -1 <= -1
x1 above(16), x3 above(1), 
========== +++++++++++++++++++ ==========
[2025-09-22 13:58:19.331] [info] 

========== ConditionRepresentations ==========
rectangular: 1

========== +++++++++++++++++++ ==========
[2025-09-22 13:58:19.331] [info] 

========== ConditionRepresentations ==========
rectangular: 1
0 1 0 0 <= 16
0 0 -1 0 <= -2
x1 below(16), x2 above(2), 
========== +++++++++++++++++++ ==========
[2025-09-22 13:58:19.331] [info] 

========== ConditionRepresentations ==========
rectangular: 1
0 -1 0 0 <= -16
0 0 -1 0 <= -2
x1 above(16), x2 above(2), 
========== +++++++++++++++++++ ==========
[2025-09-22 13:58:19.331] [info] 

========== ConditionRepresentations ==========
rectangular: 1

========== +++++++++++++++++++ ==========
[2025-09-22 13:58:19.331] [info] 

========== ConditionRepresentations ==========
rectangular: 1
0 -1 0 0 <= -16
x1 above(16), 
========== +++++++++++++++++++ ==========
[2025-09-22 13:58:19.331] [info] 

========== ConditionRepresentations ==========
rectangular: 1

========== +++++++++++++++++++ ==========
[2025-09-22 13:58:19.331] [info] 

========== ConditionRepresentations ==========
rectangular: 1

========== +++++++++++++++++++ ==========
[2025-09-22 13:58:19.331] [info] 

========== ConditionRepresentations ==========
rectangular: 1

========== +++++++++++++++++++ ==========
[2025-09-22 13:58:19.331] [info] 

========== ConditionRepresentations ==========
rectangular: 1

========== +++++++++++++++++++ ==========
[2025-09-22 13:58:19.331] [info] 

========== ConditionRepresentations ==========
rectangular: 1
0 -1 0 0 <= -16
x1 above(16), 
========== +++++++++++++++++++ ==========
[2025-09-22 13:58:19.331] [info] 

========== ConditionRepresentations ==========
rectangular: 1
0 -1 0 0 <= -16
x1 above(16), 
========== +++++++++++++++++++ ==========
[2025-09-22 13:58:19.331] [info] 

========== ConditionRepresentations ==========
rectangular: 1
0 1 0 0 <= 16
0 0 -1 0 <= -2
x1 below(16), x2 above(2), 
========== +++++++++++++++++++ ==========
[2025-09-22 13:58:19.331] [info] 

========== ConditionRepresentations ==========
rectangular: 1
0 -1 0 0 <= -16
0 0 -1 0 <= -2
x1 above(16), x2 above(2), 
========== +++++++++++++++++++ ==========
[2025-09-22 13:58:19.331] [info] 

========== ConditionRepresentations ==========
rectangular: 1
0 1 0 0 <= 16
0 0 0 -1 <= -1
x1 below(16), x3 above(1), 
========== +++++++++++++++++++ ==========
[2025-09-22 13:58:19.331] [info] 

========== ConditionRepresentations ==========
rectangular: 1
0 -1 0 0 <= -16
0 0 0 -1 <= -1
x1 above(16), x3 above(1), 
========== +++++++++++++++++++ ==========
[2025-09-22 13:58:19.331] [info] 

========== ConditionRepresentations ==========
rectangular: 1
0 -1 0 0 <= -16
x1 above(16), 
========== +++++++++++++++++++ ==========
[2025-09-22 13:58:19.331] [info] 

========== ConditionRepresentations ==========
rectangular: 1

========== +++++++++++++++++++ ==========
[2025-09-22 13:58:19.331] [info] 

========== ConditionRepresentations ==========
rectangular: 1
0 -1 0 0 <= -16
x1 above(16), 
========== +++++++++++++++++++ ==========
[2025-09-22 13:58:19.331] [info] 

========== ConditionRepresentations ==========
rectangular: 1

========== +++++++++++++++++++ ==========
[2025-09-22 13:58:19.331] [info] 

========== ConditionRepresentations ==========
rectangular: 1
0 1 0 0 <= 16
0 0 0 -1 <= -1
x1 below(16), x3 above(1), 
========== +++++++++++++++++++ ==========
[2025-09-22 13:58:19.331] [info] 

========== ConditionRepresentations ==========
rectangular: 1
0 -1 0 0 <= -16
0 0 0 -1 <= -1
x1 above(16), x3 above(1), 
========== +++++++++++++++++++ ==========
[2025-09-22 13:58:19.331] [info] 

========== ConditionRepresentations ==========
rectangular: 1

========== +++++++++++++++++++ ==========
[2025-09-22 13:58:19.331] [info] 

========== ConditionRepresentations ==========
rectangular: 1
0 1 0 0 <= 16
0 0 -1 0 <= -2
x1 below(16), x2 above(2), 
========== +++++++++++++++++++ ==========
[2025-09-22 13:58:19.331] [info] 

========== ConditionRepresentations ==========
rectangular: 1
0 -1 0 0 <= -16
0 0 -1 0 <= -2
x1 above(16), x2 above(2), 
========== +++++++++++++++++++ ==========
[2025-09-22 13:58:19.331] [info] 

========== ConditionRepresentations ==========
rectangular: 1

========== +++++++++++++++++++ ==========
[2025-09-22 13:58:19.331] [info] 

========== ConditionRepresentations ==========
rectangular: 1
0 -1 0 0 <= -16
x1 above(16), 
========== +++++++++++++++++++ ==========
[2025-09-22 13:58:19.331] [info] 

========== ConditionRepresentations ==========
rectangular: 1

========== +++++++++++++++++++ ==========
[2025-09-22 13:58:19.331] [info] 

========== ConditionRepresentations ==========
rectangular: 1

========== +++++++++++++++++++ ==========
[2025-09-22 13:58:19.331] [info] 

========== ConditionRepresentations ==========
rectangular: 1

========== +++++++++++++++++++ ==========
[2025-09-22 13:58:19.331] [info] 

========== ConditionRepresentations ==========
rectangular: 1

========== +++++++++++++++++++ ==========
[2025-09-22 13:58:19.331] [info] 

========== ConditionRepresentations ==========
rectangular: 1
0 -1 0 0 <= -16
x1 above(16), 
========== +++++++++++++++++++ ==========
[2025-09-22 13:58:19.331] [info] 

========== ConditionRepresentations ==========
rectangular: 1
0 -1 0 0 <= -16
x1 above(16), 
========== +++++++++++++++++++ ==========
[2025-09-22 13:58:19.331] [info] 

========== ConditionRepresentations ==========
rectangular: 1
0 1 0 0 <= 16
0 0 -1 0 <= -2
x1 below(16), x2 above(2), 
========== +++++++++++++++++++ ==========
[2025-09-22 13:58:19.331] [info] 

========== ConditionRepresentations ==========
rectangular: 1
0 -1 0 0 <= -16
0 0 -1 0 <= -2
x1 above(16), x2 above(2), 
========== +++++++++++++++++++ ==========
[2025-09-22 13:58:19.331] [info] 

========== ConditionRepresentations ==========
rectangular: 1
0 1 0 0 <= 16
0 0 0 -1 <= -1
x1 below(16), x3 above(1), 
========== +++++++++++++++++++ ==========
[2025-09-22 13:58:19.331] [info] 

========== ConditionRepresentations ==========
rectangular: 1
0 -1 0 0 <= -16
0 0 0 -1 <= -1
x1 above(16), x3 above(1), 
========== +++++++++++++++++++ ==========
[2025-09-22 13:58:19.331] [info] 

========== ConditionRepresentations ==========
rectangular: 1
0 -1 0 0 <= -16
x1 above(16), 
========== +++++++++++++++++++ ==========
[2025-09-22 13:58:19.331] [info] 

========== ConditionRepresentations ==========
rectangular: 1

========== +++++++++++++++++++ ==========
[2025-09-22 13:58:19.331] [info] 

========== ConditionRepresentations ==========
rectangular: 1
0 -1 0 0 <= -16
x1 above(16), 
========== +++++++++++++++++++ ==========
[2025-09-22 13:58:19.331] [info] 

========== ConditionRepresentations ==========
rectangular: 1

========== +++++++++++++++++++ ==========
[2025-09-22 13:58:19.331] [info] 

========== ConditionRepresentations ==========
rectangular: 1
0 1 0 0 <= 16
0 0 0 -1 <= -1
x1 below(16), x3 above(1), 
========== +++++++++++++++++++ ==========
[2025-09-22 13:58:19.331] [info] 

========== ConditionRepresentations ==========
rectangular: 1
0 -1 0 0 <= -16
0 0 0 -1 <= -1
x1 above(16), x3 above(1), 
========== +++++++++++++++++++ ==========
[2025-09-22 13:58:19.331] [info] 

========== ConditionRepresentations ==========
rectangular: 1

========== +++++++++++++++++++ ==========
[2025-09-22 13:58:19.331] [info] 

========== ConditionRepresentations ==========
rectangular: 1
0 1 0 0 <= 16
0 0 -1 0 <= -2
x1 below(16), x2 above(2), 
========== +++++++++++++++++++ ==========
[2025-09-22 13:58:19.331] [info] 

========== ConditionRepresentations ==========
rectangular: 1
0 -1 0 0 <= -16
0 0 -1 0 <= -2
x1 above(16), x2 above(2), 
========== +++++++++++++++++++ ==========
[2025-09-22 13:58:19.331] [info] 

========== ConditionRepresentations ==========
rectangular: 1

========== +++++++++++++++++++ ==========
[2025-09-22 13:58:19.331] [info] 

========== ConditionRepresentations ==========
rectangular: 1
0 -1 0 0 <= -16
x1 above(16), 
========== +++++++++++++++++++ ==========
[2025-09-22 13:58:19.331] [info] 

========== ConditionRepresentations ==========
rectangular: 1

========== +++++++++++++++++++ ==========
[2025-09-22 13:58:19.331] [info] 

========== ConditionRepresentations ==========
rectangular: 1

========== +++++++++++++++++++ ==========
[2025-09-22 13:58:19.331] [info] 

========== ConditionRepresentations ==========
rectangular: 1

========== +++++++++++++++++++ ==========
[2025-09-22 13:58:19.331] [info] 

========== ConditionRepresentations ==========
rectangular: 1

========== +++++++++++++++++++ ==========
[2025-09-22 13:58:19.331] [info] 

========== ConditionRepresentations ==========
rectangular: 1
0 -1 0 0 <= -16
x1 above(16), 
========== +++++++++++++++++++ ==========
[2025-09-22 13:58:19.331] [info] 

========== ConditionRepresentations ==========
rectangular: 1
0 -1 0 0 <= -16
x1 above(16), 
========== +++++++++++++++++++ ==========
[2025-09-22 13:58:19.331] [info] 

========== ConditionRepresentations ==========
rectangular: 1
0 1 0 0 <= 16
0 0 -1 0 <= -2
x1 below(16), x2 above(2), 
========== +++++++++++++++++++ ==========
[2025-09-22 13:58:19.331] [info] 

========== ConditionRepresentations ==========
rectangular: 1
0 -1 0 0 <= -16
0 0 -1 0 <= -2
x1 above(16), x2 above(2), 
========== +++++++++++++++++++ ==========
[2025-09-22 13:58:19.331] [info] 

========== ConditionRepresentations ==========
rectangular: 1
0 1 0 0 <= 16
0 0 0 -1 <= -1
x1 below(16), x3 above(1), 
========== +++++++++++++++++++ ==========
[2025-09-22 13:58:19.331] [info] 

========== ConditionRepresentations ==========
rectangular: 1
0 -1 0 0 <= -16
0 0 0 -1 <= -1
x1 above(16), x3 above(1), 
========== +++++++++++++++++++ ==========
[2025-09-22 13:58:19.331] [info] 

========== ConditionRepresentations ==========
rectangular: 1
0 -1 0 0 <= -16
x1 above(16), 
========== +++++++++++++++++++ ==========
[2025-09-22 13:58:19.331] [info] 

========== ConditionRepresentations ==========
rectangular: 1
0 -1 0 0 <= -16
x1 above(16), 
========== +++++++++++++++++++ ==========
[2025-09-22 13:58:19.331] [info] 

========== ConditionRepresentations ==========
rectangular: 1
0 1 0 0 <= 16
0 0 0 -1 <= -1
x1 below(16), x3 above(1), 
========== +++++++++++++++++++ ==========
[2025-09-22 13:58:19.331] [info] 

========== ConditionRepresentations ==========
rectangular: 1
0 -1 0 0 <= -16
0 0 0 -1 <= -1
x1 above(16), x3 above(1), 
========== +++++++++++++++++++ ==========
[2025-09-22 13:58:19.331] [info] 

========== ConditionRepresentations ==========
rectangular: 1
0 1 0 0 <= 16
0 0 -1 0 <= -2
x1 below(16), x2 above(2), 
========== +++++++++++++++++++ ==========
[2025-09-22 13:58:19.331] [info] 

========== ConditionRepresentations ==========
rectangular: 1
0 -1 0 0 <= -16
0 0 -1 0 <= -2
x1 above(16), x2 above(2), 
========== +++++++++++++++++++ ==========
[2025-09-22 13:58:19.331] [info] 

========== ConditionRepresentations ==========
rectangular: 1
0 -1 0 0 <= -16
x1 above(16), 
========== +++++++++++++++++++ ==========
[2025-09-22 13:58:19.331] [info] 

========== ConditionRepresentations ==========
rectangular: 1
0 -1 0 0 <= -16
x1 above(16), 
========== +++++++++++++++++++ ==========
[2025-09-22 13:58:19.331] [info] 

========== ConditionRepresentations ==========
rectangular: 1
0 -1 0 0 <= -16
x1 above(16), 
========== +++++++++++++++++++ ==========
[2025-09-22 13:58:19.331] [info] 

========== ConditionRepresentations ==========
rectangular: 1
0 1 0 0 <= 16
0 0 -1 0 <= -2
x1 below(16), x2 above(2), 
========== +++++++++++++++++++ ==========
[2025-09-22 13:58:19.331] [info] 

========== ConditionRepresentations ==========
rectangular: 1
0 -1 0 0 <= -16
0 0 -1 0 <= -2
x1 above(16), x2 above(2), 
========== +++++++++++++++++++ ==========
[2025-09-22 13:58:19.331] [info] 

========== ConditionRepresentations ==========
rectangular: 1
0 1 0 0 <= 16
0 0 0 -1 <= -1
x1 below(16), x3 above(1), 
========== +++++++++++++++++++ ==========
[2025-09-22 13:58:19.331] [info] 

========== ConditionRepresentations ==========
rectangular: 1
0 -1 0 0 <= -16
0 0 0 -1 <= -1
x1 above(16), x3 above(1), 
========== +++++++++++++++++++ ==========
[2025-09-22 13:58:19.331] [info] 

========== ConditionRepresentations ==========
rectangular: 1
0 -1 0 0 <= -16
x1 above(16), 
========== +++++++++++++++++++ ==========
[2025-09-22 13:58:19.331] [info] 

========== ConditionRepresentations ==========
rectangular: 1
0 -1 0 0 <= -16
x1 above(16), 
========== +++++++++++++++++++ ==========
[2025-09-22 13:58:19.331] [info] 

========== ConditionRepresentations ==========
rectangular: 1
0 1 0 0 <= 16
0 0 0 -1 <= -1
x1 below(16), x3 above(1), 
========== +++++++++++++++++++ ==========
[2025-09-22 13:58:19.331] [info] 

========== ConditionRepresentations ==========
rectangular: 1
0 -1 0 0 <= -16
0 0 0 -1 <= -1
x1 above(16), x3 above(1), 
========== +++++++++++++++++++ ==========
[2025-09-22 13:58:19.331] [info] 

========== ConditionRepresentations ==========
rectangular: 1
0 1 0 0 <= 16
0 0 -1 0 <= -2
x1 below(16), x2 above(2), 
========== +++++++++++++++++++ ==========
[2025-09-22 13:58:19.331] [info] 

========== ConditionRepresentations ==========
rectangular: 1
0 -1 0 0 <= -16
0 0 -1 0 <= -2
x1 above(16), x2 above(2), 
========== +++++++++++++++++++ ==========
[2025-09-22 13:58:19.331] [info] 

========== ConditionRepresentations ==========
rectangular: 1
0 -1 0 0 <= -16
x1 above(16), 
========== +++++++++++++++++++ ==========
[2025-09-22 13:58:19.331] [info] 

========== ConditionRepresentations ==========
rectangular: 1
0 -1 0 0 <= -16
x1 above(16), 
========== +++++++++++++++++++ ==========
[2025-09-22 13:58:19.331] [info] 

========== ConditionRepresentations ==========
rectangular: 1
0 -1 0 0 <= -16
x1 above(16), 
========== +++++++++++++++++++ ==========
[2025-09-22 13:58:19.331] [info] 

========== ConditionRepresentations ==========
rectangular: 1
0 1 0 0 <= 16
0 0 -1 0 <= -2
x1 below(16), x2 above(2), 
========== +++++++++++++++++++ ==========
[2025-09-22 13:58:19.331] [info] 

========== ConditionRepresentations ==========
rectangular: 1
0 -1 0 0 <= -16
0 0 -1 0 <= -2
x1 above(16), x2 above(2), 
========== +++++++++++++++++++ ==========
[2025-09-22 13:58:19.331] [info] 

========== ConditionRepresentations ==========
rectangular: 1
0 1 0 0 <= 16
0 0 0 -1 <= -1
x1 below(16), x3 above(1), 
========== +++++++++++++++++++ ==========
[2025-09-22 13:58:19.331] [info] 

========== ConditionRepresentations ==========
rectangular: 1
0 -1 0 0 <= -16
0 0 0 -1 <= -1
x1 above(16), x3 above(1), 
========== +++++++++++++++++++ ==========
[2025-09-22 13:58:19.331] [info] 

========== ConditionRepresentations ==========
rectangular: 1
0 -1 0 0 <= -16
x1 above(16), 
========== +++++++++++++++++++ ==========
[2025-09-22 13:58:19.331] [info] 

========== ConditionRepresentations ==========
rectangular: 1
0 -1 0 0 <= -16
x1 above(16), 
========== +++++++++++++++++++ ==========
[2025-09-22 13:58:19.331] [info] 

========== ConditionRepresentations ==========
rectangular: 1
0 1 0 0 <= 16
0 0 0 -1 <= -1
x1 below(16), x3 above(1), 
========== +++++++++++++++++++ ==========
[2025-09-22 13:58:19.331] [info] 

========== ConditionRepresentations ==========
rectangular: 1
0 -1 0 0 <= -16
0 0 0 -1 <= -1
x1 above(16), x3 above(1), 
========== +++++++++++++++++++ ==========
[2025-09-22 13:58:19.331] [info] 

========== ConditionRepresentations ==========
rectangular: 1
0 1 0 0 <= 16
0 0 -1 0 <= -2
x1 below(16), x2 above(2), 
========== +++++++++++++++++++ ==========
[2025-09-22 13:58:19.331] [info] 

========== ConditionRepresentations ==========
rectangular: 1
0 -1 0 0 <= -16
0 0 -1 0 <= -2
x1 above(16), x2 above(2), 
========== +++++++++++++++++++ ==========
[2025-09-22 13:58:19.331] [info] 

========== ConditionRepresentations ==========
rectangular: 1
0 -1 0 0 <= -16
x1 above(16), 
========== +++++++++++++++++++ ==========
[2025-09-22 13:58:19.331] [info] 

========== ConditionRepresentations ==========
rectangular: 1
0 -1 0 0 <= -16
x1 above(16), 
========== +++++++++++++++++++ ==========
[2025-09-22 13:58:19.331] [info] 

========== ConditionRepresentations ==========
rectangular: 1
0 -1 0 0 <= -16
x1 above(16), 
========== +++++++++++++++++++ ==========
[2025-09-22 13:58:19.331] [info] 

========== ConditionRepresentations ==========
rectangular: 1
0 1 0 0 <= 16
0 0 -1 0 <= -2
x1 below(16), x2 above(2), 
========== +++++++++++++++++++ ==========
[2025-09-22 13:58:19.331] [info] 

========== ConditionRepresentations ==========
rectangular: 1
0 -1 0 0 <= -16
0 0 -1 0 <= -2
x1 above(16), x2 above(2), 
========== +++++++++++++++++++ ==========
[2025-09-22 13:58:19.331] [info] 

========== ConditionRepresentations ==========
rectangular: 1
0 1 0 0 <= 16
0 0 0 -1 <= -1
x1 below(16), x3 above(1), 
========== +++++++++++++++++++ ==========
[2025-09-22 13:58:19.331] [info] 

========== ConditionRepresentations ==========
rectangular: 1
0 -1 0 0 <= -16
0 0 0 -1 <= -1
x1 above(16), x3 above(1), 
========== +++++++++++++++++++ ==========
[2025-09-22 13:58:19.331] [info] 

========== ConditionRepresentations ==========
rectangular: 1
0 -1 0 0 <= -16
x1 above(16), 
========== +++++++++++++++++++ ==========
[2025-09-22 13:58:19.331] [info] 

========== ConditionRepresentations ==========
rectangular: 1
0 -1 0 0 <= -16
x1 above(16), 
========== +++++++++++++++++++ ==========
[2025-09-22 13:58:19.331] [info] 

========== ConditionRepresentations ==========
rectangular: 1
0 1 0 0 <= 16
0 0 0 -1 <= -1
x1 below(16), x3 above(1), 
========== +++++++++++++++++++ ==========
[2025-09-22 13:58:19.331] [info] 

========== ConditionRepresentations ==========
rectangular: 1
0 -1 0 0 <= -16
0 0 0 -1 <= -1
x1 above(16), x3 above(1), 
========== +++++++++++++++++++ ==========
[2025-09-22 13:58:19.331] [info] 

========== ConditionRepresentations ==========
rectangular: 1
0 1 0 0 <= 16
0 0 -1 0 <= -2
x1 below(16), x2 above(2), 
========== +++++++++++++++++++ ==========
[2025-09-22 13:58:19.331] [info] 

========== ConditionRepresentations ==========
rectangular: 1
0 -1 0 0 <= -16
0 0 -1 0 <= -2
x1 above(16), x2 above(2), 
========== +++++++++++++++++++ ==========
[2025-09-22 13:58:19.331] [info] 

========== ConditionRepresentations ==========
rectangular: 1
0 -1 0 0 <= -16
x1 above(16), 
========== +++++++++++++++++++ ==========
[2025-09-22 13:58:19.331] [info] 

========== ConditionRepresentations ==========
rectangular: 1
0 -1 0 0 <= -16
x1 above(16), 
========== +++++++++++++++++++ ==========
[2025-09-22 13:58:19.331] [info] 

========== ConditionRepresentations ==========
rectangular: 1
0 -1 0 0 <= -16
x1 above(16), 
========== +++++++++++++++++++ ==========
[2025-09-22 13:58:19.331] [info] 

========== ConditionRepresentations ==========
rectangular: 1
0 1 0 0 <= 16
0 0 -1 0 <= -2
x1 below(16), x2 above(2), 
========== +++++++++++++++++++ ==========
[2025-09-22 13:58:19.331] [info] 

========== ConditionRepresentations ==========
rectangular: 1
0 -1 0 0 <= -16
0 0 -1 0 <= -2
x1 above(16), x2 above(2), 
========== +++++++++++++++++++ ==========
[2025-09-22 13:58:19.331] [info] 

========== ConditionRepresentations ==========
rectangular: 1
0 1 0 0 <= 16
0 0 0 -1 <= -1
x1 below(16), x3 above(1), 
========== +++++++++++++++++++ ==========
[2025-09-22 13:58:19.331] [info] 

========== ConditionRepresentations ==========
rectangular: 1
0 -1 0 0 <= -16
0 0 0 -1 <= -1
x1 above(16), x3 above(1), 
========== +++++++++++++++++++ ==========
[2025-09-22 13:58:19.331] [info] 

========== ConditionRepresentations ==========
rectangular: 1
0 -1 0 0 <= -16
x1 above(16), 
========== +++++++++++++++++++ ==========
[2025-09-22 13:58:19.331] [info] 

========== ConditionRepresentations ==========
rectangular: 1
0 -1 0 0 <= -16
x1 above(16), 
========== +++++++++++++++++++ ==========
[2025-09-22 13:58:19.331] [info] 

========== ConditionRepresentations ==========
rectangular: 1
0 1 0 0 <= 16
0 0 0 -1 <= -1
x1 below(16), x3 above(1), 
========== +++++++++++++++++++ ==========
[2025-09-22 13:58:19.331] [info] 

========== ConditionRepresentations ==========
rectangular: 1
0 -1 0 0 <= -16
0 0 0 -1 <= -1
x1 above(16), x3 above(1), 
========== +++++++++++++++++++ ==========
[2025-09-22 13:58:19.331] [info] 

========== ConditionRepresentations ==========
rectangular: 1
0 1 0 0 <= 16
0 0 -1 0 <= -2
x1 below(16), x2 above(2), 
========== +++++++++++++++++++ ==========
[2025-09-22 13:58:19.331] [info] 

========== ConditionRepresentations ==========
rectangular: 1
0 -1 0 0 <= -16
0 0 -1 0 <= -2
x1 above(16), x2 above(2), 
========== +++++++++++++++++++ ==========
[2025-09-22 13:58:19.331] [info] 

========== ConditionRepresentations ==========
rectangular: 1
0 -1 0 0 <= -16
x1 above(16), 
========== +++++++++++++++++++ ==========
[2025-09-22 13:58:19.331] [info] 

========== ConditionRepresentations ==========
rectangular: 1
0 -1 0 0 <= -16
x1 above(16), 
========== +++++++++++++++++++ ==========
[2025-09-22 13:58:19.331] [info] 

========== ConditionRepresentations ==========
rectangular: 1
0 -1 0 0 <= -16
x1 above(16), 
========== +++++++++++++++++++ ==========
[2025-09-22 13:58:19.331] [info] 

========== ConditionRepresentations ==========
rectangular: 1
0 1 0 0 <= 16
0 0 -1 0 <= -2
x1 below(16), x2 above(2), 
========== +++++++++++++++++++ ==========
[2025-09-22 13:58:19.331] [info] 

========== ConditionRepresentations ==========
rectangular: 1
0 -1 0 0 <= -16
0 0 -1 0 <= -2
x1 above(16), x2 above(2), 
========== +++++++++++++++++++ ==========
[2025-09-22 13:58:19.331] [info] 

========== ConditionRepresentations ==========
rectangular: 1
0 1 0 0 <= 16
0 0 0 -1 <= -1
x1 below(16), x3 above(1), 
========== +++++++++++++++++++ ==========
[2025-09-22 13:58:19.331] [info] 

========== ConditionRepresentations ==========
rectangular: 1
0 -1 0 0 <= -16
0 0 0 -1 <= -1
x1 above(16), x3 above(1), 
========== +++++++++++++++++++ ==========
[2025-09-22 13:58:19.331] [info] 

========== ConditionRepresentations ==========
rectangular: 1
0 -1 0 0 <= -16
x1 above(16), 
========== +++++++++++++++++++ ==========
[2025-09-22 13:58:19.331] [info] 

========== ConditionRepresentations ==========
rectangular: 1
0 -1 0 0 <= -16
x1 above(16), 
========== +++++++++++++++++++ ==========
[2025-09-22 13:58:19.331] [info] 

========== ConditionRepresentations ==========
rectangular: 1
0 1 0 0 <= 16
0 0 0 -1 <= -1
x1 below(16), x3 above(1), 
========== +++++++++++++++++++ ==========
[2025-09-22 13:58:19.331] [info] 

========== ConditionRepresentations ==========
rectangular: 1
0 -1 0 0 <= -16
0 0 0 -1 <= -1
x1 above(16), x3 above(1), 
========== +++++++++++++++++++ ==========
[2025-09-22 13:58:19.331] [info] 

========== ConditionRepresentations ==========
rectangular: 1
0 1 0 0 <= 16
0 0 -1 0 <= -2
x1 below(16), x2 above(2), 
========== +++++++++++++++++++ ==========
[2025-09-22 13:58:19.331] [info] 

========== ConditionRepresentations ==========
rectangular: 1
0 -1 0 0 <= -16
0 0 -1 0 <= -2
x1 above(16), x2 above(2), 
========== +++++++++++++++++++ ==========
[2025-09-22 13:58:19.331] [info] 

========== ConditionRepresentations ==========
rectangular: 1
0 -1 0 0 <= -16
x1 above(16), 
========== +++++++++++++++++++ ==========
[2025-09-22 13:58:19.331] [info] 

========== ConditionRepresentations ==========
rectangular: 1
-1 0 0 0 <= 0
1 0 0 0 <= 0
0 -1 0 0 <= -4
0 1 0 0 <= 4
0 0 -1 0 <= 0
0 0 1 0 <= 0
0 0 0 -1 <= 0
0 0 0 1 <= 0
x0 point(-0), x1 point(4), x2 point(-0), x3 point(-0), 
========== +++++++++++++++++++ ==========
[2025-09-22 13:58:19.331] [info] 

========== ConditionRepresentations ==========
rectangular: 1
0 -1 0 0 <= -18
x1 above(18), 
========== +++++++++++++++++++ ==========
[2025-09-22 13:58:19.331] [info] 

========== ConditionRepresentations ==========
rectangular: 1
0 -1 0 0 <= -18
x1 above(18), 
========== +++++++++++++++++++ ==========
[2025-09-22 13:58:19.331] [info] 

========== ConditionRepresentations ==========
rectangular: 1
0 -1 0 0 <= -18
x1 above(18), 
========== +++++++++++++++++++ ==========
[2025-09-22 13:58:19.331] [info] 

========== ConditionRepresentations ==========
rectangular: 1
0 -1 0 0 <= -18
x1 above(18), 
========== +++++++++++++++++++ ==========
[2025-09-22 13:58:19.331] [info] 

========== ConditionRepresentations ==========
rectangular: 1
0 -1 0 0 <= -18
x1 above(18), 
========== +++++++++++++++++++ ==========
[2025-09-22 13:58:19.331] [info] 

========== ConditionRepresentations ==========
rectangular: 1
0 -1 0 0 <= -18
x1 above(18), 
========== +++++++++++++++++++ ==========
[2025-09-22 13:58:19.331] [info] 

========== ConditionRepresentations ==========
rectangular: 1
0 -1 0 0 <= -18
x1 above(18), 
========== +++++++++++++++++++ ==========
[2025-09-22 13:58:19.331] [info] 

========== ConditionRepresentations ==========
rectangular: 1
0 -1 0 0 <= -18
x1 above(18), 
========== +++++++++++++++++++ ==========
[2025-09-22 13:58:19.331] [info] 

========== ConditionRepresentations ==========
rectangular: 1
0 -1 0 0 <= -18
x1 above(18), 
========== +++++++++++++++++++ ==========
[2025-09-22 13:58:19.331] [info] 

========== ConditionRepresentations ==========
rectangular: 1
0 -1 0 0 <= -18
x1 above(18), 
========== +++++++++++++++++++ ==========
[2025-09-22 13:58:19.331] [info] 

========== ConditionRepresentations ==========
rectangular: 1
0 -1 0 0 <= -18
x1 above(18), 
========== +++++++++++++++++++ ==========
[2025-09-22 13:58:19.331] [info] 

========== ConditionRepresentations ==========
rectangular: 1
0 -1 0 0 <= -18
x1 above(18), 
========== +++++++++++++++++++ ==========
[2025-09-22 13:58:19.331] [info] 

========== ConditionRepresentations ==========
rectangular: 1
0 -1 0 0 <= -18
x1 above(18), 
========== +++++++++++++++++++ ==========
[2025-09-22 13:58:19.331] [info] 

========== ConditionRepresentations ==========
rectangular: 1
0 -1 0 0 <= -18
x1 above(18), 
========== +++++++++++++++++++ ==========
[2025-09-22 13:58:19.331] [info] 

========== ConditionRepresentations ==========
rectangular: 1
0 -1 0 0 <= -18
x1 above(18), 
========== +++++++++++++++++++ ==========
[2025-09-22 14:38:55.526] [info] 2.2 Reachability Analysis: 2436195
[2025-09-22 14:38:55.639] [info] 2.3 Augment Reach Tree: 112
[2025-09-22 14:38:55.748] [info] 2.4 Creating Unified Datastructure from Reach Tree: 68
[2025-09-22 14:38:55.748] [info] 2.5 Simulating on full Reach Tree: 0
[2025-09-22 14:40:51.392] [info] 2.6.0 Labeling Reach Tree Nodes: 115642
[2025-09-22 14:40:51.395] [info] 2.6.1 Removing Unfulfilling Subtrees: 3
[2025-09-22 14:40:51.395] [info] 2.6 Pre-checking and Reduction: 115645
[2025-09-22 14:40:51.397] [info] node count before and after reduction 126805 100036
[2025-09-22 14:40:56.542] [info] runs 3308 | prob 0.9474002418379686 | low 0.9374020439647652 | high 0.9573984397111719
[2025-09-22 14:41:01.089] [info] runs 3214 | prob 0.9489732420659615 | low 0.938974418761757 | high 0.9589720653701659
[2025-09-22 14:41:05.661] [info] runs 3706 | prob 0.940636805180788 | low 0.930637662442257 | high 0.9506359479193189
[2025-09-22 14:41:10.230] [info] runs 3205 | prob 0.9491419656786272 | low 0.9391447925088929 | high 0.9591391388483614
[2025-09-22 14:41:14.807] [info] runs 3771 | prob 0.939538583929992 | low 0.9295405625816868 | high 0.9495366052782972
[2025-09-22 14:41:19.404] [info] runs 3243 | prob 0.948504471168671 | low 0.9385073067036783 | high 0.9585016356336636
[2025-09-22 14:41:23.998] [info] runs 3690 | prob 0.9409214092140922 | low 0.9309231494830178 | high 0.9509196689451666
[2025-09-22 14:41:28.564] [info] runs 3335 | prob 0.9469265367316342 | low 0.9369266565269134 | high 0.9569264169363549
[2025-09-22 14:41:33.121] [info] runs 3289 | prob 0.9477044694435999 | low 0.9377048684032712 | high 0.9577040704839286
[2025-09-22 14:41:37.689] [info] runs 2986 | prob 0.9527796383121232 | low 0.9427805168180243 | high 0.9627787598062221
[2025-09-22 14:41:42.237] [info] runs 3224 | prob 0.9488213399503722 | low 0.938823987121773 | high 0.9588186927789715
[2025-09-22 14:41:46.800] [info] runs 3417 | prob 0.9455662862159789 | low 0.9355685116100622 | high 0.9555640608218957
[2025-09-22 14:41:51.353] [info] runs 3097 | prob 0.950920245398773 | low 0.9409202800713491 | high 0.9609202107261968
[2025-09-22 14:41:55.910] [info] runs 3399 | prob 0.9458664313033245 | low 0.9358683074590407 | high 0.9558645551476083
[2025-09-22 14:42:00.469] [info] runs 3372 | prob 0.9463226571767497 | low 0.9363245635518171 | high 0.9563207508016822
[2025-09-22 14:42:04.991] [info] runs 3530 | prob 0.9436260623229462 | low 0.9336261163148177 | high 0.9536260083310747
[2025-09-22 14:42:09.544] [info] runs 3747 | prob 0.9399519615692554 | low 0.9299541199195985 | high 0.9499498032189123
[2025-09-22 14:42:14.091] [info] runs 3176 | prob 0.9496221662468514 | low 0.9396244506572801 | high 0.9596198818364227
[2025-09-22 14:42:18.640] [info] runs 3565 | prob 0.9430575035063113 | low 0.9330597268444852 | high 0.9530552801681375
[2025-09-22 14:42:23.188] [info] runs 3299 | prob 0.9475598666262504 | low 0.9375624009037987 | high 0.957557332348702
[2025-09-22 14:42:27.789] [info] runs 3461 | prob 0.944813637676972 | low 0.93481515681411 | high 0.954812118539834
[2025-09-22 14:42:32.331] [info] runs 3539 | prob 0.9434868606951116 | low 0.9334880528544652 | high 0.9534856685357579
[2025-09-22 14:42:36.882] [info] runs 3513 | prob 0.9439225732991745 | low 0.9339232868904322 | high 0.9539218597079168
[2025-09-22 14:42:41.449] [info] runs 3443 | prob 0.945106012198664 | low 0.9351064726816442 | high 0.9551055517156838
[2025-09-22 14:42:46.021] [info] runs 3289 | prob 0.9477044694435999 | low 0.9377048684032712 | high 0.9577040704839286
[2025-09-22 14:42:46.046] [info] RESULT:
training_time, simulation_time, prob, low, high, runs
5133, 10, 0.9474002418379686, 0.9374020439647652, 0.9573984397111719, 3308
4509, 10, 0.9489732420659615, 0.938974418761757, 0.9589720653701659, 3214
4534, 12, 0.940636805180788, 0.930637662442257, 0.9506359479193189, 3706
4532, 10, 0.9491419656786272, 0.9391447925088929, 0.9591391388483614, 3205
4537, 12, 0.939538583929992, 0.9295405625816868, 0.9495366052782972, 3771
4564, 11, 0.948504471168671, 0.9385073067036783, 0.9585016356336636, 3243
4557, 12, 0.9409214092140922, 0.9309231494830178, 0.9509196689451666, 3690
4529, 11, 0.9469265367316342, 0.9369266565269134, 0.9569264169363549, 3335
4524, 10, 0.9477044694435999, 0.9377048684032712, 0.9577040704839286, 3289
4533, 9, 0.9527796383121232, 0.9427805168180243, 0.9627787598062221, 2986
4511, 10, 0.9488213399503722, 0.938823987121773, 0.9588186927789715, 3224
4527, 11, 0.9455662862159789, 0.9355685116100622, 0.9555640608218957, 3417
4517, 10, 0.950920245398773, 0.9409202800713491, 0.9609202107261968, 3097
4520, 11, 0.9458664313033245, 0.9358683074590407, 0.9558645551476083, 3399
4521, 11, 0.9463226571767497, 0.9363245635518171, 0.9563207508016822, 3372
4491, 11, 0.9436260623229462, 0.9336261163148177, 0.9536260083310747, 3530
4514, 12, 0.9399519615692554, 0.9299541199195985, 0.9499498032189123, 3747
4512, 10, 0.9496221662468514, 0.9396244506572801, 0.9596198818364227, 3176
4511, 11, 0.9430575035063113, 0.9330597268444852, 0.9530552801681375, 3565
4511, 10, 0.9475598666262504, 0.9375624009037987, 0.957557332348702, 3299
4563, 11, 0.944813637676972, 0.93481515681411, 0.954812118539834, 3461
4504, 11, 0.9434868606951116, 0.9334880528544652, 0.9534856685357579, 3539
4514, 11, 0.9439225732991745, 0.9339232868904322, 0.9539218597079168, 3513
4529, 11, 0.945106012198664, 0.9351064726816442, 0.9551055517156838, 3443
4534, 10, 0.9477044694435999, 0.9377048684032712, 0.9577040704839286, 3289
# timestamp 22.09.2025 13:58:19 (1758542299), datastructure reach_tree_reduced
# timebound 14, expirations {"r1": 2, "r2": 4}
# alpha 0.1, gamma 1
# fixed points 5, uniform granularity 0.5
# scheduler goal: MAXIMIZING, scope: PROPHETIC, history: MEMORYLESS
# training runs 1000000

[2025-09-22 14:42:49.399] [info] runs 4010 | prob 0.9354114713216958 | low 0.9254125600657234 | high 0.9454103825776682
[2025-09-22 14:42:52.729] [info] runs 3787 | prob 0.9392659096910483 | low 0.9292680105422053 | high 0.9492638088398913
[2025-09-22 14:42:56.046] [info] runs 3834 | prob 0.9384454877412624 | low 0.9284465404999448 | high 0.9484444349825799
[2025-09-22 14:42:59.394] [info] runs 3706 | prob 0.940636805180788 | low 0.930637662442257 | high 0.9506359479193189
[2025-09-22 14:43:02.731] [info] runs 3556 | prob 0.9431946006749157 | low 0.9331955114417215 | high 0.9531936899081098
[2025-09-22 14:43:06.078] [info] runs 3995 | prob 0.9356695869837297 | low 0.9256705795006219 | high 0.9456685944668375
[2025-09-22 14:43:09.374] [info] runs 3826 | prob 0.9385781495033978 | low 0.9285788392454593 | high 0.9485774597613363
[2025-09-22 14:43:12.721] [info] runs 3326 | prob 0.947083583884546 | low 0.9370841801864686 | high 0.9570829875826236
[2025-09-22 14:43:16.054] [info] runs 3461 | prob 0.944813637676972 | low 0.93481515681411 | high 0.954812118539834
[2025-09-22 14:43:19.433] [info] runs 3826 | prob 0.9385781495033978 | low 0.9285788392454593 | high 0.9485774597613363
[2025-09-22 14:43:22.743] [info] runs 3599 | prob 0.9424840233398166 | low 0.9324866437244336 | high 0.9524814029551997
[2025-09-22 14:43:26.093] [info] runs 3771 | prob 0.939538583929992 | low 0.9295405625816868 | high 0.9495366052782972
[2025-09-22 14:43:29.389] [info] runs 3980 | prob 0.9359296482412061 | low 0.9259306963382917 | high 0.9459286001441204
[2025-09-22 14:43:32.745] [info] runs 3779 | prob 0.9394019581899974 | low 0.9294039741645842 | high 0.9493999422154106
[2025-09-22 14:43:36.053] [info] runs 3682 | prob 0.94106463878327 | low 0.9310669026857396 | high 0.9510623748808004
[2025-09-22 14:43:39.401] [info] runs 3426 | prob 0.9454173963806188 | low 0.9354199036270815 | high 0.9554148891341562
[2025-09-22 14:43:42.718] [info] runs 3810 | prob 0.9388451443569554 | low 0.9288452404718791 | high 0.9488450482420318
[2025-09-22 14:43:46.080] [info] runs 3919 | prob 0.9369737177851493 | low 0.926974114366136 | high 0.9469733212041626
[2025-09-22 14:43:49.395] [info] runs 3803 | prob 0.9389955298448593 | low 0.9289979406345354 | high 0.9489931190551832
[2025-09-22 14:43:52.740] [info] runs 3452 | prob 0.9449594438006953 | low 0.9349604003189866 | high 0.954958487282404
[2025-09-22 14:43:56.062] [info] runs 3850 | prob 0.9381818181818182 | low 0.92818372652559 | high 0.9481799098380465
[2025-09-22 14:43:59.388] [info] runs 3205 | prob 0.9491419656786272 | low 0.9391447925088929 | high 0.9591391388483614
[2025-09-22 14:44:02.696] [info] runs 3795 | prob 0.9391304347826087 | low 0.9291326674429146 | high 0.9491282021223029
[2025-09-22 14:44:06.067] [info] runs 3548 | prob 0.9433483652762119 | low 0.9333507521540954 | high 0.9533459783983285
[2025-09-22 14:44:09.393] [info] runs 4055 | prob 0.9346485819975339 | low 0.924650835679169 | high 0.9446463283158988
[2025-09-22 14:44:09.393] [info] RESULT:
training_time, simulation_time, prob, low, high, runs
3342, 10, 0.9354114713216958, 0.9254125600657234, 0.9454103825776682, 4010
3319, 10, 0.9392659096910483, 0.9292680105422053, 0.9492638088398913, 3787
3306, 10, 0.9384454877412624, 0.9284465404999448, 0.9484444349825799, 3834
3337, 9, 0.940636805180788, 0.930637662442257, 0.9506359479193189, 3706
3326, 9, 0.9431946006749157, 0.9331955114417215, 0.9531936899081098, 3556
3336, 10, 0.9356695869837297, 0.9256705795006219, 0.9456685944668375, 3995
3286, 9, 0.9385781495033978, 0.9285788392454593, 0.9485774597613363, 3826
3337, 9, 0.947083583884546, 0.9370841801864686, 0.9570829875826236, 3326
3324, 9, 0.944813637676972, 0.93481515681411, 0.954812118539834, 3461
3368, 9, 0.9385781495033978, 0.9285788392454593, 0.9485774597613363, 3826
3300, 9, 0.9424840233398166, 0.9324866437244336, 0.9524814029551997, 3599
3340, 9, 0.939538583929992, 0.9295405625816868, 0.9495366052782972, 3771
3284, 10, 0.9359296482412061, 0.9259306963382917, 0.9459286001441204, 3980
3346, 9, 0.9394019581899974, 0.9294039741645842, 0.9493999422154106, 3779
3297, 10, 0.94106463878327, 0.9310669026857396, 0.9510623748808004, 3682
3339, 8, 0.9454173963806188, 0.9354199036270815, 0.9554148891341562, 3426
3306, 10, 0.9388451443569554, 0.9288452404718791, 0.9488450482420318, 3810
3351, 10, 0.9369737177851493, 0.926974114366136, 0.9469733212041626, 3919
3304, 10, 0.9389955298448593, 0.9289979406345354, 0.9489931190551832, 3803
3336, 8, 0.9449594438006953, 0.9349604003189866, 0.954958487282404, 3452
3311, 10, 0.9381818181818182, 0.92818372652559, 0.9481799098380465, 3850
3317, 7, 0.9491419656786272, 0.9391447925088929, 0.9591391388483614, 3205
3296, 10, 0.9391304347826087, 0.9291326674429146, 0.9491282021223029, 3795
3361, 9, 0.9433483652762119, 0.9333507521540954, 0.9533459783983285, 3548
3314, 10, 0.9346485819975339, 0.924650835679169, 0.9446463283158988, 4055
# timestamp 22.09.2025 13:58:19 (1758542299), datastructure reach_tree_reduced
# timebound 14, expirations {"r1": 2, "r2": 4}
# alpha 0.1, gamma 1
# fixed points 5, uniform granularity 0.5
# scheduler goal: MAXIMIZING, scope: NONPROPHETIC, history: MEMORYLESS
# training runs 1000000

[2025-09-22 14:44:09.393] [info] 2.7 Simulating on reduced Reach Tree: 197995
[2025-09-22 14:44:11.068] [info] Analysis finished; the goal is not reachable.
[2025-09-22 14:44:11.068] [info] Probability: 0.0
[2025-09-22 14:44:11.068] [info] 2 Analysis: 2751738
[2025-09-22 14:44:11.068] [info] 0 Computation Time Complete: 2751740
[2025-09-22 14:44:11.068] [info] Counters and timers:
Counters:

Timers:
0 Computation Time Complete: 2751740
1 Model creation: 2
2 Analysis: 2751738
2.2 Reachability Analysis: 2436195
2.3 Augment Reach Tree: 112
2.4 Creating Unified Datastructure from Reach Tree: 68
2.5 Simulating on full Reach Tree: 0
2.6 Pre-checking and Reduction: 115645
2.6.0 Labeling Reach Tree Nodes: 115642
2.6.1 Removing Unfulfilling Subtrees: 3
2.7 Simulating on reduced Reach Tree: 197995

