timebound = 16, jump depth = 100, max expirations of random clocks = [{r1: 2}, {r2: 4}], combine absorbing locations in unrolling = 10, integration bound(s) = 16, integration samples = 500000, model = WATERTANK, model case = CASE_A, LTI analysis = rectangular analysis, scheduler = goal: MAXIMIZING, scope: PROPHETIC, history: HISTORY_DEPENDENT, multithreaded = 1, disableBackwardsRefinement = 0
simulating 0 runs after 1000000 training runs with parameters:
learning rate                 0.1
discount factor               1
exploration rate              0.15
uniform granularity           0.5
adaptive compartments         5


[2025-09-22 14:44:11.334] [warning] no flow specified for variable c1 in location all_off - assuming flow of 0
[2025-09-22 14:44:11.334] [warning] no flow specified for variable c1 in location v2_on - assuming flow of 0
[2025-09-22 14:44:11.334] [warning] no flow specified for variable c1 in location v1_block - assuming flow of 0
[2025-09-22 14:44:11.334] [warning] no flow specified for variable c1 in location v2_block - assuming flow of 0
[2025-09-22 14:44:11.334] [warning] no flow specified for variable c1 in location v1_block_v2_on - assuming flow of 0
[2025-09-22 14:44:11.334] [warning] no flow specified for variable c1 in location block_safe - assuming flow of 0
[2025-09-22 14:44:11.334] [warning] no flow specified for variable c1 in location block_unsafe - assuming flow of 0
[2025-09-22 14:44:11.334] [warning] no flow specified for variable c2 in location all_off - assuming flow of 0
[2025-09-22 14:44:11.334] [warning] no flow specified for variable c2 in location v1_on - assuming flow of 0
[2025-09-22 14:44:11.334] [warning] no flow specified for variable c2 in location v1_block - assuming flow of 0
[2025-09-22 14:44:11.334] [warning] no flow specified for variable c2 in location v2_block - assuming flow of 0
[2025-09-22 14:44:11.334] [warning] no flow specified for variable c2 in location v2_block_v1_on - assuming flow of 0
[2025-09-22 14:44:11.334] [warning] no flow specified for variable c2 in location block_safe - assuming flow of 0
[2025-09-22 14:44:11.334] [warning] no flow specified for variable c2 in location block_unsafe - assuming flow of 0
[2025-09-22 14:44:11.336] [warning] no constraints specified for variable c1 in initial constraint number 0 - assuming [0,0]
[2025-09-22 14:44:11.336] [warning] no constraints specified for variable c2 in initial constraint number 0 - assuming [0,0]
[2025-09-22 14:44:11.336] [info] 1 Model creation: 2
[2025-09-22 14:44:11.337] [info] 

========== ConditionRepresentations ==========
rectangular: 1
0 1 0 0 <= 16
-1 0 0 0 <= 0
1 0 0 0 <= 16
x0 range(-0, 16), x1 below(16), 
========== +++++++++++++++++++ ==========
[2025-09-22 14:44:11.337] [info] 

========== ConditionRepresentations ==========
rectangular: 1
0 0 1 0 <= 2
-1 0 0 0 <= 0
1 0 0 0 <= 16
x0 range(-0, 16), x2 below(2), 
========== +++++++++++++++++++ ==========
[2025-09-22 14:44:11.337] [info] 

========== ConditionRepresentations ==========
rectangular: 1
0 0 0 1 <= 1
-1 0 0 0 <= 0
1 0 0 0 <= 16
x0 range(-0, 16), x3 below(1), 
========== +++++++++++++++++++ ==========
[2025-09-22 14:44:11.337] [info] 

========== ConditionRepresentations ==========
rectangular: 1
0 1 0 0 <= 16
-1 0 0 0 <= 0
1 0 0 0 <= 16
x0 range(-0, 16), x1 below(16), 
========== +++++++++++++++++++ ==========
[2025-09-22 14:44:11.337] [info] 

========== ConditionRepresentations ==========
rectangular: 1
0 1 0 0 <= 16
-1 0 0 0 <= 0
1 0 0 0 <= 16
x0 range(-0, 16), x1 below(16), 
========== +++++++++++++++++++ ==========
[2025-09-22 14:44:11.337] [info] 

========== ConditionRepresentations ==========
rectangular: 1
0 0 0 1 <= 1
-1 0 0 0 <= 0
1 0 0 0 <= 16
x0 range(-0, 16), x3 below(1), 
========== +++++++++++++++++++ ==========
[2025-09-22 14:44:11.337] [info] 

========== ConditionRepresentations ==========
rectangular: 1
0 0 1 0 <= 2
-1 0 0 0 <= 0
1 0 0 0 <= 16
x0 range(-0, 16), x2 below(2), 
========== +++++++++++++++++++ ==========
[2025-09-22 14:44:11.337] [info] 

========== ConditionRepresentations ==========
rectangular: 1
0 1 0 0 <= 16
-1 0 0 0 <= 0
1 0 0 0 <= 16
x0 range(-0, 16), x1 below(16), 
========== +++++++++++++++++++ ==========
[2025-09-22 14:44:11.337] [info] 

========== ConditionRepresentations ==========
rectangular: 1
-1 0 0 0 <= 0
1 0 0 0 <= 16
x0 range(-0, 16), 
========== +++++++++++++++++++ ==========
[2025-09-22 14:44:11.337] [info] 

========== ConditionRepresentations ==========
rectangular: 1
0 1 0 0 <= 16
-1 0 0 0 <= 0
1 0 0 0 <= 16
x0 range(-0, 16), x1 below(16), 
========== +++++++++++++++++++ ==========
[2025-09-22 14:44:11.337] [info] 

========== ConditionRepresentations ==========
rectangular: 1
0 0 1 0 <= 2
-1 0 0 0 <= 0
1 0 0 0 <= 16
x0 range(-0, 16), x2 below(2), 
========== +++++++++++++++++++ ==========
[2025-09-22 14:44:11.337] [info] 

========== ConditionRepresentations ==========
rectangular: 1
0 0 0 1 <= 1
-1 0 0 0 <= 0
1 0 0 0 <= 16
x0 range(-0, 16), x3 below(1), 
========== +++++++++++++++++++ ==========
[2025-09-22 14:44:11.337] [info] 

========== ConditionRepresentations ==========
rectangular: 1
0 1 0 0 <= 16
-1 0 0 0 <= 0
1 0 0 0 <= 16
x0 range(-0, 16), x1 below(16), 
========== +++++++++++++++++++ ==========
[2025-09-22 14:44:11.337] [info] 

========== ConditionRepresentations ==========
rectangular: 1
0 1 0 0 <= 16
-1 0 0 0 <= 0
1 0 0 0 <= 16
x0 range(-0, 16), x1 below(16), 
========== +++++++++++++++++++ ==========
[2025-09-22 14:44:11.337] [info] 

========== ConditionRepresentations ==========
rectangular: 1
0 0 0 1 <= 1
-1 0 0 0 <= 0
1 0 0 0 <= 16
x0 range(-0, 16), x3 below(1), 
========== +++++++++++++++++++ ==========
[2025-09-22 14:44:11.337] [info] 

========== ConditionRepresentations ==========
rectangular: 1
0 0 1 0 <= 2
-1 0 0 0 <= 0
1 0 0 0 <= 16
x0 range(-0, 16), x2 below(2), 
========== +++++++++++++++++++ ==========
[2025-09-22 14:44:11.337] [info] 

========== ConditionRepresentations ==========
rectangular: 1
0 1 0 0 <= 16
-1 0 0 0 <= 0
1 0 0 0 <= 16
x0 range(-0, 16), x1 below(16), 
========== +++++++++++++++++++ ==========
[2025-09-22 14:44:11.337] [info] 

========== ConditionRepresentations ==========
rectangular: 1
-1 0 0 0 <= 0
1 0 0 0 <= 16
x0 range(-0, 16), 
========== +++++++++++++++++++ ==========
[2025-09-22 14:44:11.337] [info] 

========== ConditionRepresentations ==========
rectangular: 1
0 1 0 0 <= 16
-1 0 0 0 <= 0
1 0 0 0 <= 16
x0 range(-0, 16), x1 below(16), 
========== +++++++++++++++++++ ==========
[2025-09-22 14:44:11.337] [info] 

========== ConditionRepresentations ==========
rectangular: 1
0 0 1 0 <= 2
-1 0 0 0 <= 0
1 0 0 0 <= 16
x0 range(-0, 16), x2 below(2), 
========== +++++++++++++++++++ ==========
[2025-09-22 14:44:11.337] [info] 

========== ConditionRepresentations ==========
rectangular: 1
0 0 0 1 <= 1
-1 0 0 0 <= 0
1 0 0 0 <= 16
x0 range(-0, 16), x3 below(1), 
========== +++++++++++++++++++ ==========
[2025-09-22 14:44:11.337] [info] 

========== ConditionRepresentations ==========
rectangular: 1
0 1 0 0 <= 16
-1 0 0 0 <= 0
1 0 0 0 <= 16
x0 range(-0, 16), x1 below(16), 
========== +++++++++++++++++++ ==========
[2025-09-22 14:44:11.337] [info] 

========== ConditionRepresentations ==========
rectangular: 1
0 1 0 0 <= 16
-1 0 0 0 <= 0
1 0 0 0 <= 16
x0 range(-0, 16), x1 below(16), 
========== +++++++++++++++++++ ==========
[2025-09-22 14:44:11.337] [info] 

========== ConditionRepresentations ==========
rectangular: 1
0 0 0 1 <= 1
-1 0 0 0 <= 0
1 0 0 0 <= 16
x0 range(-0, 16), x3 below(1), 
========== +++++++++++++++++++ ==========
[2025-09-22 14:44:11.337] [info] 

========== ConditionRepresentations ==========
rectangular: 1
0 0 1 0 <= 2
-1 0 0 0 <= 0
1 0 0 0 <= 16
x0 range(-0, 16), x2 below(2), 
========== +++++++++++++++++++ ==========
[2025-09-22 14:44:11.337] [info] 

========== ConditionRepresentations ==========
rectangular: 1
0 1 0 0 <= 16
-1 0 0 0 <= 0
1 0 0 0 <= 16
x0 range(-0, 16), x1 below(16), 
========== +++++++++++++++++++ ==========
[2025-09-22 14:44:11.337] [info] 

========== ConditionRepresentations ==========
rectangular: 1
-1 0 0 0 <= 0
1 0 0 0 <= 16
x0 range(-0, 16), 
========== +++++++++++++++++++ ==========
[2025-09-22 14:44:11.337] [info] 

========== ConditionRepresentations ==========
rectangular: 1
0 1 0 0 <= 16
-1 0 0 0 <= 0
1 0 0 0 <= 16
x0 range(-0, 16), x1 below(16), 
========== +++++++++++++++++++ ==========
[2025-09-22 14:44:11.337] [info] 

========== ConditionRepresentations ==========
rectangular: 1
0 0 1 0 <= 2
-1 0 0 0 <= 0
1 0 0 0 <= 16
x0 range(-0, 16), x2 below(2), 
========== +++++++++++++++++++ ==========
[2025-09-22 14:44:11.337] [info] 

========== ConditionRepresentations ==========
rectangular: 1
0 0 0 1 <= 1
-1 0 0 0 <= 0
1 0 0 0 <= 16
x0 range(-0, 16), x3 below(1), 
========== +++++++++++++++++++ ==========
[2025-09-22 14:44:11.337] [info] 

========== ConditionRepresentations ==========
rectangular: 1
0 1 0 0 <= 16
-1 0 0 0 <= 0
1 0 0 0 <= 16
x0 range(-0, 16), x1 below(16), 
========== +++++++++++++++++++ ==========
[2025-09-22 14:44:11.337] [info] 

========== ConditionRepresentations ==========
rectangular: 1
0 1 0 0 <= 16
-1 0 0 0 <= 0
1 0 0 0 <= 16
x0 range(-0, 16), x1 below(16), 
========== +++++++++++++++++++ ==========
[2025-09-22 14:44:11.337] [info] 

========== ConditionRepresentations ==========
rectangular: 1
0 0 0 1 <= 1
-1 0 0 0 <= 0
1 0 0 0 <= 16
x0 range(-0, 16), x3 below(1), 
========== +++++++++++++++++++ ==========
[2025-09-22 14:44:11.337] [info] 

========== ConditionRepresentations ==========
rectangular: 1
0 0 1 0 <= 2
-1 0 0 0 <= 0
1 0 0 0 <= 16
x0 range(-0, 16), x2 below(2), 
========== +++++++++++++++++++ ==========
[2025-09-22 14:44:11.337] [info] 

========== ConditionRepresentations ==========
rectangular: 1
0 1 0 0 <= 16
-1 0 0 0 <= 0
1 0 0 0 <= 16
x0 range(-0, 16), x1 below(16), 
========== +++++++++++++++++++ ==========
[2025-09-22 14:44:11.337] [info] 

========== ConditionRepresentations ==========
rectangular: 1
-1 0 0 0 <= 0
1 0 0 0 <= 16
x0 range(-0, 16), 
========== +++++++++++++++++++ ==========
[2025-09-22 14:44:11.337] [info] 

========== ConditionRepresentations ==========
rectangular: 1
0 1 0 0 <= 16
-1 0 0 0 <= 0
1 0 0 0 <= 16
x0 range(-0, 16), x1 below(16), 
========== +++++++++++++++++++ ==========
[2025-09-22 14:44:11.337] [info] 

========== ConditionRepresentations ==========
rectangular: 1
0 0 1 0 <= 2
-1 0 0 0 <= 0
1 0 0 0 <= 16
x0 range(-0, 16), x2 below(2), 
========== +++++++++++++++++++ ==========
[2025-09-22 14:44:11.337] [info] 

========== ConditionRepresentations ==========
rectangular: 1
0 0 0 1 <= 1
-1 0 0 0 <= 0
1 0 0 0 <= 16
x0 range(-0, 16), x3 below(1), 
========== +++++++++++++++++++ ==========
[2025-09-22 14:44:11.337] [info] 

========== ConditionRepresentations ==========
rectangular: 1
0 1 0 0 <= 16
-1 0 0 0 <= 0
1 0 0 0 <= 16
x0 range(-0, 16), x1 below(16), 
========== +++++++++++++++++++ ==========
[2025-09-22 14:44:11.337] [info] 

========== ConditionRepresentations ==========
rectangular: 1
0 1 0 0 <= 16
-1 0 0 0 <= 0
1 0 0 0 <= 16
x0 range(-0, 16), x1 below(16), 
========== +++++++++++++++++++ ==========
[2025-09-22 14:44:11.337] [info] 

========== ConditionRepresentations ==========
rectangular: 1
0 0 0 1 <= 1
-1 0 0 0 <= 0
1 0 0 0 <= 16
x0 range(-0, 16), x3 below(1), 
========== +++++++++++++++++++ ==========
[2025-09-22 14:44:11.337] [info] 

========== ConditionRepresentations ==========
rectangular: 1
0 0 1 0 <= 2
-1 0 0 0 <= 0
1 0 0 0 <= 16
x0 range(-0, 16), x2 below(2), 
========== +++++++++++++++++++ ==========
[2025-09-22 14:44:11.337] [info] 

========== ConditionRepresentations ==========
rectangular: 1
0 1 0 0 <= 16
-1 0 0 0 <= 0
1 0 0 0 <= 16
x0 range(-0, 16), x1 below(16), 
========== +++++++++++++++++++ ==========
[2025-09-22 14:44:11.337] [info] 

========== ConditionRepresentations ==========
rectangular: 1
-1 0 0 0 <= 0
1 0 0 0 <= 16
x0 range(-0, 16), 
========== +++++++++++++++++++ ==========
[2025-09-22 14:44:11.337] [info] 

========== ConditionRepresentations ==========
rectangular: 1
0 1 0 0 <= 16
-1 0 0 0 <= 0
1 0 0 0 <= 16
x0 range(-0, 16), x1 below(16), 
========== +++++++++++++++++++ ==========
[2025-09-22 14:44:11.337] [info] 

========== ConditionRepresentations ==========
rectangular: 1
0 0 1 0 <= 2
-1 0 0 0 <= 0
1 0 0 0 <= 16
x0 range(-0, 16), x2 below(2), 
========== +++++++++++++++++++ ==========
[2025-09-22 14:44:11.337] [info] 

========== ConditionRepresentations ==========
rectangular: 1
0 0 0 1 <= 1
-1 0 0 0 <= 0
1 0 0 0 <= 16
x0 range(-0, 16), x3 below(1), 
========== +++++++++++++++++++ ==========
[2025-09-22 14:44:11.337] [info] 

========== ConditionRepresentations ==========
rectangular: 1
0 1 0 0 <= 16
-1 0 0 0 <= 0
1 0 0 0 <= 16
x0 range(-0, 16), x1 below(16), 
========== +++++++++++++++++++ ==========
[2025-09-22 14:44:11.337] [info] 

========== ConditionRepresentations ==========
rectangular: 1
0 1 0 0 <= 16
-1 0 0 0 <= 0
1 0 0 0 <= 16
x0 range(-0, 16), x1 below(16), 
========== +++++++++++++++++++ ==========
[2025-09-22 14:44:11.337] [info] 

========== ConditionRepresentations ==========
rectangular: 1
0 0 0 1 <= 1
-1 0 0 0 <= 0
1 0 0 0 <= 16
x0 range(-0, 16), x3 below(1), 
========== +++++++++++++++++++ ==========
[2025-09-22 14:44:11.337] [info] 

========== ConditionRepresentations ==========
rectangular: 1
0 0 1 0 <= 2
-1 0 0 0 <= 0
1 0 0 0 <= 16
x0 range(-0, 16), x2 below(2), 
========== +++++++++++++++++++ ==========
[2025-09-22 14:44:11.337] [info] 

========== ConditionRepresentations ==========
rectangular: 1
0 1 0 0 <= 16
-1 0 0 0 <= 0
1 0 0 0 <= 16
x0 range(-0, 16), x1 below(16), 
========== +++++++++++++++++++ ==========
[2025-09-22 14:44:11.337] [info] 

========== ConditionRepresentations ==========
rectangular: 1
-1 0 0 0 <= 0
1 0 0 0 <= 16
x0 range(-0, 16), 
========== +++++++++++++++++++ ==========
[2025-09-22 14:44:11.337] [info] 

========== ConditionRepresentations ==========
rectangular: 1
0 1 0 0 <= 16
-1 0 0 0 <= 0
1 0 0 0 <= 16
x0 range(-0, 16), x1 below(16), 
========== +++++++++++++++++++ ==========
[2025-09-22 14:44:11.337] [info] 

========== ConditionRepresentations ==========
rectangular: 1
0 0 1 0 <= 2
-1 0 0 0 <= 0
1 0 0 0 <= 16
x0 range(-0, 16), x2 below(2), 
========== +++++++++++++++++++ ==========
[2025-09-22 14:44:11.337] [info] 

========== ConditionRepresentations ==========
rectangular: 1
0 0 0 1 <= 1
-1 0 0 0 <= 0
1 0 0 0 <= 16
x0 range(-0, 16), x3 below(1), 
========== +++++++++++++++++++ ==========
[2025-09-22 14:44:11.337] [info] 

========== ConditionRepresentations ==========
rectangular: 1
0 1 0 0 <= 16
-1 0 0 0 <= 0
1 0 0 0 <= 16
x0 range(-0, 16), x1 below(16), 
========== +++++++++++++++++++ ==========
[2025-09-22 14:44:11.337] [info] 

========== ConditionRepresentations ==========
rectangular: 1
0 1 0 0 <= 16
-1 0 0 0 <= 0
1 0 0 0 <= 16
x0 range(-0, 16), x1 below(16), 
========== +++++++++++++++++++ ==========
[2025-09-22 14:44:11.337] [info] 

========== ConditionRepresentations ==========
rectangular: 1
0 0 0 1 <= 1
-1 0 0 0 <= 0
1 0 0 0 <= 16
x0 range(-0, 16), x3 below(1), 
========== +++++++++++++++++++ ==========
[2025-09-22 14:44:11.337] [info] 

========== ConditionRepresentations ==========
rectangular: 1
0 0 1 0 <= 2
-1 0 0 0 <= 0
1 0 0 0 <= 16
x0 range(-0, 16), x2 below(2), 
========== +++++++++++++++++++ ==========
[2025-09-22 14:44:11.337] [info] 

========== ConditionRepresentations ==========
rectangular: 1
0 1 0 0 <= 16
-1 0 0 0 <= 0
1 0 0 0 <= 16
x0 range(-0, 16), x1 below(16), 
========== +++++++++++++++++++ ==========
[2025-09-22 14:44:11.337] [info] 

========== ConditionRepresentations ==========
rectangular: 1
-1 0 0 0 <= 0
1 0 0 0 <= 16
x0 range(-0, 16), 
========== +++++++++++++++++++ ==========
[2025-09-22 14:44:11.337] [info] 

========== ConditionRepresentations ==========
rectangular: 1
0 1 0 0 <= 16
-1 0 0 0 <= 0
1 0 0 0 <= 16
x0 range(-0, 16), x1 below(16), 
========== +++++++++++++++++++ ==========
[2025-09-22 14:44:11.337] [info] 

========== ConditionRepresentations ==========
rectangular: 1
0 0 1 0 <= 2
-1 0 0 0 <= 0
1 0 0 0 <= 16
x0 range(-0, 16), x2 below(2), 
========== +++++++++++++++++++ ==========
[2025-09-22 14:44:11.337] [info] 

========== ConditionRepresentations ==========
rectangular: 1
0 0 0 1 <= 1
-1 0 0 0 <= 0
1 0 0 0 <= 16
x0 range(-0, 16), x3 below(1), 
========== +++++++++++++++++++ ==========
[2025-09-22 14:44:11.337] [info] 

========== ConditionRepresentations ==========
rectangular: 1
0 1 0 0 <= 16
-1 0 0 0 <= 0
1 0 0 0 <= 16
x0 range(-0, 16), x1 below(16), 
========== +++++++++++++++++++ ==========
[2025-09-22 14:44:11.337] [info] 

========== ConditionRepresentations ==========
rectangular: 1
0 1 0 0 <= 16
-1 0 0 0 <= 0
1 0 0 0 <= 16
x0 range(-0, 16), x1 below(16), 
========== +++++++++++++++++++ ==========
[2025-09-22 14:44:11.337] [info] 

========== ConditionRepresentations ==========
rectangular: 1
0 0 0 1 <= 1
-1 0 0 0 <= 0
1 0 0 0 <= 16
x0 range(-0, 16), x3 below(1), 
========== +++++++++++++++++++ ==========
[2025-09-22 14:44:11.337] [info] 

========== ConditionRepresentations ==========
rectangular: 1
0 0 1 0 <= 2
-1 0 0 0 <= 0
1 0 0 0 <= 16
x0 range(-0, 16), x2 below(2), 
========== +++++++++++++++++++ ==========
[2025-09-22 14:44:11.337] [info] 

========== ConditionRepresentations ==========
rectangular: 1
0 1 0 0 <= 16
-1 0 0 0 <= 0
1 0 0 0 <= 16
x0 range(-0, 16), x1 below(16), 
========== +++++++++++++++++++ ==========
[2025-09-22 14:44:11.337] [info] 

========== ConditionRepresentations ==========
rectangular: 1
-1 0 0 0 <= 0
1 0 0 0 <= 16
x0 range(-0, 16), 
========== +++++++++++++++++++ ==========
[2025-09-22 14:44:11.337] [info] 

========== ConditionRepresentations ==========
rectangular: 1
0 1 0 0 <= 16
-1 0 0 0 <= 0
1 0 0 0 <= 16
x0 range(-0, 16), x1 below(16), 
========== +++++++++++++++++++ ==========
[2025-09-22 14:44:11.337] [info] 

========== ConditionRepresentations ==========
rectangular: 1
0 0 1 0 <= 2
-1 0 0 0 <= 0
1 0 0 0 <= 16
x0 range(-0, 16), x2 below(2), 
========== +++++++++++++++++++ ==========
[2025-09-22 14:44:11.337] [info] 

========== ConditionRepresentations ==========
rectangular: 1
0 0 0 1 <= 1
-1 0 0 0 <= 0
1 0 0 0 <= 16
x0 range(-0, 16), x3 below(1), 
========== +++++++++++++++++++ ==========
[2025-09-22 14:44:11.337] [info] 

========== ConditionRepresentations ==========
rectangular: 1
0 1 0 0 <= 16
-1 0 0 0 <= 0
1 0 0 0 <= 16
x0 range(-0, 16), x1 below(16), 
========== +++++++++++++++++++ ==========
[2025-09-22 14:44:11.337] [info] 

========== ConditionRepresentations ==========
rectangular: 1
0 1 0 0 <= 16
-1 0 0 0 <= 0
1 0 0 0 <= 16
x0 range(-0, 16), x1 below(16), 
========== +++++++++++++++++++ ==========
[2025-09-22 14:44:11.337] [info] 

========== ConditionRepresentations ==========
rectangular: 1
0 0 0 1 <= 1
-1 0 0 0 <= 0
1 0 0 0 <= 16
x0 range(-0, 16), x3 below(1), 
========== +++++++++++++++++++ ==========
[2025-09-22 14:44:11.337] [info] 

========== ConditionRepresentations ==========
rectangular: 1
0 0 1 0 <= 2
-1 0 0 0 <= 0
1 0 0 0 <= 16
x0 range(-0, 16), x2 below(2), 
========== +++++++++++++++++++ ==========
[2025-09-22 14:44:11.337] [info] 

========== ConditionRepresentations ==========
rectangular: 1
0 1 0 0 <= 16
-1 0 0 0 <= 0
1 0 0 0 <= 16
x0 range(-0, 16), x1 below(16), 
========== +++++++++++++++++++ ==========
[2025-09-22 14:44:11.337] [info] 

========== ConditionRepresentations ==========
rectangular: 1
-1 0 0 0 <= 0
1 0 0 0 <= 16
x0 range(-0, 16), 
========== +++++++++++++++++++ ==========
[2025-09-22 14:44:11.337] [info] 

========== ConditionRepresentations ==========
rectangular: 1
0 1 0 0 <= 16
-1 0 0 0 <= 0
1 0 0 0 <= 16
x0 range(-0, 16), x1 below(16), 
========== +++++++++++++++++++ ==========
[2025-09-22 14:44:11.337] [info] 

========== ConditionRepresentations ==========
rectangular: 1
0 0 1 0 <= 2
-1 0 0 0 <= 0
1 0 0 0 <= 16
x0 range(-0, 16), x2 below(2), 
========== +++++++++++++++++++ ==========
[2025-09-22 14:44:11.337] [info] 

========== ConditionRepresentations ==========
rectangular: 1
0 0 0 1 <= 1
-1 0 0 0 <= 0
1 0 0 0 <= 16
x0 range(-0, 16), x3 below(1), 
========== +++++++++++++++++++ ==========
[2025-09-22 14:44:11.337] [info] 

========== ConditionRepresentations ==========
rectangular: 1
0 1 0 0 <= 16
-1 0 0 0 <= 0
1 0 0 0 <= 16
x0 range(-0, 16), x1 below(16), 
========== +++++++++++++++++++ ==========
[2025-09-22 14:44:11.337] [info] 

========== ConditionRepresentations ==========
rectangular: 1
0 1 0 0 <= 16
-1 0 0 0 <= 0
1 0 0 0 <= 16
x0 range(-0, 16), x1 below(16), 
========== +++++++++++++++++++ ==========
[2025-09-22 14:44:11.337] [info] 

========== ConditionRepresentations ==========
rectangular: 1
0 0 0 1 <= 1
-1 0 0 0 <= 0
1 0 0 0 <= 16
x0 range(-0, 16), x3 below(1), 
========== +++++++++++++++++++ ==========
[2025-09-22 14:44:11.337] [info] 

========== ConditionRepresentations ==========
rectangular: 1
0 0 1 0 <= 2
-1 0 0 0 <= 0
1 0 0 0 <= 16
x0 range(-0, 16), x2 below(2), 
========== +++++++++++++++++++ ==========
[2025-09-22 14:44:11.337] [info] 

========== ConditionRepresentations ==========
rectangular: 1
0 1 0 0 <= 16
-1 0 0 0 <= 0
1 0 0 0 <= 16
x0 range(-0, 16), x1 below(16), 
========== +++++++++++++++++++ ==========
[2025-09-22 14:44:11.337] [info] 

========== ConditionRepresentations ==========
rectangular: 1
-1 0 0 0 <= 0
1 0 0 0 <= 16
x0 range(-0, 16), 
========== +++++++++++++++++++ ==========
[2025-09-22 14:44:11.337] [info] 

========== ConditionRepresentations ==========
rectangular: 1
0 1 0 0 <= 16
-1 0 0 0 <= 0
1 0 0 0 <= 16
x0 range(-0, 16), x1 below(16), 
========== +++++++++++++++++++ ==========
[2025-09-22 14:44:11.337] [info] 

========== ConditionRepresentations ==========
rectangular: 1
0 0 1 0 <= 2
-1 0 0 0 <= 0
1 0 0 0 <= 16
x0 range(-0, 16), x2 below(2), 
========== +++++++++++++++++++ ==========
[2025-09-22 14:44:11.337] [info] 

========== ConditionRepresentations ==========
rectangular: 1
0 0 0 1 <= 1
-1 0 0 0 <= 0
1 0 0 0 <= 16
x0 range(-0, 16), x3 below(1), 
========== +++++++++++++++++++ ==========
[2025-09-22 14:44:11.337] [info] 

========== ConditionRepresentations ==========
rectangular: 1
0 1 0 0 <= 16
-1 0 0 0 <= 0
1 0 0 0 <= 16
x0 range(-0, 16), x1 below(16), 
========== +++++++++++++++++++ ==========
[2025-09-22 14:44:11.337] [info] 

========== ConditionRepresentations ==========
rectangular: 1
0 1 0 0 <= 16
-1 0 0 0 <= 0
1 0 0 0 <= 16
x0 range(-0, 16), x1 below(16), 
========== +++++++++++++++++++ ==========
[2025-09-22 14:44:11.337] [info] 

========== ConditionRepresentations ==========
rectangular: 1
0 0 0 1 <= 1
-1 0 0 0 <= 0
1 0 0 0 <= 16
x0 range(-0, 16), x3 below(1), 
========== +++++++++++++++++++ ==========
[2025-09-22 14:44:11.337] [info] 

========== ConditionRepresentations ==========
rectangular: 1
0 0 1 0 <= 2
-1 0 0 0 <= 0
1 0 0 0 <= 16
x0 range(-0, 16), x2 below(2), 
========== +++++++++++++++++++ ==========
[2025-09-22 14:44:11.337] [info] 

========== ConditionRepresentations ==========
rectangular: 1
0 1 0 0 <= 16
-1 0 0 0 <= 0
1 0 0 0 <= 16
x0 range(-0, 16), x1 below(16), 
========== +++++++++++++++++++ ==========
[2025-09-22 14:44:11.337] [info] 

========== ConditionRepresentations ==========
rectangular: 1
-1 0 0 0 <= 0
1 0 0 0 <= 16
x0 range(-0, 16), 
========== +++++++++++++++++++ ==========
[2025-09-22 14:44:11.337] [info] 

========== ConditionRepresentations ==========
rectangular: 1
0 1 0 0 <= 16
-1 0 0 0 <= 0
1 0 0 0 <= 16
x0 range(-0, 16), x1 below(16), 
========== +++++++++++++++++++ ==========
[2025-09-22 14:44:11.337] [info] 

========== ConditionRepresentations ==========
rectangular: 1
0 0 1 0 <= 2
-1 0 0 0 <= 0
1 0 0 0 <= 16
x0 range(-0, 16), x2 below(2), 
========== +++++++++++++++++++ ==========
[2025-09-22 14:44:11.337] [info] 

========== ConditionRepresentations ==========
rectangular: 1
0 0 0 1 <= 1
-1 0 0 0 <= 0
1 0 0 0 <= 16
x0 range(-0, 16), x3 below(1), 
========== +++++++++++++++++++ ==========
[2025-09-22 14:44:11.337] [info] 

========== ConditionRepresentations ==========
rectangular: 1
0 1 0 0 <= 16
-1 0 0 0 <= 0
1 0 0 0 <= 16
x0 range(-0, 16), x1 below(16), 
========== +++++++++++++++++++ ==========
[2025-09-22 14:44:11.337] [info] 

========== ConditionRepresentations ==========
rectangular: 1
0 1 0 0 <= 16
-1 0 0 0 <= 0
1 0 0 0 <= 16
x0 range(-0, 16), x1 below(16), 
========== +++++++++++++++++++ ==========
[2025-09-22 14:44:11.337] [info] 

========== ConditionRepresentations ==========
rectangular: 1
0 0 0 1 <= 1
-1 0 0 0 <= 0
1 0 0 0 <= 16
x0 range(-0, 16), x3 below(1), 
========== +++++++++++++++++++ ==========
[2025-09-22 14:44:11.337] [info] 

========== ConditionRepresentations ==========
rectangular: 1
0 0 1 0 <= 2
-1 0 0 0 <= 0
1 0 0 0 <= 16
x0 range(-0, 16), x2 below(2), 
========== +++++++++++++++++++ ==========
[2025-09-22 14:44:11.337] [info] 

========== ConditionRepresentations ==========
rectangular: 1
0 1 0 0 <= 16
-1 0 0 0 <= 0
1 0 0 0 <= 16
x0 range(-0, 16), x1 below(16), 
========== +++++++++++++++++++ ==========
[2025-09-22 14:44:11.337] [info] 

========== ConditionRepresentations ==========
rectangular: 1
-1 0 0 0 <= 0
1 0 0 0 <= 16
x0 range(-0, 16), 
========== +++++++++++++++++++ ==========
[2025-09-22 14:44:11.337] [info] 

========== ConditionRepresentations ==========
rectangular: 1
0 1 0 0 <= 16
-1 0 0 0 <= 0
1 0 0 0 <= 16
x0 range(-0, 16), x1 below(16), 
========== +++++++++++++++++++ ==========
[2025-09-22 14:44:11.337] [info] 

========== ConditionRepresentations ==========
rectangular: 1
0 0 1 0 <= 2
-1 0 0 0 <= 0
1 0 0 0 <= 16
x0 range(-0, 16), x2 below(2), 
========== +++++++++++++++++++ ==========
[2025-09-22 14:44:11.337] [info] 

========== ConditionRepresentations ==========
rectangular: 1
0 0 0 1 <= 1
-1 0 0 0 <= 0
1 0 0 0 <= 16
x0 range(-0, 16), x3 below(1), 
========== +++++++++++++++++++ ==========
[2025-09-22 14:44:11.337] [info] 

========== ConditionRepresentations ==========
rectangular: 1
0 1 0 0 <= 16
-1 0 0 0 <= 0
1 0 0 0 <= 16
x0 range(-0, 16), x1 below(16), 
========== +++++++++++++++++++ ==========
[2025-09-22 14:44:11.337] [info] 

========== ConditionRepresentations ==========
rectangular: 1
0 1 0 0 <= 16
-1 0 0 0 <= 0
1 0 0 0 <= 16
x0 range(-0, 16), x1 below(16), 
========== +++++++++++++++++++ ==========
[2025-09-22 14:44:11.337] [info] 

========== ConditionRepresentations ==========
rectangular: 1
0 0 0 1 <= 1
-1 0 0 0 <= 0
1 0 0 0 <= 16
x0 range(-0, 16), x3 below(1), 
========== +++++++++++++++++++ ==========
[2025-09-22 14:44:11.337] [info] 

========== ConditionRepresentations ==========
rectangular: 1
0 0 1 0 <= 2
-1 0 0 0 <= 0
1 0 0 0 <= 16
x0 range(-0, 16), x2 below(2), 
========== +++++++++++++++++++ ==========
[2025-09-22 14:44:11.337] [info] 

========== ConditionRepresentations ==========
rectangular: 1
0 1 0 0 <= 16
-1 0 0 0 <= 0
1 0 0 0 <= 16
x0 range(-0, 16), x1 below(16), 
========== +++++++++++++++++++ ==========
[2025-09-22 14:44:11.337] [info] 

========== ConditionRepresentations ==========
rectangular: 1
-1 0 0 0 <= 0
1 0 0 0 <= 16
x0 range(-0, 16), 
========== +++++++++++++++++++ ==========
[2025-09-22 14:44:11.337] [info] 

========== ConditionRepresentations ==========
rectangular: 1
0 1 0 0 <= 16
-1 0 0 0 <= 0
1 0 0 0 <= 16
x0 range(-0, 16), x1 below(16), 
========== +++++++++++++++++++ ==========
[2025-09-22 14:44:11.337] [info] 

========== ConditionRepresentations ==========
rectangular: 1
0 0 1 0 <= 2
-1 0 0 0 <= 0
1 0 0 0 <= 16
x0 range(-0, 16), x2 below(2), 
========== +++++++++++++++++++ ==========
[2025-09-22 14:44:11.337] [info] 

========== ConditionRepresentations ==========
rectangular: 1
0 0 0 1 <= 1
-1 0 0 0 <= 0
1 0 0 0 <= 16
x0 range(-0, 16), x3 below(1), 
========== +++++++++++++++++++ ==========
[2025-09-22 14:44:11.337] [info] 

========== ConditionRepresentations ==========
rectangular: 1
0 1 0 0 <= 16
-1 0 0 0 <= 0
1 0 0 0 <= 16
x0 range(-0, 16), x1 below(16), 
========== +++++++++++++++++++ ==========
[2025-09-22 14:44:11.337] [info] 

========== ConditionRepresentations ==========
rectangular: 1
0 1 0 0 <= 16
-1 0 0 0 <= 0
1 0 0 0 <= 16
x0 range(-0, 16), x1 below(16), 
========== +++++++++++++++++++ ==========
[2025-09-22 14:44:11.337] [info] 

========== ConditionRepresentations ==========
rectangular: 1
0 0 0 1 <= 1
-1 0 0 0 <= 0
1 0 0 0 <= 16
x0 range(-0, 16), x3 below(1), 
========== +++++++++++++++++++ ==========
[2025-09-22 14:44:11.337] [info] 

========== ConditionRepresentations ==========
rectangular: 1
0 0 1 0 <= 2
-1 0 0 0 <= 0
1 0 0 0 <= 16
x0 range(-0, 16), x2 below(2), 
========== +++++++++++++++++++ ==========
[2025-09-22 14:44:11.337] [info] 

========== ConditionRepresentations ==========
rectangular: 1
0 1 0 0 <= 16
-1 0 0 0 <= 0
1 0 0 0 <= 16
x0 range(-0, 16), x1 below(16), 
========== +++++++++++++++++++ ==========
[2025-09-22 14:44:11.337] [info] 

========== ConditionRepresentations ==========
rectangular: 1
-1 0 0 0 <= 0
1 0 0 0 <= 16
x0 range(-0, 16), 
========== +++++++++++++++++++ ==========
[2025-09-22 14:44:11.337] [info] 

========== ConditionRepresentations ==========
rectangular: 1
0 1 0 0 <= 16
-1 0 0 0 <= 0
1 0 0 0 <= 16
x0 range(-0, 16), x1 below(16), 
========== +++++++++++++++++++ ==========
[2025-09-22 14:44:11.337] [info] 

========== ConditionRepresentations ==========
rectangular: 1
0 0 1 0 <= 2
-1 0 0 0 <= 0
1 0 0 0 <= 16
x0 range(-0, 16), x2 below(2), 
========== +++++++++++++++++++ ==========
[2025-09-22 14:44:11.337] [info] 

========== ConditionRepresentations ==========
rectangular: 1
0 0 0 1 <= 1
-1 0 0 0 <= 0
1 0 0 0 <= 16
x0 range(-0, 16), x3 below(1), 
========== +++++++++++++++++++ ==========
[2025-09-22 14:44:11.337] [info] 

========== ConditionRepresentations ==========
rectangular: 1
0 1 0 0 <= 16
-1 0 0 0 <= 0
1 0 0 0 <= 16
x0 range(-0, 16), x1 below(16), 
========== +++++++++++++++++++ ==========
[2025-09-22 14:44:11.337] [info] 

========== ConditionRepresentations ==========
rectangular: 1
0 1 0 0 <= 16
-1 0 0 0 <= 0
1 0 0 0 <= 16
x0 range(-0, 16), x1 below(16), 
========== +++++++++++++++++++ ==========
[2025-09-22 14:44:11.337] [info] 

========== ConditionRepresentations ==========
rectangular: 1
0 0 0 1 <= 1
-1 0 0 0 <= 0
1 0 0 0 <= 16
x0 range(-0, 16), x3 below(1), 
========== +++++++++++++++++++ ==========
[2025-09-22 14:44:11.337] [info] 

========== ConditionRepresentations ==========
rectangular: 1
0 0 1 0 <= 2
-1 0 0 0 <= 0
1 0 0 0 <= 16
x0 range(-0, 16), x2 below(2), 
========== +++++++++++++++++++ ==========
[2025-09-22 14:44:11.337] [info] 

========== ConditionRepresentations ==========
rectangular: 1
0 1 0 0 <= 16
-1 0 0 0 <= 0
1 0 0 0 <= 16
x0 range(-0, 16), x1 below(16), 
========== +++++++++++++++++++ ==========
[2025-09-22 14:44:11.337] [info] 

========== ConditionRepresentations ==========
rectangular: 1
-1 0 0 0 <= 0
1 0 0 0 <= 16
x0 range(-0, 16), 
========== +++++++++++++++++++ ==========
[2025-09-22 14:44:11.337] [info] 

========== ConditionRepresentations ==========
rectangular: 1
0 -1 0 0 <= -16
x1 above(16), 
========== +++++++++++++++++++ ==========
[2025-09-22 14:44:11.337] [info] 

========== ConditionRepresentations ==========
rectangular: 1
0 -1 0 0 <= -16
x1 above(16), 
========== +++++++++++++++++++ ==========
[2025-09-22 14:44:11.337] [info] 

========== ConditionRepresentations ==========
rectangular: 1
0 1 0 0 <= 16
0 0 -1 0 <= -2
x1 below(16), x2 above(2), 
========== +++++++++++++++++++ ==========
[2025-09-22 14:44:11.337] [info] 

========== ConditionRepresentations ==========
rectangular: 1
0 -1 0 0 <= -16
0 0 -1 0 <= -2
x1 above(16), x2 above(2), 
========== +++++++++++++++++++ ==========
[2025-09-22 14:44:11.337] [info] 

========== ConditionRepresentations ==========
rectangular: 1
0 1 0 0 <= 16
0 0 0 -1 <= -1
x1 below(16), x3 above(1), 
========== +++++++++++++++++++ ==========
[2025-09-22 14:44:11.337] [info] 

========== ConditionRepresentations ==========
rectangular: 1
0 -1 0 0 <= -16
0 0 0 -1 <= -1
x1 above(16), x3 above(1), 
========== +++++++++++++++++++ ==========
[2025-09-22 14:44:11.337] [info] 

========== ConditionRepresentations ==========
rectangular: 1
0 -1 0 0 <= -16
x1 above(16), 
========== +++++++++++++++++++ ==========
[2025-09-22 14:44:11.337] [info] 

========== ConditionRepresentations ==========
rectangular: 1

========== +++++++++++++++++++ ==========
[2025-09-22 14:44:11.337] [info] 

========== ConditionRepresentations ==========
rectangular: 1
0 -1 0 0 <= -16
x1 above(16), 
========== +++++++++++++++++++ ==========
[2025-09-22 14:44:11.337] [info] 

========== ConditionRepresentations ==========
rectangular: 1

========== +++++++++++++++++++ ==========
[2025-09-22 14:44:11.337] [info] 

========== ConditionRepresentations ==========
rectangular: 1
0 1 0 0 <= 16
0 0 0 -1 <= -1
x1 below(16), x3 above(1), 
========== +++++++++++++++++++ ==========
[2025-09-22 14:44:11.337] [info] 

========== ConditionRepresentations ==========
rectangular: 1
0 -1 0 0 <= -16
0 0 0 -1 <= -1
x1 above(16), x3 above(1), 
========== +++++++++++++++++++ ==========
[2025-09-22 14:44:11.337] [info] 

========== ConditionRepresentations ==========
rectangular: 1

========== +++++++++++++++++++ ==========
[2025-09-22 14:44:11.337] [info] 

========== ConditionRepresentations ==========
rectangular: 1
0 1 0 0 <= 16
0 0 -1 0 <= -2
x1 below(16), x2 above(2), 
========== +++++++++++++++++++ ==========
[2025-09-22 14:44:11.337] [info] 

========== ConditionRepresentations ==========
rectangular: 1
0 -1 0 0 <= -16
0 0 -1 0 <= -2
x1 above(16), x2 above(2), 
========== +++++++++++++++++++ ==========
[2025-09-22 14:44:11.337] [info] 

========== ConditionRepresentations ==========
rectangular: 1

========== +++++++++++++++++++ ==========
[2025-09-22 14:44:11.337] [info] 

========== ConditionRepresentations ==========
rectangular: 1
0 -1 0 0 <= -16
x1 above(16), 
========== +++++++++++++++++++ ==========
[2025-09-22 14:44:11.337] [info] 

========== ConditionRepresentations ==========
rectangular: 1

========== +++++++++++++++++++ ==========
[2025-09-22 14:44:11.337] [info] 

========== ConditionRepresentations ==========
rectangular: 1

========== +++++++++++++++++++ ==========
[2025-09-22 14:44:11.337] [info] 

========== ConditionRepresentations ==========
rectangular: 1

========== +++++++++++++++++++ ==========
[2025-09-22 14:44:11.337] [info] 

========== ConditionRepresentations ==========
rectangular: 1

========== +++++++++++++++++++ ==========
[2025-09-22 14:44:11.337] [info] 

========== ConditionRepresentations ==========
rectangular: 1
0 -1 0 0 <= -16
x1 above(16), 
========== +++++++++++++++++++ ==========
[2025-09-22 14:44:11.337] [info] 

========== ConditionRepresentations ==========
rectangular: 1
0 -1 0 0 <= -16
x1 above(16), 
========== +++++++++++++++++++ ==========
[2025-09-22 14:44:11.337] [info] 

========== ConditionRepresentations ==========
rectangular: 1
0 1 0 0 <= 16
0 0 -1 0 <= -2
x1 below(16), x2 above(2), 
========== +++++++++++++++++++ ==========
[2025-09-22 14:44:11.337] [info] 

========== ConditionRepresentations ==========
rectangular: 1
0 -1 0 0 <= -16
0 0 -1 0 <= -2
x1 above(16), x2 above(2), 
========== +++++++++++++++++++ ==========
[2025-09-22 14:44:11.337] [info] 

========== ConditionRepresentations ==========
rectangular: 1
0 1 0 0 <= 16
0 0 0 -1 <= -1
x1 below(16), x3 above(1), 
========== +++++++++++++++++++ ==========
[2025-09-22 14:44:11.337] [info] 

========== ConditionRepresentations ==========
rectangular: 1
0 -1 0 0 <= -16
0 0 0 -1 <= -1
x1 above(16), x3 above(1), 
========== +++++++++++++++++++ ==========
[2025-09-22 14:44:11.337] [info] 

========== ConditionRepresentations ==========
rectangular: 1
0 -1 0 0 <= -16
x1 above(16), 
========== +++++++++++++++++++ ==========
[2025-09-22 14:44:11.337] [info] 

========== ConditionRepresentations ==========
rectangular: 1

========== +++++++++++++++++++ ==========
[2025-09-22 14:44:11.337] [info] 

========== ConditionRepresentations ==========
rectangular: 1
0 -1 0 0 <= -16
x1 above(16), 
========== +++++++++++++++++++ ==========
[2025-09-22 14:44:11.337] [info] 

========== ConditionRepresentations ==========
rectangular: 1

========== +++++++++++++++++++ ==========
[2025-09-22 14:44:11.337] [info] 

========== ConditionRepresentations ==========
rectangular: 1
0 1 0 0 <= 16
0 0 0 -1 <= -1
x1 below(16), x3 above(1), 
========== +++++++++++++++++++ ==========
[2025-09-22 14:44:11.337] [info] 

========== ConditionRepresentations ==========
rectangular: 1
0 -1 0 0 <= -16
0 0 0 -1 <= -1
x1 above(16), x3 above(1), 
========== +++++++++++++++++++ ==========
[2025-09-22 14:44:11.337] [info] 

========== ConditionRepresentations ==========
rectangular: 1

========== +++++++++++++++++++ ==========
[2025-09-22 14:44:11.337] [info] 

========== ConditionRepresentations ==========
rectangular: 1
0 1 0 0 <= 16
0 0 -1 0 <= -2
x1 below(16), x2 above(2), 
========== +++++++++++++++++++ ==========
[2025-09-22 14:44:11.337] [info] 

========== ConditionRepresentations ==========
rectangular: 1
0 -1 0 0 <= -16
0 0 -1 0 <= -2
x1 above(16), x2 above(2), 
========== +++++++++++++++++++ ==========
[2025-09-22 14:44:11.337] [info] 

========== ConditionRepresentations ==========
rectangular: 1

========== +++++++++++++++++++ ==========
[2025-09-22 14:44:11.337] [info] 

========== ConditionRepresentations ==========
rectangular: 1
0 -1 0 0 <= -16
x1 above(16), 
========== +++++++++++++++++++ ==========
[2025-09-22 14:44:11.337] [info] 

========== ConditionRepresentations ==========
rectangular: 1

========== +++++++++++++++++++ ==========
[2025-09-22 14:44:11.337] [info] 

========== ConditionRepresentations ==========
rectangular: 1

========== +++++++++++++++++++ ==========
[2025-09-22 14:44:11.337] [info] 

========== ConditionRepresentations ==========
rectangular: 1

========== +++++++++++++++++++ ==========
[2025-09-22 14:44:11.337] [info] 

========== ConditionRepresentations ==========
rectangular: 1

========== +++++++++++++++++++ ==========
[2025-09-22 14:44:11.337] [info] 

========== ConditionRepresentations ==========
rectangular: 1
0 -1 0 0 <= -16
x1 above(16), 
========== +++++++++++++++++++ ==========
[2025-09-22 14:44:11.337] [info] 

========== ConditionRepresentations ==========
rectangular: 1
0 -1 0 0 <= -16
x1 above(16), 
========== +++++++++++++++++++ ==========
[2025-09-22 14:44:11.337] [info] 

========== ConditionRepresentations ==========
rectangular: 1
0 1 0 0 <= 16
0 0 -1 0 <= -2
x1 below(16), x2 above(2), 
========== +++++++++++++++++++ ==========
[2025-09-22 14:44:11.337] [info] 

========== ConditionRepresentations ==========
rectangular: 1
0 -1 0 0 <= -16
0 0 -1 0 <= -2
x1 above(16), x2 above(2), 
========== +++++++++++++++++++ ==========
[2025-09-22 14:44:11.337] [info] 

========== ConditionRepresentations ==========
rectangular: 1
0 1 0 0 <= 16
0 0 0 -1 <= -1
x1 below(16), x3 above(1), 
========== +++++++++++++++++++ ==========
[2025-09-22 14:44:11.337] [info] 

========== ConditionRepresentations ==========
rectangular: 1
0 -1 0 0 <= -16
0 0 0 -1 <= -1
x1 above(16), x3 above(1), 
========== +++++++++++++++++++ ==========
[2025-09-22 14:44:11.337] [info] 

========== ConditionRepresentations ==========
rectangular: 1
0 -1 0 0 <= -16
x1 above(16), 
========== +++++++++++++++++++ ==========
[2025-09-22 14:44:11.337] [info] 

========== ConditionRepresentations ==========
rectangular: 1

========== +++++++++++++++++++ ==========
[2025-09-22 14:44:11.337] [info] 

========== ConditionRepresentations ==========
rectangular: 1
0 -1 0 0 <= -16
x1 above(16), 
========== +++++++++++++++++++ ==========
[2025-09-22 14:44:11.337] [info] 

========== ConditionRepresentations ==========
rectangular: 1

========== +++++++++++++++++++ ==========
[2025-09-22 14:44:11.337] [info] 

========== ConditionRepresentations ==========
rectangular: 1
0 1 0 0 <= 16
0 0 0 -1 <= -1
x1 below(16), x3 above(1), 
========== +++++++++++++++++++ ==========
[2025-09-22 14:44:11.337] [info] 

========== ConditionRepresentations ==========
rectangular: 1
0 -1 0 0 <= -16
0 0 0 -1 <= -1
x1 above(16), x3 above(1), 
========== +++++++++++++++++++ ==========
[2025-09-22 14:44:11.337] [info] 

========== ConditionRepresentations ==========
rectangular: 1

========== +++++++++++++++++++ ==========
[2025-09-22 14:44:11.337] [info] 

========== ConditionRepresentations ==========
rectangular: 1
0 1 0 0 <= 16
0 0 -1 0 <= -2
x1 below(16), x2 above(2), 
========== +++++++++++++++++++ ==========
[2025-09-22 14:44:11.337] [info] 

========== ConditionRepresentations ==========
rectangular: 1
0 -1 0 0 <= -16
0 0 -1 0 <= -2
x1 above(16), x2 above(2), 
========== +++++++++++++++++++ ==========
[2025-09-22 14:44:11.337] [info] 

========== ConditionRepresentations ==========
rectangular: 1

========== +++++++++++++++++++ ==========
[2025-09-22 14:44:11.337] [info] 

========== ConditionRepresentations ==========
rectangular: 1
0 -1 0 0 <= -16
x1 above(16), 
========== +++++++++++++++++++ ==========
[2025-09-22 14:44:11.337] [info] 

========== ConditionRepresentations ==========
rectangular: 1

========== +++++++++++++++++++ ==========
[2025-09-22 14:44:11.337] [info] 

========== ConditionRepresentations ==========
rectangular: 1

========== +++++++++++++++++++ ==========
[2025-09-22 14:44:11.338] [info] 

========== ConditionRepresentations ==========
rectangular: 1

========== +++++++++++++++++++ ==========
[2025-09-22 14:44:11.338] [info] 

========== ConditionRepresentations ==========
rectangular: 1

========== +++++++++++++++++++ ==========
[2025-09-22 14:44:11.338] [info] 

========== ConditionRepresentations ==========
rectangular: 1
0 -1 0 0 <= -16
x1 above(16), 
========== +++++++++++++++++++ ==========
[2025-09-22 14:44:11.338] [info] 

========== ConditionRepresentations ==========
rectangular: 1
0 -1 0 0 <= -16
x1 above(16), 
========== +++++++++++++++++++ ==========
[2025-09-22 14:44:11.338] [info] 

========== ConditionRepresentations ==========
rectangular: 1
0 1 0 0 <= 16
0 0 -1 0 <= -2
x1 below(16), x2 above(2), 
========== +++++++++++++++++++ ==========
[2025-09-22 14:44:11.338] [info] 

========== ConditionRepresentations ==========
rectangular: 1
0 -1 0 0 <= -16
0 0 -1 0 <= -2
x1 above(16), x2 above(2), 
========== +++++++++++++++++++ ==========
[2025-09-22 14:44:11.338] [info] 

========== ConditionRepresentations ==========
rectangular: 1
0 1 0 0 <= 16
0 0 0 -1 <= -1
x1 below(16), x3 above(1), 
========== +++++++++++++++++++ ==========
[2025-09-22 14:44:11.338] [info] 

========== ConditionRepresentations ==========
rectangular: 1
0 -1 0 0 <= -16
0 0 0 -1 <= -1
x1 above(16), x3 above(1), 
========== +++++++++++++++++++ ==========
[2025-09-22 14:44:11.338] [info] 

========== ConditionRepresentations ==========
rectangular: 1
0 -1 0 0 <= -16
x1 above(16), 
========== +++++++++++++++++++ ==========
[2025-09-22 14:44:11.338] [info] 

========== ConditionRepresentations ==========
rectangular: 1

========== +++++++++++++++++++ ==========
[2025-09-22 14:44:11.338] [info] 

========== ConditionRepresentations ==========
rectangular: 1
0 -1 0 0 <= -16
x1 above(16), 
========== +++++++++++++++++++ ==========
[2025-09-22 14:44:11.338] [info] 

========== ConditionRepresentations ==========
rectangular: 1

========== +++++++++++++++++++ ==========
[2025-09-22 14:44:11.338] [info] 

========== ConditionRepresentations ==========
rectangular: 1
0 1 0 0 <= 16
0 0 0 -1 <= -1
x1 below(16), x3 above(1), 
========== +++++++++++++++++++ ==========
[2025-09-22 14:44:11.338] [info] 

========== ConditionRepresentations ==========
rectangular: 1
0 -1 0 0 <= -16
0 0 0 -1 <= -1
x1 above(16), x3 above(1), 
========== +++++++++++++++++++ ==========
[2025-09-22 14:44:11.338] [info] 

========== ConditionRepresentations ==========
rectangular: 1

========== +++++++++++++++++++ ==========
[2025-09-22 14:44:11.338] [info] 

========== ConditionRepresentations ==========
rectangular: 1
0 1 0 0 <= 16
0 0 -1 0 <= -2
x1 below(16), x2 above(2), 
========== +++++++++++++++++++ ==========
[2025-09-22 14:44:11.338] [info] 

========== ConditionRepresentations ==========
rectangular: 1
0 -1 0 0 <= -16
0 0 -1 0 <= -2
x1 above(16), x2 above(2), 
========== +++++++++++++++++++ ==========
[2025-09-22 14:44:11.338] [info] 

========== ConditionRepresentations ==========
rectangular: 1

========== +++++++++++++++++++ ==========
[2025-09-22 14:44:11.338] [info] 

========== ConditionRepresentations ==========
rectangular: 1
0 -1 0 0 <= -16
x1 above(16), 
========== +++++++++++++++++++ ==========
[2025-09-22 14:44:11.338] [info] 

========== ConditionRepresentations ==========
rectangular: 1

========== +++++++++++++++++++ ==========
[2025-09-22 14:44:11.338] [info] 

========== ConditionRepresentations ==========
rectangular: 1

========== +++++++++++++++++++ ==========
[2025-09-22 14:44:11.338] [info] 

========== ConditionRepresentations ==========
rectangular: 1

========== +++++++++++++++++++ ==========
[2025-09-22 14:44:11.338] [info] 

========== ConditionRepresentations ==========
rectangular: 1

========== +++++++++++++++++++ ==========
[2025-09-22 14:44:11.338] [info] 

========== ConditionRepresentations ==========
rectangular: 1
0 -1 0 0 <= -16
x1 above(16), 
========== +++++++++++++++++++ ==========
[2025-09-22 14:44:11.338] [info] 

========== ConditionRepresentations ==========
rectangular: 1
0 -1 0 0 <= -16
x1 above(16), 
========== +++++++++++++++++++ ==========
[2025-09-22 14:44:11.338] [info] 

========== ConditionRepresentations ==========
rectangular: 1
0 1 0 0 <= 16
0 0 -1 0 <= -2
x1 below(16), x2 above(2), 
========== +++++++++++++++++++ ==========
[2025-09-22 14:44:11.338] [info] 

========== ConditionRepresentations ==========
rectangular: 1
0 -1 0 0 <= -16
0 0 -1 0 <= -2
x1 above(16), x2 above(2), 
========== +++++++++++++++++++ ==========
[2025-09-22 14:44:11.338] [info] 

========== ConditionRepresentations ==========
rectangular: 1
0 1 0 0 <= 16
0 0 0 -1 <= -1
x1 below(16), x3 above(1), 
========== +++++++++++++++++++ ==========
[2025-09-22 14:44:11.338] [info] 

========== ConditionRepresentations ==========
rectangular: 1
0 -1 0 0 <= -16
0 0 0 -1 <= -1
x1 above(16), x3 above(1), 
========== +++++++++++++++++++ ==========
[2025-09-22 14:44:11.338] [info] 

========== ConditionRepresentations ==========
rectangular: 1
0 -1 0 0 <= -16
x1 above(16), 
========== +++++++++++++++++++ ==========
[2025-09-22 14:44:11.338] [info] 

========== ConditionRepresentations ==========
rectangular: 1
0 -1 0 0 <= -16
x1 above(16), 
========== +++++++++++++++++++ ==========
[2025-09-22 14:44:11.338] [info] 

========== ConditionRepresentations ==========
rectangular: 1
0 1 0 0 <= 16
0 0 0 -1 <= -1
x1 below(16), x3 above(1), 
========== +++++++++++++++++++ ==========
[2025-09-22 14:44:11.338] [info] 

========== ConditionRepresentations ==========
rectangular: 1
0 -1 0 0 <= -16
0 0 0 -1 <= -1
x1 above(16), x3 above(1), 
========== +++++++++++++++++++ ==========
[2025-09-22 14:44:11.338] [info] 

========== ConditionRepresentations ==========
rectangular: 1
0 1 0 0 <= 16
0 0 -1 0 <= -2
x1 below(16), x2 above(2), 
========== +++++++++++++++++++ ==========
[2025-09-22 14:44:11.338] [info] 

========== ConditionRepresentations ==========
rectangular: 1
0 -1 0 0 <= -16
0 0 -1 0 <= -2
x1 above(16), x2 above(2), 
========== +++++++++++++++++++ ==========
[2025-09-22 14:44:11.338] [info] 

========== ConditionRepresentations ==========
rectangular: 1
0 -1 0 0 <= -16
x1 above(16), 
========== +++++++++++++++++++ ==========
[2025-09-22 14:44:11.338] [info] 

========== ConditionRepresentations ==========
rectangular: 1
0 -1 0 0 <= -16
x1 above(16), 
========== +++++++++++++++++++ ==========
[2025-09-22 14:44:11.338] [info] 

========== ConditionRepresentations ==========
rectangular: 1
0 -1 0 0 <= -16
x1 above(16), 
========== +++++++++++++++++++ ==========
[2025-09-22 14:44:11.338] [info] 

========== ConditionRepresentations ==========
rectangular: 1
0 1 0 0 <= 16
0 0 -1 0 <= -2
x1 below(16), x2 above(2), 
========== +++++++++++++++++++ ==========
[2025-09-22 14:44:11.338] [info] 

========== ConditionRepresentations ==========
rectangular: 1
0 -1 0 0 <= -16
0 0 -1 0 <= -2
x1 above(16), x2 above(2), 
========== +++++++++++++++++++ ==========
[2025-09-22 14:44:11.338] [info] 

========== ConditionRepresentations ==========
rectangular: 1
0 1 0 0 <= 16
0 0 0 -1 <= -1
x1 below(16), x3 above(1), 
========== +++++++++++++++++++ ==========
[2025-09-22 14:44:11.338] [info] 

========== ConditionRepresentations ==========
rectangular: 1
0 -1 0 0 <= -16
0 0 0 -1 <= -1
x1 above(16), x3 above(1), 
========== +++++++++++++++++++ ==========
[2025-09-22 14:44:11.338] [info] 

========== ConditionRepresentations ==========
rectangular: 1
0 -1 0 0 <= -16
x1 above(16), 
========== +++++++++++++++++++ ==========
[2025-09-22 14:44:11.338] [info] 

========== ConditionRepresentations ==========
rectangular: 1

========== +++++++++++++++++++ ==========
[2025-09-22 14:44:11.338] [info] 

========== ConditionRepresentations ==========
rectangular: 1
0 -1 0 0 <= -16
x1 above(16), 
========== +++++++++++++++++++ ==========
[2025-09-22 14:44:11.338] [info] 

========== ConditionRepresentations ==========
rectangular: 1

========== +++++++++++++++++++ ==========
[2025-09-22 14:44:11.338] [info] 

========== ConditionRepresentations ==========
rectangular: 1
0 1 0 0 <= 16
0 0 0 -1 <= -1
x1 below(16), x3 above(1), 
========== +++++++++++++++++++ ==========
[2025-09-22 14:44:11.338] [info] 

========== ConditionRepresentations ==========
rectangular: 1
0 -1 0 0 <= -16
0 0 0 -1 <= -1
x1 above(16), x3 above(1), 
========== +++++++++++++++++++ ==========
[2025-09-22 14:44:11.338] [info] 

========== ConditionRepresentations ==========
rectangular: 1

========== +++++++++++++++++++ ==========
[2025-09-22 14:44:11.338] [info] 

========== ConditionRepresentations ==========
rectangular: 1
0 1 0 0 <= 16
0 0 -1 0 <= -2
x1 below(16), x2 above(2), 
========== +++++++++++++++++++ ==========
[2025-09-22 14:44:11.338] [info] 

========== ConditionRepresentations ==========
rectangular: 1
0 -1 0 0 <= -16
0 0 -1 0 <= -2
x1 above(16), x2 above(2), 
========== +++++++++++++++++++ ==========
[2025-09-22 14:44:11.338] [info] 

========== ConditionRepresentations ==========
rectangular: 1

========== +++++++++++++++++++ ==========
[2025-09-22 14:44:11.338] [info] 

========== ConditionRepresentations ==========
rectangular: 1
0 -1 0 0 <= -16
x1 above(16), 
========== +++++++++++++++++++ ==========
[2025-09-22 14:44:11.338] [info] 

========== ConditionRepresentations ==========
rectangular: 1

========== +++++++++++++++++++ ==========
[2025-09-22 14:44:11.338] [info] 

========== ConditionRepresentations ==========
rectangular: 1

========== +++++++++++++++++++ ==========
[2025-09-22 14:44:11.338] [info] 

========== ConditionRepresentations ==========
rectangular: 1

========== +++++++++++++++++++ ==========
[2025-09-22 14:44:11.338] [info] 

========== ConditionRepresentations ==========
rectangular: 1

========== +++++++++++++++++++ ==========
[2025-09-22 14:44:11.338] [info] 

========== ConditionRepresentations ==========
rectangular: 1
0 -1 0 0 <= -16
x1 above(16), 
========== +++++++++++++++++++ ==========
[2025-09-22 14:44:11.338] [info] 

========== ConditionRepresentations ==========
rectangular: 1
0 -1 0 0 <= -16
x1 above(16), 
========== +++++++++++++++++++ ==========
[2025-09-22 14:44:11.338] [info] 

========== ConditionRepresentations ==========
rectangular: 1
0 1 0 0 <= 16
0 0 -1 0 <= -2
x1 below(16), x2 above(2), 
========== +++++++++++++++++++ ==========
[2025-09-22 14:44:11.338] [info] 

========== ConditionRepresentations ==========
rectangular: 1
0 -1 0 0 <= -16
0 0 -1 0 <= -2
x1 above(16), x2 above(2), 
========== +++++++++++++++++++ ==========
[2025-09-22 14:44:11.338] [info] 

========== ConditionRepresentations ==========
rectangular: 1
0 1 0 0 <= 16
0 0 0 -1 <= -1
x1 below(16), x3 above(1), 
========== +++++++++++++++++++ ==========
[2025-09-22 14:44:11.338] [info] 

========== ConditionRepresentations ==========
rectangular: 1
0 -1 0 0 <= -16
0 0 0 -1 <= -1
x1 above(16), x3 above(1), 
========== +++++++++++++++++++ ==========
[2025-09-22 14:44:11.338] [info] 

========== ConditionRepresentations ==========
rectangular: 1
0 -1 0 0 <= -16
x1 above(16), 
========== +++++++++++++++++++ ==========
[2025-09-22 14:44:11.338] [info] 

========== ConditionRepresentations ==========
rectangular: 1

========== +++++++++++++++++++ ==========
[2025-09-22 14:44:11.338] [info] 

========== ConditionRepresentations ==========
rectangular: 1
0 -1 0 0 <= -16
x1 above(16), 
========== +++++++++++++++++++ ==========
[2025-09-22 14:44:11.338] [info] 

========== ConditionRepresentations ==========
rectangular: 1

========== +++++++++++++++++++ ==========
[2025-09-22 14:44:11.338] [info] 

========== ConditionRepresentations ==========
rectangular: 1
0 1 0 0 <= 16
0 0 0 -1 <= -1
x1 below(16), x3 above(1), 
========== +++++++++++++++++++ ==========
[2025-09-22 14:44:11.338] [info] 

========== ConditionRepresentations ==========
rectangular: 1
0 -1 0 0 <= -16
0 0 0 -1 <= -1
x1 above(16), x3 above(1), 
========== +++++++++++++++++++ ==========
[2025-09-22 14:44:11.338] [info] 

========== ConditionRepresentations ==========
rectangular: 1

========== +++++++++++++++++++ ==========
[2025-09-22 14:44:11.338] [info] 

========== ConditionRepresentations ==========
rectangular: 1
0 1 0 0 <= 16
0 0 -1 0 <= -2
x1 below(16), x2 above(2), 
========== +++++++++++++++++++ ==========
[2025-09-22 14:44:11.338] [info] 

========== ConditionRepresentations ==========
rectangular: 1
0 -1 0 0 <= -16
0 0 -1 0 <= -2
x1 above(16), x2 above(2), 
========== +++++++++++++++++++ ==========
[2025-09-22 14:44:11.338] [info] 

========== ConditionRepresentations ==========
rectangular: 1

========== +++++++++++++++++++ ==========
[2025-09-22 14:44:11.338] [info] 

========== ConditionRepresentations ==========
rectangular: 1
0 -1 0 0 <= -16
x1 above(16), 
========== +++++++++++++++++++ ==========
[2025-09-22 14:44:11.338] [info] 

========== ConditionRepresentations ==========
rectangular: 1

========== +++++++++++++++++++ ==========
[2025-09-22 14:44:11.338] [info] 

========== ConditionRepresentations ==========
rectangular: 1

========== +++++++++++++++++++ ==========
[2025-09-22 14:44:11.338] [info] 

========== ConditionRepresentations ==========
rectangular: 1

========== +++++++++++++++++++ ==========
[2025-09-22 14:44:11.338] [info] 

========== ConditionRepresentations ==========
rectangular: 1

========== +++++++++++++++++++ ==========
[2025-09-22 14:44:11.338] [info] 

========== ConditionRepresentations ==========
rectangular: 1
0 -1 0 0 <= -16
x1 above(16), 
========== +++++++++++++++++++ ==========
[2025-09-22 14:44:11.338] [info] 

========== ConditionRepresentations ==========
rectangular: 1
0 -1 0 0 <= -16
x1 above(16), 
========== +++++++++++++++++++ ==========
[2025-09-22 14:44:11.338] [info] 

========== ConditionRepresentations ==========
rectangular: 1
0 1 0 0 <= 16
0 0 -1 0 <= -2
x1 below(16), x2 above(2), 
========== +++++++++++++++++++ ==========
[2025-09-22 14:44:11.338] [info] 

========== ConditionRepresentations ==========
rectangular: 1
0 -1 0 0 <= -16
0 0 -1 0 <= -2
x1 above(16), x2 above(2), 
========== +++++++++++++++++++ ==========
[2025-09-22 14:44:11.338] [info] 

========== ConditionRepresentations ==========
rectangular: 1
0 1 0 0 <= 16
0 0 0 -1 <= -1
x1 below(16), x3 above(1), 
========== +++++++++++++++++++ ==========
[2025-09-22 14:44:11.338] [info] 

========== ConditionRepresentations ==========
rectangular: 1
0 -1 0 0 <= -16
0 0 0 -1 <= -1
x1 above(16), x3 above(1), 
========== +++++++++++++++++++ ==========
[2025-09-22 14:44:11.338] [info] 

========== ConditionRepresentations ==========
rectangular: 1
0 -1 0 0 <= -16
x1 above(16), 
========== +++++++++++++++++++ ==========
[2025-09-22 14:44:11.338] [info] 

========== ConditionRepresentations ==========
rectangular: 1

========== +++++++++++++++++++ ==========
[2025-09-22 14:44:11.338] [info] 

========== ConditionRepresentations ==========
rectangular: 1
0 -1 0 0 <= -16
x1 above(16), 
========== +++++++++++++++++++ ==========
[2025-09-22 14:44:11.338] [info] 

========== ConditionRepresentations ==========
rectangular: 1

========== +++++++++++++++++++ ==========
[2025-09-22 14:44:11.338] [info] 

========== ConditionRepresentations ==========
rectangular: 1
0 1 0 0 <= 16
0 0 0 -1 <= -1
x1 below(16), x3 above(1), 
========== +++++++++++++++++++ ==========
[2025-09-22 14:44:11.338] [info] 

========== ConditionRepresentations ==========
rectangular: 1
0 -1 0 0 <= -16
0 0 0 -1 <= -1
x1 above(16), x3 above(1), 
========== +++++++++++++++++++ ==========
[2025-09-22 14:44:11.338] [info] 

========== ConditionRepresentations ==========
rectangular: 1

========== +++++++++++++++++++ ==========
[2025-09-22 14:44:11.338] [info] 

========== ConditionRepresentations ==========
rectangular: 1
0 1 0 0 <= 16
0 0 -1 0 <= -2
x1 below(16), x2 above(2), 
========== +++++++++++++++++++ ==========
[2025-09-22 14:44:11.338] [info] 

========== ConditionRepresentations ==========
rectangular: 1
0 -1 0 0 <= -16
0 0 -1 0 <= -2
x1 above(16), x2 above(2), 
========== +++++++++++++++++++ ==========
[2025-09-22 14:44:11.338] [info] 

========== ConditionRepresentations ==========
rectangular: 1

========== +++++++++++++++++++ ==========
[2025-09-22 14:44:11.338] [info] 

========== ConditionRepresentations ==========
rectangular: 1
0 -1 0 0 <= -16
x1 above(16), 
========== +++++++++++++++++++ ==========
[2025-09-22 14:44:11.338] [info] 

========== ConditionRepresentations ==========
rectangular: 1

========== +++++++++++++++++++ ==========
[2025-09-22 14:44:11.338] [info] 

========== ConditionRepresentations ==========
rectangular: 1

========== +++++++++++++++++++ ==========
[2025-09-22 14:44:11.338] [info] 

========== ConditionRepresentations ==========
rectangular: 1

========== +++++++++++++++++++ ==========
[2025-09-22 14:44:11.338] [info] 

========== ConditionRepresentations ==========
rectangular: 1

========== +++++++++++++++++++ ==========
[2025-09-22 14:44:11.338] [info] 

========== ConditionRepresentations ==========
rectangular: 1
0 -1 0 0 <= -16
x1 above(16), 
========== +++++++++++++++++++ ==========
[2025-09-22 14:44:11.338] [info] 

========== ConditionRepresentations ==========
rectangular: 1
0 -1 0 0 <= -16
x1 above(16), 
========== +++++++++++++++++++ ==========
[2025-09-22 14:44:11.338] [info] 

========== ConditionRepresentations ==========
rectangular: 1
0 1 0 0 <= 16
0 0 -1 0 <= -2
x1 below(16), x2 above(2), 
========== +++++++++++++++++++ ==========
[2025-09-22 14:44:11.338] [info] 

========== ConditionRepresentations ==========
rectangular: 1
0 -1 0 0 <= -16
0 0 -1 0 <= -2
x1 above(16), x2 above(2), 
========== +++++++++++++++++++ ==========
[2025-09-22 14:44:11.338] [info] 

========== ConditionRepresentations ==========
rectangular: 1
0 1 0 0 <= 16
0 0 0 -1 <= -1
x1 below(16), x3 above(1), 
========== +++++++++++++++++++ ==========
[2025-09-22 14:44:11.338] [info] 

========== ConditionRepresentations ==========
rectangular: 1
0 -1 0 0 <= -16
0 0 0 -1 <= -1
x1 above(16), x3 above(1), 
========== +++++++++++++++++++ ==========
[2025-09-22 14:44:11.338] [info] 

========== ConditionRepresentations ==========
rectangular: 1
0 -1 0 0 <= -16
x1 above(16), 
========== +++++++++++++++++++ ==========
[2025-09-22 14:44:11.338] [info] 

========== ConditionRepresentations ==========
rectangular: 1

========== +++++++++++++++++++ ==========
[2025-09-22 14:44:11.338] [info] 

========== ConditionRepresentations ==========
rectangular: 1
0 -1 0 0 <= -16
x1 above(16), 
========== +++++++++++++++++++ ==========
[2025-09-22 14:44:11.338] [info] 

========== ConditionRepresentations ==========
rectangular: 1

========== +++++++++++++++++++ ==========
[2025-09-22 14:44:11.338] [info] 

========== ConditionRepresentations ==========
rectangular: 1
0 1 0 0 <= 16
0 0 0 -1 <= -1
x1 below(16), x3 above(1), 
========== +++++++++++++++++++ ==========
[2025-09-22 14:44:11.338] [info] 

========== ConditionRepresentations ==========
rectangular: 1
0 -1 0 0 <= -16
0 0 0 -1 <= -1
x1 above(16), x3 above(1), 
========== +++++++++++++++++++ ==========
[2025-09-22 14:44:11.338] [info] 

========== ConditionRepresentations ==========
rectangular: 1

========== +++++++++++++++++++ ==========
[2025-09-22 14:44:11.338] [info] 

========== ConditionRepresentations ==========
rectangular: 1
0 1 0 0 <= 16
0 0 -1 0 <= -2
x1 below(16), x2 above(2), 
========== +++++++++++++++++++ ==========
[2025-09-22 14:44:11.338] [info] 

========== ConditionRepresentations ==========
rectangular: 1
0 -1 0 0 <= -16
0 0 -1 0 <= -2
x1 above(16), x2 above(2), 
========== +++++++++++++++++++ ==========
[2025-09-22 14:44:11.338] [info] 

========== ConditionRepresentations ==========
rectangular: 1

========== +++++++++++++++++++ ==========
[2025-09-22 14:44:11.338] [info] 

========== ConditionRepresentations ==========
rectangular: 1
0 -1 0 0 <= -16
x1 above(16), 
========== +++++++++++++++++++ ==========
[2025-09-22 14:44:11.338] [info] 

========== ConditionRepresentations ==========
rectangular: 1

========== +++++++++++++++++++ ==========
[2025-09-22 14:44:11.338] [info] 

========== ConditionRepresentations ==========
rectangular: 1

========== +++++++++++++++++++ ==========
[2025-09-22 14:44:11.338] [info] 

========== ConditionRepresentations ==========
rectangular: 1

========== +++++++++++++++++++ ==========
[2025-09-22 14:44:11.338] [info] 

========== ConditionRepresentations ==========
rectangular: 1

========== +++++++++++++++++++ ==========
[2025-09-22 14:44:11.338] [info] 

========== ConditionRepresentations ==========
rectangular: 1
0 -1 0 0 <= -16
x1 above(16), 
========== +++++++++++++++++++ ==========
[2025-09-22 14:44:11.338] [info] 

========== ConditionRepresentations ==========
rectangular: 1
0 -1 0 0 <= -16
x1 above(16), 
========== +++++++++++++++++++ ==========
[2025-09-22 14:44:11.338] [info] 

========== ConditionRepresentations ==========
rectangular: 1
0 1 0 0 <= 16
0 0 -1 0 <= -2
x1 below(16), x2 above(2), 
========== +++++++++++++++++++ ==========
[2025-09-22 14:44:11.338] [info] 

========== ConditionRepresentations ==========
rectangular: 1
0 -1 0 0 <= -16
0 0 -1 0 <= -2
x1 above(16), x2 above(2), 
========== +++++++++++++++++++ ==========
[2025-09-22 14:44:11.338] [info] 

========== ConditionRepresentations ==========
rectangular: 1
0 1 0 0 <= 16
0 0 0 -1 <= -1
x1 below(16), x3 above(1), 
========== +++++++++++++++++++ ==========
[2025-09-22 14:44:11.338] [info] 

========== ConditionRepresentations ==========
rectangular: 1
0 -1 0 0 <= -16
0 0 0 -1 <= -1
x1 above(16), x3 above(1), 
========== +++++++++++++++++++ ==========
[2025-09-22 14:44:11.338] [info] 

========== ConditionRepresentations ==========
rectangular: 1
0 -1 0 0 <= -16
x1 above(16), 
========== +++++++++++++++++++ ==========
[2025-09-22 14:44:11.338] [info] 

========== ConditionRepresentations ==========
rectangular: 1
0 -1 0 0 <= -16
x1 above(16), 
========== +++++++++++++++++++ ==========
[2025-09-22 14:44:11.338] [info] 

========== ConditionRepresentations ==========
rectangular: 1
0 1 0 0 <= 16
0 0 0 -1 <= -1
x1 below(16), x3 above(1), 
========== +++++++++++++++++++ ==========
[2025-09-22 14:44:11.338] [info] 

========== ConditionRepresentations ==========
rectangular: 1
0 -1 0 0 <= -16
0 0 0 -1 <= -1
x1 above(16), x3 above(1), 
========== +++++++++++++++++++ ==========
[2025-09-22 14:44:11.338] [info] 

========== ConditionRepresentations ==========
rectangular: 1
0 1 0 0 <= 16
0 0 -1 0 <= -2
x1 below(16), x2 above(2), 
========== +++++++++++++++++++ ==========
[2025-09-22 14:44:11.338] [info] 

========== ConditionRepresentations ==========
rectangular: 1
0 -1 0 0 <= -16
0 0 -1 0 <= -2
x1 above(16), x2 above(2), 
========== +++++++++++++++++++ ==========
[2025-09-22 14:44:11.338] [info] 

========== ConditionRepresentations ==========
rectangular: 1
0 -1 0 0 <= -16
x1 above(16), 
========== +++++++++++++++++++ ==========
[2025-09-22 14:44:11.338] [info] 

========== ConditionRepresentations ==========
rectangular: 1
0 -1 0 0 <= -16
x1 above(16), 
========== +++++++++++++++++++ ==========
[2025-09-22 14:44:11.338] [info] 

========== ConditionRepresentations ==========
rectangular: 1
0 -1 0 0 <= -16
x1 above(16), 
========== +++++++++++++++++++ ==========
[2025-09-22 14:44:11.338] [info] 

========== ConditionRepresentations ==========
rectangular: 1
0 1 0 0 <= 16
0 0 -1 0 <= -2
x1 below(16), x2 above(2), 
========== +++++++++++++++++++ ==========
[2025-09-22 14:44:11.338] [info] 

========== ConditionRepresentations ==========
rectangular: 1
0 -1 0 0 <= -16
0 0 -1 0 <= -2
x1 above(16), x2 above(2), 
========== +++++++++++++++++++ ==========
[2025-09-22 14:44:11.338] [info] 

========== ConditionRepresentations ==========
rectangular: 1
0 1 0 0 <= 16
0 0 0 -1 <= -1
x1 below(16), x3 above(1), 
========== +++++++++++++++++++ ==========
[2025-09-22 14:44:11.338] [info] 

========== ConditionRepresentations ==========
rectangular: 1
0 -1 0 0 <= -16
0 0 0 -1 <= -1
x1 above(16), x3 above(1), 
========== +++++++++++++++++++ ==========
[2025-09-22 14:44:11.338] [info] 

========== ConditionRepresentations ==========
rectangular: 1
0 -1 0 0 <= -16
x1 above(16), 
========== +++++++++++++++++++ ==========
[2025-09-22 14:44:11.338] [info] 

========== ConditionRepresentations ==========
rectangular: 1
0 -1 0 0 <= -16
x1 above(16), 
========== +++++++++++++++++++ ==========
[2025-09-22 14:44:11.338] [info] 

========== ConditionRepresentations ==========
rectangular: 1
0 1 0 0 <= 16
0 0 0 -1 <= -1
x1 below(16), x3 above(1), 
========== +++++++++++++++++++ ==========
[2025-09-22 14:44:11.338] [info] 

========== ConditionRepresentations ==========
rectangular: 1
0 -1 0 0 <= -16
0 0 0 -1 <= -1
x1 above(16), x3 above(1), 
========== +++++++++++++++++++ ==========
[2025-09-22 14:44:11.338] [info] 

========== ConditionRepresentations ==========
rectangular: 1
0 1 0 0 <= 16
0 0 -1 0 <= -2
x1 below(16), x2 above(2), 
========== +++++++++++++++++++ ==========
[2025-09-22 14:44:11.338] [info] 

========== ConditionRepresentations ==========
rectangular: 1
0 -1 0 0 <= -16
0 0 -1 0 <= -2
x1 above(16), x2 above(2), 
========== +++++++++++++++++++ ==========
[2025-09-22 14:44:11.338] [info] 

========== ConditionRepresentations ==========
rectangular: 1
0 -1 0 0 <= -16
x1 above(16), 
========== +++++++++++++++++++ ==========
[2025-09-22 14:44:11.338] [info] 

========== ConditionRepresentations ==========
rectangular: 1
0 -1 0 0 <= -16
x1 above(16), 
========== +++++++++++++++++++ ==========
[2025-09-22 14:44:11.338] [info] 

========== ConditionRepresentations ==========
rectangular: 1
0 -1 0 0 <= -16
x1 above(16), 
========== +++++++++++++++++++ ==========
[2025-09-22 14:44:11.338] [info] 

========== ConditionRepresentations ==========
rectangular: 1
0 1 0 0 <= 16
0 0 -1 0 <= -2
x1 below(16), x2 above(2), 
========== +++++++++++++++++++ ==========
[2025-09-22 14:44:11.338] [info] 

========== ConditionRepresentations ==========
rectangular: 1
0 -1 0 0 <= -16
0 0 -1 0 <= -2
x1 above(16), x2 above(2), 
========== +++++++++++++++++++ ==========
[2025-09-22 14:44:11.338] [info] 

========== ConditionRepresentations ==========
rectangular: 1
0 1 0 0 <= 16
0 0 0 -1 <= -1
x1 below(16), x3 above(1), 
========== +++++++++++++++++++ ==========
[2025-09-22 14:44:11.338] [info] 

========== ConditionRepresentations ==========
rectangular: 1
0 -1 0 0 <= -16
0 0 0 -1 <= -1
x1 above(16), x3 above(1), 
========== +++++++++++++++++++ ==========
[2025-09-22 14:44:11.338] [info] 

========== ConditionRepresentations ==========
rectangular: 1
0 -1 0 0 <= -16
x1 above(16), 
========== +++++++++++++++++++ ==========
[2025-09-22 14:44:11.338] [info] 

========== ConditionRepresentations ==========
rectangular: 1
0 -1 0 0 <= -16
x1 above(16), 
========== +++++++++++++++++++ ==========
[2025-09-22 14:44:11.338] [info] 

========== ConditionRepresentations ==========
rectangular: 1
0 1 0 0 <= 16
0 0 0 -1 <= -1
x1 below(16), x3 above(1), 
========== +++++++++++++++++++ ==========
[2025-09-22 14:44:11.338] [info] 

========== ConditionRepresentations ==========
rectangular: 1
0 -1 0 0 <= -16
0 0 0 -1 <= -1
x1 above(16), x3 above(1), 
========== +++++++++++++++++++ ==========
[2025-09-22 14:44:11.338] [info] 

========== ConditionRepresentations ==========
rectangular: 1
0 1 0 0 <= 16
0 0 -1 0 <= -2
x1 below(16), x2 above(2), 
========== +++++++++++++++++++ ==========
[2025-09-22 14:44:11.338] [info] 

========== ConditionRepresentations ==========
rectangular: 1
0 -1 0 0 <= -16
0 0 -1 0 <= -2
x1 above(16), x2 above(2), 
========== +++++++++++++++++++ ==========
[2025-09-22 14:44:11.338] [info] 

========== ConditionRepresentations ==========
rectangular: 1
0 -1 0 0 <= -16
x1 above(16), 
========== +++++++++++++++++++ ==========
[2025-09-22 14:44:11.338] [info] 

========== ConditionRepresentations ==========
rectangular: 1
0 -1 0 0 <= -16
x1 above(16), 
========== +++++++++++++++++++ ==========
[2025-09-22 14:44:11.338] [info] 

========== ConditionRepresentations ==========
rectangular: 1
0 -1 0 0 <= -16
x1 above(16), 
========== +++++++++++++++++++ ==========
[2025-09-22 14:44:11.338] [info] 

========== ConditionRepresentations ==========
rectangular: 1
0 1 0 0 <= 16
0 0 -1 0 <= -2
x1 below(16), x2 above(2), 
========== +++++++++++++++++++ ==========
[2025-09-22 14:44:11.338] [info] 

========== ConditionRepresentations ==========
rectangular: 1
0 -1 0 0 <= -16
0 0 -1 0 <= -2
x1 above(16), x2 above(2), 
========== +++++++++++++++++++ ==========
[2025-09-22 14:44:11.338] [info] 

========== ConditionRepresentations ==========
rectangular: 1
0 1 0 0 <= 16
0 0 0 -1 <= -1
x1 below(16), x3 above(1), 
========== +++++++++++++++++++ ==========
[2025-09-22 14:44:11.338] [info] 

========== ConditionRepresentations ==========
rectangular: 1
0 -1 0 0 <= -16
0 0 0 -1 <= -1
x1 above(16), x3 above(1), 
========== +++++++++++++++++++ ==========
[2025-09-22 14:44:11.338] [info] 

========== ConditionRepresentations ==========
rectangular: 1
0 -1 0 0 <= -16
x1 above(16), 
========== +++++++++++++++++++ ==========
[2025-09-22 14:44:11.338] [info] 

========== ConditionRepresentations ==========
rectangular: 1
0 -1 0 0 <= -16
x1 above(16), 
========== +++++++++++++++++++ ==========
[2025-09-22 14:44:11.338] [info] 

========== ConditionRepresentations ==========
rectangular: 1
0 1 0 0 <= 16
0 0 0 -1 <= -1
x1 below(16), x3 above(1), 
========== +++++++++++++++++++ ==========
[2025-09-22 14:44:11.338] [info] 

========== ConditionRepresentations ==========
rectangular: 1
0 -1 0 0 <= -16
0 0 0 -1 <= -1
x1 above(16), x3 above(1), 
========== +++++++++++++++++++ ==========
[2025-09-22 14:44:11.338] [info] 

========== ConditionRepresentations ==========
rectangular: 1
0 1 0 0 <= 16
0 0 -1 0 <= -2
x1 below(16), x2 above(2), 
========== +++++++++++++++++++ ==========
[2025-09-22 14:44:11.338] [info] 

========== ConditionRepresentations ==========
rectangular: 1
0 -1 0 0 <= -16
0 0 -1 0 <= -2
x1 above(16), x2 above(2), 
========== +++++++++++++++++++ ==========
[2025-09-22 14:44:11.338] [info] 

========== ConditionRepresentations ==========
rectangular: 1
0 -1 0 0 <= -16
x1 above(16), 
========== +++++++++++++++++++ ==========
[2025-09-22 14:44:11.338] [info] 

========== ConditionRepresentations ==========
rectangular: 1
0 -1 0 0 <= -16
x1 above(16), 
========== +++++++++++++++++++ ==========
[2025-09-22 14:44:11.338] [info] 

========== ConditionRepresentations ==========
rectangular: 1
0 -1 0 0 <= -16
x1 above(16), 
========== +++++++++++++++++++ ==========
[2025-09-22 14:44:11.338] [info] 

========== ConditionRepresentations ==========
rectangular: 1
0 1 0 0 <= 16
0 0 -1 0 <= -2
x1 below(16), x2 above(2), 
========== +++++++++++++++++++ ==========
[2025-09-22 14:44:11.338] [info] 

========== ConditionRepresentations ==========
rectangular: 1
0 -1 0 0 <= -16
0 0 -1 0 <= -2
x1 above(16), x2 above(2), 
========== +++++++++++++++++++ ==========
[2025-09-22 14:44:11.338] [info] 

========== ConditionRepresentations ==========
rectangular: 1
0 1 0 0 <= 16
0 0 0 -1 <= -1
x1 below(16), x3 above(1), 
========== +++++++++++++++++++ ==========
[2025-09-22 14:44:11.338] [info] 

========== ConditionRepresentations ==========
rectangular: 1
0 -1 0 0 <= -16
0 0 0 -1 <= -1
x1 above(16), x3 above(1), 
========== +++++++++++++++++++ ==========
[2025-09-22 14:44:11.338] [info] 

========== ConditionRepresentations ==========
rectangular: 1
0 -1 0 0 <= -16
x1 above(16), 
========== +++++++++++++++++++ ==========
[2025-09-22 14:44:11.338] [info] 

========== ConditionRepresentations ==========
rectangular: 1
0 -1 0 0 <= -16
x1 above(16), 
========== +++++++++++++++++++ ==========
[2025-09-22 14:44:11.338] [info] 

========== ConditionRepresentations ==========
rectangular: 1
0 1 0 0 <= 16
0 0 0 -1 <= -1
x1 below(16), x3 above(1), 
========== +++++++++++++++++++ ==========
[2025-09-22 14:44:11.338] [info] 

========== ConditionRepresentations ==========
rectangular: 1
0 -1 0 0 <= -16
0 0 0 -1 <= -1
x1 above(16), x3 above(1), 
========== +++++++++++++++++++ ==========
[2025-09-22 14:44:11.338] [info] 

========== ConditionRepresentations ==========
rectangular: 1
0 1 0 0 <= 16
0 0 -1 0 <= -2
x1 below(16), x2 above(2), 
========== +++++++++++++++++++ ==========
[2025-09-22 14:44:11.338] [info] 

========== ConditionRepresentations ==========
rectangular: 1
0 -1 0 0 <= -16
0 0 -1 0 <= -2
x1 above(16), x2 above(2), 
========== +++++++++++++++++++ ==========
[2025-09-22 14:44:11.338] [info] 

========== ConditionRepresentations ==========
rectangular: 1
0 -1 0 0 <= -16
x1 above(16), 
========== +++++++++++++++++++ ==========
[2025-09-22 14:44:11.338] [info] 

========== ConditionRepresentations ==========
rectangular: 1
0 -1 0 0 <= -16
x1 above(16), 
========== +++++++++++++++++++ ==========
[2025-09-22 14:44:11.338] [info] 

========== ConditionRepresentations ==========
rectangular: 1
0 -1 0 0 <= -16
x1 above(16), 
========== +++++++++++++++++++ ==========
[2025-09-22 14:44:11.338] [info] 

========== ConditionRepresentations ==========
rectangular: 1
0 1 0 0 <= 16
0 0 -1 0 <= -2
x1 below(16), x2 above(2), 
========== +++++++++++++++++++ ==========
[2025-09-22 14:44:11.338] [info] 

========== ConditionRepresentations ==========
rectangular: 1
0 -1 0 0 <= -16
0 0 -1 0 <= -2
x1 above(16), x2 above(2), 
========== +++++++++++++++++++ ==========
[2025-09-22 14:44:11.338] [info] 

========== ConditionRepresentations ==========
rectangular: 1
0 1 0 0 <= 16
0 0 0 -1 <= -1
x1 below(16), x3 above(1), 
========== +++++++++++++++++++ ==========
[2025-09-22 14:44:11.338] [info] 

========== ConditionRepresentations ==========
rectangular: 1
0 -1 0 0 <= -16
0 0 0 -1 <= -1
x1 above(16), x3 above(1), 
========== +++++++++++++++++++ ==========
[2025-09-22 14:44:11.338] [info] 

========== ConditionRepresentations ==========
rectangular: 1
0 -1 0 0 <= -16
x1 above(16), 
========== +++++++++++++++++++ ==========
[2025-09-22 14:44:11.338] [info] 

========== ConditionRepresentations ==========
rectangular: 1
0 -1 0 0 <= -16
x1 above(16), 
========== +++++++++++++++++++ ==========
[2025-09-22 14:44:11.338] [info] 

========== ConditionRepresentations ==========
rectangular: 1
0 1 0 0 <= 16
0 0 0 -1 <= -1
x1 below(16), x3 above(1), 
========== +++++++++++++++++++ ==========
[2025-09-22 14:44:11.338] [info] 

========== ConditionRepresentations ==========
rectangular: 1
0 -1 0 0 <= -16
0 0 0 -1 <= -1
x1 above(16), x3 above(1), 
========== +++++++++++++++++++ ==========
[2025-09-22 14:44:11.338] [info] 

========== ConditionRepresentations ==========
rectangular: 1
0 1 0 0 <= 16
0 0 -1 0 <= -2
x1 below(16), x2 above(2), 
========== +++++++++++++++++++ ==========
[2025-09-22 14:44:11.338] [info] 

========== ConditionRepresentations ==========
rectangular: 1
0 -1 0 0 <= -16
0 0 -1 0 <= -2
x1 above(16), x2 above(2), 
========== +++++++++++++++++++ ==========
[2025-09-22 14:44:11.338] [info] 

========== ConditionRepresentations ==========
rectangular: 1
0 -1 0 0 <= -16
x1 above(16), 
========== +++++++++++++++++++ ==========
[2025-09-22 14:44:11.338] [info] 

========== ConditionRepresentations ==========
rectangular: 1
-1 0 0 0 <= 0
1 0 0 0 <= 0
0 -1 0 0 <= -4
0 1 0 0 <= 4
0 0 -1 0 <= 0
0 0 1 0 <= 0
0 0 0 -1 <= 0
0 0 0 1 <= 0
x0 point(-0), x1 point(4), x2 point(-0), x3 point(-0), 
========== +++++++++++++++++++ ==========
[2025-09-22 14:44:11.338] [info] 

========== ConditionRepresentations ==========
rectangular: 1
0 -1 0 0 <= -18
x1 above(18), 
========== +++++++++++++++++++ ==========
[2025-09-22 14:44:11.338] [info] 

========== ConditionRepresentations ==========
rectangular: 1
0 -1 0 0 <= -18
x1 above(18), 
========== +++++++++++++++++++ ==========
[2025-09-22 14:44:11.338] [info] 

========== ConditionRepresentations ==========
rectangular: 1
0 -1 0 0 <= -18
x1 above(18), 
========== +++++++++++++++++++ ==========
[2025-09-22 14:44:11.338] [info] 

========== ConditionRepresentations ==========
rectangular: 1
0 -1 0 0 <= -18
x1 above(18), 
========== +++++++++++++++++++ ==========
[2025-09-22 14:44:11.338] [info] 

========== ConditionRepresentations ==========
rectangular: 1
0 -1 0 0 <= -18
x1 above(18), 
========== +++++++++++++++++++ ==========
[2025-09-22 14:44:11.338] [info] 

========== ConditionRepresentations ==========
rectangular: 1
0 -1 0 0 <= -18
x1 above(18), 
========== +++++++++++++++++++ ==========
[2025-09-22 14:44:11.338] [info] 

========== ConditionRepresentations ==========
rectangular: 1
0 -1 0 0 <= -18
x1 above(18), 
========== +++++++++++++++++++ ==========
[2025-09-22 14:44:11.338] [info] 

========== ConditionRepresentations ==========
rectangular: 1
0 -1 0 0 <= -18
x1 above(18), 
========== +++++++++++++++++++ ==========
[2025-09-22 14:44:11.338] [info] 

========== ConditionRepresentations ==========
rectangular: 1
0 -1 0 0 <= -18
x1 above(18), 
========== +++++++++++++++++++ ==========
[2025-09-22 14:44:11.338] [info] 

========== ConditionRepresentations ==========
rectangular: 1
0 -1 0 0 <= -18
x1 above(18), 
========== +++++++++++++++++++ ==========
[2025-09-22 14:44:11.338] [info] 

========== ConditionRepresentations ==========
rectangular: 1
0 -1 0 0 <= -18
x1 above(18), 
========== +++++++++++++++++++ ==========
[2025-09-22 14:44:11.338] [info] 

========== ConditionRepresentations ==========
rectangular: 1
0 -1 0 0 <= -18
x1 above(18), 
========== +++++++++++++++++++ ==========
[2025-09-22 14:44:11.338] [info] 

========== ConditionRepresentations ==========
rectangular: 1
0 -1 0 0 <= -18
x1 above(18), 
========== +++++++++++++++++++ ==========
[2025-09-22 14:44:11.338] [info] 

========== ConditionRepresentations ==========
rectangular: 1
0 -1 0 0 <= -18
x1 above(18), 
========== +++++++++++++++++++ ==========
[2025-09-22 14:44:11.338] [info] 

========== ConditionRepresentations ==========
rectangular: 1
0 -1 0 0 <= -18
x1 above(18), 
========== +++++++++++++++++++ ==========
[2025-09-22 15:40:02.329] [info] 2.2 Reachability Analysis: 3350991
[2025-09-22 15:40:02.489] [info] 2.3 Augment Reach Tree: 159
[2025-09-22 15:40:02.666] [info] 2.4 Creating Unified Datastructure from Reach Tree: 114
[2025-09-22 15:40:02.666] [info] 2.5 Simulating on full Reach Tree: 0
[2025-09-22 15:44:03.217] [info] 2.6.0 Labeling Reach Tree Nodes: 240549
[2025-09-22 15:44:03.222] [info] 2.6.1 Removing Unfulfilling Subtrees: 4
[2025-09-22 15:44:03.222] [info] 2.6 Pre-checking and Reduction: 240554
[2025-09-22 15:44:03.224] [info] node count before and after reduction 182043 182043
[2025-09-22 15:44:07.917] [info] runs 1000 | prob 1 | low 1 | high 1
[2025-09-22 15:44:12.617] [info] runs 1000 | prob 1 | low 1 | high 1
[2025-09-22 15:44:17.331] [info] runs 1000 | prob 0.999 | low 0.9964252883221612 | high 1
[2025-09-22 15:44:22.074] [info] runs 1000 | prob 1 | low 1 | high 1
[2025-09-22 15:44:26.779] [info] runs 1000 | prob 1 | low 1 | high 1
[2025-09-22 15:44:31.493] [info] runs 1000 | prob 0.999 | low 0.9964252883221612 | high 1
[2025-09-22 15:44:36.208] [info] runs 1000 | prob 1 | low 1 | high 1
[2025-09-22 15:44:40.884] [info] runs 1000 | prob 1 | low 1 | high 1
[2025-09-22 15:44:45.614] [info] runs 1000 | prob 0.999 | low 0.9964252883221612 | high 1
[2025-09-22 15:44:50.289] [info] runs 1000 | prob 1 | low 1 | high 1
[2025-09-22 15:44:55.019] [info] runs 1000 | prob 1 | low 1 | high 1
[2025-09-22 15:44:59.743] [info] runs 1000 | prob 0.997 | low 0.9925449347910497 | high 1
[2025-09-22 15:45:04.427] [info] runs 1000 | prob 0.999 | low 0.9964252883221612 | high 1
[2025-09-22 15:45:09.148] [info] runs 1000 | prob 0.998 | low 0.9943606307007944 | high 1
[2025-09-22 15:45:13.857] [info] runs 1000 | prob 1 | low 1 | high 1
[2025-09-22 15:45:18.573] [info] runs 1000 | prob 0.998 | low 0.9943606307007944 | high 1
[2025-09-22 15:45:23.266] [info] runs 1000 | prob 1 | low 1 | high 1
[2025-09-22 15:45:27.983] [info] runs 1000 | prob 1 | low 1 | high 1
[2025-09-22 15:45:32.721] [info] runs 1000 | prob 0.999 | low 0.9964252883221612 | high 1
[2025-09-22 15:45:37.417] [info] runs 1000 | prob 0.999 | low 0.9964252883221612 | high 1
[2025-09-22 15:45:42.111] [info] runs 1000 | prob 1 | low 1 | high 1
[2025-09-22 15:45:46.821] [info] runs 1000 | prob 0.999 | low 0.9964252883221612 | high 1
[2025-09-22 15:45:51.500] [info] runs 1000 | prob 1 | low 1 | high 1
[2025-09-22 15:45:56.229] [info] runs 1000 | prob 0.998 | low 0.9943606307007944 | high 1
[2025-09-22 15:46:00.939] [info] runs 1000 | prob 0.999 | low 0.9964252883221612 | high 1
[2025-09-22 15:46:00.970] [info] RESULT:
training_time, simulation_time, prob, low, high, runs
4689, 3, 1, 1, 1, 1000
4665, 3, 1, 1, 1, 1000
4679, 3, 0.999, 0.9964252883221612, 1, 1000
4707, 3, 1, 1, 1, 1000
4669, 3, 1, 1, 1, 1000
4679, 3, 0.999, 0.9964252883221612, 1, 1000
4680, 3, 1, 1, 1, 1000
4640, 3, 1, 1, 1, 1000
4695, 3, 0.999, 0.9964252883221612, 1, 1000
4639, 3, 1, 1, 1, 1000
4695, 3, 1, 1, 1, 1000
4688, 3, 0.997, 0.9925449347910497, 1, 1000
4648, 3, 0.999, 0.9964252883221612, 1, 1000
4685, 3, 0.998, 0.9943606307007944, 1, 1000
4674, 3, 1, 1, 1, 1000
4681, 3, 0.998, 0.9943606307007944, 1, 1000
4658, 3, 1, 1, 1, 1000
4681, 3, 1, 1, 1, 1000
4702, 3, 0.999, 0.9964252883221612, 1, 1000
4660, 3, 0.999, 0.9964252883221612, 1, 1000
4658, 3, 1, 1, 1, 1000
4675, 3, 0.999, 0.9964252883221612, 1, 1000
4643, 3, 1, 1, 1, 1000
4694, 3, 0.998, 0.9943606307007944, 1, 1000
4675, 3, 0.999, 0.9964252883221612, 1, 1000
# timestamp 22.09.2025 14:44:11 (1758545051), datastructure reach_tree_reduced
# timebound 16, expirations {"r1": 2, "r2": 4}
# alpha 0.1, gamma 1
# fixed points 5, uniform granularity 0.5
# scheduler goal: MAXIMIZING, scope: PROPHETIC, history: MEMORYLESS
# training runs 1000000

[2025-09-22 15:46:04.346] [info] runs 1000 | prob 1 | low 1 | high 1
[2025-09-22 15:46:07.702] [info] runs 1000 | prob 1 | low 1 | high 1
[2025-09-22 15:46:11.069] [info] runs 1000 | prob 1 | low 1 | high 1
[2025-09-22 15:46:14.413] [info] runs 1000 | prob 1 | low 1 | high 1
[2025-09-22 15:46:17.770] [info] runs 1000 | prob 1 | low 1 | high 1
[2025-09-22 15:46:21.154] [info] runs 1000 | prob 1 | low 1 | high 1
[2025-09-22 15:46:24.524] [info] runs 1000 | prob 1 | low 1 | high 1
[2025-09-22 15:46:27.893] [info] runs 1000 | prob 0.999 | low 0.9964252883221612 | high 1
[2025-09-22 15:46:31.259] [info] runs 1000 | prob 1 | low 1 | high 1
[2025-09-22 15:46:34.617] [info] runs 1000 | prob 0.999 | low 0.9964252883221612 | high 1
[2025-09-22 15:46:37.951] [info] runs 1000 | prob 1 | low 1 | high 1
[2025-09-22 15:46:41.259] [info] runs 1000 | prob 0.999 | low 0.9964252883221612 | high 1
[2025-09-22 15:46:44.616] [info] runs 1000 | prob 0.999 | low 0.9964252883221612 | high 1
[2025-09-22 15:46:47.963] [info] runs 1000 | prob 1 | low 1 | high 1
[2025-09-22 15:46:51.333] [info] runs 1000 | prob 1 | low 1 | high 1
[2025-09-22 15:46:54.710] [info] runs 1000 | prob 1 | low 1 | high 1
[2025-09-22 15:46:58.059] [info] runs 1000 | prob 1 | low 1 | high 1
[2025-09-22 15:47:01.406] [info] runs 1000 | prob 1 | low 1 | high 1
[2025-09-22 15:47:04.756] [info] runs 1000 | prob 0.999 | low 0.9964252883221612 | high 1
[2025-09-22 15:47:08.086] [info] runs 1000 | prob 0.999 | low 0.9964252883221612 | high 1
[2025-09-22 15:47:11.428] [info] runs 1000 | prob 0.999 | low 0.9964252883221612 | high 1
[2025-09-22 15:47:14.815] [info] runs 1000 | prob 1 | low 1 | high 1
[2025-09-22 15:47:18.118] [info] runs 1000 | prob 1 | low 1 | high 1
[2025-09-22 15:47:21.474] [info] runs 1000 | prob 0.998 | low 0.9943606307007944 | high 1
[2025-09-22 15:47:24.799] [info] runs 1000 | prob 0.999 | low 0.9964252883221612 | high 1
[2025-09-22 15:47:24.799] [info] RESULT:
training_time, simulation_time, prob, low, high, runs
3373, 2, 1, 1, 1, 1000
3353, 2, 1, 1, 1, 1000
3364, 2, 1, 1, 1, 1000
3341, 2, 1, 1, 1, 1000
3354, 2, 1, 1, 1, 1000
3381, 2, 1, 1, 1, 1000
3366, 2, 1, 1, 1, 1000
3366, 2, 0.999, 0.9964252883221612, 1, 1000
3363, 2, 1, 1, 1, 1000
3354, 2, 0.999, 0.9964252883221612, 1, 1000
3330, 2, 1, 1, 1, 1000
3305, 2, 0.999, 0.9964252883221612, 1, 1000
3354, 2, 0.999, 0.9964252883221612, 1, 1000
3343, 2, 1, 1, 1, 1000
3367, 2, 1, 1, 1, 1000
3374, 2, 1, 1, 1, 1000
3346, 2, 1, 1, 1, 1000
3343, 2, 1, 1, 1, 1000
3347, 2, 0.999, 0.9964252883221612, 1, 1000
3326, 2, 0.999, 0.9964252883221612, 1, 1000
3338, 2, 0.999, 0.9964252883221612, 1, 1000
3384, 2, 1, 1, 1, 1000
3300, 2, 1, 1, 1, 1000
3352, 2, 0.998, 0.9943606307007944, 1, 1000
3322, 2, 0.999, 0.9964252883221612, 1, 1000
# timestamp 22.09.2025 14:44:11 (1758545051), datastructure reach_tree_reduced
# timebound 16, expirations {"r1": 2, "r2": 4}
# alpha 0.1, gamma 1
# fixed points 5, uniform granularity 0.5
# scheduler goal: MAXIMIZING, scope: NONPROPHETIC, history: MEMORYLESS
# training runs 1000000

[2025-09-22 15:47:24.799] [info] 2.7 Simulating on reduced Reach Tree: 201574
[2025-09-22 15:47:27.313] [info] Analysis finished; the goal is not reachable.
[2025-09-22 15:47:27.313] [info] Probability: 0.0
[2025-09-22 15:47:27.313] [info] 2 Analysis: 3795976
[2025-09-22 15:47:27.313] [info] 0 Computation Time Complete: 3795978
[2025-09-22 15:47:27.313] [info] Counters and timers:
Counters:

Timers:
0 Computation Time Complete: 3795978
1 Model creation: 2
2 Analysis: 3795976
2.2 Reachability Analysis: 3350991
2.3 Augment Reach Tree: 159
2.4 Creating Unified Datastructure from Reach Tree: 114
2.5 Simulating on full Reach Tree: 0
2.6 Pre-checking and Reduction: 240554
2.6.0 Labeling Reach Tree Nodes: 240549
2.6.1 Removing Unfulfilling Subtrees: 4
2.7 Simulating on reduced Reach Tree: 201574

