timebound = 18, jump depth = 100, max expirations of random clocks = [{r1: 2}, {r2: 4}], combine absorbing locations in unrolling = 236, integration bound(s) = 18, integration samples = 500000, model = WATERTANK, model case = CASE_A, LTI analysis = rectangular analysis, scheduler = goal: MAXIMIZING, scope: PROPHETIC, history: HISTORY_DEPENDENT, multithreaded = 1, disableBackwardsRefinement = 0
simulating 0 runs after 1000000 training runs with parameters:
learning rate                 0.1
discount factor               1
exploration rate              0.15
uniform granularity           0.5
adaptive compartments         5


[2025-09-22 15:47:27.487] [warning] no flow specified for variable c1 in location all_off - assuming flow of 0
[2025-09-22 15:47:27.487] [warning] no flow specified for variable c1 in location v2_on - assuming flow of 0
[2025-09-22 15:47:27.487] [warning] no flow specified for variable c1 in location v1_block - assuming flow of 0
[2025-09-22 15:47:27.487] [warning] no flow specified for variable c1 in location v2_block - assuming flow of 0
[2025-09-22 15:47:27.487] [warning] no flow specified for variable c1 in location v1_block_v2_on - assuming flow of 0
[2025-09-22 15:47:27.487] [warning] no flow specified for variable c1 in location block_safe - assuming flow of 0
[2025-09-22 15:47:27.487] [warning] no flow specified for variable c1 in location block_unsafe - assuming flow of 0
[2025-09-22 15:47:27.487] [warning] no flow specified for variable c2 in location all_off - assuming flow of 0
[2025-09-22 15:47:27.487] [warning] no flow specified for variable c2 in location v1_on - assuming flow of 0
[2025-09-22 15:47:27.487] [warning] no flow specified for variable c2 in location v1_block - assuming flow of 0
[2025-09-22 15:47:27.487] [warning] no flow specified for variable c2 in location v2_block - assuming flow of 0
[2025-09-22 15:47:27.487] [warning] no flow specified for variable c2 in location v2_block_v1_on - assuming flow of 0
[2025-09-22 15:47:27.487] [warning] no flow specified for variable c2 in location block_safe - assuming flow of 0
[2025-09-22 15:47:27.487] [warning] no flow specified for variable c2 in location block_unsafe - assuming flow of 0
[2025-09-22 15:47:27.489] [warning] no constraints specified for variable c1 in initial constraint number 0 - assuming [0,0]
[2025-09-22 15:47:27.489] [warning] no constraints specified for variable c2 in initial constraint number 0 - assuming [0,0]
[2025-09-22 15:47:27.489] [info] 1 Model creation: 2
[2025-09-22 15:47:27.489] [info] 

========== ConditionRepresentations ==========
rectangular: 1
0 1 0 0 <= 16
-1 0 0 0 <= 0
1 0 0 0 <= 18
x0 range(-0, 18), x1 below(16), 
========== +++++++++++++++++++ ==========
[2025-09-22 15:47:27.489] [info] 

========== ConditionRepresentations ==========
rectangular: 1
0 0 1 0 <= 2
-1 0 0 0 <= 0
1 0 0 0 <= 18
x0 range(-0, 18), x2 below(2), 
========== +++++++++++++++++++ ==========
[2025-09-22 15:47:27.489] [info] 

========== ConditionRepresentations ==========
rectangular: 1
0 0 0 1 <= 1
-1 0 0 0 <= 0
1 0 0 0 <= 18
x0 range(-0, 18), x3 below(1), 
========== +++++++++++++++++++ ==========
[2025-09-22 15:47:27.489] [info] 

========== ConditionRepresentations ==========
rectangular: 1
0 1 0 0 <= 16
-1 0 0 0 <= 0
1 0 0 0 <= 18
x0 range(-0, 18), x1 below(16), 
========== +++++++++++++++++++ ==========
[2025-09-22 15:47:27.489] [info] 

========== ConditionRepresentations ==========
rectangular: 1
0 1 0 0 <= 16
-1 0 0 0 <= 0
1 0 0 0 <= 18
x0 range(-0, 18), x1 below(16), 
========== +++++++++++++++++++ ==========
[2025-09-22 15:47:27.489] [info] 

========== ConditionRepresentations ==========
rectangular: 1
0 0 0 1 <= 1
-1 0 0 0 <= 0
1 0 0 0 <= 18
x0 range(-0, 18), x3 below(1), 
========== +++++++++++++++++++ ==========
[2025-09-22 15:47:27.489] [info] 

========== ConditionRepresentations ==========
rectangular: 1
0 0 1 0 <= 2
-1 0 0 0 <= 0
1 0 0 0 <= 18
x0 range(-0, 18), x2 below(2), 
========== +++++++++++++++++++ ==========
[2025-09-22 15:47:27.489] [info] 

========== ConditionRepresentations ==========
rectangular: 1
0 1 0 0 <= 16
-1 0 0 0 <= 0
1 0 0 0 <= 18
x0 range(-0, 18), x1 below(16), 
========== +++++++++++++++++++ ==========
[2025-09-22 15:47:27.489] [info] 

========== ConditionRepresentations ==========
rectangular: 1
-1 0 0 0 <= 0
1 0 0 0 <= 18
x0 range(-0, 18), 
========== +++++++++++++++++++ ==========
[2025-09-22 15:47:27.489] [info] 

========== ConditionRepresentations ==========
rectangular: 1
0 1 0 0 <= 16
-1 0 0 0 <= 0
1 0 0 0 <= 18
x0 range(-0, 18), x1 below(16), 
========== +++++++++++++++++++ ==========
[2025-09-22 15:47:27.489] [info] 

========== ConditionRepresentations ==========
rectangular: 1
0 0 1 0 <= 2
-1 0 0 0 <= 0
1 0 0 0 <= 18
x0 range(-0, 18), x2 below(2), 
========== +++++++++++++++++++ ==========
[2025-09-22 15:47:27.489] [info] 

========== ConditionRepresentations ==========
rectangular: 1
0 0 0 1 <= 1
-1 0 0 0 <= 0
1 0 0 0 <= 18
x0 range(-0, 18), x3 below(1), 
========== +++++++++++++++++++ ==========
[2025-09-22 15:47:27.489] [info] 

========== ConditionRepresentations ==========
rectangular: 1
0 1 0 0 <= 16
-1 0 0 0 <= 0
1 0 0 0 <= 18
x0 range(-0, 18), x1 below(16), 
========== +++++++++++++++++++ ==========
[2025-09-22 15:47:27.489] [info] 

========== ConditionRepresentations ==========
rectangular: 1
0 1 0 0 <= 16
-1 0 0 0 <= 0
1 0 0 0 <= 18
x0 range(-0, 18), x1 below(16), 
========== +++++++++++++++++++ ==========
[2025-09-22 15:47:27.489] [info] 

========== ConditionRepresentations ==========
rectangular: 1
0 0 0 1 <= 1
-1 0 0 0 <= 0
1 0 0 0 <= 18
x0 range(-0, 18), x3 below(1), 
========== +++++++++++++++++++ ==========
[2025-09-22 15:47:27.489] [info] 

========== ConditionRepresentations ==========
rectangular: 1
0 0 1 0 <= 2
-1 0 0 0 <= 0
1 0 0 0 <= 18
x0 range(-0, 18), x2 below(2), 
========== +++++++++++++++++++ ==========
[2025-09-22 15:47:27.489] [info] 

========== ConditionRepresentations ==========
rectangular: 1
0 1 0 0 <= 16
-1 0 0 0 <= 0
1 0 0 0 <= 18
x0 range(-0, 18), x1 below(16), 
========== +++++++++++++++++++ ==========
[2025-09-22 15:47:27.489] [info] 

========== ConditionRepresentations ==========
rectangular: 1
-1 0 0 0 <= 0
1 0 0 0 <= 18
x0 range(-0, 18), 
========== +++++++++++++++++++ ==========
[2025-09-22 15:47:27.489] [info] 

========== ConditionRepresentations ==========
rectangular: 1
0 1 0 0 <= 16
-1 0 0 0 <= 0
1 0 0 0 <= 18
x0 range(-0, 18), x1 below(16), 
========== +++++++++++++++++++ ==========
[2025-09-22 15:47:27.489] [info] 

========== ConditionRepresentations ==========
rectangular: 1
0 0 1 0 <= 2
-1 0 0 0 <= 0
1 0 0 0 <= 18
x0 range(-0, 18), x2 below(2), 
========== +++++++++++++++++++ ==========
[2025-09-22 15:47:27.489] [info] 

========== ConditionRepresentations ==========
rectangular: 1
0 0 0 1 <= 1
-1 0 0 0 <= 0
1 0 0 0 <= 18
x0 range(-0, 18), x3 below(1), 
========== +++++++++++++++++++ ==========
[2025-09-22 15:47:27.489] [info] 

========== ConditionRepresentations ==========
rectangular: 1
0 1 0 0 <= 16
-1 0 0 0 <= 0
1 0 0 0 <= 18
x0 range(-0, 18), x1 below(16), 
========== +++++++++++++++++++ ==========
[2025-09-22 15:47:27.489] [info] 

========== ConditionRepresentations ==========
rectangular: 1
0 1 0 0 <= 16
-1 0 0 0 <= 0
1 0 0 0 <= 18
x0 range(-0, 18), x1 below(16), 
========== +++++++++++++++++++ ==========
[2025-09-22 15:47:27.489] [info] 

========== ConditionRepresentations ==========
rectangular: 1
0 0 0 1 <= 1
-1 0 0 0 <= 0
1 0 0 0 <= 18
x0 range(-0, 18), x3 below(1), 
========== +++++++++++++++++++ ==========
[2025-09-22 15:47:27.489] [info] 

========== ConditionRepresentations ==========
rectangular: 1
0 0 1 0 <= 2
-1 0 0 0 <= 0
1 0 0 0 <= 18
x0 range(-0, 18), x2 below(2), 
========== +++++++++++++++++++ ==========
[2025-09-22 15:47:27.489] [info] 

========== ConditionRepresentations ==========
rectangular: 1
0 1 0 0 <= 16
-1 0 0 0 <= 0
1 0 0 0 <= 18
x0 range(-0, 18), x1 below(16), 
========== +++++++++++++++++++ ==========
[2025-09-22 15:47:27.489] [info] 

========== ConditionRepresentations ==========
rectangular: 1
-1 0 0 0 <= 0
1 0 0 0 <= 18
x0 range(-0, 18), 
========== +++++++++++++++++++ ==========
[2025-09-22 15:47:27.489] [info] 

========== ConditionRepresentations ==========
rectangular: 1
0 1 0 0 <= 16
-1 0 0 0 <= 0
1 0 0 0 <= 18
x0 range(-0, 18), x1 below(16), 
========== +++++++++++++++++++ ==========
[2025-09-22 15:47:27.489] [info] 

========== ConditionRepresentations ==========
rectangular: 1
0 0 1 0 <= 2
-1 0 0 0 <= 0
1 0 0 0 <= 18
x0 range(-0, 18), x2 below(2), 
========== +++++++++++++++++++ ==========
[2025-09-22 15:47:27.489] [info] 

========== ConditionRepresentations ==========
rectangular: 1
0 0 0 1 <= 1
-1 0 0 0 <= 0
1 0 0 0 <= 18
x0 range(-0, 18), x3 below(1), 
========== +++++++++++++++++++ ==========
[2025-09-22 15:47:27.489] [info] 

========== ConditionRepresentations ==========
rectangular: 1
0 1 0 0 <= 16
-1 0 0 0 <= 0
1 0 0 0 <= 18
x0 range(-0, 18), x1 below(16), 
========== +++++++++++++++++++ ==========
[2025-09-22 15:47:27.489] [info] 

========== ConditionRepresentations ==========
rectangular: 1
0 1 0 0 <= 16
-1 0 0 0 <= 0
1 0 0 0 <= 18
x0 range(-0, 18), x1 below(16), 
========== +++++++++++++++++++ ==========
[2025-09-22 15:47:27.489] [info] 

========== ConditionRepresentations ==========
rectangular: 1
0 0 0 1 <= 1
-1 0 0 0 <= 0
1 0 0 0 <= 18
x0 range(-0, 18), x3 below(1), 
========== +++++++++++++++++++ ==========
[2025-09-22 15:47:27.489] [info] 

========== ConditionRepresentations ==========
rectangular: 1
0 0 1 0 <= 2
-1 0 0 0 <= 0
1 0 0 0 <= 18
x0 range(-0, 18), x2 below(2), 
========== +++++++++++++++++++ ==========
[2025-09-22 15:47:27.489] [info] 

========== ConditionRepresentations ==========
rectangular: 1
0 1 0 0 <= 16
-1 0 0 0 <= 0
1 0 0 0 <= 18
x0 range(-0, 18), x1 below(16), 
========== +++++++++++++++++++ ==========
[2025-09-22 15:47:27.489] [info] 

========== ConditionRepresentations ==========
rectangular: 1
-1 0 0 0 <= 0
1 0 0 0 <= 18
x0 range(-0, 18), 
========== +++++++++++++++++++ ==========
[2025-09-22 15:47:27.489] [info] 

========== ConditionRepresentations ==========
rectangular: 1
0 1 0 0 <= 16
-1 0 0 0 <= 0
1 0 0 0 <= 18
x0 range(-0, 18), x1 below(16), 
========== +++++++++++++++++++ ==========
[2025-09-22 15:47:27.489] [info] 

========== ConditionRepresentations ==========
rectangular: 1
0 0 1 0 <= 2
-1 0 0 0 <= 0
1 0 0 0 <= 18
x0 range(-0, 18), x2 below(2), 
========== +++++++++++++++++++ ==========
[2025-09-22 15:47:27.489] [info] 

========== ConditionRepresentations ==========
rectangular: 1
0 0 0 1 <= 1
-1 0 0 0 <= 0
1 0 0 0 <= 18
x0 range(-0, 18), x3 below(1), 
========== +++++++++++++++++++ ==========
[2025-09-22 15:47:27.489] [info] 

========== ConditionRepresentations ==========
rectangular: 1
0 1 0 0 <= 16
-1 0 0 0 <= 0
1 0 0 0 <= 18
x0 range(-0, 18), x1 below(16), 
========== +++++++++++++++++++ ==========
[2025-09-22 15:47:27.489] [info] 

========== ConditionRepresentations ==========
rectangular: 1
0 1 0 0 <= 16
-1 0 0 0 <= 0
1 0 0 0 <= 18
x0 range(-0, 18), x1 below(16), 
========== +++++++++++++++++++ ==========
[2025-09-22 15:47:27.489] [info] 

========== ConditionRepresentations ==========
rectangular: 1
0 0 0 1 <= 1
-1 0 0 0 <= 0
1 0 0 0 <= 18
x0 range(-0, 18), x3 below(1), 
========== +++++++++++++++++++ ==========
[2025-09-22 15:47:27.489] [info] 

========== ConditionRepresentations ==========
rectangular: 1
0 0 1 0 <= 2
-1 0 0 0 <= 0
1 0 0 0 <= 18
x0 range(-0, 18), x2 below(2), 
========== +++++++++++++++++++ ==========
[2025-09-22 15:47:27.489] [info] 

========== ConditionRepresentations ==========
rectangular: 1
0 1 0 0 <= 16
-1 0 0 0 <= 0
1 0 0 0 <= 18
x0 range(-0, 18), x1 below(16), 
========== +++++++++++++++++++ ==========
[2025-09-22 15:47:27.490] [info] 

========== ConditionRepresentations ==========
rectangular: 1
-1 0 0 0 <= 0
1 0 0 0 <= 18
x0 range(-0, 18), 
========== +++++++++++++++++++ ==========
[2025-09-22 15:47:27.490] [info] 

========== ConditionRepresentations ==========
rectangular: 1
0 1 0 0 <= 16
-1 0 0 0 <= 0
1 0 0 0 <= 18
x0 range(-0, 18), x1 below(16), 
========== +++++++++++++++++++ ==========
[2025-09-22 15:47:27.490] [info] 

========== ConditionRepresentations ==========
rectangular: 1
0 0 1 0 <= 2
-1 0 0 0 <= 0
1 0 0 0 <= 18
x0 range(-0, 18), x2 below(2), 
========== +++++++++++++++++++ ==========
[2025-09-22 15:47:27.490] [info] 

========== ConditionRepresentations ==========
rectangular: 1
0 0 0 1 <= 1
-1 0 0 0 <= 0
1 0 0 0 <= 18
x0 range(-0, 18), x3 below(1), 
========== +++++++++++++++++++ ==========
[2025-09-22 15:47:27.490] [info] 

========== ConditionRepresentations ==========
rectangular: 1
0 1 0 0 <= 16
-1 0 0 0 <= 0
1 0 0 0 <= 18
x0 range(-0, 18), x1 below(16), 
========== +++++++++++++++++++ ==========
[2025-09-22 15:47:27.490] [info] 

========== ConditionRepresentations ==========
rectangular: 1
0 1 0 0 <= 16
-1 0 0 0 <= 0
1 0 0 0 <= 18
x0 range(-0, 18), x1 below(16), 
========== +++++++++++++++++++ ==========
[2025-09-22 15:47:27.490] [info] 

========== ConditionRepresentations ==========
rectangular: 1
0 0 0 1 <= 1
-1 0 0 0 <= 0
1 0 0 0 <= 18
x0 range(-0, 18), x3 below(1), 
========== +++++++++++++++++++ ==========
[2025-09-22 15:47:27.490] [info] 

========== ConditionRepresentations ==========
rectangular: 1
0 0 1 0 <= 2
-1 0 0 0 <= 0
1 0 0 0 <= 18
x0 range(-0, 18), x2 below(2), 
========== +++++++++++++++++++ ==========
[2025-09-22 15:47:27.490] [info] 

========== ConditionRepresentations ==========
rectangular: 1
0 1 0 0 <= 16
-1 0 0 0 <= 0
1 0 0 0 <= 18
x0 range(-0, 18), x1 below(16), 
========== +++++++++++++++++++ ==========
[2025-09-22 15:47:27.490] [info] 

========== ConditionRepresentations ==========
rectangular: 1
-1 0 0 0 <= 0
1 0 0 0 <= 18
x0 range(-0, 18), 
========== +++++++++++++++++++ ==========
[2025-09-22 15:47:27.490] [info] 

========== ConditionRepresentations ==========
rectangular: 1
0 1 0 0 <= 16
-1 0 0 0 <= 0
1 0 0 0 <= 18
x0 range(-0, 18), x1 below(16), 
========== +++++++++++++++++++ ==========
[2025-09-22 15:47:27.490] [info] 

========== ConditionRepresentations ==========
rectangular: 1
0 0 1 0 <= 2
-1 0 0 0 <= 0
1 0 0 0 <= 18
x0 range(-0, 18), x2 below(2), 
========== +++++++++++++++++++ ==========
[2025-09-22 15:47:27.490] [info] 

========== ConditionRepresentations ==========
rectangular: 1
0 0 0 1 <= 1
-1 0 0 0 <= 0
1 0 0 0 <= 18
x0 range(-0, 18), x3 below(1), 
========== +++++++++++++++++++ ==========
[2025-09-22 15:47:27.490] [info] 

========== ConditionRepresentations ==========
rectangular: 1
0 1 0 0 <= 16
-1 0 0 0 <= 0
1 0 0 0 <= 18
x0 range(-0, 18), x1 below(16), 
========== +++++++++++++++++++ ==========
[2025-09-22 15:47:27.490] [info] 

========== ConditionRepresentations ==========
rectangular: 1
0 1 0 0 <= 16
-1 0 0 0 <= 0
1 0 0 0 <= 18
x0 range(-0, 18), x1 below(16), 
========== +++++++++++++++++++ ==========
[2025-09-22 15:47:27.490] [info] 

========== ConditionRepresentations ==========
rectangular: 1
0 0 0 1 <= 1
-1 0 0 0 <= 0
1 0 0 0 <= 18
x0 range(-0, 18), x3 below(1), 
========== +++++++++++++++++++ ==========
[2025-09-22 15:47:27.490] [info] 

========== ConditionRepresentations ==========
rectangular: 1
0 0 1 0 <= 2
-1 0 0 0 <= 0
1 0 0 0 <= 18
x0 range(-0, 18), x2 below(2), 
========== +++++++++++++++++++ ==========
[2025-09-22 15:47:27.490] [info] 

========== ConditionRepresentations ==========
rectangular: 1
0 1 0 0 <= 16
-1 0 0 0 <= 0
1 0 0 0 <= 18
x0 range(-0, 18), x1 below(16), 
========== +++++++++++++++++++ ==========
[2025-09-22 15:47:27.490] [info] 

========== ConditionRepresentations ==========
rectangular: 1
-1 0 0 0 <= 0
1 0 0 0 <= 18
x0 range(-0, 18), 
========== +++++++++++++++++++ ==========
[2025-09-22 15:47:27.490] [info] 

========== ConditionRepresentations ==========
rectangular: 1
0 1 0 0 <= 16
-1 0 0 0 <= 0
1 0 0 0 <= 18
x0 range(-0, 18), x1 below(16), 
========== +++++++++++++++++++ ==========
[2025-09-22 15:47:27.490] [info] 

========== ConditionRepresentations ==========
rectangular: 1
0 0 1 0 <= 2
-1 0 0 0 <= 0
1 0 0 0 <= 18
x0 range(-0, 18), x2 below(2), 
========== +++++++++++++++++++ ==========
[2025-09-22 15:47:27.490] [info] 

========== ConditionRepresentations ==========
rectangular: 1
0 0 0 1 <= 1
-1 0 0 0 <= 0
1 0 0 0 <= 18
x0 range(-0, 18), x3 below(1), 
========== +++++++++++++++++++ ==========
[2025-09-22 15:47:27.490] [info] 

========== ConditionRepresentations ==========
rectangular: 1
0 1 0 0 <= 16
-1 0 0 0 <= 0
1 0 0 0 <= 18
x0 range(-0, 18), x1 below(16), 
========== +++++++++++++++++++ ==========
[2025-09-22 15:47:27.490] [info] 

========== ConditionRepresentations ==========
rectangular: 1
0 1 0 0 <= 16
-1 0 0 0 <= 0
1 0 0 0 <= 18
x0 range(-0, 18), x1 below(16), 
========== +++++++++++++++++++ ==========
[2025-09-22 15:47:27.490] [info] 

========== ConditionRepresentations ==========
rectangular: 1
0 0 0 1 <= 1
-1 0 0 0 <= 0
1 0 0 0 <= 18
x0 range(-0, 18), x3 below(1), 
========== +++++++++++++++++++ ==========
[2025-09-22 15:47:27.490] [info] 

========== ConditionRepresentations ==========
rectangular: 1
0 0 1 0 <= 2
-1 0 0 0 <= 0
1 0 0 0 <= 18
x0 range(-0, 18), x2 below(2), 
========== +++++++++++++++++++ ==========
[2025-09-22 15:47:27.490] [info] 

========== ConditionRepresentations ==========
rectangular: 1
0 1 0 0 <= 16
-1 0 0 0 <= 0
1 0 0 0 <= 18
x0 range(-0, 18), x1 below(16), 
========== +++++++++++++++++++ ==========
[2025-09-22 15:47:27.490] [info] 

========== ConditionRepresentations ==========
rectangular: 1
-1 0 0 0 <= 0
1 0 0 0 <= 18
x0 range(-0, 18), 
========== +++++++++++++++++++ ==========
[2025-09-22 15:47:27.490] [info] 

========== ConditionRepresentations ==========
rectangular: 1
0 1 0 0 <= 16
-1 0 0 0 <= 0
1 0 0 0 <= 18
x0 range(-0, 18), x1 below(16), 
========== +++++++++++++++++++ ==========
[2025-09-22 15:47:27.490] [info] 

========== ConditionRepresentations ==========
rectangular: 1
0 0 1 0 <= 2
-1 0 0 0 <= 0
1 0 0 0 <= 18
x0 range(-0, 18), x2 below(2), 
========== +++++++++++++++++++ ==========
[2025-09-22 15:47:27.490] [info] 

========== ConditionRepresentations ==========
rectangular: 1
0 0 0 1 <= 1
-1 0 0 0 <= 0
1 0 0 0 <= 18
x0 range(-0, 18), x3 below(1), 
========== +++++++++++++++++++ ==========
[2025-09-22 15:47:27.490] [info] 

========== ConditionRepresentations ==========
rectangular: 1
0 1 0 0 <= 16
-1 0 0 0 <= 0
1 0 0 0 <= 18
x0 range(-0, 18), x1 below(16), 
========== +++++++++++++++++++ ==========
[2025-09-22 15:47:27.490] [info] 

========== ConditionRepresentations ==========
rectangular: 1
0 1 0 0 <= 16
-1 0 0 0 <= 0
1 0 0 0 <= 18
x0 range(-0, 18), x1 below(16), 
========== +++++++++++++++++++ ==========
[2025-09-22 15:47:27.490] [info] 

========== ConditionRepresentations ==========
rectangular: 1
0 0 0 1 <= 1
-1 0 0 0 <= 0
1 0 0 0 <= 18
x0 range(-0, 18), x3 below(1), 
========== +++++++++++++++++++ ==========
[2025-09-22 15:47:27.490] [info] 

========== ConditionRepresentations ==========
rectangular: 1
0 0 1 0 <= 2
-1 0 0 0 <= 0
1 0 0 0 <= 18
x0 range(-0, 18), x2 below(2), 
========== +++++++++++++++++++ ==========
[2025-09-22 15:47:27.490] [info] 

========== ConditionRepresentations ==========
rectangular: 1
0 1 0 0 <= 16
-1 0 0 0 <= 0
1 0 0 0 <= 18
x0 range(-0, 18), x1 below(16), 
========== +++++++++++++++++++ ==========
[2025-09-22 15:47:27.490] [info] 

========== ConditionRepresentations ==========
rectangular: 1
-1 0 0 0 <= 0
1 0 0 0 <= 18
x0 range(-0, 18), 
========== +++++++++++++++++++ ==========
[2025-09-22 15:47:27.490] [info] 

========== ConditionRepresentations ==========
rectangular: 1
0 1 0 0 <= 16
-1 0 0 0 <= 0
1 0 0 0 <= 18
x0 range(-0, 18), x1 below(16), 
========== +++++++++++++++++++ ==========
[2025-09-22 15:47:27.490] [info] 

========== ConditionRepresentations ==========
rectangular: 1
0 0 1 0 <= 2
-1 0 0 0 <= 0
1 0 0 0 <= 18
x0 range(-0, 18), x2 below(2), 
========== +++++++++++++++++++ ==========
[2025-09-22 15:47:27.490] [info] 

========== ConditionRepresentations ==========
rectangular: 1
0 0 0 1 <= 1
-1 0 0 0 <= 0
1 0 0 0 <= 18
x0 range(-0, 18), x3 below(1), 
========== +++++++++++++++++++ ==========
[2025-09-22 15:47:27.490] [info] 

========== ConditionRepresentations ==========
rectangular: 1
0 1 0 0 <= 16
-1 0 0 0 <= 0
1 0 0 0 <= 18
x0 range(-0, 18), x1 below(16), 
========== +++++++++++++++++++ ==========
[2025-09-22 15:47:27.490] [info] 

========== ConditionRepresentations ==========
rectangular: 1
0 1 0 0 <= 16
-1 0 0 0 <= 0
1 0 0 0 <= 18
x0 range(-0, 18), x1 below(16), 
========== +++++++++++++++++++ ==========
[2025-09-22 15:47:27.490] [info] 

========== ConditionRepresentations ==========
rectangular: 1
0 0 0 1 <= 1
-1 0 0 0 <= 0
1 0 0 0 <= 18
x0 range(-0, 18), x3 below(1), 
========== +++++++++++++++++++ ==========
[2025-09-22 15:47:27.490] [info] 

========== ConditionRepresentations ==========
rectangular: 1
0 0 1 0 <= 2
-1 0 0 0 <= 0
1 0 0 0 <= 18
x0 range(-0, 18), x2 below(2), 
========== +++++++++++++++++++ ==========
[2025-09-22 15:47:27.490] [info] 

========== ConditionRepresentations ==========
rectangular: 1
0 1 0 0 <= 16
-1 0 0 0 <= 0
1 0 0 0 <= 18
x0 range(-0, 18), x1 below(16), 
========== +++++++++++++++++++ ==========
[2025-09-22 15:47:27.490] [info] 

========== ConditionRepresentations ==========
rectangular: 1
-1 0 0 0 <= 0
1 0 0 0 <= 18
x0 range(-0, 18), 
========== +++++++++++++++++++ ==========
[2025-09-22 15:47:27.490] [info] 

========== ConditionRepresentations ==========
rectangular: 1
0 1 0 0 <= 16
-1 0 0 0 <= 0
1 0 0 0 <= 18
x0 range(-0, 18), x1 below(16), 
========== +++++++++++++++++++ ==========
[2025-09-22 15:47:27.490] [info] 

========== ConditionRepresentations ==========
rectangular: 1
0 0 1 0 <= 2
-1 0 0 0 <= 0
1 0 0 0 <= 18
x0 range(-0, 18), x2 below(2), 
========== +++++++++++++++++++ ==========
[2025-09-22 15:47:27.490] [info] 

========== ConditionRepresentations ==========
rectangular: 1
0 0 0 1 <= 1
-1 0 0 0 <= 0
1 0 0 0 <= 18
x0 range(-0, 18), x3 below(1), 
========== +++++++++++++++++++ ==========
[2025-09-22 15:47:27.490] [info] 

========== ConditionRepresentations ==========
rectangular: 1
0 1 0 0 <= 16
-1 0 0 0 <= 0
1 0 0 0 <= 18
x0 range(-0, 18), x1 below(16), 
========== +++++++++++++++++++ ==========
[2025-09-22 15:47:27.490] [info] 

========== ConditionRepresentations ==========
rectangular: 1
0 1 0 0 <= 16
-1 0 0 0 <= 0
1 0 0 0 <= 18
x0 range(-0, 18), x1 below(16), 
========== +++++++++++++++++++ ==========
[2025-09-22 15:47:27.490] [info] 

========== ConditionRepresentations ==========
rectangular: 1
0 0 0 1 <= 1
-1 0 0 0 <= 0
1 0 0 0 <= 18
x0 range(-0, 18), x3 below(1), 
========== +++++++++++++++++++ ==========
[2025-09-22 15:47:27.490] [info] 

========== ConditionRepresentations ==========
rectangular: 1
0 0 1 0 <= 2
-1 0 0 0 <= 0
1 0 0 0 <= 18
x0 range(-0, 18), x2 below(2), 
========== +++++++++++++++++++ ==========
[2025-09-22 15:47:27.490] [info] 

========== ConditionRepresentations ==========
rectangular: 1
0 1 0 0 <= 16
-1 0 0 0 <= 0
1 0 0 0 <= 18
x0 range(-0, 18), x1 below(16), 
========== +++++++++++++++++++ ==========
[2025-09-22 15:47:27.490] [info] 

========== ConditionRepresentations ==========
rectangular: 1
-1 0 0 0 <= 0
1 0 0 0 <= 18
x0 range(-0, 18), 
========== +++++++++++++++++++ ==========
[2025-09-22 15:47:27.490] [info] 

========== ConditionRepresentations ==========
rectangular: 1
0 1 0 0 <= 16
-1 0 0 0 <= 0
1 0 0 0 <= 18
x0 range(-0, 18), x1 below(16), 
========== +++++++++++++++++++ ==========
[2025-09-22 15:47:27.490] [info] 

========== ConditionRepresentations ==========
rectangular: 1
0 0 1 0 <= 2
-1 0 0 0 <= 0
1 0 0 0 <= 18
x0 range(-0, 18), x2 below(2), 
========== +++++++++++++++++++ ==========
[2025-09-22 15:47:27.490] [info] 

========== ConditionRepresentations ==========
rectangular: 1
0 0 0 1 <= 1
-1 0 0 0 <= 0
1 0 0 0 <= 18
x0 range(-0, 18), x3 below(1), 
========== +++++++++++++++++++ ==========
[2025-09-22 15:47:27.490] [info] 

========== ConditionRepresentations ==========
rectangular: 1
0 1 0 0 <= 16
-1 0 0 0 <= 0
1 0 0 0 <= 18
x0 range(-0, 18), x1 below(16), 
========== +++++++++++++++++++ ==========
[2025-09-22 15:47:27.490] [info] 

========== ConditionRepresentations ==========
rectangular: 1
0 1 0 0 <= 16
-1 0 0 0 <= 0
1 0 0 0 <= 18
x0 range(-0, 18), x1 below(16), 
========== +++++++++++++++++++ ==========
[2025-09-22 15:47:27.490] [info] 

========== ConditionRepresentations ==========
rectangular: 1
0 0 0 1 <= 1
-1 0 0 0 <= 0
1 0 0 0 <= 18
x0 range(-0, 18), x3 below(1), 
========== +++++++++++++++++++ ==========
[2025-09-22 15:47:27.490] [info] 

========== ConditionRepresentations ==========
rectangular: 1
0 0 1 0 <= 2
-1 0 0 0 <= 0
1 0 0 0 <= 18
x0 range(-0, 18), x2 below(2), 
========== +++++++++++++++++++ ==========
[2025-09-22 15:47:27.490] [info] 

========== ConditionRepresentations ==========
rectangular: 1
0 1 0 0 <= 16
-1 0 0 0 <= 0
1 0 0 0 <= 18
x0 range(-0, 18), x1 below(16), 
========== +++++++++++++++++++ ==========
[2025-09-22 15:47:27.490] [info] 

========== ConditionRepresentations ==========
rectangular: 1
-1 0 0 0 <= 0
1 0 0 0 <= 18
x0 range(-0, 18), 
========== +++++++++++++++++++ ==========
[2025-09-22 15:47:27.490] [info] 

========== ConditionRepresentations ==========
rectangular: 1
0 1 0 0 <= 16
-1 0 0 0 <= 0
1 0 0 0 <= 18
x0 range(-0, 18), x1 below(16), 
========== +++++++++++++++++++ ==========
[2025-09-22 15:47:27.490] [info] 

========== ConditionRepresentations ==========
rectangular: 1
0 0 1 0 <= 2
-1 0 0 0 <= 0
1 0 0 0 <= 18
x0 range(-0, 18), x2 below(2), 
========== +++++++++++++++++++ ==========
[2025-09-22 15:47:27.490] [info] 

========== ConditionRepresentations ==========
rectangular: 1
0 0 0 1 <= 1
-1 0 0 0 <= 0
1 0 0 0 <= 18
x0 range(-0, 18), x3 below(1), 
========== +++++++++++++++++++ ==========
[2025-09-22 15:47:27.490] [info] 

========== ConditionRepresentations ==========
rectangular: 1
0 1 0 0 <= 16
-1 0 0 0 <= 0
1 0 0 0 <= 18
x0 range(-0, 18), x1 below(16), 
========== +++++++++++++++++++ ==========
[2025-09-22 15:47:27.490] [info] 

========== ConditionRepresentations ==========
rectangular: 1
0 1 0 0 <= 16
-1 0 0 0 <= 0
1 0 0 0 <= 18
x0 range(-0, 18), x1 below(16), 
========== +++++++++++++++++++ ==========
[2025-09-22 15:47:27.490] [info] 

========== ConditionRepresentations ==========
rectangular: 1
0 0 0 1 <= 1
-1 0 0 0 <= 0
1 0 0 0 <= 18
x0 range(-0, 18), x3 below(1), 
========== +++++++++++++++++++ ==========
[2025-09-22 15:47:27.490] [info] 

========== ConditionRepresentations ==========
rectangular: 1
0 0 1 0 <= 2
-1 0 0 0 <= 0
1 0 0 0 <= 18
x0 range(-0, 18), x2 below(2), 
========== +++++++++++++++++++ ==========
[2025-09-22 15:47:27.490] [info] 

========== ConditionRepresentations ==========
rectangular: 1
0 1 0 0 <= 16
-1 0 0 0 <= 0
1 0 0 0 <= 18
x0 range(-0, 18), x1 below(16), 
========== +++++++++++++++++++ ==========
[2025-09-22 15:47:27.490] [info] 

========== ConditionRepresentations ==========
rectangular: 1
-1 0 0 0 <= 0
1 0 0 0 <= 18
x0 range(-0, 18), 
========== +++++++++++++++++++ ==========
[2025-09-22 15:47:27.490] [info] 

========== ConditionRepresentations ==========
rectangular: 1
0 1 0 0 <= 16
-1 0 0 0 <= 0
1 0 0 0 <= 18
x0 range(-0, 18), x1 below(16), 
========== +++++++++++++++++++ ==========
[2025-09-22 15:47:27.490] [info] 

========== ConditionRepresentations ==========
rectangular: 1
0 0 1 0 <= 2
-1 0 0 0 <= 0
1 0 0 0 <= 18
x0 range(-0, 18), x2 below(2), 
========== +++++++++++++++++++ ==========
[2025-09-22 15:47:27.490] [info] 

========== ConditionRepresentations ==========
rectangular: 1
0 0 0 1 <= 1
-1 0 0 0 <= 0
1 0 0 0 <= 18
x0 range(-0, 18), x3 below(1), 
========== +++++++++++++++++++ ==========
[2025-09-22 15:47:27.490] [info] 

========== ConditionRepresentations ==========
rectangular: 1
0 1 0 0 <= 16
-1 0 0 0 <= 0
1 0 0 0 <= 18
x0 range(-0, 18), x1 below(16), 
========== +++++++++++++++++++ ==========
[2025-09-22 15:47:27.490] [info] 

========== ConditionRepresentations ==========
rectangular: 1
0 1 0 0 <= 16
-1 0 0 0 <= 0
1 0 0 0 <= 18
x0 range(-0, 18), x1 below(16), 
========== +++++++++++++++++++ ==========
[2025-09-22 15:47:27.490] [info] 

========== ConditionRepresentations ==========
rectangular: 1
0 0 0 1 <= 1
-1 0 0 0 <= 0
1 0 0 0 <= 18
x0 range(-0, 18), x3 below(1), 
========== +++++++++++++++++++ ==========
[2025-09-22 15:47:27.490] [info] 

========== ConditionRepresentations ==========
rectangular: 1
0 0 1 0 <= 2
-1 0 0 0 <= 0
1 0 0 0 <= 18
x0 range(-0, 18), x2 below(2), 
========== +++++++++++++++++++ ==========
[2025-09-22 15:47:27.490] [info] 

========== ConditionRepresentations ==========
rectangular: 1
0 1 0 0 <= 16
-1 0 0 0 <= 0
1 0 0 0 <= 18
x0 range(-0, 18), x1 below(16), 
========== +++++++++++++++++++ ==========
[2025-09-22 15:47:27.490] [info] 

========== ConditionRepresentations ==========
rectangular: 1
-1 0 0 0 <= 0
1 0 0 0 <= 18
x0 range(-0, 18), 
========== +++++++++++++++++++ ==========
[2025-09-22 15:47:27.490] [info] 

========== ConditionRepresentations ==========
rectangular: 1
0 1 0 0 <= 16
-1 0 0 0 <= 0
1 0 0 0 <= 18
x0 range(-0, 18), x1 below(16), 
========== +++++++++++++++++++ ==========
[2025-09-22 15:47:27.490] [info] 

========== ConditionRepresentations ==========
rectangular: 1
0 0 1 0 <= 2
-1 0 0 0 <= 0
1 0 0 0 <= 18
x0 range(-0, 18), x2 below(2), 
========== +++++++++++++++++++ ==========
[2025-09-22 15:47:27.490] [info] 

========== ConditionRepresentations ==========
rectangular: 1
0 0 0 1 <= 1
-1 0 0 0 <= 0
1 0 0 0 <= 18
x0 range(-0, 18), x3 below(1), 
========== +++++++++++++++++++ ==========
[2025-09-22 15:47:27.490] [info] 

========== ConditionRepresentations ==========
rectangular: 1
0 1 0 0 <= 16
-1 0 0 0 <= 0
1 0 0 0 <= 18
x0 range(-0, 18), x1 below(16), 
========== +++++++++++++++++++ ==========
[2025-09-22 15:47:27.490] [info] 

========== ConditionRepresentations ==========
rectangular: 1
0 1 0 0 <= 16
-1 0 0 0 <= 0
1 0 0 0 <= 18
x0 range(-0, 18), x1 below(16), 
========== +++++++++++++++++++ ==========
[2025-09-22 15:47:27.490] [info] 

========== ConditionRepresentations ==========
rectangular: 1
0 0 0 1 <= 1
-1 0 0 0 <= 0
1 0 0 0 <= 18
x0 range(-0, 18), x3 below(1), 
========== +++++++++++++++++++ ==========
[2025-09-22 15:47:27.490] [info] 

========== ConditionRepresentations ==========
rectangular: 1
0 0 1 0 <= 2
-1 0 0 0 <= 0
1 0 0 0 <= 18
x0 range(-0, 18), x2 below(2), 
========== +++++++++++++++++++ ==========
[2025-09-22 15:47:27.490] [info] 

========== ConditionRepresentations ==========
rectangular: 1
0 1 0 0 <= 16
-1 0 0 0 <= 0
1 0 0 0 <= 18
x0 range(-0, 18), x1 below(16), 
========== +++++++++++++++++++ ==========
[2025-09-22 15:47:27.490] [info] 

========== ConditionRepresentations ==========
rectangular: 1
-1 0 0 0 <= 0
1 0 0 0 <= 18
x0 range(-0, 18), 
========== +++++++++++++++++++ ==========
[2025-09-22 15:47:27.490] [info] 

========== ConditionRepresentations ==========
rectangular: 1
0 -1 0 0 <= -16
x1 above(16), 
========== +++++++++++++++++++ ==========
[2025-09-22 15:47:27.490] [info] 

========== ConditionRepresentations ==========
rectangular: 1
0 -1 0 0 <= -16
x1 above(16), 
========== +++++++++++++++++++ ==========
[2025-09-22 15:47:27.490] [info] 

========== ConditionRepresentations ==========
rectangular: 1
0 1 0 0 <= 16
0 0 -1 0 <= -2
x1 below(16), x2 above(2), 
========== +++++++++++++++++++ ==========
[2025-09-22 15:47:27.490] [info] 

========== ConditionRepresentations ==========
rectangular: 1
0 -1 0 0 <= -16
0 0 -1 0 <= -2
x1 above(16), x2 above(2), 
========== +++++++++++++++++++ ==========
[2025-09-22 15:47:27.490] [info] 

========== ConditionRepresentations ==========
rectangular: 1
0 1 0 0 <= 16
0 0 0 -1 <= -1
x1 below(16), x3 above(1), 
========== +++++++++++++++++++ ==========
[2025-09-22 15:47:27.490] [info] 

========== ConditionRepresentations ==========
rectangular: 1
0 -1 0 0 <= -16
0 0 0 -1 <= -1
x1 above(16), x3 above(1), 
========== +++++++++++++++++++ ==========
[2025-09-22 15:47:27.490] [info] 

========== ConditionRepresentations ==========
rectangular: 1
0 -1 0 0 <= -16
x1 above(16), 
========== +++++++++++++++++++ ==========
[2025-09-22 15:47:27.490] [info] 

========== ConditionRepresentations ==========
rectangular: 1

========== +++++++++++++++++++ ==========
[2025-09-22 15:47:27.490] [info] 

========== ConditionRepresentations ==========
rectangular: 1
0 -1 0 0 <= -16
x1 above(16), 
========== +++++++++++++++++++ ==========
[2025-09-22 15:47:27.490] [info] 

========== ConditionRepresentations ==========
rectangular: 1

========== +++++++++++++++++++ ==========
[2025-09-22 15:47:27.490] [info] 

========== ConditionRepresentations ==========
rectangular: 1
0 1 0 0 <= 16
0 0 0 -1 <= -1
x1 below(16), x3 above(1), 
========== +++++++++++++++++++ ==========
[2025-09-22 15:47:27.490] [info] 

========== ConditionRepresentations ==========
rectangular: 1
0 -1 0 0 <= -16
0 0 0 -1 <= -1
x1 above(16), x3 above(1), 
========== +++++++++++++++++++ ==========
[2025-09-22 15:47:27.490] [info] 

========== ConditionRepresentations ==========
rectangular: 1

========== +++++++++++++++++++ ==========
[2025-09-22 15:47:27.490] [info] 

========== ConditionRepresentations ==========
rectangular: 1
0 1 0 0 <= 16
0 0 -1 0 <= -2
x1 below(16), x2 above(2), 
========== +++++++++++++++++++ ==========
[2025-09-22 15:47:27.490] [info] 

========== ConditionRepresentations ==========
rectangular: 1
0 -1 0 0 <= -16
0 0 -1 0 <= -2
x1 above(16), x2 above(2), 
========== +++++++++++++++++++ ==========
[2025-09-22 15:47:27.490] [info] 

========== ConditionRepresentations ==========
rectangular: 1

========== +++++++++++++++++++ ==========
[2025-09-22 15:47:27.490] [info] 

========== ConditionRepresentations ==========
rectangular: 1
0 -1 0 0 <= -16
x1 above(16), 
========== +++++++++++++++++++ ==========
[2025-09-22 15:47:27.490] [info] 

========== ConditionRepresentations ==========
rectangular: 1

========== +++++++++++++++++++ ==========
[2025-09-22 15:47:27.490] [info] 

========== ConditionRepresentations ==========
rectangular: 1

========== +++++++++++++++++++ ==========
[2025-09-22 15:47:27.490] [info] 

========== ConditionRepresentations ==========
rectangular: 1

========== +++++++++++++++++++ ==========
[2025-09-22 15:47:27.490] [info] 

========== ConditionRepresentations ==========
rectangular: 1

========== +++++++++++++++++++ ==========
[2025-09-22 15:47:27.490] [info] 

========== ConditionRepresentations ==========
rectangular: 1
0 -1 0 0 <= -16
x1 above(16), 
========== +++++++++++++++++++ ==========
[2025-09-22 15:47:27.490] [info] 

========== ConditionRepresentations ==========
rectangular: 1
0 -1 0 0 <= -16
x1 above(16), 
========== +++++++++++++++++++ ==========
[2025-09-22 15:47:27.490] [info] 

========== ConditionRepresentations ==========
rectangular: 1
0 1 0 0 <= 16
0 0 -1 0 <= -2
x1 below(16), x2 above(2), 
========== +++++++++++++++++++ ==========
[2025-09-22 15:47:27.490] [info] 

========== ConditionRepresentations ==========
rectangular: 1
0 -1 0 0 <= -16
0 0 -1 0 <= -2
x1 above(16), x2 above(2), 
========== +++++++++++++++++++ ==========
[2025-09-22 15:47:27.490] [info] 

========== ConditionRepresentations ==========
rectangular: 1
0 1 0 0 <= 16
0 0 0 -1 <= -1
x1 below(16), x3 above(1), 
========== +++++++++++++++++++ ==========
[2025-09-22 15:47:27.490] [info] 

========== ConditionRepresentations ==========
rectangular: 1
0 -1 0 0 <= -16
0 0 0 -1 <= -1
x1 above(16), x3 above(1), 
========== +++++++++++++++++++ ==========
[2025-09-22 15:47:27.490] [info] 

========== ConditionRepresentations ==========
rectangular: 1
0 -1 0 0 <= -16
x1 above(16), 
========== +++++++++++++++++++ ==========
[2025-09-22 15:47:27.490] [info] 

========== ConditionRepresentations ==========
rectangular: 1

========== +++++++++++++++++++ ==========
[2025-09-22 15:47:27.490] [info] 

========== ConditionRepresentations ==========
rectangular: 1
0 -1 0 0 <= -16
x1 above(16), 
========== +++++++++++++++++++ ==========
[2025-09-22 15:47:27.490] [info] 

========== ConditionRepresentations ==========
rectangular: 1

========== +++++++++++++++++++ ==========
[2025-09-22 15:47:27.490] [info] 

========== ConditionRepresentations ==========
rectangular: 1
0 1 0 0 <= 16
0 0 0 -1 <= -1
x1 below(16), x3 above(1), 
========== +++++++++++++++++++ ==========
[2025-09-22 15:47:27.490] [info] 

========== ConditionRepresentations ==========
rectangular: 1
0 -1 0 0 <= -16
0 0 0 -1 <= -1
x1 above(16), x3 above(1), 
========== +++++++++++++++++++ ==========
[2025-09-22 15:47:27.490] [info] 

========== ConditionRepresentations ==========
rectangular: 1

========== +++++++++++++++++++ ==========
[2025-09-22 15:47:27.490] [info] 

========== ConditionRepresentations ==========
rectangular: 1
0 1 0 0 <= 16
0 0 -1 0 <= -2
x1 below(16), x2 above(2), 
========== +++++++++++++++++++ ==========
[2025-09-22 15:47:27.490] [info] 

========== ConditionRepresentations ==========
rectangular: 1
0 -1 0 0 <= -16
0 0 -1 0 <= -2
x1 above(16), x2 above(2), 
========== +++++++++++++++++++ ==========
[2025-09-22 15:47:27.490] [info] 

========== ConditionRepresentations ==========
rectangular: 1

========== +++++++++++++++++++ ==========
[2025-09-22 15:47:27.490] [info] 

========== ConditionRepresentations ==========
rectangular: 1
0 -1 0 0 <= -16
x1 above(16), 
========== +++++++++++++++++++ ==========
[2025-09-22 15:47:27.490] [info] 

========== ConditionRepresentations ==========
rectangular: 1

========== +++++++++++++++++++ ==========
[2025-09-22 15:47:27.490] [info] 

========== ConditionRepresentations ==========
rectangular: 1

========== +++++++++++++++++++ ==========
[2025-09-22 15:47:27.490] [info] 

========== ConditionRepresentations ==========
rectangular: 1

========== +++++++++++++++++++ ==========
[2025-09-22 15:47:27.490] [info] 

========== ConditionRepresentations ==========
rectangular: 1

========== +++++++++++++++++++ ==========
[2025-09-22 15:47:27.490] [info] 

========== ConditionRepresentations ==========
rectangular: 1
0 -1 0 0 <= -16
x1 above(16), 
========== +++++++++++++++++++ ==========
[2025-09-22 15:47:27.490] [info] 

========== ConditionRepresentations ==========
rectangular: 1
0 -1 0 0 <= -16
x1 above(16), 
========== +++++++++++++++++++ ==========
[2025-09-22 15:47:27.490] [info] 

========== ConditionRepresentations ==========
rectangular: 1
0 1 0 0 <= 16
0 0 -1 0 <= -2
x1 below(16), x2 above(2), 
========== +++++++++++++++++++ ==========
[2025-09-22 15:47:27.490] [info] 

========== ConditionRepresentations ==========
rectangular: 1
0 -1 0 0 <= -16
0 0 -1 0 <= -2
x1 above(16), x2 above(2), 
========== +++++++++++++++++++ ==========
[2025-09-22 15:47:27.490] [info] 

========== ConditionRepresentations ==========
rectangular: 1
0 1 0 0 <= 16
0 0 0 -1 <= -1
x1 below(16), x3 above(1), 
========== +++++++++++++++++++ ==========
[2025-09-22 15:47:27.490] [info] 

========== ConditionRepresentations ==========
rectangular: 1
0 -1 0 0 <= -16
0 0 0 -1 <= -1
x1 above(16), x3 above(1), 
========== +++++++++++++++++++ ==========
[2025-09-22 15:47:27.490] [info] 

========== ConditionRepresentations ==========
rectangular: 1
0 -1 0 0 <= -16
x1 above(16), 
========== +++++++++++++++++++ ==========
[2025-09-22 15:47:27.490] [info] 

========== ConditionRepresentations ==========
rectangular: 1

========== +++++++++++++++++++ ==========
[2025-09-22 15:47:27.490] [info] 

========== ConditionRepresentations ==========
rectangular: 1
0 -1 0 0 <= -16
x1 above(16), 
========== +++++++++++++++++++ ==========
[2025-09-22 15:47:27.490] [info] 

========== ConditionRepresentations ==========
rectangular: 1

========== +++++++++++++++++++ ==========
[2025-09-22 15:47:27.490] [info] 

========== ConditionRepresentations ==========
rectangular: 1
0 1 0 0 <= 16
0 0 0 -1 <= -1
x1 below(16), x3 above(1), 
========== +++++++++++++++++++ ==========
[2025-09-22 15:47:27.490] [info] 

========== ConditionRepresentations ==========
rectangular: 1
0 -1 0 0 <= -16
0 0 0 -1 <= -1
x1 above(16), x3 above(1), 
========== +++++++++++++++++++ ==========
[2025-09-22 15:47:27.490] [info] 

========== ConditionRepresentations ==========
rectangular: 1

========== +++++++++++++++++++ ==========
[2025-09-22 15:47:27.490] [info] 

========== ConditionRepresentations ==========
rectangular: 1
0 1 0 0 <= 16
0 0 -1 0 <= -2
x1 below(16), x2 above(2), 
========== +++++++++++++++++++ ==========
[2025-09-22 15:47:27.490] [info] 

========== ConditionRepresentations ==========
rectangular: 1
0 -1 0 0 <= -16
0 0 -1 0 <= -2
x1 above(16), x2 above(2), 
========== +++++++++++++++++++ ==========
[2025-09-22 15:47:27.490] [info] 

========== ConditionRepresentations ==========
rectangular: 1

========== +++++++++++++++++++ ==========
[2025-09-22 15:47:27.490] [info] 

========== ConditionRepresentations ==========
rectangular: 1
0 -1 0 0 <= -16
x1 above(16), 
========== +++++++++++++++++++ ==========
[2025-09-22 15:47:27.490] [info] 

========== ConditionRepresentations ==========
rectangular: 1

========== +++++++++++++++++++ ==========
[2025-09-22 15:47:27.490] [info] 

========== ConditionRepresentations ==========
rectangular: 1

========== +++++++++++++++++++ ==========
[2025-09-22 15:47:27.490] [info] 

========== ConditionRepresentations ==========
rectangular: 1

========== +++++++++++++++++++ ==========
[2025-09-22 15:47:27.490] [info] 

========== ConditionRepresentations ==========
rectangular: 1

========== +++++++++++++++++++ ==========
[2025-09-22 15:47:27.490] [info] 

========== ConditionRepresentations ==========
rectangular: 1
0 -1 0 0 <= -16
x1 above(16), 
========== +++++++++++++++++++ ==========
[2025-09-22 15:47:27.490] [info] 

========== ConditionRepresentations ==========
rectangular: 1
0 -1 0 0 <= -16
x1 above(16), 
========== +++++++++++++++++++ ==========
[2025-09-22 15:47:27.490] [info] 

========== ConditionRepresentations ==========
rectangular: 1
0 1 0 0 <= 16
0 0 -1 0 <= -2
x1 below(16), x2 above(2), 
========== +++++++++++++++++++ ==========
[2025-09-22 15:47:27.490] [info] 

========== ConditionRepresentations ==========
rectangular: 1
0 -1 0 0 <= -16
0 0 -1 0 <= -2
x1 above(16), x2 above(2), 
========== +++++++++++++++++++ ==========
[2025-09-22 15:47:27.490] [info] 

========== ConditionRepresentations ==========
rectangular: 1
0 1 0 0 <= 16
0 0 0 -1 <= -1
x1 below(16), x3 above(1), 
========== +++++++++++++++++++ ==========
[2025-09-22 15:47:27.490] [info] 

========== ConditionRepresentations ==========
rectangular: 1
0 -1 0 0 <= -16
0 0 0 -1 <= -1
x1 above(16), x3 above(1), 
========== +++++++++++++++++++ ==========
[2025-09-22 15:47:27.490] [info] 

========== ConditionRepresentations ==========
rectangular: 1
0 -1 0 0 <= -16
x1 above(16), 
========== +++++++++++++++++++ ==========
[2025-09-22 15:47:27.490] [info] 

========== ConditionRepresentations ==========
rectangular: 1

========== +++++++++++++++++++ ==========
[2025-09-22 15:47:27.490] [info] 

========== ConditionRepresentations ==========
rectangular: 1
0 -1 0 0 <= -16
x1 above(16), 
========== +++++++++++++++++++ ==========
[2025-09-22 15:47:27.490] [info] 

========== ConditionRepresentations ==========
rectangular: 1

========== +++++++++++++++++++ ==========
[2025-09-22 15:47:27.490] [info] 

========== ConditionRepresentations ==========
rectangular: 1
0 1 0 0 <= 16
0 0 0 -1 <= -1
x1 below(16), x3 above(1), 
========== +++++++++++++++++++ ==========
[2025-09-22 15:47:27.490] [info] 

========== ConditionRepresentations ==========
rectangular: 1
0 -1 0 0 <= -16
0 0 0 -1 <= -1
x1 above(16), x3 above(1), 
========== +++++++++++++++++++ ==========
[2025-09-22 15:47:27.490] [info] 

========== ConditionRepresentations ==========
rectangular: 1

========== +++++++++++++++++++ ==========
[2025-09-22 15:47:27.490] [info] 

========== ConditionRepresentations ==========
rectangular: 1
0 1 0 0 <= 16
0 0 -1 0 <= -2
x1 below(16), x2 above(2), 
========== +++++++++++++++++++ ==========
[2025-09-22 15:47:27.490] [info] 

========== ConditionRepresentations ==========
rectangular: 1
0 -1 0 0 <= -16
0 0 -1 0 <= -2
x1 above(16), x2 above(2), 
========== +++++++++++++++++++ ==========
[2025-09-22 15:47:27.490] [info] 

========== ConditionRepresentations ==========
rectangular: 1

========== +++++++++++++++++++ ==========
[2025-09-22 15:47:27.490] [info] 

========== ConditionRepresentations ==========
rectangular: 1
0 -1 0 0 <= -16
x1 above(16), 
========== +++++++++++++++++++ ==========
[2025-09-22 15:47:27.490] [info] 

========== ConditionRepresentations ==========
rectangular: 1

========== +++++++++++++++++++ ==========
[2025-09-22 15:47:27.490] [info] 

========== ConditionRepresentations ==========
rectangular: 1

========== +++++++++++++++++++ ==========
[2025-09-22 15:47:27.490] [info] 

========== ConditionRepresentations ==========
rectangular: 1

========== +++++++++++++++++++ ==========
[2025-09-22 15:47:27.490] [info] 

========== ConditionRepresentations ==========
rectangular: 1

========== +++++++++++++++++++ ==========
[2025-09-22 15:47:27.490] [info] 

========== ConditionRepresentations ==========
rectangular: 1
0 -1 0 0 <= -16
x1 above(16), 
========== +++++++++++++++++++ ==========
[2025-09-22 15:47:27.490] [info] 

========== ConditionRepresentations ==========
rectangular: 1
0 -1 0 0 <= -16
x1 above(16), 
========== +++++++++++++++++++ ==========
[2025-09-22 15:47:27.490] [info] 

========== ConditionRepresentations ==========
rectangular: 1
0 1 0 0 <= 16
0 0 -1 0 <= -2
x1 below(16), x2 above(2), 
========== +++++++++++++++++++ ==========
[2025-09-22 15:47:27.490] [info] 

========== ConditionRepresentations ==========
rectangular: 1
0 -1 0 0 <= -16
0 0 -1 0 <= -2
x1 above(16), x2 above(2), 
========== +++++++++++++++++++ ==========
[2025-09-22 15:47:27.490] [info] 

========== ConditionRepresentations ==========
rectangular: 1
0 1 0 0 <= 16
0 0 0 -1 <= -1
x1 below(16), x3 above(1), 
========== +++++++++++++++++++ ==========
[2025-09-22 15:47:27.490] [info] 

========== ConditionRepresentations ==========
rectangular: 1
0 -1 0 0 <= -16
0 0 0 -1 <= -1
x1 above(16), x3 above(1), 
========== +++++++++++++++++++ ==========
[2025-09-22 15:47:27.490] [info] 

========== ConditionRepresentations ==========
rectangular: 1
0 -1 0 0 <= -16
x1 above(16), 
========== +++++++++++++++++++ ==========
[2025-09-22 15:47:27.490] [info] 

========== ConditionRepresentations ==========
rectangular: 1
0 -1 0 0 <= -16
x1 above(16), 
========== +++++++++++++++++++ ==========
[2025-09-22 15:47:27.490] [info] 

========== ConditionRepresentations ==========
rectangular: 1
0 1 0 0 <= 16
0 0 0 -1 <= -1
x1 below(16), x3 above(1), 
========== +++++++++++++++++++ ==========
[2025-09-22 15:47:27.490] [info] 

========== ConditionRepresentations ==========
rectangular: 1
0 -1 0 0 <= -16
0 0 0 -1 <= -1
x1 above(16), x3 above(1), 
========== +++++++++++++++++++ ==========
[2025-09-22 15:47:27.490] [info] 

========== ConditionRepresentations ==========
rectangular: 1
0 1 0 0 <= 16
0 0 -1 0 <= -2
x1 below(16), x2 above(2), 
========== +++++++++++++++++++ ==========
[2025-09-22 15:47:27.490] [info] 

========== ConditionRepresentations ==========
rectangular: 1
0 -1 0 0 <= -16
0 0 -1 0 <= -2
x1 above(16), x2 above(2), 
========== +++++++++++++++++++ ==========
[2025-09-22 15:47:27.490] [info] 

========== ConditionRepresentations ==========
rectangular: 1
0 -1 0 0 <= -16
x1 above(16), 
========== +++++++++++++++++++ ==========
[2025-09-22 15:47:27.490] [info] 

========== ConditionRepresentations ==========
rectangular: 1
0 -1 0 0 <= -16
x1 above(16), 
========== +++++++++++++++++++ ==========
[2025-09-22 15:47:27.490] [info] 

========== ConditionRepresentations ==========
rectangular: 1
0 -1 0 0 <= -16
x1 above(16), 
========== +++++++++++++++++++ ==========
[2025-09-22 15:47:27.490] [info] 

========== ConditionRepresentations ==========
rectangular: 1
0 1 0 0 <= 16
0 0 -1 0 <= -2
x1 below(16), x2 above(2), 
========== +++++++++++++++++++ ==========
[2025-09-22 15:47:27.490] [info] 

========== ConditionRepresentations ==========
rectangular: 1
0 -1 0 0 <= -16
0 0 -1 0 <= -2
x1 above(16), x2 above(2), 
========== +++++++++++++++++++ ==========
[2025-09-22 15:47:27.490] [info] 

========== ConditionRepresentations ==========
rectangular: 1
0 1 0 0 <= 16
0 0 0 -1 <= -1
x1 below(16), x3 above(1), 
========== +++++++++++++++++++ ==========
[2025-09-22 15:47:27.490] [info] 

========== ConditionRepresentations ==========
rectangular: 1
0 -1 0 0 <= -16
0 0 0 -1 <= -1
x1 above(16), x3 above(1), 
========== +++++++++++++++++++ ==========
[2025-09-22 15:47:27.490] [info] 

========== ConditionRepresentations ==========
rectangular: 1
0 -1 0 0 <= -16
x1 above(16), 
========== +++++++++++++++++++ ==========
[2025-09-22 15:47:27.490] [info] 

========== ConditionRepresentations ==========
rectangular: 1

========== +++++++++++++++++++ ==========
[2025-09-22 15:47:27.490] [info] 

========== ConditionRepresentations ==========
rectangular: 1
0 -1 0 0 <= -16
x1 above(16), 
========== +++++++++++++++++++ ==========
[2025-09-22 15:47:27.490] [info] 

========== ConditionRepresentations ==========
rectangular: 1

========== +++++++++++++++++++ ==========
[2025-09-22 15:47:27.490] [info] 

========== ConditionRepresentations ==========
rectangular: 1
0 1 0 0 <= 16
0 0 0 -1 <= -1
x1 below(16), x3 above(1), 
========== +++++++++++++++++++ ==========
[2025-09-22 15:47:27.490] [info] 

========== ConditionRepresentations ==========
rectangular: 1
0 -1 0 0 <= -16
0 0 0 -1 <= -1
x1 above(16), x3 above(1), 
========== +++++++++++++++++++ ==========
[2025-09-22 15:47:27.490] [info] 

========== ConditionRepresentations ==========
rectangular: 1

========== +++++++++++++++++++ ==========
[2025-09-22 15:47:27.490] [info] 

========== ConditionRepresentations ==========
rectangular: 1
0 1 0 0 <= 16
0 0 -1 0 <= -2
x1 below(16), x2 above(2), 
========== +++++++++++++++++++ ==========
[2025-09-22 15:47:27.490] [info] 

========== ConditionRepresentations ==========
rectangular: 1
0 -1 0 0 <= -16
0 0 -1 0 <= -2
x1 above(16), x2 above(2), 
========== +++++++++++++++++++ ==========
[2025-09-22 15:47:27.490] [info] 

========== ConditionRepresentations ==========
rectangular: 1

========== +++++++++++++++++++ ==========
[2025-09-22 15:47:27.490] [info] 

========== ConditionRepresentations ==========
rectangular: 1
0 -1 0 0 <= -16
x1 above(16), 
========== +++++++++++++++++++ ==========
[2025-09-22 15:47:27.490] [info] 

========== ConditionRepresentations ==========
rectangular: 1

========== +++++++++++++++++++ ==========
[2025-09-22 15:47:27.490] [info] 

========== ConditionRepresentations ==========
rectangular: 1

========== +++++++++++++++++++ ==========
[2025-09-22 15:47:27.490] [info] 

========== ConditionRepresentations ==========
rectangular: 1

========== +++++++++++++++++++ ==========
[2025-09-22 15:47:27.490] [info] 

========== ConditionRepresentations ==========
rectangular: 1

========== +++++++++++++++++++ ==========
[2025-09-22 15:47:27.490] [info] 

========== ConditionRepresentations ==========
rectangular: 1
0 -1 0 0 <= -16
x1 above(16), 
========== +++++++++++++++++++ ==========
[2025-09-22 15:47:27.490] [info] 

========== ConditionRepresentations ==========
rectangular: 1
0 -1 0 0 <= -16
x1 above(16), 
========== +++++++++++++++++++ ==========
[2025-09-22 15:47:27.490] [info] 

========== ConditionRepresentations ==========
rectangular: 1
0 1 0 0 <= 16
0 0 -1 0 <= -2
x1 below(16), x2 above(2), 
========== +++++++++++++++++++ ==========
[2025-09-22 15:47:27.490] [info] 

========== ConditionRepresentations ==========
rectangular: 1
0 -1 0 0 <= -16
0 0 -1 0 <= -2
x1 above(16), x2 above(2), 
========== +++++++++++++++++++ ==========
[2025-09-22 15:47:27.491] [info] 

========== ConditionRepresentations ==========
rectangular: 1
0 1 0 0 <= 16
0 0 0 -1 <= -1
x1 below(16), x3 above(1), 
========== +++++++++++++++++++ ==========
[2025-09-22 15:47:27.491] [info] 

========== ConditionRepresentations ==========
rectangular: 1
0 -1 0 0 <= -16
0 0 0 -1 <= -1
x1 above(16), x3 above(1), 
========== +++++++++++++++++++ ==========
[2025-09-22 15:47:27.491] [info] 

========== ConditionRepresentations ==========
rectangular: 1
0 -1 0 0 <= -16
x1 above(16), 
========== +++++++++++++++++++ ==========
[2025-09-22 15:47:27.491] [info] 

========== ConditionRepresentations ==========
rectangular: 1

========== +++++++++++++++++++ ==========
[2025-09-22 15:47:27.491] [info] 

========== ConditionRepresentations ==========
rectangular: 1
0 -1 0 0 <= -16
x1 above(16), 
========== +++++++++++++++++++ ==========
[2025-09-22 15:47:27.491] [info] 

========== ConditionRepresentations ==========
rectangular: 1

========== +++++++++++++++++++ ==========
[2025-09-22 15:47:27.491] [info] 

========== ConditionRepresentations ==========
rectangular: 1
0 1 0 0 <= 16
0 0 0 -1 <= -1
x1 below(16), x3 above(1), 
========== +++++++++++++++++++ ==========
[2025-09-22 15:47:27.491] [info] 

========== ConditionRepresentations ==========
rectangular: 1
0 -1 0 0 <= -16
0 0 0 -1 <= -1
x1 above(16), x3 above(1), 
========== +++++++++++++++++++ ==========
[2025-09-22 15:47:27.491] [info] 

========== ConditionRepresentations ==========
rectangular: 1

========== +++++++++++++++++++ ==========
[2025-09-22 15:47:27.491] [info] 

========== ConditionRepresentations ==========
rectangular: 1
0 1 0 0 <= 16
0 0 -1 0 <= -2
x1 below(16), x2 above(2), 
========== +++++++++++++++++++ ==========
[2025-09-22 15:47:27.491] [info] 

========== ConditionRepresentations ==========
rectangular: 1
0 -1 0 0 <= -16
0 0 -1 0 <= -2
x1 above(16), x2 above(2), 
========== +++++++++++++++++++ ==========
[2025-09-22 15:47:27.491] [info] 

========== ConditionRepresentations ==========
rectangular: 1

========== +++++++++++++++++++ ==========
[2025-09-22 15:47:27.491] [info] 

========== ConditionRepresentations ==========
rectangular: 1
0 -1 0 0 <= -16
x1 above(16), 
========== +++++++++++++++++++ ==========
[2025-09-22 15:47:27.491] [info] 

========== ConditionRepresentations ==========
rectangular: 1

========== +++++++++++++++++++ ==========
[2025-09-22 15:47:27.491] [info] 

========== ConditionRepresentations ==========
rectangular: 1

========== +++++++++++++++++++ ==========
[2025-09-22 15:47:27.491] [info] 

========== ConditionRepresentations ==========
rectangular: 1

========== +++++++++++++++++++ ==========
[2025-09-22 15:47:27.491] [info] 

========== ConditionRepresentations ==========
rectangular: 1

========== +++++++++++++++++++ ==========
[2025-09-22 15:47:27.491] [info] 

========== ConditionRepresentations ==========
rectangular: 1
0 -1 0 0 <= -16
x1 above(16), 
========== +++++++++++++++++++ ==========
[2025-09-22 15:47:27.491] [info] 

========== ConditionRepresentations ==========
rectangular: 1
0 -1 0 0 <= -16
x1 above(16), 
========== +++++++++++++++++++ ==========
[2025-09-22 15:47:27.491] [info] 

========== ConditionRepresentations ==========
rectangular: 1
0 1 0 0 <= 16
0 0 -1 0 <= -2
x1 below(16), x2 above(2), 
========== +++++++++++++++++++ ==========
[2025-09-22 15:47:27.491] [info] 

========== ConditionRepresentations ==========
rectangular: 1
0 -1 0 0 <= -16
0 0 -1 0 <= -2
x1 above(16), x2 above(2), 
========== +++++++++++++++++++ ==========
[2025-09-22 15:47:27.491] [info] 

========== ConditionRepresentations ==========
rectangular: 1
0 1 0 0 <= 16
0 0 0 -1 <= -1
x1 below(16), x3 above(1), 
========== +++++++++++++++++++ ==========
[2025-09-22 15:47:27.491] [info] 

========== ConditionRepresentations ==========
rectangular: 1
0 -1 0 0 <= -16
0 0 0 -1 <= -1
x1 above(16), x3 above(1), 
========== +++++++++++++++++++ ==========
[2025-09-22 15:47:27.491] [info] 

========== ConditionRepresentations ==========
rectangular: 1
0 -1 0 0 <= -16
x1 above(16), 
========== +++++++++++++++++++ ==========
[2025-09-22 15:47:27.491] [info] 

========== ConditionRepresentations ==========
rectangular: 1

========== +++++++++++++++++++ ==========
[2025-09-22 15:47:27.491] [info] 

========== ConditionRepresentations ==========
rectangular: 1
0 -1 0 0 <= -16
x1 above(16), 
========== +++++++++++++++++++ ==========
[2025-09-22 15:47:27.491] [info] 

========== ConditionRepresentations ==========
rectangular: 1

========== +++++++++++++++++++ ==========
[2025-09-22 15:47:27.491] [info] 

========== ConditionRepresentations ==========
rectangular: 1
0 1 0 0 <= 16
0 0 0 -1 <= -1
x1 below(16), x3 above(1), 
========== +++++++++++++++++++ ==========
[2025-09-22 15:47:27.491] [info] 

========== ConditionRepresentations ==========
rectangular: 1
0 -1 0 0 <= -16
0 0 0 -1 <= -1
x1 above(16), x3 above(1), 
========== +++++++++++++++++++ ==========
[2025-09-22 15:47:27.491] [info] 

========== ConditionRepresentations ==========
rectangular: 1

========== +++++++++++++++++++ ==========
[2025-09-22 15:47:27.491] [info] 

========== ConditionRepresentations ==========
rectangular: 1
0 1 0 0 <= 16
0 0 -1 0 <= -2
x1 below(16), x2 above(2), 
========== +++++++++++++++++++ ==========
[2025-09-22 15:47:27.491] [info] 

========== ConditionRepresentations ==========
rectangular: 1
0 -1 0 0 <= -16
0 0 -1 0 <= -2
x1 above(16), x2 above(2), 
========== +++++++++++++++++++ ==========
[2025-09-22 15:47:27.491] [info] 

========== ConditionRepresentations ==========
rectangular: 1

========== +++++++++++++++++++ ==========
[2025-09-22 15:47:27.491] [info] 

========== ConditionRepresentations ==========
rectangular: 1
0 -1 0 0 <= -16
x1 above(16), 
========== +++++++++++++++++++ ==========
[2025-09-22 15:47:27.491] [info] 

========== ConditionRepresentations ==========
rectangular: 1

========== +++++++++++++++++++ ==========
[2025-09-22 15:47:27.491] [info] 

========== ConditionRepresentations ==========
rectangular: 1

========== +++++++++++++++++++ ==========
[2025-09-22 15:47:27.491] [info] 

========== ConditionRepresentations ==========
rectangular: 1

========== +++++++++++++++++++ ==========
[2025-09-22 15:47:27.491] [info] 

========== ConditionRepresentations ==========
rectangular: 1

========== +++++++++++++++++++ ==========
[2025-09-22 15:47:27.491] [info] 

========== ConditionRepresentations ==========
rectangular: 1
0 -1 0 0 <= -16
x1 above(16), 
========== +++++++++++++++++++ ==========
[2025-09-22 15:47:27.491] [info] 

========== ConditionRepresentations ==========
rectangular: 1
0 -1 0 0 <= -16
x1 above(16), 
========== +++++++++++++++++++ ==========
[2025-09-22 15:47:27.491] [info] 

========== ConditionRepresentations ==========
rectangular: 1
0 1 0 0 <= 16
0 0 -1 0 <= -2
x1 below(16), x2 above(2), 
========== +++++++++++++++++++ ==========
[2025-09-22 15:47:27.491] [info] 

========== ConditionRepresentations ==========
rectangular: 1
0 -1 0 0 <= -16
0 0 -1 0 <= -2
x1 above(16), x2 above(2), 
========== +++++++++++++++++++ ==========
[2025-09-22 15:47:27.491] [info] 

========== ConditionRepresentations ==========
rectangular: 1
0 1 0 0 <= 16
0 0 0 -1 <= -1
x1 below(16), x3 above(1), 
========== +++++++++++++++++++ ==========
[2025-09-22 15:47:27.491] [info] 

========== ConditionRepresentations ==========
rectangular: 1
0 -1 0 0 <= -16
0 0 0 -1 <= -1
x1 above(16), x3 above(1), 
========== +++++++++++++++++++ ==========
[2025-09-22 15:47:27.491] [info] 

========== ConditionRepresentations ==========
rectangular: 1
0 -1 0 0 <= -16
x1 above(16), 
========== +++++++++++++++++++ ==========
[2025-09-22 15:47:27.491] [info] 

========== ConditionRepresentations ==========
rectangular: 1

========== +++++++++++++++++++ ==========
[2025-09-22 15:47:27.491] [info] 

========== ConditionRepresentations ==========
rectangular: 1
0 -1 0 0 <= -16
x1 above(16), 
========== +++++++++++++++++++ ==========
[2025-09-22 15:47:27.491] [info] 

========== ConditionRepresentations ==========
rectangular: 1

========== +++++++++++++++++++ ==========
[2025-09-22 15:47:27.491] [info] 

========== ConditionRepresentations ==========
rectangular: 1
0 1 0 0 <= 16
0 0 0 -1 <= -1
x1 below(16), x3 above(1), 
========== +++++++++++++++++++ ==========
[2025-09-22 15:47:27.491] [info] 

========== ConditionRepresentations ==========
rectangular: 1
0 -1 0 0 <= -16
0 0 0 -1 <= -1
x1 above(16), x3 above(1), 
========== +++++++++++++++++++ ==========
[2025-09-22 15:47:27.491] [info] 

========== ConditionRepresentations ==========
rectangular: 1

========== +++++++++++++++++++ ==========
[2025-09-22 15:47:27.491] [info] 

========== ConditionRepresentations ==========
rectangular: 1
0 1 0 0 <= 16
0 0 -1 0 <= -2
x1 below(16), x2 above(2), 
========== +++++++++++++++++++ ==========
[2025-09-22 15:47:27.491] [info] 

========== ConditionRepresentations ==========
rectangular: 1
0 -1 0 0 <= -16
0 0 -1 0 <= -2
x1 above(16), x2 above(2), 
========== +++++++++++++++++++ ==========
[2025-09-22 15:47:27.491] [info] 

========== ConditionRepresentations ==========
rectangular: 1

========== +++++++++++++++++++ ==========
[2025-09-22 15:47:27.491] [info] 

========== ConditionRepresentations ==========
rectangular: 1
0 -1 0 0 <= -16
x1 above(16), 
========== +++++++++++++++++++ ==========
[2025-09-22 15:47:27.491] [info] 

========== ConditionRepresentations ==========
rectangular: 1

========== +++++++++++++++++++ ==========
[2025-09-22 15:47:27.491] [info] 

========== ConditionRepresentations ==========
rectangular: 1

========== +++++++++++++++++++ ==========
[2025-09-22 15:47:27.491] [info] 

========== ConditionRepresentations ==========
rectangular: 1

========== +++++++++++++++++++ ==========
[2025-09-22 15:47:27.491] [info] 

========== ConditionRepresentations ==========
rectangular: 1

========== +++++++++++++++++++ ==========
[2025-09-22 15:47:27.491] [info] 

========== ConditionRepresentations ==========
rectangular: 1
0 -1 0 0 <= -16
x1 above(16), 
========== +++++++++++++++++++ ==========
[2025-09-22 15:47:27.491] [info] 

========== ConditionRepresentations ==========
rectangular: 1
0 -1 0 0 <= -16
x1 above(16), 
========== +++++++++++++++++++ ==========
[2025-09-22 15:47:27.491] [info] 

========== ConditionRepresentations ==========
rectangular: 1
0 1 0 0 <= 16
0 0 -1 0 <= -2
x1 below(16), x2 above(2), 
========== +++++++++++++++++++ ==========
[2025-09-22 15:47:27.491] [info] 

========== ConditionRepresentations ==========
rectangular: 1
0 -1 0 0 <= -16
0 0 -1 0 <= -2
x1 above(16), x2 above(2), 
========== +++++++++++++++++++ ==========
[2025-09-22 15:47:27.491] [info] 

========== ConditionRepresentations ==========
rectangular: 1
0 1 0 0 <= 16
0 0 0 -1 <= -1
x1 below(16), x3 above(1), 
========== +++++++++++++++++++ ==========
[2025-09-22 15:47:27.491] [info] 

========== ConditionRepresentations ==========
rectangular: 1
0 -1 0 0 <= -16
0 0 0 -1 <= -1
x1 above(16), x3 above(1), 
========== +++++++++++++++++++ ==========
[2025-09-22 15:47:27.491] [info] 

========== ConditionRepresentations ==========
rectangular: 1
0 -1 0 0 <= -16
x1 above(16), 
========== +++++++++++++++++++ ==========
[2025-09-22 15:47:27.491] [info] 

========== ConditionRepresentations ==========
rectangular: 1
0 -1 0 0 <= -16
x1 above(16), 
========== +++++++++++++++++++ ==========
[2025-09-22 15:47:27.491] [info] 

========== ConditionRepresentations ==========
rectangular: 1
0 1 0 0 <= 16
0 0 0 -1 <= -1
x1 below(16), x3 above(1), 
========== +++++++++++++++++++ ==========
[2025-09-22 15:47:27.491] [info] 

========== ConditionRepresentations ==========
rectangular: 1
0 -1 0 0 <= -16
0 0 0 -1 <= -1
x1 above(16), x3 above(1), 
========== +++++++++++++++++++ ==========
[2025-09-22 15:47:27.491] [info] 

========== ConditionRepresentations ==========
rectangular: 1
0 1 0 0 <= 16
0 0 -1 0 <= -2
x1 below(16), x2 above(2), 
========== +++++++++++++++++++ ==========
[2025-09-22 15:47:27.491] [info] 

========== ConditionRepresentations ==========
rectangular: 1
0 -1 0 0 <= -16
0 0 -1 0 <= -2
x1 above(16), x2 above(2), 
========== +++++++++++++++++++ ==========
[2025-09-22 15:47:27.491] [info] 

========== ConditionRepresentations ==========
rectangular: 1
0 -1 0 0 <= -16
x1 above(16), 
========== +++++++++++++++++++ ==========
[2025-09-22 15:47:27.491] [info] 

========== ConditionRepresentations ==========
rectangular: 1
0 -1 0 0 <= -16
x1 above(16), 
========== +++++++++++++++++++ ==========
[2025-09-22 15:47:27.491] [info] 

========== ConditionRepresentations ==========
rectangular: 1
0 -1 0 0 <= -16
x1 above(16), 
========== +++++++++++++++++++ ==========
[2025-09-22 15:47:27.491] [info] 

========== ConditionRepresentations ==========
rectangular: 1
0 1 0 0 <= 16
0 0 -1 0 <= -2
x1 below(16), x2 above(2), 
========== +++++++++++++++++++ ==========
[2025-09-22 15:47:27.491] [info] 

========== ConditionRepresentations ==========
rectangular: 1
0 -1 0 0 <= -16
0 0 -1 0 <= -2
x1 above(16), x2 above(2), 
========== +++++++++++++++++++ ==========
[2025-09-22 15:47:27.491] [info] 

========== ConditionRepresentations ==========
rectangular: 1
0 1 0 0 <= 16
0 0 0 -1 <= -1
x1 below(16), x3 above(1), 
========== +++++++++++++++++++ ==========
[2025-09-22 15:47:27.491] [info] 

========== ConditionRepresentations ==========
rectangular: 1
0 -1 0 0 <= -16
0 0 0 -1 <= -1
x1 above(16), x3 above(1), 
========== +++++++++++++++++++ ==========
[2025-09-22 15:47:27.491] [info] 

========== ConditionRepresentations ==========
rectangular: 1
0 -1 0 0 <= -16
x1 above(16), 
========== +++++++++++++++++++ ==========
[2025-09-22 15:47:27.491] [info] 

========== ConditionRepresentations ==========
rectangular: 1
0 -1 0 0 <= -16
x1 above(16), 
========== +++++++++++++++++++ ==========
[2025-09-22 15:47:27.491] [info] 

========== ConditionRepresentations ==========
rectangular: 1
0 1 0 0 <= 16
0 0 0 -1 <= -1
x1 below(16), x3 above(1), 
========== +++++++++++++++++++ ==========
[2025-09-22 15:47:27.491] [info] 

========== ConditionRepresentations ==========
rectangular: 1
0 -1 0 0 <= -16
0 0 0 -1 <= -1
x1 above(16), x3 above(1), 
========== +++++++++++++++++++ ==========
[2025-09-22 15:47:27.491] [info] 

========== ConditionRepresentations ==========
rectangular: 1
0 1 0 0 <= 16
0 0 -1 0 <= -2
x1 below(16), x2 above(2), 
========== +++++++++++++++++++ ==========
[2025-09-22 15:47:27.491] [info] 

========== ConditionRepresentations ==========
rectangular: 1
0 -1 0 0 <= -16
0 0 -1 0 <= -2
x1 above(16), x2 above(2), 
========== +++++++++++++++++++ ==========
[2025-09-22 15:47:27.491] [info] 

========== ConditionRepresentations ==========
rectangular: 1
0 -1 0 0 <= -16
x1 above(16), 
========== +++++++++++++++++++ ==========
[2025-09-22 15:47:27.491] [info] 

========== ConditionRepresentations ==========
rectangular: 1
0 -1 0 0 <= -16
x1 above(16), 
========== +++++++++++++++++++ ==========
[2025-09-22 15:47:27.491] [info] 

========== ConditionRepresentations ==========
rectangular: 1
0 -1 0 0 <= -16
x1 above(16), 
========== +++++++++++++++++++ ==========
[2025-09-22 15:47:27.491] [info] 

========== ConditionRepresentations ==========
rectangular: 1
0 1 0 0 <= 16
0 0 -1 0 <= -2
x1 below(16), x2 above(2), 
========== +++++++++++++++++++ ==========
[2025-09-22 15:47:27.491] [info] 

========== ConditionRepresentations ==========
rectangular: 1
0 -1 0 0 <= -16
0 0 -1 0 <= -2
x1 above(16), x2 above(2), 
========== +++++++++++++++++++ ==========
[2025-09-22 15:47:27.491] [info] 

========== ConditionRepresentations ==========
rectangular: 1
0 1 0 0 <= 16
0 0 0 -1 <= -1
x1 below(16), x3 above(1), 
========== +++++++++++++++++++ ==========
[2025-09-22 15:47:27.491] [info] 

========== ConditionRepresentations ==========
rectangular: 1
0 -1 0 0 <= -16
0 0 0 -1 <= -1
x1 above(16), x3 above(1), 
========== +++++++++++++++++++ ==========
[2025-09-22 15:47:27.491] [info] 

========== ConditionRepresentations ==========
rectangular: 1
0 -1 0 0 <= -16
x1 above(16), 
========== +++++++++++++++++++ ==========
[2025-09-22 15:47:27.491] [info] 

========== ConditionRepresentations ==========
rectangular: 1
0 -1 0 0 <= -16
x1 above(16), 
========== +++++++++++++++++++ ==========
[2025-09-22 15:47:27.491] [info] 

========== ConditionRepresentations ==========
rectangular: 1
0 1 0 0 <= 16
0 0 0 -1 <= -1
x1 below(16), x3 above(1), 
========== +++++++++++++++++++ ==========
[2025-09-22 15:47:27.491] [info] 

========== ConditionRepresentations ==========
rectangular: 1
0 -1 0 0 <= -16
0 0 0 -1 <= -1
x1 above(16), x3 above(1), 
========== +++++++++++++++++++ ==========
[2025-09-22 15:47:27.491] [info] 

========== ConditionRepresentations ==========
rectangular: 1
0 1 0 0 <= 16
0 0 -1 0 <= -2
x1 below(16), x2 above(2), 
========== +++++++++++++++++++ ==========
[2025-09-22 15:47:27.491] [info] 

========== ConditionRepresentations ==========
rectangular: 1
0 -1 0 0 <= -16
0 0 -1 0 <= -2
x1 above(16), x2 above(2), 
========== +++++++++++++++++++ ==========
[2025-09-22 15:47:27.491] [info] 

========== ConditionRepresentations ==========
rectangular: 1
0 -1 0 0 <= -16
x1 above(16), 
========== +++++++++++++++++++ ==========
[2025-09-22 15:47:27.491] [info] 

========== ConditionRepresentations ==========
rectangular: 1
0 -1 0 0 <= -16
x1 above(16), 
========== +++++++++++++++++++ ==========
[2025-09-22 15:47:27.491] [info] 

========== ConditionRepresentations ==========
rectangular: 1
0 -1 0 0 <= -16
x1 above(16), 
========== +++++++++++++++++++ ==========
[2025-09-22 15:47:27.491] [info] 

========== ConditionRepresentations ==========
rectangular: 1
0 1 0 0 <= 16
0 0 -1 0 <= -2
x1 below(16), x2 above(2), 
========== +++++++++++++++++++ ==========
[2025-09-22 15:47:27.491] [info] 

========== ConditionRepresentations ==========
rectangular: 1
0 -1 0 0 <= -16
0 0 -1 0 <= -2
x1 above(16), x2 above(2), 
========== +++++++++++++++++++ ==========
[2025-09-22 15:47:27.491] [info] 

========== ConditionRepresentations ==========
rectangular: 1
0 1 0 0 <= 16
0 0 0 -1 <= -1
x1 below(16), x3 above(1), 
========== +++++++++++++++++++ ==========
[2025-09-22 15:47:27.491] [info] 

========== ConditionRepresentations ==========
rectangular: 1
0 -1 0 0 <= -16
0 0 0 -1 <= -1
x1 above(16), x3 above(1), 
========== +++++++++++++++++++ ==========
[2025-09-22 15:47:27.491] [info] 

========== ConditionRepresentations ==========
rectangular: 1
0 -1 0 0 <= -16
x1 above(16), 
========== +++++++++++++++++++ ==========
[2025-09-22 15:47:27.491] [info] 

========== ConditionRepresentations ==========
rectangular: 1
0 -1 0 0 <= -16
x1 above(16), 
========== +++++++++++++++++++ ==========
[2025-09-22 15:47:27.491] [info] 

========== ConditionRepresentations ==========
rectangular: 1
0 1 0 0 <= 16
0 0 0 -1 <= -1
x1 below(16), x3 above(1), 
========== +++++++++++++++++++ ==========
[2025-09-22 15:47:27.491] [info] 

========== ConditionRepresentations ==========
rectangular: 1
0 -1 0 0 <= -16
0 0 0 -1 <= -1
x1 above(16), x3 above(1), 
========== +++++++++++++++++++ ==========
[2025-09-22 15:47:27.491] [info] 

========== ConditionRepresentations ==========
rectangular: 1
0 1 0 0 <= 16
0 0 -1 0 <= -2
x1 below(16), x2 above(2), 
========== +++++++++++++++++++ ==========
[2025-09-22 15:47:27.491] [info] 

========== ConditionRepresentations ==========
rectangular: 1
0 -1 0 0 <= -16
0 0 -1 0 <= -2
x1 above(16), x2 above(2), 
========== +++++++++++++++++++ ==========
[2025-09-22 15:47:27.491] [info] 

========== ConditionRepresentations ==========
rectangular: 1
0 -1 0 0 <= -16
x1 above(16), 
========== +++++++++++++++++++ ==========
[2025-09-22 15:47:27.491] [info] 

========== ConditionRepresentations ==========
rectangular: 1
0 -1 0 0 <= -16
x1 above(16), 
========== +++++++++++++++++++ ==========
[2025-09-22 15:47:27.491] [info] 

========== ConditionRepresentations ==========
rectangular: 1
0 -1 0 0 <= -16
x1 above(16), 
========== +++++++++++++++++++ ==========
[2025-09-22 15:47:27.491] [info] 

========== ConditionRepresentations ==========
rectangular: 1
0 1 0 0 <= 16
0 0 -1 0 <= -2
x1 below(16), x2 above(2), 
========== +++++++++++++++++++ ==========
[2025-09-22 15:47:27.491] [info] 

========== ConditionRepresentations ==========
rectangular: 1
0 -1 0 0 <= -16
0 0 -1 0 <= -2
x1 above(16), x2 above(2), 
========== +++++++++++++++++++ ==========
[2025-09-22 15:47:27.491] [info] 

========== ConditionRepresentations ==========
rectangular: 1
0 1 0 0 <= 16
0 0 0 -1 <= -1
x1 below(16), x3 above(1), 
========== +++++++++++++++++++ ==========
[2025-09-22 15:47:27.491] [info] 

========== ConditionRepresentations ==========
rectangular: 1
0 -1 0 0 <= -16
0 0 0 -1 <= -1
x1 above(16), x3 above(1), 
========== +++++++++++++++++++ ==========
[2025-09-22 15:47:27.491] [info] 

========== ConditionRepresentations ==========
rectangular: 1
0 -1 0 0 <= -16
x1 above(16), 
========== +++++++++++++++++++ ==========
[2025-09-22 15:47:27.491] [info] 

========== ConditionRepresentations ==========
rectangular: 1
0 -1 0 0 <= -16
x1 above(16), 
========== +++++++++++++++++++ ==========
[2025-09-22 15:47:27.491] [info] 

========== ConditionRepresentations ==========
rectangular: 1
0 1 0 0 <= 16
0 0 0 -1 <= -1
x1 below(16), x3 above(1), 
========== +++++++++++++++++++ ==========
[2025-09-22 15:47:27.491] [info] 

========== ConditionRepresentations ==========
rectangular: 1
0 -1 0 0 <= -16
0 0 0 -1 <= -1
x1 above(16), x3 above(1), 
========== +++++++++++++++++++ ==========
[2025-09-22 15:47:27.491] [info] 

========== ConditionRepresentations ==========
rectangular: 1
0 1 0 0 <= 16
0 0 -1 0 <= -2
x1 below(16), x2 above(2), 
========== +++++++++++++++++++ ==========
[2025-09-22 15:47:27.491] [info] 

========== ConditionRepresentations ==========
rectangular: 1
0 -1 0 0 <= -16
0 0 -1 0 <= -2
x1 above(16), x2 above(2), 
========== +++++++++++++++++++ ==========
[2025-09-22 15:47:27.491] [info] 

========== ConditionRepresentations ==========
rectangular: 1
0 -1 0 0 <= -16
x1 above(16), 
========== +++++++++++++++++++ ==========
[2025-09-22 15:47:27.491] [info] 

========== ConditionRepresentations ==========
rectangular: 1
0 -1 0 0 <= -16
x1 above(16), 
========== +++++++++++++++++++ ==========
[2025-09-22 15:47:27.491] [info] 

========== ConditionRepresentations ==========
rectangular: 1
0 -1 0 0 <= -16
x1 above(16), 
========== +++++++++++++++++++ ==========
[2025-09-22 15:47:27.491] [info] 

========== ConditionRepresentations ==========
rectangular: 1
0 1 0 0 <= 16
0 0 -1 0 <= -2
x1 below(16), x2 above(2), 
========== +++++++++++++++++++ ==========
[2025-09-22 15:47:27.491] [info] 

========== ConditionRepresentations ==========
rectangular: 1
0 -1 0 0 <= -16
0 0 -1 0 <= -2
x1 above(16), x2 above(2), 
========== +++++++++++++++++++ ==========
[2025-09-22 15:47:27.491] [info] 

========== ConditionRepresentations ==========
rectangular: 1
0 1 0 0 <= 16
0 0 0 -1 <= -1
x1 below(16), x3 above(1), 
========== +++++++++++++++++++ ==========
[2025-09-22 15:47:27.491] [info] 

========== ConditionRepresentations ==========
rectangular: 1
0 -1 0 0 <= -16
0 0 0 -1 <= -1
x1 above(16), x3 above(1), 
========== +++++++++++++++++++ ==========
[2025-09-22 15:47:27.491] [info] 

========== ConditionRepresentations ==========
rectangular: 1
0 -1 0 0 <= -16
x1 above(16), 
========== +++++++++++++++++++ ==========
[2025-09-22 15:47:27.491] [info] 

========== ConditionRepresentations ==========
rectangular: 1
0 -1 0 0 <= -16
x1 above(16), 
========== +++++++++++++++++++ ==========
[2025-09-22 15:47:27.491] [info] 

========== ConditionRepresentations ==========
rectangular: 1
0 1 0 0 <= 16
0 0 0 -1 <= -1
x1 below(16), x3 above(1), 
========== +++++++++++++++++++ ==========
[2025-09-22 15:47:27.491] [info] 

========== ConditionRepresentations ==========
rectangular: 1
0 -1 0 0 <= -16
0 0 0 -1 <= -1
x1 above(16), x3 above(1), 
========== +++++++++++++++++++ ==========
[2025-09-22 15:47:27.491] [info] 

========== ConditionRepresentations ==========
rectangular: 1
0 1 0 0 <= 16
0 0 -1 0 <= -2
x1 below(16), x2 above(2), 
========== +++++++++++++++++++ ==========
[2025-09-22 15:47:27.491] [info] 

========== ConditionRepresentations ==========
rectangular: 1
0 -1 0 0 <= -16
0 0 -1 0 <= -2
x1 above(16), x2 above(2), 
========== +++++++++++++++++++ ==========
[2025-09-22 15:47:27.491] [info] 

========== ConditionRepresentations ==========
rectangular: 1
0 -1 0 0 <= -16
x1 above(16), 
========== +++++++++++++++++++ ==========
[2025-09-22 15:47:27.491] [info] 

========== ConditionRepresentations ==========
rectangular: 1
-1 0 0 0 <= 0
1 0 0 0 <= 0
0 -1 0 0 <= -4
0 1 0 0 <= 4
0 0 -1 0 <= 0
0 0 1 0 <= 0
0 0 0 -1 <= 0
0 0 0 1 <= 0
x0 point(-0), x1 point(4), x2 point(-0), x3 point(-0), 
========== +++++++++++++++++++ ==========
[2025-09-22 15:47:27.491] [info] 

========== ConditionRepresentations ==========
rectangular: 1
0 -1 0 0 <= -18
x1 above(18), 
========== +++++++++++++++++++ ==========
[2025-09-22 15:47:27.491] [info] 

========== ConditionRepresentations ==========
rectangular: 1
0 -1 0 0 <= -18
x1 above(18), 
========== +++++++++++++++++++ ==========
[2025-09-22 15:47:27.491] [info] 

========== ConditionRepresentations ==========
rectangular: 1
0 -1 0 0 <= -18
x1 above(18), 
========== +++++++++++++++++++ ==========
[2025-09-22 15:47:27.491] [info] 

========== ConditionRepresentations ==========
rectangular: 1
0 -1 0 0 <= -18
x1 above(18), 
========== +++++++++++++++++++ ==========
[2025-09-22 15:47:27.491] [info] 

========== ConditionRepresentations ==========
rectangular: 1
0 -1 0 0 <= -18
x1 above(18), 
========== +++++++++++++++++++ ==========
[2025-09-22 15:47:27.491] [info] 

========== ConditionRepresentations ==========
rectangular: 1
0 -1 0 0 <= -18
x1 above(18), 
========== +++++++++++++++++++ ==========
[2025-09-22 15:47:27.491] [info] 

========== ConditionRepresentations ==========
rectangular: 1
0 -1 0 0 <= -18
x1 above(18), 
========== +++++++++++++++++++ ==========
[2025-09-22 15:47:27.491] [info] 

========== ConditionRepresentations ==========
rectangular: 1
0 -1 0 0 <= -18
x1 above(18), 
========== +++++++++++++++++++ ==========
[2025-09-22 15:47:27.491] [info] 

========== ConditionRepresentations ==========
rectangular: 1
0 -1 0 0 <= -18
x1 above(18), 
========== +++++++++++++++++++ ==========
[2025-09-22 15:47:27.491] [info] 

========== ConditionRepresentations ==========
rectangular: 1
0 -1 0 0 <= -18
x1 above(18), 
========== +++++++++++++++++++ ==========
[2025-09-22 15:47:27.491] [info] 

========== ConditionRepresentations ==========
rectangular: 1
0 -1 0 0 <= -18
x1 above(18), 
========== +++++++++++++++++++ ==========
[2025-09-22 15:47:27.491] [info] 

========== ConditionRepresentations ==========
rectangular: 1
0 -1 0 0 <= -18
x1 above(18), 
========== +++++++++++++++++++ ==========
[2025-09-22 15:47:27.491] [info] 

========== ConditionRepresentations ==========
rectangular: 1
0 -1 0 0 <= -18
x1 above(18), 
========== +++++++++++++++++++ ==========
[2025-09-22 15:47:27.491] [info] 

========== ConditionRepresentations ==========
rectangular: 1
0 -1 0 0 <= -18
x1 above(18), 
========== +++++++++++++++++++ ==========
[2025-09-22 15:47:27.491] [info] 

========== ConditionRepresentations ==========
rectangular: 1
0 -1 0 0 <= -18
x1 above(18), 
========== +++++++++++++++++++ ==========
[2025-09-22 16:42:22.256] [info] 2.2 Reachability Analysis: 3294764
[2025-09-22 16:42:22.423] [info] 2.3 Augment Reach Tree: 167
[2025-09-22 16:42:22.598] [info] 2.4 Creating Unified Datastructure from Reach Tree: 112
[2025-09-22 16:42:22.598] [info] 2.5 Simulating on full Reach Tree: 0
[2025-09-22 16:46:43.507] [info] 2.6.0 Labeling Reach Tree Nodes: 260907
[2025-09-22 16:46:43.512] [info] 2.6.1 Removing Unfulfilling Subtrees: 4
[2025-09-22 16:46:43.512] [info] 2.6 Pre-checking and Reduction: 260912
[2025-09-22 16:46:43.514] [info] node count before and after reduction 182043 182043
[2025-09-22 16:46:48.121] [info] runs 1000 | prob 1 | low 1 | high 1
[2025-09-22 16:46:52.765] [info] runs 1000 | prob 1 | low 1 | high 1
[2025-09-22 16:46:57.379] [info] runs 1000 | prob 1 | low 1 | high 1
[2025-09-22 16:47:02.004] [info] runs 1000 | prob 1 | low 1 | high 1
[2025-09-22 16:47:06.635] [info] runs 1000 | prob 1 | low 1 | high 1
[2025-09-22 16:47:11.255] [info] runs 1000 | prob 1 | low 1 | high 1
[2025-09-22 16:47:15.890] [info] runs 1000 | prob 1 | low 1 | high 1
[2025-09-22 16:47:20.522] [info] runs 1000 | prob 1 | low 1 | high 1
[2025-09-22 16:47:25.136] [info] runs 1000 | prob 1 | low 1 | high 1
[2025-09-22 16:47:29.749] [info] runs 1000 | prob 1 | low 1 | high 1
[2025-09-22 16:47:34.402] [info] runs 1000 | prob 1 | low 1 | high 1
[2025-09-22 16:47:39.039] [info] runs 1000 | prob 1 | low 1 | high 1
[2025-09-22 16:47:43.676] [info] runs 1000 | prob 1 | low 1 | high 1
[2025-09-22 16:47:48.331] [info] runs 1000 | prob 1 | low 1 | high 1
[2025-09-22 16:47:52.997] [info] runs 1000 | prob 1 | low 1 | high 1
[2025-09-22 16:47:57.637] [info] runs 1000 | prob 1 | low 1 | high 1
[2025-09-22 16:48:02.280] [info] runs 1000 | prob 1 | low 1 | high 1
[2025-09-22 16:48:06.937] [info] runs 1000 | prob 1 | low 1 | high 1
[2025-09-22 16:48:11.583] [info] runs 1000 | prob 1 | low 1 | high 1
[2025-09-22 16:48:16.211] [info] runs 1000 | prob 1 | low 1 | high 1
[2025-09-22 16:48:20.845] [info] runs 1000 | prob 1 | low 1 | high 1
[2025-09-22 16:48:25.481] [info] runs 1000 | prob 1 | low 1 | high 1
[2025-09-22 16:48:30.090] [info] runs 1000 | prob 1 | low 1 | high 1
[2025-09-22 16:48:34.706] [info] runs 1000 | prob 1 | low 1 | high 1
[2025-09-22 16:48:39.368] [info] runs 1000 | prob 1 | low 1 | high 1
[2025-09-22 16:48:39.394] [info] RESULT:
training_time, simulation_time, prob, low, high, runs
4603, 3, 1, 1, 1, 1000
4609, 3, 1, 1, 1, 1000
4577, 3, 1, 1, 1, 1000
4589, 3, 1, 1, 1, 1000
4600, 3, 1, 1, 1, 1000
4584, 3, 1, 1, 1, 1000
4600, 3, 1, 1, 1, 1000
4601, 3, 1, 1, 1, 1000
4579, 3, 1, 1, 1, 1000
4579, 3, 1, 1, 1, 1000
4617, 3, 1, 1, 1, 1000
4605, 3, 1, 1, 1, 1000
4600, 3, 1, 1, 1, 1000
4619, 3, 1, 1, 1, 1000
4630, 3, 1, 1, 1, 1000
4605, 3, 1, 1, 1, 1000
4607, 3, 1, 1, 1, 1000
4621, 3, 1, 1, 1, 1000
4612, 3, 1, 1, 1, 1000
4592, 3, 1, 1, 1, 1000
4598, 3, 1, 1, 1, 1000
4601, 3, 1, 1, 1, 1000
4574, 3, 1, 1, 1, 1000
4581, 3, 1, 1, 1, 1000
4627, 3, 1, 1, 1, 1000
# timestamp 22.09.2025 15:47:27 (1758548847), datastructure reach_tree_reduced
# timebound 18, expirations {"r1": 2, "r2": 4}
# alpha 0.1, gamma 1
# fixed points 5, uniform granularity 0.5
# scheduler goal: MAXIMIZING, scope: PROPHETIC, history: MEMORYLESS
# training runs 1000000

[2025-09-22 16:48:42.696] [info] runs 1000 | prob 1 | low 1 | high 1
[2025-09-22 16:48:46.008] [info] runs 1000 | prob 1 | low 1 | high 1
[2025-09-22 16:48:49.328] [info] runs 1000 | prob 1 | low 1 | high 1
[2025-09-22 16:48:52.650] [info] runs 1000 | prob 1 | low 1 | high 1
[2025-09-22 16:48:55.955] [info] runs 1000 | prob 1 | low 1 | high 1
[2025-09-22 16:48:59.266] [info] runs 1000 | prob 1 | low 1 | high 1
[2025-09-22 16:49:02.593] [info] runs 1000 | prob 1 | low 1 | high 1
[2025-09-22 16:49:05.900] [info] runs 1000 | prob 1 | low 1 | high 1
[2025-09-22 16:49:09.231] [info] runs 1000 | prob 1 | low 1 | high 1
[2025-09-22 16:49:12.552] [info] runs 1000 | prob 1 | low 1 | high 1
[2025-09-22 16:49:15.843] [info] runs 1000 | prob 1 | low 1 | high 1
[2025-09-22 16:49:19.140] [info] runs 1000 | prob 1 | low 1 | high 1
[2025-09-22 16:49:22.479] [info] runs 1000 | prob 1 | low 1 | high 1
[2025-09-22 16:49:25.757] [info] runs 1000 | prob 1 | low 1 | high 1
[2025-09-22 16:49:29.055] [info] runs 1000 | prob 1 | low 1 | high 1
[2025-09-22 16:49:32.368] [info] runs 1000 | prob 1 | low 1 | high 1
[2025-09-22 16:49:35.690] [info] runs 1000 | prob 1 | low 1 | high 1
[2025-09-22 16:49:39.014] [info] runs 1000 | prob 1 | low 1 | high 1
[2025-09-22 16:49:42.309] [info] runs 1000 | prob 1 | low 1 | high 1
[2025-09-22 16:49:45.651] [info] runs 1000 | prob 1 | low 1 | high 1
[2025-09-22 16:49:48.973] [info] runs 1000 | prob 1 | low 1 | high 1
[2025-09-22 16:49:52.309] [info] runs 1000 | prob 1 | low 1 | high 1
[2025-09-22 16:49:55.610] [info] runs 1000 | prob 1 | low 1 | high 1
[2025-09-22 16:49:58.934] [info] runs 1000 | prob 1 | low 1 | high 1
[2025-09-22 16:50:02.259] [info] runs 1000 | prob 1 | low 1 | high 1
[2025-09-22 16:50:02.259] [info] RESULT:
training_time, simulation_time, prob, low, high, runs
3299, 2, 1, 1, 1, 1000
3308, 2, 1, 1, 1, 1000
3317, 2, 1, 1, 1, 1000
3319, 2, 1, 1, 1, 1000
3302, 2, 1, 1, 1, 1000
3308, 2, 1, 1, 1, 1000
3323, 2, 1, 1, 1, 1000
3304, 2, 1, 1, 1, 1000
3328, 2, 1, 1, 1, 1000
3318, 2, 1, 1, 1, 1000
3288, 2, 1, 1, 1, 1000
3294, 2, 1, 1, 1, 1000
3336, 2, 1, 1, 1, 1000
3274, 2, 1, 1, 1, 1000
3295, 2, 1, 1, 1, 1000
3310, 2, 1, 1, 1, 1000
3319, 2, 1, 1, 1, 1000
3320, 2, 1, 1, 1, 1000
3292, 2, 1, 1, 1, 1000
3339, 2, 1, 1, 1, 1000
3319, 2, 1, 1, 1, 1000
3332, 2, 1, 1, 1, 1000
3298, 2, 1, 1, 1, 1000
3321, 2, 1, 1, 1, 1000
3321, 2, 1, 1, 1, 1000
# timestamp 22.09.2025 15:47:27 (1758548847), datastructure reach_tree_reduced
# timebound 18, expirations {"r1": 2, "r2": 4}
# alpha 0.1, gamma 1
# fixed points 5, uniform granularity 0.5
# scheduler goal: MAXIMIZING, scope: NONPROPHETIC, history: MEMORYLESS
# training runs 1000000

[2025-09-22 16:50:02.259] [info] 2.7 Simulating on reduced Reach Tree: 198744
[2025-09-22 16:50:04.895] [info] Analysis finished; the goal is not reachable.
[2025-09-22 16:50:04.895] [info] Probability: 0.0
[2025-09-22 16:50:04.895] [info] 2 Analysis: 3757405
[2025-09-22 16:50:04.895] [info] 0 Computation Time Complete: 3757408
[2025-09-22 16:50:04.895] [info] Counters and timers:
Counters:

Timers:
0 Computation Time Complete: 3757408
1 Model creation: 2
2 Analysis: 3757405
2.2 Reachability Analysis: 3294764
2.3 Augment Reach Tree: 167
2.4 Creating Unified Datastructure from Reach Tree: 112
2.5 Simulating on full Reach Tree: 0
2.6 Pre-checking and Reduction: 260912
2.6.0 Labeling Reach Tree Nodes: 260907
2.6.1 Removing Unfulfilling Subtrees: 4
2.7 Simulating on reduced Reach Tree: 198744

