timebound = 20, jump depth = 100, max expirations of random clocks = [{r1: 2}, {r2: 4}], combine absorbing locations in unrolling = 0, integration bound(s) = 20, integration samples = 500000, model = WATERTANK, model case = CASE_A, LTI analysis = rectangular analysis, scheduler = goal: MAXIMIZING, scope: PROPHETIC, history: HISTORY_DEPENDENT, multithreaded = 1, disableBackwardsRefinement = 0
simulating 0 runs after 1000000 training runs with parameters:
learning rate                 0.1
discount factor               1
exploration rate              0.15
uniform granularity           0.5
adaptive compartments         5


[2025-09-22 16:50:05.147] [warning] no flow specified for variable c1 in location all_off - assuming flow of 0
[2025-09-22 16:50:05.147] [warning] no flow specified for variable c1 in location v2_on - assuming flow of 0
[2025-09-22 16:50:05.147] [warning] no flow specified for variable c1 in location v1_block - assuming flow of 0
[2025-09-22 16:50:05.147] [warning] no flow specified for variable c1 in location v2_block - assuming flow of 0
[2025-09-22 16:50:05.147] [warning] no flow specified for variable c1 in location v1_block_v2_on - assuming flow of 0
[2025-09-22 16:50:05.147] [warning] no flow specified for variable c1 in location block_safe - assuming flow of 0
[2025-09-22 16:50:05.147] [warning] no flow specified for variable c1 in location block_unsafe - assuming flow of 0
[2025-09-22 16:50:05.147] [warning] no flow specified for variable c2 in location all_off - assuming flow of 0
[2025-09-22 16:50:05.147] [warning] no flow specified for variable c2 in location v1_on - assuming flow of 0
[2025-09-22 16:50:05.147] [warning] no flow specified for variable c2 in location v1_block - assuming flow of 0
[2025-09-22 16:50:05.147] [warning] no flow specified for variable c2 in location v2_block - assuming flow of 0
[2025-09-22 16:50:05.147] [warning] no flow specified for variable c2 in location v2_block_v1_on - assuming flow of 0
[2025-09-22 16:50:05.147] [warning] no flow specified for variable c2 in location block_safe - assuming flow of 0
[2025-09-22 16:50:05.147] [warning] no flow specified for variable c2 in location block_unsafe - assuming flow of 0
[2025-09-22 16:50:05.149] [warning] no constraints specified for variable c1 in initial constraint number 0 - assuming [0,0]
[2025-09-22 16:50:05.149] [warning] no constraints specified for variable c2 in initial constraint number 0 - assuming [0,0]
[2025-09-22 16:50:05.149] [info] 1 Model creation: 2
[2025-09-22 16:50:05.149] [info] 

========== ConditionRepresentations ==========
rectangular: 1
0 1 0 0 <= 16
-1 0 0 0 <= 0
1 0 0 0 <= 20
x0 range(-0, 20), x1 below(16), 
========== +++++++++++++++++++ ==========
[2025-09-22 16:50:05.149] [info] 

========== ConditionRepresentations ==========
rectangular: 1
0 0 1 0 <= 2
-1 0 0 0 <= 0
1 0 0 0 <= 20
x0 range(-0, 20), x2 below(2), 
========== +++++++++++++++++++ ==========
[2025-09-22 16:50:05.149] [info] 

========== ConditionRepresentations ==========
rectangular: 1
0 0 0 1 <= 1
-1 0 0 0 <= 0
1 0 0 0 <= 20
x0 range(-0, 20), x3 below(1), 
========== +++++++++++++++++++ ==========
[2025-09-22 16:50:05.149] [info] 

========== ConditionRepresentations ==========
rectangular: 1
0 1 0 0 <= 16
-1 0 0 0 <= 0
1 0 0 0 <= 20
x0 range(-0, 20), x1 below(16), 
========== +++++++++++++++++++ ==========
[2025-09-22 16:50:05.149] [info] 

========== ConditionRepresentations ==========
rectangular: 1
0 1 0 0 <= 16
-1 0 0 0 <= 0
1 0 0 0 <= 20
x0 range(-0, 20), x1 below(16), 
========== +++++++++++++++++++ ==========
[2025-09-22 16:50:05.149] [info] 

========== ConditionRepresentations ==========
rectangular: 1
0 0 0 1 <= 1
-1 0 0 0 <= 0
1 0 0 0 <= 20
x0 range(-0, 20), x3 below(1), 
========== +++++++++++++++++++ ==========
[2025-09-22 16:50:05.149] [info] 

========== ConditionRepresentations ==========
rectangular: 1
0 0 1 0 <= 2
-1 0 0 0 <= 0
1 0 0 0 <= 20
x0 range(-0, 20), x2 below(2), 
========== +++++++++++++++++++ ==========
[2025-09-22 16:50:05.149] [info] 

========== ConditionRepresentations ==========
rectangular: 1
0 1 0 0 <= 16
-1 0 0 0 <= 0
1 0 0 0 <= 20
x0 range(-0, 20), x1 below(16), 
========== +++++++++++++++++++ ==========
[2025-09-22 16:50:05.149] [info] 

========== ConditionRepresentations ==========
rectangular: 1
-1 0 0 0 <= 0
1 0 0 0 <= 20
x0 range(-0, 20), 
========== +++++++++++++++++++ ==========
[2025-09-22 16:50:05.149] [info] 

========== ConditionRepresentations ==========
rectangular: 1
0 1 0 0 <= 16
-1 0 0 0 <= 0
1 0 0 0 <= 20
x0 range(-0, 20), x1 below(16), 
========== +++++++++++++++++++ ==========
[2025-09-22 16:50:05.149] [info] 

========== ConditionRepresentations ==========
rectangular: 1
0 0 1 0 <= 2
-1 0 0 0 <= 0
1 0 0 0 <= 20
x0 range(-0, 20), x2 below(2), 
========== +++++++++++++++++++ ==========
[2025-09-22 16:50:05.149] [info] 

========== ConditionRepresentations ==========
rectangular: 1
0 0 0 1 <= 1
-1 0 0 0 <= 0
1 0 0 0 <= 20
x0 range(-0, 20), x3 below(1), 
========== +++++++++++++++++++ ==========
[2025-09-22 16:50:05.149] [info] 

========== ConditionRepresentations ==========
rectangular: 1
0 1 0 0 <= 16
-1 0 0 0 <= 0
1 0 0 0 <= 20
x0 range(-0, 20), x1 below(16), 
========== +++++++++++++++++++ ==========
[2025-09-22 16:50:05.149] [info] 

========== ConditionRepresentations ==========
rectangular: 1
0 1 0 0 <= 16
-1 0 0 0 <= 0
1 0 0 0 <= 20
x0 range(-0, 20), x1 below(16), 
========== +++++++++++++++++++ ==========
[2025-09-22 16:50:05.149] [info] 

========== ConditionRepresentations ==========
rectangular: 1
0 0 0 1 <= 1
-1 0 0 0 <= 0
1 0 0 0 <= 20
x0 range(-0, 20), x3 below(1), 
========== +++++++++++++++++++ ==========
[2025-09-22 16:50:05.149] [info] 

========== ConditionRepresentations ==========
rectangular: 1
0 0 1 0 <= 2
-1 0 0 0 <= 0
1 0 0 0 <= 20
x0 range(-0, 20), x2 below(2), 
========== +++++++++++++++++++ ==========
[2025-09-22 16:50:05.149] [info] 

========== ConditionRepresentations ==========
rectangular: 1
0 1 0 0 <= 16
-1 0 0 0 <= 0
1 0 0 0 <= 20
x0 range(-0, 20), x1 below(16), 
========== +++++++++++++++++++ ==========
[2025-09-22 16:50:05.149] [info] 

========== ConditionRepresentations ==========
rectangular: 1
-1 0 0 0 <= 0
1 0 0 0 <= 20
x0 range(-0, 20), 
========== +++++++++++++++++++ ==========
[2025-09-22 16:50:05.149] [info] 

========== ConditionRepresentations ==========
rectangular: 1
0 1 0 0 <= 16
-1 0 0 0 <= 0
1 0 0 0 <= 20
x0 range(-0, 20), x1 below(16), 
========== +++++++++++++++++++ ==========
[2025-09-22 16:50:05.149] [info] 

========== ConditionRepresentations ==========
rectangular: 1
0 0 1 0 <= 2
-1 0 0 0 <= 0
1 0 0 0 <= 20
x0 range(-0, 20), x2 below(2), 
========== +++++++++++++++++++ ==========
[2025-09-22 16:50:05.149] [info] 

========== ConditionRepresentations ==========
rectangular: 1
0 0 0 1 <= 1
-1 0 0 0 <= 0
1 0 0 0 <= 20
x0 range(-0, 20), x3 below(1), 
========== +++++++++++++++++++ ==========
[2025-09-22 16:50:05.149] [info] 

========== ConditionRepresentations ==========
rectangular: 1
0 1 0 0 <= 16
-1 0 0 0 <= 0
1 0 0 0 <= 20
x0 range(-0, 20), x1 below(16), 
========== +++++++++++++++++++ ==========
[2025-09-22 16:50:05.149] [info] 

========== ConditionRepresentations ==========
rectangular: 1
0 1 0 0 <= 16
-1 0 0 0 <= 0
1 0 0 0 <= 20
x0 range(-0, 20), x1 below(16), 
========== +++++++++++++++++++ ==========
[2025-09-22 16:50:05.149] [info] 

========== ConditionRepresentations ==========
rectangular: 1
0 0 0 1 <= 1
-1 0 0 0 <= 0
1 0 0 0 <= 20
x0 range(-0, 20), x3 below(1), 
========== +++++++++++++++++++ ==========
[2025-09-22 16:50:05.149] [info] 

========== ConditionRepresentations ==========
rectangular: 1
0 0 1 0 <= 2
-1 0 0 0 <= 0
1 0 0 0 <= 20
x0 range(-0, 20), x2 below(2), 
========== +++++++++++++++++++ ==========
[2025-09-22 16:50:05.149] [info] 

========== ConditionRepresentations ==========
rectangular: 1
0 1 0 0 <= 16
-1 0 0 0 <= 0
1 0 0 0 <= 20
x0 range(-0, 20), x1 below(16), 
========== +++++++++++++++++++ ==========
[2025-09-22 16:50:05.149] [info] 

========== ConditionRepresentations ==========
rectangular: 1
-1 0 0 0 <= 0
1 0 0 0 <= 20
x0 range(-0, 20), 
========== +++++++++++++++++++ ==========
[2025-09-22 16:50:05.149] [info] 

========== ConditionRepresentations ==========
rectangular: 1
0 1 0 0 <= 16
-1 0 0 0 <= 0
1 0 0 0 <= 20
x0 range(-0, 20), x1 below(16), 
========== +++++++++++++++++++ ==========
[2025-09-22 16:50:05.149] [info] 

========== ConditionRepresentations ==========
rectangular: 1
0 0 1 0 <= 2
-1 0 0 0 <= 0
1 0 0 0 <= 20
x0 range(-0, 20), x2 below(2), 
========== +++++++++++++++++++ ==========
[2025-09-22 16:50:05.149] [info] 

========== ConditionRepresentations ==========
rectangular: 1
0 0 0 1 <= 1
-1 0 0 0 <= 0
1 0 0 0 <= 20
x0 range(-0, 20), x3 below(1), 
========== +++++++++++++++++++ ==========
[2025-09-22 16:50:05.149] [info] 

========== ConditionRepresentations ==========
rectangular: 1
0 1 0 0 <= 16
-1 0 0 0 <= 0
1 0 0 0 <= 20
x0 range(-0, 20), x1 below(16), 
========== +++++++++++++++++++ ==========
[2025-09-22 16:50:05.149] [info] 

========== ConditionRepresentations ==========
rectangular: 1
0 1 0 0 <= 16
-1 0 0 0 <= 0
1 0 0 0 <= 20
x0 range(-0, 20), x1 below(16), 
========== +++++++++++++++++++ ==========
[2025-09-22 16:50:05.150] [info] 

========== ConditionRepresentations ==========
rectangular: 1
0 0 0 1 <= 1
-1 0 0 0 <= 0
1 0 0 0 <= 20
x0 range(-0, 20), x3 below(1), 
========== +++++++++++++++++++ ==========
[2025-09-22 16:50:05.150] [info] 

========== ConditionRepresentations ==========
rectangular: 1
0 0 1 0 <= 2
-1 0 0 0 <= 0
1 0 0 0 <= 20
x0 range(-0, 20), x2 below(2), 
========== +++++++++++++++++++ ==========
[2025-09-22 16:50:05.150] [info] 

========== ConditionRepresentations ==========
rectangular: 1
0 1 0 0 <= 16
-1 0 0 0 <= 0
1 0 0 0 <= 20
x0 range(-0, 20), x1 below(16), 
========== +++++++++++++++++++ ==========
[2025-09-22 16:50:05.150] [info] 

========== ConditionRepresentations ==========
rectangular: 1
-1 0 0 0 <= 0
1 0 0 0 <= 20
x0 range(-0, 20), 
========== +++++++++++++++++++ ==========
[2025-09-22 16:50:05.150] [info] 

========== ConditionRepresentations ==========
rectangular: 1
0 1 0 0 <= 16
-1 0 0 0 <= 0
1 0 0 0 <= 20
x0 range(-0, 20), x1 below(16), 
========== +++++++++++++++++++ ==========
[2025-09-22 16:50:05.150] [info] 

========== ConditionRepresentations ==========
rectangular: 1
0 0 1 0 <= 2
-1 0 0 0 <= 0
1 0 0 0 <= 20
x0 range(-0, 20), x2 below(2), 
========== +++++++++++++++++++ ==========
[2025-09-22 16:50:05.150] [info] 

========== ConditionRepresentations ==========
rectangular: 1
0 0 0 1 <= 1
-1 0 0 0 <= 0
1 0 0 0 <= 20
x0 range(-0, 20), x3 below(1), 
========== +++++++++++++++++++ ==========
[2025-09-22 16:50:05.150] [info] 

========== ConditionRepresentations ==========
rectangular: 1
0 1 0 0 <= 16
-1 0 0 0 <= 0
1 0 0 0 <= 20
x0 range(-0, 20), x1 below(16), 
========== +++++++++++++++++++ ==========
[2025-09-22 16:50:05.150] [info] 

========== ConditionRepresentations ==========
rectangular: 1
0 1 0 0 <= 16
-1 0 0 0 <= 0
1 0 0 0 <= 20
x0 range(-0, 20), x1 below(16), 
========== +++++++++++++++++++ ==========
[2025-09-22 16:50:05.150] [info] 

========== ConditionRepresentations ==========
rectangular: 1
0 0 0 1 <= 1
-1 0 0 0 <= 0
1 0 0 0 <= 20
x0 range(-0, 20), x3 below(1), 
========== +++++++++++++++++++ ==========
[2025-09-22 16:50:05.150] [info] 

========== ConditionRepresentations ==========
rectangular: 1
0 0 1 0 <= 2
-1 0 0 0 <= 0
1 0 0 0 <= 20
x0 range(-0, 20), x2 below(2), 
========== +++++++++++++++++++ ==========
[2025-09-22 16:50:05.150] [info] 

========== ConditionRepresentations ==========
rectangular: 1
0 1 0 0 <= 16
-1 0 0 0 <= 0
1 0 0 0 <= 20
x0 range(-0, 20), x1 below(16), 
========== +++++++++++++++++++ ==========
[2025-09-22 16:50:05.150] [info] 

========== ConditionRepresentations ==========
rectangular: 1
-1 0 0 0 <= 0
1 0 0 0 <= 20
x0 range(-0, 20), 
========== +++++++++++++++++++ ==========
[2025-09-22 16:50:05.150] [info] 

========== ConditionRepresentations ==========
rectangular: 1
0 1 0 0 <= 16
-1 0 0 0 <= 0
1 0 0 0 <= 20
x0 range(-0, 20), x1 below(16), 
========== +++++++++++++++++++ ==========
[2025-09-22 16:50:05.150] [info] 

========== ConditionRepresentations ==========
rectangular: 1
0 0 1 0 <= 2
-1 0 0 0 <= 0
1 0 0 0 <= 20
x0 range(-0, 20), x2 below(2), 
========== +++++++++++++++++++ ==========
[2025-09-22 16:50:05.150] [info] 

========== ConditionRepresentations ==========
rectangular: 1
0 0 0 1 <= 1
-1 0 0 0 <= 0
1 0 0 0 <= 20
x0 range(-0, 20), x3 below(1), 
========== +++++++++++++++++++ ==========
[2025-09-22 16:50:05.150] [info] 

========== ConditionRepresentations ==========
rectangular: 1
0 1 0 0 <= 16
-1 0 0 0 <= 0
1 0 0 0 <= 20
x0 range(-0, 20), x1 below(16), 
========== +++++++++++++++++++ ==========
[2025-09-22 16:50:05.150] [info] 

========== ConditionRepresentations ==========
rectangular: 1
0 1 0 0 <= 16
-1 0 0 0 <= 0
1 0 0 0 <= 20
x0 range(-0, 20), x1 below(16), 
========== +++++++++++++++++++ ==========
[2025-09-22 16:50:05.150] [info] 

========== ConditionRepresentations ==========
rectangular: 1
0 0 0 1 <= 1
-1 0 0 0 <= 0
1 0 0 0 <= 20
x0 range(-0, 20), x3 below(1), 
========== +++++++++++++++++++ ==========
[2025-09-22 16:50:05.150] [info] 

========== ConditionRepresentations ==========
rectangular: 1
0 0 1 0 <= 2
-1 0 0 0 <= 0
1 0 0 0 <= 20
x0 range(-0, 20), x2 below(2), 
========== +++++++++++++++++++ ==========
[2025-09-22 16:50:05.150] [info] 

========== ConditionRepresentations ==========
rectangular: 1
0 1 0 0 <= 16
-1 0 0 0 <= 0
1 0 0 0 <= 20
x0 range(-0, 20), x1 below(16), 
========== +++++++++++++++++++ ==========
[2025-09-22 16:50:05.150] [info] 

========== ConditionRepresentations ==========
rectangular: 1
-1 0 0 0 <= 0
1 0 0 0 <= 20
x0 range(-0, 20), 
========== +++++++++++++++++++ ==========
[2025-09-22 16:50:05.150] [info] 

========== ConditionRepresentations ==========
rectangular: 1
0 1 0 0 <= 16
-1 0 0 0 <= 0
1 0 0 0 <= 20
x0 range(-0, 20), x1 below(16), 
========== +++++++++++++++++++ ==========
[2025-09-22 16:50:05.150] [info] 

========== ConditionRepresentations ==========
rectangular: 1
0 0 1 0 <= 2
-1 0 0 0 <= 0
1 0 0 0 <= 20
x0 range(-0, 20), x2 below(2), 
========== +++++++++++++++++++ ==========
[2025-09-22 16:50:05.150] [info] 

========== ConditionRepresentations ==========
rectangular: 1
0 0 0 1 <= 1
-1 0 0 0 <= 0
1 0 0 0 <= 20
x0 range(-0, 20), x3 below(1), 
========== +++++++++++++++++++ ==========
[2025-09-22 16:50:05.150] [info] 

========== ConditionRepresentations ==========
rectangular: 1
0 1 0 0 <= 16
-1 0 0 0 <= 0
1 0 0 0 <= 20
x0 range(-0, 20), x1 below(16), 
========== +++++++++++++++++++ ==========
[2025-09-22 16:50:05.150] [info] 

========== ConditionRepresentations ==========
rectangular: 1
0 1 0 0 <= 16
-1 0 0 0 <= 0
1 0 0 0 <= 20
x0 range(-0, 20), x1 below(16), 
========== +++++++++++++++++++ ==========
[2025-09-22 16:50:05.150] [info] 

========== ConditionRepresentations ==========
rectangular: 1
0 0 0 1 <= 1
-1 0 0 0 <= 0
1 0 0 0 <= 20
x0 range(-0, 20), x3 below(1), 
========== +++++++++++++++++++ ==========
[2025-09-22 16:50:05.150] [info] 

========== ConditionRepresentations ==========
rectangular: 1
0 0 1 0 <= 2
-1 0 0 0 <= 0
1 0 0 0 <= 20
x0 range(-0, 20), x2 below(2), 
========== +++++++++++++++++++ ==========
[2025-09-22 16:50:05.150] [info] 

========== ConditionRepresentations ==========
rectangular: 1
0 1 0 0 <= 16
-1 0 0 0 <= 0
1 0 0 0 <= 20
x0 range(-0, 20), x1 below(16), 
========== +++++++++++++++++++ ==========
[2025-09-22 16:50:05.150] [info] 

========== ConditionRepresentations ==========
rectangular: 1
-1 0 0 0 <= 0
1 0 0 0 <= 20
x0 range(-0, 20), 
========== +++++++++++++++++++ ==========
[2025-09-22 16:50:05.150] [info] 

========== ConditionRepresentations ==========
rectangular: 1
0 1 0 0 <= 16
-1 0 0 0 <= 0
1 0 0 0 <= 20
x0 range(-0, 20), x1 below(16), 
========== +++++++++++++++++++ ==========
[2025-09-22 16:50:05.150] [info] 

========== ConditionRepresentations ==========
rectangular: 1
0 0 1 0 <= 2
-1 0 0 0 <= 0
1 0 0 0 <= 20
x0 range(-0, 20), x2 below(2), 
========== +++++++++++++++++++ ==========
[2025-09-22 16:50:05.150] [info] 

========== ConditionRepresentations ==========
rectangular: 1
0 0 0 1 <= 1
-1 0 0 0 <= 0
1 0 0 0 <= 20
x0 range(-0, 20), x3 below(1), 
========== +++++++++++++++++++ ==========
[2025-09-22 16:50:05.150] [info] 

========== ConditionRepresentations ==========
rectangular: 1
0 1 0 0 <= 16
-1 0 0 0 <= 0
1 0 0 0 <= 20
x0 range(-0, 20), x1 below(16), 
========== +++++++++++++++++++ ==========
[2025-09-22 16:50:05.150] [info] 

========== ConditionRepresentations ==========
rectangular: 1
0 1 0 0 <= 16
-1 0 0 0 <= 0
1 0 0 0 <= 20
x0 range(-0, 20), x1 below(16), 
========== +++++++++++++++++++ ==========
[2025-09-22 16:50:05.150] [info] 

========== ConditionRepresentations ==========
rectangular: 1
0 0 0 1 <= 1
-1 0 0 0 <= 0
1 0 0 0 <= 20
x0 range(-0, 20), x3 below(1), 
========== +++++++++++++++++++ ==========
[2025-09-22 16:50:05.150] [info] 

========== ConditionRepresentations ==========
rectangular: 1
0 0 1 0 <= 2
-1 0 0 0 <= 0
1 0 0 0 <= 20
x0 range(-0, 20), x2 below(2), 
========== +++++++++++++++++++ ==========
[2025-09-22 16:50:05.150] [info] 

========== ConditionRepresentations ==========
rectangular: 1
0 1 0 0 <= 16
-1 0 0 0 <= 0
1 0 0 0 <= 20
x0 range(-0, 20), x1 below(16), 
========== +++++++++++++++++++ ==========
[2025-09-22 16:50:05.150] [info] 

========== ConditionRepresentations ==========
rectangular: 1
-1 0 0 0 <= 0
1 0 0 0 <= 20
x0 range(-0, 20), 
========== +++++++++++++++++++ ==========
[2025-09-22 16:50:05.150] [info] 

========== ConditionRepresentations ==========
rectangular: 1
0 1 0 0 <= 16
-1 0 0 0 <= 0
1 0 0 0 <= 20
x0 range(-0, 20), x1 below(16), 
========== +++++++++++++++++++ ==========
[2025-09-22 16:50:05.150] [info] 

========== ConditionRepresentations ==========
rectangular: 1
0 0 1 0 <= 2
-1 0 0 0 <= 0
1 0 0 0 <= 20
x0 range(-0, 20), x2 below(2), 
========== +++++++++++++++++++ ==========
[2025-09-22 16:50:05.150] [info] 

========== ConditionRepresentations ==========
rectangular: 1
0 0 0 1 <= 1
-1 0 0 0 <= 0
1 0 0 0 <= 20
x0 range(-0, 20), x3 below(1), 
========== +++++++++++++++++++ ==========
[2025-09-22 16:50:05.150] [info] 

========== ConditionRepresentations ==========
rectangular: 1
0 1 0 0 <= 16
-1 0 0 0 <= 0
1 0 0 0 <= 20
x0 range(-0, 20), x1 below(16), 
========== +++++++++++++++++++ ==========
[2025-09-22 16:50:05.150] [info] 

========== ConditionRepresentations ==========
rectangular: 1
0 1 0 0 <= 16
-1 0 0 0 <= 0
1 0 0 0 <= 20
x0 range(-0, 20), x1 below(16), 
========== +++++++++++++++++++ ==========
[2025-09-22 16:50:05.150] [info] 

========== ConditionRepresentations ==========
rectangular: 1
0 0 0 1 <= 1
-1 0 0 0 <= 0
1 0 0 0 <= 20
x0 range(-0, 20), x3 below(1), 
========== +++++++++++++++++++ ==========
[2025-09-22 16:50:05.150] [info] 

========== ConditionRepresentations ==========
rectangular: 1
0 0 1 0 <= 2
-1 0 0 0 <= 0
1 0 0 0 <= 20
x0 range(-0, 20), x2 below(2), 
========== +++++++++++++++++++ ==========
[2025-09-22 16:50:05.150] [info] 

========== ConditionRepresentations ==========
rectangular: 1
0 1 0 0 <= 16
-1 0 0 0 <= 0
1 0 0 0 <= 20
x0 range(-0, 20), x1 below(16), 
========== +++++++++++++++++++ ==========
[2025-09-22 16:50:05.150] [info] 

========== ConditionRepresentations ==========
rectangular: 1
-1 0 0 0 <= 0
1 0 0 0 <= 20
x0 range(-0, 20), 
========== +++++++++++++++++++ ==========
[2025-09-22 16:50:05.150] [info] 

========== ConditionRepresentations ==========
rectangular: 1
0 1 0 0 <= 16
-1 0 0 0 <= 0
1 0 0 0 <= 20
x0 range(-0, 20), x1 below(16), 
========== +++++++++++++++++++ ==========
[2025-09-22 16:50:05.150] [info] 

========== ConditionRepresentations ==========
rectangular: 1
0 0 1 0 <= 2
-1 0 0 0 <= 0
1 0 0 0 <= 20
x0 range(-0, 20), x2 below(2), 
========== +++++++++++++++++++ ==========
[2025-09-22 16:50:05.150] [info] 

========== ConditionRepresentations ==========
rectangular: 1
0 0 0 1 <= 1
-1 0 0 0 <= 0
1 0 0 0 <= 20
x0 range(-0, 20), x3 below(1), 
========== +++++++++++++++++++ ==========
[2025-09-22 16:50:05.150] [info] 

========== ConditionRepresentations ==========
rectangular: 1
0 1 0 0 <= 16
-1 0 0 0 <= 0
1 0 0 0 <= 20
x0 range(-0, 20), x1 below(16), 
========== +++++++++++++++++++ ==========
[2025-09-22 16:50:05.150] [info] 

========== ConditionRepresentations ==========
rectangular: 1
0 1 0 0 <= 16
-1 0 0 0 <= 0
1 0 0 0 <= 20
x0 range(-0, 20), x1 below(16), 
========== +++++++++++++++++++ ==========
[2025-09-22 16:50:05.150] [info] 

========== ConditionRepresentations ==========
rectangular: 1
0 0 0 1 <= 1
-1 0 0 0 <= 0
1 0 0 0 <= 20
x0 range(-0, 20), x3 below(1), 
========== +++++++++++++++++++ ==========
[2025-09-22 16:50:05.150] [info] 

========== ConditionRepresentations ==========
rectangular: 1
0 0 1 0 <= 2
-1 0 0 0 <= 0
1 0 0 0 <= 20
x0 range(-0, 20), x2 below(2), 
========== +++++++++++++++++++ ==========
[2025-09-22 16:50:05.150] [info] 

========== ConditionRepresentations ==========
rectangular: 1
0 1 0 0 <= 16
-1 0 0 0 <= 0
1 0 0 0 <= 20
x0 range(-0, 20), x1 below(16), 
========== +++++++++++++++++++ ==========
[2025-09-22 16:50:05.150] [info] 

========== ConditionRepresentations ==========
rectangular: 1
-1 0 0 0 <= 0
1 0 0 0 <= 20
x0 range(-0, 20), 
========== +++++++++++++++++++ ==========
[2025-09-22 16:50:05.150] [info] 

========== ConditionRepresentations ==========
rectangular: 1
0 1 0 0 <= 16
-1 0 0 0 <= 0
1 0 0 0 <= 20
x0 range(-0, 20), x1 below(16), 
========== +++++++++++++++++++ ==========
[2025-09-22 16:50:05.150] [info] 

========== ConditionRepresentations ==========
rectangular: 1
0 0 1 0 <= 2
-1 0 0 0 <= 0
1 0 0 0 <= 20
x0 range(-0, 20), x2 below(2), 
========== +++++++++++++++++++ ==========
[2025-09-22 16:50:05.150] [info] 

========== ConditionRepresentations ==========
rectangular: 1
0 0 0 1 <= 1
-1 0 0 0 <= 0
1 0 0 0 <= 20
x0 range(-0, 20), x3 below(1), 
========== +++++++++++++++++++ ==========
[2025-09-22 16:50:05.150] [info] 

========== ConditionRepresentations ==========
rectangular: 1
0 1 0 0 <= 16
-1 0 0 0 <= 0
1 0 0 0 <= 20
x0 range(-0, 20), x1 below(16), 
========== +++++++++++++++++++ ==========
[2025-09-22 16:50:05.150] [info] 

========== ConditionRepresentations ==========
rectangular: 1
0 1 0 0 <= 16
-1 0 0 0 <= 0
1 0 0 0 <= 20
x0 range(-0, 20), x1 below(16), 
========== +++++++++++++++++++ ==========
[2025-09-22 16:50:05.150] [info] 

========== ConditionRepresentations ==========
rectangular: 1
0 0 0 1 <= 1
-1 0 0 0 <= 0
1 0 0 0 <= 20
x0 range(-0, 20), x3 below(1), 
========== +++++++++++++++++++ ==========
[2025-09-22 16:50:05.150] [info] 

========== ConditionRepresentations ==========
rectangular: 1
0 0 1 0 <= 2
-1 0 0 0 <= 0
1 0 0 0 <= 20
x0 range(-0, 20), x2 below(2), 
========== +++++++++++++++++++ ==========
[2025-09-22 16:50:05.150] [info] 

========== ConditionRepresentations ==========
rectangular: 1
0 1 0 0 <= 16
-1 0 0 0 <= 0
1 0 0 0 <= 20
x0 range(-0, 20), x1 below(16), 
========== +++++++++++++++++++ ==========
[2025-09-22 16:50:05.150] [info] 

========== ConditionRepresentations ==========
rectangular: 1
-1 0 0 0 <= 0
1 0 0 0 <= 20
x0 range(-0, 20), 
========== +++++++++++++++++++ ==========
[2025-09-22 16:50:05.150] [info] 

========== ConditionRepresentations ==========
rectangular: 1
0 1 0 0 <= 16
-1 0 0 0 <= 0
1 0 0 0 <= 20
x0 range(-0, 20), x1 below(16), 
========== +++++++++++++++++++ ==========
[2025-09-22 16:50:05.150] [info] 

========== ConditionRepresentations ==========
rectangular: 1
0 0 1 0 <= 2
-1 0 0 0 <= 0
1 0 0 0 <= 20
x0 range(-0, 20), x2 below(2), 
========== +++++++++++++++++++ ==========
[2025-09-22 16:50:05.150] [info] 

========== ConditionRepresentations ==========
rectangular: 1
0 0 0 1 <= 1
-1 0 0 0 <= 0
1 0 0 0 <= 20
x0 range(-0, 20), x3 below(1), 
========== +++++++++++++++++++ ==========
[2025-09-22 16:50:05.150] [info] 

========== ConditionRepresentations ==========
rectangular: 1
0 1 0 0 <= 16
-1 0 0 0 <= 0
1 0 0 0 <= 20
x0 range(-0, 20), x1 below(16), 
========== +++++++++++++++++++ ==========
[2025-09-22 16:50:05.150] [info] 

========== ConditionRepresentations ==========
rectangular: 1
0 1 0 0 <= 16
-1 0 0 0 <= 0
1 0 0 0 <= 20
x0 range(-0, 20), x1 below(16), 
========== +++++++++++++++++++ ==========
[2025-09-22 16:50:05.150] [info] 

========== ConditionRepresentations ==========
rectangular: 1
0 0 0 1 <= 1
-1 0 0 0 <= 0
1 0 0 0 <= 20
x0 range(-0, 20), x3 below(1), 
========== +++++++++++++++++++ ==========
[2025-09-22 16:50:05.150] [info] 

========== ConditionRepresentations ==========
rectangular: 1
0 0 1 0 <= 2
-1 0 0 0 <= 0
1 0 0 0 <= 20
x0 range(-0, 20), x2 below(2), 
========== +++++++++++++++++++ ==========
[2025-09-22 16:50:05.150] [info] 

========== ConditionRepresentations ==========
rectangular: 1
0 1 0 0 <= 16
-1 0 0 0 <= 0
1 0 0 0 <= 20
x0 range(-0, 20), x1 below(16), 
========== +++++++++++++++++++ ==========
[2025-09-22 16:50:05.150] [info] 

========== ConditionRepresentations ==========
rectangular: 1
-1 0 0 0 <= 0
1 0 0 0 <= 20
x0 range(-0, 20), 
========== +++++++++++++++++++ ==========
[2025-09-22 16:50:05.150] [info] 

========== ConditionRepresentations ==========
rectangular: 1
0 1 0 0 <= 16
-1 0 0 0 <= 0
1 0 0 0 <= 20
x0 range(-0, 20), x1 below(16), 
========== +++++++++++++++++++ ==========
[2025-09-22 16:50:05.150] [info] 

========== ConditionRepresentations ==========
rectangular: 1
0 0 1 0 <= 2
-1 0 0 0 <= 0
1 0 0 0 <= 20
x0 range(-0, 20), x2 below(2), 
========== +++++++++++++++++++ ==========
[2025-09-22 16:50:05.150] [info] 

========== ConditionRepresentations ==========
rectangular: 1
0 0 0 1 <= 1
-1 0 0 0 <= 0
1 0 0 0 <= 20
x0 range(-0, 20), x3 below(1), 
========== +++++++++++++++++++ ==========
[2025-09-22 16:50:05.150] [info] 

========== ConditionRepresentations ==========
rectangular: 1
0 1 0 0 <= 16
-1 0 0 0 <= 0
1 0 0 0 <= 20
x0 range(-0, 20), x1 below(16), 
========== +++++++++++++++++++ ==========
[2025-09-22 16:50:05.150] [info] 

========== ConditionRepresentations ==========
rectangular: 1
0 1 0 0 <= 16
-1 0 0 0 <= 0
1 0 0 0 <= 20
x0 range(-0, 20), x1 below(16), 
========== +++++++++++++++++++ ==========
[2025-09-22 16:50:05.150] [info] 

========== ConditionRepresentations ==========
rectangular: 1
0 0 0 1 <= 1
-1 0 0 0 <= 0
1 0 0 0 <= 20
x0 range(-0, 20), x3 below(1), 
========== +++++++++++++++++++ ==========
[2025-09-22 16:50:05.150] [info] 

========== ConditionRepresentations ==========
rectangular: 1
0 0 1 0 <= 2
-1 0 0 0 <= 0
1 0 0 0 <= 20
x0 range(-0, 20), x2 below(2), 
========== +++++++++++++++++++ ==========
[2025-09-22 16:50:05.150] [info] 

========== ConditionRepresentations ==========
rectangular: 1
0 1 0 0 <= 16
-1 0 0 0 <= 0
1 0 0 0 <= 20
x0 range(-0, 20), x1 below(16), 
========== +++++++++++++++++++ ==========
[2025-09-22 16:50:05.150] [info] 

========== ConditionRepresentations ==========
rectangular: 1
-1 0 0 0 <= 0
1 0 0 0 <= 20
x0 range(-0, 20), 
========== +++++++++++++++++++ ==========
[2025-09-22 16:50:05.150] [info] 

========== ConditionRepresentations ==========
rectangular: 1
0 1 0 0 <= 16
-1 0 0 0 <= 0
1 0 0 0 <= 20
x0 range(-0, 20), x1 below(16), 
========== +++++++++++++++++++ ==========
[2025-09-22 16:50:05.150] [info] 

========== ConditionRepresentations ==========
rectangular: 1
0 0 1 0 <= 2
-1 0 0 0 <= 0
1 0 0 0 <= 20
x0 range(-0, 20), x2 below(2), 
========== +++++++++++++++++++ ==========
[2025-09-22 16:50:05.150] [info] 

========== ConditionRepresentations ==========
rectangular: 1
0 0 0 1 <= 1
-1 0 0 0 <= 0
1 0 0 0 <= 20
x0 range(-0, 20), x3 below(1), 
========== +++++++++++++++++++ ==========
[2025-09-22 16:50:05.150] [info] 

========== ConditionRepresentations ==========
rectangular: 1
0 1 0 0 <= 16
-1 0 0 0 <= 0
1 0 0 0 <= 20
x0 range(-0, 20), x1 below(16), 
========== +++++++++++++++++++ ==========
[2025-09-22 16:50:05.150] [info] 

========== ConditionRepresentations ==========
rectangular: 1
0 1 0 0 <= 16
-1 0 0 0 <= 0
1 0 0 0 <= 20
x0 range(-0, 20), x1 below(16), 
========== +++++++++++++++++++ ==========
[2025-09-22 16:50:05.150] [info] 

========== ConditionRepresentations ==========
rectangular: 1
0 0 0 1 <= 1
-1 0 0 0 <= 0
1 0 0 0 <= 20
x0 range(-0, 20), x3 below(1), 
========== +++++++++++++++++++ ==========
[2025-09-22 16:50:05.150] [info] 

========== ConditionRepresentations ==========
rectangular: 1
0 0 1 0 <= 2
-1 0 0 0 <= 0
1 0 0 0 <= 20
x0 range(-0, 20), x2 below(2), 
========== +++++++++++++++++++ ==========
[2025-09-22 16:50:05.150] [info] 

========== ConditionRepresentations ==========
rectangular: 1
0 1 0 0 <= 16
-1 0 0 0 <= 0
1 0 0 0 <= 20
x0 range(-0, 20), x1 below(16), 
========== +++++++++++++++++++ ==========
[2025-09-22 16:50:05.150] [info] 

========== ConditionRepresentations ==========
rectangular: 1
-1 0 0 0 <= 0
1 0 0 0 <= 20
x0 range(-0, 20), 
========== +++++++++++++++++++ ==========
[2025-09-22 16:50:05.150] [info] 

========== ConditionRepresentations ==========
rectangular: 1
0 1 0 0 <= 16
-1 0 0 0 <= 0
1 0 0 0 <= 20
x0 range(-0, 20), x1 below(16), 
========== +++++++++++++++++++ ==========
[2025-09-22 16:50:05.150] [info] 

========== ConditionRepresentations ==========
rectangular: 1
0 0 1 0 <= 2
-1 0 0 0 <= 0
1 0 0 0 <= 20
x0 range(-0, 20), x2 below(2), 
========== +++++++++++++++++++ ==========
[2025-09-22 16:50:05.150] [info] 

========== ConditionRepresentations ==========
rectangular: 1
0 0 0 1 <= 1
-1 0 0 0 <= 0
1 0 0 0 <= 20
x0 range(-0, 20), x3 below(1), 
========== +++++++++++++++++++ ==========
[2025-09-22 16:50:05.150] [info] 

========== ConditionRepresentations ==========
rectangular: 1
0 1 0 0 <= 16
-1 0 0 0 <= 0
1 0 0 0 <= 20
x0 range(-0, 20), x1 below(16), 
========== +++++++++++++++++++ ==========
[2025-09-22 16:50:05.150] [info] 

========== ConditionRepresentations ==========
rectangular: 1
0 1 0 0 <= 16
-1 0 0 0 <= 0
1 0 0 0 <= 20
x0 range(-0, 20), x1 below(16), 
========== +++++++++++++++++++ ==========
[2025-09-22 16:50:05.150] [info] 

========== ConditionRepresentations ==========
rectangular: 1
0 0 0 1 <= 1
-1 0 0 0 <= 0
1 0 0 0 <= 20
x0 range(-0, 20), x3 below(1), 
========== +++++++++++++++++++ ==========
[2025-09-22 16:50:05.150] [info] 

========== ConditionRepresentations ==========
rectangular: 1
0 0 1 0 <= 2
-1 0 0 0 <= 0
1 0 0 0 <= 20
x0 range(-0, 20), x2 below(2), 
========== +++++++++++++++++++ ==========
[2025-09-22 16:50:05.150] [info] 

========== ConditionRepresentations ==========
rectangular: 1
0 1 0 0 <= 16
-1 0 0 0 <= 0
1 0 0 0 <= 20
x0 range(-0, 20), x1 below(16), 
========== +++++++++++++++++++ ==========
[2025-09-22 16:50:05.150] [info] 

========== ConditionRepresentations ==========
rectangular: 1
-1 0 0 0 <= 0
1 0 0 0 <= 20
x0 range(-0, 20), 
========== +++++++++++++++++++ ==========
[2025-09-22 16:50:05.150] [info] 

========== ConditionRepresentations ==========
rectangular: 1
0 -1 0 0 <= -16
x1 above(16), 
========== +++++++++++++++++++ ==========
[2025-09-22 16:50:05.150] [info] 

========== ConditionRepresentations ==========
rectangular: 1
0 -1 0 0 <= -16
x1 above(16), 
========== +++++++++++++++++++ ==========
[2025-09-22 16:50:05.150] [info] 

========== ConditionRepresentations ==========
rectangular: 1
0 1 0 0 <= 16
0 0 -1 0 <= -2
x1 below(16), x2 above(2), 
========== +++++++++++++++++++ ==========
[2025-09-22 16:50:05.150] [info] 

========== ConditionRepresentations ==========
rectangular: 1
0 -1 0 0 <= -16
0 0 -1 0 <= -2
x1 above(16), x2 above(2), 
========== +++++++++++++++++++ ==========
[2025-09-22 16:50:05.150] [info] 

========== ConditionRepresentations ==========
rectangular: 1
0 1 0 0 <= 16
0 0 0 -1 <= -1
x1 below(16), x3 above(1), 
========== +++++++++++++++++++ ==========
[2025-09-22 16:50:05.150] [info] 

========== ConditionRepresentations ==========
rectangular: 1
0 -1 0 0 <= -16
0 0 0 -1 <= -1
x1 above(16), x3 above(1), 
========== +++++++++++++++++++ ==========
[2025-09-22 16:50:05.150] [info] 

========== ConditionRepresentations ==========
rectangular: 1
0 -1 0 0 <= -16
x1 above(16), 
========== +++++++++++++++++++ ==========
[2025-09-22 16:50:05.150] [info] 

========== ConditionRepresentations ==========
rectangular: 1

========== +++++++++++++++++++ ==========
[2025-09-22 16:50:05.150] [info] 

========== ConditionRepresentations ==========
rectangular: 1
0 -1 0 0 <= -16
x1 above(16), 
========== +++++++++++++++++++ ==========
[2025-09-22 16:50:05.150] [info] 

========== ConditionRepresentations ==========
rectangular: 1

========== +++++++++++++++++++ ==========
[2025-09-22 16:50:05.150] [info] 

========== ConditionRepresentations ==========
rectangular: 1
0 1 0 0 <= 16
0 0 0 -1 <= -1
x1 below(16), x3 above(1), 
========== +++++++++++++++++++ ==========
[2025-09-22 16:50:05.150] [info] 

========== ConditionRepresentations ==========
rectangular: 1
0 -1 0 0 <= -16
0 0 0 -1 <= -1
x1 above(16), x3 above(1), 
========== +++++++++++++++++++ ==========
[2025-09-22 16:50:05.150] [info] 

========== ConditionRepresentations ==========
rectangular: 1

========== +++++++++++++++++++ ==========
[2025-09-22 16:50:05.150] [info] 

========== ConditionRepresentations ==========
rectangular: 1
0 1 0 0 <= 16
0 0 -1 0 <= -2
x1 below(16), x2 above(2), 
========== +++++++++++++++++++ ==========
[2025-09-22 16:50:05.150] [info] 

========== ConditionRepresentations ==========
rectangular: 1
0 -1 0 0 <= -16
0 0 -1 0 <= -2
x1 above(16), x2 above(2), 
========== +++++++++++++++++++ ==========
[2025-09-22 16:50:05.150] [info] 

========== ConditionRepresentations ==========
rectangular: 1

========== +++++++++++++++++++ ==========
[2025-09-22 16:50:05.150] [info] 

========== ConditionRepresentations ==========
rectangular: 1
0 -1 0 0 <= -16
x1 above(16), 
========== +++++++++++++++++++ ==========
[2025-09-22 16:50:05.150] [info] 

========== ConditionRepresentations ==========
rectangular: 1

========== +++++++++++++++++++ ==========
[2025-09-22 16:50:05.150] [info] 

========== ConditionRepresentations ==========
rectangular: 1

========== +++++++++++++++++++ ==========
[2025-09-22 16:50:05.150] [info] 

========== ConditionRepresentations ==========
rectangular: 1

========== +++++++++++++++++++ ==========
[2025-09-22 16:50:05.150] [info] 

========== ConditionRepresentations ==========
rectangular: 1

========== +++++++++++++++++++ ==========
[2025-09-22 16:50:05.150] [info] 

========== ConditionRepresentations ==========
rectangular: 1
0 -1 0 0 <= -16
x1 above(16), 
========== +++++++++++++++++++ ==========
[2025-09-22 16:50:05.150] [info] 

========== ConditionRepresentations ==========
rectangular: 1
0 -1 0 0 <= -16
x1 above(16), 
========== +++++++++++++++++++ ==========
[2025-09-22 16:50:05.150] [info] 

========== ConditionRepresentations ==========
rectangular: 1
0 1 0 0 <= 16
0 0 -1 0 <= -2
x1 below(16), x2 above(2), 
========== +++++++++++++++++++ ==========
[2025-09-22 16:50:05.150] [info] 

========== ConditionRepresentations ==========
rectangular: 1
0 -1 0 0 <= -16
0 0 -1 0 <= -2
x1 above(16), x2 above(2), 
========== +++++++++++++++++++ ==========
[2025-09-22 16:50:05.150] [info] 

========== ConditionRepresentations ==========
rectangular: 1
0 1 0 0 <= 16
0 0 0 -1 <= -1
x1 below(16), x3 above(1), 
========== +++++++++++++++++++ ==========
[2025-09-22 16:50:05.150] [info] 

========== ConditionRepresentations ==========
rectangular: 1
0 -1 0 0 <= -16
0 0 0 -1 <= -1
x1 above(16), x3 above(1), 
========== +++++++++++++++++++ ==========
[2025-09-22 16:50:05.150] [info] 

========== ConditionRepresentations ==========
rectangular: 1
0 -1 0 0 <= -16
x1 above(16), 
========== +++++++++++++++++++ ==========
[2025-09-22 16:50:05.150] [info] 

========== ConditionRepresentations ==========
rectangular: 1

========== +++++++++++++++++++ ==========
[2025-09-22 16:50:05.150] [info] 

========== ConditionRepresentations ==========
rectangular: 1
0 -1 0 0 <= -16
x1 above(16), 
========== +++++++++++++++++++ ==========
[2025-09-22 16:50:05.150] [info] 

========== ConditionRepresentations ==========
rectangular: 1

========== +++++++++++++++++++ ==========
[2025-09-22 16:50:05.150] [info] 

========== ConditionRepresentations ==========
rectangular: 1
0 1 0 0 <= 16
0 0 0 -1 <= -1
x1 below(16), x3 above(1), 
========== +++++++++++++++++++ ==========
[2025-09-22 16:50:05.150] [info] 

========== ConditionRepresentations ==========
rectangular: 1
0 -1 0 0 <= -16
0 0 0 -1 <= -1
x1 above(16), x3 above(1), 
========== +++++++++++++++++++ ==========
[2025-09-22 16:50:05.150] [info] 

========== ConditionRepresentations ==========
rectangular: 1

========== +++++++++++++++++++ ==========
[2025-09-22 16:50:05.150] [info] 

========== ConditionRepresentations ==========
rectangular: 1
0 1 0 0 <= 16
0 0 -1 0 <= -2
x1 below(16), x2 above(2), 
========== +++++++++++++++++++ ==========
[2025-09-22 16:50:05.150] [info] 

========== ConditionRepresentations ==========
rectangular: 1
0 -1 0 0 <= -16
0 0 -1 0 <= -2
x1 above(16), x2 above(2), 
========== +++++++++++++++++++ ==========
[2025-09-22 16:50:05.150] [info] 

========== ConditionRepresentations ==========
rectangular: 1

========== +++++++++++++++++++ ==========
[2025-09-22 16:50:05.150] [info] 

========== ConditionRepresentations ==========
rectangular: 1
0 -1 0 0 <= -16
x1 above(16), 
========== +++++++++++++++++++ ==========
[2025-09-22 16:50:05.150] [info] 

========== ConditionRepresentations ==========
rectangular: 1

========== +++++++++++++++++++ ==========
[2025-09-22 16:50:05.150] [info] 

========== ConditionRepresentations ==========
rectangular: 1

========== +++++++++++++++++++ ==========
[2025-09-22 16:50:05.150] [info] 

========== ConditionRepresentations ==========
rectangular: 1

========== +++++++++++++++++++ ==========
[2025-09-22 16:50:05.150] [info] 

========== ConditionRepresentations ==========
rectangular: 1

========== +++++++++++++++++++ ==========
[2025-09-22 16:50:05.150] [info] 

========== ConditionRepresentations ==========
rectangular: 1
0 -1 0 0 <= -16
x1 above(16), 
========== +++++++++++++++++++ ==========
[2025-09-22 16:50:05.150] [info] 

========== ConditionRepresentations ==========
rectangular: 1
0 -1 0 0 <= -16
x1 above(16), 
========== +++++++++++++++++++ ==========
[2025-09-22 16:50:05.150] [info] 

========== ConditionRepresentations ==========
rectangular: 1
0 1 0 0 <= 16
0 0 -1 0 <= -2
x1 below(16), x2 above(2), 
========== +++++++++++++++++++ ==========
[2025-09-22 16:50:05.150] [info] 

========== ConditionRepresentations ==========
rectangular: 1
0 -1 0 0 <= -16
0 0 -1 0 <= -2
x1 above(16), x2 above(2), 
========== +++++++++++++++++++ ==========
[2025-09-22 16:50:05.150] [info] 

========== ConditionRepresentations ==========
rectangular: 1
0 1 0 0 <= 16
0 0 0 -1 <= -1
x1 below(16), x3 above(1), 
========== +++++++++++++++++++ ==========
[2025-09-22 16:50:05.150] [info] 

========== ConditionRepresentations ==========
rectangular: 1
0 -1 0 0 <= -16
0 0 0 -1 <= -1
x1 above(16), x3 above(1), 
========== +++++++++++++++++++ ==========
[2025-09-22 16:50:05.150] [info] 

========== ConditionRepresentations ==========
rectangular: 1
0 -1 0 0 <= -16
x1 above(16), 
========== +++++++++++++++++++ ==========
[2025-09-22 16:50:05.150] [info] 

========== ConditionRepresentations ==========
rectangular: 1

========== +++++++++++++++++++ ==========
[2025-09-22 16:50:05.150] [info] 

========== ConditionRepresentations ==========
rectangular: 1
0 -1 0 0 <= -16
x1 above(16), 
========== +++++++++++++++++++ ==========
[2025-09-22 16:50:05.150] [info] 

========== ConditionRepresentations ==========
rectangular: 1

========== +++++++++++++++++++ ==========
[2025-09-22 16:50:05.150] [info] 

========== ConditionRepresentations ==========
rectangular: 1
0 1 0 0 <= 16
0 0 0 -1 <= -1
x1 below(16), x3 above(1), 
========== +++++++++++++++++++ ==========
[2025-09-22 16:50:05.150] [info] 

========== ConditionRepresentations ==========
rectangular: 1
0 -1 0 0 <= -16
0 0 0 -1 <= -1
x1 above(16), x3 above(1), 
========== +++++++++++++++++++ ==========
[2025-09-22 16:50:05.150] [info] 

========== ConditionRepresentations ==========
rectangular: 1

========== +++++++++++++++++++ ==========
[2025-09-22 16:50:05.150] [info] 

========== ConditionRepresentations ==========
rectangular: 1
0 1 0 0 <= 16
0 0 -1 0 <= -2
x1 below(16), x2 above(2), 
========== +++++++++++++++++++ ==========
[2025-09-22 16:50:05.150] [info] 

========== ConditionRepresentations ==========
rectangular: 1
0 -1 0 0 <= -16
0 0 -1 0 <= -2
x1 above(16), x2 above(2), 
========== +++++++++++++++++++ ==========
[2025-09-22 16:50:05.150] [info] 

========== ConditionRepresentations ==========
rectangular: 1

========== +++++++++++++++++++ ==========
[2025-09-22 16:50:05.150] [info] 

========== ConditionRepresentations ==========
rectangular: 1
0 -1 0 0 <= -16
x1 above(16), 
========== +++++++++++++++++++ ==========
[2025-09-22 16:50:05.150] [info] 

========== ConditionRepresentations ==========
rectangular: 1

========== +++++++++++++++++++ ==========
[2025-09-22 16:50:05.150] [info] 

========== ConditionRepresentations ==========
rectangular: 1

========== +++++++++++++++++++ ==========
[2025-09-22 16:50:05.150] [info] 

========== ConditionRepresentations ==========
rectangular: 1

========== +++++++++++++++++++ ==========
[2025-09-22 16:50:05.150] [info] 

========== ConditionRepresentations ==========
rectangular: 1

========== +++++++++++++++++++ ==========
[2025-09-22 16:50:05.150] [info] 

========== ConditionRepresentations ==========
rectangular: 1
0 -1 0 0 <= -16
x1 above(16), 
========== +++++++++++++++++++ ==========
[2025-09-22 16:50:05.150] [info] 

========== ConditionRepresentations ==========
rectangular: 1
0 -1 0 0 <= -16
x1 above(16), 
========== +++++++++++++++++++ ==========
[2025-09-22 16:50:05.150] [info] 

========== ConditionRepresentations ==========
rectangular: 1
0 1 0 0 <= 16
0 0 -1 0 <= -2
x1 below(16), x2 above(2), 
========== +++++++++++++++++++ ==========
[2025-09-22 16:50:05.150] [info] 

========== ConditionRepresentations ==========
rectangular: 1
0 -1 0 0 <= -16
0 0 -1 0 <= -2
x1 above(16), x2 above(2), 
========== +++++++++++++++++++ ==========
[2025-09-22 16:50:05.150] [info] 

========== ConditionRepresentations ==========
rectangular: 1
0 1 0 0 <= 16
0 0 0 -1 <= -1
x1 below(16), x3 above(1), 
========== +++++++++++++++++++ ==========
[2025-09-22 16:50:05.150] [info] 

========== ConditionRepresentations ==========
rectangular: 1
0 -1 0 0 <= -16
0 0 0 -1 <= -1
x1 above(16), x3 above(1), 
========== +++++++++++++++++++ ==========
[2025-09-22 16:50:05.150] [info] 

========== ConditionRepresentations ==========
rectangular: 1
0 -1 0 0 <= -16
x1 above(16), 
========== +++++++++++++++++++ ==========
[2025-09-22 16:50:05.150] [info] 

========== ConditionRepresentations ==========
rectangular: 1

========== +++++++++++++++++++ ==========
[2025-09-22 16:50:05.150] [info] 

========== ConditionRepresentations ==========
rectangular: 1
0 -1 0 0 <= -16
x1 above(16), 
========== +++++++++++++++++++ ==========
[2025-09-22 16:50:05.150] [info] 

========== ConditionRepresentations ==========
rectangular: 1

========== +++++++++++++++++++ ==========
[2025-09-22 16:50:05.150] [info] 

========== ConditionRepresentations ==========
rectangular: 1
0 1 0 0 <= 16
0 0 0 -1 <= -1
x1 below(16), x3 above(1), 
========== +++++++++++++++++++ ==========
[2025-09-22 16:50:05.150] [info] 

========== ConditionRepresentations ==========
rectangular: 1
0 -1 0 0 <= -16
0 0 0 -1 <= -1
x1 above(16), x3 above(1), 
========== +++++++++++++++++++ ==========
[2025-09-22 16:50:05.150] [info] 

========== ConditionRepresentations ==========
rectangular: 1

========== +++++++++++++++++++ ==========
[2025-09-22 16:50:05.150] [info] 

========== ConditionRepresentations ==========
rectangular: 1
0 1 0 0 <= 16
0 0 -1 0 <= -2
x1 below(16), x2 above(2), 
========== +++++++++++++++++++ ==========
[2025-09-22 16:50:05.150] [info] 

========== ConditionRepresentations ==========
rectangular: 1
0 -1 0 0 <= -16
0 0 -1 0 <= -2
x1 above(16), x2 above(2), 
========== +++++++++++++++++++ ==========
[2025-09-22 16:50:05.150] [info] 

========== ConditionRepresentations ==========
rectangular: 1

========== +++++++++++++++++++ ==========
[2025-09-22 16:50:05.150] [info] 

========== ConditionRepresentations ==========
rectangular: 1
0 -1 0 0 <= -16
x1 above(16), 
========== +++++++++++++++++++ ==========
[2025-09-22 16:50:05.150] [info] 

========== ConditionRepresentations ==========
rectangular: 1

========== +++++++++++++++++++ ==========
[2025-09-22 16:50:05.150] [info] 

========== ConditionRepresentations ==========
rectangular: 1

========== +++++++++++++++++++ ==========
[2025-09-22 16:50:05.150] [info] 

========== ConditionRepresentations ==========
rectangular: 1

========== +++++++++++++++++++ ==========
[2025-09-22 16:50:05.150] [info] 

========== ConditionRepresentations ==========
rectangular: 1

========== +++++++++++++++++++ ==========
[2025-09-22 16:50:05.150] [info] 

========== ConditionRepresentations ==========
rectangular: 1
0 -1 0 0 <= -16
x1 above(16), 
========== +++++++++++++++++++ ==========
[2025-09-22 16:50:05.150] [info] 

========== ConditionRepresentations ==========
rectangular: 1
0 -1 0 0 <= -16
x1 above(16), 
========== +++++++++++++++++++ ==========
[2025-09-22 16:50:05.150] [info] 

========== ConditionRepresentations ==========
rectangular: 1
0 1 0 0 <= 16
0 0 -1 0 <= -2
x1 below(16), x2 above(2), 
========== +++++++++++++++++++ ==========
[2025-09-22 16:50:05.150] [info] 

========== ConditionRepresentations ==========
rectangular: 1
0 -1 0 0 <= -16
0 0 -1 0 <= -2
x1 above(16), x2 above(2), 
========== +++++++++++++++++++ ==========
[2025-09-22 16:50:05.150] [info] 

========== ConditionRepresentations ==========
rectangular: 1
0 1 0 0 <= 16
0 0 0 -1 <= -1
x1 below(16), x3 above(1), 
========== +++++++++++++++++++ ==========
[2025-09-22 16:50:05.150] [info] 

========== ConditionRepresentations ==========
rectangular: 1
0 -1 0 0 <= -16
0 0 0 -1 <= -1
x1 above(16), x3 above(1), 
========== +++++++++++++++++++ ==========
[2025-09-22 16:50:05.150] [info] 

========== ConditionRepresentations ==========
rectangular: 1
0 -1 0 0 <= -16
x1 above(16), 
========== +++++++++++++++++++ ==========
[2025-09-22 16:50:05.151] [info] 

========== ConditionRepresentations ==========
rectangular: 1
0 -1 0 0 <= -16
x1 above(16), 
========== +++++++++++++++++++ ==========
[2025-09-22 16:50:05.151] [info] 

========== ConditionRepresentations ==========
rectangular: 1
0 1 0 0 <= 16
0 0 0 -1 <= -1
x1 below(16), x3 above(1), 
========== +++++++++++++++++++ ==========
[2025-09-22 16:50:05.151] [info] 

========== ConditionRepresentations ==========
rectangular: 1
0 -1 0 0 <= -16
0 0 0 -1 <= -1
x1 above(16), x3 above(1), 
========== +++++++++++++++++++ ==========
[2025-09-22 16:50:05.151] [info] 

========== ConditionRepresentations ==========
rectangular: 1
0 1 0 0 <= 16
0 0 -1 0 <= -2
x1 below(16), x2 above(2), 
========== +++++++++++++++++++ ==========
[2025-09-22 16:50:05.151] [info] 

========== ConditionRepresentations ==========
rectangular: 1
0 -1 0 0 <= -16
0 0 -1 0 <= -2
x1 above(16), x2 above(2), 
========== +++++++++++++++++++ ==========
[2025-09-22 16:50:05.151] [info] 

========== ConditionRepresentations ==========
rectangular: 1
0 -1 0 0 <= -16
x1 above(16), 
========== +++++++++++++++++++ ==========
[2025-09-22 16:50:05.151] [info] 

========== ConditionRepresentations ==========
rectangular: 1
0 -1 0 0 <= -16
x1 above(16), 
========== +++++++++++++++++++ ==========
[2025-09-22 16:50:05.151] [info] 

========== ConditionRepresentations ==========
rectangular: 1
0 -1 0 0 <= -16
x1 above(16), 
========== +++++++++++++++++++ ==========
[2025-09-22 16:50:05.151] [info] 

========== ConditionRepresentations ==========
rectangular: 1
0 1 0 0 <= 16
0 0 -1 0 <= -2
x1 below(16), x2 above(2), 
========== +++++++++++++++++++ ==========
[2025-09-22 16:50:05.151] [info] 

========== ConditionRepresentations ==========
rectangular: 1
0 -1 0 0 <= -16
0 0 -1 0 <= -2
x1 above(16), x2 above(2), 
========== +++++++++++++++++++ ==========
[2025-09-22 16:50:05.151] [info] 

========== ConditionRepresentations ==========
rectangular: 1
0 1 0 0 <= 16
0 0 0 -1 <= -1
x1 below(16), x3 above(1), 
========== +++++++++++++++++++ ==========
[2025-09-22 16:50:05.151] [info] 

========== ConditionRepresentations ==========
rectangular: 1
0 -1 0 0 <= -16
0 0 0 -1 <= -1
x1 above(16), x3 above(1), 
========== +++++++++++++++++++ ==========
[2025-09-22 16:50:05.151] [info] 

========== ConditionRepresentations ==========
rectangular: 1
0 -1 0 0 <= -16
x1 above(16), 
========== +++++++++++++++++++ ==========
[2025-09-22 16:50:05.151] [info] 

========== ConditionRepresentations ==========
rectangular: 1

========== +++++++++++++++++++ ==========
[2025-09-22 16:50:05.151] [info] 

========== ConditionRepresentations ==========
rectangular: 1
0 -1 0 0 <= -16
x1 above(16), 
========== +++++++++++++++++++ ==========
[2025-09-22 16:50:05.151] [info] 

========== ConditionRepresentations ==========
rectangular: 1

========== +++++++++++++++++++ ==========
[2025-09-22 16:50:05.151] [info] 

========== ConditionRepresentations ==========
rectangular: 1
0 1 0 0 <= 16
0 0 0 -1 <= -1
x1 below(16), x3 above(1), 
========== +++++++++++++++++++ ==========
[2025-09-22 16:50:05.151] [info] 

========== ConditionRepresentations ==========
rectangular: 1
0 -1 0 0 <= -16
0 0 0 -1 <= -1
x1 above(16), x3 above(1), 
========== +++++++++++++++++++ ==========
[2025-09-22 16:50:05.151] [info] 

========== ConditionRepresentations ==========
rectangular: 1

========== +++++++++++++++++++ ==========
[2025-09-22 16:50:05.151] [info] 

========== ConditionRepresentations ==========
rectangular: 1
0 1 0 0 <= 16
0 0 -1 0 <= -2
x1 below(16), x2 above(2), 
========== +++++++++++++++++++ ==========
[2025-09-22 16:50:05.151] [info] 

========== ConditionRepresentations ==========
rectangular: 1
0 -1 0 0 <= -16
0 0 -1 0 <= -2
x1 above(16), x2 above(2), 
========== +++++++++++++++++++ ==========
[2025-09-22 16:50:05.151] [info] 

========== ConditionRepresentations ==========
rectangular: 1

========== +++++++++++++++++++ ==========
[2025-09-22 16:50:05.151] [info] 

========== ConditionRepresentations ==========
rectangular: 1
0 -1 0 0 <= -16
x1 above(16), 
========== +++++++++++++++++++ ==========
[2025-09-22 16:50:05.151] [info] 

========== ConditionRepresentations ==========
rectangular: 1

========== +++++++++++++++++++ ==========
[2025-09-22 16:50:05.151] [info] 

========== ConditionRepresentations ==========
rectangular: 1

========== +++++++++++++++++++ ==========
[2025-09-22 16:50:05.151] [info] 

========== ConditionRepresentations ==========
rectangular: 1

========== +++++++++++++++++++ ==========
[2025-09-22 16:50:05.151] [info] 

========== ConditionRepresentations ==========
rectangular: 1

========== +++++++++++++++++++ ==========
[2025-09-22 16:50:05.151] [info] 

========== ConditionRepresentations ==========
rectangular: 1
0 -1 0 0 <= -16
x1 above(16), 
========== +++++++++++++++++++ ==========
[2025-09-22 16:50:05.151] [info] 

========== ConditionRepresentations ==========
rectangular: 1
0 -1 0 0 <= -16
x1 above(16), 
========== +++++++++++++++++++ ==========
[2025-09-22 16:50:05.151] [info] 

========== ConditionRepresentations ==========
rectangular: 1
0 1 0 0 <= 16
0 0 -1 0 <= -2
x1 below(16), x2 above(2), 
========== +++++++++++++++++++ ==========
[2025-09-22 16:50:05.151] [info] 

========== ConditionRepresentations ==========
rectangular: 1
0 -1 0 0 <= -16
0 0 -1 0 <= -2
x1 above(16), x2 above(2), 
========== +++++++++++++++++++ ==========
[2025-09-22 16:50:05.151] [info] 

========== ConditionRepresentations ==========
rectangular: 1
0 1 0 0 <= 16
0 0 0 -1 <= -1
x1 below(16), x3 above(1), 
========== +++++++++++++++++++ ==========
[2025-09-22 16:50:05.151] [info] 

========== ConditionRepresentations ==========
rectangular: 1
0 -1 0 0 <= -16
0 0 0 -1 <= -1
x1 above(16), x3 above(1), 
========== +++++++++++++++++++ ==========
[2025-09-22 16:50:05.151] [info] 

========== ConditionRepresentations ==========
rectangular: 1
0 -1 0 0 <= -16
x1 above(16), 
========== +++++++++++++++++++ ==========
[2025-09-22 16:50:05.151] [info] 

========== ConditionRepresentations ==========
rectangular: 1

========== +++++++++++++++++++ ==========
[2025-09-22 16:50:05.151] [info] 

========== ConditionRepresentations ==========
rectangular: 1
0 -1 0 0 <= -16
x1 above(16), 
========== +++++++++++++++++++ ==========
[2025-09-22 16:50:05.151] [info] 

========== ConditionRepresentations ==========
rectangular: 1

========== +++++++++++++++++++ ==========
[2025-09-22 16:50:05.151] [info] 

========== ConditionRepresentations ==========
rectangular: 1
0 1 0 0 <= 16
0 0 0 -1 <= -1
x1 below(16), x3 above(1), 
========== +++++++++++++++++++ ==========
[2025-09-22 16:50:05.151] [info] 

========== ConditionRepresentations ==========
rectangular: 1
0 -1 0 0 <= -16
0 0 0 -1 <= -1
x1 above(16), x3 above(1), 
========== +++++++++++++++++++ ==========
[2025-09-22 16:50:05.151] [info] 

========== ConditionRepresentations ==========
rectangular: 1

========== +++++++++++++++++++ ==========
[2025-09-22 16:50:05.151] [info] 

========== ConditionRepresentations ==========
rectangular: 1
0 1 0 0 <= 16
0 0 -1 0 <= -2
x1 below(16), x2 above(2), 
========== +++++++++++++++++++ ==========
[2025-09-22 16:50:05.151] [info] 

========== ConditionRepresentations ==========
rectangular: 1
0 -1 0 0 <= -16
0 0 -1 0 <= -2
x1 above(16), x2 above(2), 
========== +++++++++++++++++++ ==========
[2025-09-22 16:50:05.151] [info] 

========== ConditionRepresentations ==========
rectangular: 1

========== +++++++++++++++++++ ==========
[2025-09-22 16:50:05.151] [info] 

========== ConditionRepresentations ==========
rectangular: 1
0 -1 0 0 <= -16
x1 above(16), 
========== +++++++++++++++++++ ==========
[2025-09-22 16:50:05.151] [info] 

========== ConditionRepresentations ==========
rectangular: 1

========== +++++++++++++++++++ ==========
[2025-09-22 16:50:05.151] [info] 

========== ConditionRepresentations ==========
rectangular: 1

========== +++++++++++++++++++ ==========
[2025-09-22 16:50:05.151] [info] 

========== ConditionRepresentations ==========
rectangular: 1

========== +++++++++++++++++++ ==========
[2025-09-22 16:50:05.151] [info] 

========== ConditionRepresentations ==========
rectangular: 1

========== +++++++++++++++++++ ==========
[2025-09-22 16:50:05.151] [info] 

========== ConditionRepresentations ==========
rectangular: 1
0 -1 0 0 <= -16
x1 above(16), 
========== +++++++++++++++++++ ==========
[2025-09-22 16:50:05.151] [info] 

========== ConditionRepresentations ==========
rectangular: 1
0 -1 0 0 <= -16
x1 above(16), 
========== +++++++++++++++++++ ==========
[2025-09-22 16:50:05.151] [info] 

========== ConditionRepresentations ==========
rectangular: 1
0 1 0 0 <= 16
0 0 -1 0 <= -2
x1 below(16), x2 above(2), 
========== +++++++++++++++++++ ==========
[2025-09-22 16:50:05.151] [info] 

========== ConditionRepresentations ==========
rectangular: 1
0 -1 0 0 <= -16
0 0 -1 0 <= -2
x1 above(16), x2 above(2), 
========== +++++++++++++++++++ ==========
[2025-09-22 16:50:05.151] [info] 

========== ConditionRepresentations ==========
rectangular: 1
0 1 0 0 <= 16
0 0 0 -1 <= -1
x1 below(16), x3 above(1), 
========== +++++++++++++++++++ ==========
[2025-09-22 16:50:05.151] [info] 

========== ConditionRepresentations ==========
rectangular: 1
0 -1 0 0 <= -16
0 0 0 -1 <= -1
x1 above(16), x3 above(1), 
========== +++++++++++++++++++ ==========
[2025-09-22 16:50:05.151] [info] 

========== ConditionRepresentations ==========
rectangular: 1
0 -1 0 0 <= -16
x1 above(16), 
========== +++++++++++++++++++ ==========
[2025-09-22 16:50:05.151] [info] 

========== ConditionRepresentations ==========
rectangular: 1

========== +++++++++++++++++++ ==========
[2025-09-22 16:50:05.151] [info] 

========== ConditionRepresentations ==========
rectangular: 1
0 -1 0 0 <= -16
x1 above(16), 
========== +++++++++++++++++++ ==========
[2025-09-22 16:50:05.151] [info] 

========== ConditionRepresentations ==========
rectangular: 1

========== +++++++++++++++++++ ==========
[2025-09-22 16:50:05.151] [info] 

========== ConditionRepresentations ==========
rectangular: 1
0 1 0 0 <= 16
0 0 0 -1 <= -1
x1 below(16), x3 above(1), 
========== +++++++++++++++++++ ==========
[2025-09-22 16:50:05.151] [info] 

========== ConditionRepresentations ==========
rectangular: 1
0 -1 0 0 <= -16
0 0 0 -1 <= -1
x1 above(16), x3 above(1), 
========== +++++++++++++++++++ ==========
[2025-09-22 16:50:05.151] [info] 

========== ConditionRepresentations ==========
rectangular: 1

========== +++++++++++++++++++ ==========
[2025-09-22 16:50:05.151] [info] 

========== ConditionRepresentations ==========
rectangular: 1
0 1 0 0 <= 16
0 0 -1 0 <= -2
x1 below(16), x2 above(2), 
========== +++++++++++++++++++ ==========
[2025-09-22 16:50:05.151] [info] 

========== ConditionRepresentations ==========
rectangular: 1
0 -1 0 0 <= -16
0 0 -1 0 <= -2
x1 above(16), x2 above(2), 
========== +++++++++++++++++++ ==========
[2025-09-22 16:50:05.151] [info] 

========== ConditionRepresentations ==========
rectangular: 1

========== +++++++++++++++++++ ==========
[2025-09-22 16:50:05.151] [info] 

========== ConditionRepresentations ==========
rectangular: 1
0 -1 0 0 <= -16
x1 above(16), 
========== +++++++++++++++++++ ==========
[2025-09-22 16:50:05.151] [info] 

========== ConditionRepresentations ==========
rectangular: 1

========== +++++++++++++++++++ ==========
[2025-09-22 16:50:05.151] [info] 

========== ConditionRepresentations ==========
rectangular: 1

========== +++++++++++++++++++ ==========
[2025-09-22 16:50:05.151] [info] 

========== ConditionRepresentations ==========
rectangular: 1

========== +++++++++++++++++++ ==========
[2025-09-22 16:50:05.151] [info] 

========== ConditionRepresentations ==========
rectangular: 1

========== +++++++++++++++++++ ==========
[2025-09-22 16:50:05.151] [info] 

========== ConditionRepresentations ==========
rectangular: 1
0 -1 0 0 <= -16
x1 above(16), 
========== +++++++++++++++++++ ==========
[2025-09-22 16:50:05.151] [info] 

========== ConditionRepresentations ==========
rectangular: 1
0 -1 0 0 <= -16
x1 above(16), 
========== +++++++++++++++++++ ==========
[2025-09-22 16:50:05.151] [info] 

========== ConditionRepresentations ==========
rectangular: 1
0 1 0 0 <= 16
0 0 -1 0 <= -2
x1 below(16), x2 above(2), 
========== +++++++++++++++++++ ==========
[2025-09-22 16:50:05.151] [info] 

========== ConditionRepresentations ==========
rectangular: 1
0 -1 0 0 <= -16
0 0 -1 0 <= -2
x1 above(16), x2 above(2), 
========== +++++++++++++++++++ ==========
[2025-09-22 16:50:05.151] [info] 

========== ConditionRepresentations ==========
rectangular: 1
0 1 0 0 <= 16
0 0 0 -1 <= -1
x1 below(16), x3 above(1), 
========== +++++++++++++++++++ ==========
[2025-09-22 16:50:05.151] [info] 

========== ConditionRepresentations ==========
rectangular: 1
0 -1 0 0 <= -16
0 0 0 -1 <= -1
x1 above(16), x3 above(1), 
========== +++++++++++++++++++ ==========
[2025-09-22 16:50:05.151] [info] 

========== ConditionRepresentations ==========
rectangular: 1
0 -1 0 0 <= -16
x1 above(16), 
========== +++++++++++++++++++ ==========
[2025-09-22 16:50:05.151] [info] 

========== ConditionRepresentations ==========
rectangular: 1

========== +++++++++++++++++++ ==========
[2025-09-22 16:50:05.151] [info] 

========== ConditionRepresentations ==========
rectangular: 1
0 -1 0 0 <= -16
x1 above(16), 
========== +++++++++++++++++++ ==========
[2025-09-22 16:50:05.151] [info] 

========== ConditionRepresentations ==========
rectangular: 1

========== +++++++++++++++++++ ==========
[2025-09-22 16:50:05.151] [info] 

========== ConditionRepresentations ==========
rectangular: 1
0 1 0 0 <= 16
0 0 0 -1 <= -1
x1 below(16), x3 above(1), 
========== +++++++++++++++++++ ==========
[2025-09-22 16:50:05.151] [info] 

========== ConditionRepresentations ==========
rectangular: 1
0 -1 0 0 <= -16
0 0 0 -1 <= -1
x1 above(16), x3 above(1), 
========== +++++++++++++++++++ ==========
[2025-09-22 16:50:05.151] [info] 

========== ConditionRepresentations ==========
rectangular: 1

========== +++++++++++++++++++ ==========
[2025-09-22 16:50:05.151] [info] 

========== ConditionRepresentations ==========
rectangular: 1
0 1 0 0 <= 16
0 0 -1 0 <= -2
x1 below(16), x2 above(2), 
========== +++++++++++++++++++ ==========
[2025-09-22 16:50:05.151] [info] 

========== ConditionRepresentations ==========
rectangular: 1
0 -1 0 0 <= -16
0 0 -1 0 <= -2
x1 above(16), x2 above(2), 
========== +++++++++++++++++++ ==========
[2025-09-22 16:50:05.151] [info] 

========== ConditionRepresentations ==========
rectangular: 1

========== +++++++++++++++++++ ==========
[2025-09-22 16:50:05.151] [info] 

========== ConditionRepresentations ==========
rectangular: 1
0 -1 0 0 <= -16
x1 above(16), 
========== +++++++++++++++++++ ==========
[2025-09-22 16:50:05.151] [info] 

========== ConditionRepresentations ==========
rectangular: 1

========== +++++++++++++++++++ ==========
[2025-09-22 16:50:05.151] [info] 

========== ConditionRepresentations ==========
rectangular: 1

========== +++++++++++++++++++ ==========
[2025-09-22 16:50:05.151] [info] 

========== ConditionRepresentations ==========
rectangular: 1

========== +++++++++++++++++++ ==========
[2025-09-22 16:50:05.151] [info] 

========== ConditionRepresentations ==========
rectangular: 1

========== +++++++++++++++++++ ==========
[2025-09-22 16:50:05.151] [info] 

========== ConditionRepresentations ==========
rectangular: 1
0 -1 0 0 <= -16
x1 above(16), 
========== +++++++++++++++++++ ==========
[2025-09-22 16:50:05.151] [info] 

========== ConditionRepresentations ==========
rectangular: 1
0 -1 0 0 <= -16
x1 above(16), 
========== +++++++++++++++++++ ==========
[2025-09-22 16:50:05.151] [info] 

========== ConditionRepresentations ==========
rectangular: 1
0 1 0 0 <= 16
0 0 -1 0 <= -2
x1 below(16), x2 above(2), 
========== +++++++++++++++++++ ==========
[2025-09-22 16:50:05.151] [info] 

========== ConditionRepresentations ==========
rectangular: 1
0 -1 0 0 <= -16
0 0 -1 0 <= -2
x1 above(16), x2 above(2), 
========== +++++++++++++++++++ ==========
[2025-09-22 16:50:05.151] [info] 

========== ConditionRepresentations ==========
rectangular: 1
0 1 0 0 <= 16
0 0 0 -1 <= -1
x1 below(16), x3 above(1), 
========== +++++++++++++++++++ ==========
[2025-09-22 16:50:05.151] [info] 

========== ConditionRepresentations ==========
rectangular: 1
0 -1 0 0 <= -16
0 0 0 -1 <= -1
x1 above(16), x3 above(1), 
========== +++++++++++++++++++ ==========
[2025-09-22 16:50:05.151] [info] 

========== ConditionRepresentations ==========
rectangular: 1
0 -1 0 0 <= -16
x1 above(16), 
========== +++++++++++++++++++ ==========
[2025-09-22 16:50:05.151] [info] 

========== ConditionRepresentations ==========
rectangular: 1
0 -1 0 0 <= -16
x1 above(16), 
========== +++++++++++++++++++ ==========
[2025-09-22 16:50:05.151] [info] 

========== ConditionRepresentations ==========
rectangular: 1
0 1 0 0 <= 16
0 0 0 -1 <= -1
x1 below(16), x3 above(1), 
========== +++++++++++++++++++ ==========
[2025-09-22 16:50:05.151] [info] 

========== ConditionRepresentations ==========
rectangular: 1
0 -1 0 0 <= -16
0 0 0 -1 <= -1
x1 above(16), x3 above(1), 
========== +++++++++++++++++++ ==========
[2025-09-22 16:50:05.151] [info] 

========== ConditionRepresentations ==========
rectangular: 1
0 1 0 0 <= 16
0 0 -1 0 <= -2
x1 below(16), x2 above(2), 
========== +++++++++++++++++++ ==========
[2025-09-22 16:50:05.151] [info] 

========== ConditionRepresentations ==========
rectangular: 1
0 -1 0 0 <= -16
0 0 -1 0 <= -2
x1 above(16), x2 above(2), 
========== +++++++++++++++++++ ==========
[2025-09-22 16:50:05.151] [info] 

========== ConditionRepresentations ==========
rectangular: 1
0 -1 0 0 <= -16
x1 above(16), 
========== +++++++++++++++++++ ==========
[2025-09-22 16:50:05.151] [info] 

========== ConditionRepresentations ==========
rectangular: 1
0 -1 0 0 <= -16
x1 above(16), 
========== +++++++++++++++++++ ==========
[2025-09-22 16:50:05.151] [info] 

========== ConditionRepresentations ==========
rectangular: 1
0 -1 0 0 <= -16
x1 above(16), 
========== +++++++++++++++++++ ==========
[2025-09-22 16:50:05.151] [info] 

========== ConditionRepresentations ==========
rectangular: 1
0 1 0 0 <= 16
0 0 -1 0 <= -2
x1 below(16), x2 above(2), 
========== +++++++++++++++++++ ==========
[2025-09-22 16:50:05.151] [info] 

========== ConditionRepresentations ==========
rectangular: 1
0 -1 0 0 <= -16
0 0 -1 0 <= -2
x1 above(16), x2 above(2), 
========== +++++++++++++++++++ ==========
[2025-09-22 16:50:05.151] [info] 

========== ConditionRepresentations ==========
rectangular: 1
0 1 0 0 <= 16
0 0 0 -1 <= -1
x1 below(16), x3 above(1), 
========== +++++++++++++++++++ ==========
[2025-09-22 16:50:05.151] [info] 

========== ConditionRepresentations ==========
rectangular: 1
0 -1 0 0 <= -16
0 0 0 -1 <= -1
x1 above(16), x3 above(1), 
========== +++++++++++++++++++ ==========
[2025-09-22 16:50:05.151] [info] 

========== ConditionRepresentations ==========
rectangular: 1
0 -1 0 0 <= -16
x1 above(16), 
========== +++++++++++++++++++ ==========
[2025-09-22 16:50:05.151] [info] 

========== ConditionRepresentations ==========
rectangular: 1
0 -1 0 0 <= -16
x1 above(16), 
========== +++++++++++++++++++ ==========
[2025-09-22 16:50:05.151] [info] 

========== ConditionRepresentations ==========
rectangular: 1
0 1 0 0 <= 16
0 0 0 -1 <= -1
x1 below(16), x3 above(1), 
========== +++++++++++++++++++ ==========
[2025-09-22 16:50:05.151] [info] 

========== ConditionRepresentations ==========
rectangular: 1
0 -1 0 0 <= -16
0 0 0 -1 <= -1
x1 above(16), x3 above(1), 
========== +++++++++++++++++++ ==========
[2025-09-22 16:50:05.151] [info] 

========== ConditionRepresentations ==========
rectangular: 1
0 1 0 0 <= 16
0 0 -1 0 <= -2
x1 below(16), x2 above(2), 
========== +++++++++++++++++++ ==========
[2025-09-22 16:50:05.151] [info] 

========== ConditionRepresentations ==========
rectangular: 1
0 -1 0 0 <= -16
0 0 -1 0 <= -2
x1 above(16), x2 above(2), 
========== +++++++++++++++++++ ==========
[2025-09-22 16:50:05.151] [info] 

========== ConditionRepresentations ==========
rectangular: 1
0 -1 0 0 <= -16
x1 above(16), 
========== +++++++++++++++++++ ==========
[2025-09-22 16:50:05.151] [info] 

========== ConditionRepresentations ==========
rectangular: 1
0 -1 0 0 <= -16
x1 above(16), 
========== +++++++++++++++++++ ==========
[2025-09-22 16:50:05.151] [info] 

========== ConditionRepresentations ==========
rectangular: 1
0 -1 0 0 <= -16
x1 above(16), 
========== +++++++++++++++++++ ==========
[2025-09-22 16:50:05.151] [info] 

========== ConditionRepresentations ==========
rectangular: 1
0 1 0 0 <= 16
0 0 -1 0 <= -2
x1 below(16), x2 above(2), 
========== +++++++++++++++++++ ==========
[2025-09-22 16:50:05.151] [info] 

========== ConditionRepresentations ==========
rectangular: 1
0 -1 0 0 <= -16
0 0 -1 0 <= -2
x1 above(16), x2 above(2), 
========== +++++++++++++++++++ ==========
[2025-09-22 16:50:05.151] [info] 

========== ConditionRepresentations ==========
rectangular: 1
0 1 0 0 <= 16
0 0 0 -1 <= -1
x1 below(16), x3 above(1), 
========== +++++++++++++++++++ ==========
[2025-09-22 16:50:05.151] [info] 

========== ConditionRepresentations ==========
rectangular: 1
0 -1 0 0 <= -16
0 0 0 -1 <= -1
x1 above(16), x3 above(1), 
========== +++++++++++++++++++ ==========
[2025-09-22 16:50:05.151] [info] 

========== ConditionRepresentations ==========
rectangular: 1
0 -1 0 0 <= -16
x1 above(16), 
========== +++++++++++++++++++ ==========
[2025-09-22 16:50:05.151] [info] 

========== ConditionRepresentations ==========
rectangular: 1
0 -1 0 0 <= -16
x1 above(16), 
========== +++++++++++++++++++ ==========
[2025-09-22 16:50:05.151] [info] 

========== ConditionRepresentations ==========
rectangular: 1
0 1 0 0 <= 16
0 0 0 -1 <= -1
x1 below(16), x3 above(1), 
========== +++++++++++++++++++ ==========
[2025-09-22 16:50:05.151] [info] 

========== ConditionRepresentations ==========
rectangular: 1
0 -1 0 0 <= -16
0 0 0 -1 <= -1
x1 above(16), x3 above(1), 
========== +++++++++++++++++++ ==========
[2025-09-22 16:50:05.151] [info] 

========== ConditionRepresentations ==========
rectangular: 1
0 1 0 0 <= 16
0 0 -1 0 <= -2
x1 below(16), x2 above(2), 
========== +++++++++++++++++++ ==========
[2025-09-22 16:50:05.151] [info] 

========== ConditionRepresentations ==========
rectangular: 1
0 -1 0 0 <= -16
0 0 -1 0 <= -2
x1 above(16), x2 above(2), 
========== +++++++++++++++++++ ==========
[2025-09-22 16:50:05.151] [info] 

========== ConditionRepresentations ==========
rectangular: 1
0 -1 0 0 <= -16
x1 above(16), 
========== +++++++++++++++++++ ==========
[2025-09-22 16:50:05.151] [info] 

========== ConditionRepresentations ==========
rectangular: 1
0 -1 0 0 <= -16
x1 above(16), 
========== +++++++++++++++++++ ==========
[2025-09-22 16:50:05.151] [info] 

========== ConditionRepresentations ==========
rectangular: 1
0 -1 0 0 <= -16
x1 above(16), 
========== +++++++++++++++++++ ==========
[2025-09-22 16:50:05.151] [info] 

========== ConditionRepresentations ==========
rectangular: 1
0 1 0 0 <= 16
0 0 -1 0 <= -2
x1 below(16), x2 above(2), 
========== +++++++++++++++++++ ==========
[2025-09-22 16:50:05.151] [info] 

========== ConditionRepresentations ==========
rectangular: 1
0 -1 0 0 <= -16
0 0 -1 0 <= -2
x1 above(16), x2 above(2), 
========== +++++++++++++++++++ ==========
[2025-09-22 16:50:05.151] [info] 

========== ConditionRepresentations ==========
rectangular: 1
0 1 0 0 <= 16
0 0 0 -1 <= -1
x1 below(16), x3 above(1), 
========== +++++++++++++++++++ ==========
[2025-09-22 16:50:05.151] [info] 

========== ConditionRepresentations ==========
rectangular: 1
0 -1 0 0 <= -16
0 0 0 -1 <= -1
x1 above(16), x3 above(1), 
========== +++++++++++++++++++ ==========
[2025-09-22 16:50:05.151] [info] 

========== ConditionRepresentations ==========
rectangular: 1
0 -1 0 0 <= -16
x1 above(16), 
========== +++++++++++++++++++ ==========
[2025-09-22 16:50:05.151] [info] 

========== ConditionRepresentations ==========
rectangular: 1
0 -1 0 0 <= -16
x1 above(16), 
========== +++++++++++++++++++ ==========
[2025-09-22 16:50:05.151] [info] 

========== ConditionRepresentations ==========
rectangular: 1
0 1 0 0 <= 16
0 0 0 -1 <= -1
x1 below(16), x3 above(1), 
========== +++++++++++++++++++ ==========
[2025-09-22 16:50:05.151] [info] 

========== ConditionRepresentations ==========
rectangular: 1
0 -1 0 0 <= -16
0 0 0 -1 <= -1
x1 above(16), x3 above(1), 
========== +++++++++++++++++++ ==========
[2025-09-22 16:50:05.151] [info] 

========== ConditionRepresentations ==========
rectangular: 1
0 1 0 0 <= 16
0 0 -1 0 <= -2
x1 below(16), x2 above(2), 
========== +++++++++++++++++++ ==========
[2025-09-22 16:50:05.151] [info] 

========== ConditionRepresentations ==========
rectangular: 1
0 -1 0 0 <= -16
0 0 -1 0 <= -2
x1 above(16), x2 above(2), 
========== +++++++++++++++++++ ==========
[2025-09-22 16:50:05.151] [info] 

========== ConditionRepresentations ==========
rectangular: 1
0 -1 0 0 <= -16
x1 above(16), 
========== +++++++++++++++++++ ==========
[2025-09-22 16:50:05.151] [info] 

========== ConditionRepresentations ==========
rectangular: 1
0 -1 0 0 <= -16
x1 above(16), 
========== +++++++++++++++++++ ==========
[2025-09-22 16:50:05.151] [info] 

========== ConditionRepresentations ==========
rectangular: 1
0 -1 0 0 <= -16
x1 above(16), 
========== +++++++++++++++++++ ==========
[2025-09-22 16:50:05.151] [info] 

========== ConditionRepresentations ==========
rectangular: 1
0 1 0 0 <= 16
0 0 -1 0 <= -2
x1 below(16), x2 above(2), 
========== +++++++++++++++++++ ==========
[2025-09-22 16:50:05.151] [info] 

========== ConditionRepresentations ==========
rectangular: 1
0 -1 0 0 <= -16
0 0 -1 0 <= -2
x1 above(16), x2 above(2), 
========== +++++++++++++++++++ ==========
[2025-09-22 16:50:05.151] [info] 

========== ConditionRepresentations ==========
rectangular: 1
0 1 0 0 <= 16
0 0 0 -1 <= -1
x1 below(16), x3 above(1), 
========== +++++++++++++++++++ ==========
[2025-09-22 16:50:05.151] [info] 

========== ConditionRepresentations ==========
rectangular: 1
0 -1 0 0 <= -16
0 0 0 -1 <= -1
x1 above(16), x3 above(1), 
========== +++++++++++++++++++ ==========
[2025-09-22 16:50:05.151] [info] 

========== ConditionRepresentations ==========
rectangular: 1
0 -1 0 0 <= -16
x1 above(16), 
========== +++++++++++++++++++ ==========
[2025-09-22 16:50:05.151] [info] 

========== ConditionRepresentations ==========
rectangular: 1
0 -1 0 0 <= -16
x1 above(16), 
========== +++++++++++++++++++ ==========
[2025-09-22 16:50:05.151] [info] 

========== ConditionRepresentations ==========
rectangular: 1
0 1 0 0 <= 16
0 0 0 -1 <= -1
x1 below(16), x3 above(1), 
========== +++++++++++++++++++ ==========
[2025-09-22 16:50:05.151] [info] 

========== ConditionRepresentations ==========
rectangular: 1
0 -1 0 0 <= -16
0 0 0 -1 <= -1
x1 above(16), x3 above(1), 
========== +++++++++++++++++++ ==========
[2025-09-22 16:50:05.151] [info] 

========== ConditionRepresentations ==========
rectangular: 1
0 1 0 0 <= 16
0 0 -1 0 <= -2
x1 below(16), x2 above(2), 
========== +++++++++++++++++++ ==========
[2025-09-22 16:50:05.151] [info] 

========== ConditionRepresentations ==========
rectangular: 1
0 -1 0 0 <= -16
0 0 -1 0 <= -2
x1 above(16), x2 above(2), 
========== +++++++++++++++++++ ==========
[2025-09-22 16:50:05.151] [info] 

========== ConditionRepresentations ==========
rectangular: 1
0 -1 0 0 <= -16
x1 above(16), 
========== +++++++++++++++++++ ==========
[2025-09-22 16:50:05.151] [info] 

========== ConditionRepresentations ==========
rectangular: 1
0 -1 0 0 <= -16
x1 above(16), 
========== +++++++++++++++++++ ==========
[2025-09-22 16:50:05.151] [info] 

========== ConditionRepresentations ==========
rectangular: 1
0 -1 0 0 <= -16
x1 above(16), 
========== +++++++++++++++++++ ==========
[2025-09-22 16:50:05.151] [info] 

========== ConditionRepresentations ==========
rectangular: 1
0 1 0 0 <= 16
0 0 -1 0 <= -2
x1 below(16), x2 above(2), 
========== +++++++++++++++++++ ==========
[2025-09-22 16:50:05.151] [info] 

========== ConditionRepresentations ==========
rectangular: 1
0 -1 0 0 <= -16
0 0 -1 0 <= -2
x1 above(16), x2 above(2), 
========== +++++++++++++++++++ ==========
[2025-09-22 16:50:05.151] [info] 

========== ConditionRepresentations ==========
rectangular: 1
0 1 0 0 <= 16
0 0 0 -1 <= -1
x1 below(16), x3 above(1), 
========== +++++++++++++++++++ ==========
[2025-09-22 16:50:05.151] [info] 

========== ConditionRepresentations ==========
rectangular: 1
0 -1 0 0 <= -16
0 0 0 -1 <= -1
x1 above(16), x3 above(1), 
========== +++++++++++++++++++ ==========
[2025-09-22 16:50:05.151] [info] 

========== ConditionRepresentations ==========
rectangular: 1
0 -1 0 0 <= -16
x1 above(16), 
========== +++++++++++++++++++ ==========
[2025-09-22 16:50:05.151] [info] 

========== ConditionRepresentations ==========
rectangular: 1
0 -1 0 0 <= -16
x1 above(16), 
========== +++++++++++++++++++ ==========
[2025-09-22 16:50:05.151] [info] 

========== ConditionRepresentations ==========
rectangular: 1
0 1 0 0 <= 16
0 0 0 -1 <= -1
x1 below(16), x3 above(1), 
========== +++++++++++++++++++ ==========
[2025-09-22 16:50:05.151] [info] 

========== ConditionRepresentations ==========
rectangular: 1
0 -1 0 0 <= -16
0 0 0 -1 <= -1
x1 above(16), x3 above(1), 
========== +++++++++++++++++++ ==========
[2025-09-22 16:50:05.151] [info] 

========== ConditionRepresentations ==========
rectangular: 1
0 1 0 0 <= 16
0 0 -1 0 <= -2
x1 below(16), x2 above(2), 
========== +++++++++++++++++++ ==========
[2025-09-22 16:50:05.151] [info] 

========== ConditionRepresentations ==========
rectangular: 1
0 -1 0 0 <= -16
0 0 -1 0 <= -2
x1 above(16), x2 above(2), 
========== +++++++++++++++++++ ==========
[2025-09-22 16:50:05.151] [info] 

========== ConditionRepresentations ==========
rectangular: 1
0 -1 0 0 <= -16
x1 above(16), 
========== +++++++++++++++++++ ==========
[2025-09-22 16:50:05.151] [info] 

========== ConditionRepresentations ==========
rectangular: 1
-1 0 0 0 <= 0
1 0 0 0 <= 0
0 -1 0 0 <= -4
0 1 0 0 <= 4
0 0 -1 0 <= 0
0 0 1 0 <= 0
0 0 0 -1 <= 0
0 0 0 1 <= 0
x0 point(-0), x1 point(4), x2 point(-0), x3 point(-0), 
========== +++++++++++++++++++ ==========
[2025-09-22 16:50:05.151] [info] 

========== ConditionRepresentations ==========
rectangular: 1
0 -1 0 0 <= -18
x1 above(18), 
========== +++++++++++++++++++ ==========
[2025-09-22 16:50:05.151] [info] 

========== ConditionRepresentations ==========
rectangular: 1
0 -1 0 0 <= -18
x1 above(18), 
========== +++++++++++++++++++ ==========
[2025-09-22 16:50:05.151] [info] 

========== ConditionRepresentations ==========
rectangular: 1
0 -1 0 0 <= -18
x1 above(18), 
========== +++++++++++++++++++ ==========
[2025-09-22 16:50:05.151] [info] 

========== ConditionRepresentations ==========
rectangular: 1
0 -1 0 0 <= -18
x1 above(18), 
========== +++++++++++++++++++ ==========
[2025-09-22 16:50:05.151] [info] 

========== ConditionRepresentations ==========
rectangular: 1
0 -1 0 0 <= -18
x1 above(18), 
========== +++++++++++++++++++ ==========
[2025-09-22 16:50:05.151] [info] 

========== ConditionRepresentations ==========
rectangular: 1
0 -1 0 0 <= -18
x1 above(18), 
========== +++++++++++++++++++ ==========
[2025-09-22 16:50:05.151] [info] 

========== ConditionRepresentations ==========
rectangular: 1
0 -1 0 0 <= -18
x1 above(18), 
========== +++++++++++++++++++ ==========
[2025-09-22 16:50:05.151] [info] 

========== ConditionRepresentations ==========
rectangular: 1
0 -1 0 0 <= -18
x1 above(18), 
========== +++++++++++++++++++ ==========
[2025-09-22 16:50:05.151] [info] 

========== ConditionRepresentations ==========
rectangular: 1
0 -1 0 0 <= -18
x1 above(18), 
========== +++++++++++++++++++ ==========
[2025-09-22 16:50:05.151] [info] 

========== ConditionRepresentations ==========
rectangular: 1
0 -1 0 0 <= -18
x1 above(18), 
========== +++++++++++++++++++ ==========
[2025-09-22 16:50:05.151] [info] 

========== ConditionRepresentations ==========
rectangular: 1
0 -1 0 0 <= -18
x1 above(18), 
========== +++++++++++++++++++ ==========
[2025-09-22 16:50:05.151] [info] 

========== ConditionRepresentations ==========
rectangular: 1
0 -1 0 0 <= -18
x1 above(18), 
========== +++++++++++++++++++ ==========
[2025-09-22 16:50:05.151] [info] 

========== ConditionRepresentations ==========
rectangular: 1
0 -1 0 0 <= -18
x1 above(18), 
========== +++++++++++++++++++ ==========
[2025-09-22 16:50:05.151] [info] 

========== ConditionRepresentations ==========
rectangular: 1
0 -1 0 0 <= -18
x1 above(18), 
========== +++++++++++++++++++ ==========
[2025-09-22 16:50:05.151] [info] 

========== ConditionRepresentations ==========
rectangular: 1
0 -1 0 0 <= -18
x1 above(18), 
========== +++++++++++++++++++ ==========
[2025-09-22 17:46:22.129] [info] 2.2 Reachability Analysis: 3376977
[2025-09-22 17:46:22.286] [info] 2.3 Augment Reach Tree: 156
[2025-09-22 17:46:22.461] [info] 2.4 Creating Unified Datastructure from Reach Tree: 113
[2025-09-22 17:46:22.461] [info] 2.5 Simulating on full Reach Tree: 0
[2025-09-22 17:50:49.508] [info] 2.6.0 Labeling Reach Tree Nodes: 267044
[2025-09-22 17:50:49.512] [info] 2.6.1 Removing Unfulfilling Subtrees: 4
[2025-09-22 17:50:49.512] [info] 2.6 Pre-checking and Reduction: 267049
[2025-09-22 17:50:49.515] [info] node count before and after reduction 182043 182043
[2025-09-22 17:50:54.200] [info] runs 1000 | prob 1 | low 1 | high 1
[2025-09-22 17:50:58.900] [info] runs 1000 | prob 1 | low 1 | high 1
[2025-09-22 17:51:03.563] [info] runs 1000 | prob 1 | low 1 | high 1
[2025-09-22 17:51:08.228] [info] runs 1000 | prob 1 | low 1 | high 1
[2025-09-22 17:51:12.886] [info] runs 1000 | prob 1 | low 1 | high 1
[2025-09-22 17:51:17.552] [info] runs 1000 | prob 1 | low 1 | high 1
[2025-09-22 17:51:22.245] [info] runs 1000 | prob 1 | low 1 | high 1
[2025-09-22 17:51:26.894] [info] runs 1000 | prob 1 | low 1 | high 1
[2025-09-22 17:51:31.524] [info] runs 1000 | prob 1 | low 1 | high 1
[2025-09-22 17:51:36.176] [info] runs 1000 | prob 1 | low 1 | high 1
[2025-09-22 17:51:40.835] [info] runs 1000 | prob 1 | low 1 | high 1
[2025-09-22 17:51:45.517] [info] runs 1000 | prob 1 | low 1 | high 1
[2025-09-22 17:51:50.170] [info] runs 1000 | prob 1 | low 1 | high 1
[2025-09-22 17:51:54.825] [info] runs 1000 | prob 1 | low 1 | high 1
[2025-09-22 17:51:59.464] [info] runs 1000 | prob 1 | low 1 | high 1
[2025-09-22 17:52:04.135] [info] runs 1000 | prob 1 | low 1 | high 1
[2025-09-22 17:52:08.777] [info] runs 1000 | prob 1 | low 1 | high 1
[2025-09-22 17:52:13.434] [info] runs 1000 | prob 1 | low 1 | high 1
[2025-09-22 17:52:18.064] [info] runs 1000 | prob 1 | low 1 | high 1
[2025-09-22 17:52:22.726] [info] runs 1000 | prob 1 | low 1 | high 1
[2025-09-22 17:52:27.368] [info] runs 1000 | prob 1 | low 1 | high 1
[2025-09-22 17:52:32.003] [info] runs 1000 | prob 1 | low 1 | high 1
[2025-09-22 17:52:36.646] [info] runs 1000 | prob 1 | low 1 | high 1
[2025-09-22 17:52:41.271] [info] runs 1000 | prob 1 | low 1 | high 1
[2025-09-22 17:52:45.924] [info] runs 1000 | prob 1 | low 1 | high 1
[2025-09-22 17:52:45.950] [info] RESULT:
training_time, simulation_time, prob, low, high, runs
4681, 3, 1, 1, 1, 1000
4664, 3, 1, 1, 1, 1000
4628, 3, 1, 1, 1, 1000
4630, 3, 1, 1, 1, 1000
4621, 3, 1, 1, 1, 1000
4631, 3, 1, 1, 1, 1000
4657, 3, 1, 1, 1, 1000
4613, 3, 1, 1, 1, 1000
4595, 3, 1, 1, 1, 1000
4617, 3, 1, 1, 1, 1000
4624, 3, 1, 1, 1, 1000
4647, 3, 1, 1, 1, 1000
4618, 3, 1, 1, 1, 1000
4615, 3, 1, 1, 1, 1000
4603, 3, 1, 1, 1, 1000
4636, 3, 1, 1, 1, 1000
4606, 3, 1, 1, 1, 1000
4627, 3, 1, 1, 1, 1000
4594, 3, 1, 1, 1, 1000
4626, 3, 1, 1, 1, 1000
4607, 3, 1, 1, 1, 1000
4600, 3, 1, 1, 1, 1000
4608, 3, 1, 1, 1, 1000
4590, 3, 1, 1, 1, 1000
4617, 3, 1, 1, 1, 1000
# timestamp 22.09.2025 16:50:05 (1758552605), datastructure reach_tree_reduced
# timebound 20, expirations {"r1": 2, "r2": 4}
# alpha 0.1, gamma 1
# fixed points 5, uniform granularity 0.5
# scheduler goal: MAXIMIZING, scope: PROPHETIC, history: MEMORYLESS
# training runs 1000000

[2025-09-22 17:52:49.267] [info] runs 1000 | prob 1 | low 1 | high 1
[2025-09-22 17:52:52.564] [info] runs 1000 | prob 1 | low 1 | high 1
[2025-09-22 17:52:55.843] [info] runs 1000 | prob 1 | low 1 | high 1
[2025-09-22 17:52:59.131] [info] runs 1000 | prob 1 | low 1 | high 1
[2025-09-22 17:53:02.447] [info] runs 1000 | prob 1 | low 1 | high 1
[2025-09-22 17:53:05.738] [info] runs 1000 | prob 1 | low 1 | high 1
[2025-09-22 17:53:09.025] [info] runs 1000 | prob 1 | low 1 | high 1
[2025-09-22 17:53:12.293] [info] runs 1000 | prob 1 | low 1 | high 1
[2025-09-22 17:53:15.581] [info] runs 1000 | prob 1 | low 1 | high 1
[2025-09-22 17:53:18.864] [info] runs 1000 | prob 1 | low 1 | high 1
[2025-09-22 17:53:22.159] [info] runs 1000 | prob 1 | low 1 | high 1
[2025-09-22 17:53:25.433] [info] runs 1000 | prob 1 | low 1 | high 1
[2025-09-22 17:53:28.689] [info] runs 1000 | prob 1 | low 1 | high 1
[2025-09-22 17:53:31.955] [info] runs 1000 | prob 1 | low 1 | high 1
[2025-09-22 17:53:35.227] [info] runs 1000 | prob 1 | low 1 | high 1
[2025-09-22 17:53:38.506] [info] runs 1000 | prob 1 | low 1 | high 1
[2025-09-22 17:53:41.759] [info] runs 1000 | prob 1 | low 1 | high 1
[2025-09-22 17:53:45.062] [info] runs 1000 | prob 1 | low 1 | high 1
[2025-09-22 17:53:48.333] [info] runs 1000 | prob 1 | low 1 | high 1
[2025-09-22 17:53:51.636] [info] runs 1000 | prob 1 | low 1 | high 1
[2025-09-22 17:53:54.915] [info] runs 1000 | prob 1 | low 1 | high 1
[2025-09-22 17:53:58.183] [info] runs 1000 | prob 1 | low 1 | high 1
[2025-09-22 17:54:01.460] [info] runs 1000 | prob 1 | low 1 | high 1
[2025-09-22 17:54:04.756] [info] runs 1000 | prob 1 | low 1 | high 1
[2025-09-22 17:54:08.035] [info] runs 1000 | prob 1 | low 1 | high 1
[2025-09-22 17:54:08.036] [info] RESULT:
training_time, simulation_time, prob, low, high, runs
3313, 2, 1, 1, 1, 1000
3294, 2, 1, 1, 1, 1000
3275, 2, 1, 1, 1, 1000
3285, 2, 1, 1, 1, 1000
3314, 2, 1, 1, 1, 1000
3288, 2, 1, 1, 1, 1000
3283, 2, 1, 1, 1, 1000
3265, 2, 1, 1, 1, 1000
3285, 2, 1, 1, 1, 1000
3280, 2, 1, 1, 1, 1000
3291, 2, 1, 1, 1, 1000
3271, 2, 1, 1, 1, 1000
3254, 2, 1, 1, 1, 1000
3262, 2, 1, 1, 1, 1000
3269, 2, 1, 1, 1, 1000
3276, 2, 1, 1, 1, 1000
3250, 2, 1, 1, 1, 1000
3299, 2, 1, 1, 1, 1000
3268, 2, 1, 1, 1, 1000
3301, 2, 1, 1, 1, 1000
3276, 2, 1, 1, 1, 1000
3264, 2, 1, 1, 1, 1000
3274, 2, 1, 1, 1, 1000
3292, 2, 1, 1, 1, 1000
3277, 2, 1, 1, 1, 1000
# timestamp 22.09.2025 16:50:05 (1758552605), datastructure reach_tree_reduced
# timebound 20, expirations {"r1": 2, "r2": 4}
# alpha 0.1, gamma 1
# fixed points 5, uniform granularity 0.5
# scheduler goal: MAXIMIZING, scope: NONPROPHETIC, history: MEMORYLESS
# training runs 1000000

[2025-09-22 17:54:08.036] [info] 2.7 Simulating on reduced Reach Tree: 198520
[2025-09-22 17:54:10.492] [info] Analysis finished; the goal is not reachable.
[2025-09-22 17:54:10.492] [info] Probability: 0.0
[2025-09-22 17:54:10.492] [info] 2 Analysis: 3845342
[2025-09-22 17:54:10.492] [info] 0 Computation Time Complete: 3845344
[2025-09-22 17:54:10.492] [info] Counters and timers:
Counters:

Timers:
0 Computation Time Complete: 3845344
1 Model creation: 2
2 Analysis: 3845342
2.2 Reachability Analysis: 3376977
2.3 Augment Reach Tree: 156
2.4 Creating Unified Datastructure from Reach Tree: 113
2.5 Simulating on full Reach Tree: 0
2.6 Pre-checking and Reduction: 267049
2.6.0 Labeling Reach Tree Nodes: 267044
2.6.1 Removing Unfulfilling Subtrees: 4
2.7 Simulating on reduced Reach Tree: 198520

