timebound = 18, jump depth = 100, max expirations of random clocks = [{r: 1}, {r1: 0}, {r2: 0}], combine absorbing locations in unrolling = 45, integration bound(s) = 18, integration samples = 500000, model = WATERTANK, model case = CASE_A, LTI analysis = rectangular analysis, scheduler = goal: MAXIMIZING, scope: PROPHETIC, history: HISTORY_DEPENDENT, multithreaded = 1, disableBackwardsRefinement = 0
simulating 0 runs after 1000000 training runs with parameters:
learning rate                 0.1
discount factor               0.99
exploration rate              0.15
discretization method         UNIFORM_GRANULARITY
uniform granularity           0.25
adaptive compartments         5


[2025-09-05 11:36:10.631] [debug] using cli max expirations 0 for random clock r1
[2025-09-05 11:36:10.631] [debug] using cli max expirations 0 for random clock r2
[2025-09-05 11:36:10.632] [warning] no flow specified for variable c1 in location all_off - assuming flow of 0
[2025-09-05 11:36:10.632] [warning] no flow specified for variable c1 in location v2_on - assuming flow of 0
[2025-09-05 11:36:10.632] [warning] no flow specified for variable c1 in location v1_block - assuming flow of 0
[2025-09-05 11:36:10.632] [warning] no flow specified for variable c1 in location v2_block - assuming flow of 0
[2025-09-05 11:36:10.632] [warning] no flow specified for variable c1 in location v1_block_v2_on - assuming flow of 0
[2025-09-05 11:36:10.632] [warning] no flow specified for variable c1 in location block_safe - assuming flow of 0
[2025-09-05 11:36:10.632] [warning] no flow specified for variable c1 in location block_unsafe - assuming flow of 0
[2025-09-05 11:36:10.632] [warning] no flow specified for variable c2 in location all_off - assuming flow of 0
[2025-09-05 11:36:10.632] [warning] no flow specified for variable c2 in location v1_on - assuming flow of 0
[2025-09-05 11:36:10.632] [warning] no flow specified for variable c2 in location v1_block - assuming flow of 0
[2025-09-05 11:36:10.632] [warning] no flow specified for variable c2 in location v2_block - assuming flow of 0
[2025-09-05 11:36:10.632] [warning] no flow specified for variable c2 in location v2_block_v1_on - assuming flow of 0
[2025-09-05 11:36:10.632] [warning] no flow specified for variable c2 in location block_safe - assuming flow of 0
[2025-09-05 11:36:10.632] [warning] no flow specified for variable c2 in location block_unsafe - assuming flow of 0
[2025-09-05 11:36:10.632] [debug] Clock index for the created transition is: 4
[2025-09-05 11:36:10.632] [debug] Clock index for the created transition is: 4
[2025-09-05 11:36:10.632] [debug] Clock index for the created transition is: 4
[2025-09-05 11:36:10.632] [debug] Clock index for the created transition is: 4
[2025-09-05 11:36:10.632] [debug] Clock index for the created transition is: 5
[2025-09-05 11:36:10.632] [debug] Clock index for the created transition is: 5
[2025-09-05 11:36:10.632] [debug] Clock index for the created transition is: 5
[2025-09-05 11:36:10.632] [debug] Clock index for the created transition is: 5
[2025-09-05 11:36:10.632] [warning] no constraints specified for variable c1 in initial constraint number 0 - assuming [0,0]
[2025-09-05 11:36:10.632] [warning] no constraints specified for variable c2 in initial constraint number 0 - assuming [0,0]
[2025-09-05 11:36:10.632] [debug] Underlying Hybrid Automaton: initial states (1): 
all_off:  - x0 ≤ 0
x0 ≤ 0
 - x1 ≤ -4
x1 ≤ 4
 - x2 ≤ 0
x2 ≤ 0
 - 1·x3 ≤ 0
1·x3 ≤ 0

locations (9): 
all_off @0x5e89b64b8700 {
Flow.: 
t: [1, 1], x: [4, 4], c1: [0, 0], c2: [0, 0], 
Inv.:
x1 ≤ 16
 - x0 ≤ 0
x0 ≤ 18
Transitions: 
{ @0x5e89b64bfa70 all_off (@0x5e89b64b8700) -->*v1_on (@0x5e89b64ba630)
Guard:
 - x1 ≤ -16

Reset:
Identity
 }
{ @0x5e89b64bfe50 all_off (@0x5e89b64b8700) -->*v2_on (@0x5e89b64bb070)
Guard:
 - x1 ≤ -16

Reset:
Identity
 }

}
v1_on @0x5e89b64ba630 {
Flow.: 
t: [1, 1], x: [-2, -2], c1: [1, 1], c2: [0, 0], 
Inv.:
x2 ≤ 2
 - x0 ≤ 0
x0 ≤ 18
Transitions: 
{ @0x5e89b64c0180 v1_on (@0x5e89b64ba630) --> v1_block (@0x5e89b64bba90)
Guard:
x1 ≤ 16
 - x2 ≤ -2

Reset:
Identity
]0, 0[, ]0, 0[, [0, 0], 
 }
{ @0x5e89b64c2290 v1_on (@0x5e89b64ba630) --> v1_block_v2_on (@0x5e89b64bcf60)
Guard:
 - x1 ≤ -16
 - x2 ≤ -2

Reset:
Identity
]0, 0[, ]0, 0[, [0, 0], 
 }

}
v2_on @0x5e89b64bb070 {
Flow.: 
t: [1, 1], x: [0, 0], c1: [0, 0], c2: [1, 1], 
Inv.:
1·x3 ≤ 1
 - x0 ≤ 0
x0 ≤ 18
Transitions: 
{ @0x5e89b64c1080 v2_on (@0x5e89b64bb070) --> v2_block (@0x5e89b64bc4d0)
Guard:
x1 ≤ 16
 - 1·x3 ≤ -1

Reset:
Identity
]0, 0[, ]0, 0[, ]0, 0[, [0, 0], 
 }
{ @0x5e89b64c2a80 v2_on (@0x5e89b64bb070) --> v2_block_v1_on (@0x5e89b64bda10)
Guard:
 - x1 ≤ -16
 - 1·x3 ≤ -1

Reset:
Identity
]0, 0[, ]0, 0[, ]0, 0[, [0, 0], 
 }

}
v1_block @0x5e89b64bba90 {
Flow.: 
t: [1, 1], x: [4, 4], c1: [0, 0], c2: [0, 0], 
Inv.:
x1 ≤ 16
 - x0 ≤ 0
x0 ≤ 18
Transitions: 
{ @0x5e89b64c3d00 v1_block (@0x5e89b64bba90) --> v1_block_v2_on (@0x5e89b64bcf60)
Guard:
 - x1 ≤ -16

Reset:
Identity
 }
{ @0x5e89b64c7e90 v1_block (@0x5e89b64bba90) --> all_off (@0x5e89b64b8700)
Guard:

Reset:
Identity
 }

}
v2_block @0x5e89b64bc4d0 {
Flow.: 
t: [1, 1], x: [4, 4], c1: [0, 0], c2: [0, 0], 
Inv.:
x1 ≤ 16
 - x0 ≤ 0
x0 ≤ 18
Transitions: 
{ @0x5e89b64c4120 v2_block (@0x5e89b64bc4d0) --> v2_block_v1_on (@0x5e89b64bda10)
Guard:
 - x1 ≤ -16

Reset:
Identity
 }
{ @0x5e89b64c85d0 v2_block (@0x5e89b64bc4d0) --> all_off (@0x5e89b64b8700)
Guard:

Reset:
Identity
 }

}
v1_block_v2_on @0x5e89b64bcf60 {
Flow.: 
t: [1, 1], x: [0, 0], c1: [0, 0], c2: [1, 1], 
Inv.:
1·x3 ≤ 1
 - x0 ≤ 0
x0 ≤ 18
Transitions: 
{ @0x5e89b64c44b0 v1_block_v2_on (@0x5e89b64bcf60) --> block_safe (@0x5e89b64be4c0)
Guard:
x1 ≤ 16
 - 1·x3 ≤ -1

Reset:
Identity
]0, 0[, ]0, 0[, ]0, 0[, [0, 0], 
 }
{ @0x5e89b64c6000 v1_block_v2_on (@0x5e89b64bcf60) --> block_unsafe (@0x5e89b64befd0)
Guard:
 - x1 ≤ -16
 - 1·x3 ≤ -1

Reset:
Identity
]0, 0[, ]0, 0[, ]0, 0[, [0, 0], 
 }
{ @0x5e89b64c8030 v1_block_v2_on (@0x5e89b64bcf60) --> v2_on (@0x5e89b64bb070)
Guard:

Reset:
Identity
 }

}
v2_block_v1_on @0x5e89b64bda10 {
Flow.: 
t: [1, 1], x: [-2, -2], c1: [1, 1], c2: [0, 0], 
Inv.:
x2 ≤ 2
 - x0 ≤ 0
x0 ≤ 18
Transitions: 
{ @0x5e89b64c57f0 v2_block_v1_on (@0x5e89b64bda10) --> block_safe (@0x5e89b64be4c0)
Guard:
x1 ≤ 16
 - x2 ≤ -2

Reset:
Identity
]0, 0[, ]0, 0[, [0, 0], 
 }
{ @0x5e89b64c7280 v2_block_v1_on (@0x5e89b64bda10) --> block_unsafe (@0x5e89b64befd0)
Guard:
 - x1 ≤ -16
 - x2 ≤ -2

Reset:
Identity
]0, 0[, ]0, 0[, [0, 0], 
 }
{ @0x5e89b64c87b0 v2_block_v1_on (@0x5e89b64bda10) --> v1_on (@0x5e89b64ba630)
Guard:

Reset:
Identity
 }

}
block_safe @0x5e89b64be4c0 {
Flow.: 
t: [1, 1], x: [4, 4], c1: [0, 0], c2: [0, 0], 
Inv.:
x1 ≤ 16
 - x0 ≤ 0
x0 ≤ 18
Transitions: 
{ @0x5e89b64c7a70 block_safe (@0x5e89b64be4c0) --> block_unsafe (@0x5e89b64befd0)
Guard:
 - x1 ≤ -16

Reset:
Identity
 }
{ @0x5e89b64c8210 block_safe (@0x5e89b64be4c0) --> v2_block (@0x5e89b64bc4d0)
Guard:

Reset:
Identity
 }
{ @0x5e89b64c8990 block_safe (@0x5e89b64be4c0) --> v1_block (@0x5e89b64bba90)
Guard:

Reset:
Identity
 }

}
block_unsafe @0x5e89b64befd0 {
Flow.: 
t: [1, 1], x: [4, 4], c1: [0, 0], c2: [0, 0], 
Inv.:
 - x0 ≤ 0
x0 ≤ 18
Transitions: 
{ @0x5e89b64c83f0 block_unsafe (@0x5e89b64befd0) --> v2_block_v1_on (@0x5e89b64bda10)
Guard:

Reset:
Identity
 }
{ @0x5e89b64c8ba0 block_unsafe (@0x5e89b64befd0) --> v1_block_v2_on (@0x5e89b64bcf60)
Guard:

Reset:
Identity
 }

}
local bad states (0): 

[2025-09-05 11:36:10.632] [debug] Stochasticity Cache:
[2025-09-05 11:36:10.632] [debug] v1_block -> all_off is stochastic transition with random event r4(STOCHASTIC) (index 4)
[2025-09-05 11:36:10.632] [debug] v1_block_v2_on -> v2_on is stochastic transition with random event r4(STOCHASTIC) (index 4)
[2025-09-05 11:36:10.632] [debug] block_safe -> v2_block is stochastic transition with random event r4(STOCHASTIC) (index 4)
[2025-09-05 11:36:10.632] [debug] block_unsafe -> v2_block_v1_on is stochastic transition with random event r4(STOCHASTIC) (index 4)
[2025-09-05 11:36:10.632] [debug] v2_block -> all_off is stochastic transition with random event r5(STOCHASTIC) (index 5)
[2025-09-05 11:36:10.632] [debug] v2_block_v1_on -> v1_on is stochastic transition with random event r5(STOCHASTIC) (index 5)
[2025-09-05 11:36:10.632] [debug] block_safe -> v1_block is stochastic transition with random event r5(STOCHASTIC) (index 5)
[2025-09-05 11:36:10.632] [debug] block_unsafe -> v1_block_v2_on is stochastic transition with random event r5(STOCHASTIC) (index 5)
[2025-09-05 11:36:10.632] [debug] Specification: ( goal location: block_unsafe, constraints:  - x1 ≤ -18
 )
[2025-09-05 11:36:10.632] [info] 1 Model creation: 0
[2025-09-05 11:36:10.632] [info] 2.0 Creating Unified Datastructure from SAC: 0
[2025-09-05 11:36:17.436] [info] runs 2550 | prob 0.96 | low 0.9500036516785024 | high 0.9699963483214975
[2025-09-05 11:36:17.610] [debug] RESULT:
training_time, simulation_time, prob, low, high, runs, scheduler_variant, success_path_count, failure_path_count
5457, 12, 0.96, 0.9500036516785024, 0.9699963483214975, 2550, 0
# timestamp 05.09.2025 11:36:10 (1757064970), datastructure sac
# timebound 18, expirations {"r": 1, "r1": 0, "r2": 0}
# alpha 0.1, gamma 0.99
# discretization method UNIFORM_GRANULARITY, adaptive compartments 5, uniform granularity 0.25
# scheduler goal: MAXIMIZING, scope: PROPHETIC, history: MEMORYLESS
# training runs 1000000

[2025-09-05 11:36:17.890] [info] 2.1 Simulating on SAC: 7258
[2025-09-05 11:36:17.890] [info] Analysis finished; the goal is not reachable.
[2025-09-05 11:36:17.890] [info] Probability: 0.0
[2025-09-05 11:36:17.890] [info] 2 Analysis: 7258
[2025-09-05 11:36:17.890] [info] 0 Computation Time Complete: 7258
[2025-09-05 11:36:17.890] [info] Counters and timers:
Counters:

Timers:
0 Computation Time Complete: 7258
1 Model creation: 0
2 Analysis: 7258
2.0 Creating Unified Datastructure from SAC: 0
2.1 Simulating on SAC: 7258

