timebound = 7, jump depth = 100, max expirations of random clocks = [{r1: 0}, {r2: 0}], combine absorbing locations in unrolling = 255, integration bound(s) = 7, integration samples = 500000, model = WATERTANK, model case = CASE_A, LTI analysis = rectangular analysis, scheduler = goal: MAXIMIZING, scope: PROPHETIC, history: HISTORY_DEPENDENT, multithreaded = 1, disableBackwardsRefinement = 0
simulating 0 runs after 1000000 training runs with parameters:
learning rate                 0.5
discount factor               0.95
exploration rate              0.15
discretization method         UNIFORM_GRANULARITY
uniform granularity           0.25
adaptive compartments         5


[2025-09-16 12:51:52.548] [debug] using cli max expirations 0 for random clock r1
[2025-09-16 12:51:52.548] [debug] using cli max expirations 0 for random clock r2
[2025-09-16 12:51:52.548] [warning] no flow specified for variable c1 in location all_off - assuming flow of 0
[2025-09-16 12:51:52.548] [warning] no flow specified for variable c1 in location v2_on - assuming flow of 0
[2025-09-16 12:51:52.548] [warning] no flow specified for variable c1 in location v1_block - assuming flow of 0
[2025-09-16 12:51:52.548] [warning] no flow specified for variable c1 in location v2_block - assuming flow of 0
[2025-09-16 12:51:52.548] [warning] no flow specified for variable c1 in location v1_block_v2_on - assuming flow of 0
[2025-09-16 12:51:52.548] [warning] no flow specified for variable c1 in location block_safe - assuming flow of 0
[2025-09-16 12:51:52.548] [warning] no flow specified for variable c1 in location block_unsafe - assuming flow of 0
[2025-09-16 12:51:52.548] [warning] no flow specified for variable c2 in location all_off - assuming flow of 0
[2025-09-16 12:51:52.548] [warning] no flow specified for variable c2 in location v1_on - assuming flow of 0
[2025-09-16 12:51:52.548] [warning] no flow specified for variable c2 in location v1_block - assuming flow of 0
[2025-09-16 12:51:52.548] [warning] no flow specified for variable c2 in location v2_block - assuming flow of 0
[2025-09-16 12:51:52.548] [warning] no flow specified for variable c2 in location v2_block_v1_on - assuming flow of 0
[2025-09-16 12:51:52.548] [warning] no flow specified for variable c2 in location block_safe - assuming flow of 0
[2025-09-16 12:51:52.548] [warning] no flow specified for variable c2 in location block_unsafe - assuming flow of 0
[2025-09-16 12:51:52.548] [debug] Clock index for the created transition is: 4
[2025-09-16 12:51:52.548] [debug] Clock index for the created transition is: 4
[2025-09-16 12:51:52.549] [debug] Clock index for the created transition is: 4
[2025-09-16 12:51:52.549] [debug] Clock index for the created transition is: 4
[2025-09-16 12:51:52.549] [debug] Clock index for the created transition is: 5
[2025-09-16 12:51:52.549] [debug] Clock index for the created transition is: 5
[2025-09-16 12:51:52.549] [debug] Clock index for the created transition is: 5
[2025-09-16 12:51:52.549] [debug] Clock index for the created transition is: 5
[2025-09-16 12:51:52.549] [warning] no constraints specified for variable c1 in initial constraint number 0 - assuming [0,0]
[2025-09-16 12:51:52.549] [warning] no constraints specified for variable c2 in initial constraint number 0 - assuming [0,0]
[2025-09-16 12:51:52.549] [debug] Underlying Hybrid Automaton: initial states (1): 
all_off:  - x0 ≤ 0
x0 ≤ 0
 - x1 ≤ -4
x1 ≤ 4
 - x2 ≤ 0
x2 ≤ 0
 - 1·x3 ≤ 0
1·x3 ≤ 0

locations (9): 
all_off @0x61c9073bdb60 {
Flow.: 
t: [1, 1], x: [4, 4], c1: [0, 0], c2: [0, 0], 
Inv.:
x1 ≤ 16
 - x0 ≤ 0
x0 ≤ 7
Transitions: 
{ @0x61c9073c4e70 all_off (@0x61c9073bdb60) -->*v1_on (@0x61c9073bfa30)
Guard:
 - x1 ≤ -16

Reset:
Identity
 }
{ @0x61c9073c51c0 all_off (@0x61c9073bdb60) -->*v2_on (@0x61c9073c0470)
Guard:
 - x1 ≤ -16

Reset:
Identity
 }

}
v1_on @0x61c9073bfa30 {
Flow.: 
t: [1, 1], x: [-2, -2], c1: [1, 1], c2: [0, 0], 
Inv.:
x2 ≤ 2
 - x0 ≤ 0
x0 ≤ 7
Transitions: 
{ @0x61c9073c54c0 v1_on (@0x61c9073bfa30) --> v1_block (@0x61c9073c0e90)
Guard:
x1 ≤ 16
 - x2 ≤ -2

Reset:
Identity
]0, 0[, ]0, 0[, [0, 0], 
 }
{ @0x61c9073c75d0 v1_on (@0x61c9073bfa30) --> v1_block_v2_on (@0x61c9073c2360)
Guard:
 - x1 ≤ -16
 - x2 ≤ -2

Reset:
Identity
]0, 0[, ]0, 0[, [0, 0], 
 }

}
v2_on @0x61c9073c0470 {
Flow.: 
t: [1, 1], x: [0, 0], c1: [0, 0], c2: [1, 1], 
Inv.:
1·x3 ≤ 1
 - x0 ≤ 0
x0 ≤ 7
Transitions: 
{ @0x61c9073c63c0 v2_on (@0x61c9073c0470) --> v2_block (@0x61c9073c18d0)
Guard:
x1 ≤ 16
 - 1·x3 ≤ -1

Reset:
Identity
]0, 0[, ]0, 0[, ]0, 0[, [0, 0], 
 }
{ @0x61c9073c7dc0 v2_on (@0x61c9073c0470) --> v2_block_v1_on (@0x61c9073c2e10)
Guard:
 - x1 ≤ -16
 - 1·x3 ≤ -1

Reset:
Identity
]0, 0[, ]0, 0[, ]0, 0[, [0, 0], 
 }

}
v1_block @0x61c9073c0e90 {
Flow.: 
t: [1, 1], x: [4, 4], c1: [0, 0], c2: [0, 0], 
Inv.:
x1 ≤ 16
 - x0 ≤ 0
x0 ≤ 7
Transitions: 
{ @0x61c9073c9040 v1_block (@0x61c9073c0e90) --> v1_block_v2_on (@0x61c9073c2360)
Guard:
 - x1 ≤ -16

Reset:
Identity
 }
{ @0x61c9073cd1a0 v1_block (@0x61c9073c0e90) --> all_off (@0x61c9073bdb60)
Guard:

Reset:
Identity
 }

}
v2_block @0x61c9073c18d0 {
Flow.: 
t: [1, 1], x: [4, 4], c1: [0, 0], c2: [0, 0], 
Inv.:
x1 ≤ 16
 - x0 ≤ 0
x0 ≤ 7
Transitions: 
{ @0x61c9073c9430 v2_block (@0x61c9073c18d0) --> v2_block_v1_on (@0x61c9073c2e10)
Guard:
 - x1 ≤ -16

Reset:
Identity
 }
{ @0x61c9073cd8e0 v2_block (@0x61c9073c18d0) --> all_off (@0x61c9073bdb60)
Guard:

Reset:
Identity
 }

}
v1_block_v2_on @0x61c9073c2360 {
Flow.: 
t: [1, 1], x: [0, 0], c1: [0, 0], c2: [1, 1], 
Inv.:
1·x3 ≤ 1
 - x0 ≤ 0
x0 ≤ 7
Transitions: 
{ @0x61c9073c97c0 v1_block_v2_on (@0x61c9073c2360) --> block_safe (@0x61c9073c38c0)
Guard:
x1 ≤ 16
 - 1·x3 ≤ -1

Reset:
Identity
]0, 0[, ]0, 0[, ]0, 0[, [0, 0], 
 }
{ @0x61c9073cb310 v1_block_v2_on (@0x61c9073c2360) --> block_unsafe (@0x61c9073c43d0)
Guard:
 - x1 ≤ -16
 - 1·x3 ≤ -1

Reset:
Identity
]0, 0[, ]0, 0[, ]0, 0[, [0, 0], 
 }
{ @0x61c9073cd340 v1_block_v2_on (@0x61c9073c2360) --> v2_on (@0x61c9073c0470)
Guard:

Reset:
Identity
 }

}
v2_block_v1_on @0x61c9073c2e10 {
Flow.: 
t: [1, 1], x: [-2, -2], c1: [1, 1], c2: [0, 0], 
Inv.:
x2 ≤ 2
 - x0 ≤ 0
x0 ≤ 7
Transitions: 
{ @0x61c9073cab00 v2_block_v1_on (@0x61c9073c2e10) --> block_safe (@0x61c9073c38c0)
Guard:
x1 ≤ 16
 - x2 ≤ -2

Reset:
Identity
]0, 0[, ]0, 0[, [0, 0], 
 }
{ @0x61c9073cc590 v2_block_v1_on (@0x61c9073c2e10) --> block_unsafe (@0x61c9073c43d0)
Guard:
 - x1 ≤ -16
 - x2 ≤ -2

Reset:
Identity
]0, 0[, ]0, 0[, [0, 0], 
 }
{ @0x61c9073cdac0 v2_block_v1_on (@0x61c9073c2e10) --> v1_on (@0x61c9073bfa30)
Guard:

Reset:
Identity
 }

}
block_safe @0x61c9073c38c0 {
Flow.: 
t: [1, 1], x: [4, 4], c1: [0, 0], c2: [0, 0], 
Inv.:
x1 ≤ 16
 - x0 ≤ 0
x0 ≤ 7
Transitions: 
{ @0x61c9073ccd80 block_safe (@0x61c9073c38c0) --> block_unsafe (@0x61c9073c43d0)
Guard:
 - x1 ≤ -16

Reset:
Identity
 }
{ @0x61c9073cd520 block_safe (@0x61c9073c38c0) --> v2_block (@0x61c9073c18d0)
Guard:

Reset:
Identity
 }
{ @0x61c9073cdca0 block_safe (@0x61c9073c38c0) --> v1_block (@0x61c9073c0e90)
Guard:

Reset:
Identity
 }

}
block_unsafe @0x61c9073c43d0 {
Flow.: 
t: [1, 1], x: [4, 4], c1: [0, 0], c2: [0, 0], 
Inv.:
 - x0 ≤ 0
x0 ≤ 7
Transitions: 
{ @0x61c9073cd700 block_unsafe (@0x61c9073c43d0) --> v2_block_v1_on (@0x61c9073c2e10)
Guard:

Reset:
Identity
 }
{ @0x61c9073cdeb0 block_unsafe (@0x61c9073c43d0) --> v1_block_v2_on (@0x61c9073c2360)
Guard:

Reset:
Identity
 }

}
local bad states (0): 

[2025-09-16 12:51:52.549] [debug] Stochasticity Cache:
[2025-09-16 12:51:52.549] [debug] v1_block -> all_off is stochastic transition with random event r4(STOCHASTIC) (index 4)
[2025-09-16 12:51:52.549] [debug] v1_block_v2_on -> v2_on is stochastic transition with random event r4(STOCHASTIC) (index 4)
[2025-09-16 12:51:52.549] [debug] block_safe -> v2_block is stochastic transition with random event r4(STOCHASTIC) (index 4)
[2025-09-16 12:51:52.549] [debug] block_unsafe -> v2_block_v1_on is stochastic transition with random event r4(STOCHASTIC) (index 4)
[2025-09-16 12:51:52.549] [debug] v2_block -> all_off is stochastic transition with random event r5(STOCHASTIC) (index 5)
[2025-09-16 12:51:52.549] [debug] v2_block_v1_on -> v1_on is stochastic transition with random event r5(STOCHASTIC) (index 5)
[2025-09-16 12:51:52.549] [debug] block_safe -> v1_block is stochastic transition with random event r5(STOCHASTIC) (index 5)
[2025-09-16 12:51:52.549] [debug] block_unsafe -> v1_block_v2_on is stochastic transition with random event r5(STOCHASTIC) (index 5)
[2025-09-16 12:51:52.549] [debug] Specification: ( goal location: block_unsafe, constraints:  - x1 ≤ -18
 )
[2025-09-16 12:51:52.549] [info] 1 Model creation: 0
[2025-09-16 12:51:52.549] [info] 2.0 Creating Unified Datastructure from SAC: 0
[2025-09-16 12:51:55.352] [info] runs 1000 | prob 0 | low 0 | high 0
[2025-09-16 12:51:55.369] [debug] RESULT:
training_time, simulation_time, prob, low, high, runs
2800, 2, 0, 0, 0, 1000
# timestamp 16.09.2025 12:51:52 (1758019912), datastructure sac
# timebound 7, expirations {"r1": 0, "r2": 0}
# alpha 0.5, gamma 0.95
# discretization method UNIFORM_GRANULARITY, adaptive compartments 5, uniform granularity 0.25
# scheduler goal: MAXIMIZING, scope: PROPHETIC, history: MEMORYLESS
# training runs 1000000

[2025-09-16 12:51:55.389] [info] 2.1 Simulating on SAC: 2840
[2025-09-16 12:51:55.389] [info] Analysis finished; the goal is not reachable.
[2025-09-16 12:51:55.389] [info] Probability: 0.0
[2025-09-16 12:51:55.389] [info] 2 Analysis: 2840
[2025-09-16 12:51:55.389] [info] 0 Computation Time Complete: 2841
[2025-09-16 12:51:55.389] [info] Counters and timers:
Counters:

Timers:
0 Computation Time Complete: 2841
1 Model creation: 0
2 Analysis: 2840
2.0 Creating Unified Datastructure from SAC: 0
2.1 Simulating on SAC: 2840

