timebound = 10, jump depth = 100, max expirations of random clocks = [{r1: 0}, {r2: 0}], combine absorbing locations in unrolling = 154, integration bound(s) = 10, integration samples = 500000, model = WATERTANK, model case = CASE_A, LTI analysis = rectangular analysis, scheduler = goal: MAXIMIZING, scope: PROPHETIC, history: HISTORY_DEPENDENT, multithreaded = 1, disableBackwardsRefinement = 0
simulating 0 runs after 5000 training runs with parameters:
learning rate                 0.1
discount factor               1
exploration rate              0.15
uniform granularity           1
adaptive compartments         5


[2025-09-22 19:59:36.381] [warning] no flow specified for variable c1 in location all_off - assuming flow of 0
[2025-09-22 19:59:36.381] [warning] no flow specified for variable c1 in location v2_on - assuming flow of 0
[2025-09-22 19:59:36.381] [warning] no flow specified for variable c1 in location v1_block - assuming flow of 0
[2025-09-22 19:59:36.381] [warning] no flow specified for variable c1 in location v2_block - assuming flow of 0
[2025-09-22 19:59:36.381] [warning] no flow specified for variable c1 in location v1_block_v2_on - assuming flow of 0
[2025-09-22 19:59:36.381] [warning] no flow specified for variable c1 in location block_safe - assuming flow of 0
[2025-09-22 19:59:36.381] [warning] no flow specified for variable c1 in location block_unsafe - assuming flow of 0
[2025-09-22 19:59:36.381] [warning] no flow specified for variable c2 in location all_off - assuming flow of 0
[2025-09-22 19:59:36.381] [warning] no flow specified for variable c2 in location v1_on - assuming flow of 0
[2025-09-22 19:59:36.381] [warning] no flow specified for variable c2 in location v1_block - assuming flow of 0
[2025-09-22 19:59:36.381] [warning] no flow specified for variable c2 in location v2_block - assuming flow of 0
[2025-09-22 19:59:36.381] [warning] no flow specified for variable c2 in location v2_block_v1_on - assuming flow of 0
[2025-09-22 19:59:36.381] [warning] no flow specified for variable c2 in location block_safe - assuming flow of 0
[2025-09-22 19:59:36.381] [warning] no flow specified for variable c2 in location block_unsafe - assuming flow of 0
[2025-09-22 19:59:36.382] [warning] no constraints specified for variable c1 in initial constraint number 0 - assuming [0,0]
[2025-09-22 19:59:36.382] [warning] no constraints specified for variable c2 in initial constraint number 0 - assuming [0,0]
[2025-09-22 19:59:36.382] [info] 1 Model creation: 0
[2025-09-22 20:02:26.571] [info] 2.2 Reachability Analysis: 170189
[2025-09-22 20:02:26.578] [info] 2.3 Augment Reach Tree: 6
[2025-09-22 20:02:26.584] [info] 2.4 Creating Unified Datastructure from Reach Tree: 3
[2025-09-22 20:02:26.584] [info] 2.5 Simulating on full Reach Tree: 0
[2025-09-22 20:02:30.288] [info] 2.6.0 Labeling Reach Tree Nodes: 3704
[2025-09-22 20:02:30.289] [info] 2.6.1 Removing Unfulfilling Subtrees: 0
[2025-09-22 20:02:30.289] [info] 2.6 Pre-checking and Reduction: 3705
[2025-09-22 20:02:30.289] [info] node count before and after reduction 8282 6962
[2025-09-22 20:02:30.343] [info] runs 15248 | prob 0.6422481636935992 | low 0.6322485830209751 | high 0.6522477443662232
[2025-09-22 20:02:30.394] [info] runs 15239 | prob 0.6426930900977754 | low 0.6326933169691011 | high 0.6526928632264497
[2025-09-22 20:02:30.443] [info] runs 15081 | prob 0.6508189112127843 | low 0.6408192283170306 | high 0.660818594108538
[2025-09-22 20:02:30.494] [info] runs 15280 | prob 0.6405104712041885 | low 0.6305106917664195 | high 0.6505102506419574
[2025-09-22 20:02:30.545] [info] runs 15151 | prob 0.6472840076562603 | low 0.6372843478855239 | high 0.6572836674269966
[2025-09-22 20:02:30.598] [info] runs 15084 | prob 0.6506231768761602 | low 0.6406231905185964 | high 0.660623163233724
[2025-09-22 20:02:30.647] [info] runs 15176 | prob 0.6459541381128097 | low 0.6359541886896498 | high 0.6559540875359695
[2025-09-22 20:02:30.698] [info] runs 15147 | prob 0.6474549415725886 | low 0.6374550650656967 | high 0.6574548180794806
[2025-09-22 20:02:30.754] [info] runs 15220 | prob 0.6436925098554533 | low 0.6336927346709309 | high 0.6536922850399758
[2025-09-22 20:02:30.809] [info] runs 15112 | prob 0.649219163578613 | low 0.6392191985482141 | high 0.6592191286090119
[2025-09-22 20:02:30.861] [info] runs 16206 | prob 0.5760212267061582 | low 0.5660212441541166 | high 0.5860212092581998
[2025-09-22 20:02:30.913] [info] runs 15168 | prob 0.6463607594936709 | low 0.636360772973534 | high 0.6563607460138078
[2025-09-22 20:02:30.964] [info] runs 15260 | prob 0.6415465268676278 | low 0.6315465483431766 | high 0.651546505392079
[2025-09-22 20:02:31.014] [info] runs 15196 | prob 0.6449723611476704 | low 0.6349727560223776 | high 0.6549719662729633
[2025-09-22 20:02:31.066] [info] runs 15197 | prob 0.6448641179180101 | low 0.63486415682325 | high 0.6548640790127702
[2025-09-22 20:02:31.121] [info] runs 15167 | prob 0.6464693083668491 | low 0.6364696875409975 | high 0.6564689291927007
[2025-09-22 20:02:31.170] [info] runs 16261 | prob 0.5703831252690487 | low 0.5603832119895444 | high 0.5803830385485529
[2025-09-22 20:02:31.225] [info] runs 15301 | prob 0.6393699758185739 | low 0.6293701367496308 | high 0.649369814887517
[2025-09-22 20:02:31.276] [info] runs 15236 | prob 0.6428196377001838 | low 0.6328196669137893 | high 0.6528196084865783
[2025-09-22 20:02:31.326] [info] runs 15119 | prob 0.6489185792711158 | low 0.6389189625730932 | high 0.6589181959691385
[2025-09-22 20:02:31.382] [info] runs 15236 | prob 0.6428852717248622 | low 0.6328857093026408 | high 0.6528848341470836
[2025-09-22 20:02:31.432] [info] runs 15244 | prob 0.6424166885331933 | low 0.6324168401157234 | high 0.6524165369506633
[2025-09-22 20:02:31.483] [info] runs 15164 | prob 0.6465972039039831 | low 0.6365974140683895 | high 0.6565969937395767
[2025-09-22 20:02:31.539] [info] runs 15155 | prob 0.6470471791487957 | low 0.6370473129042656 | high 0.6570470453933258
[2025-09-22 20:02:31.594] [info] runs 15351 | prob 0.6366360497687447 | low 0.6266361866449726 | high 0.6466359128925168
[2025-09-22 20:02:31.594] [info] RESULT:
training_time, simulation_time, prob, low, high, runs
14, 39, 0.6422481636935992, 0.6322485830209751, 0.6522477443662232, 15248
14, 36, 0.6426930900977754, 0.6326933169691011, 0.6526928632264497, 15239
14, 34, 0.6508189112127843, 0.6408192283170306, 0.660818594108538, 15081
14, 36, 0.6405104712041885, 0.6305106917664195, 0.6505102506419574, 15280
14, 35, 0.6472840076562603, 0.6372843478855239, 0.6572836674269966, 15151
14, 38, 0.6506231768761602, 0.6406231905185964, 0.660623163233724, 15084
14, 34, 0.6459541381128097, 0.6359541886896498, 0.6559540875359695, 15176
14, 36, 0.6474549415725886, 0.6374550650656967, 0.6574548180794806, 15147
14, 41, 0.6436925098554533, 0.6336927346709309, 0.6536922850399758, 15220
14, 40, 0.649219163578613, 0.6392191985482141, 0.6592191286090119, 15112
14, 37, 0.5760212267061582, 0.5660212441541166, 0.5860212092581998, 16206
14, 37, 0.6463607594936709, 0.636360772973534, 0.6563607460138078, 15168
14, 35, 0.6415465268676278, 0.6315465483431766, 0.651546505392079, 15260
14, 35, 0.6449723611476704, 0.6349727560223776, 0.6549719662729633, 15196
14, 36, 0.6448641179180101, 0.63486415682325, 0.6548640790127702, 15197
14, 40, 0.6464693083668491, 0.6364696875409975, 0.6564689291927007, 15167
14, 33, 0.5703831252690487, 0.5603832119895444, 0.5803830385485529, 16261
14, 41, 0.6393699758185739, 0.6293701367496308, 0.649369814887517, 15301
14, 35, 0.6428196377001838, 0.6328196669137893, 0.6528196084865783, 15236
14, 35, 0.6489185792711158, 0.6389189625730932, 0.6589181959691385, 15119
14, 41, 0.6428852717248622, 0.6328857093026408, 0.6528848341470836, 15236
14, 35, 0.6424166885331933, 0.6324168401157234, 0.6524165369506633, 15244
14, 36, 0.6465972039039831, 0.6365974140683895, 0.6565969937395767, 15164
14, 41, 0.6470471791487957, 0.6370473129042656, 0.6570470453933258, 15155
14, 40, 0.6366360497687447, 0.6266361866449726, 0.6466359128925168, 15351
# timestamp 22.09.2025 19:59:36 (1758563976), datastructure reach_tree_reduced
# timebound 10, expirations {"r1": 0, "r2": 0}
# alpha 0.1, gamma 1
# fixed points 5, uniform granularity 1
# scheduler goal: MAXIMIZING, scope: NONPROPHETIC, history: DISCRETE_HISTORY
# training runs 5000

[2025-09-22 20:02:31.640] [info] runs 15348 | prob 0.6368256450351837 | low 0.6268259254300932 | high 0.6468253646402742
[2025-09-22 20:02:31.686] [info] runs 15272 | prob 0.6409769512833945 | low 0.6309774055085325 | high 0.6509764970582564
[2025-09-22 20:02:31.733] [info] runs 15256 | prob 0.6417802831672784 | low 0.6317804340532184 | high 0.6517801322813385
[2025-09-22 20:02:31.783] [info] runs 15236 | prob 0.6428852717248622 | low 0.6328857093026408 | high 0.6528848341470836
[2025-09-22 20:02:31.827] [info] runs 16299 | prob 0.5661697036628014 | low 0.5561697351942547 | high 0.5761696721313481
[2025-09-22 20:02:31.876] [info] runs 16266 | prob 0.5698389278249109 | low 0.5598389949501758 | high 0.579838860699646
[2025-09-22 20:02:31.921] [info] runs 16263 | prob 0.5702514911148004 | low 0.5602518150440359 | high 0.580251167185565
[2025-09-22 20:02:31.966] [info] runs 15234 | prob 0.6429696730996455 | low 0.6329699797676241 | high 0.6529693664316668
[2025-09-22 20:02:32.013] [info] runs 15123 | prob 0.6486808172981551 | low 0.6386809706008874 | high 0.6586806639954228
[2025-09-22 20:02:32.058] [info] runs 15208 | prob 0.6443319305628616 | low 0.6343322282261171 | high 0.6543316328996062
[2025-09-22 20:02:32.108] [info] runs 15081 | prob 0.6508189112127843 | low 0.6408192283170306 | high 0.660818594108538
[2025-09-22 20:02:32.154] [info] runs 15223 | prob 0.6435656572291927 | low 0.6335660731513121 | high 0.6535652413070733
[2025-09-22 20:02:32.201] [info] runs 15266 | prob 0.641228874623346 | low 0.6312289090161354 | high 0.6512288402305566
[2025-09-22 20:02:32.247] [info] runs 15236 | prob 0.6428852717248622 | low 0.6328857093026408 | high 0.6528848341470836
[2025-09-22 20:02:32.299] [info] runs 15213 | prob 0.6440544271346874 | low 0.6340546226492529 | high 0.6540542316201219
[2025-09-22 20:02:32.350] [info] runs 15072 | prob 0.6512738853503185 | low 0.6412742426211004 | high 0.6612735280795365
[2025-09-22 20:02:32.400] [info] runs 15103 | prob 0.6497384625571079 | low 0.6397389285771478 | high 0.659737996537068
[2025-09-22 20:02:32.446] [info] runs 15204 | prob 0.6445672191528545 | low 0.6345676848326527 | high 0.6545667534730564
[2025-09-22 20:02:32.492] [info] runs 15215 | prob 0.6439697666776207 | low 0.6339700876758506 | high 0.6539694456793909
[2025-09-22 20:02:32.538] [info] runs 15252 | prob 0.6420141620771046 | low 0.6320144455779905 | high 0.6520138785762187
[2025-09-22 20:02:32.585] [info] runs 15048 | prob 0.6524455077086656 | low 0.6424457369700637 | high 0.6624452784472675
[2025-09-22 20:02:32.637] [info] runs 15266 | prob 0.641228874623346 | low 0.6312289090161354 | high 0.6512288402305566
[2025-09-22 20:02:32.683] [info] runs 15111 | prob 0.6493283038845874 | low 0.6393287234103358 | high 0.659327884358839
[2025-09-22 20:02:32.730] [info] runs 15236 | prob 0.6428196377001838 | low 0.6328196669137893 | high 0.6528196084865783
[2025-09-22 20:02:32.776] [info] runs 15242 | prob 0.6425009841228185 | low 0.6325010024523712 | high 0.6525009657932659
[2025-09-22 20:02:32.776] [info] RESULT:
training_time, simulation_time, prob, low, high, runs
13, 32, 0.6368256450351837, 0.6268259254300932, 0.6468253646402742, 15348
13, 32, 0.6409769512833945, 0.6309774055085325, 0.6509764970582564, 15272
13, 34, 0.6417802831672784, 0.6317804340532184, 0.6517801322813385, 15256
13, 36, 0.6428852717248622, 0.6328857093026408, 0.6528848341470836, 15236
13, 31, 0.5661697036628014, 0.5561697351942547, 0.5761696721313481, 16299
13, 35, 0.5698389278249109, 0.5598389949501758, 0.579838860699646, 16266
13, 31, 0.5702514911148004, 0.5602518150440359, 0.580251167185565, 16263
13, 32, 0.6429696730996455, 0.6329699797676241, 0.6529693664316668, 15234
13, 33, 0.6486808172981551, 0.6386809706008874, 0.6586806639954228, 15123
13, 32, 0.6443319305628616, 0.6343322282261171, 0.6543316328996062, 15208
13, 36, 0.6508189112127843, 0.6408192283170306, 0.660818594108538, 15081
13, 32, 0.6435656572291927, 0.6335660731513121, 0.6535652413070733, 15223
13, 34, 0.641228874623346, 0.6312289090161354, 0.6512288402305566, 15266
13, 32, 0.6428852717248622, 0.6328857093026408, 0.6528848341470836, 15236
13, 38, 0.6440544271346874, 0.6340546226492529, 0.6540542316201219, 15213
13, 38, 0.6512738853503185, 0.6412742426211004, 0.6612735280795365, 15072
13, 36, 0.6497384625571079, 0.6397389285771478, 0.659737996537068, 15103
13, 33, 0.6445672191528545, 0.6345676848326527, 0.6545667534730564, 15204
13, 32, 0.6439697666776207, 0.6339700876758506, 0.6539694456793909, 15215
12, 32, 0.6420141620771046, 0.6320144455779905, 0.6520138785762187, 15252
13, 33, 0.6524455077086656, 0.6424457369700637, 0.6624452784472675, 15048
13, 38, 0.641228874623346, 0.6312289090161354, 0.6512288402305566, 15266
13, 32, 0.6493283038845874, 0.6393287234103358, 0.659327884358839, 15111
13, 34, 0.6428196377001838, 0.6328196669137893, 0.6528196084865783, 15236
13, 32, 0.6425009841228185, 0.6325010024523712, 0.6525009657932659, 15242
# timestamp 22.09.2025 19:59:36 (1758563976), datastructure reach_tree_reduced
# timebound 10, expirations {"r1": 0, "r2": 0}
# alpha 0.1, gamma 1
# fixed points 5, uniform granularity 1
# scheduler goal: MAXIMIZING, scope: NONPROPHETIC, history: MEMORYLESS
# training runs 5000

[2025-09-22 20:02:32.776] [info] 2.7 Simulating on reduced Reach Tree: 2487
[2025-09-22 20:02:32.873] [info] Analysis finished; the goal is not reachable.
[2025-09-22 20:02:32.873] [info] Probability: 0.0
[2025-09-22 20:02:32.873] [info] 2 Analysis: 176491
[2025-09-22 20:02:32.873] [info] 0 Computation Time Complete: 176491
[2025-09-22 20:02:32.873] [info] Counters and timers:
Counters:

Timers:
0 Computation Time Complete: 176491
1 Model creation: 0
2 Analysis: 176491
2.2 Reachability Analysis: 170189
2.3 Augment Reach Tree: 6
2.4 Creating Unified Datastructure from Reach Tree: 3
2.5 Simulating on full Reach Tree: 0
2.6 Pre-checking and Reduction: 3705
2.6.0 Labeling Reach Tree Nodes: 3704
2.6.1 Removing Unfulfilling Subtrees: 0
2.7 Simulating on reduced Reach Tree: 2487

timebound = 10, jump depth = 100, max expirations of random clocks = [{r1: 0}, {r2: 0}], combine absorbing locations in unrolling = 242, integration bound(s) = 10, integration samples = 500000, model = WATERTANK, model case = CASE_A, LTI analysis = rectangular analysis, scheduler = goal: MAXIMIZING, scope: PROPHETIC, history: HISTORY_DEPENDENT, multithreaded = 1, disableBackwardsRefinement = 0
simulating 0 runs after 20000 training runs with parameters:
learning rate                 0.1
discount factor               1
exploration rate              0.15
uniform granularity           1
adaptive compartments         5


[2025-09-22 20:02:32.919] [warning] no flow specified for variable c1 in location all_off - assuming flow of 0
[2025-09-22 20:02:32.919] [warning] no flow specified for variable c1 in location v2_on - assuming flow of 0
[2025-09-22 20:02:32.919] [warning] no flow specified for variable c1 in location v1_block - assuming flow of 0
[2025-09-22 20:02:32.919] [warning] no flow specified for variable c1 in location v2_block - assuming flow of 0
[2025-09-22 20:02:32.919] [warning] no flow specified for variable c1 in location v1_block_v2_on - assuming flow of 0
[2025-09-22 20:02:32.919] [warning] no flow specified for variable c1 in location block_safe - assuming flow of 0
[2025-09-22 20:02:32.919] [warning] no flow specified for variable c1 in location block_unsafe - assuming flow of 0
[2025-09-22 20:02:32.919] [warning] no flow specified for variable c2 in location all_off - assuming flow of 0
[2025-09-22 20:02:32.919] [warning] no flow specified for variable c2 in location v1_on - assuming flow of 0
[2025-09-22 20:02:32.919] [warning] no flow specified for variable c2 in location v1_block - assuming flow of 0
[2025-09-22 20:02:32.919] [warning] no flow specified for variable c2 in location v2_block - assuming flow of 0
[2025-09-22 20:02:32.919] [warning] no flow specified for variable c2 in location v2_block_v1_on - assuming flow of 0
[2025-09-22 20:02:32.919] [warning] no flow specified for variable c2 in location block_safe - assuming flow of 0
[2025-09-22 20:02:32.919] [warning] no flow specified for variable c2 in location block_unsafe - assuming flow of 0
[2025-09-22 20:02:32.919] [warning] no constraints specified for variable c1 in initial constraint number 0 - assuming [0,0]
[2025-09-22 20:02:32.919] [warning] no constraints specified for variable c2 in initial constraint number 0 - assuming [0,0]
[2025-09-22 20:02:32.919] [info] 1 Model creation: 0
[2025-09-22 20:05:21.377] [info] 2.2 Reachability Analysis: 168457
[2025-09-22 20:05:21.383] [info] 2.3 Augment Reach Tree: 6
[2025-09-22 20:05:21.387] [info] 2.4 Creating Unified Datastructure from Reach Tree: 2
[2025-09-22 20:05:21.387] [info] 2.5 Simulating on full Reach Tree: 0
[2025-09-22 20:05:25.085] [info] 2.6.0 Labeling Reach Tree Nodes: 3698
[2025-09-22 20:05:25.085] [info] 2.6.1 Removing Unfulfilling Subtrees: 0
[2025-09-22 20:05:25.085] [info] 2.6 Pre-checking and Reduction: 3698
[2025-09-22 20:05:25.085] [info] node count before and after reduction 8282 6962
[2025-09-22 20:05:25.185] [info] runs 15365 | prob 0.6358607224210869 | low 0.6258608527674899 | high 0.6458605920746839
[2025-09-22 20:05:25.284] [info] runs 15324 | prob 0.6381493082746019 | low 0.6281496388736594 | high 0.6481489776755445
[2025-09-22 20:05:25.383] [info] runs 15152 | prob 0.647241288278775 | low 0.6372416829658145 | high 0.6572408935917355
[2025-09-22 20:05:25.483] [info] runs 15183 | prob 0.645590463017849 | low 0.63559050179891 | high 0.6555904242367879
[2025-09-22 20:05:25.583] [info] runs 15300 | prob 0.6394117647058823 | low 0.6294118514852625 | high 0.6494116779265022
[2025-09-22 20:05:25.684] [info] runs 15272 | prob 0.640911471974856 | low 0.6309115251872723 | high 0.6509114187624396
[2025-09-22 20:05:25.783] [info] runs 15327 | prob 0.6379591570431266 | low 0.6279593297019952 | high 0.6479589843842579
[2025-09-22 20:05:25.884] [info] runs 15199 | prob 0.6447792617935391 | low 0.6347794221035142 | high 0.6547791014835639
[2025-09-22 20:05:25.984] [info] runs 15189 | prob 0.6453354401211403 | low 0.6353358333399272 | high 0.6553350469023534
[2025-09-22 20:05:26.085] [info] runs 15200 | prob 0.6447368421052632 | low 0.6347370632769757 | high 0.6547366209335507
[2025-09-22 20:05:26.185] [info] runs 15230 | prob 0.643204202232436 | low 0.6332046579277971 | high 0.6532037465370749
[2025-09-22 20:05:26.286] [info] runs 15288 | prob 0.6401098901098901 | low 0.6301102873818303 | high 0.6501094928379498
[2025-09-22 20:05:26.386] [info] runs 15217 | prob 0.6438194124991785 | low 0.6338194471517266 | high 0.6538193778466305
[2025-09-22 20:05:26.487] [info] runs 15391 | prob 0.634461698395166 | low 0.6244621223117749 | high 0.6444612744785571
[2025-09-22 20:05:26.587] [info] runs 15299 | prob 0.6395189228054121 | low 0.6295193309960165 | high 0.6495185146148077
[2025-09-22 20:05:26.688] [info] runs 15298 | prob 0.6395607268924043 | low 0.6295610612979843 | high 0.6495603924868243
[2025-09-22 20:05:26.789] [info] runs 15395 | prob 0.6341669373173108 | low 0.6241669537450566 | high 0.644166920889565
[2025-09-22 20:05:26.889] [info] runs 15130 | prob 0.648314606741573 | low 0.6383146881748721 | high 0.658314525308274
[2025-09-22 20:05:26.989] [info] runs 15247 | prob 0.6422902866137601 | low 0.6322906388502014 | high 0.6522899343773187
[2025-09-22 20:05:27.089] [info] runs 15366 | prob 0.6358193414030977 | low 0.6258195543858303 | high 0.6458191284203652
[2025-09-22 20:05:27.189] [info] runs 15369 | prob 0.635695230659119 | low 0.6256956921233503 | high 0.6456947691948878
[2025-09-22 20:05:27.289] [info] runs 15391 | prob 0.6343967253589761 | low 0.6243967726915307 | high 0.6443966780264214
[2025-09-22 20:05:27.389] [info] runs 15230 | prob 0.643204202232436 | low 0.6332046579277971 | high 0.6532037465370749
[2025-09-22 20:05:27.489] [info] runs 15246 | prob 0.6423324150596877 | low 0.6323327003083064 | high 0.6523321298110691
[2025-09-22 20:05:27.589] [info] runs 15340 | prob 0.6372229465449805 | low 0.6272229744836421 | high 0.6472229186063189
[2025-09-22 20:05:27.590] [info] RESULT:
training_time, simulation_time, prob, low, high, runs
62, 36, 0.6358607224210869, 0.6258608527674899, 0.6458605920746839, 15365
62, 36, 0.6381493082746019, 0.6281496388736594, 0.6481489776755445, 15324
62, 36, 0.647241288278775, 0.6372416829658145, 0.6572408935917355, 15152
62, 36, 0.645590463017849, 0.63559050179891, 0.6555904242367879, 15183
62, 36, 0.6394117647058823, 0.6294118514852625, 0.6494116779265022, 15300
62, 37, 0.640911471974856, 0.6309115251872723, 0.6509114187624396, 15272
62, 36, 0.6379591570431266, 0.6279593297019952, 0.6479589843842579, 15327
63, 37, 0.6447792617935391, 0.6347794221035142, 0.6547791014835639, 15199
63, 37, 0.6453354401211403, 0.6353358333399272, 0.6553350469023534, 15189
63, 36, 0.6447368421052632, 0.6347370632769757, 0.6547366209335507, 15200
63, 37, 0.643204202232436, 0.6332046579277971, 0.6532037465370749, 15230
63, 37, 0.6401098901098901, 0.6301102873818303, 0.6501094928379498, 15288
63, 36, 0.6438194124991785, 0.6338194471517266, 0.6538193778466305, 15217
62, 37, 0.634461698395166, 0.6244621223117749, 0.6444612744785571, 15391
63, 36, 0.6395189228054121, 0.6295193309960165, 0.6495185146148077, 15299
63, 37, 0.6395607268924043, 0.6295610612979843, 0.6495603924868243, 15298
63, 37, 0.6341669373173108, 0.6241669537450566, 0.644166920889565, 15395
62, 36, 0.648314606741573, 0.6383146881748721, 0.658314525308274, 15130
63, 36, 0.6422902866137601, 0.6322906388502014, 0.6522899343773187, 15247
62, 36, 0.6358193414030977, 0.6258195543858303, 0.6458191284203652, 15366
63, 36, 0.635695230659119, 0.6256956921233503, 0.6456947691948878, 15369
63, 36, 0.6343967253589761, 0.6243967726915307, 0.6443966780264214, 15391
63, 36, 0.643204202232436, 0.6332046579277971, 0.6532037465370749, 15230
62, 36, 0.6423324150596877, 0.6323327003083064, 0.6523321298110691, 15246
63, 36, 0.6372229465449805, 0.6272229744836421, 0.6472229186063189, 15340
# timestamp 22.09.2025 20:02:32 (1758564152), datastructure reach_tree_reduced
# timebound 10, expirations {"r1": 0, "r2": 0}
# alpha 0.1, gamma 1
# fixed points 5, uniform granularity 1
# scheduler goal: MAXIMIZING, scope: PROPHETIC, history: MEMORYLESS
# training runs 20000

[2025-09-22 20:05:27.590] [info] 2.7 Simulating on reduced Reach Tree: 2504
[2025-09-22 20:05:27.679] [info] Analysis finished; the goal is not reachable.
[2025-09-22 20:05:27.679] [info] Probability: 0.0
[2025-09-22 20:05:27.679] [info] 2 Analysis: 174759
[2025-09-22 20:05:27.679] [info] 0 Computation Time Complete: 174759
[2025-09-22 20:05:27.679] [info] Counters and timers:
Counters:

Timers:
0 Computation Time Complete: 174759
1 Model creation: 0
2 Analysis: 174759
2.2 Reachability Analysis: 168457
2.3 Augment Reach Tree: 6
2.4 Creating Unified Datastructure from Reach Tree: 2
2.5 Simulating on full Reach Tree: 0
2.6 Pre-checking and Reduction: 3698
2.6.0 Labeling Reach Tree Nodes: 3698
2.6.1 Removing Unfulfilling Subtrees: 0
2.7 Simulating on reduced Reach Tree: 2504

timebound = 10, jump depth = 100, max expirations of random clocks = [{r1: 0}, {r2: 0}], combine absorbing locations in unrolling = 233, integration bound(s) = 10, integration samples = 500000, model = WATERTANK, model case = CASE_A, LTI analysis = rectangular analysis, scheduler = goal: MAXIMIZING, scope: PROPHETIC, history: HISTORY_DEPENDENT, multithreaded = 1, disableBackwardsRefinement = 0
simulating 0 runs after 1000000 training runs with parameters:
learning rate                 0.1
discount factor               1
exploration rate              0.15
uniform granularity           0.5
adaptive compartments         5


[2025-09-22 20:05:27.723] [warning] no flow specified for variable c1 in location all_off - assuming flow of 0
[2025-09-22 20:05:27.723] [warning] no flow specified for variable c1 in location v2_on - assuming flow of 0
[2025-09-22 20:05:27.723] [warning] no flow specified for variable c1 in location v1_block - assuming flow of 0
[2025-09-22 20:05:27.723] [warning] no flow specified for variable c1 in location v2_block - assuming flow of 0
[2025-09-22 20:05:27.723] [warning] no flow specified for variable c1 in location v1_block_v2_on - assuming flow of 0
[2025-09-22 20:05:27.723] [warning] no flow specified for variable c1 in location block_safe - assuming flow of 0
[2025-09-22 20:05:27.723] [warning] no flow specified for variable c1 in location block_unsafe - assuming flow of 0
[2025-09-22 20:05:27.723] [warning] no flow specified for variable c2 in location all_off - assuming flow of 0
[2025-09-22 20:05:27.723] [warning] no flow specified for variable c2 in location v1_on - assuming flow of 0
[2025-09-22 20:05:27.723] [warning] no flow specified for variable c2 in location v1_block - assuming flow of 0
[2025-09-22 20:05:27.723] [warning] no flow specified for variable c2 in location v2_block - assuming flow of 0
[2025-09-22 20:05:27.723] [warning] no flow specified for variable c2 in location v2_block_v1_on - assuming flow of 0
[2025-09-22 20:05:27.723] [warning] no flow specified for variable c2 in location block_safe - assuming flow of 0
[2025-09-22 20:05:27.723] [warning] no flow specified for variable c2 in location block_unsafe - assuming flow of 0
[2025-09-22 20:05:27.723] [warning] no constraints specified for variable c1 in initial constraint number 0 - assuming [0,0]
[2025-09-22 20:05:27.723] [warning] no constraints specified for variable c2 in initial constraint number 0 - assuming [0,0]
[2025-09-22 20:05:27.723] [info] 1 Model creation: 0
[2025-09-22 20:08:18.283] [info] 2.2 Reachability Analysis: 170560
[2025-09-22 20:08:18.290] [info] 2.3 Augment Reach Tree: 6
[2025-09-22 20:08:18.293] [info] 2.4 Creating Unified Datastructure from Reach Tree: 2
[2025-09-22 20:08:18.293] [info] 2.5 Simulating on full Reach Tree: 0
[2025-09-22 20:08:21.999] [info] 2.6.0 Labeling Reach Tree Nodes: 3705
[2025-09-22 20:08:21.999] [info] 2.6.1 Removing Unfulfilling Subtrees: 0
[2025-09-22 20:08:21.999] [info] 2.6 Pre-checking and Reduction: 3705
[2025-09-22 20:08:21.999] [info] node count before and after reduction 8282 6962
[2025-09-22 20:08:26.378] [info] runs 15026 | prob 0.6535338746173299 | low 0.6435341369310089 | high 0.6635336123036509
[2025-09-22 20:08:30.740] [info] runs 15094 | prob 0.6501921293229098 | low 0.6401926052952014 | high 0.6601916533506182
[2025-09-22 20:08:35.112] [info] runs 15120 | prob 0.6488095238095238 | low 0.6388095252792476 | high 0.6588095223398001
[2025-09-22 20:08:39.431] [info] runs 15048 | prob 0.6524455077086656 | low 0.6424457369700637 | high 0.6624452784472675
[2025-09-22 20:08:43.772] [info] runs 15074 | prob 0.6511874751227279 | low 0.6411879204781569 | high 0.6611870297672989
[2025-09-22 20:08:48.110] [info] runs 15000 | prob 0.6548 | low 0.6448002312217367 | high 0.6647997687782634
[2025-09-22 20:08:52.425] [info] runs 15104 | prob 0.6496292372881356 | low 0.6396293160182368 | high 0.6596291585580344
[2025-09-22 20:08:56.743] [info] runs 15045 | prob 0.652575606513792 | low 0.6425757139402205 | high 0.6625754990873635
[2025-09-22 20:09:01.053] [info] runs 15150 | prob 0.6473267326732673 | low 0.6373270185541912 | high 0.6573264467923435
[2025-09-22 20:09:05.355] [info] runs 14885 | prob 0.6603291904601948 | low 0.6503296325379024 | high 0.6703287483824871
[2025-09-22 20:09:09.683] [info] runs 14960 | prob 0.6567513368983957 | low 0.6467516829275332 | high 0.6667509908692583
[2025-09-22 20:09:14.001] [info] runs 15036 | prob 0.6530327214684757 | low 0.64303291876353 | high 0.6630325241734214
[2025-09-22 20:09:18.316] [info] runs 15027 | prob 0.6534903839755107 | low 0.6434906841865312 | high 0.6634900837644903
[2025-09-22 20:09:22.637] [info] runs 15133 | prob 0.6481860833939074 | low 0.6381863205287025 | high 0.6581858462591123
[2025-09-22 20:09:26.947] [info] runs 15186 | prob 0.6454629263795602 | low 0.6354631418975631 | high 0.6554627108615572
[2025-09-22 20:09:31.272] [info] runs 15127 | prob 0.6485092880280293 | low 0.6385096453324581 | high 0.6585089307236005
[2025-09-22 20:09:35.613] [info] runs 15012 | prob 0.6542099653610445 | low 0.6442101634956783 | high 0.6642097672264107
[2025-09-22 20:09:39.932] [info] runs 15113 | prob 0.649176205915437 | low 0.6391762903112689 | high 0.6591761215196051
[2025-09-22 20:09:44.253] [info] runs 15007 | prob 0.6544945692010395 | low 0.6444950439795922 | high 0.6644940944224869
[2025-09-22 20:09:48.568] [info] runs 15091 | prob 0.6503213836061229 | low 0.640321719687174 | high 0.6603210475250718
[2025-09-22 20:09:52.926] [info] runs 14875 | prob 0.6607731092436975 | low 0.6507733697153725 | high 0.6707728487720225
[2025-09-22 20:09:57.254] [info] runs 15070 | prob 0.6513603185136032 | low 0.6413605881587927 | high 0.6613600488684137
[2025-09-22 20:10:01.574] [info] runs 14999 | prob 0.6548436562437496 | low 0.644843853149934 | high 0.6648434593375653
[2025-09-22 20:10:05.921] [info] runs 15138 | prob 0.6479059320914256 | low 0.6379060025402327 | high 0.6579058616426184
[2025-09-22 20:10:10.233] [info] runs 15090 | prob 0.650364479787939 | low 0.6403647694654344 | high 0.6603641901104436
[2025-09-22 20:10:10.318] [info] RESULT:
training_time, simulation_time, prob, low, high, runs
4329, 49, 0.6535338746173299, 0.6435341369310089, 0.6635336123036509, 15026
4211, 49, 0.6501921293229098, 0.6401926052952014, 0.6601916533506182, 15094
4225, 50, 0.6488095238095238, 0.6388095252792476, 0.6588095223398001, 15120
4173, 48, 0.6524455077086656, 0.6424457369700637, 0.6624452784472675, 15048
4198, 48, 0.6511874751227279, 0.6411879204781569, 0.6611870297672989, 15074
4194, 48, 0.6548, 0.6448002312217367, 0.6647997687782634, 15000
4169, 49, 0.6496292372881356, 0.6396293160182368, 0.6596291585580344, 15104
4176, 49, 0.652575606513792, 0.6425757139402205, 0.6625754990873635, 15045
4170, 48, 0.6473267326732673, 0.6373270185541912, 0.6573264467923435, 15150
4164, 47, 0.6603291904601948, 0.6503296325379024, 0.6703287483824871, 14885
4185, 47, 0.6567513368983957, 0.6467516829275332, 0.6667509908692583, 14960
4177, 48, 0.6530327214684757, 0.64303291876353, 0.6630325241734214, 15036
4173, 48, 0.6534903839755107, 0.6434906841865312, 0.6634900837644903, 15027
4172, 49, 0.6481860833939074, 0.6381863205287025, 0.6581858462591123, 15133
4171, 48, 0.6454629263795602, 0.6354631418975631, 0.6554627108615572, 15186
4184, 49, 0.6485092880280293, 0.6385096453324581, 0.6585089307236005, 15127
4197, 48, 0.6542099653610445, 0.6442101634956783, 0.6642097672264107, 15012
4178, 48, 0.649176205915437, 0.6391762903112689, 0.6591761215196051, 15113
4179, 47, 0.6544945692010395, 0.6444950439795922, 0.6644940944224869, 15007
4181, 48, 0.6503213836061229, 0.640321719687174, 0.6603210475250718, 15091
4217, 47, 0.6607731092436975, 0.6507733697153725, 0.6707728487720225, 14875
4184, 47, 0.6513603185136032, 0.6413605881587927, 0.6613600488684137, 15070
4180, 47, 0.6548436562437496, 0.644843853149934, 0.6648434593375653, 14999
4203, 49, 0.6479059320914256, 0.6379060025402327, 0.6579058616426184, 15138
4176, 47, 0.650364479787939, 0.6403647694654344, 0.6603641901104436, 15090
# timestamp 22.09.2025 20:05:27 (1758564327), datastructure reach_tree_reduced
# timebound 10, expirations {"r1": 0, "r2": 0}
# alpha 0.1, gamma 1
# fixed points 5, uniform granularity 0.5
# scheduler goal: MAXIMIZING, scope: PROPHETIC, history: HISTORY_DEPENDENT
# training runs 1000000

[2025-09-22 20:10:10.318] [info] 2.7 Simulating on reduced Reach Tree: 108318
[2025-09-22 20:10:10.403] [info] Analysis finished; the goal is not reachable.
[2025-09-22 20:10:10.403] [info] Probability: 0.0
[2025-09-22 20:10:10.403] [info] 2 Analysis: 282680
[2025-09-22 20:10:10.403] [info] 0 Computation Time Complete: 282680
[2025-09-22 20:10:10.403] [info] Counters and timers:
Counters:

Timers:
0 Computation Time Complete: 282680
1 Model creation: 0
2 Analysis: 282680
2.2 Reachability Analysis: 170560
2.3 Augment Reach Tree: 6
2.4 Creating Unified Datastructure from Reach Tree: 2
2.5 Simulating on full Reach Tree: 0
2.6 Pre-checking and Reduction: 3705
2.6.0 Labeling Reach Tree Nodes: 3705
2.6.1 Removing Unfulfilling Subtrees: 0
2.7 Simulating on reduced Reach Tree: 108318

