timebound = 11, jump depth = 100, max expirations of random clocks = [{r1: 0}, {r2: 0}], combine absorbing locations in unrolling = 0, integration bound(s) = 11, integration samples = 500000, model = WATERTANK, model case = CASE_A, LTI analysis = rectangular analysis, scheduler = goal: MAXIMIZING, scope: PROPHETIC, history: HISTORY_DEPENDENT, multithreaded = 1, disableBackwardsRefinement = 0
simulating 0 runs after 5000 training runs with parameters:
learning rate                 0.1
discount factor               1
exploration rate              0.15
uniform granularity           1
adaptive compartments         5


[2025-10-01 18:53:59.458] [warning] no flow specified for variable c1 in location all_off - assuming flow of 0
[2025-10-01 18:53:59.459] [warning] no flow specified for variable c1 in location v2_on - assuming flow of 0
[2025-10-01 18:53:59.459] [warning] no flow specified for variable c1 in location v1_block - assuming flow of 0
[2025-10-01 18:53:59.459] [warning] no flow specified for variable c1 in location v2_block - assuming flow of 0
[2025-10-01 18:53:59.459] [warning] no flow specified for variable c1 in location v1_block_v2_on - assuming flow of 0
[2025-10-01 18:53:59.459] [warning] no flow specified for variable c1 in location block_safe - assuming flow of 0
[2025-10-01 18:53:59.459] [warning] no flow specified for variable c1 in location block_unsafe - assuming flow of 0
[2025-10-01 18:53:59.459] [warning] no flow specified for variable c2 in location all_off - assuming flow of 0
[2025-10-01 18:53:59.459] [warning] no flow specified for variable c2 in location v1_on - assuming flow of 0
[2025-10-01 18:53:59.459] [warning] no flow specified for variable c2 in location v1_block - assuming flow of 0
[2025-10-01 18:53:59.459] [warning] no flow specified for variable c2 in location v2_block - assuming flow of 0
[2025-10-01 18:53:59.459] [warning] no flow specified for variable c2 in location v2_block_v1_on - assuming flow of 0
[2025-10-01 18:53:59.459] [warning] no flow specified for variable c2 in location block_safe - assuming flow of 0
[2025-10-01 18:53:59.459] [warning] no flow specified for variable c2 in location block_unsafe - assuming flow of 0
[2025-10-01 18:53:59.459] [warning] no constraints specified for variable c1 in initial constraint number 0 - assuming [0,0]
[2025-10-01 18:53:59.459] [warning] no constraints specified for variable c2 in initial constraint number 0 - assuming [0,0]
[2025-10-01 18:53:59.459] [info] 1 Model creation: 0
[2025-10-01 18:54:16.755] [info] 2.2 Reachability Analysis: 17296
[2025-10-01 18:54:16.756] [info] 2.3 Augment Reach Tree: 0
[2025-10-01 18:54:16.757] [info] 2.4 Creating Unified Datastructure from Reach Tree: 0
[2025-10-01 18:54:16.757] [info] 2.5 Simulating on full Reach Tree: 0
[2025-10-01 18:54:16.983] [info] 2.6.0 Labeling Reach Tree Nodes: 226
[2025-10-01 18:54:16.983] [info] 2.6.1 Removing Unfulfilling Subtrees: 0
[2025-10-01 18:54:16.983] [info] 2.6 Pre-checking and Reduction: 226
[2025-10-01 18:54:16.983] [info] node count before and after reduction 890 806
[2025-10-01 18:54:17.026] [info] runs 12896 | prob 0.7359646401985112 | low 0.7259651498208486 | high 0.7459641305761737
[2025-10-01 18:54:17.070] [info] runs 12985 | prob 0.733076626877166 | low 0.7230767910423349 | high 0.7430764627119971
[2025-10-01 18:54:17.113] [info] runs 12688 | prob 0.7425126103404792 | low 0.7325130898915492 | high 0.7525121307894093
[2025-10-01 18:54:17.156] [info] runs 12863 | prob 0.7369975899867838 | low 0.7269978750014519 | high 0.7469973049721157
[2025-10-01 18:54:17.199] [info] runs 12767 | prob 0.7400328973133861 | low 0.7300332164553108 | high 0.7500325781714613
[2025-10-01 18:54:17.241] [info] runs 12615 | prob 0.7447483154974237 | low 0.7347485157173146 | high 0.7547481152775328
[2025-10-01 18:54:17.284] [info] runs 12784 | prob 0.7395181476846058 | low 0.7295187087750146 | high 0.749517586594197
[2025-10-01 18:54:17.328] [info] runs 12844 | prob 0.7376206789162255 | low 0.7276212072539565 | high 0.7476201505784945
[2025-10-01 18:54:17.371] [info] runs 12922 | prob 0.7351029252437703 | low 0.7251030715250683 | high 0.7451027789624723
[2025-10-01 18:54:17.414] [info] runs 12691 | prob 0.7424158852730282 | low 0.7324163203884911 | high 0.7524154501575652
[2025-10-01 18:54:17.457] [info] runs 12784 | prob 0.7395181476846058 | low 0.7295187087750146 | high 0.749517586594197
[2025-10-01 18:54:17.500] [info] runs 12930 | prob 0.7348801237432327 | low 0.724880676554816 | high 0.7448795709316495
[2025-10-01 18:54:17.544] [info] runs 13103 | prob 0.7292223155002671 | low 0.7192223869162596 | high 0.7392222440842745
[2025-10-01 18:54:17.587] [info] runs 12740 | prob 0.740894819466248 | low 0.7308953381814939 | high 0.7508943007510022
[2025-10-01 18:54:17.640] [info] runs 15139 | prob 0.6478631349494682 | low 0.6378632582505905 | high 0.6578630116483459
[2025-10-01 18:54:17.683] [info] runs 12906 | prob 0.7356268402293507 | low 0.7256271282217243 | high 0.745626552236977
[2025-10-01 18:54:17.727] [info] runs 13111 | prob 0.7290061780184578 | low 0.7190067939538816 | high 0.739005562083034
[2025-10-01 18:54:17.770] [info] runs 12888 | prob 0.7361887026691496 | low 0.7261888324396489 | high 0.7461885728986503
[2025-10-01 18:54:17.813] [info] runs 12724 | prob 0.7413549198365293 | low 0.7313549376492811 | high 0.7513549020237776
[2025-10-01 18:54:17.856] [info] runs 12925 | prob 0.7350096711798839 | low 0.7250098525851612 | high 0.7450094897746067
[2025-10-01 18:54:17.900] [info] runs 12947 | prob 0.7343013825596664 | low 0.7243015413233514 | high 0.7443012237959813
[2025-10-01 18:54:17.944] [info] runs 12916 | prob 0.735289563332301 | low 0.725289642228449 | high 0.745289484436153
[2025-10-01 18:54:17.987] [info] runs 12887 | prob 0.7362458291301311 | low 0.7262462657779536 | high 0.7462453924823087
[2025-10-01 18:54:18.030] [info] runs 12956 | prob 0.7340228465575795 | low 0.7240231379522637 | high 0.7440225551628954
[2025-10-01 18:54:18.074] [info] runs 12888 | prob 0.7361887026691496 | low 0.7261888324396489 | high 0.7461885728986503
[2025-10-01 18:54:18.074] [info] RESULT:
training_time, simulation_time, prob, low, high, runs
14, 28, 0.7359646401985112, 0.7259651498208486, 0.7459641305761737, 12896
14, 28, 0.733076626877166, 0.7230767910423349, 0.7430764627119971, 12985
14, 27, 0.7425126103404792, 0.7325130898915492, 0.7525121307894093, 12688
14, 28, 0.7369975899867838, 0.7269978750014519, 0.7469973049721157, 12863
14, 28, 0.7400328973133861, 0.7300332164553108, 0.7500325781714613, 12767
14, 27, 0.7447483154974237, 0.7347485157173146, 0.7547481152775328, 12615
14, 28, 0.7395181476846058, 0.7295187087750146, 0.749517586594197, 12784
14, 28, 0.7376206789162255, 0.7276212072539565, 0.7476201505784945, 12844
14, 28, 0.7351029252437703, 0.7251030715250683, 0.7451027789624723, 12922
14, 27, 0.7424158852730282, 0.7324163203884911, 0.7524154501575652, 12691
14, 28, 0.7395181476846058, 0.7295187087750146, 0.749517586594197, 12784
14, 28, 0.7348801237432327, 0.724880676554816, 0.7448795709316495, 12930
14, 29, 0.7292223155002671, 0.7192223869162596, 0.7392222440842745, 13103
14, 28, 0.740894819466248, 0.7308953381814939, 0.7508943007510022, 12740
14, 37, 0.6478631349494682, 0.6378632582505905, 0.6578630116483459, 15139
14, 28, 0.7356268402293507, 0.7256271282217243, 0.745626552236977, 12906
14, 29, 0.7290061780184578, 0.7190067939538816, 0.739005562083034, 13111
14, 28, 0.7361887026691496, 0.7261888324396489, 0.7461885728986503, 12888
14, 28, 0.7413549198365293, 0.7313549376492811, 0.7513549020237776, 12724
14, 28, 0.7350096711798839, 0.7250098525851612, 0.7450094897746067, 12925
14, 28, 0.7343013825596664, 0.7243015413233514, 0.7443012237959813, 12947
14, 28, 0.735289563332301, 0.725289642228449, 0.745289484436153, 12916
14, 28, 0.7362458291301311, 0.7262462657779536, 0.7462453924823087, 12887
14, 28, 0.7340228465575795, 0.7240231379522637, 0.7440225551628954, 12956
14, 28, 0.7361887026691496, 0.7261888324396489, 0.7461885728986503, 12888
# timestamp 01.10.2025 18:53:59 (1759337639), datastructure reach_tree_reduced
# timebound 11, expirations {"r1": 0, "r2": 0}
# alpha 0.1, gamma 1
# fixed points 5, uniform granularity 1
# scheduler goal: MAXIMIZING, scope: NONPROPHETIC, history: DISCRETE_HISTORY
# training runs 5000

[2025-10-01 18:54:18.115] [info] runs 13149 | prob 0.7277359495018633 | low 0.7177363740609822 | high 0.7377355249427443
[2025-10-01 18:54:18.155] [info] runs 12891 | prob 0.736094949965092 | low 0.7260951036836072 | high 0.7460947962465767
[2025-10-01 18:54:18.196] [info] runs 12976 | prob 0.7333538840937115 | low 0.7233538870993639 | high 0.7433538810880591
[2025-10-01 18:54:18.236] [info] runs 13108 | prob 0.7290967348184315 | low 0.7190972565987506 | high 0.7390962130381125
[2025-10-01 18:54:18.277] [info] runs 12863 | prob 0.7369975899867838 | low 0.7269978750014519 | high 0.7469973049721157
[2025-10-01 18:54:18.317] [info] runs 13011 | prob 0.7322265775113366 | low 0.7222266466079521 | high 0.742226508414721
[2025-10-01 18:54:18.357] [info] runs 12913 | prob 0.7353829474173313 | low 0.7253829940555964 | high 0.7453829007790663
[2025-10-01 18:54:18.397] [info] runs 12888 | prob 0.7361887026691496 | low 0.7261888324396489 | high 0.7461885728986503
[2025-10-01 18:54:18.437] [info] runs 12778 | prob 0.7397088746282673 | low 0.7297094614958799 | high 0.7497082877606547
[2025-10-01 18:54:18.477] [info] runs 12601 | prob 0.7451789540512658 | low 0.7351791545985391 | high 0.7551787535039924
[2025-10-01 18:54:18.518] [info] runs 12927 | prob 0.7349733116732421 | low 0.724973828041413 | high 0.7449727953050712
[2025-10-01 18:54:18.557] [info] runs 12637 | prob 0.7440848302603466 | low 0.7340852192447885 | high 0.7540844412759046
[2025-10-01 18:54:18.598] [info] runs 12821 | prob 0.738319943842134 | low 0.7283201160572796 | high 0.7483197716269883
[2025-10-01 18:54:18.638] [info] runs 12885 | prob 0.7362824990298797 | low 0.7262826058251807 | high 0.7462823922345788
[2025-10-01 18:54:18.679] [info] runs 12902 | prob 0.7357773988528911 | low 0.7257779619710176 | high 0.7457768357347645
[2025-10-01 18:54:18.720] [info] runs 12963 | prob 0.7337807606263982 | low 0.7237808532453248 | high 0.7437806680074716
[2025-10-01 18:54:18.760] [info] runs 12762 | prob 0.7401661181632972 | low 0.7301661416538359 | high 0.7501660946727586
[2025-10-01 18:54:18.800] [info] runs 12773 | prob 0.7398418539105927 | low 0.7298421402256215 | high 0.7498415675955638
[2025-10-01 18:54:18.841] [info] runs 13043 | prob 0.7311968105497202 | low 0.7211970070857406 | high 0.7411966140136997
[2025-10-01 18:54:18.881] [info] runs 12936 | prob 0.7346938775510204 | low 0.7246945060967669 | high 0.744693249005274
[2025-10-01 18:54:18.922] [info] runs 12839 | prob 0.7377521613832853 | low 0.7277523579464933 | high 0.7477519648200772
[2025-10-01 18:54:18.962] [info] runs 13039 | prob 0.7313444282537004 | low 0.7213448284222305 | high 0.7413440280851703
[2025-10-01 18:54:19.003] [info] runs 13059 | prob 0.7306838195880235 | low 0.7206841220017047 | high 0.7406835171743423
[2025-10-01 18:54:19.043] [info] runs 12812 | prob 0.7386044333437403 | low 0.7286046070143537 | high 0.7486042596731268
[2025-10-01 18:54:19.083] [info] runs 12879 | prob 0.7364702228433885 | low 0.7264702866134568 | high 0.7464701590733201
[2025-10-01 18:54:19.083] [info] RESULT:
training_time, simulation_time, prob, low, high, runs
13, 27, 0.7277359495018633, 0.7177363740609822, 0.7377355249427443, 13149
13, 26, 0.736094949965092, 0.7260951036836072, 0.7460947962465767, 12891
13, 26, 0.7333538840937115, 0.7233538870993639, 0.7433538810880591, 12976
13, 27, 0.7290967348184315, 0.7190972565987506, 0.7390962130381125, 13108
13, 26, 0.7369975899867838, 0.7269978750014519, 0.7469973049721157, 12863
13, 26, 0.7322265775113366, 0.7222266466079521, 0.742226508414721, 13011
13, 26, 0.7353829474173313, 0.7253829940555964, 0.7453829007790663, 12913
13, 26, 0.7361887026691496, 0.7261888324396489, 0.7461885728986503, 12888
13, 26, 0.7397088746282673, 0.7297094614958799, 0.7497082877606547, 12778
13, 26, 0.7451789540512658, 0.7351791545985391, 0.7551787535039924, 12601
13, 26, 0.7349733116732421, 0.724973828041413, 0.7449727953050712, 12927
13, 26, 0.7440848302603466, 0.7340852192447885, 0.7540844412759046, 12637
13, 26, 0.738319943842134, 0.7283201160572796, 0.7483197716269883, 12821
13, 26, 0.7362824990298797, 0.7262826058251807, 0.7462823922345788, 12885
13, 27, 0.7357773988528911, 0.7257779619710176, 0.7457768357347645, 12902
13, 27, 0.7337807606263982, 0.7237808532453248, 0.7437806680074716, 12963
13, 26, 0.7401661181632972, 0.7301661416538359, 0.7501660946727586, 12762
13, 26, 0.7398418539105927, 0.7298421402256215, 0.7498415675955638, 12773
13, 27, 0.7311968105497202, 0.7211970070857406, 0.7411966140136997, 13043
13, 26, 0.7346938775510204, 0.7246945060967669, 0.744693249005274, 12936
13, 26, 0.7377521613832853, 0.7277523579464933, 0.7477519648200772, 12839
13, 27, 0.7313444282537004, 0.7213448284222305, 0.7413440280851703, 13039
13, 27, 0.7306838195880235, 0.7206841220017047, 0.7406835171743423, 13059
13, 26, 0.7386044333437403, 0.7286046070143537, 0.7486042596731268, 12812
13, 26, 0.7364702228433885, 0.7264702866134568, 0.7464701590733201, 12879
# timestamp 01.10.2025 18:53:59 (1759337639), datastructure reach_tree_reduced
# timebound 11, expirations {"r1": 0, "r2": 0}
# alpha 0.1, gamma 1
# fixed points 5, uniform granularity 1
# scheduler goal: MAXIMIZING, scope: NONPROPHETIC, history: MEMORYLESS
# training runs 5000

[2025-10-01 18:54:19.084] [info] 2.7 Simulating on reduced Reach Tree: 2100
[2025-10-01 18:54:19.095] [info] Analysis finished; the goal is not reachable.
[2025-10-01 18:54:19.095] [info] Probability: 0.0
[2025-10-01 18:54:19.095] [info] 2 Analysis: 19636
[2025-10-01 18:54:19.095] [info] 0 Computation Time Complete: 19636
[2025-10-01 18:54:19.095] [info] Counters and timers:
Counters:

Timers:
0 Computation Time Complete: 19636
1 Model creation: 0
2 Analysis: 19636
2.2 Reachability Analysis: 17296
2.3 Augment Reach Tree: 0
2.4 Creating Unified Datastructure from Reach Tree: 0
2.5 Simulating on full Reach Tree: 0
2.6 Pre-checking and Reduction: 226
2.6.0 Labeling Reach Tree Nodes: 226
2.6.1 Removing Unfulfilling Subtrees: 0
2.7 Simulating on reduced Reach Tree: 2100

timebound = 11, jump depth = 100, max expirations of random clocks = [{r1: 0}, {r2: 0}], combine absorbing locations in unrolling = 183, integration bound(s) = 11, integration samples = 500000, model = WATERTANK, model case = CASE_A, LTI analysis = rectangular analysis, scheduler = goal: MAXIMIZING, scope: PROPHETIC, history: HISTORY_DEPENDENT, multithreaded = 1, disableBackwardsRefinement = 0
simulating 0 runs after 20000 training runs with parameters:
learning rate                 0.1
discount factor               1
exploration rate              0.15
uniform granularity           1
adaptive compartments         5


[2025-10-01 18:54:19.134] [warning] no flow specified for variable c1 in location all_off - assuming flow of 0
[2025-10-01 18:54:19.134] [warning] no flow specified for variable c1 in location v2_on - assuming flow of 0
[2025-10-01 18:54:19.134] [warning] no flow specified for variable c1 in location v1_block - assuming flow of 0
[2025-10-01 18:54:19.134] [warning] no flow specified for variable c1 in location v2_block - assuming flow of 0
[2025-10-01 18:54:19.134] [warning] no flow specified for variable c1 in location v1_block_v2_on - assuming flow of 0
[2025-10-01 18:54:19.134] [warning] no flow specified for variable c1 in location block_safe - assuming flow of 0
[2025-10-01 18:54:19.134] [warning] no flow specified for variable c1 in location block_unsafe - assuming flow of 0
[2025-10-01 18:54:19.134] [warning] no flow specified for variable c2 in location all_off - assuming flow of 0
[2025-10-01 18:54:19.134] [warning] no flow specified for variable c2 in location v1_on - assuming flow of 0
[2025-10-01 18:54:19.134] [warning] no flow specified for variable c2 in location v1_block - assuming flow of 0
[2025-10-01 18:54:19.134] [warning] no flow specified for variable c2 in location v2_block - assuming flow of 0
[2025-10-01 18:54:19.134] [warning] no flow specified for variable c2 in location v2_block_v1_on - assuming flow of 0
[2025-10-01 18:54:19.134] [warning] no flow specified for variable c2 in location block_safe - assuming flow of 0
[2025-10-01 18:54:19.134] [warning] no flow specified for variable c2 in location block_unsafe - assuming flow of 0
[2025-10-01 18:54:19.135] [warning] no constraints specified for variable c1 in initial constraint number 0 - assuming [0,0]
[2025-10-01 18:54:19.135] [warning] no constraints specified for variable c2 in initial constraint number 0 - assuming [0,0]
[2025-10-01 18:54:19.135] [info] 1 Model creation: 0
[2025-10-01 18:54:36.560] [info] 2.2 Reachability Analysis: 17425
[2025-10-01 18:54:36.561] [info] 2.3 Augment Reach Tree: 0
[2025-10-01 18:54:36.561] [info] 2.4 Creating Unified Datastructure from Reach Tree: 0
[2025-10-01 18:54:36.561] [info] 2.5 Simulating on full Reach Tree: 0
[2025-10-01 18:54:36.790] [info] 2.6.0 Labeling Reach Tree Nodes: 228
[2025-10-01 18:54:36.790] [info] 2.6.1 Removing Unfulfilling Subtrees: 0
[2025-10-01 18:54:36.790] [info] 2.6 Pre-checking and Reduction: 228
[2025-10-01 18:54:36.790] [info] node count before and after reduction 890 806
[2025-10-01 18:54:36.891] [info] runs 12711 | prob 0.741798442294076 | low 0.7317989399432323 | high 0.7517979446449197
[2025-10-01 18:54:36.992] [info] runs 12586 | prob 0.7456697918321945 | low 0.7356703848886569 | high 0.7556691987757321
[2025-10-01 18:54:37.093] [info] runs 12289 | prob 0.7545772642200341 | low 0.7445773369620962 | high 0.7645771914779721
[2025-10-01 18:54:37.195] [info] runs 12978 | prob 0.733317922638311 | low 0.7233182671392531 | high 0.7433175781373689
[2025-10-01 18:54:37.296] [info] runs 12841 | prob 0.73771513122031 | low 0.7277156515957484 | high 0.7477146108448716
[2025-10-01 18:54:37.397] [info] runs 12824 | prob 0.7382252027448534 | low 0.728225376499838 | high 0.7482250289898688
[2025-10-01 18:54:37.498] [info] runs 12829 | prob 0.7380933821809962 | low 0.7280938807253028 | high 0.7480928836366896
[2025-10-01 18:54:37.599] [info] runs 12603 | prob 0.7451400460207886 | low 0.7351405377746012 | high 0.7551395542669761
[2025-10-01 18:54:37.700] [info] runs 12731 | prob 0.7411829392820674 | low 0.7311835435301126 | high 0.7511823350340221
[2025-10-01 18:54:37.802] [info] runs 12652 | prob 0.74359785014227 | low 0.7335979385390918 | high 0.7535977617454481
[2025-10-01 18:54:37.903] [info] runs 12857 | prob 0.7371859687329859 | low 0.7271862256774375 | high 0.7471857117885343
[2025-10-01 18:54:38.004] [info] runs 12675 | prob 0.742879684418146 | low 0.7328797002638339 | high 0.7528796685724581
[2025-10-01 18:54:38.106] [info] runs 12793 | prob 0.7392323927147659 | low 0.7292329228856942 | high 0.7492318625438377
[2025-10-01 18:54:38.208] [info] runs 12691 | prob 0.7424158852730282 | low 0.7324163203884911 | high 0.7524154501575652
[2025-10-01 18:54:38.310] [info] runs 12758 | prob 0.7403197993415896 | low 0.7303201755530617 | high 0.7503194231301176
[2025-10-01 18:54:38.411] [info] runs 12928 | prob 0.7349164603960396 | low 0.7249166778773791 | high 0.7449162429147002
[2025-10-01 18:54:38.513] [info] runs 13069 | prob 0.730354273471574 | low 0.7203545442984806 | high 0.7403540026446674
[2025-10-01 18:54:38.615] [info] runs 12941 | prob 0.7344872884630245 | low 0.7244873635026327 | high 0.7444872134234163
[2025-10-01 18:54:38.717] [info] runs 12793 | prob 0.7392323927147659 | low 0.7292329228856942 | high 0.7492318625438377
[2025-10-01 18:54:38.817] [info] runs 12427 | prob 0.7504627021807355 | low 0.7404628173125171 | high 0.760462587048954
[2025-10-01 18:54:38.918] [info] runs 12711 | prob 0.741798442294076 | low 0.7317989399432323 | high 0.7517979446449197
[2025-10-01 18:54:39.019] [info] runs 12518 | prob 0.7477232784789902 | low 0.73772356802333 | high 0.7577229889346505
[2025-10-01 18:54:39.119] [info] runs 12385 | prob 0.7517157852240614 | low 0.7417158026580374 | high 0.7617157677900853
[2025-10-01 18:54:39.221] [info] runs 13118 | prob 0.7287696295166947 | low 0.7187701743659982 | high 0.7387690846673911
[2025-10-01 18:54:39.324] [info] runs 13243 | prob 0.7246092275164238 | low 0.7146097043378166 | high 0.734608750695031
[2025-10-01 18:54:39.325] [info] RESULT:
training_time, simulation_time, prob, low, high, runs
67, 33, 0.741798442294076, 0.7317989399432323, 0.7517979446449197, 12711
68, 32, 0.7456697918321945, 0.7356703848886569, 0.7556691987757321, 12586
68, 32, 0.7545772642200341, 0.7445773369620962, 0.7645771914779721, 12289
67, 33, 0.733317922638311, 0.7233182671392531, 0.7433175781373689, 12978
67, 33, 0.73771513122031, 0.7277156515957484, 0.7477146108448716, 12841
68, 33, 0.7382252027448534, 0.728225376499838, 0.7482250289898688, 12824
67, 33, 0.7380933821809962, 0.7280938807253028, 0.7480928836366896, 12829
68, 32, 0.7451400460207886, 0.7351405377746012, 0.7551395542669761, 12603
67, 33, 0.7411829392820674, 0.7311835435301126, 0.7511823350340221, 12731
67, 33, 0.74359785014227, 0.7335979385390918, 0.7535977617454481, 12652
67, 33, 0.7371859687329859, 0.7271862256774375, 0.7471857117885343, 12857
67, 33, 0.742879684418146, 0.7328797002638339, 0.7528796685724581, 12675
68, 33, 0.7392323927147659, 0.7292329228856942, 0.7492318625438377, 12793
68, 33, 0.7424158852730282, 0.7324163203884911, 0.7524154501575652, 12691
68, 33, 0.7403197993415896, 0.7303201755530617, 0.7503194231301176, 12758
67, 33, 0.7349164603960396, 0.7249166778773791, 0.7449162429147002, 12928
67, 33, 0.730354273471574, 0.7203545442984806, 0.7403540026446674, 13069
67, 33, 0.7344872884630245, 0.7244873635026327, 0.7444872134234163, 12941
67, 33, 0.7392323927147659, 0.7292329228856942, 0.7492318625438377, 12793
67, 32, 0.7504627021807355, 0.7404628173125171, 0.760462587048954, 12427
68, 32, 0.741798442294076, 0.7317989399432323, 0.7517979446449197, 12711
67, 32, 0.7477232784789902, 0.73772356802333, 0.7577229889346505, 12518
68, 32, 0.7517157852240614, 0.7417158026580374, 0.7617157677900853, 12385
67, 34, 0.7287696295166947, 0.7187701743659982, 0.7387690846673911, 13118
67, 34, 0.7246092275164238, 0.7146097043378166, 0.734608750695031, 13243
# timestamp 01.10.2025 18:54:19 (1759337659), datastructure reach_tree_reduced
# timebound 11, expirations {"r1": 0, "r2": 0}
# alpha 0.1, gamma 1
# fixed points 5, uniform granularity 1
# scheduler goal: MAXIMIZING, scope: PROPHETIC, history: MEMORYLESS
# training runs 20000

[2025-10-01 18:54:39.325] [info] 2.7 Simulating on reduced Reach Tree: 2534
[2025-10-01 18:54:39.333] [info] Analysis finished; the goal is not reachable.
[2025-10-01 18:54:39.333] [info] Probability: 0.0
[2025-10-01 18:54:39.333] [info] 2 Analysis: 20198
[2025-10-01 18:54:39.333] [info] 0 Computation Time Complete: 20198
[2025-10-01 18:54:39.333] [info] Counters and timers:
Counters:

Timers:
0 Computation Time Complete: 20198
1 Model creation: 0
2 Analysis: 20198
2.2 Reachability Analysis: 17425
2.3 Augment Reach Tree: 0
2.4 Creating Unified Datastructure from Reach Tree: 0
2.5 Simulating on full Reach Tree: 0
2.6 Pre-checking and Reduction: 228
2.6.0 Labeling Reach Tree Nodes: 228
2.6.1 Removing Unfulfilling Subtrees: 0
2.7 Simulating on reduced Reach Tree: 2534

timebound = 11, jump depth = 100, max expirations of random clocks = [{r1: 0}, {r2: 0}], combine absorbing locations in unrolling = 163, integration bound(s) = 11, integration samples = 500000, model = WATERTANK, model case = CASE_A, LTI analysis = rectangular analysis, scheduler = goal: MAXIMIZING, scope: PROPHETIC, history: HISTORY_DEPENDENT, multithreaded = 1, disableBackwardsRefinement = 0
simulating 0 runs after 1000000 training runs with parameters:
learning rate                 0.1
discount factor               1
exploration rate              0.15
uniform granularity           0.5
adaptive compartments         5


[2025-10-01 18:54:39.371] [warning] no flow specified for variable c1 in location all_off - assuming flow of 0
[2025-10-01 18:54:39.371] [warning] no flow specified for variable c1 in location v2_on - assuming flow of 0
[2025-10-01 18:54:39.371] [warning] no flow specified for variable c1 in location v1_block - assuming flow of 0
[2025-10-01 18:54:39.371] [warning] no flow specified for variable c1 in location v2_block - assuming flow of 0
[2025-10-01 18:54:39.371] [warning] no flow specified for variable c1 in location v1_block_v2_on - assuming flow of 0
[2025-10-01 18:54:39.371] [warning] no flow specified for variable c1 in location block_safe - assuming flow of 0
[2025-10-01 18:54:39.371] [warning] no flow specified for variable c1 in location block_unsafe - assuming flow of 0
[2025-10-01 18:54:39.371] [warning] no flow specified for variable c2 in location all_off - assuming flow of 0
[2025-10-01 18:54:39.371] [warning] no flow specified for variable c2 in location v1_on - assuming flow of 0
[2025-10-01 18:54:39.371] [warning] no flow specified for variable c2 in location v1_block - assuming flow of 0
[2025-10-01 18:54:39.371] [warning] no flow specified for variable c2 in location v2_block - assuming flow of 0
[2025-10-01 18:54:39.371] [warning] no flow specified for variable c2 in location v2_block_v1_on - assuming flow of 0
[2025-10-01 18:54:39.371] [warning] no flow specified for variable c2 in location block_safe - assuming flow of 0
[2025-10-01 18:54:39.371] [warning] no flow specified for variable c2 in location block_unsafe - assuming flow of 0
[2025-10-01 18:54:39.371] [warning] no constraints specified for variable c1 in initial constraint number 0 - assuming [0,0]
[2025-10-01 18:54:39.371] [warning] no constraints specified for variable c2 in initial constraint number 0 - assuming [0,0]
[2025-10-01 18:54:39.371] [info] 1 Model creation: 0
[2025-10-01 18:54:56.458] [info] 2.2 Reachability Analysis: 17086
[2025-10-01 18:54:56.459] [info] 2.3 Augment Reach Tree: 0
[2025-10-01 18:54:56.459] [info] 2.4 Creating Unified Datastructure from Reach Tree: 0
[2025-10-01 18:54:56.459] [info] 2.5 Simulating on full Reach Tree: 0
[2025-10-01 18:54:56.686] [info] 2.6.0 Labeling Reach Tree Nodes: 227
[2025-10-01 18:54:56.686] [info] 2.6.1 Removing Unfulfilling Subtrees: 0
[2025-10-01 18:54:56.686] [info] 2.6 Pre-checking and Reduction: 227
[2025-10-01 18:54:56.686] [info] node count before and after reduction 890 806
[2025-10-01 18:55:00.955] [info] runs 11425 | prob 0.7789934354485777 | low 0.7689937292512472 | high 0.7889931416459082
[2025-10-01 18:55:05.274] [info] runs 11596 | prob 0.7743187305967575 | low 0.7643187445098143 | high 0.7843187166837007
[2025-10-01 18:55:09.591] [info] runs 11431 | prob 0.7788469950135596 | low 0.7688475420224807 | high 0.7888464480046384
[2025-10-01 18:55:13.893] [info] runs 11318 | prob 0.7818519172998764 | low 0.7718519410900204 | high 0.7918518935097323
[2025-10-01 18:55:18.196] [info] runs 11496 | prob 0.7770528879610299 | low 0.7670529179847362 | high 0.7870528579373236
[2025-10-01 18:55:22.500] [info] runs 11313 | prob 0.7820206841686556 | low 0.7720212890909149 | high 0.7920200792463962
[2025-10-01 18:55:26.806] [info] runs 11357 | prob 0.7808400105661707 | low 0.7708405698360847 | high 0.7908394512962567
[2025-10-01 18:55:31.098] [info] runs 11353 | prob 0.7809389588654981 | low 0.7709393811962038 | high 0.7909385365347925
[2025-10-01 18:55:35.393] [info] runs 11307 | prob 0.7821703369594056 | low 0.7721707665364158 | high 0.7921699073823955
[2025-10-01 18:55:39.689] [info] runs 11519 | prob 0.7764562896084729 | low 0.7664567914850106 | high 0.7864557877319353
[2025-10-01 18:55:43.971] [info] runs 11863 | prob 0.7669223636516901 | low 0.7569229485567663 | high 0.7769217787466138
[2025-10-01 18:55:48.251] [info] runs 11606 | prob 0.7740823711873169 | low 0.7640829876935589 | high 0.784081754681075
[2025-10-01 18:55:52.564] [info] runs 11571 | prob 0.7750410509031199 | low 0.7650416402978601 | high 0.7850404615083797
[2025-10-01 18:55:56.844] [info] runs 11274 | prob 0.783040624445627 | low 0.773040896111139 | high 0.7930403527801151
[2025-10-01 18:56:01.147] [info] runs 11580 | prob 0.7747841105354059 | low 0.7647845377574493 | high 0.7847836833133625
[2025-10-01 18:56:05.435] [info] runs 11472 | prob 0.7777196652719666 | low 0.7677199334994548 | high 0.7877193970444784
[2025-10-01 18:56:09.734] [info] runs 11468 | prob 0.7778165329612836 | low 0.7678166142123699 | high 0.7878164517101973
[2025-10-01 18:56:14.048] [info] runs 11650 | prob 0.7728755364806867 | low 0.7628762356653407 | high 0.7828748372960328
[2025-10-01 18:56:18.318] [info] runs 11537 | prob 0.7759382855161654 | low 0.765938358502835 | high 0.7859382125294958
[2025-10-01 18:56:22.601] [info] runs 11576 | prob 0.7748790601243953 | low 0.7648792556411637 | high 0.784878864607627
[2025-10-01 18:56:26.875] [info] runs 11255 | prob 0.7835628609506886 | low 0.7735634153295419 | high 0.7935623065718354
[2025-10-01 18:56:31.154] [info] runs 11660 | prob 0.7725557461406518 | low 0.7625557695884635 | high 0.7825557226928401
[2025-10-01 18:56:35.419] [info] runs 11436 | prob 0.7786813571178733 | low 0.7686814106957164 | high 0.7886813035400303
[2025-10-01 18:56:39.686] [info] runs 11506 | prob 0.7768120980358074 | low 0.766812627869301 | high 0.7868115682023138
[2025-10-01 18:56:43.984] [info] runs 11387 | prob 0.7800122947220515 | low 0.7700124990229665 | high 0.7900120904211364
[2025-10-01 18:56:44.071] [info] RESULT:
training_time, simulation_time, prob, low, high, runs
4232, 36, 0.7789934354485777, 0.7689937292512472, 0.7889931416459082, 11425
4190, 36, 0.7743187305967575, 0.7643187445098143, 0.7843187166837007, 11596
4191, 35, 0.7788469950135596, 0.7688475420224807, 0.7888464480046384, 11431
4175, 35, 0.7818519172998764, 0.7718519410900204, 0.7918518935097323, 11318
4181, 36, 0.7770528879610299, 0.7670529179847362, 0.7870528579373236, 11496
4181, 35, 0.7820206841686556, 0.7720212890909149, 0.7920200792463962, 11313
4177, 35, 0.7808400105661707, 0.7708405698360847, 0.7908394512962567, 11357
4165, 34, 0.7809389588654981, 0.7709393811962038, 0.7909385365347925, 11353
4170, 35, 0.7821703369594056, 0.7721707665364158, 0.7921699073823955, 11307
4169, 36, 0.7764562896084729, 0.7664567914850106, 0.7864557877319353, 11519
4155, 37, 0.7669223636516901, 0.7569229485567663, 0.7769217787466138, 11863
4154, 36, 0.7740823711873169, 0.7640829876935589, 0.784081754681075, 11606
4184, 36, 0.7750410509031199, 0.7650416402978601, 0.7850404615083797, 11571
4155, 35, 0.783040624445627, 0.773040896111139, 0.7930403527801151, 11274
4175, 36, 0.7747841105354059, 0.7647845377574493, 0.7847836833133625, 11580
4160, 35, 0.7777196652719666, 0.7677199334994548, 0.7877193970444784, 11472
4175, 35, 0.7778165329612836, 0.7678166142123699, 0.7878164517101973, 11468
4185, 36, 0.7728755364806867, 0.7628762356653407, 0.7828748372960328, 11650
4142, 35, 0.7759382855161654, 0.765938358502835, 0.7859382125294958, 11537
4158, 36, 0.7748790601243953, 0.7648792556411637, 0.784878864607627, 11576
4152, 34, 0.7835628609506886, 0.7735634153295419, 0.7935623065718354, 11255
4150, 36, 0.7725557461406518, 0.7625557695884635, 0.7825557226928401, 11660
4141, 35, 0.7786813571178733, 0.7686814106957164, 0.7886813035400303, 11436
4139, 35, 0.7768120980358074, 0.766812627869301, 0.7868115682023138, 11506
4175, 35, 0.7800122947220515, 0.7700124990229665, 0.7900120904211364, 11387
# timestamp 01.10.2025 18:54:39 (1759337679), datastructure reach_tree_reduced
# timebound 11, expirations {"r1": 0, "r2": 0}
# alpha 0.1, gamma 1
# fixed points 5, uniform granularity 0.5
# scheduler goal: MAXIMIZING, scope: PROPHETIC, history: HISTORY_DEPENDENT
# training runs 1000000

[2025-10-01 18:56:44.072] [info] 2.7 Simulating on reduced Reach Tree: 107385
[2025-10-01 18:56:44.078] [info] Analysis finished; the goal is not reachable.
[2025-10-01 18:56:44.078] [info] Probability: 0.0
[2025-10-01 18:56:44.078] [info] 2 Analysis: 124706
[2025-10-01 18:56:44.078] [info] 0 Computation Time Complete: 124707
[2025-10-01 18:56:44.078] [info] Counters and timers:
Counters:

Timers:
0 Computation Time Complete: 124707
1 Model creation: 0
2 Analysis: 124706
2.2 Reachability Analysis: 17086
2.3 Augment Reach Tree: 0
2.4 Creating Unified Datastructure from Reach Tree: 0
2.5 Simulating on full Reach Tree: 0
2.6 Pre-checking and Reduction: 227
2.6.0 Labeling Reach Tree Nodes: 227
2.6.1 Removing Unfulfilling Subtrees: 0
2.7 Simulating on reduced Reach Tree: 107385

