timebound = 12, jump depth = 100, max expirations of random clocks = [{r1: 0}, {r2: 0}], combine absorbing locations in unrolling = 174, integration bound(s) = 12, integration samples = 500000, model = WATERTANK, model case = CASE_A, LTI analysis = rectangular analysis, scheduler = goal: MAXIMIZING, scope: PROPHETIC, history: HISTORY_DEPENDENT, multithreaded = 1, disableBackwardsRefinement = 0
simulating 0 runs after 1000000 training runs with parameters:
learning rate                 0.1
discount factor               1
exploration rate              0.15
uniform granularity           0.5
adaptive compartments         5


[2025-10-01 18:56:44.118] [warning] no flow specified for variable c1 in location all_off - assuming flow of 0
[2025-10-01 18:56:44.118] [warning] no flow specified for variable c1 in location v2_on - assuming flow of 0
[2025-10-01 18:56:44.118] [warning] no flow specified for variable c1 in location v1_block - assuming flow of 0
[2025-10-01 18:56:44.118] [warning] no flow specified for variable c1 in location v2_block - assuming flow of 0
[2025-10-01 18:56:44.118] [warning] no flow specified for variable c1 in location v1_block_v2_on - assuming flow of 0
[2025-10-01 18:56:44.118] [warning] no flow specified for variable c1 in location block_safe - assuming flow of 0
[2025-10-01 18:56:44.118] [warning] no flow specified for variable c1 in location block_unsafe - assuming flow of 0
[2025-10-01 18:56:44.118] [warning] no flow specified for variable c2 in location all_off - assuming flow of 0
[2025-10-01 18:56:44.118] [warning] no flow specified for variable c2 in location v1_on - assuming flow of 0
[2025-10-01 18:56:44.118] [warning] no flow specified for variable c2 in location v1_block - assuming flow of 0
[2025-10-01 18:56:44.118] [warning] no flow specified for variable c2 in location v2_block - assuming flow of 0
[2025-10-01 18:56:44.118] [warning] no flow specified for variable c2 in location v2_block_v1_on - assuming flow of 0
[2025-10-01 18:56:44.118] [warning] no flow specified for variable c2 in location block_safe - assuming flow of 0
[2025-10-01 18:56:44.118] [warning] no flow specified for variable c2 in location block_unsafe - assuming flow of 0
[2025-10-01 18:56:44.118] [warning] no constraints specified for variable c1 in initial constraint number 0 - assuming [0,0]
[2025-10-01 18:56:44.118] [warning] no constraints specified for variable c2 in initial constraint number 0 - assuming [0,0]
[2025-10-01 18:56:44.119] [info] 1 Model creation: 0
[2025-10-01 18:57:20.409] [info] 2.2 Reachability Analysis: 36290
[2025-10-01 18:57:20.411] [info] 2.3 Augment Reach Tree: 1
[2025-10-01 18:57:20.412] [info] 2.4 Creating Unified Datastructure from Reach Tree: 0
[2025-10-01 18:57:20.412] [info] 2.5 Simulating on full Reach Tree: 0
[2025-10-01 18:57:20.940] [info] 2.6.0 Labeling Reach Tree Nodes: 528
[2025-10-01 18:57:20.940] [info] 2.6.1 Removing Unfulfilling Subtrees: 0
[2025-10-01 18:57:20.940] [info] 2.6 Pre-checking and Reduction: 528
[2025-10-01 18:57:20.940] [info] node count before and after reduction 1853 1770
[2025-10-01 18:57:24.737] [info] runs 7860 | prob 0.8627226463104326 | low 0.8527233454853261 | high 0.8727219471355391
[2025-10-01 18:57:28.553] [info] runs 7800 | prob 0.8639743589743589 | low 0.8539752943606711 | high 0.8739734235880467
[2025-10-01 18:57:32.362] [info] runs 8095 | prob 0.8578134651019148 | low 0.847814314789878 | high 0.8678126154139516
[2025-10-01 18:57:36.163] [info] runs 8085 | prob 0.858008658008658 | low 0.8480090583371866 | high 0.8680082576801293
[2025-10-01 18:57:39.956] [info] runs 8101 | prob 0.857671892358968 | low 0.8476722960178259 | high 0.8676714887001101
[2025-10-01 18:57:43.769] [info] runs 8171 | prob 0.8561987516827806 | low 0.8461992841034913 | high 0.8661982192620699
[2025-10-01 18:57:47.570] [info] runs 7906 | prob 0.8617505691879586 | low 0.8517508013060611 | high 0.871750337069856
[2025-10-01 18:57:51.370] [info] runs 8082 | prob 0.8580796832467211 | low 0.848080315719602 | high 0.8680790507738403
[2025-10-01 18:57:55.168] [info] runs 8098 | prob 0.8577426525067918 | low 0.8477432781210017 | high 0.867742026892582
[2025-10-01 18:57:58.976] [info] runs 7622 | prob 0.8676200472316977 | low 0.8576203399664767 | high 0.8776197544969188
[2025-10-01 18:58:02.788] [info] runs 7725 | prob 0.8655016181229773 | low 0.8555018694136107 | high 0.8755013668323439
[2025-10-01 18:58:06.585] [info] runs 8024 | prob 0.859297108673978 | low 0.8492977168859205 | high 0.8692965004620355
[2025-10-01 18:58:10.403] [info] runs 7880 | prob 0.8623096446700508 | low 0.8523104244773221 | high 0.8723088648627795
[2025-10-01 18:58:14.194] [info] runs 8246 | prob 0.8545961678389522 | low 0.8445963384524248 | high 0.8645959972254796
[2025-10-01 18:58:18.005] [info] runs 7959 | prob 0.8606608870461113 | low 0.8506615971276519 | high 0.8706601769645708
[2025-10-01 18:58:21.805] [info] runs 8206 | prob 0.8554716061418475 | low 0.8454725388681882 | high 0.8654706734155068
[2025-10-01 18:58:25.625] [info] runs 8190 | prob 0.8557997557997558 | low 0.8458003778273253 | high 0.8657991337721862
[2025-10-01 18:58:29.436] [info] runs 8043 | prob 0.8588835011811513 | low 0.8488836657951451 | high 0.8688833365671575
[2025-10-01 18:58:33.241] [info] runs 8101 | prob 0.857671892358968 | low 0.8476722960178259 | high 0.8676714887001101
[2025-10-01 18:58:37.045] [info] runs 8152 | prob 0.8565996074582924 | low 0.8466001168049662 | high 0.8665990981116187
[2025-10-01 18:58:40.849] [info] runs 7793 | prob 0.864108815603747 | low 0.854109428523702 | high 0.874108202683792
[2025-10-01 18:58:44.648] [info] runs 8079 | prob 0.8581507612328259 | low 0.8481516279940677 | high 0.868149894471584
[2025-10-01 18:58:48.458] [info] runs 7790 | prob 0.8641848523748396 | low 0.8541858986221292 | high 0.8741838061275499
[2025-10-01 18:58:52.278] [info] runs 8037 | prob 0.8590270001244246 | low 0.8490276850628989 | high 0.8690263151859502
[2025-10-01 18:58:56.072] [info] runs 7780 | prob 0.8643958868894601 | low 0.8543970648834547 | high 0.8743947088954656
[2025-10-01 18:58:56.089] [info] RESULT:
training_time, simulation_time, prob, low, high, runs
3775, 22, 0.8627226463104326, 0.8527233454853261, 0.8727219471355391, 7860
3775, 21, 0.8639743589743589, 0.8539752943606711, 0.8739734235880467, 7800
3767, 23, 0.8578134651019148, 0.847814314789878, 0.8678126154139516, 8095
3760, 22, 0.858008658008658, 0.8480090583371866, 0.8680082576801293, 8085
3752, 22, 0.857671892358968, 0.8476722960178259, 0.8676714887001101, 8101
3771, 23, 0.8561987516827806, 0.8461992841034913, 0.8661982192620699, 8171
3760, 22, 0.8617505691879586, 0.8517508013060611, 0.871750337069856, 7906
3759, 23, 0.8580796832467211, 0.848080315719602, 0.8680790507738403, 8082
3757, 23, 0.8577426525067918, 0.8477432781210017, 0.867742026892582, 8098
3767, 21, 0.8676200472316977, 0.8576203399664767, 0.8776197544969188, 7622
3773, 21, 0.8655016181229773, 0.8555018694136107, 0.8755013668323439, 7725
3756, 22, 0.859297108673978, 0.8492977168859205, 0.8692965004620355, 8024
3777, 22, 0.8623096446700508, 0.8523104244773221, 0.8723088648627795, 7880
3750, 23, 0.8545961678389522, 0.8445963384524248, 0.8645959972254796, 8246
3769, 22, 0.8606608870461113, 0.8506615971276519, 0.8706601769645708, 7959
3759, 23, 0.8554716061418475, 0.8454725388681882, 0.8654706734155068, 8206
3777, 23, 0.8557997557997558, 0.8458003778273253, 0.8657991337721862, 8190
3769, 22, 0.8588835011811513, 0.8488836657951451, 0.8688833365671575, 8043
3764, 22, 0.857671892358968, 0.8476722960178259, 0.8676714887001101, 8101
3763, 23, 0.8565996074582924, 0.8466001168049662, 0.8665990981116187, 8152
3764, 21, 0.864108815603747, 0.854109428523702, 0.874108202683792, 7793
3758, 22, 0.8581507612328259, 0.8481516279940677, 0.868149894471584, 8079
3769, 22, 0.8641848523748396, 0.8541858986221292, 0.8741838061275499, 7790
3778, 23, 0.8590270001244246, 0.8490276850628989, 0.8690263151859502, 8037
3753, 21, 0.8643958868894601, 0.8543970648834547, 0.8743947088954656, 7780
# timestamp 01.10.2025 18:56:44 (1759337804), datastructure reach_tree_reduced
# timebound 12, expirations {"r1": 0, "r2": 0}
# alpha 0.1, gamma 1
# fixed points 5, uniform granularity 0.5
# scheduler goal: MAXIMIZING, scope: PROPHETIC, history: MEMORYLESS
# training runs 1000000

[2025-10-01 18:58:58.936] [info] runs 8815 | prob 0.8423142370958593 | low 0.8323149735999354 | high 0.8523135005917831
[2025-10-01 18:59:01.799] [info] runs 9104 | prob 0.835896309314587 | low 0.8258971126027689 | high 0.8458955060264052
[2025-10-01 18:59:04.685] [info] runs 9251 | prob 0.8325586423089396 | low 0.8225588655817562 | high 0.842558419036123
[2025-10-01 18:59:07.571] [info] runs 9152 | prob 0.8347902097902098 | low 0.8247903383568748 | high 0.8447900812235448
[2025-10-01 18:59:10.435] [info] runs 9280 | prob 0.8318965517241379 | low 0.8218966704515228 | high 0.841896432996753
[2025-10-01 18:59:13.292] [info] runs 8697 | prob 0.8448890421984593 | low 0.8348894519988929 | high 0.8548886323980257
[2025-10-01 18:59:16.169] [info] runs 8958 | prob 0.839138200491181 | low 0.8291385795573181 | high 0.849137821425044
[2025-10-01 18:59:19.026] [info] runs 9115 | prob 0.8356555128908393 | low 0.8256564630378371 | high 0.8456545627438414
[2025-10-01 18:59:21.898] [info] runs 9104 | prob 0.835896309314587 | low 0.8258971126027689 | high 0.8458955060264052
[2025-10-01 18:59:24.769] [info] runs 9330 | prob 0.8307609860664523 | low 0.8207611397279048 | high 0.8407608324049999
[2025-10-01 18:59:27.640] [info] runs 10698 | prob 0.7979996260983362 | low 0.788000270974022 | high 0.8079989812226503
[2025-10-01 18:59:30.518] [info] runs 10632 | prob 0.7996613995485328 | low 0.7896620037557619 | high 0.8096607953413036
[2025-10-01 18:59:33.385] [info] runs 9068 | prob 0.8366784296426996 | low 0.8266786331247092 | high 0.8466782261606899
[2025-10-01 18:59:36.236] [info] runs 8902 | prob 0.8403729498988991 | low 0.8303731492983986 | high 0.8503727504993996
[2025-10-01 18:59:39.108] [info] runs 8885 | prob 0.8407428249859313 | low 0.8307428657113567 | high 0.850742784260506
[2025-10-01 18:59:41.984] [info] runs 8610 | prob 0.8468060394889663 | low 0.8368070277465364 | high 0.8568050512313962
[2025-10-01 18:59:44.854] [info] runs 10623 | prob 0.7998682104866799 | low 0.7898684516636426 | high 0.8098679693097172
[2025-10-01 18:59:47.725] [info] runs 10786 | prob 0.7957537548674207 | low 0.7857541684124223 | high 0.8057533413224192
[2025-10-01 18:59:50.584] [info] runs 8927 | prob 0.8398118068780105 | low 0.829811822289602 | high 0.8498117914664189
[2025-10-01 18:59:53.445] [info] runs 9222 | prob 0.8332248969854695 | low 0.8232253568543229 | high 0.8432244371166162
[2025-10-01 18:59:56.298] [info] runs 10365 | prob 0.8062711046792089 | low 0.7962711287558609 | high 0.8162710806025569
[2025-10-01 18:59:59.179] [info] runs 8832 | prob 0.8419384057971014 | low 0.8319391041973451 | high 0.8519377073968578
[2025-10-01 19:00:02.038] [info] runs 9000 | prob 0.8382222222222222 | low 0.8282230598242651 | high 0.8482213846201793
[2025-10-01 19:00:04.913] [info] runs 8939 | prob 0.8395793712943282 | low 0.829580237564685 | high 0.8495785050239715
[2025-10-01 19:00:07.776] [info] runs 9203 | prob 0.833641203955232 | low 0.8236413509033284 | high 0.8436410570071357
[2025-10-01 19:00:07.776] [info] RESULT:
training_time, simulation_time, prob, low, high, runs
2827, 19, 0.8423142370958593, 0.8323149735999354, 0.8523135005917831, 8815
2841, 20, 0.835896309314587, 0.8258971126027689, 0.8458955060264052, 9104
2864, 20, 0.8325586423089396, 0.8225588655817562, 0.842558419036123, 9251
2865, 20, 0.8347902097902098, 0.8247903383568748, 0.8447900812235448, 9152
2842, 21, 0.8318965517241379, 0.8218966704515228, 0.841896432996753, 9280
2837, 19, 0.8448890421984593, 0.8348894519988929, 0.8548886323980257, 8697
2856, 20, 0.839138200491181, 0.8291385795573181, 0.849137821425044, 8958
2837, 20, 0.8356555128908393, 0.8256564630378371, 0.8456545627438414, 9115
2851, 20, 0.835896309314587, 0.8258971126027689, 0.8458955060264052, 9104
2849, 21, 0.8307609860664523, 0.8207611397279048, 0.8407608324049999, 9330
2844, 26, 0.7979996260983362, 0.788000270974022, 0.8079989812226503, 10698
2850, 26, 0.7996613995485328, 0.7896620037557619, 0.8096607953413036, 10632
2847, 20, 0.8366784296426996, 0.8266786331247092, 0.8466782261606899, 9068
2830, 20, 0.8403729498988991, 0.8303731492983986, 0.8503727504993996, 8902
2852, 20, 0.8407428249859313, 0.8307428657113567, 0.850742784260506, 8885
2856, 19, 0.8468060394889663, 0.8368070277465364, 0.8568050512313962, 8610
2842, 26, 0.7998682104866799, 0.7898684516636426, 0.8098679693097172, 10623
2843, 27, 0.7957537548674207, 0.7857541684124223, 0.8057533413224192, 10786
2837, 20, 0.8398118068780105, 0.829811822289602, 0.8498117914664189, 8927
2840, 20, 0.8332248969854695, 0.8232253568543229, 0.8432244371166162, 9222
2827, 25, 0.8062711046792089, 0.7962711287558609, 0.8162710806025569, 10365
2860, 19, 0.8419384057971014, 0.8319391041973451, 0.8519377073968578, 8832
2839, 20, 0.8382222222222222, 0.8282230598242651, 0.8482213846201793, 9000
2854, 20, 0.8395793712943282, 0.829580237564685, 0.8495785050239715, 8939
2842, 20, 0.833641203955232, 0.8236413509033284, 0.8436410570071357, 9203
# timestamp 01.10.2025 18:56:44 (1759337804), datastructure reach_tree_reduced
# timebound 12, expirations {"r1": 0, "r2": 0}
# alpha 0.1, gamma 1
# fixed points 5, uniform granularity 0.5
# scheduler goal: MAXIMIZING, scope: NONPROPHETIC, history: MEMORYLESS
# training runs 1000000

[2025-10-01 19:00:07.776] [info] 2.7 Simulating on reduced Reach Tree: 166836
[2025-10-01 19:00:07.797] [info] Analysis finished; the goal is not reachable.
[2025-10-01 19:00:07.797] [info] Probability: 0.0
[2025-10-01 19:00:07.797] [info] 2 Analysis: 203678
[2025-10-01 19:00:07.797] [info] 0 Computation Time Complete: 203678
[2025-10-01 19:00:07.797] [info] Counters and timers:
Counters:

Timers:
0 Computation Time Complete: 203678
1 Model creation: 0
2 Analysis: 203678
2.2 Reachability Analysis: 36290
2.3 Augment Reach Tree: 1
2.4 Creating Unified Datastructure from Reach Tree: 0
2.5 Simulating on full Reach Tree: 0
2.6 Pre-checking and Reduction: 528
2.6.0 Labeling Reach Tree Nodes: 528
2.6.1 Removing Unfulfilling Subtrees: 0
2.7 Simulating on reduced Reach Tree: 166836

