timebound = 14, jump depth = 100, max expirations of random clocks = [{r1: 0}, {r2: 0}], combine absorbing locations in unrolling = 137, integration bound(s) = 14, integration samples = 500000, model = WATERTANK, model case = CASE_A, LTI analysis = rectangular analysis, scheduler = goal: MAXIMIZING, scope: PROPHETIC, history: HISTORY_DEPENDENT, multithreaded = 1, disableBackwardsRefinement = 0
simulating 0 runs after 1000000 training runs with parameters:
learning rate                 0.1
discount factor               1
exploration rate              0.15
uniform granularity           0.5
adaptive compartments         5


[2025-09-22 21:24:34.846] [warning] no flow specified for variable c1 in location all_off - assuming flow of 0
[2025-09-22 21:24:34.846] [warning] no flow specified for variable c1 in location v2_on - assuming flow of 0
[2025-09-22 21:24:34.846] [warning] no flow specified for variable c1 in location v1_block - assuming flow of 0
[2025-09-22 21:24:34.846] [warning] no flow specified for variable c1 in location v2_block - assuming flow of 0
[2025-09-22 21:24:34.846] [warning] no flow specified for variable c1 in location v1_block_v2_on - assuming flow of 0
[2025-09-22 21:24:34.846] [warning] no flow specified for variable c1 in location block_safe - assuming flow of 0
[2025-09-22 21:24:34.846] [warning] no flow specified for variable c1 in location block_unsafe - assuming flow of 0
[2025-09-22 21:24:34.846] [warning] no flow specified for variable c2 in location all_off - assuming flow of 0
[2025-09-22 21:24:34.846] [warning] no flow specified for variable c2 in location v1_on - assuming flow of 0
[2025-09-22 21:24:34.846] [warning] no flow specified for variable c2 in location v1_block - assuming flow of 0
[2025-09-22 21:24:34.846] [warning] no flow specified for variable c2 in location v2_block - assuming flow of 0
[2025-09-22 21:24:34.846] [warning] no flow specified for variable c2 in location v2_block_v1_on - assuming flow of 0
[2025-09-22 21:24:34.846] [warning] no flow specified for variable c2 in location block_safe - assuming flow of 0
[2025-09-22 21:24:34.846] [warning] no flow specified for variable c2 in location block_unsafe - assuming flow of 0
[2025-09-22 21:24:34.846] [warning] no constraints specified for variable c1 in initial constraint number 0 - assuming [0,0]
[2025-09-22 21:24:34.846] [warning] no constraints specified for variable c2 in initial constraint number 0 - assuming [0,0]
[2025-09-22 21:24:34.846] [info] 1 Model creation: 0
[2025-09-23 05:49:56.365] [info] 2.2 Reachability Analysis: 30321518
[2025-09-23 05:49:57.576] [info] 2.3 Augment Reach Tree: 1158
[2025-09-23 05:49:59.045] [info] 2.4 Creating Unified Datastructure from Reach Tree: 937
[2025-09-23 05:49:59.046] [info] 2.5 Simulating on full Reach Tree: 0
[2025-09-23 05:53:32.481] [info] 2.6.0 Labeling Reach Tree Nodes: 213417
[2025-09-23 05:53:32.515] [info] 2.6.1 Removing Unfulfilling Subtrees: 33
[2025-09-23 05:53:32.515] [info] 2.6 Pre-checking and Reduction: 213451
[2025-09-23 05:53:32.576] [info] node count before and after reduction 1504893 1260139
[2025-09-23 05:53:37.035] [info] runs 6524 | prob 0.8894849785407726 | low 0.8794856958214805 | high 0.8994842612600646
[2025-09-23 05:53:41.538] [info] runs 5824 | prob 0.9028159340659341 | low 0.8928174924328769 | high 0.9128143756989913
[2025-09-23 05:53:46.036] [info] runs 6161 | prob 0.8964453822431423 | low 0.886446144220797 | high 0.9064446202654876
[2025-09-23 05:53:50.426] [info] runs 6129 | prob 0.8970468265622451 | low 0.8870473222036136 | high 0.9070463309208766
[2025-09-23 05:53:54.900] [info] runs 5877 | prob 0.9018206567976859 | low 0.8918220805229727 | high 0.911819233072399
[2025-09-23 05:53:59.296] [info] runs 6088 | prob 0.8978318002628121 | low 0.8878326314829487 | high 0.9078309690426755
[2025-09-23 05:54:03.708] [info] runs 6220 | prob 0.8953376205787781 | low 0.8853390161960868 | high 0.9053362249614694
[2025-09-23 05:54:08.128] [info] runs 6102 | prob 0.8975745657161587 | low 0.8875757415112752 | high 0.9075733899210422
[2025-09-23 05:54:12.522] [info] runs 6032 | prob 0.8988726790450928 | low 0.8888727128119208 | high 0.9088726452782648
[2025-09-23 05:54:16.948] [info] runs 6435 | prob 0.8912198912198912 | low 0.8812213011556029 | high 0.9012184812841795
[2025-09-23 05:54:21.335] [info] runs 5891 | prob 0.9015447292480054 | low 0.8915455472752541 | high 0.9115439112207567
[2025-09-23 05:54:25.807] [info] runs 6277 | prob 0.8942169826350167 | low 0.8842170004453687 | high 0.9042169648246647
[2025-09-23 05:54:30.218] [info] runs 6179 | prob 0.8960996925068782 | low 0.8861003063190872 | high 0.9060990786946691
[2025-09-23 05:54:34.634] [info] runs 6070 | prob 0.8981878088962109 | low 0.8881893058512865 | high 0.9081863119411352
[2025-09-23 05:54:39.078] [info] runs 6224 | prob 0.8952442159383034 | low 0.8852448874771939 | high 0.9052435443994129
[2025-09-23 05:54:43.549] [info] runs 6286 | prob 0.8940502704422526 | low 0.8840505106902867 | high 0.9040500301942185
[2025-09-23 05:54:48.014] [info] runs 6233 | prob 0.8950746029199422 | low 0.8850753576047805 | high 0.905073848235104
[2025-09-23 05:54:52.442] [info] runs 6295 | prob 0.8938840349483718 | low 0.883884519726646 | high 0.9038835501700976
[2025-09-23 05:54:56.876] [info] runs 6156 | prob 0.8965237166991553 | low 0.8865237660860547 | high 0.906523667312256
[2025-09-23 05:55:01.300] [info] runs 5775 | prob 0.9037229437229437 | low 0.8937241198128568 | high 0.9137217676330306
[2025-09-23 05:55:05.768] [info] runs 5901 | prob 0.9013726487036096 | low 0.8913741700390615 | high 0.9113711273681576
[2025-09-23 05:55:10.198] [info] runs 6032 | prob 0.8988726790450928 | low 0.8888727128119208 | high 0.9088726452782648
[2025-09-23 05:55:14.568] [info] runs 6152 | prob 0.8966189856957087 | low 0.8866198593717547 | high 0.9066181120196628
[2025-09-23 05:55:18.970] [info] runs 6046 | prob 0.898610651670526 | low 0.8886107959448356 | high 0.9086105073962164
[2025-09-23 05:55:23.388] [info] runs 6147 | prob 0.8966975760533593 | low 0.8866977486052429 | high 0.9066974035014758
[2025-09-23 05:55:23.495] [info] RESULT:
training_time, simulation_time, prob, low, high, runs
4419, 20, 0.8894849785407726, 0.8794856958214805, 0.8994842612600646, 6524
4399, 18, 0.9028159340659341, 0.8928174924328769, 0.9128143756989913, 5824
4434, 19, 0.8964453822431423, 0.886446144220797, 0.9064446202654876, 6161
4328, 19, 0.8970468265622451, 0.8870473222036136, 0.9070463309208766, 6129
4413, 18, 0.9018206567976859, 0.8918220805229727, 0.911819233072399, 5877
4334, 19, 0.8978318002628121, 0.8878326314829487, 0.9078309690426755, 6088
4349, 19, 0.8953376205787781, 0.8853390161960868, 0.9053362249614694, 6220
4336, 19, 0.8975745657161587, 0.8875757415112752, 0.9075733899210422, 6102
4334, 19, 0.8988726790450928, 0.8888727128119208, 0.9088726452782648, 6032
4363, 20, 0.8912198912198912, 0.8812213011556029, 0.9012184812841795, 6435
4325, 18, 0.9015447292480054, 0.8915455472752541, 0.9115439112207567, 5891
4410, 20, 0.8942169826350167, 0.8842170004453687, 0.9042169648246647, 6277
4351, 19, 0.8960996925068782, 0.8861003063190872, 0.9060990786946691, 6179
4355, 19, 0.8981878088962109, 0.8881893058512865, 0.9081863119411352, 6070
4382, 19, 0.8952442159383034, 0.8852448874771939, 0.9052435443994129, 6224
4408, 21, 0.8940502704422526, 0.8840505106902867, 0.9040500301942185, 6286
4405, 19, 0.8950746029199422, 0.8850753576047805, 0.905073848235104, 6233
4364, 20, 0.8938840349483718, 0.883884519726646, 0.9038835501700976, 6295
4373, 19, 0.8965237166991553, 0.8865237660860547, 0.906523667312256, 6156
4365, 18, 0.9037229437229437, 0.8937241198128568, 0.9137217676330306, 5775
4407, 18, 0.9013726487036096, 0.8913741700390615, 0.9113711273681576, 5901
4368, 18, 0.8988726790450928, 0.8888727128119208, 0.9088726452782648, 6032
4317, 19, 0.8966189856957087, 0.8866198593717547, 0.9066181120196628, 6152
4340, 19, 0.898610651670526, 0.8886107959448356, 0.9086105073962164, 6046
4354, 20, 0.8966975760533593, 0.8866977486052429, 0.9066974035014758, 6147
# timestamp 22.09.2025 21:24:34 (1758569074), datastructure reach_tree_reduced
# timebound 14, expirations {"r1": 0, "r2": 0}
# alpha 0.1, gamma 1
# fixed points 5, uniform granularity 0.5
# scheduler goal: MAXIMIZING, scope: PROPHETIC, history: MEMORYLESS
# training runs 1000000

[2025-09-23 05:55:26.556] [info] runs 7718 | prob 0.8656387665198237 | low 0.8556387938881728 | high 0.8756387391514747
[2025-09-23 05:55:29.618] [info] runs 7486 | prob 0.8704247929468341 | low 0.8604260010524191 | high 0.880423584841249
[2025-09-23 05:55:32.686] [info] runs 7265 | prob 0.8748795595320028 | low 0.8648803350905201 | high 0.8848787839734855
[2025-09-23 05:55:35.773] [info] runs 7598 | prob 0.8681231903132404 | low 0.8581238555284039 | high 0.8781225250980769
[2025-09-23 05:55:38.855] [info] runs 7507 | prob 0.8699880111895564 | low 0.8599889094889211 | high 0.8799871128901916
[2025-09-23 05:55:41.943] [info] runs 7657 | prob 0.8669191589395324 | low 0.856919996951299 | high 0.8769183209277659
[2025-09-23 05:55:45.003] [info] runs 7486 | prob 0.8704247929468341 | low 0.8604260010524191 | high 0.880423584841249
[2025-09-23 05:55:48.076] [info] runs 7591 | prob 0.8682650507179555 | low 0.8582656717664449 | high 0.878264429669466
[2025-09-23 05:55:51.192] [info] runs 7735 | prob 0.8652876535229477 | low 0.8552876614986802 | high 0.8752876455472152
[2025-09-23 05:55:54.266] [info] runs 7577 | prob 0.8685495578725089 | low 0.8585501210131169 | high 0.8785489947319008
[2025-09-23 05:55:57.363] [info] runs 7250 | prob 0.8751724137931034 | low 0.8651728984375457 | high 0.885171929148661
[2025-09-23 05:56:00.459] [info] runs 7521 | prob 0.8696981784337189 | low 0.8596989247178354 | high 0.8796974321496024
[2025-09-23 05:56:03.596] [info] runs 7729 | prob 0.8654418424116962 | low 0.8554428056433344 | high 0.875440879180058
[2025-09-23 05:56:06.687] [info] runs 7612 | prob 0.8678402522333158 | low 0.8578410359034938 | high 0.8778394685631379
[2025-09-23 05:56:09.783] [info] runs 7031 | prob 0.8795334945242498 | low 0.8695335714900425 | high 0.889533417558457
[2025-09-23 05:56:12.879] [info] runs 7752 | prob 0.864938080495356 | low 0.8549381278235695 | high 0.8749380331671426
[2025-09-23 05:56:15.963] [info] runs 7873 | prob 0.862441254921885 | low 0.852441609583292 | high 0.8724409002604779
[2025-09-23 05:56:19.080] [info] runs 7356 | prob 0.8730288200108755 | low 0.8630290072882915 | high 0.8830286327334594
[2025-09-23 05:56:22.186] [info] runs 7503 | prob 0.8700519792083167 | low 0.8600523057156612 | high 0.8800516527009722
[2025-09-23 05:56:25.303] [info] runs 7796 | prob 0.8640328373524885 | low 0.8540330196027961 | high 0.8740326551021809
[2025-09-23 05:56:28.375] [info] runs 7443 | prob 0.8712884589547225 | low 0.8612893436850725 | high 0.8812875742243725
[2025-09-23 05:56:31.473] [info] runs 7674 | prob 0.8665624185561637 | low 0.8565630179617533 | high 0.8765618191505741
[2025-09-23 05:56:34.563] [info] runs 7407 | prob 0.8720129607128392 | low 0.8620136709740743 | high 0.882012250451604
[2025-09-23 05:56:37.654] [info] runs 7549 | prob 0.8691217379785402 | low 0.8591223087315802 | high 0.8791211672255002
[2025-09-23 05:56:40.753] [info] runs 7443 | prob 0.8712884589547225 | low 0.8612893436850725 | high 0.8812875742243725
[2025-09-23 05:56:40.753] [info] RESULT:
training_time, simulation_time, prob, low, high, runs
3040, 19, 0.8656387665198237, 0.8556387938881728, 0.8756387391514747, 7718
3044, 17, 0.8704247929468341, 0.8604260010524191, 0.880423584841249, 7486
3050, 18, 0.8748795595320028, 0.8648803350905201, 0.8848787839734855, 7265
3067, 19, 0.8681231903132404, 0.8581238555284039, 0.8781225250980769, 7598
3061, 19, 0.8699880111895564, 0.8599889094889211, 0.8799871128901916, 7507
3068, 19, 0.8669191589395324, 0.856919996951299, 0.8769183209277659, 7657
3039, 20, 0.8704247929468341, 0.8604260010524191, 0.880423584841249, 7486
3055, 17, 0.8682650507179555, 0.8582656717664449, 0.878264429669466, 7591
3096, 19, 0.8652876535229477, 0.8552876614986802, 0.8752876455472152, 7735
3053, 20, 0.8685495578725089, 0.8585501210131169, 0.8785489947319008, 7577
3078, 17, 0.8751724137931034, 0.8651728984375457, 0.885171929148661, 7250
3078, 16, 0.8696981784337189, 0.8596989247178354, 0.8796974321496024, 7521
3111, 20, 0.8654418424116962, 0.8554428056433344, 0.875440879180058, 7729
3070, 20, 0.8678402522333158, 0.8578410359034938, 0.8778394685631379, 7612
3078, 17, 0.8795334945242498, 0.8695335714900425, 0.889533417558457, 7031
3075, 19, 0.864938080495356, 0.8549381278235695, 0.8749380331671426, 7752
3066, 17, 0.862441254921885, 0.852441609583292, 0.8724409002604779, 7873
3098, 18, 0.8730288200108755, 0.8630290072882915, 0.8830286327334594, 7356
3085, 20, 0.8700519792083167, 0.8600523057156612, 0.8800516527009722, 7503
3096, 20, 0.8640328373524885, 0.8540330196027961, 0.8740326551021809, 7796
3054, 16, 0.8712884589547225, 0.8612893436850725, 0.8812875742243725, 7443
3077, 20, 0.8665624185561637, 0.8565630179617533, 0.8765618191505741, 7674
3073, 16, 0.8720129607128392, 0.8620136709740743, 0.882012250451604, 7407
3074, 16, 0.8691217379785402, 0.8591223087315802, 0.8791211672255002, 7549
3080, 18, 0.8712884589547225, 0.8612893436850725, 0.8812875742243725, 7443
# timestamp 22.09.2025 21:24:34 (1758569074), datastructure reach_tree_reduced
# timebound 14, expirations {"r1": 0, "r2": 0}
# alpha 0.1, gamma 1
# fixed points 5, uniform granularity 0.5
# scheduler goal: MAXIMIZING, scope: NONPROPHETIC, history: MEMORYLESS
# training runs 1000000

[2025-09-23 05:56:40.753] [info] 2.7 Simulating on reduced Reach Tree: 188177
[2025-09-23 05:57:03.820] [info] Analysis finished; the goal is not reachable.
[2025-09-23 05:57:03.820] [info] Probability: 0.0
[2025-09-23 05:57:03.821] [info] 2 Analysis: 30748974
[2025-09-23 05:57:03.821] [info] 0 Computation Time Complete: 30748975
[2025-09-23 05:57:03.822] [info] Counters and timers:
Counters:

Timers:
0 Computation Time Complete: 30748975
1 Model creation: 0
2 Analysis: 30748974
2.2 Reachability Analysis: 30321518
2.3 Augment Reach Tree: 1158
2.4 Creating Unified Datastructure from Reach Tree: 937
2.5 Simulating on full Reach Tree: 0
2.6 Pre-checking and Reduction: 213451
2.6.0 Labeling Reach Tree Nodes: 213417
2.6.1 Removing Unfulfilling Subtrees: 33
2.7 Simulating on reduced Reach Tree: 188177

