timebound = 16, jump depth = 100, max expirations of random clocks = [{r1: 0}, {r2: 0}], combine absorbing locations in unrolling = 6, integration bound(s) = 16, integration samples = 500000, model = WATERTANK, model case = CASE_A, LTI analysis = rectangular analysis, scheduler = goal: MAXIMIZING, scope: PROPHETIC, history: HISTORY_DEPENDENT, multithreaded = 1, disableBackwardsRefinement = 0
simulating 0 runs after 1000000 training runs with parameters:
learning rate                 0.1
discount factor               1
exploration rate              0.15
uniform granularity           0.5
adaptive compartments         5


[2025-10-01 19:06:24.786] [warning] no flow specified for variable c1 in location all_off - assuming flow of 0
[2025-10-01 19:06:24.786] [warning] no flow specified for variable c1 in location v2_on - assuming flow of 0
[2025-10-01 19:06:24.786] [warning] no flow specified for variable c1 in location v1_block - assuming flow of 0
[2025-10-01 19:06:24.786] [warning] no flow specified for variable c1 in location v2_block - assuming flow of 0
[2025-10-01 19:06:24.786] [warning] no flow specified for variable c1 in location v1_block_v2_on - assuming flow of 0
[2025-10-01 19:06:24.786] [warning] no flow specified for variable c1 in location block_safe - assuming flow of 0
[2025-10-01 19:06:24.786] [warning] no flow specified for variable c1 in location block_unsafe - assuming flow of 0
[2025-10-01 19:06:24.786] [warning] no flow specified for variable c2 in location all_off - assuming flow of 0
[2025-10-01 19:06:24.786] [warning] no flow specified for variable c2 in location v1_on - assuming flow of 0
[2025-10-01 19:06:24.786] [warning] no flow specified for variable c2 in location v1_block - assuming flow of 0
[2025-10-01 19:06:24.786] [warning] no flow specified for variable c2 in location v2_block - assuming flow of 0
[2025-10-01 19:06:24.786] [warning] no flow specified for variable c2 in location v2_block_v1_on - assuming flow of 0
[2025-10-01 19:06:24.786] [warning] no flow specified for variable c2 in location block_safe - assuming flow of 0
[2025-10-01 19:06:24.786] [warning] no flow specified for variable c2 in location block_unsafe - assuming flow of 0
[2025-10-01 19:06:24.786] [warning] no constraints specified for variable c1 in initial constraint number 0 - assuming [0,0]
[2025-10-01 19:06:24.786] [warning] no constraints specified for variable c2 in initial constraint number 0 - assuming [0,0]
[2025-10-01 19:06:24.786] [info] 1 Model creation: 0
[2025-10-01 19:22:05.377] [info] 2.2 Reachability Analysis: 940590
[2025-10-01 19:22:05.413] [info] 2.3 Augment Reach Tree: 36
[2025-10-01 19:22:05.447] [info] 2.4 Creating Unified Datastructure from Reach Tree: 21
[2025-10-01 19:22:05.447] [info] 2.5 Simulating on full Reach Tree: 0
[2025-10-01 19:22:18.550] [info] 2.6.0 Labeling Reach Tree Nodes: 13102
[2025-10-01 19:22:18.551] [info] 2.6.1 Removing Unfulfilling Subtrees: 1
[2025-10-01 19:22:18.551] [info] 2.6 Pre-checking and Reduction: 13104
[2025-10-01 19:22:18.552] [info] node count before and after reduction 47894 45214
[2025-10-01 19:22:22.939] [info] runs 2704 | prob 0.9574704142011834 | low 0.9474738496854874 | high 0.9674669787168794
[2025-10-01 19:22:27.369] [info] runs 2715 | prob 0.9572744014732965 | low 0.9472761687315973 | high 0.9672726342149957
[2025-10-01 19:22:31.802] [info] runs 3007 | prob 0.9524442966411706 | low 0.9424465933882016 | high 0.9624419998941396
[2025-10-01 19:22:36.205] [info] runs 3088 | prob 0.9511010362694301 | low 0.9411040207087978 | high 0.9610980518300624
[2025-10-01 19:22:40.621] [info] runs 2749 | prob 0.9567115314659876 | low 0.9467130256431082 | high 0.9667100372888671
[2025-10-01 19:22:45.045] [info] runs 2976 | prob 0.9529569892473119 | low 0.9429589784951165 | high 0.9629549999995073
[2025-10-01 19:22:49.461] [info] runs 3027 | prob 0.9520977865873802 | low 0.9420987486392236 | high 0.9620968245355368
[2025-10-01 19:22:53.857] [info] runs 2902 | prob 0.9541695382494831 | low 0.9441698365474304 | high 0.9641692399515359
[2025-10-01 19:22:58.283] [info] runs 2838 | prob 0.9552501761804087 | low 0.9452526191256726 | high 0.9652477332351449
[2025-10-01 19:23:02.660] [info] runs 2598 | prob 0.9591993841416474 | low 0.9492013620920663 | high 0.9691974061912285
[2025-10-01 19:23:07.104] [info] runs 3195 | prob 0.9492957746478873 | low 0.9392973108751432 | high 0.9592942384206313
[2025-10-01 19:23:11.584] [info] runs 2881 | prob 0.9545296771954183 | low 0.9445312205909596 | high 0.9645281337998769
[2025-10-01 19:23:16.023] [info] runs 3185 | prob 0.9494505494505494 | low 0.9394508825113753 | high 0.9594502163897235
[2025-10-01 19:23:20.452] [info] runs 2726 | prob 0.9570799706529713 | low 0.9470802687903997 | high 0.9670796725155429
[2025-10-01 19:23:24.892] [info] runs 3127 | prob 0.950431723696834 | low 0.9404330064203392 | high 0.9604304409733289
[2025-10-01 19:23:29.336] [info] runs 3007 | prob 0.9524442966411706 | low 0.9424465933882016 | high 0.9624419998941396
[2025-10-01 19:23:33.804] [info] runs 2634 | prob 0.9586180713743356 | low 0.9486211530719484 | high 0.9686149896767229
[2025-10-01 19:23:38.226] [info] runs 2749 | prob 0.9567115314659876 | low 0.9467130256431082 | high 0.9667100372888671
[2025-10-01 19:23:42.676] [info] runs 3088 | prob 0.9511010362694301 | low 0.9411040207087978 | high 0.9610980518300624
[2025-10-01 19:23:47.133] [info] runs 2849 | prob 0.9550719550719551 | low 0.9450747997289269 | high 0.9650691104149832
[2025-10-01 19:23:51.589] [info] runs 2692 | prob 0.9576523031203567 | low 0.9476539802394036 | high 0.9676506260013097
[2025-10-01 19:23:56.013] [info] runs 2562 | prob 0.9597970335675253 | low 0.9497999102959866 | high 0.969794156839064
[2025-10-01 19:24:00.425] [info] runs 3127 | prob 0.950431723696834 | low 0.9404330064203392 | high 0.9604304409733289
[2025-10-01 19:24:04.877] [info] runs 2574 | prob 0.9595959595959596 | low 0.9495983035574309 | high 0.9695936156344882
[2025-10-01 19:24:09.304] [info] runs 3078 | prob 0.9512670565302144 | low 0.9412699550378589 | high 0.9612641580225698
[2025-10-01 19:24:09.355] [info] RESULT:
training_time, simulation_time, prob, low, high, runs
4378, 8, 0.9574704142011834, 0.9474738496854874, 0.9674669787168794, 2704
4366, 8, 0.9572744014732965, 0.9472761687315973, 0.9672726342149957, 2715
4371, 9, 0.9524442966411706, 0.9424465933882016, 0.9624419998941396, 3007
4340, 9, 0.9511010362694301, 0.9411040207087978, 0.9610980518300624, 3088
4356, 8, 0.9567115314659876, 0.9467130256431082, 0.9667100372888671, 2749
4368, 9, 0.9529569892473119, 0.9429589784951165, 0.9629549999995073, 2976
4355, 9, 0.9520977865873802, 0.9420987486392236, 0.9620968245355368, 3027
4334, 9, 0.9541695382494831, 0.9441698365474304, 0.9641692399515359, 2902
4365, 8, 0.9552501761804087, 0.9452526191256726, 0.9652477332351449, 2838
4327, 7, 0.9591993841416474, 0.9492013620920663, 0.9691974061912285, 2598
4381, 10, 0.9492957746478873, 0.9392973108751432, 0.9592942384206313, 3195
4417, 9, 0.9545296771954183, 0.9445312205909596, 0.9645281337998769, 2881
4376, 10, 0.9494505494505494, 0.9394508825113753, 0.9594502163897235, 3185
4379, 8, 0.9570799706529713, 0.9470802687903997, 0.9670796725155429, 2726
4378, 10, 0.950431723696834, 0.9404330064203392, 0.9604304409733289, 3127
4388, 9, 0.9524442966411706, 0.9424465933882016, 0.9624419998941396, 3007
4405, 8, 0.9586180713743356, 0.9486211530719484, 0.9686149896767229, 2634
4357, 8, 0.9567115314659876, 0.9467130256431082, 0.9667100372888671, 2749
4381, 9, 0.9511010362694301, 0.9411040207087978, 0.9610980518300624, 3088
4397, 9, 0.9550719550719551, 0.9450747997289269, 0.9650691104149832, 2849
4396, 8, 0.9576523031203567, 0.9476539802394036, 0.9676506260013097, 2692
4363, 8, 0.9597970335675253, 0.9497999102959866, 0.969794156839064, 2562
4348, 9, 0.950431723696834, 0.9404330064203392, 0.9604304409733289, 3127
4396, 8, 0.9595959595959596, 0.9495983035574309, 0.9695936156344882, 2574
4374, 9, 0.9512670565302144, 0.9412699550378589, 0.9612641580225698, 3078
# timestamp 01.10.2025 19:06:24 (1759338384), datastructure reach_tree_reduced
# timebound 16, expirations {"r1": 0, "r2": 0}
# alpha 0.1, gamma 1
# fixed points 5, uniform granularity 0.5
# scheduler goal: MAXIMIZING, scope: PROPHETIC, history: MEMORYLESS
# training runs 1000000

[2025-10-01 19:24:12.440] [info] runs 3826 | prob 0.9385781495033978 | low 0.9285788392454593 | high 0.9485774597613363
[2025-10-01 19:24:15.530] [info] runs 3739 | prob 0.9400909334046537 | low 0.9300932510378966 | high 0.9500886157714107
[2025-10-01 19:24:18.627] [info] runs 3530 | prob 0.9436260623229462 | low 0.9336261163148177 | high 0.9536260083310747
[2025-10-01 19:24:21.726] [info] runs 4025 | prob 0.9351552795031056 | low 0.9251566127795645 | high 0.9451539462266467
[2025-10-01 19:24:24.823] [info] runs 3607 | prob 0.9423343498752426 | low 0.9323358718836693 | high 0.9523328278668158
[2025-10-01 19:24:27.915] [info] runs 3548 | prob 0.9433483652762119 | low 0.9333507521540954 | high 0.9533459783983285
[2025-10-01 19:24:31.007] [info] runs 3842 | prob 0.9383133784487246 | low 0.9283148375956134 | high 0.9483119193018359
[2025-10-01 19:24:34.082] [info] runs 3858 | prob 0.9380508035251426 | low 0.9280532033193528 | high 0.9480484037309324
[2025-10-01 19:24:37.161] [info] runs 3965 | prob 0.9361916771752837 | low 0.9261929362515776 | high 0.9461904180989898
[2025-10-01 19:24:40.245] [info] runs 3624 | prob 0.9420529801324503 | low 0.9320551677879054 | high 0.9520507924769952
[2025-10-01 19:24:43.384] [info] runs 4032 | prob 0.9350198412698413 | low 0.9250201545478843 | high 0.9450195279917982
[2025-10-01 19:24:46.477] [info] runs 3299 | prob 0.9475598666262504 | low 0.9375624009037987 | high 0.957557332348702
[2025-10-01 19:24:49.568] [info] runs 3690 | prob 0.9409214092140922 | low 0.9309231494830178 | high 0.9509196689451666
[2025-10-01 19:24:52.643] [info] runs 3205 | prob 0.9491419656786272 | low 0.9391447925088929 | high 0.9591391388483614
[2025-10-01 19:24:55.725] [info] runs 3803 | prob 0.9389955298448593 | low 0.9289979406345354 | high 0.9489931190551832
[2025-10-01 19:24:58.809] [info] runs 3624 | prob 0.9420529801324503 | low 0.9320551677879054 | high 0.9520507924769952
[2025-10-01 19:25:01.886] [info] runs 3530 | prob 0.9436260623229462 | low 0.9336261163148177 | high 0.9536260083310747
[2025-10-01 19:25:04.969] [info] runs 3873 | prob 0.9377743351407178 | low 0.9277753469738842 | high 0.9477733233075515
[2025-10-01 19:25:08.084] [info] runs 4128 | prob 0.9333817829457365 | low 0.9233840351457335 | high 0.9433795307457394
[2025-10-01 19:25:11.205] [info] runs 3665 | prob 0.9413369713506139 | low 0.9313378078973654 | high 0.9513361348038624
[2025-10-01 19:25:14.293] [info] runs 3317 | prob 0.9472414832680133 | low 0.937242639879329 | high 0.9572403266566976
[2025-10-01 19:25:17.365] [info] runs 3896 | prob 0.9373716632443532 | low 0.9273721759253047 | high 0.9473711505634016
[2025-10-01 19:25:20.452] [info] runs 3615 | prob 0.9421853388658368 | low 0.9321858253646561 | high 0.9521848523670174
[2025-10-01 19:25:23.546] [info] runs 3452 | prob 0.9449594438006953 | low 0.9349604003189866 | high 0.954958487282404
[2025-10-01 19:25:26.640] [info] runs 3834 | prob 0.9384454877412624 | low 0.9284465404999448 | high 0.9484444349825799
[2025-10-01 19:25:26.643] [info] RESULT:
training_time, simulation_time, prob, low, high, runs
3076, 9, 0.9385781495033978, 0.9285788392454593, 0.9485774597613363, 3826
3080, 8, 0.9400909334046537, 0.9300932510378966, 0.9500886157714107, 3739
3088, 8, 0.9436260623229462, 0.9336261163148177, 0.9536260083310747, 3530
3088, 10, 0.9351552795031056, 0.9251566127795645, 0.9451539462266467, 4025
3088, 8, 0.9423343498752426, 0.9323358718836693, 0.9523328278668158, 3607
3082, 9, 0.9433483652762119, 0.9333507521540954, 0.9533459783983285, 3548
3081, 10, 0.9383133784487246, 0.9283148375956134, 0.9483119193018359, 3842
3064, 9, 0.9380508035251426, 0.9280532033193528, 0.9480484037309324, 3858
3070, 9, 0.9361916771752837, 0.9261929362515776, 0.9461904180989898, 3965
3074, 8, 0.9420529801324503, 0.9320551677879054, 0.9520507924769952, 3624
3129, 9, 0.9350198412698413, 0.9250201545478843, 0.9450195279917982, 4032
3084, 7, 0.9475598666262504, 0.9375624009037987, 0.957557332348702, 3299
3081, 8, 0.9409214092140922, 0.9309231494830178, 0.9509196689451666, 3690
3067, 7, 0.9491419656786272, 0.9391447925088929, 0.9591391388483614, 3205
3072, 9, 0.9389955298448593, 0.9289979406345354, 0.9489931190551832, 3803
3075, 8, 0.9420529801324503, 0.9320551677879054, 0.9520507924769952, 3624
3067, 8, 0.9436260623229462, 0.9336261163148177, 0.9536260083310747, 3530
3073, 9, 0.9377743351407178, 0.9277753469738842, 0.9477733233075515, 3873
3103, 11, 0.9333817829457365, 0.9233840351457335, 0.9433795307457394, 4128
3111, 8, 0.9413369713506139, 0.9313378078973654, 0.9513361348038624, 3665
3080, 7, 0.9472414832680133, 0.937242639879329, 0.9572403266566976, 3317
3062, 9, 0.9373716632443532, 0.9273721759253047, 0.9473711505634016, 3896
3077, 9, 0.9421853388658368, 0.9321858253646561, 0.9521848523670174, 3615
3085, 8, 0.9449594438006953, 0.9349604003189866, 0.954958487282404, 3452
3083, 10, 0.9384454877412624, 0.9284465404999448, 0.9484444349825799, 3834
# timestamp 01.10.2025 19:06:24 (1759338384), datastructure reach_tree_reduced
# timebound 16, expirations {"r1": 0, "r2": 0}
# alpha 0.1, gamma 1
# fixed points 5, uniform granularity 0.5
# scheduler goal: MAXIMIZING, scope: NONPROPHETIC, history: MEMORYLESS
# training runs 1000000

[2025-10-01 19:25:26.643] [info] 2.7 Simulating on reduced Reach Tree: 188090
[2025-10-01 19:25:27.151] [info] Analysis finished; the goal is not reachable.
[2025-10-01 19:25:27.151] [info] Probability: 0.0
[2025-10-01 19:25:27.151] [info] 2 Analysis: 1142365
[2025-10-01 19:25:27.151] [info] 0 Computation Time Complete: 1142365
[2025-10-01 19:25:27.151] [info] Counters and timers:
Counters:

Timers:
0 Computation Time Complete: 1142365
1 Model creation: 0
2 Analysis: 1142365
2.2 Reachability Analysis: 940590
2.3 Augment Reach Tree: 36
2.4 Creating Unified Datastructure from Reach Tree: 21
2.5 Simulating on full Reach Tree: 0
2.6 Pre-checking and Reduction: 13104
2.6.0 Labeling Reach Tree Nodes: 13102
2.6.1 Removing Unfulfilling Subtrees: 1
2.7 Simulating on reduced Reach Tree: 188090

