timebound = 18, jump depth = 100, max expirations of random clocks = [{r1: 0}, {r2: 0}], combine absorbing locations in unrolling = 141, integration bound(s) = 18, integration samples = 500000, model = WATERTANK, model case = CASE_A, LTI analysis = rectangular analysis, scheduler = goal: MAXIMIZING, scope: PROPHETIC, history: HISTORY_DEPENDENT, multithreaded = 1, disableBackwardsRefinement = 0
simulating 0 runs after 1000000 training runs with parameters:
learning rate                 0.1
discount factor               1
exploration rate              0.15
uniform granularity           0.5
adaptive compartments         5


[2025-10-01 19:25:27.228] [warning] no flow specified for variable c1 in location all_off - assuming flow of 0
[2025-10-01 19:25:27.228] [warning] no flow specified for variable c1 in location v2_on - assuming flow of 0
[2025-10-01 19:25:27.228] [warning] no flow specified for variable c1 in location v1_block - assuming flow of 0
[2025-10-01 19:25:27.228] [warning] no flow specified for variable c1 in location v2_block - assuming flow of 0
[2025-10-01 19:25:27.228] [warning] no flow specified for variable c1 in location v1_block_v2_on - assuming flow of 0
[2025-10-01 19:25:27.228] [warning] no flow specified for variable c1 in location block_safe - assuming flow of 0
[2025-10-01 19:25:27.228] [warning] no flow specified for variable c1 in location block_unsafe - assuming flow of 0
[2025-10-01 19:25:27.228] [warning] no flow specified for variable c2 in location all_off - assuming flow of 0
[2025-10-01 19:25:27.228] [warning] no flow specified for variable c2 in location v1_on - assuming flow of 0
[2025-10-01 19:25:27.228] [warning] no flow specified for variable c2 in location v1_block - assuming flow of 0
[2025-10-01 19:25:27.228] [warning] no flow specified for variable c2 in location v2_block - assuming flow of 0
[2025-10-01 19:25:27.228] [warning] no flow specified for variable c2 in location v2_block_v1_on - assuming flow of 0
[2025-10-01 19:25:27.228] [warning] no flow specified for variable c2 in location block_safe - assuming flow of 0
[2025-10-01 19:25:27.228] [warning] no flow specified for variable c2 in location block_unsafe - assuming flow of 0
[2025-10-01 19:25:27.228] [warning] no constraints specified for variable c1 in initial constraint number 0 - assuming [0,0]
[2025-10-01 19:25:27.228] [warning] no constraints specified for variable c2 in initial constraint number 0 - assuming [0,0]
[2025-10-01 19:25:27.228] [info] 1 Model creation: 0
[2025-10-01 20:46:33.648] [info] 2.2 Reachability Analysis: 4866420
[2025-10-01 20:46:33.827] [info] 2.3 Augment Reach Tree: 178
[2025-10-01 20:46:34.039] [info] 2.4 Creating Unified Datastructure from Reach Tree: 131
[2025-10-01 20:46:34.039] [info] 2.5 Simulating on full Reach Tree: 0
[2025-10-01 20:47:36.788] [info] 2.6.0 Labeling Reach Tree Nodes: 62746
[2025-10-01 20:47:36.793] [info] 2.6.1 Removing Unfulfilling Subtrees: 5
[2025-10-01 20:47:36.793] [info] 2.6 Pre-checking and Reduction: 62752
[2025-10-01 20:47:36.797] [info] node count before and after reduction 247527 230101
[2025-10-01 20:47:41.291] [info] runs 2291 | prob 0.9642077695329551 | low 0.9542097723734384 | high 0.9742057666924717
[2025-10-01 20:47:45.831] [info] runs 1396 | prob 0.9785100286532952 | low 0.9685122456060832 | high 0.9885078117005072
[2025-10-01 20:47:50.337] [info] runs 1507 | prob 0.9767750497677505 | low 0.966780484523591 | high 0.9867696150119101
[2025-10-01 20:47:54.811] [info] runs 2193 | prob 0.9658002735978112 | low 0.9558030013112006 | high 0.9757975458844218
[2025-10-01 20:47:59.304] [info] runs 2120 | prob 0.9669811320754716 | low 0.9569841706155217 | high 0.9769780935354216
[2025-10-01 20:48:03.784] [info] runs 2193 | prob 0.9658002735978112 | low 0.9558030013112006 | high 0.9757975458844218
[2025-10-01 20:48:08.242] [info] runs 1724 | prob 0.9733178654292344 | low 0.9633198256455582 | high 0.9833159052129106
[2025-10-01 20:48:12.713] [info] runs 2164 | prob 0.9662661737523105 | low 0.956268512433105 | high 0.976263835071516
[2025-10-01 20:48:17.192] [info] runs 2178 | prob 0.9660238751147842 | low 0.9560239263894355 | high 0.9760238238401329
[2025-10-01 20:48:21.663] [info] runs 1933 | prob 0.9699948266942576 | low 0.9599991382655764 | high 0.9799905151229389
[2025-10-01 20:48:26.163] [info] runs 2250 | prob 0.9648888888888889 | low 0.9548931353609558 | high 0.974884642416822
[2025-10-01 20:48:30.691] [info] runs 2149 | prob 0.9664960446719404 | low 0.9564966034492031 | high 0.9764954858946777
[2025-10-01 20:48:35.210] [info] runs 2090 | prob 0.9674641148325359 | low 0.9574670741028837 | high 0.9774611555621882
[2025-10-01 20:48:39.733] [info] runs 2149 | prob 0.9664960446719404 | low 0.9564966034492031 | high 0.9764954858946777
[2025-10-01 20:48:44.258] [info] runs 2345 | prob 0.9633262260127932 | low 0.953327632121223 | high 0.9733248199043634
[2025-10-01 20:48:48.769] [info] runs 2318 | prob 0.9637618636755824 | low 0.9537628551502592 | high 0.9737608722009056
[2025-10-01 20:48:53.211] [info] runs 2318 | prob 0.9637618636755824 | low 0.9537628551502592 | high 0.9737608722009056
[2025-10-01 20:48:57.717] [info] runs 2358 | prob 0.9631043256997456 | low 0.9531043636700305 | high 0.9731042877294607
[2025-10-01 20:49:02.260] [info] runs 2622 | prob 0.9588100686498856 | low 0.9488125702781068 | high 0.9688075670216644
[2025-10-01 20:49:06.782] [info] runs 2164 | prob 0.9662661737523105 | low 0.956268512433105 | high 0.976263835071516
[2025-10-01 20:49:11.306] [info] runs 2411 | prob 0.9622563251762754 | low 0.9522582883580756 | high 0.9722543619944751
[2025-10-01 20:49:15.815] [info] runs 2120 | prob 0.9669811320754716 | low 0.9569841706155217 | high 0.9769780935354216
[2025-10-01 20:49:20.333] [info] runs 2475 | prob 0.9612121212121212 | low 0.9512140576984839 | high 0.9712101847257585
[2025-10-01 20:49:24.768] [info] runs 1997 | prob 0.9689534301452178 | low 0.9589553850604986 | high 0.9789514752299371
[2025-10-01 20:49:29.268] [info] runs 2318 | prob 0.9637618636755824 | low 0.9537628551502592 | high 0.9737608722009056
[2025-10-01 20:49:29.332] [info] RESULT:
training_time, simulation_time, prob, low, high, runs
4486, 7, 0.9642077695329551, 0.9542097723734384, 0.9742057666924717, 2291
4465, 4, 0.9785100286532952, 0.9685122456060832, 0.9885078117005072, 1396
4433, 4, 0.9767750497677505, 0.966780484523591, 0.9867696150119101, 1507
4398, 7, 0.9658002735978112, 0.9558030013112006, 0.9757975458844218, 2193
4421, 7, 0.9669811320754716, 0.9569841706155217, 0.9769780935354216, 2120
4406, 7, 0.9658002735978112, 0.9558030013112006, 0.9757975458844218, 2193
4384, 5, 0.9733178654292344, 0.9633198256455582, 0.9833159052129106, 1724
4400, 7, 0.9662661737523105, 0.956268512433105, 0.976263835071516, 2164
4404, 7, 0.9660238751147842, 0.9560239263894355, 0.9760238238401329, 2178
4398, 6, 0.9699948266942576, 0.9599991382655764, 0.9799905151229389, 1933
4430, 7, 0.9648888888888889, 0.9548931353609558, 0.974884642416822, 2250
4456, 7, 0.9664960446719404, 0.9564966034492031, 0.9764954858946777, 2149
4443, 7, 0.9674641148325359, 0.9574670741028837, 0.9774611555621882, 2090
4447, 7, 0.9664960446719404, 0.9564966034492031, 0.9764954858946777, 2149
4451, 7, 0.9633262260127932, 0.953327632121223, 0.9733248199043634, 2345
4435, 7, 0.9637618636755824, 0.9537628551502592, 0.9737608722009056, 2318
4370, 7, 0.9637618636755824, 0.9537628551502592, 0.9737608722009056, 2318
4434, 8, 0.9631043256997456, 0.9531043636700305, 0.9731042877294607, 2358
4465, 9, 0.9588100686498856, 0.9488125702781068, 0.9688075670216644, 2622
4447, 7, 0.9662661737523105, 0.956268512433105, 0.976263835071516, 2164
4446, 8, 0.9622563251762754, 0.9522582883580756, 0.9722543619944751, 2411
4434, 7, 0.9669811320754716, 0.9569841706155217, 0.9769780935354216, 2120
4446, 8, 0.9612121212121212, 0.9512140576984839, 0.9712101847257585, 2475
4364, 6, 0.9689534301452178, 0.9589553850604986, 0.9789514752299371, 1997
4428, 7, 0.9637618636755824, 0.9537628551502592, 0.9737608722009056, 2318
# timestamp 01.10.2025 19:25:27 (1759339527), datastructure reach_tree_reduced
# timebound 18, expirations {"r1": 0, "r2": 0}
# alpha 0.1, gamma 1
# fixed points 5, uniform granularity 0.5
# scheduler goal: MAXIMIZING, scope: PROPHETIC, history: MEMORYLESS
# training runs 1000000

[2025-10-01 20:49:32.472] [info] runs 2305 | prob 0.9639913232104121 | low 0.9539947641174626 | high 0.9739878823033616
[2025-10-01 20:49:35.574] [info] runs 2760 | prob 0.9565217391304348 | low 0.9465223188573839 | high 0.9665211594034857
[2025-10-01 20:49:38.683] [info] runs 2462 | prob 0.9614134849715679 | low 0.9514140671079144 | high 0.9714129028352213
[2025-10-01 20:49:41.788] [info] runs 2207 | prob 0.9655641141821477 | low 0.9555654753791207 | high 0.9755627529851747
[2025-10-01 20:49:44.898] [info] runs 2726 | prob 0.9570799706529713 | low 0.9470802687903997 | high 0.9670796725155429
[2025-10-01 20:49:47.998] [info] runs 2250 | prob 0.9648888888888889 | low 0.9548931353609558 | high 0.974884642416822
[2025-10-01 20:49:51.129] [info] runs 2013 | prob 0.9687034277198212 | low 0.9587064718089515 | high 0.9787003836306909
[2025-10-01 20:49:54.223] [info] runs 2193 | prob 0.9658002735978112 | low 0.9558030013112006 | high 0.9757975458844218
[2025-10-01 20:49:57.312] [info] runs 2622 | prob 0.9588100686498856 | low 0.9488125702781068 | high 0.9688075670216644
[2025-10-01 20:50:00.402] [info] runs 1668 | prob 0.9742206235011991 | low 0.9642249353205339 | high 0.9842163116818643
[2025-10-01 20:50:03.527] [info] runs 2525 | prob 0.9603960396039604 | low 0.9503981196241477 | high 0.9703939595837731
[2025-10-01 20:50:06.603] [info] runs 2610 | prob 0.9590038314176246 | low 0.9490059631233645 | high 0.9690016997118847
[2025-10-01 20:50:09.732] [info] runs 2488 | prob 0.9610128617363344 | low 0.9510164082430757 | high 0.9710093152295931
[2025-10-01 20:50:12.855] [info] runs 2849 | prob 0.9550719550719551 | low 0.9450747997289269 | high 0.9650691104149832
[2025-10-01 20:50:15.991] [info] runs 2860 | prob 0.9548951048951049 | low 0.9448985003042638 | high 0.9648917094859459
[2025-10-01 20:50:19.113] [info] runs 2105 | prob 0.9672209026128266 | low 0.9572236390764535 | high 0.9772181661491997
[2025-10-01 20:50:22.240] [info] runs 2345 | prob 0.9633262260127932 | low 0.953327632121223 | high 0.9733248199043634
[2025-10-01 20:50:25.344] [info] runs 2838 | prob 0.9552501761804087 | low 0.9452526191256726 | high 0.9652477332351449
[2025-10-01 20:50:28.460] [info] runs 2398 | prob 0.9624687239366139 | low 0.9524707673295313 | high 0.9724666805436964
[2025-10-01 20:50:31.546] [info] runs 1883 | prob 0.9707912904938927 | low 0.9607949781151204 | high 0.980787602872665
[2025-10-01 20:50:34.646] [info] runs 1900 | prob 0.9705263157894737 | low 0.960531151680562 | high 0.9805214798983853
[2025-10-01 20:50:37.744] [info] runs 2345 | prob 0.9633262260127932 | low 0.953327632121223 | high 0.9733248199043634
[2025-10-01 20:50:40.873] [info] runs 2692 | prob 0.9576523031203567 | low 0.9476539802394036 | high 0.9676506260013097
[2025-10-01 20:50:43.993] [info] runs 2657 | prob 0.9582235604064735 | low 0.9482247296800549 | high 0.9682223911328921
[2025-10-01 20:50:47.135] [info] runs 2794 | prob 0.9559770937723694 | low 0.9459794937968572 | high 0.9659746937478816
[2025-10-01 20:50:47.135] [info] RESULT:
training_time, simulation_time, prob, low, high, runs
3133, 5, 0.9639913232104121, 0.9539947641174626, 0.9739878823033616, 2305
3094, 7, 0.9565217391304348, 0.9465223188573839, 0.9665211594034857, 2760
3103, 5, 0.9614134849715679, 0.9514140671079144, 0.9714129028352213, 2462
3099, 5, 0.9655641141821477, 0.9555654753791207, 0.9755627529851747, 2207
3103, 6, 0.9570799706529713, 0.9470802687903997, 0.9670796725155429, 2726
3094, 5, 0.9648888888888889, 0.9548931353609558, 0.974884642416822, 2250
3125, 4, 0.9687034277198212, 0.9587064718089515, 0.9787003836306909, 2013
3088, 5, 0.9658002735978112, 0.9558030013112006, 0.9757975458844218, 2193
3083, 6, 0.9588100686498856, 0.9488125702781068, 0.9688075670216644, 2622
3085, 4, 0.9742206235011991, 0.9642249353205339, 0.9842163116818643, 1668
3119, 6, 0.9603960396039604, 0.9503981196241477, 0.9703939595837731, 2525
3069, 6, 0.9590038314176246, 0.9490059631233645, 0.9690016997118847, 2610
3122, 5, 0.9610128617363344, 0.9510164082430757, 0.9710093152295931, 2488
3116, 6, 0.9550719550719551, 0.9450747997289269, 0.9650691104149832, 2849
3129, 6, 0.9548951048951049, 0.9448985003042638, 0.9648917094859459, 2860
3116, 5, 0.9672209026128266, 0.9572236390764535, 0.9772181661491997, 2105
3121, 5, 0.9633262260127932, 0.953327632121223, 0.9733248199043634, 2345
3096, 6, 0.9552501761804087, 0.9452526191256726, 0.9652477332351449, 2838
3110, 5, 0.9624687239366139, 0.9524707673295313, 0.9724666805436964, 2398
3081, 4, 0.9707912904938927, 0.9607949781151204, 0.980787602872665, 1883
3095, 4, 0.9705263157894737, 0.960531151680562, 0.9805214798983853, 1900
3091, 5, 0.9633262260127932, 0.953327632121223, 0.9733248199043634, 2345
3122, 6, 0.9576523031203567, 0.9476539802394036, 0.9676506260013097, 2692
3113, 6, 0.9582235604064735, 0.9482247296800549, 0.9682223911328921, 2657
3135, 6, 0.9559770937723694, 0.9459794937968572, 0.9659746937478816, 2794
# timestamp 01.10.2025 19:25:27 (1759339527), datastructure reach_tree_reduced
# timebound 18, expirations {"r1": 0, "r2": 0}
# alpha 0.1, gamma 1
# fixed points 5, uniform granularity 0.5
# scheduler goal: MAXIMIZING, scope: NONPROPHETIC, history: MEMORYLESS
# training runs 1000000

[2025-10-01 20:50:47.135] [info] 2.7 Simulating on reduced Reach Tree: 190338
[2025-10-01 20:50:50.549] [info] Analysis finished; the goal is not reachable.
[2025-10-01 20:50:50.549] [info] Probability: 0.0
[2025-10-01 20:50:50.549] [info] 2 Analysis: 5123320
[2025-10-01 20:50:50.549] [info] 0 Computation Time Complete: 5123321
[2025-10-01 20:50:50.549] [info] Counters and timers:
Counters:

Timers:
0 Computation Time Complete: 5123321
1 Model creation: 0
2 Analysis: 5123320
2.2 Reachability Analysis: 4866420
2.3 Augment Reach Tree: 178
2.4 Creating Unified Datastructure from Reach Tree: 131
2.5 Simulating on full Reach Tree: 0
2.6 Pre-checking and Reduction: 62752
2.6.0 Labeling Reach Tree Nodes: 62746
2.6.1 Removing Unfulfilling Subtrees: 5
2.7 Simulating on reduced Reach Tree: 190338

