timebound = 20, jump depth = 100, max expirations of random clocks = [{r1: 0}, {r2: 0}], combine absorbing locations in unrolling = 21, integration bound(s) = 20, integration samples = 500000, model = WATERTANK, model case = CASE_A, LTI analysis = rectangular analysis, scheduler = goal: MAXIMIZING, scope: PROPHETIC, history: HISTORY_DEPENDENT, multithreaded = 1, disableBackwardsRefinement = 0
simulating 0 runs after 1000000 training runs with parameters:
learning rate                 0.1
discount factor               1
exploration rate              0.15
uniform granularity           0.5
adaptive compartments         5


[2025-10-01 20:50:50.798] [warning] no flow specified for variable c1 in location all_off - assuming flow of 0
[2025-10-01 20:50:50.798] [warning] no flow specified for variable c1 in location v2_on - assuming flow of 0
[2025-10-01 20:50:50.798] [warning] no flow specified for variable c1 in location v1_block - assuming flow of 0
[2025-10-01 20:50:50.798] [warning] no flow specified for variable c1 in location v2_block - assuming flow of 0
[2025-10-01 20:50:50.798] [warning] no flow specified for variable c1 in location v1_block_v2_on - assuming flow of 0
[2025-10-01 20:50:50.798] [warning] no flow specified for variable c1 in location block_safe - assuming flow of 0
[2025-10-01 20:50:50.798] [warning] no flow specified for variable c1 in location block_unsafe - assuming flow of 0
[2025-10-01 20:50:50.798] [warning] no flow specified for variable c2 in location all_off - assuming flow of 0
[2025-10-01 20:50:50.798] [warning] no flow specified for variable c2 in location v1_on - assuming flow of 0
[2025-10-01 20:50:50.798] [warning] no flow specified for variable c2 in location v1_block - assuming flow of 0
[2025-10-01 20:50:50.798] [warning] no flow specified for variable c2 in location v2_block - assuming flow of 0
[2025-10-01 20:50:50.798] [warning] no flow specified for variable c2 in location v2_block_v1_on - assuming flow of 0
[2025-10-01 20:50:50.798] [warning] no flow specified for variable c2 in location block_safe - assuming flow of 0
[2025-10-01 20:50:50.798] [warning] no flow specified for variable c2 in location block_unsafe - assuming flow of 0
[2025-10-01 20:50:50.798] [warning] no constraints specified for variable c1 in initial constraint number 0 - assuming [0,0]
[2025-10-01 20:50:50.798] [warning] no constraints specified for variable c2 in initial constraint number 0 - assuming [0,0]
[2025-10-01 20:50:50.798] [info] 1 Model creation: 0
[2025-10-02 03:40:48.846] [info] 2.2 Reachability Analysis: 24598047
[2025-10-02 03:40:49.815] [info] 2.3 Augment Reach Tree: 969
[2025-10-02 03:40:51.091] [info] 2.4 Creating Unified Datastructure from Reach Tree: 835
[2025-10-02 03:40:51.091] [info] 2.5 Simulating on full Reach Tree: 0
[2025-10-02 03:46:37.951] [info] 2.6.0 Labeling Reach Tree Nodes: 346844
[2025-10-02 03:46:37.977] [info] 2.6.1 Removing Unfulfilling Subtrees: 26
[2025-10-02 03:46:37.977] [info] 2.6 Pre-checking and Reduction: 346871
[2025-10-02 03:46:37.994] [info] node count before and after reduction 1255945 1178887
[2025-10-02 03:46:42.991] [info] runs 1373 | prob 0.9788783685360525 | low 0.9688820822351734 | high 0.9888746548369316
[2025-10-02 03:46:47.958] [info] runs 1000 | prob 0.986 | low 0.976429197948761 | high 0.9955708020512389
[2025-10-02 03:46:52.920] [info] runs 1000 | prob 0.985 | low 0.9750983036604832 | high 0.9949016963395168
[2025-10-02 03:46:57.904] [info] runs 1170 | prob 0.982051282051282 | low 0.9720527388418739 | high 0.9920498252606901
[2025-10-02 03:47:02.888] [info] runs 1000 | prob 0.988 | low 0.9791301769884625 | high 0.9968698230115375
[2025-10-02 03:47:07.881] [info] runs 1114 | prob 0.9829443447037702 | low 0.9729512056070148 | high 0.9929374838005257
[2025-10-02 03:47:12.897] [info] runs 1114 | prob 0.9829443447037702 | low 0.9729512056070148 | high 0.9929374838005257
[2025-10-02 03:47:17.899] [info] runs 1250 | prob 0.9808 | low 0.9708015726542477 | high 0.9907984273457523
[2025-10-02 03:47:22.883] [info] runs 1023 | prob 0.9843597262952102 | low 0.974366467494181 | high 0.9943529850962394
[2025-10-02 03:47:27.840] [info] runs 1114 | prob 0.9829443447037702 | low 0.9729512056070148 | high 0.9929374838005257
[2025-10-02 03:47:32.831] [info] runs 1023 | prob 0.9843597262952102 | low 0.974366467494181 | high 0.9943529850962394
[2025-10-02 03:47:37.792] [info] runs 1000 | prob 0.992 | low 0.9847431743622986 | high 0.9992568256377014
[2025-10-02 03:47:42.773] [info] runs 1000 | prob 0.985 | low 0.9750983036604832 | high 0.9949016963395168
[2025-10-02 03:47:47.726] [info] runs 1000 | prob 0.989 | low 0.9805034944180563 | high 0.9974965055819437
[2025-10-02 03:47:52.718] [info] runs 1000 | prob 0.987 | low 0.9777726687576526 | high 0.9962273312423474
[2025-10-02 03:47:57.649] [info] runs 1000 | prob 0.99 | low 0.9818948052213411 | high 0.9981051947786589
[2025-10-02 03:48:02.617] [info] runs 1000 | prob 0.986 | low 0.976429197948761 | high 0.9955708020512389
[2025-10-02 03:48:07.567] [info] runs 1000 | prob 0.994 | low 0.9877090725593121 | high 1
[2025-10-02 03:48:12.483] [info] runs 1000 | prob 0.989 | low 0.9805034944180563 | high 0.9974965055819437
[2025-10-02 03:48:17.449] [info] runs 1000 | prob 0.985 | low 0.9750983036604832 | high 0.9949016963395168
[2025-10-02 03:48:22.452] [info] runs 1419 | prob 0.97815362931642 | low 0.9681571321901097 | high 0.9881501264427304
[2025-10-02 03:48:27.385] [info] runs 1000 | prob 0.988 | low 0.9791301769884625 | high 0.9968698230115375
[2025-10-02 03:48:32.329] [info] runs 1198 | prob 0.9816360601001669 | low 0.9716435261404355 | high 0.9916285940598983
[2025-10-02 03:48:37.293] [info] runs 1000 | prob 0.992 | low 0.9847431743622986 | high 0.9992568256377014
[2025-10-02 03:48:42.251] [info] runs 1170 | prob 0.982051282051282 | low 0.9720527388418739 | high 0.9920498252606901
[2025-10-02 03:48:42.331] [info] RESULT:
training_time, simulation_time, prob, low, high, runs
4991, 5, 0.9788783685360525, 0.9688820822351734, 0.9888746548369316, 1373
4876, 3, 0.986, 0.976429197948761, 0.9955708020512389, 1000
4878, 3, 0.985, 0.9750983036604832, 0.9949016963395168, 1000
4902, 4, 0.982051282051282, 0.9720527388418739, 0.9920498252606901, 1170
4901, 3, 0.988, 0.9791301769884625, 0.9968698230115375, 1000
4908, 4, 0.9829443447037702, 0.9729512056070148, 0.9929374838005257, 1114
4932, 4, 0.9829443447037702, 0.9729512056070148, 0.9929374838005257, 1114
4916, 4, 0.9808, 0.9708015726542477, 0.9907984273457523, 1250
4899, 3, 0.9843597262952102, 0.974366467494181, 0.9943529850962394, 1023
4884, 4, 0.9829443447037702, 0.9729512056070148, 0.9929374838005257, 1114
4914, 3, 0.9843597262952102, 0.974366467494181, 0.9943529850962394, 1023
4878, 3, 0.992, 0.9847431743622986, 0.9992568256377014, 1000
4901, 3, 0.985, 0.9750983036604832, 0.9949016963395168, 1000
4869, 3, 0.989, 0.9805034944180563, 0.9974965055819437, 1000
4911, 3, 0.987, 0.9777726687576526, 0.9962273312423474, 1000
4848, 3, 0.99, 0.9818948052213411, 0.9981051947786589, 1000
4886, 3, 0.986, 0.976429197948761, 0.9955708020512389, 1000
4868, 3, 0.994, 0.9877090725593121, 1, 1000
4840, 3, 0.989, 0.9805034944180563, 0.9974965055819437, 1000
4882, 3, 0.985, 0.9750983036604832, 0.9949016963395168, 1000
4920, 5, 0.97815362931642, 0.9681571321901097, 0.9881501264427304, 1419
4853, 3, 0.988, 0.9791301769884625, 0.9968698230115375, 1000
4862, 4, 0.9816360601001669, 0.9716435261404355, 0.9916285940598983, 1198
4882, 3, 0.992, 0.9847431743622986, 0.9992568256377014, 1000
4875, 4, 0.982051282051282, 0.9720527388418739, 0.9920498252606901, 1170
# timestamp 01.10.2025 20:50:50 (1759344650), datastructure reach_tree_reduced
# timebound 20, expirations {"r1": 0, "r2": 0}
# alpha 0.1, gamma 1
# fixed points 5, uniform granularity 0.5
# scheduler goal: MAXIMIZING, scope: PROPHETIC, history: MEMORYLESS
# training runs 1000000

[2025-10-02 03:48:45.666] [info] runs 1276 | prob 0.9804075235109718 | low 0.9704128524301917 | high 0.9904021945917519
[2025-10-02 03:48:48.962] [info] runs 1373 | prob 0.9788783685360525 | low 0.9688820822351734 | high 0.9888746548369316
[2025-10-02 03:48:52.294] [info] runs 1528 | prob 0.9764397905759162 | low 0.9664444754856503 | high 0.9864351056661822
[2025-10-02 03:48:55.603] [info] runs 1301 | prob 0.9800153727901614 | low 0.9700206286657813 | high 0.9900101169145414
[2025-10-02 03:48:58.939] [info] runs 1589 | prob 0.9754562617998741 | low 0.9654572250290147 | high 0.9854552985707336
[2025-10-02 03:49:02.250] [info] runs 1419 | prob 0.97815362931642 | low 0.9681571321901097 | high 0.9881501264427304
[2025-10-02 03:49:05.603] [info] runs 1549 | prob 0.9761136216914138 | low 0.966119480291616 | high 0.9861077630912116
[2025-10-02 03:49:08.888] [info] runs 1142 | prob 0.9824868651488616 | low 0.9724878292151417 | high 0.9924859010825816
[2025-10-02 03:49:12.202] [info] runs 1549 | prob 0.9761136216914138 | low 0.966119480291616 | high 0.9861077630912116
[2025-10-02 03:49:15.507] [info] runs 1569 | prob 0.975780752071383 | low 0.9657832653272805 | high 0.9857782388154855
[2025-10-02 03:49:18.838] [info] runs 1706 | prob 0.9736225087924971 | low 0.9636278403522696 | high 0.9836171772327247
[2025-10-02 03:49:22.159] [info] runs 1528 | prob 0.9764397905759162 | low 0.9664444754856503 | high 0.9864351056661822
[2025-10-02 03:49:25.462] [info] runs 1250 | prob 0.9808 | low 0.9708015726542477 | high 0.9907984273457523
[2025-10-02 03:49:28.786] [info] runs 1706 | prob 0.9736225087924971 | low 0.9636278403522696 | high 0.9836171772327247
[2025-10-02 03:49:32.092] [info] runs 1325 | prob 0.979622641509434 | low 0.969623993735661 | high 0.989621289283207
[2025-10-02 03:49:35.405] [info] runs 1507 | prob 0.9767750497677505 | low 0.966780484523591 | high 0.9867696150119101
[2025-10-02 03:49:38.740] [info] runs 1396 | prob 0.9785100286532952 | low 0.9685122456060832 | high 0.9885078117005072
[2025-10-02 03:49:42.091] [info] runs 1706 | prob 0.9736225087924971 | low 0.9636278403522696 | high 0.9836171772327247
[2025-10-02 03:49:45.429] [info] runs 1349 | prob 0.9792438843587843 | low 0.969244843140145 | high 0.9892429255774235
[2025-10-02 03:49:48.752] [info] runs 1325 | prob 0.979622641509434 | low 0.969623993735661 | high 0.989621289283207
[2025-10-02 03:49:52.052] [info] runs 1349 | prob 0.9792438843587843 | low 0.969244843140145 | high 0.9892429255774235
[2025-10-02 03:49:55.390] [info] runs 1198 | prob 0.9816360601001669 | low 0.9716435261404355 | high 0.9916285940598983
[2025-10-02 03:49:58.730] [info] runs 1609 | prob 0.9751398384089497 | low 0.9651409145793873 | high 0.985138762238512
[2025-10-02 03:50:02.045] [info] runs 1198 | prob 0.9816360601001669 | low 0.9716435261404355 | high 0.9916285940598983
[2025-10-02 03:50:05.357] [info] runs 1276 | prob 0.9804075235109718 | low 0.9704128524301917 | high 0.9904021945917519
[2025-10-02 03:50:05.357] [info] RESULT:
training_time, simulation_time, prob, low, high, runs
3330, 3, 0.9804075235109718, 0.9704128524301917, 0.9904021945917519, 1276
3292, 3, 0.9788783685360525, 0.9688820822351734, 0.9888746548369316, 1373
3327, 4, 0.9764397905759162, 0.9664444754856503, 0.9864351056661822, 1528
3305, 3, 0.9800153727901614, 0.9700206286657813, 0.9900101169145414, 1301
3331, 4, 0.9754562617998741, 0.9654572250290147, 0.9854552985707336, 1589
3306, 3, 0.97815362931642, 0.9681571321901097, 0.9881501264427304, 1419
3348, 4, 0.9761136216914138, 0.966119480291616, 0.9861077630912116, 1549
3281, 2, 0.9824868651488616, 0.9724878292151417, 0.9924859010825816, 1142
3310, 3, 0.9761136216914138, 0.966119480291616, 0.9861077630912116, 1549
3301, 4, 0.975780752071383, 0.9657832653272805, 0.9857782388154855, 1569
3326, 4, 0.9736225087924971, 0.9636278403522696, 0.9836171772327247, 1706
3315, 4, 0.9764397905759162, 0.9664444754856503, 0.9864351056661822, 1528
3299, 3, 0.9808, 0.9708015726542477, 0.9907984273457523, 1250
3319, 4, 0.9736225087924971, 0.9636278403522696, 0.9836171772327247, 1706
3302, 3, 0.979622641509434, 0.969623993735661, 0.989621289283207, 1325
3308, 3, 0.9767750497677505, 0.966780484523591, 0.9867696150119101, 1507
3332, 3, 0.9785100286532952, 0.9685122456060832, 0.9885078117005072, 1396
3345, 4, 0.9736225087924971, 0.9636278403522696, 0.9836171772327247, 1706
3333, 3, 0.9792438843587843, 0.969244843140145, 0.9892429255774235, 1349
3319, 3, 0.979622641509434, 0.969623993735661, 0.989621289283207, 1325
3295, 3, 0.9792438843587843, 0.969244843140145, 0.9892429255774235, 1349
3334, 3, 0.9816360601001669, 0.9716435261404355, 0.9916285940598983, 1198
3335, 4, 0.9751398384089497, 0.9651409145793873, 0.985138762238512, 1609
3312, 3, 0.9816360601001669, 0.9716435261404355, 0.9916285940598983, 1198
3308, 3, 0.9804075235109718, 0.9704128524301917, 0.9904021945917519, 1276
# timestamp 01.10.2025 20:50:50 (1759344650), datastructure reach_tree_reduced
# timebound 20, expirations {"r1": 0, "r2": 0}
# alpha 0.1, gamma 1
# fixed points 5, uniform granularity 0.5
# scheduler goal: MAXIMIZING, scope: NONPROPHETIC, history: MEMORYLESS
# training runs 1000000

[2025-10-02 03:50:05.357] [info] 2.7 Simulating on reduced Reach Tree: 207363
[2025-10-02 03:50:26.258] [info] Analysis finished; the goal is not reachable.
[2025-10-02 03:50:26.258] [info] Probability: 0.0
[2025-10-02 03:50:26.258] [info] 2 Analysis: 25175460
[2025-10-02 03:50:26.258] [info] 0 Computation Time Complete: 25175460
[2025-10-02 03:50:26.258] [info] Counters and timers:
Counters:

Timers:
0 Computation Time Complete: 25175460
1 Model creation: 0
2 Analysis: 25175460
2.2 Reachability Analysis: 24598047
2.3 Augment Reach Tree: 969
2.4 Creating Unified Datastructure from Reach Tree: 835
2.5 Simulating on full Reach Tree: 0
2.6 Pre-checking and Reduction: 346871
2.6.0 Labeling Reach Tree Nodes: 346844
2.6.1 Removing Unfulfilling Subtrees: 26
2.7 Simulating on reduced Reach Tree: 207363

