timebound = 8, jump depth = 100, max expirations of random clocks = [{r1: 0}, {r2: 0}], combine absorbing locations in unrolling = 210, integration bound(s) = 8, integration samples = 500000, model = WATERTANK, model case = CASE_A, LTI analysis = rectangular analysis, scheduler = goal: MAXIMIZING, scope: PROPHETIC, history: HISTORY_DEPENDENT, multithreaded = 1, disableBackwardsRefinement = 0
simulating 0 runs after 5000 training runs with parameters:
learning rate                 0.1
discount factor               1
exploration rate              0.15
uniform granularity           1
adaptive compartments         5


[2025-10-01 18:49:00.688] [warning] no flow specified for variable c1 in location all_off - assuming flow of 0
[2025-10-01 18:49:00.688] [warning] no flow specified for variable c1 in location v2_on - assuming flow of 0
[2025-10-01 18:49:00.688] [warning] no flow specified for variable c1 in location v1_block - assuming flow of 0
[2025-10-01 18:49:00.688] [warning] no flow specified for variable c1 in location v2_block - assuming flow of 0
[2025-10-01 18:49:00.688] [warning] no flow specified for variable c1 in location v1_block_v2_on - assuming flow of 0
[2025-10-01 18:49:00.688] [warning] no flow specified for variable c1 in location block_safe - assuming flow of 0
[2025-10-01 18:49:00.688] [warning] no flow specified for variable c1 in location block_unsafe - assuming flow of 0
[2025-10-01 18:49:00.688] [warning] no flow specified for variable c2 in location all_off - assuming flow of 0
[2025-10-01 18:49:00.688] [warning] no flow specified for variable c2 in location v1_on - assuming flow of 0
[2025-10-01 18:49:00.688] [warning] no flow specified for variable c2 in location v1_block - assuming flow of 0
[2025-10-01 18:49:00.688] [warning] no flow specified for variable c2 in location v2_block - assuming flow of 0
[2025-10-01 18:49:00.688] [warning] no flow specified for variable c2 in location v2_block_v1_on - assuming flow of 0
[2025-10-01 18:49:00.688] [warning] no flow specified for variable c2 in location block_safe - assuming flow of 0
[2025-10-01 18:49:00.688] [warning] no flow specified for variable c2 in location block_unsafe - assuming flow of 0
[2025-10-01 18:49:00.689] [warning] no constraints specified for variable c1 in initial constraint number 0 - assuming [0,0]
[2025-10-01 18:49:00.689] [warning] no constraints specified for variable c2 in initial constraint number 0 - assuming [0,0]
[2025-10-01 18:49:00.689] [info] 1 Model creation: 0
[2025-10-01 18:49:02.194] [info] 2.2 Reachability Analysis: 1505
[2025-10-01 18:49:02.194] [info] 2.3 Augment Reach Tree: 0
[2025-10-01 18:49:02.194] [info] 2.4 Creating Unified Datastructure from Reach Tree: 0
[2025-10-01 18:49:02.194] [info] 2.5 Simulating on full Reach Tree: 0
[2025-10-01 18:49:02.223] [info] 2.6.0 Labeling Reach Tree Nodes: 29
[2025-10-01 18:49:02.223] [info] 2.6.1 Removing Unfulfilling Subtrees: 0
[2025-10-01 18:49:02.223] [info] 2.6 Pre-checking and Reduction: 29
[2025-10-01 18:49:02.223] [info] node count before and after reduction 80 77
[2025-10-01 18:49:02.262] [info] runs 16519 | prob 0.5327804346510079 | low 0.522780696531247 | high 0.5427801727707687
[2025-10-01 18:49:02.301] [info] runs 16528 | prob 0.5306752178121975 | low 0.5206755205134941 | high 0.5406749151109009
[2025-10-01 18:49:02.339] [info] runs 16501 | prob 0.5366341433852494 | low 0.5266343300805303 | high 0.5466339566899685
[2025-10-01 18:49:02.378] [info] runs 16507 | prob 0.5354698006906161 | low 0.5254701172723836 | high 0.5454694841088487
[2025-10-01 18:49:02.416] [info] runs 16513 | prob 0.5340640707321505 | low 0.5240642399793589 | high 0.544063901484942
[2025-10-01 18:49:02.455] [info] runs 16497 | prob 0.5374916651512396 | low 0.5274919179650881 | high 0.5474914123373911
[2025-10-01 18:49:02.493] [info] runs 16506 | prob 0.5355628256391615 | low 0.5255629721402149 | high 0.5455626791381081
[2025-10-01 18:49:02.532] [info] runs 16522 | prob 0.5318968647863455 | low 0.5218968868924971 | high 0.5418968426801938
[2025-10-01 18:49:02.570] [info] runs 16510 | prob 0.5347668079951544 | low 0.524767040789354 | high 0.5447665752009548
[2025-10-01 18:49:02.609] [info] runs 16500 | prob 0.5368484848484848 | low 0.5268486852400551 | high 0.5468482844569145
[2025-10-01 18:49:02.648] [info] runs 16529 | prob 0.5303406134672394 | low 0.5203408088298671 | high 0.5403404181046116
[2025-10-01 18:49:02.686] [info] runs 16532 | prob 0.5296394870554076 | low 0.5196397457203195 | high 0.5396392283904958
[2025-10-01 18:49:02.724] [info] runs 16482 | prob 0.5403470452614973 | low 0.5303472220437448 | high 0.5503468684792499
[2025-10-01 18:49:02.763] [info] runs 16497 | prob 0.5375522822331333 | low 0.5275526265384106 | high 0.5475519379278561
[2025-10-01 18:49:02.801] [info] runs 16505 | prob 0.5357770372614359 | low 0.525777188033125 | high 0.5457768864897468
[2025-10-01 18:49:02.840] [info] runs 16517 | prob 0.5331476660410486 | low 0.5231478088547998 | high 0.5431475232272973
[2025-10-01 18:49:02.878] [info] runs 16505 | prob 0.5358376249621327 | low 0.5258378629588372 | high 0.5458373869654283
[2025-10-01 18:49:02.917] [info] runs 16525 | prob 0.531376701966717 | low 0.5213769709700131 | high 0.541376432963421
[2025-10-01 18:49:02.956] [info] runs 16494 | prob 0.5381350794228205 | low 0.5281354016807702 | high 0.5481347571648707
[2025-10-01 18:49:02.994] [info] runs 16536 | prob 0.5286042573778423 | low 0.5186045156522673 | high 0.5386039991034174
[2025-10-01 18:49:03.033] [info] runs 16522 | prob 0.5320179155065973 | low 0.5220180929845198 | high 0.5420177380286747
[2025-10-01 18:49:03.071] [info] runs 16526 | prob 0.5310419944330147 | low 0.5210421465269607 | high 0.5410418423390687
[2025-10-01 18:49:03.110] [info] runs 16511 | prob 0.5344315910605051 | low 0.5244316605330269 | high 0.5444315215879832
[2025-10-01 18:49:03.148] [info] runs 16527 | prob 0.5308283415017849 | low 0.5208285307480083 | high 0.5408281522555616
[2025-10-01 18:49:03.187] [info] runs 16528 | prob 0.5304332042594385 | low 0.5204332100753125 | high 0.5404331984435645
[2025-10-01 18:49:03.187] [info] RESULT:
training_time, simulation_time, prob, low, high, runs
11, 27, 0.5327804346510079, 0.522780696531247, 0.5427801727707687, 16519
11, 27, 0.5306752178121975, 0.5206755205134941, 0.5406749151109009, 16528
11, 27, 0.5366341433852494, 0.5266343300805303, 0.5466339566899685, 16501
11, 27, 0.5354698006906161, 0.5254701172723836, 0.5454694841088487, 16507
11, 27, 0.5340640707321505, 0.5240642399793589, 0.544063901484942, 16513
11, 27, 0.5374916651512396, 0.5274919179650881, 0.5474914123373911, 16497
11, 27, 0.5355628256391615, 0.5255629721402149, 0.5455626791381081, 16506
11, 27, 0.5318968647863455, 0.5218968868924971, 0.5418968426801938, 16522
11, 27, 0.5347668079951544, 0.524767040789354, 0.5447665752009548, 16510
11, 27, 0.5368484848484848, 0.5268486852400551, 0.5468482844569145, 16500
11, 27, 0.5303406134672394, 0.5203408088298671, 0.5403404181046116, 16529
11, 27, 0.5296394870554076, 0.5196397457203195, 0.5396392283904958, 16532
11, 27, 0.5403470452614973, 0.5303472220437448, 0.5503468684792499, 16482
11, 27, 0.5375522822331333, 0.5275526265384106, 0.5475519379278561, 16497
11, 27, 0.5357770372614359, 0.525777188033125, 0.5457768864897468, 16505
11, 27, 0.5331476660410486, 0.5231478088547998, 0.5431475232272973, 16517
11, 27, 0.5358376249621327, 0.5258378629588372, 0.5458373869654283, 16505
11, 27, 0.531376701966717, 0.5213769709700131, 0.541376432963421, 16525
11, 27, 0.5381350794228205, 0.5281354016807702, 0.5481347571648707, 16494
11, 27, 0.5286042573778423, 0.5186045156522673, 0.5386039991034174, 16536
11, 27, 0.5320179155065973, 0.5220180929845198, 0.5420177380286747, 16522
11, 27, 0.5310419944330147, 0.5210421465269607, 0.5410418423390687, 16526
11, 27, 0.5344315910605051, 0.5244316605330269, 0.5444315215879832, 16511
11, 27, 0.5308283415017849, 0.5208285307480083, 0.5408281522555616, 16527
11, 27, 0.5304332042594385, 0.5204332100753125, 0.5404331984435645, 16528
# timestamp 01.10.2025 18:49:00 (1759337340), datastructure reach_tree_reduced
# timebound 8, expirations {"r1": 0, "r2": 0}
# alpha 0.1, gamma 1
# fixed points 5, uniform granularity 1
# scheduler goal: MAXIMIZING, scope: NONPROPHETIC, history: DISCRETE_HISTORY
# training runs 5000

[2025-10-01 18:49:03.223] [info] runs 16517 | prob 0.5332687534055821 | low 0.5232690577721555 | high 0.5432684490390087
[2025-10-01 18:49:03.259] [info] runs 16519 | prob 0.5327804346510079 | low 0.522780696531247 | high 0.5427801727707687
[2025-10-01 18:49:03.295] [info] runs 16526 | prob 0.5311025051434104 | low 0.5211027327356551 | high 0.5411022775511657
[2025-10-01 18:49:03.330] [info] runs 16494 | prob 0.5380138232084394 | low 0.5280139597230074 | high 0.5480136866938714
[2025-10-01 18:49:03.366] [info] runs 16518 | prob 0.5330548492553578 | low 0.5230551713391073 | high 0.5430545271716084
[2025-10-01 18:49:03.402] [info] runs 16524 | prob 0.5315298959089809 | low 0.5215300558375408 | high 0.5415297359804211
[2025-10-01 18:49:03.438] [info] runs 16487 | prob 0.5393340207436161 | low 0.5293340894089262 | high 0.549333952078306
[2025-10-01 18:49:03.474] [info] runs 16481 | prob 0.5404405072507736 | low 0.530440532667484 | high 0.5504404818340632
[2025-10-01 18:49:03.510] [info] runs 16483 | prob 0.540132257477401 | low 0.5301323896391456 | high 0.5501321253156565
[2025-10-01 18:49:03.546] [info] runs 16513 | prob 0.533942954036214 | low 0.5239429577836933 | high 0.5439429502887346
[2025-10-01 18:49:03.582] [info] runs 16516 | prob 0.5334221361104383 | low 0.5234223432504991 | high 0.5434219289703776
[2025-10-01 18:49:03.618] [info] runs 16539 | prob 0.5276618900779975 | low 0.5176619915482482 | high 0.5376617886077467
[2025-10-01 18:49:03.654] [info] runs 16489 | prob 0.5389653708532961 | low 0.5289654651576257 | high 0.5489652765489665
[2025-10-01 18:49:03.690] [info] runs 16494 | prob 0.5380744513156299 | low 0.5280746806275151 | high 0.5480742220037448
[2025-10-01 18:49:03.726] [info] runs 16521 | prob 0.5323527631499304 | low 0.5223530708698632 | high 0.5423524554299977
[2025-10-01 18:49:03.762] [info] runs 16521 | prob 0.5321711760789298 | low 0.5221712484893729 | high 0.5421711036684868
[2025-10-01 18:49:03.797] [info] runs 16498 | prob 0.537216632319069 | low 0.5272167749601042 | high 0.5472164896780338
[2025-10-01 18:49:03.834] [info] runs 16510 | prob 0.5347062386432465 | low 0.5247063868721461 | high 0.5447060904143469
[2025-10-01 18:49:03.869] [info] runs 16524 | prob 0.5315904139433552 | low 0.5215906505743378 | high 0.5415901773123725
[2025-10-01 18:49:03.905] [info] runs 16494 | prob 0.537953195101249 | low 0.527953238967243 | high 0.5479531512352549
[2025-10-01 18:49:03.941] [info] runs 16512 | prob 0.5343386627906976 | low 0.5243389066583699 | high 0.5443384189230254
[2025-10-01 18:49:03.978] [info] runs 16524 | prob 0.5315298959089809 | low 0.5215300558375408 | high 0.5415297359804211
[2025-10-01 18:49:04.014] [info] runs 16503 | prob 0.53620553838696 | low 0.5262057033501858 | high 0.5462053734237341
[2025-10-01 18:49:04.050] [info] runs 16505 | prob 0.5357164495607392 | low 0.5257165132557607 | high 0.5457163858657176
[2025-10-01 18:49:04.086] [info] runs 16513 | prob 0.5340640707321505 | low 0.5240642399793589 | high 0.544063901484942
[2025-10-01 18:49:04.086] [info] RESULT:
training_time, simulation_time, prob, low, high, runs
10, 25, 0.5332687534055821, 0.5232690577721555, 0.5432684490390087, 16517
10, 25, 0.5327804346510079, 0.522780696531247, 0.5427801727707687, 16519
10, 25, 0.5311025051434104, 0.5211027327356551, 0.5411022775511657, 16526
10, 25, 0.5380138232084394, 0.5280139597230074, 0.5480136866938714, 16494
10, 25, 0.5330548492553578, 0.5230551713391073, 0.5430545271716084, 16518
10, 25, 0.5315298959089809, 0.5215300558375408, 0.5415297359804211, 16524
10, 25, 0.5393340207436161, 0.5293340894089262, 0.549333952078306, 16487
10, 25, 0.5404405072507736, 0.530440532667484, 0.5504404818340632, 16481
10, 25, 0.540132257477401, 0.5301323896391456, 0.5501321253156565, 16483
10, 25, 0.533942954036214, 0.5239429577836933, 0.5439429502887346, 16513
10, 25, 0.5334221361104383, 0.5234223432504991, 0.5434219289703776, 16516
10, 25, 0.5276618900779975, 0.5176619915482482, 0.5376617886077467, 16539
10, 25, 0.5389653708532961, 0.5289654651576257, 0.5489652765489665, 16489
10, 25, 0.5380744513156299, 0.5280746806275151, 0.5480742220037448, 16494
10, 25, 0.5323527631499304, 0.5223530708698632, 0.5423524554299977, 16521
10, 25, 0.5321711760789298, 0.5221712484893729, 0.5421711036684868, 16521
10, 25, 0.537216632319069, 0.5272167749601042, 0.5472164896780338, 16498
10, 25, 0.5347062386432465, 0.5247063868721461, 0.5447060904143469, 16510
10, 25, 0.5315904139433552, 0.5215906505743378, 0.5415901773123725, 16524
10, 25, 0.537953195101249, 0.527953238967243, 0.5479531512352549, 16494
10, 25, 0.5343386627906976, 0.5243389066583699, 0.5443384189230254, 16512
10, 26, 0.5315298959089809, 0.5215300558375408, 0.5415297359804211, 16524
10, 25, 0.53620553838696, 0.5262057033501858, 0.5462053734237341, 16503
10, 26, 0.5357164495607392, 0.5257165132557607, 0.5457163858657176, 16505
10, 25, 0.5340640707321505, 0.5240642399793589, 0.544063901484942, 16513
# timestamp 01.10.2025 18:49:00 (1759337340), datastructure reach_tree_reduced
# timebound 8, expirations {"r1": 0, "r2": 0}
# alpha 0.1, gamma 1
# fixed points 5, uniform granularity 1
# scheduler goal: MAXIMIZING, scope: NONPROPHETIC, history: MEMORYLESS
# training runs 5000

[2025-10-01 18:49:04.086] [info] 2.7 Simulating on reduced Reach Tree: 1862
[2025-10-01 18:49:04.087] [info] Analysis finished; the goal is not reachable.
[2025-10-01 18:49:04.087] [info] Probability: 0.0
[2025-10-01 18:49:04.087] [info] 2 Analysis: 3398
[2025-10-01 18:49:04.087] [info] 0 Computation Time Complete: 3399
[2025-10-01 18:49:04.087] [info] Counters and timers:
Counters:

Timers:
0 Computation Time Complete: 3399
1 Model creation: 0
2 Analysis: 3398
2.2 Reachability Analysis: 1505
2.3 Augment Reach Tree: 0
2.4 Creating Unified Datastructure from Reach Tree: 0
2.5 Simulating on full Reach Tree: 0
2.6 Pre-checking and Reduction: 29
2.6.0 Labeling Reach Tree Nodes: 29
2.6.1 Removing Unfulfilling Subtrees: 0
2.7 Simulating on reduced Reach Tree: 1862

timebound = 8, jump depth = 100, max expirations of random clocks = [{r1: 0}, {r2: 0}], combine absorbing locations in unrolling = 190, integration bound(s) = 8, integration samples = 500000, model = WATERTANK, model case = CASE_A, LTI analysis = rectangular analysis, scheduler = goal: MAXIMIZING, scope: PROPHETIC, history: HISTORY_DEPENDENT, multithreaded = 1, disableBackwardsRefinement = 0
simulating 0 runs after 20000 training runs with parameters:
learning rate                 0.1
discount factor               1
exploration rate              0.15
uniform granularity           1
adaptive compartments         5


[2025-10-01 18:49:04.125] [warning] no flow specified for variable c1 in location all_off - assuming flow of 0
[2025-10-01 18:49:04.125] [warning] no flow specified for variable c1 in location v2_on - assuming flow of 0
[2025-10-01 18:49:04.125] [warning] no flow specified for variable c1 in location v1_block - assuming flow of 0
[2025-10-01 18:49:04.125] [warning] no flow specified for variable c1 in location v2_block - assuming flow of 0
[2025-10-01 18:49:04.125] [warning] no flow specified for variable c1 in location v1_block_v2_on - assuming flow of 0
[2025-10-01 18:49:04.125] [warning] no flow specified for variable c1 in location block_safe - assuming flow of 0
[2025-10-01 18:49:04.125] [warning] no flow specified for variable c1 in location block_unsafe - assuming flow of 0
[2025-10-01 18:49:04.125] [warning] no flow specified for variable c2 in location all_off - assuming flow of 0
[2025-10-01 18:49:04.125] [warning] no flow specified for variable c2 in location v1_on - assuming flow of 0
[2025-10-01 18:49:04.125] [warning] no flow specified for variable c2 in location v1_block - assuming flow of 0
[2025-10-01 18:49:04.125] [warning] no flow specified for variable c2 in location v2_block - assuming flow of 0
[2025-10-01 18:49:04.125] [warning] no flow specified for variable c2 in location v2_block_v1_on - assuming flow of 0
[2025-10-01 18:49:04.125] [warning] no flow specified for variable c2 in location block_safe - assuming flow of 0
[2025-10-01 18:49:04.125] [warning] no flow specified for variable c2 in location block_unsafe - assuming flow of 0
[2025-10-01 18:49:04.125] [warning] no constraints specified for variable c1 in initial constraint number 0 - assuming [0,0]
[2025-10-01 18:49:04.125] [warning] no constraints specified for variable c2 in initial constraint number 0 - assuming [0,0]
[2025-10-01 18:49:04.125] [info] 1 Model creation: 0
[2025-10-01 18:49:05.629] [info] 2.2 Reachability Analysis: 1503
[2025-10-01 18:49:05.629] [info] 2.3 Augment Reach Tree: 0
[2025-10-01 18:49:05.629] [info] 2.4 Creating Unified Datastructure from Reach Tree: 0
[2025-10-01 18:49:05.629] [info] 2.5 Simulating on full Reach Tree: 0
[2025-10-01 18:49:05.660] [info] 2.6.0 Labeling Reach Tree Nodes: 30
[2025-10-01 18:49:05.660] [info] 2.6.1 Removing Unfulfilling Subtrees: 0
[2025-10-01 18:49:05.660] [info] 2.6 Pre-checking and Reduction: 30
[2025-10-01 18:49:05.660] [info] node count before and after reduction 80 77
[2025-10-01 18:49:05.744] [info] runs 16043 | prob 0.5907872592407903 | low 0.5807874157962069 | high 0.6007871026853738
[2025-10-01 18:49:05.828] [info] runs 15916 | prob 0.6007790902236743 | low 0.5907792528331749 | high 0.6107789276141736
[2025-10-01 18:49:05.913] [info] runs 15975 | prob 0.5963067292644757 | low 0.5863070508038344 | high 0.606306407725117
[2025-10-01 18:49:05.997] [info] runs 15919 | prob 0.6006030529555877 | low 0.5906034189341346 | high 0.6106026869770408
[2025-10-01 18:49:06.082] [info] runs 16021 | prob 0.5925972161537981 | low 0.5825973808311085 | high 0.6025970514764878
[2025-10-01 18:49:06.165] [info] runs 15929 | prob 0.5998493314081236 | low 0.5898496890955858 | high 0.6098489737206614
[2025-10-01 18:49:06.248] [info] runs 15996 | prob 0.5945861465366341 | low 0.5845862191474045 | high 0.6045860739258637
[2025-10-01 18:49:06.332] [info] runs 15926 | prob 0.6000251161622504 | low 0.5900252640260565 | high 0.6100249682984443
[2025-10-01 18:49:06.416] [info] runs 16018 | prob 0.5928954925708578 | low 0.5828958668766241 | high 0.6028951182650916
[2025-10-01 18:49:06.499] [info] runs 15961 | prob 0.5973936470145981 | low 0.5873939596640952 | high 0.6073933343651009
[2025-10-01 18:49:06.583] [info] runs 16053 | prob 0.5899831807138852 | low 0.579983447639065 | high 0.5999829137887055
[2025-10-01 18:49:06.667] [info] runs 16019 | prob 0.5927960546850615 | low 0.582796358648234 | high 0.602795750721889
[2025-10-01 18:49:06.751] [info] runs 16035 | prob 0.5914561895852822 | low 0.5814563741436001 | high 0.6014560050269644
[2025-10-01 18:49:06.835] [info] runs 16002 | prob 0.5941132358455193 | low 0.5841133329165786 | high 0.60411313877446
[2025-10-01 18:49:06.918] [info] runs 16021 | prob 0.5925972161537981 | low 0.5825973808311085 | high 0.6025970514764878
[2025-10-01 18:49:07.001] [info] runs 15967 | prob 0.5969186447047035 | low 0.5869189181735082 | high 0.6069183712358988
[2025-10-01 18:49:07.085] [info] runs 15942 | prob 0.5987956341738803 | low 0.5887957125984904 | high 0.6087955557492701
[2025-10-01 18:49:07.169] [info] runs 15926 | prob 0.6000879065678765 | low 0.590088316211257 | high 0.6100874969244959
[2025-10-01 18:49:07.253] [info] runs 15939 | prob 0.5990338164251208 | low 0.5890339346233611 | high 0.6090336982268805
[2025-10-01 18:49:07.336] [info] runs 15889 | prob 0.6028069733778085 | low 0.5928072607922676 | high 0.6128066859633494
[2025-10-01 18:49:07.420] [info] runs 15909 | prob 0.601357722044126 | low 0.5913581240269405 | high 0.6113573200613114
[2025-10-01 18:49:07.504] [info] runs 15960 | prob 0.5974310776942355 | low 0.587431228676861 | high 0.60743092671161
[2025-10-01 18:49:07.587] [info] runs 16019 | prob 0.5927336288157813 | low 0.5827336928888598 | high 0.6027335647427028
[2025-10-01 18:49:07.670] [info] runs 15930 | prob 0.5997489014438167 | low 0.5897491554697498 | high 0.6097486474178835
[2025-10-01 18:49:07.753] [info] runs 15966 | prob 0.59695603156708 | low 0.5869561425124095 | high 0.6069559206217505
[2025-10-01 18:49:07.754] [info] RESULT:
training_time, simulation_time, prob, low, high, runs
51, 32, 0.5907872592407903, 0.5807874157962069, 0.6007871026853738, 16043
51, 32, 0.6007790902236743, 0.5907792528331749, 0.6107789276141736, 15916
51, 32, 0.5963067292644757, 0.5863070508038344, 0.606306407725117, 15975
52, 32, 0.6006030529555877, 0.5906034189341346, 0.6106026869770408, 15919
51, 32, 0.5925972161537981, 0.5825973808311085, 0.6025970514764878, 16021
51, 32, 0.5998493314081236, 0.5898496890955858, 0.6098489737206614, 15929
50, 31, 0.5945861465366341, 0.5845862191474045, 0.6045860739258637, 15996
51, 32, 0.6000251161622504, 0.5900252640260565, 0.6100249682984443, 15926
51, 32, 0.5928954925708578, 0.5828958668766241, 0.6028951182650916, 16018
51, 32, 0.5973936470145981, 0.5873939596640952, 0.6073933343651009, 15961
51, 32, 0.5899831807138852, 0.579983447639065, 0.5999829137887055, 16053
51, 32, 0.5927960546850615, 0.582796358648234, 0.602795750721889, 16019
51, 32, 0.5914561895852822, 0.5814563741436001, 0.6014560050269644, 16035
51, 32, 0.5941132358455193, 0.5841133329165786, 0.60411313877446, 16002
51, 31, 0.5925972161537981, 0.5825973808311085, 0.6025970514764878, 16021
51, 32, 0.5969186447047035, 0.5869189181735082, 0.6069183712358988, 15967
51, 32, 0.5987956341738803, 0.5887957125984904, 0.6087955557492701, 15942
51, 32, 0.6000879065678765, 0.590088316211257, 0.6100874969244959, 15926
51, 32, 0.5990338164251208, 0.5890339346233611, 0.6090336982268805, 15939
51, 31, 0.6028069733778085, 0.5928072607922676, 0.6128066859633494, 15889
51, 32, 0.601357722044126, 0.5913581240269405, 0.6113573200613114, 15909
51, 32, 0.5974310776942355, 0.587431228676861, 0.60743092671161, 15960
51, 31, 0.5927336288157813, 0.5827336928888598, 0.6027335647427028, 16019
51, 32, 0.5997489014438167, 0.5897491554697498, 0.6097486474178835, 15930
51, 32, 0.59695603156708, 0.5869561425124095, 0.6069559206217505, 15966
# timestamp 01.10.2025 18:49:04 (1759337344), datastructure reach_tree_reduced
# timebound 8, expirations {"r1": 0, "r2": 0}
# alpha 0.1, gamma 1
# fixed points 5, uniform granularity 1
# scheduler goal: MAXIMIZING, scope: PROPHETIC, history: MEMORYLESS
# training runs 20000

[2025-10-01 18:49:07.754] [info] 2.7 Simulating on reduced Reach Tree: 2094
[2025-10-01 18:49:07.757] [info] Analysis finished; the goal is not reachable.
[2025-10-01 18:49:07.757] [info] Probability: 0.0
[2025-10-01 18:49:07.757] [info] 2 Analysis: 3631
[2025-10-01 18:49:07.757] [info] 0 Computation Time Complete: 3631
[2025-10-01 18:49:07.757] [info] Counters and timers:
Counters:

Timers:
0 Computation Time Complete: 3631
1 Model creation: 0
2 Analysis: 3631
2.2 Reachability Analysis: 1503
2.3 Augment Reach Tree: 0
2.4 Creating Unified Datastructure from Reach Tree: 0
2.5 Simulating on full Reach Tree: 0
2.6 Pre-checking and Reduction: 30
2.6.0 Labeling Reach Tree Nodes: 30
2.6.1 Removing Unfulfilling Subtrees: 0
2.7 Simulating on reduced Reach Tree: 2094

timebound = 8, jump depth = 100, max expirations of random clocks = [{r1: 0}, {r2: 0}], combine absorbing locations in unrolling = 70, integration bound(s) = 8, integration samples = 500000, model = WATERTANK, model case = CASE_A, LTI analysis = rectangular analysis, scheduler = goal: MAXIMIZING, scope: PROPHETIC, history: HISTORY_DEPENDENT, multithreaded = 1, disableBackwardsRefinement = 0
simulating 0 runs after 1000000 training runs with parameters:
learning rate                 0.1
discount factor               1
exploration rate              0.15
uniform granularity           0.5
adaptive compartments         5


[2025-10-01 18:49:07.792] [warning] no flow specified for variable c1 in location all_off - assuming flow of 0
[2025-10-01 18:49:07.792] [warning] no flow specified for variable c1 in location v2_on - assuming flow of 0
[2025-10-01 18:49:07.792] [warning] no flow specified for variable c1 in location v1_block - assuming flow of 0
[2025-10-01 18:49:07.792] [warning] no flow specified for variable c1 in location v2_block - assuming flow of 0
[2025-10-01 18:49:07.792] [warning] no flow specified for variable c1 in location v1_block_v2_on - assuming flow of 0
[2025-10-01 18:49:07.792] [warning] no flow specified for variable c1 in location block_safe - assuming flow of 0
[2025-10-01 18:49:07.792] [warning] no flow specified for variable c1 in location block_unsafe - assuming flow of 0
[2025-10-01 18:49:07.792] [warning] no flow specified for variable c2 in location all_off - assuming flow of 0
[2025-10-01 18:49:07.792] [warning] no flow specified for variable c2 in location v1_on - assuming flow of 0
[2025-10-01 18:49:07.792] [warning] no flow specified for variable c2 in location v1_block - assuming flow of 0
[2025-10-01 18:49:07.792] [warning] no flow specified for variable c2 in location v2_block - assuming flow of 0
[2025-10-01 18:49:07.792] [warning] no flow specified for variable c2 in location v2_block_v1_on - assuming flow of 0
[2025-10-01 18:49:07.792] [warning] no flow specified for variable c2 in location block_safe - assuming flow of 0
[2025-10-01 18:49:07.792] [warning] no flow specified for variable c2 in location block_unsafe - assuming flow of 0
[2025-10-01 18:49:07.792] [warning] no constraints specified for variable c1 in initial constraint number 0 - assuming [0,0]
[2025-10-01 18:49:07.792] [warning] no constraints specified for variable c2 in initial constraint number 0 - assuming [0,0]
[2025-10-01 18:49:07.792] [info] 1 Model creation: 0
[2025-10-01 18:49:09.312] [info] 2.2 Reachability Analysis: 1520
[2025-10-01 18:49:09.313] [info] 2.3 Augment Reach Tree: 0
[2025-10-01 18:49:09.313] [info] 2.4 Creating Unified Datastructure from Reach Tree: 0
[2025-10-01 18:49:09.313] [info] 2.5 Simulating on full Reach Tree: 0
[2025-10-01 18:49:09.342] [info] 2.6.0 Labeling Reach Tree Nodes: 29
[2025-10-01 18:49:09.342] [info] 2.6.1 Removing Unfulfilling Subtrees: 0
[2025-10-01 18:49:09.342] [info] 2.6 Pre-checking and Reduction: 29
[2025-10-01 18:49:09.342] [info] node count before and after reduction 80 77
[2025-10-01 18:49:12.256] [info] runs 15893 | prob 0.6024664946831939 | low 0.5924665813589142 | high 0.6124664080074737
[2025-10-01 18:49:15.178] [info] runs 15898 | prob 0.6020883129953454 | low 0.5920883577004701 | high 0.6120882682902207
[2025-10-01 18:49:18.090] [info] runs 15891 | prob 0.6026681769555094 | low 0.5926684981680402 | high 0.6126678557429787
[2025-10-01 18:49:21.012] [info] runs 15938 | prob 0.5991341448111431 | low 0.5891343631930592 | high 0.609133926429227
[2025-10-01 18:49:23.949] [info] runs 15860 | prob 0.6049180327868853 | low 0.5949183519994502 | high 0.6149177135743203
[2025-10-01 18:49:26.878] [info] runs 15927 | prob 0.5999246562441137 | low 0.589924699581973 | high 0.6099246129062544
[2025-10-01 18:49:29.789] [info] runs 15848 | prob 0.6057546693589096 | low 0.5957548928949078 | high 0.6157544458229115
[2025-10-01 18:49:32.695] [info] runs 15847 | prob 0.6057928945541743 | low 0.5957929718909679 | high 0.6157928172173807
[2025-10-01 18:49:35.644] [info] runs 15826 | prob 0.6073549854669531 | low 0.5973554086241881 | high 0.6173545623097181
[2025-10-01 18:49:38.610] [info] runs 15781 | prob 0.6104175907737153 | low 0.6004177798487672 | high 0.6204174016986633
[2025-10-01 18:49:41.509] [info] runs 15853 | prob 0.6053743770895099 | low 0.595374497129922 | high 0.6153742570490979
[2025-10-01 18:49:44.425] [info] runs 15862 | prob 0.6047156726768377 | low 0.5947157349423192 | high 0.6147156104113561
[2025-10-01 18:49:47.369] [info] runs 15835 | prob 0.6066308809598989 | low 0.5966308990647771 | high 0.6166308628550208
[2025-10-01 18:49:50.314] [info] runs 15865 | prob 0.6045382918373778 | low 0.5945385233202631 | high 0.6145380603544925
[2025-10-01 18:49:53.252] [info] runs 15926 | prob 0.6000251161622504 | low 0.5900252640260565 | high 0.6100249682984443
[2025-10-01 18:49:56.194] [info] runs 15917 | prob 0.6006785198215744 | low 0.590678574216862 | high 0.6106784654262868
[2025-10-01 18:49:59.120] [info] runs 15855 | prob 0.6052349416587827 | low 0.5952350778657184 | high 0.6152348054518469
[2025-10-01 18:50:02.024] [info] runs 15898 | prob 0.6020883129953454 | low 0.5920883577004701 | high 0.6120882682902207
[2025-10-01 18:50:04.958] [info] runs 15855 | prob 0.6052980132450331 | low 0.5952984273345118 | high 0.6152975991555544
[2025-10-01 18:50:07.895] [info] runs 15927 | prob 0.5999246562441137 | low 0.589924699581973 | high 0.6099246129062544
[2025-10-01 18:50:10.814] [info] runs 15939 | prob 0.5990965556182948 | low 0.5890969325790645 | high 0.6090961786575251
[2025-10-01 18:50:13.752] [info] runs 15875 | prob 0.6038425196850393 | low 0.5938428704216844 | high 0.6138421689483943
[2025-10-01 18:50:16.677] [info] runs 15845 | prob 0.6059324708109813 | low 0.5959325358486784 | high 0.6159324057732842
[2025-10-01 18:50:19.594] [info] runs 15869 | prob 0.6042598777490705 | low 0.594260154063314 | high 0.614259601434827
[2025-10-01 18:50:22.579] [info] runs 15963 | prob 0.5971935099918562 | low 0.5871936395990552 | high 0.6071933803846571
[2025-10-01 18:50:22.582] [info] RESULT:
training_time, simulation_time, prob, low, high, runs
2879, 34, 0.6024664946831939, 0.5924665813589142, 0.6124664080074737, 15893
2884, 35, 0.6020883129953454, 0.5920883577004701, 0.6120882682902207, 15898
2874, 35, 0.6026681769555094, 0.5926684981680402, 0.6126678557429787, 15891
2884, 35, 0.5991341448111431, 0.5891343631930592, 0.609133926429227, 15938
2900, 34, 0.6049180327868853, 0.5949183519994502, 0.6149177135743203, 15860
2891, 35, 0.5999246562441137, 0.589924699581973, 0.6099246129062544, 15927
2874, 34, 0.6057546693589096, 0.5957548928949078, 0.6157544458229115, 15848
2869, 34, 0.6057928945541743, 0.5957929718909679, 0.6157928172173807, 15847
2912, 34, 0.6073549854669531, 0.5973554086241881, 0.6173545623097181, 15826
2928, 35, 0.6104175907737153, 0.6004177798487672, 0.6204174016986633, 15781
2862, 34, 0.6053743770895099, 0.595374497129922, 0.6153742570490979, 15853
2878, 35, 0.6047156726768377, 0.5947157349423192, 0.6147156104113561, 15862
2907, 35, 0.6066308809598989, 0.5966308990647771, 0.6166308628550208, 15835
2907, 35, 0.6045382918373778, 0.5945385233202631, 0.6145380603544925, 15865
2900, 34, 0.6000251161622504, 0.5900252640260565, 0.6100249682984443, 15926
2903, 36, 0.6006785198215744, 0.590678574216862, 0.6106784654262868, 15917
2889, 34, 0.6052349416587827, 0.5952350778657184, 0.6152348054518469, 15855
2867, 35, 0.6020883129953454, 0.5920883577004701, 0.6120882682902207, 15898
2897, 34, 0.6052980132450331, 0.5952984273345118, 0.6152975991555544, 15855
2899, 35, 0.5999246562441137, 0.589924699581973, 0.6099246129062544, 15927
2881, 35, 0.5990965556182948, 0.5890969325790645, 0.6090961786575251, 15939
2900, 35, 0.6038425196850393, 0.5938428704216844, 0.6138421689483943, 15875
2888, 35, 0.6059324708109813, 0.5959325358486784, 0.6159324057732842, 15845
2880, 34, 0.6042598777490705, 0.594260154063314, 0.614259601434827, 15869
2947, 35, 0.5971935099918562, 0.5871936395990552, 0.6071933803846571, 15963
# timestamp 01.10.2025 18:49:07 (1759337347), datastructure reach_tree_reduced
# timebound 8, expirations {"r1": 0, "r2": 0}
# alpha 0.1, gamma 1
# fixed points 5, uniform granularity 0.5
# scheduler goal: MAXIMIZING, scope: PROPHETIC, history: HISTORY_DEPENDENT
# training runs 1000000

[2025-10-01 18:50:22.582] [info] 2.7 Simulating on reduced Reach Tree: 73239
[2025-10-01 18:50:22.584] [info] Analysis finished; the goal is not reachable.
[2025-10-01 18:50:22.584] [info] Probability: 0.0
[2025-10-01 18:50:22.584] [info] 2 Analysis: 74791
[2025-10-01 18:50:22.584] [info] 0 Computation Time Complete: 74792
[2025-10-01 18:50:22.584] [info] Counters and timers:
Counters:

Timers:
0 Computation Time Complete: 74792
1 Model creation: 0
2 Analysis: 74791
2.2 Reachability Analysis: 1520
2.3 Augment Reach Tree: 0
2.4 Creating Unified Datastructure from Reach Tree: 0
2.5 Simulating on full Reach Tree: 0
2.6 Pre-checking and Reduction: 29
2.6.0 Labeling Reach Tree Nodes: 29
2.6.1 Removing Unfulfilling Subtrees: 0
2.7 Simulating on reduced Reach Tree: 73239

