timebound = 9, jump depth = 100, max expirations of random clocks = [{r1: 0}, {r2: 0}], combine absorbing locations in unrolling = 233, integration bound(s) = 9, integration samples = 500000, model = WATERTANK, model case = CASE_A, LTI analysis = rectangular analysis, scheduler = goal: MAXIMIZING, scope: PROPHETIC, history: HISTORY_DEPENDENT, multithreaded = 1, disableBackwardsRefinement = 0
simulating 0 runs after 5000 training runs with parameters:
learning rate                 0.1
discount factor               1
exploration rate              0.15
uniform granularity           1
adaptive compartments         5


[2025-10-01 18:50:22.620] [warning] no flow specified for variable c1 in location all_off - assuming flow of 0
[2025-10-01 18:50:22.620] [warning] no flow specified for variable c1 in location v2_on - assuming flow of 0
[2025-10-01 18:50:22.620] [warning] no flow specified for variable c1 in location v1_block - assuming flow of 0
[2025-10-01 18:50:22.620] [warning] no flow specified for variable c1 in location v2_block - assuming flow of 0
[2025-10-01 18:50:22.620] [warning] no flow specified for variable c1 in location v1_block_v2_on - assuming flow of 0
[2025-10-01 18:50:22.620] [warning] no flow specified for variable c1 in location block_safe - assuming flow of 0
[2025-10-01 18:50:22.620] [warning] no flow specified for variable c1 in location block_unsafe - assuming flow of 0
[2025-10-01 18:50:22.620] [warning] no flow specified for variable c2 in location all_off - assuming flow of 0
[2025-10-01 18:50:22.620] [warning] no flow specified for variable c2 in location v1_on - assuming flow of 0
[2025-10-01 18:50:22.620] [warning] no flow specified for variable c2 in location v1_block - assuming flow of 0
[2025-10-01 18:50:22.620] [warning] no flow specified for variable c2 in location v2_block - assuming flow of 0
[2025-10-01 18:50:22.620] [warning] no flow specified for variable c2 in location v2_block_v1_on - assuming flow of 0
[2025-10-01 18:50:22.620] [warning] no flow specified for variable c2 in location block_safe - assuming flow of 0
[2025-10-01 18:50:22.620] [warning] no flow specified for variable c2 in location block_unsafe - assuming flow of 0
[2025-10-01 18:50:22.620] [warning] no constraints specified for variable c1 in initial constraint number 0 - assuming [0,0]
[2025-10-01 18:50:22.620] [warning] no constraints specified for variable c2 in initial constraint number 0 - assuming [0,0]
[2025-10-01 18:50:22.620] [info] 1 Model creation: 0
[2025-10-01 18:50:25.583] [info] 2.2 Reachability Analysis: 2962
[2025-10-01 18:50:25.583] [info] 2.3 Augment Reach Tree: 0
[2025-10-01 18:50:25.583] [info] 2.4 Creating Unified Datastructure from Reach Tree: 0
[2025-10-01 18:50:25.583] [info] 2.5 Simulating on full Reach Tree: 0
[2025-10-01 18:50:25.629] [info] 2.6.0 Labeling Reach Tree Nodes: 45
[2025-10-01 18:50:25.629] [info] 2.6.1 Removing Unfulfilling Subtrees: 0
[2025-10-01 18:50:25.629] [info] 2.6 Pre-checking and Reduction: 45
[2025-10-01 18:50:25.629] [info] node count before and after reduction 153 151
[2025-10-01 18:50:25.676] [info] runs 15532 | prob 0.626255472572753 | low 0.6162555795076455 | high 0.6362553656378606
[2025-10-01 18:50:25.722] [info] runs 15559 | prob 0.6246545407802558 | low 0.6146547583236833 | high 0.6346543232368284
[2025-10-01 18:50:25.766] [info] runs 16254 | prob 0.5711209548418851 | low 0.5611210194946397 | high 0.5811208901891305
[2025-10-01 18:50:25.809] [info] runs 16312 | prob 0.564737616478666 | low 0.5547378195982656 | high 0.5747374133590665
[2025-10-01 18:50:25.855] [info] runs 15582 | prob 0.6232190989603389 | low 0.6132191202380837 | high 0.6332190776825941
[2025-10-01 18:50:25.902] [info] runs 15453 | prob 0.6308807351323368 | low 0.6208808169795883 | high 0.6408806532850853
[2025-10-01 18:50:25.949] [info] runs 15595 | prob 0.6224430907342097 | low 0.6124432241560415 | high 0.6324429573123779
[2025-10-01 18:50:25.996] [info] runs 15449 | prob 0.6311735387403715 | low 0.6211739739288157 | high 0.6411731035519274
[2025-10-01 18:50:26.043] [info] runs 15709 | prob 0.6152524030810363 | low 0.6052527206910142 | high 0.6252520854710585
[2025-10-01 18:50:26.089] [info] runs 15314 | prob 0.6386966174742066 | low 0.6286969660999805 | high 0.6486962688484327
[2025-10-01 18:50:26.135] [info] runs 15519 | prob 0.6270378246021007 | low 0.6170379798758008 | high 0.6370376693284006
[2025-10-01 18:50:26.178] [info] runs 16312 | prob 0.5647989210397254 | low 0.5547992856888476 | high 0.5747985563906032
[2025-10-01 18:50:26.225] [info] runs 15554 | prob 0.624983926964125 | low 0.6149842913061354 | high 0.6349835626221145
[2025-10-01 18:50:26.271] [info] runs 15477 | prob 0.6295147638431221 | low 0.6195149738279635 | high 0.6395145538582807
[2025-10-01 18:50:26.318] [info] runs 15609 | prob 0.621628547632776 | low 0.6116289396455205 | high 0.6316281556200315
[2025-10-01 18:50:26.365] [info] runs 15500 | prob 0.6281935483870967 | low 0.618193889020526 | high 0.6381932077536675
[2025-10-01 18:50:26.412] [info] runs 15493 | prob 0.628606467436907 | low 0.6186068199779715 | high 0.6386061148958424
[2025-10-01 18:50:26.458] [info] runs 15494 | prob 0.6285013553633665 | low 0.618501451864727 | high 0.6385012588620059
[2025-10-01 18:50:26.505] [info] runs 15574 | prob 0.6237318607936304 | low 0.6137320113648651 | high 0.6337317102223957
[2025-10-01 18:50:26.551] [info] runs 15473 | prob 0.6297421314547922 | low 0.6197423129163976 | high 0.6397419499931868
[2025-10-01 18:50:26.598] [info] runs 15555 | prob 0.6248794599807136 | low 0.61487958896668 | high 0.6348793309947471
[2025-10-01 18:50:26.645] [info] runs 15545 | prob 0.6254744290768736 | low 0.6154745208909668 | high 0.6354743372627804
[2025-10-01 18:50:26.691] [info] runs 15510 | prob 0.6275950999355254 | low 0.6175953894767601 | high 0.6375948103942908
[2025-10-01 18:50:26.738] [info] runs 15477 | prob 0.6295147638431221 | low 0.6195149738279635 | high 0.6395145538582807
[2025-10-01 18:50:26.784] [info] runs 15586 | prob 0.6229949955087899 | low 0.6129951253888014 | high 0.6329948656287784
[2025-10-01 18:50:26.785] [info] RESULT:
training_time, simulation_time, prob, low, high, runs
12, 33, 0.626255472572753, 0.6162555795076455, 0.6362553656378606, 15532
12, 33, 0.6246545407802558, 0.6146547583236833, 0.6346543232368284, 15559
12, 30, 0.5711209548418851, 0.5611210194946397, 0.5811208901891305, 16254
12, 30, 0.564737616478666, 0.5547378195982656, 0.5747374133590665, 16312
12, 33, 0.6232190989603389, 0.6132191202380837, 0.6332190776825941, 15582
12, 33, 0.6308807351323368, 0.6208808169795883, 0.6408806532850853, 15453
12, 34, 0.6224430907342097, 0.6124432241560415, 0.6324429573123779, 15595
12, 33, 0.6311735387403715, 0.6211739739288157, 0.6411731035519274, 15449
12, 34, 0.6152524030810363, 0.6052527206910142, 0.6252520854710585, 15709
12, 33, 0.6386966174742066, 0.6286969660999805, 0.6486962688484327, 15314
12, 33, 0.6270378246021007, 0.6170379798758008, 0.6370376693284006, 15519
12, 30, 0.5647989210397254, 0.5547992856888476, 0.5747985563906032, 16312
12, 33, 0.624983926964125, 0.6149842913061354, 0.6349835626221145, 15554
12, 33, 0.6295147638431221, 0.6195149738279635, 0.6395145538582807, 15477
12, 33, 0.621628547632776, 0.6116289396455205, 0.6316281556200315, 15609
12, 33, 0.6281935483870967, 0.618193889020526, 0.6381932077536675, 15500
12, 33, 0.628606467436907, 0.6186068199779715, 0.6386061148958424, 15493
12, 33, 0.6285013553633665, 0.618501451864727, 0.6385012588620059, 15494
12, 33, 0.6237318607936304, 0.6137320113648651, 0.6337317102223957, 15574
12, 33, 0.6297421314547922, 0.6197423129163976, 0.6397419499931868, 15473
12, 33, 0.6248794599807136, 0.61487958896668, 0.6348793309947471, 15555
12, 33, 0.6254744290768736, 0.6154745208909668, 0.6354743372627804, 15545
12, 33, 0.6275950999355254, 0.6175953894767601, 0.6375948103942908, 15510
12, 33, 0.6295147638431221, 0.6195149738279635, 0.6395145538582807, 15477
12, 33, 0.6229949955087899, 0.6129951253888014, 0.6329948656287784, 15586
# timestamp 01.10.2025 18:50:22 (1759337422), datastructure reach_tree_reduced
# timebound 9, expirations {"r1": 0, "r2": 0}
# alpha 0.1, gamma 1
# fixed points 5, uniform granularity 1
# scheduler goal: MAXIMIZING, scope: NONPROPHETIC, history: DISCRETE_HISTORY
# training runs 5000

[2025-10-01 18:50:26.829] [info] runs 15602 | prob 0.6220356364568645 | low 0.6120358947554324 | high 0.6320353781582967
[2025-10-01 18:50:26.869] [info] runs 16330 | prob 0.5626454378444581 | low 0.5526457372273252 | high 0.5726451384615909
[2025-10-01 18:50:26.913] [info] runs 15497 | prob 0.628315157772472 | low 0.6183151983935541 | high 0.63831511715139
[2025-10-01 18:50:26.954] [info] runs 16312 | prob 0.564737616478666 | low 0.5547378195982656 | high 0.5747374133590665
[2025-10-01 18:50:26.994] [info] runs 16335 | prob 0.5619834710743802 | low 0.5519836251133939 | high 0.5719833170353664
[2025-10-01 18:50:27.038] [info] runs 15511 | prob 0.6275546386435433 | low 0.6175550296920931 | high 0.6375542475949936
[2025-10-01 18:50:27.078] [info] runs 16264 | prob 0.5700319724545008 | low 0.5600319755652667 | high 0.5800319693437348
[2025-10-01 18:50:27.122] [info] runs 15566 | prob 0.6242451496852114 | low 0.6142454436849653 | high 0.6342448556854575
[2025-10-01 18:50:27.165] [info] runs 15525 | prob 0.6266666666666667 | low 0.6166667418340274 | high 0.636666591499306
[2025-10-01 18:50:27.209] [info] runs 15433 | prob 0.6320222898982699 | low 0.6220223443685949 | high 0.6420222354279449
[2025-10-01 18:50:27.252] [info] runs 15503 | prob 0.6280074824227568 | low 0.6180077703233919 | high 0.6380071945221217
[2025-10-01 18:50:27.296] [info] runs 15638 | prob 0.6197723494052948 | low 0.6097725059645619 | high 0.6297721928460277
[2025-10-01 18:50:27.340] [info] runs 15594 | prob 0.6225471335128896 | low 0.6125474886441252 | high 0.632546778381654
[2025-10-01 18:50:27.384] [info] runs 15653 | prob 0.6187951191464894 | low 0.6087951253150826 | high 0.6287951129778963
[2025-10-01 18:50:27.428] [info] runs 15609 | prob 0.621628547632776 | low 0.6116289396455205 | high 0.6316281556200315
[2025-10-01 18:50:27.471] [info] runs 15462 | prob 0.630384167636787 | low 0.6203843758876922 | high 0.6403839593858817
[2025-10-01 18:50:27.514] [info] runs 15446 | prob 0.6312961284474945 | low 0.6212962837473427 | high 0.6412959731476463
[2025-10-01 18:50:27.558] [info] runs 15554 | prob 0.624919634820625 | low 0.6149196564277122 | high 0.6349196132135377
[2025-10-01 18:50:27.602] [info] runs 15548 | prob 0.6253537432467199 | low 0.6153541538243529 | high 0.6353533326690869
[2025-10-01 18:50:27.645] [info] runs 15523 | prob 0.6268118276106422 | low 0.6168120450449897 | high 0.6368116101762948
[2025-10-01 18:50:27.689] [info] runs 15539 | prob 0.6258446489478088 | low 0.6158447968331869 | high 0.6358445010624306
[2025-10-01 18:50:27.733] [info] runs 15501 | prob 0.6280885104186826 | low 0.6180885973934792 | high 0.638088423443886
[2025-10-01 18:50:27.776] [info] runs 15475 | prob 0.6296607431340873 | low 0.619661118125539 | high 0.6396603681426355
[2025-10-01 18:50:27.820] [info] runs 15555 | prob 0.6248794599807136 | low 0.61487958896668 | high 0.6348793309947471
[2025-10-01 18:50:27.863] [info] runs 15591 | prob 0.6226669232249374 | low 0.6126669414292124 | high 0.6326669050206625
[2025-10-01 18:50:27.864] [info] RESULT:
training_time, simulation_time, prob, low, high, runs
11, 32, 0.6220356364568645, 0.6120358947554324, 0.6320353781582967, 15602
11, 28, 0.5626454378444581, 0.5526457372273252, 0.5726451384615909, 16330
11, 31, 0.628315157772472, 0.6183151983935541, 0.63831511715139, 15497
11, 28, 0.564737616478666, 0.5547378195982656, 0.5747374133590665, 16312
11, 28, 0.5619834710743802, 0.5519836251133939, 0.5719833170353664, 16335
11, 31, 0.6275546386435433, 0.6175550296920931, 0.6375542475949936, 15511
11, 28, 0.5700319724545008, 0.5600319755652667, 0.5800319693437348, 16264
11, 31, 0.6242451496852114, 0.6142454436849653, 0.6342448556854575, 15566
11, 31, 0.6266666666666667, 0.6166667418340274, 0.636666591499306, 15525
11, 31, 0.6320222898982699, 0.6220223443685949, 0.6420222354279449, 15433
11, 31, 0.6280074824227568, 0.6180077703233919, 0.6380071945221217, 15503
11, 32, 0.6197723494052948, 0.6097725059645619, 0.6297721928460277, 15638
11, 32, 0.6225471335128896, 0.6125474886441252, 0.632546778381654, 15594
11, 32, 0.6187951191464894, 0.6087951253150826, 0.6287951129778963, 15653
11, 31, 0.621628547632776, 0.6116289396455205, 0.6316281556200315, 15609
11, 31, 0.630384167636787, 0.6203843758876922, 0.6403839593858817, 15462
11, 31, 0.6312961284474945, 0.6212962837473427, 0.6412959731476463, 15446
11, 32, 0.624919634820625, 0.6149196564277122, 0.6349196132135377, 15554
11, 31, 0.6253537432467199, 0.6153541538243529, 0.6353533326690869, 15548
11, 32, 0.6268118276106422, 0.6168120450449897, 0.6368116101762948, 15523
11, 31, 0.6258446489478088, 0.6158447968331869, 0.6358445010624306, 15539
11, 31, 0.6280885104186826, 0.6180885973934792, 0.638088423443886, 15501
11, 31, 0.6296607431340873, 0.619661118125539, 0.6396603681426355, 15475
11, 32, 0.6248794599807136, 0.61487958896668, 0.6348793309947471, 15555
11, 32, 0.6226669232249374, 0.6126669414292124, 0.6326669050206625, 15591
# timestamp 01.10.2025 18:50:22 (1759337422), datastructure reach_tree_reduced
# timebound 9, expirations {"r1": 0, "r2": 0}
# alpha 0.1, gamma 1
# fixed points 5, uniform granularity 1
# scheduler goal: MAXIMIZING, scope: NONPROPHETIC, history: MEMORYLESS
# training runs 5000

[2025-10-01 18:50:27.864] [info] 2.7 Simulating on reduced Reach Tree: 2234
[2025-10-01 18:50:27.866] [info] Analysis finished; the goal is not reachable.
[2025-10-01 18:50:27.866] [info] Probability: 0.0
[2025-10-01 18:50:27.866] [info] 2 Analysis: 5246
[2025-10-01 18:50:27.866] [info] 0 Computation Time Complete: 5246
[2025-10-01 18:50:27.866] [info] Counters and timers:
Counters:

Timers:
0 Computation Time Complete: 5246
1 Model creation: 0
2 Analysis: 5246
2.2 Reachability Analysis: 2962
2.3 Augment Reach Tree: 0
2.4 Creating Unified Datastructure from Reach Tree: 0
2.5 Simulating on full Reach Tree: 0
2.6 Pre-checking and Reduction: 45
2.6.0 Labeling Reach Tree Nodes: 45
2.6.1 Removing Unfulfilling Subtrees: 0
2.7 Simulating on reduced Reach Tree: 2234

timebound = 9, jump depth = 100, max expirations of random clocks = [{r1: 0}, {r2: 0}], combine absorbing locations in unrolling = 180, integration bound(s) = 9, integration samples = 500000, model = WATERTANK, model case = CASE_A, LTI analysis = rectangular analysis, scheduler = goal: MAXIMIZING, scope: PROPHETIC, history: HISTORY_DEPENDENT, multithreaded = 1, disableBackwardsRefinement = 0
simulating 0 runs after 20000 training runs with parameters:
learning rate                 0.1
discount factor               1
exploration rate              0.15
uniform granularity           1
adaptive compartments         5


[2025-10-01 18:50:27.906] [warning] no flow specified for variable c1 in location all_off - assuming flow of 0
[2025-10-01 18:50:27.906] [warning] no flow specified for variable c1 in location v2_on - assuming flow of 0
[2025-10-01 18:50:27.906] [warning] no flow specified for variable c1 in location v1_block - assuming flow of 0
[2025-10-01 18:50:27.906] [warning] no flow specified for variable c1 in location v2_block - assuming flow of 0
[2025-10-01 18:50:27.906] [warning] no flow specified for variable c1 in location v1_block_v2_on - assuming flow of 0
[2025-10-01 18:50:27.906] [warning] no flow specified for variable c1 in location block_safe - assuming flow of 0
[2025-10-01 18:50:27.906] [warning] no flow specified for variable c1 in location block_unsafe - assuming flow of 0
[2025-10-01 18:50:27.906] [warning] no flow specified for variable c2 in location all_off - assuming flow of 0
[2025-10-01 18:50:27.906] [warning] no flow specified for variable c2 in location v1_on - assuming flow of 0
[2025-10-01 18:50:27.906] [warning] no flow specified for variable c2 in location v1_block - assuming flow of 0
[2025-10-01 18:50:27.906] [warning] no flow specified for variable c2 in location v2_block - assuming flow of 0
[2025-10-01 18:50:27.906] [warning] no flow specified for variable c2 in location v2_block_v1_on - assuming flow of 0
[2025-10-01 18:50:27.906] [warning] no flow specified for variable c2 in location block_safe - assuming flow of 0
[2025-10-01 18:50:27.906] [warning] no flow specified for variable c2 in location block_unsafe - assuming flow of 0
[2025-10-01 18:50:27.906] [warning] no constraints specified for variable c1 in initial constraint number 0 - assuming [0,0]
[2025-10-01 18:50:27.906] [warning] no constraints specified for variable c2 in initial constraint number 0 - assuming [0,0]
[2025-10-01 18:50:27.906] [info] 1 Model creation: 0
[2025-10-01 18:50:30.869] [info] 2.2 Reachability Analysis: 2962
[2025-10-01 18:50:30.869] [info] 2.3 Augment Reach Tree: 0
[2025-10-01 18:50:30.869] [info] 2.4 Creating Unified Datastructure from Reach Tree: 0
[2025-10-01 18:50:30.869] [info] 2.5 Simulating on full Reach Tree: 0
[2025-10-01 18:50:30.914] [info] 2.6.0 Labeling Reach Tree Nodes: 45
[2025-10-01 18:50:30.914] [info] 2.6.1 Removing Unfulfilling Subtrees: 0
[2025-10-01 18:50:30.914] [info] 2.6 Pre-checking and Reduction: 45
[2025-10-01 18:50:30.914] [info] node count before and after reduction 153 151
[2025-10-01 18:50:31.005] [info] runs 15312 | prob 0.6387800417972832 | low 0.6287802389720025 | high 0.6487798446225639
[2025-10-01 18:50:31.096] [info] runs 15026 | prob 0.6535338746173299 | low 0.6435341369310089 | high 0.6635336123036509
[2025-10-01 18:50:31.188] [info] runs 15103 | prob 0.6497384625571079 | low 0.6397389285771478 | high 0.659737996537068
[2025-10-01 18:50:31.279] [info] runs 15223 | prob 0.6434999671549629 | low 0.6334999720678712 | high 0.6534999622420546
[2025-10-01 18:50:31.371] [info] runs 15147 | prob 0.6474549415725886 | low 0.6374550650656967 | high 0.6574548180794806
[2025-10-01 18:50:31.462] [info] runs 15094 | prob 0.6501921293229098 | low 0.6401926052952014 | high 0.6601916533506182
[2025-10-01 18:50:31.553] [info] runs 15255 | prob 0.6418223533267781 | low 0.6318224359583727 | high 0.6518222706951834
[2025-10-01 18:50:31.645] [info] runs 15237 | prob 0.6427774496291921 | low 0.6327775446249969 | high 0.6527773546333874
[2025-10-01 18:50:31.737] [info] runs 15388 | prob 0.634585391213933 | low 0.6245855579703085 | high 0.6445852244575575
[2025-10-01 18:50:31.828] [info] runs 15197 | prob 0.6448641179180101 | low 0.63486415682325 | high 0.6548640790127702
[2025-10-01 18:50:31.920] [info] runs 15440 | prob 0.6316709844559586 | low 0.6216713150804783 | high 0.6416706538314388
[2025-10-01 18:50:32.012] [info] runs 15155 | prob 0.6470471791487957 | low 0.6370473129042656 | high 0.6570470453933258
[2025-10-01 18:50:32.104] [info] runs 15288 | prob 0.6401098901098901 | low 0.6301102873818303 | high 0.6501094928379498
[2025-10-01 18:50:32.195] [info] runs 15183 | prob 0.645590463017849 | low 0.63559050179891 | high 0.6555904242367879
[2025-10-01 18:50:32.287] [info] runs 15310 | prob 0.6389288047028087 | low 0.6289292440478971 | high 0.6489283653577202
[2025-10-01 18:50:32.378] [info] runs 15098 | prob 0.649953636243211 | low 0.639953863681262 | high 0.6599534088051601
[2025-10-01 18:50:32.469] [info] runs 15209 | prob 0.6442895653889145 | low 0.6342899250408487 | high 0.6542892057369802
[2025-10-01 18:50:32.560] [info] runs 15029 | prob 0.6534034200545612 | low 0.6434037964137196 | high 0.6634030436954028
[2025-10-01 18:50:32.652] [info] runs 15266 | prob 0.6412943796672343 | low 0.6312948162911118 | high 0.6512939430433569
[2025-10-01 18:50:32.743] [info] runs 15029 | prob 0.6534034200545612 | low 0.6434037964137196 | high 0.6634030436954028
[2025-10-01 18:50:32.836] [info] runs 15103 | prob 0.6497384625571079 | low 0.6397389285771478 | high 0.659737996537068
[2025-10-01 18:50:32.927] [info] runs 15089 | prob 0.6504075816820201 | low 0.6404078250694903 | high 0.6604073382945498
[2025-10-01 18:50:33.019] [info] runs 15272 | prob 0.640911471974856 | low 0.6309115251872723 | high 0.6509114187624396
[2025-10-01 18:50:33.111] [info] runs 15312 | prob 0.6387800417972832 | low 0.6287802389720025 | high 0.6487798446225639
[2025-10-01 18:50:33.202] [info] runs 15113 | prob 0.649176205915437 | low 0.6391762903112689 | high 0.6591761215196051
[2025-10-01 18:50:33.202] [info] RESULT:
training_time, simulation_time, prob, low, high, runs
57, 34, 0.6387800417972832, 0.6287802389720025, 0.6487798446225639, 15312
57, 33, 0.6535338746173299, 0.6435341369310089, 0.6635336123036509, 15026
56, 34, 0.6497384625571079, 0.6397389285771478, 0.659737996537068, 15103
56, 34, 0.6434999671549629, 0.6334999720678712, 0.6534999622420546, 15223
56, 34, 0.6474549415725886, 0.6374550650656967, 0.6574548180794806, 15147
57, 34, 0.6501921293229098, 0.6401926052952014, 0.6601916533506182, 15094
56, 34, 0.6418223533267781, 0.6318224359583727, 0.6518222706951834, 15255
57, 34, 0.6427774496291921, 0.6327775446249969, 0.6527773546333874, 15237
57, 34, 0.634585391213933, 0.6245855579703085, 0.6445852244575575, 15388
57, 34, 0.6448641179180101, 0.63486415682325, 0.6548640790127702, 15197
57, 34, 0.6316709844559586, 0.6216713150804783, 0.6416706538314388, 15440
57, 34, 0.6470471791487957, 0.6370473129042656, 0.6570470453933258, 15155
57, 34, 0.6401098901098901, 0.6301102873818303, 0.6501094928379498, 15288
56, 34, 0.645590463017849, 0.63559050179891, 0.6555904242367879, 15183
56, 34, 0.6389288047028087, 0.6289292440478971, 0.6489283653577202, 15310
57, 34, 0.649953636243211, 0.639953863681262, 0.6599534088051601, 15098
56, 34, 0.6442895653889145, 0.6342899250408487, 0.6542892057369802, 15209
57, 33, 0.6534034200545612, 0.6434037964137196, 0.6634030436954028, 15029
57, 34, 0.6412943796672343, 0.6312948162911118, 0.6512939430433569, 15266
57, 33, 0.6534034200545612, 0.6434037964137196, 0.6634030436954028, 15029
57, 34, 0.6497384625571079, 0.6397389285771478, 0.659737996537068, 15103
57, 34, 0.6504075816820201, 0.6404078250694903, 0.6604073382945498, 15089
57, 34, 0.640911471974856, 0.6309115251872723, 0.6509114187624396, 15272
57, 34, 0.6387800417972832, 0.6287802389720025, 0.6487798446225639, 15312
57, 33, 0.649176205915437, 0.6391762903112689, 0.6591761215196051, 15113
# timestamp 01.10.2025 18:50:27 (1759337427), datastructure reach_tree_reduced
# timebound 9, expirations {"r1": 0, "r2": 0}
# alpha 0.1, gamma 1
# fixed points 5, uniform granularity 1
# scheduler goal: MAXIMIZING, scope: PROPHETIC, history: MEMORYLESS
# training runs 20000

[2025-10-01 18:50:33.202] [info] 2.7 Simulating on reduced Reach Tree: 2288
[2025-10-01 18:50:33.204] [info] Analysis finished; the goal is not reachable.
[2025-10-01 18:50:33.204] [info] Probability: 0.0
[2025-10-01 18:50:33.204] [info] 2 Analysis: 5298
[2025-10-01 18:50:33.204] [info] 0 Computation Time Complete: 5298
[2025-10-01 18:50:33.204] [info] Counters and timers:
Counters:

Timers:
0 Computation Time Complete: 5298
1 Model creation: 0
2 Analysis: 5298
2.2 Reachability Analysis: 2962
2.3 Augment Reach Tree: 0
2.4 Creating Unified Datastructure from Reach Tree: 0
2.5 Simulating on full Reach Tree: 0
2.6 Pre-checking and Reduction: 45
2.6.0 Labeling Reach Tree Nodes: 45
2.6.1 Removing Unfulfilling Subtrees: 0
2.7 Simulating on reduced Reach Tree: 2288

timebound = 9, jump depth = 100, max expirations of random clocks = [{r1: 0}, {r2: 0}], combine absorbing locations in unrolling = 148, integration bound(s) = 9, integration samples = 500000, model = WATERTANK, model case = CASE_A, LTI analysis = rectangular analysis, scheduler = goal: MAXIMIZING, scope: PROPHETIC, history: HISTORY_DEPENDENT, multithreaded = 1, disableBackwardsRefinement = 0
simulating 0 runs after 1000000 training runs with parameters:
learning rate                 0.1
discount factor               1
exploration rate              0.15
uniform granularity           0.5
adaptive compartments         5


[2025-10-01 18:50:33.241] [warning] no flow specified for variable c1 in location all_off - assuming flow of 0
[2025-10-01 18:50:33.241] [warning] no flow specified for variable c1 in location v2_on - assuming flow of 0
[2025-10-01 18:50:33.241] [warning] no flow specified for variable c1 in location v1_block - assuming flow of 0
[2025-10-01 18:50:33.241] [warning] no flow specified for variable c1 in location v2_block - assuming flow of 0
[2025-10-01 18:50:33.241] [warning] no flow specified for variable c1 in location v1_block_v2_on - assuming flow of 0
[2025-10-01 18:50:33.241] [warning] no flow specified for variable c1 in location block_safe - assuming flow of 0
[2025-10-01 18:50:33.241] [warning] no flow specified for variable c1 in location block_unsafe - assuming flow of 0
[2025-10-01 18:50:33.241] [warning] no flow specified for variable c2 in location all_off - assuming flow of 0
[2025-10-01 18:50:33.241] [warning] no flow specified for variable c2 in location v1_on - assuming flow of 0
[2025-10-01 18:50:33.241] [warning] no flow specified for variable c2 in location v1_block - assuming flow of 0
[2025-10-01 18:50:33.241] [warning] no flow specified for variable c2 in location v2_block - assuming flow of 0
[2025-10-01 18:50:33.241] [warning] no flow specified for variable c2 in location v2_block_v1_on - assuming flow of 0
[2025-10-01 18:50:33.241] [warning] no flow specified for variable c2 in location block_safe - assuming flow of 0
[2025-10-01 18:50:33.241] [warning] no flow specified for variable c2 in location block_unsafe - assuming flow of 0
[2025-10-01 18:50:33.242] [warning] no constraints specified for variable c1 in initial constraint number 0 - assuming [0,0]
[2025-10-01 18:50:33.242] [warning] no constraints specified for variable c2 in initial constraint number 0 - assuming [0,0]
[2025-10-01 18:50:33.242] [info] 1 Model creation: 0
[2025-10-01 18:50:36.249] [info] 2.2 Reachability Analysis: 3007
[2025-10-01 18:50:36.249] [info] 2.3 Augment Reach Tree: 0
[2025-10-01 18:50:36.249] [info] 2.4 Creating Unified Datastructure from Reach Tree: 0
[2025-10-01 18:50:36.249] [info] 2.5 Simulating on full Reach Tree: 0
[2025-10-01 18:50:36.294] [info] 2.6.0 Labeling Reach Tree Nodes: 44
[2025-10-01 18:50:36.294] [info] 2.6.1 Removing Unfulfilling Subtrees: 0
[2025-10-01 18:50:36.294] [info] 2.6 Pre-checking and Reduction: 44
[2025-10-01 18:50:36.294] [info] node count before and after reduction 153 151
[2025-10-01 18:50:39.471] [info] runs 15067 | prob 0.6514900112829363 | low 0.6414901503515436 | high 0.661489872214329
[2025-10-01 18:50:42.669] [info] runs 15137 | prob 0.6479487348880227 | low 0.6379487525947797 | high 0.6579487171812658
[2025-10-01 18:50:45.851] [info] runs 15092 | prob 0.650278293135436 | low 0.6402786757335122 | high 0.6602779105373597
[2025-10-01 18:50:49.039] [info] runs 15184 | prob 0.6455479452054794 | low 0.6355480427916652 | high 0.6555478476192936
[2025-10-01 18:50:52.227] [info] runs 15098 | prob 0.649953636243211 | low 0.639953863681262 | high 0.6599534088051601
[2025-10-01 18:50:55.411] [info] runs 15131 | prob 0.6482717599629899 | low 0.6382718931860644 | high 0.6582716267399155
[2025-10-01 18:50:58.599] [info] runs 15112 | prob 0.649219163578613 | low 0.6392191985482141 | high 0.6592191286090119
[2025-10-01 18:51:01.783] [info] runs 14966 | prob 0.6564212214352533 | low 0.646421279911321 | high 0.6664211629591855
[2025-10-01 18:51:04.986] [info] runs 15032 | prob 0.6532064928153273 | low 0.643206534249652 | high 0.6632064513810025
[2025-10-01 18:51:08.186] [info] runs 15136 | prob 0.6480576109936576 | low 0.6380580048255685 | high 0.6580572171617466
[2025-10-01 18:51:11.406] [info] runs 14925 | prob 0.6584254606365159 | low 0.6484258119454624 | high 0.6684251093275693
[2025-10-01 18:51:14.614] [info] runs 15007 | prob 0.6544279336309722 | low 0.6444279532808088 | high 0.6644279139811355
[2025-10-01 18:51:17.812] [info] runs 15168 | prob 0.646426687763713 | low 0.6364271234912731 | high 0.656426252036153
[2025-10-01 18:51:21.000] [info] runs 15129 | prob 0.648357459184348 | low 0.6383574889386742 | high 0.6583574294300217
[2025-10-01 18:51:24.188] [info] runs 15059 | prob 0.6519025167673816 | low 0.6419027570956146 | high 0.6619022764391487
[2025-10-01 18:51:27.372] [info] runs 15111 | prob 0.6493283038845874 | low 0.6393287234103358 | high 0.659327884358839
[2025-10-01 18:51:30.566] [info] runs 15120 | prob 0.6488095238095238 | low 0.6388095252792476 | high 0.6588095223398001
[2025-10-01 18:51:33.753] [info] runs 15107 | prob 0.6495002316806778 | low 0.6395004557919509 | high 0.6595000075694047
[2025-10-01 18:51:36.956] [info] runs 15133 | prob 0.6481860833939074 | low 0.6381863205287025 | high 0.6581858462591123
[2025-10-01 18:51:40.160] [info] runs 15084 | prob 0.6506231768761602 | low 0.6406231905185964 | high 0.660623163233724
[2025-10-01 18:51:43.348] [info] runs 15187 | prob 0.645420425363798 | low 0.6354207000083786 | high 0.6554201507192173
[2025-10-01 18:51:46.548] [info] runs 15119 | prob 0.6489185792711158 | low 0.6389189625730932 | high 0.6589181959691385
[2025-10-01 18:51:49.752] [info] runs 14912 | prob 0.6589994635193133 | low 0.6489995101965574 | high 0.6689994168420691
[2025-10-01 18:51:52.951] [info] runs 15103 | prob 0.6496722505462491 | low 0.6396722810409832 | high 0.659672220051515
[2025-10-01 18:51:56.152] [info] runs 15149 | prob 0.6473694633309129 | low 0.6373696949729918 | high 0.6573692316888341
[2025-10-01 18:51:56.157] [info] RESULT:
training_time, simulation_time, prob, low, high, runs
3140, 35, 0.6514900112829363, 0.6414901503515436, 0.661489872214329, 15067
3158, 36, 0.6479487348880227, 0.6379487525947797, 0.6579487171812658, 15137
3140, 36, 0.650278293135436, 0.6402786757335122, 0.6602779105373597, 15092
3146, 36, 0.6455479452054794, 0.6355480427916652, 0.6555478476192936, 15184
3147, 35, 0.649953636243211, 0.639953863681262, 0.6599534088051601, 15098
3143, 35, 0.6482717599629899, 0.6382718931860644, 0.6582716267399155, 15131
3147, 35, 0.649219163578613, 0.6392191985482141, 0.6592191286090119, 15112
3143, 35, 0.6564212214352533, 0.646421279911321, 0.6664211629591855, 14966
3161, 35, 0.6532064928153273, 0.643206534249652, 0.6632064513810025, 15032
3159, 36, 0.6480576109936576, 0.6380580048255685, 0.6580572171617466, 15136
3179, 35, 0.6584254606365159, 0.6484258119454624, 0.6684251093275693, 14925
3166, 36, 0.6544279336309722, 0.6444279532808088, 0.6644279139811355, 15007
3156, 36, 0.646426687763713, 0.6364271234912731, 0.656426252036153, 15168
3147, 36, 0.648357459184348, 0.6383574889386742, 0.6583574294300217, 15129
3147, 35, 0.6519025167673816, 0.6419027570956146, 0.6619022764391487, 15059
3142, 36, 0.6493283038845874, 0.6393287234103358, 0.659327884358839, 15111
3153, 36, 0.6488095238095238, 0.6388095252792476, 0.6588095223398001, 15120
3145, 36, 0.6495002316806778, 0.6395004557919509, 0.6595000075694047, 15107
3161, 36, 0.6481860833939074, 0.6381863205287025, 0.6581858462591123, 15133
3162, 36, 0.6506231768761602, 0.6406231905185964, 0.660623163233724, 15084
3146, 36, 0.645420425363798, 0.6354207000083786, 0.6554201507192173, 15187
3158, 36, 0.6489185792711158, 0.6389189625730932, 0.6589181959691385, 15119
3163, 35, 0.6589994635193133, 0.6489995101965574, 0.6689994168420691, 14912
3158, 36, 0.6496722505462491, 0.6396722810409832, 0.659672220051515, 15103
3160, 36, 0.6473694633309129, 0.6373696949729918, 0.6573692316888341, 15149
# timestamp 01.10.2025 18:50:33 (1759337433), datastructure reach_tree_reduced
# timebound 9, expirations {"r1": 0, "r2": 0}
# alpha 0.1, gamma 1
# fixed points 5, uniform granularity 0.5
# scheduler goal: MAXIMIZING, scope: PROPHETIC, history: HISTORY_DEPENDENT
# training runs 1000000

[2025-10-01 18:51:56.157] [info] 2.7 Simulating on reduced Reach Tree: 79863
[2025-10-01 18:51:56.159] [info] Analysis finished; the goal is not reachable.
[2025-10-01 18:51:56.159] [info] Probability: 0.0
[2025-10-01 18:51:56.159] [info] 2 Analysis: 82917
[2025-10-01 18:51:56.159] [info] 0 Computation Time Complete: 82917
[2025-10-01 18:51:56.159] [info] Counters and timers:
Counters:

Timers:
0 Computation Time Complete: 82917
1 Model creation: 0
2 Analysis: 82917
2.2 Reachability Analysis: 3007
2.3 Augment Reach Tree: 0
2.4 Creating Unified Datastructure from Reach Tree: 0
2.5 Simulating on full Reach Tree: 0
2.6 Pre-checking and Reduction: 44
2.6.0 Labeling Reach Tree Nodes: 44
2.6.1 Removing Unfulfilling Subtrees: 0
2.7 Simulating on reduced Reach Tree: 79863

